[2024-07-06T14:10:39.745+0000] {processor.py:157} INFO - Started process (PID=32) to work on /opt/airflow/dags/python_scripts/config.py
[2024-07-06T14:10:39.748+0000] {processor.py:826} INFO - Processing file /opt/airflow/dags/python_scripts/config.py for tasks to queue
[2024-07-06T14:10:39.752+0000] {logging_mixin.py:150} INFO - [2024-07-06T14:10:39.751+0000] {dagbag.py:541} INFO - Filling up the DagBag from /opt/airflow/dags/python_scripts/config.py
[2024-07-06T14:10:39.794+0000] {processor.py:838} WARNING - No viable dags retrieved from /opt/airflow/dags/python_scripts/config.py
[2024-07-06T14:10:39.831+0000] {processor.py:179} INFO - Processing /opt/airflow/dags/python_scripts/config.py took 0.094 seconds
[2024-07-06T14:11:09.959+0000] {processor.py:157} INFO - Started process (PID=94) to work on /opt/airflow/dags/python_scripts/config.py
[2024-07-06T14:11:09.963+0000] {processor.py:826} INFO - Processing file /opt/airflow/dags/python_scripts/config.py for tasks to queue
[2024-07-06T14:11:09.968+0000] {logging_mixin.py:150} INFO - [2024-07-06T14:11:09.967+0000] {dagbag.py:541} INFO - Filling up the DagBag from /opt/airflow/dags/python_scripts/config.py
[2024-07-06T14:11:09.992+0000] {processor.py:838} WARNING - No viable dags retrieved from /opt/airflow/dags/python_scripts/config.py
[2024-07-06T14:11:10.057+0000] {processor.py:179} INFO - Processing /opt/airflow/dags/python_scripts/config.py took 0.105 seconds
[2024-07-06T14:11:40.974+0000] {processor.py:157} INFO - Started process (PID=157) to work on /opt/airflow/dags/python_scripts/config.py
[2024-07-06T14:11:40.976+0000] {processor.py:826} INFO - Processing file /opt/airflow/dags/python_scripts/config.py for tasks to queue
[2024-07-06T14:11:40.978+0000] {logging_mixin.py:150} INFO - [2024-07-06T14:11:40.977+0000] {dagbag.py:541} INFO - Filling up the DagBag from /opt/airflow/dags/python_scripts/config.py
[2024-07-06T14:11:40.987+0000] {processor.py:838} WARNING - No viable dags retrieved from /opt/airflow/dags/python_scripts/config.py
[2024-07-06T14:11:41.021+0000] {processor.py:179} INFO - Processing /opt/airflow/dags/python_scripts/config.py took 0.053 seconds
[2024-07-06T14:12:11.547+0000] {processor.py:157} INFO - Started process (PID=220) to work on /opt/airflow/dags/python_scripts/config.py
[2024-07-06T14:12:11.550+0000] {processor.py:826} INFO - Processing file /opt/airflow/dags/python_scripts/config.py for tasks to queue
[2024-07-06T14:12:11.552+0000] {logging_mixin.py:150} INFO - [2024-07-06T14:12:11.551+0000] {dagbag.py:541} INFO - Filling up the DagBag from /opt/airflow/dags/python_scripts/config.py
[2024-07-06T14:12:11.561+0000] {processor.py:838} WARNING - No viable dags retrieved from /opt/airflow/dags/python_scripts/config.py
[2024-07-06T14:12:11.591+0000] {processor.py:179} INFO - Processing /opt/airflow/dags/python_scripts/config.py took 0.050 seconds
[2024-07-06T14:12:42.014+0000] {processor.py:157} INFO - Started process (PID=283) to work on /opt/airflow/dags/python_scripts/config.py
[2024-07-06T14:12:42.017+0000] {processor.py:826} INFO - Processing file /opt/airflow/dags/python_scripts/config.py for tasks to queue
[2024-07-06T14:12:42.022+0000] {logging_mixin.py:150} INFO - [2024-07-06T14:12:42.020+0000] {dagbag.py:541} INFO - Filling up the DagBag from /opt/airflow/dags/python_scripts/config.py
[2024-07-06T14:12:42.040+0000] {processor.py:838} WARNING - No viable dags retrieved from /opt/airflow/dags/python_scripts/config.py
[2024-07-06T14:12:42.067+0000] {processor.py:179} INFO - Processing /opt/airflow/dags/python_scripts/config.py took 0.060 seconds
[2024-07-06T14:13:12.285+0000] {processor.py:157} INFO - Started process (PID=346) to work on /opt/airflow/dags/python_scripts/config.py
[2024-07-06T14:13:12.288+0000] {processor.py:826} INFO - Processing file /opt/airflow/dags/python_scripts/config.py for tasks to queue
[2024-07-06T14:13:12.290+0000] {logging_mixin.py:150} INFO - [2024-07-06T14:13:12.289+0000] {dagbag.py:541} INFO - Filling up the DagBag from /opt/airflow/dags/python_scripts/config.py
[2024-07-06T14:13:12.298+0000] {processor.py:838} WARNING - No viable dags retrieved from /opt/airflow/dags/python_scripts/config.py
[2024-07-06T14:13:12.319+0000] {processor.py:179} INFO - Processing /opt/airflow/dags/python_scripts/config.py took 0.041 seconds
[2024-07-06T14:13:42.611+0000] {processor.py:157} INFO - Started process (PID=410) to work on /opt/airflow/dags/python_scripts/config.py
[2024-07-06T14:13:42.613+0000] {processor.py:826} INFO - Processing file /opt/airflow/dags/python_scripts/config.py for tasks to queue
[2024-07-06T14:13:42.615+0000] {logging_mixin.py:150} INFO - [2024-07-06T14:13:42.615+0000] {dagbag.py:541} INFO - Filling up the DagBag from /opt/airflow/dags/python_scripts/config.py
[2024-07-06T14:13:42.623+0000] {processor.py:838} WARNING - No viable dags retrieved from /opt/airflow/dags/python_scripts/config.py
[2024-07-06T14:13:42.642+0000] {processor.py:179} INFO - Processing /opt/airflow/dags/python_scripts/config.py took 0.037 seconds
[2024-07-06T14:14:12.924+0000] {processor.py:157} INFO - Started process (PID=473) to work on /opt/airflow/dags/python_scripts/config.py
[2024-07-06T14:14:12.926+0000] {processor.py:826} INFO - Processing file /opt/airflow/dags/python_scripts/config.py for tasks to queue
[2024-07-06T14:14:12.927+0000] {logging_mixin.py:150} INFO - [2024-07-06T14:14:12.927+0000] {dagbag.py:541} INFO - Filling up the DagBag from /opt/airflow/dags/python_scripts/config.py
[2024-07-06T14:14:12.936+0000] {processor.py:838} WARNING - No viable dags retrieved from /opt/airflow/dags/python_scripts/config.py
[2024-07-06T14:14:12.978+0000] {processor.py:179} INFO - Processing /opt/airflow/dags/python_scripts/config.py took 0.060 seconds
[2024-07-06T14:14:43.375+0000] {processor.py:157} INFO - Started process (PID=537) to work on /opt/airflow/dags/python_scripts/config.py
[2024-07-06T14:14:43.380+0000] {processor.py:826} INFO - Processing file /opt/airflow/dags/python_scripts/config.py for tasks to queue
[2024-07-06T14:14:43.383+0000] {logging_mixin.py:150} INFO - [2024-07-06T14:14:43.383+0000] {dagbag.py:541} INFO - Filling up the DagBag from /opt/airflow/dags/python_scripts/config.py
[2024-07-06T14:14:43.397+0000] {processor.py:838} WARNING - No viable dags retrieved from /opt/airflow/dags/python_scripts/config.py
[2024-07-06T14:14:43.466+0000] {processor.py:179} INFO - Processing /opt/airflow/dags/python_scripts/config.py took 0.103 seconds
[2024-07-06T14:15:13.825+0000] {processor.py:157} INFO - Started process (PID=600) to work on /opt/airflow/dags/python_scripts/config.py
[2024-07-06T14:15:13.828+0000] {processor.py:826} INFO - Processing file /opt/airflow/dags/python_scripts/config.py for tasks to queue
[2024-07-06T14:15:13.830+0000] {logging_mixin.py:150} INFO - [2024-07-06T14:15:13.829+0000] {dagbag.py:541} INFO - Filling up the DagBag from /opt/airflow/dags/python_scripts/config.py
[2024-07-06T14:15:13.839+0000] {processor.py:838} WARNING - No viable dags retrieved from /opt/airflow/dags/python_scripts/config.py
[2024-07-06T14:15:13.883+0000] {processor.py:179} INFO - Processing /opt/airflow/dags/python_scripts/config.py took 0.071 seconds
[2024-07-06T14:15:44.281+0000] {processor.py:157} INFO - Started process (PID=662) to work on /opt/airflow/dags/python_scripts/config.py
[2024-07-06T14:15:44.284+0000] {processor.py:826} INFO - Processing file /opt/airflow/dags/python_scripts/config.py for tasks to queue
[2024-07-06T14:15:44.287+0000] {logging_mixin.py:150} INFO - [2024-07-06T14:15:44.286+0000] {dagbag.py:541} INFO - Filling up the DagBag from /opt/airflow/dags/python_scripts/config.py
[2024-07-06T14:15:44.296+0000] {processor.py:838} WARNING - No viable dags retrieved from /opt/airflow/dags/python_scripts/config.py
[2024-07-06T14:15:44.326+0000] {processor.py:179} INFO - Processing /opt/airflow/dags/python_scripts/config.py took 0.057 seconds
[2024-07-06T14:16:14.709+0000] {processor.py:157} INFO - Started process (PID=725) to work on /opt/airflow/dags/python_scripts/config.py
[2024-07-06T14:16:14.714+0000] {processor.py:826} INFO - Processing file /opt/airflow/dags/python_scripts/config.py for tasks to queue
[2024-07-06T14:16:14.716+0000] {logging_mixin.py:150} INFO - [2024-07-06T14:16:14.716+0000] {dagbag.py:541} INFO - Filling up the DagBag from /opt/airflow/dags/python_scripts/config.py
[2024-07-06T14:16:14.726+0000] {processor.py:838} WARNING - No viable dags retrieved from /opt/airflow/dags/python_scripts/config.py
[2024-07-06T14:16:14.769+0000] {processor.py:179} INFO - Processing /opt/airflow/dags/python_scripts/config.py took 0.065 seconds
[2024-07-06T14:16:45.295+0000] {processor.py:157} INFO - Started process (PID=788) to work on /opt/airflow/dags/python_scripts/config.py
[2024-07-06T14:16:45.298+0000] {processor.py:826} INFO - Processing file /opt/airflow/dags/python_scripts/config.py for tasks to queue
[2024-07-06T14:16:45.300+0000] {logging_mixin.py:150} INFO - [2024-07-06T14:16:45.299+0000] {dagbag.py:541} INFO - Filling up the DagBag from /opt/airflow/dags/python_scripts/config.py
[2024-07-06T14:16:45.309+0000] {processor.py:838} WARNING - No viable dags retrieved from /opt/airflow/dags/python_scripts/config.py
[2024-07-06T14:16:45.330+0000] {processor.py:179} INFO - Processing /opt/airflow/dags/python_scripts/config.py took 0.042 seconds
[2024-07-06T14:17:15.520+0000] {processor.py:157} INFO - Started process (PID=851) to work on /opt/airflow/dags/python_scripts/config.py
[2024-07-06T14:17:15.522+0000] {processor.py:826} INFO - Processing file /opt/airflow/dags/python_scripts/config.py for tasks to queue
[2024-07-06T14:17:15.525+0000] {logging_mixin.py:150} INFO - [2024-07-06T14:17:15.524+0000] {dagbag.py:541} INFO - Filling up the DagBag from /opt/airflow/dags/python_scripts/config.py
[2024-07-06T14:17:15.533+0000] {processor.py:838} WARNING - No viable dags retrieved from /opt/airflow/dags/python_scripts/config.py
[2024-07-06T14:17:15.554+0000] {processor.py:179} INFO - Processing /opt/airflow/dags/python_scripts/config.py took 0.041 seconds
[2024-07-06T14:17:45.937+0000] {processor.py:157} INFO - Started process (PID=913) to work on /opt/airflow/dags/python_scripts/config.py
[2024-07-06T14:17:45.940+0000] {processor.py:826} INFO - Processing file /opt/airflow/dags/python_scripts/config.py for tasks to queue
[2024-07-06T14:17:45.942+0000] {logging_mixin.py:150} INFO - [2024-07-06T14:17:45.941+0000] {dagbag.py:541} INFO - Filling up the DagBag from /opt/airflow/dags/python_scripts/config.py
[2024-07-06T14:17:45.950+0000] {processor.py:838} WARNING - No viable dags retrieved from /opt/airflow/dags/python_scripts/config.py
[2024-07-06T14:17:45.968+0000] {processor.py:179} INFO - Processing /opt/airflow/dags/python_scripts/config.py took 0.037 seconds
[2024-07-06T14:18:16.287+0000] {processor.py:157} INFO - Started process (PID=976) to work on /opt/airflow/dags/python_scripts/config.py
[2024-07-06T14:18:16.290+0000] {processor.py:826} INFO - Processing file /opt/airflow/dags/python_scripts/config.py for tasks to queue
[2024-07-06T14:18:16.292+0000] {logging_mixin.py:150} INFO - [2024-07-06T14:18:16.291+0000] {dagbag.py:541} INFO - Filling up the DagBag from /opt/airflow/dags/python_scripts/config.py
[2024-07-06T14:18:16.299+0000] {processor.py:838} WARNING - No viable dags retrieved from /opt/airflow/dags/python_scripts/config.py
[2024-07-06T14:18:16.325+0000] {processor.py:179} INFO - Processing /opt/airflow/dags/python_scripts/config.py took 0.043 seconds
[2024-07-06T14:18:46.564+0000] {processor.py:157} INFO - Started process (PID=1039) to work on /opt/airflow/dags/python_scripts/config.py
[2024-07-06T14:18:46.567+0000] {processor.py:826} INFO - Processing file /opt/airflow/dags/python_scripts/config.py for tasks to queue
[2024-07-06T14:18:46.570+0000] {logging_mixin.py:150} INFO - [2024-07-06T14:18:46.569+0000] {dagbag.py:541} INFO - Filling up the DagBag from /opt/airflow/dags/python_scripts/config.py
[2024-07-06T14:18:46.578+0000] {processor.py:838} WARNING - No viable dags retrieved from /opt/airflow/dags/python_scripts/config.py
[2024-07-06T14:18:46.601+0000] {processor.py:179} INFO - Processing /opt/airflow/dags/python_scripts/config.py took 0.044 seconds
[2024-07-06T14:19:17.013+0000] {processor.py:157} INFO - Started process (PID=1102) to work on /opt/airflow/dags/python_scripts/config.py
[2024-07-06T14:19:17.018+0000] {processor.py:826} INFO - Processing file /opt/airflow/dags/python_scripts/config.py for tasks to queue
[2024-07-06T14:19:17.021+0000] {logging_mixin.py:150} INFO - [2024-07-06T14:19:17.020+0000] {dagbag.py:541} INFO - Filling up the DagBag from /opt/airflow/dags/python_scripts/config.py
[2024-07-06T14:19:17.029+0000] {processor.py:838} WARNING - No viable dags retrieved from /opt/airflow/dags/python_scripts/config.py
[2024-07-06T14:19:17.048+0000] {processor.py:179} INFO - Processing /opt/airflow/dags/python_scripts/config.py took 0.044 seconds
[2024-07-06T14:19:47.180+0000] {processor.py:157} INFO - Started process (PID=1165) to work on /opt/airflow/dags/python_scripts/config.py
[2024-07-06T14:19:47.184+0000] {processor.py:826} INFO - Processing file /opt/airflow/dags/python_scripts/config.py for tasks to queue
[2024-07-06T14:19:47.187+0000] {logging_mixin.py:150} INFO - [2024-07-06T14:19:47.187+0000] {dagbag.py:541} INFO - Filling up the DagBag from /opt/airflow/dags/python_scripts/config.py
[2024-07-06T14:19:47.201+0000] {processor.py:838} WARNING - No viable dags retrieved from /opt/airflow/dags/python_scripts/config.py
[2024-07-06T14:19:47.227+0000] {processor.py:179} INFO - Processing /opt/airflow/dags/python_scripts/config.py took 0.058 seconds
[2024-07-06T14:20:17.743+0000] {processor.py:157} INFO - Started process (PID=1227) to work on /opt/airflow/dags/python_scripts/config.py
[2024-07-06T14:20:17.749+0000] {processor.py:826} INFO - Processing file /opt/airflow/dags/python_scripts/config.py for tasks to queue
[2024-07-06T14:20:17.755+0000] {logging_mixin.py:150} INFO - [2024-07-06T14:20:17.754+0000] {dagbag.py:541} INFO - Filling up the DagBag from /opt/airflow/dags/python_scripts/config.py
[2024-07-06T14:20:17.763+0000] {processor.py:838} WARNING - No viable dags retrieved from /opt/airflow/dags/python_scripts/config.py
[2024-07-06T14:20:17.806+0000] {processor.py:179} INFO - Processing /opt/airflow/dags/python_scripts/config.py took 0.069 seconds
[2024-07-06T14:20:48.231+0000] {processor.py:157} INFO - Started process (PID=1290) to work on /opt/airflow/dags/python_scripts/config.py
[2024-07-06T14:20:48.234+0000] {processor.py:826} INFO - Processing file /opt/airflow/dags/python_scripts/config.py for tasks to queue
[2024-07-06T14:20:48.237+0000] {logging_mixin.py:150} INFO - [2024-07-06T14:20:48.236+0000] {dagbag.py:541} INFO - Filling up the DagBag from /opt/airflow/dags/python_scripts/config.py
[2024-07-06T14:20:48.251+0000] {processor.py:838} WARNING - No viable dags retrieved from /opt/airflow/dags/python_scripts/config.py
[2024-07-06T14:20:48.300+0000] {processor.py:179} INFO - Processing /opt/airflow/dags/python_scripts/config.py took 0.079 seconds
[2024-07-06T14:21:18.656+0000] {processor.py:157} INFO - Started process (PID=1353) to work on /opt/airflow/dags/python_scripts/config.py
[2024-07-06T14:21:18.660+0000] {processor.py:826} INFO - Processing file /opt/airflow/dags/python_scripts/config.py for tasks to queue
[2024-07-06T14:21:18.662+0000] {logging_mixin.py:150} INFO - [2024-07-06T14:21:18.662+0000] {dagbag.py:541} INFO - Filling up the DagBag from /opt/airflow/dags/python_scripts/config.py
[2024-07-06T14:21:18.670+0000] {processor.py:838} WARNING - No viable dags retrieved from /opt/airflow/dags/python_scripts/config.py
[2024-07-06T14:21:18.696+0000] {processor.py:179} INFO - Processing /opt/airflow/dags/python_scripts/config.py took 0.049 seconds
[2024-07-06T14:21:48.908+0000] {processor.py:157} INFO - Started process (PID=1416) to work on /opt/airflow/dags/python_scripts/config.py
[2024-07-06T14:21:48.911+0000] {processor.py:826} INFO - Processing file /opt/airflow/dags/python_scripts/config.py for tasks to queue
[2024-07-06T14:21:48.914+0000] {logging_mixin.py:150} INFO - [2024-07-06T14:21:48.913+0000] {dagbag.py:541} INFO - Filling up the DagBag from /opt/airflow/dags/python_scripts/config.py
[2024-07-06T14:21:48.930+0000] {processor.py:838} WARNING - No viable dags retrieved from /opt/airflow/dags/python_scripts/config.py
[2024-07-06T14:21:48.957+0000] {processor.py:179} INFO - Processing /opt/airflow/dags/python_scripts/config.py took 0.058 seconds
[2024-07-06T14:22:19.311+0000] {processor.py:157} INFO - Started process (PID=1479) to work on /opt/airflow/dags/python_scripts/config.py
[2024-07-06T14:22:19.314+0000] {processor.py:826} INFO - Processing file /opt/airflow/dags/python_scripts/config.py for tasks to queue
[2024-07-06T14:22:19.316+0000] {logging_mixin.py:150} INFO - [2024-07-06T14:22:19.316+0000] {dagbag.py:541} INFO - Filling up the DagBag from /opt/airflow/dags/python_scripts/config.py
[2024-07-06T14:22:19.332+0000] {processor.py:838} WARNING - No viable dags retrieved from /opt/airflow/dags/python_scripts/config.py
[2024-07-06T14:22:19.367+0000] {processor.py:179} INFO - Processing /opt/airflow/dags/python_scripts/config.py took 0.064 seconds
[2024-07-06T14:22:49.760+0000] {processor.py:157} INFO - Started process (PID=1542) to work on /opt/airflow/dags/python_scripts/config.py
[2024-07-06T14:22:49.763+0000] {processor.py:826} INFO - Processing file /opt/airflow/dags/python_scripts/config.py for tasks to queue
[2024-07-06T14:22:49.765+0000] {logging_mixin.py:150} INFO - [2024-07-06T14:22:49.764+0000] {dagbag.py:541} INFO - Filling up the DagBag from /opt/airflow/dags/python_scripts/config.py
[2024-07-06T14:22:49.773+0000] {processor.py:838} WARNING - No viable dags retrieved from /opt/airflow/dags/python_scripts/config.py
[2024-07-06T14:22:49.812+0000] {processor.py:179} INFO - Processing /opt/airflow/dags/python_scripts/config.py took 0.064 seconds
[2024-07-06T14:23:20.067+0000] {processor.py:157} INFO - Started process (PID=1605) to work on /opt/airflow/dags/python_scripts/config.py
[2024-07-06T14:23:20.070+0000] {processor.py:826} INFO - Processing file /opt/airflow/dags/python_scripts/config.py for tasks to queue
[2024-07-06T14:23:20.073+0000] {logging_mixin.py:150} INFO - [2024-07-06T14:23:20.072+0000] {dagbag.py:541} INFO - Filling up the DagBag from /opt/airflow/dags/python_scripts/config.py
[2024-07-06T14:23:20.084+0000] {processor.py:838} WARNING - No viable dags retrieved from /opt/airflow/dags/python_scripts/config.py
[2024-07-06T14:23:20.124+0000] {processor.py:179} INFO - Processing /opt/airflow/dags/python_scripts/config.py took 0.065 seconds
[2024-07-06T14:23:50.786+0000] {processor.py:157} INFO - Started process (PID=1668) to work on /opt/airflow/dags/python_scripts/config.py
[2024-07-06T14:23:50.789+0000] {processor.py:826} INFO - Processing file /opt/airflow/dags/python_scripts/config.py for tasks to queue
[2024-07-06T14:23:50.792+0000] {logging_mixin.py:150} INFO - [2024-07-06T14:23:50.791+0000] {dagbag.py:541} INFO - Filling up the DagBag from /opt/airflow/dags/python_scripts/config.py
[2024-07-06T14:23:50.800+0000] {processor.py:838} WARNING - No viable dags retrieved from /opt/airflow/dags/python_scripts/config.py
[2024-07-06T14:23:50.819+0000] {processor.py:179} INFO - Processing /opt/airflow/dags/python_scripts/config.py took 0.039 seconds
[2024-07-06T14:24:21.282+0000] {processor.py:157} INFO - Started process (PID=1731) to work on /opt/airflow/dags/python_scripts/config.py
[2024-07-06T14:24:21.285+0000] {processor.py:826} INFO - Processing file /opt/airflow/dags/python_scripts/config.py for tasks to queue
[2024-07-06T14:24:21.287+0000] {logging_mixin.py:150} INFO - [2024-07-06T14:24:21.287+0000] {dagbag.py:541} INFO - Filling up the DagBag from /opt/airflow/dags/python_scripts/config.py
[2024-07-06T14:24:21.295+0000] {processor.py:838} WARNING - No viable dags retrieved from /opt/airflow/dags/python_scripts/config.py
[2024-07-06T14:24:21.315+0000] {processor.py:179} INFO - Processing /opt/airflow/dags/python_scripts/config.py took 0.040 seconds
[2024-07-06T14:24:52.288+0000] {processor.py:157} INFO - Started process (PID=1794) to work on /opt/airflow/dags/python_scripts/config.py
[2024-07-06T14:24:52.290+0000] {processor.py:826} INFO - Processing file /opt/airflow/dags/python_scripts/config.py for tasks to queue
[2024-07-06T14:24:52.293+0000] {logging_mixin.py:150} INFO - [2024-07-06T14:24:52.292+0000] {dagbag.py:541} INFO - Filling up the DagBag from /opt/airflow/dags/python_scripts/config.py
[2024-07-06T14:24:52.301+0000] {processor.py:838} WARNING - No viable dags retrieved from /opt/airflow/dags/python_scripts/config.py
[2024-07-06T14:24:52.343+0000] {processor.py:179} INFO - Processing /opt/airflow/dags/python_scripts/config.py took 0.070 seconds
[2024-07-06T14:25:23.354+0000] {processor.py:157} INFO - Started process (PID=1858) to work on /opt/airflow/dags/python_scripts/config.py
[2024-07-06T14:25:23.356+0000] {processor.py:826} INFO - Processing file /opt/airflow/dags/python_scripts/config.py for tasks to queue
[2024-07-06T14:25:23.358+0000] {logging_mixin.py:150} INFO - [2024-07-06T14:25:23.357+0000] {dagbag.py:541} INFO - Filling up the DagBag from /opt/airflow/dags/python_scripts/config.py
[2024-07-06T14:25:23.367+0000] {processor.py:838} WARNING - No viable dags retrieved from /opt/airflow/dags/python_scripts/config.py
[2024-07-06T14:25:23.407+0000] {processor.py:179} INFO - Processing /opt/airflow/dags/python_scripts/config.py took 0.064 seconds
[2024-07-06T14:25:54.333+0000] {processor.py:157} INFO - Started process (PID=1920) to work on /opt/airflow/dags/python_scripts/config.py
[2024-07-06T14:25:54.335+0000] {processor.py:826} INFO - Processing file /opt/airflow/dags/python_scripts/config.py for tasks to queue
[2024-07-06T14:25:54.337+0000] {logging_mixin.py:150} INFO - [2024-07-06T14:25:54.337+0000] {dagbag.py:541} INFO - Filling up the DagBag from /opt/airflow/dags/python_scripts/config.py
[2024-07-06T14:25:54.345+0000] {processor.py:838} WARNING - No viable dags retrieved from /opt/airflow/dags/python_scripts/config.py
[2024-07-06T14:25:54.362+0000] {processor.py:179} INFO - Processing /opt/airflow/dags/python_scripts/config.py took 0.035 seconds
[2024-07-06T14:26:25.078+0000] {processor.py:157} INFO - Started process (PID=1984) to work on /opt/airflow/dags/python_scripts/config.py
[2024-07-06T14:26:25.080+0000] {processor.py:826} INFO - Processing file /opt/airflow/dags/python_scripts/config.py for tasks to queue
[2024-07-06T14:26:25.082+0000] {logging_mixin.py:150} INFO - [2024-07-06T14:26:25.082+0000] {dagbag.py:541} INFO - Filling up the DagBag from /opt/airflow/dags/python_scripts/config.py
[2024-07-06T14:26:25.090+0000] {processor.py:838} WARNING - No viable dags retrieved from /opt/airflow/dags/python_scripts/config.py
[2024-07-06T14:26:25.112+0000] {processor.py:179} INFO - Processing /opt/airflow/dags/python_scripts/config.py took 0.040 seconds
[2024-07-06T14:26:55.454+0000] {processor.py:157} INFO - Started process (PID=2047) to work on /opt/airflow/dags/python_scripts/config.py
[2024-07-06T14:26:55.457+0000] {processor.py:826} INFO - Processing file /opt/airflow/dags/python_scripts/config.py for tasks to queue
[2024-07-06T14:26:55.459+0000] {logging_mixin.py:150} INFO - [2024-07-06T14:26:55.458+0000] {dagbag.py:541} INFO - Filling up the DagBag from /opt/airflow/dags/python_scripts/config.py
[2024-07-06T14:26:55.467+0000] {processor.py:838} WARNING - No viable dags retrieved from /opt/airflow/dags/python_scripts/config.py
[2024-07-06T14:26:55.498+0000] {processor.py:179} INFO - Processing /opt/airflow/dags/python_scripts/config.py took 0.053 seconds
[2024-07-06T14:27:25.746+0000] {processor.py:157} INFO - Started process (PID=2109) to work on /opt/airflow/dags/python_scripts/config.py
[2024-07-06T14:27:25.751+0000] {processor.py:826} INFO - Processing file /opt/airflow/dags/python_scripts/config.py for tasks to queue
[2024-07-06T14:27:25.755+0000] {logging_mixin.py:150} INFO - [2024-07-06T14:27:25.754+0000] {dagbag.py:541} INFO - Filling up the DagBag from /opt/airflow/dags/python_scripts/config.py
[2024-07-06T14:27:25.770+0000] {processor.py:838} WARNING - No viable dags retrieved from /opt/airflow/dags/python_scripts/config.py
[2024-07-06T14:27:25.823+0000] {processor.py:179} INFO - Processing /opt/airflow/dags/python_scripts/config.py took 0.092 seconds
[2024-07-06T14:27:56.487+0000] {processor.py:157} INFO - Started process (PID=2177) to work on /opt/airflow/dags/python_scripts/config.py
[2024-07-06T14:27:56.491+0000] {processor.py:826} INFO - Processing file /opt/airflow/dags/python_scripts/config.py for tasks to queue
[2024-07-06T14:27:56.493+0000] {logging_mixin.py:150} INFO - [2024-07-06T14:27:56.492+0000] {dagbag.py:541} INFO - Filling up the DagBag from /opt/airflow/dags/python_scripts/config.py
[2024-07-06T14:27:56.504+0000] {processor.py:838} WARNING - No viable dags retrieved from /opt/airflow/dags/python_scripts/config.py
[2024-07-06T14:27:56.529+0000] {processor.py:179} INFO - Processing /opt/airflow/dags/python_scripts/config.py took 0.050 seconds
[2024-07-06T14:28:26.629+0000] {processor.py:157} INFO - Started process (PID=2245) to work on /opt/airflow/dags/python_scripts/config.py
[2024-07-06T14:28:26.632+0000] {processor.py:826} INFO - Processing file /opt/airflow/dags/python_scripts/config.py for tasks to queue
[2024-07-06T14:28:26.635+0000] {logging_mixin.py:150} INFO - [2024-07-06T14:28:26.634+0000] {dagbag.py:541} INFO - Filling up the DagBag from /opt/airflow/dags/python_scripts/config.py
[2024-07-06T14:28:26.645+0000] {processor.py:838} WARNING - No viable dags retrieved from /opt/airflow/dags/python_scripts/config.py
[2024-07-06T14:28:26.662+0000] {processor.py:179} INFO - Processing /opt/airflow/dags/python_scripts/config.py took 0.040 seconds
[2024-07-06T14:28:57.128+0000] {processor.py:157} INFO - Started process (PID=2308) to work on /opt/airflow/dags/python_scripts/config.py
[2024-07-06T14:28:57.131+0000] {processor.py:826} INFO - Processing file /opt/airflow/dags/python_scripts/config.py for tasks to queue
[2024-07-06T14:28:57.133+0000] {logging_mixin.py:150} INFO - [2024-07-06T14:28:57.132+0000] {dagbag.py:541} INFO - Filling up the DagBag from /opt/airflow/dags/python_scripts/config.py
[2024-07-06T14:28:57.140+0000] {processor.py:838} WARNING - No viable dags retrieved from /opt/airflow/dags/python_scripts/config.py
[2024-07-06T14:28:57.154+0000] {processor.py:179} INFO - Processing /opt/airflow/dags/python_scripts/config.py took 0.029 seconds
[2024-07-06T14:29:28.000+0000] {processor.py:157} INFO - Started process (PID=2371) to work on /opt/airflow/dags/python_scripts/config.py
[2024-07-06T14:29:28.004+0000] {processor.py:826} INFO - Processing file /opt/airflow/dags/python_scripts/config.py for tasks to queue
[2024-07-06T14:29:28.007+0000] {logging_mixin.py:150} INFO - [2024-07-06T14:29:28.007+0000] {dagbag.py:541} INFO - Filling up the DagBag from /opt/airflow/dags/python_scripts/config.py
[2024-07-06T14:29:28.015+0000] {processor.py:838} WARNING - No viable dags retrieved from /opt/airflow/dags/python_scripts/config.py
[2024-07-06T14:29:28.055+0000] {processor.py:179} INFO - Processing /opt/airflow/dags/python_scripts/config.py took 0.062 seconds
[2024-07-06T14:29:58.158+0000] {processor.py:157} INFO - Started process (PID=2438) to work on /opt/airflow/dags/python_scripts/config.py
[2024-07-06T14:29:58.160+0000] {processor.py:826} INFO - Processing file /opt/airflow/dags/python_scripts/config.py for tasks to queue
[2024-07-06T14:29:58.162+0000] {logging_mixin.py:150} INFO - [2024-07-06T14:29:58.161+0000] {dagbag.py:541} INFO - Filling up the DagBag from /opt/airflow/dags/python_scripts/config.py
[2024-07-06T14:29:58.170+0000] {processor.py:838} WARNING - No viable dags retrieved from /opt/airflow/dags/python_scripts/config.py
[2024-07-06T14:29:58.187+0000] {processor.py:179} INFO - Processing /opt/airflow/dags/python_scripts/config.py took 0.032 seconds
[2024-07-06T14:30:28.353+0000] {processor.py:157} INFO - Started process (PID=2497) to work on /opt/airflow/dags/python_scripts/config.py
[2024-07-06T14:30:28.356+0000] {processor.py:826} INFO - Processing file /opt/airflow/dags/python_scripts/config.py for tasks to queue
[2024-07-06T14:30:28.358+0000] {logging_mixin.py:150} INFO - [2024-07-06T14:30:28.358+0000] {dagbag.py:541} INFO - Filling up the DagBag from /opt/airflow/dags/python_scripts/config.py
[2024-07-06T14:30:28.366+0000] {processor.py:838} WARNING - No viable dags retrieved from /opt/airflow/dags/python_scripts/config.py
[2024-07-06T14:30:28.430+0000] {processor.py:179} INFO - Processing /opt/airflow/dags/python_scripts/config.py took 0.083 seconds
