[2024-07-06T14:10:44.815+0000] {processor.py:157} INFO - Started process (PID=64) to work on /home/airflow/.local/lib/python3.7/site-packages/airflow/example_dags/example_trigger_target_dag.py
[2024-07-06T14:10:44.821+0000] {processor.py:826} INFO - Processing file /home/airflow/.local/lib/python3.7/site-packages/airflow/example_dags/example_trigger_target_dag.py for tasks to queue
[2024-07-06T14:10:44.823+0000] {logging_mixin.py:150} INFO - [2024-07-06T14:10:44.822+0000] {dagbag.py:541} INFO - Filling up the DagBag from /home/airflow/.local/lib/python3.7/site-packages/airflow/example_dags/example_trigger_target_dag.py
[2024-07-06T14:10:44.836+0000] {processor.py:836} INFO - DAG(s) dict_keys(['example_trigger_target_dag']) retrieved from /home/airflow/.local/lib/python3.7/site-packages/airflow/example_dags/example_trigger_target_dag.py
[2024-07-06T14:10:44.882+0000] {logging_mixin.py:150} INFO - [2024-07-06T14:10:44.882+0000] {dag.py:2742} INFO - Sync 1 DAGs
[2024-07-06T14:10:44.943+0000] {logging_mixin.py:150} INFO - [2024-07-06T14:10:44.942+0000] {dag.py:3508} INFO - Setting next_dagrun for example_trigger_target_dag to None, run_after=None
[2024-07-06T14:10:45.002+0000] {processor.py:179} INFO - Processing /home/airflow/.local/lib/python3.7/site-packages/airflow/example_dags/example_trigger_target_dag.py took 0.195 seconds
[2024-07-06T14:11:15.454+0000] {processor.py:157} INFO - Started process (PID=126) to work on /home/airflow/.local/lib/python3.7/site-packages/airflow/example_dags/example_trigger_target_dag.py
[2024-07-06T14:11:15.456+0000] {processor.py:826} INFO - Processing file /home/airflow/.local/lib/python3.7/site-packages/airflow/example_dags/example_trigger_target_dag.py for tasks to queue
[2024-07-06T14:11:15.460+0000] {logging_mixin.py:150} INFO - [2024-07-06T14:11:15.459+0000] {dagbag.py:541} INFO - Filling up the DagBag from /home/airflow/.local/lib/python3.7/site-packages/airflow/example_dags/example_trigger_target_dag.py
[2024-07-06T14:11:15.470+0000] {processor.py:836} INFO - DAG(s) dict_keys(['example_trigger_target_dag']) retrieved from /home/airflow/.local/lib/python3.7/site-packages/airflow/example_dags/example_trigger_target_dag.py
[2024-07-06T14:11:15.492+0000] {logging_mixin.py:150} INFO - [2024-07-06T14:11:15.492+0000] {dag.py:2742} INFO - Sync 1 DAGs
[2024-07-06T14:11:15.517+0000] {logging_mixin.py:150} INFO - [2024-07-06T14:11:15.517+0000] {dag.py:3508} INFO - Setting next_dagrun for example_trigger_target_dag to None, run_after=None
[2024-07-06T14:11:15.533+0000] {processor.py:179} INFO - Processing /home/airflow/.local/lib/python3.7/site-packages/airflow/example_dags/example_trigger_target_dag.py took 0.083 seconds
[2024-07-06T14:11:46.159+0000] {processor.py:157} INFO - Started process (PID=189) to work on /home/airflow/.local/lib/python3.7/site-packages/airflow/example_dags/example_trigger_target_dag.py
[2024-07-06T14:11:46.161+0000] {processor.py:826} INFO - Processing file /home/airflow/.local/lib/python3.7/site-packages/airflow/example_dags/example_trigger_target_dag.py for tasks to queue
[2024-07-06T14:11:46.163+0000] {logging_mixin.py:150} INFO - [2024-07-06T14:11:46.162+0000] {dagbag.py:541} INFO - Filling up the DagBag from /home/airflow/.local/lib/python3.7/site-packages/airflow/example_dags/example_trigger_target_dag.py
[2024-07-06T14:11:46.168+0000] {processor.py:836} INFO - DAG(s) dict_keys(['example_trigger_target_dag']) retrieved from /home/airflow/.local/lib/python3.7/site-packages/airflow/example_dags/example_trigger_target_dag.py
[2024-07-06T14:11:46.191+0000] {logging_mixin.py:150} INFO - [2024-07-06T14:11:46.191+0000] {dag.py:2742} INFO - Sync 1 DAGs
[2024-07-06T14:11:46.213+0000] {logging_mixin.py:150} INFO - [2024-07-06T14:11:46.212+0000] {dag.py:3508} INFO - Setting next_dagrun for example_trigger_target_dag to None, run_after=None
[2024-07-06T14:11:46.231+0000] {processor.py:179} INFO - Processing /home/airflow/.local/lib/python3.7/site-packages/airflow/example_dags/example_trigger_target_dag.py took 0.075 seconds
[2024-07-06T14:12:16.559+0000] {processor.py:157} INFO - Started process (PID=252) to work on /home/airflow/.local/lib/python3.7/site-packages/airflow/example_dags/example_trigger_target_dag.py
[2024-07-06T14:12:16.561+0000] {processor.py:826} INFO - Processing file /home/airflow/.local/lib/python3.7/site-packages/airflow/example_dags/example_trigger_target_dag.py for tasks to queue
[2024-07-06T14:12:16.564+0000] {logging_mixin.py:150} INFO - [2024-07-06T14:12:16.564+0000] {dagbag.py:541} INFO - Filling up the DagBag from /home/airflow/.local/lib/python3.7/site-packages/airflow/example_dags/example_trigger_target_dag.py
[2024-07-06T14:12:16.570+0000] {processor.py:836} INFO - DAG(s) dict_keys(['example_trigger_target_dag']) retrieved from /home/airflow/.local/lib/python3.7/site-packages/airflow/example_dags/example_trigger_target_dag.py
[2024-07-06T14:12:16.599+0000] {logging_mixin.py:150} INFO - [2024-07-06T14:12:16.599+0000] {dag.py:2742} INFO - Sync 1 DAGs
[2024-07-06T14:12:16.625+0000] {logging_mixin.py:150} INFO - [2024-07-06T14:12:16.625+0000] {dag.py:3508} INFO - Setting next_dagrun for example_trigger_target_dag to None, run_after=None
[2024-07-06T14:12:16.646+0000] {processor.py:179} INFO - Processing /home/airflow/.local/lib/python3.7/site-packages/airflow/example_dags/example_trigger_target_dag.py took 0.090 seconds
[2024-07-06T14:12:46.815+0000] {processor.py:157} INFO - Started process (PID=315) to work on /home/airflow/.local/lib/python3.7/site-packages/airflow/example_dags/example_trigger_target_dag.py
[2024-07-06T14:12:46.816+0000] {processor.py:826} INFO - Processing file /home/airflow/.local/lib/python3.7/site-packages/airflow/example_dags/example_trigger_target_dag.py for tasks to queue
[2024-07-06T14:12:46.818+0000] {logging_mixin.py:150} INFO - [2024-07-06T14:12:46.817+0000] {dagbag.py:541} INFO - Filling up the DagBag from /home/airflow/.local/lib/python3.7/site-packages/airflow/example_dags/example_trigger_target_dag.py
[2024-07-06T14:12:46.823+0000] {processor.py:836} INFO - DAG(s) dict_keys(['example_trigger_target_dag']) retrieved from /home/airflow/.local/lib/python3.7/site-packages/airflow/example_dags/example_trigger_target_dag.py
[2024-07-06T14:12:46.844+0000] {logging_mixin.py:150} INFO - [2024-07-06T14:12:46.844+0000] {dag.py:2742} INFO - Sync 1 DAGs
[2024-07-06T14:12:46.863+0000] {logging_mixin.py:150} INFO - [2024-07-06T14:12:46.863+0000] {dag.py:3508} INFO - Setting next_dagrun for example_trigger_target_dag to None, run_after=None
[2024-07-06T14:12:46.875+0000] {processor.py:179} INFO - Processing /home/airflow/.local/lib/python3.7/site-packages/airflow/example_dags/example_trigger_target_dag.py took 0.063 seconds
[2024-07-06T14:13:17.079+0000] {processor.py:157} INFO - Started process (PID=378) to work on /home/airflow/.local/lib/python3.7/site-packages/airflow/example_dags/example_trigger_target_dag.py
[2024-07-06T14:13:17.081+0000] {processor.py:826} INFO - Processing file /home/airflow/.local/lib/python3.7/site-packages/airflow/example_dags/example_trigger_target_dag.py for tasks to queue
[2024-07-06T14:13:17.082+0000] {logging_mixin.py:150} INFO - [2024-07-06T14:13:17.082+0000] {dagbag.py:541} INFO - Filling up the DagBag from /home/airflow/.local/lib/python3.7/site-packages/airflow/example_dags/example_trigger_target_dag.py
[2024-07-06T14:13:17.087+0000] {processor.py:836} INFO - DAG(s) dict_keys(['example_trigger_target_dag']) retrieved from /home/airflow/.local/lib/python3.7/site-packages/airflow/example_dags/example_trigger_target_dag.py
[2024-07-06T14:13:17.108+0000] {logging_mixin.py:150} INFO - [2024-07-06T14:13:17.107+0000] {dag.py:2742} INFO - Sync 1 DAGs
[2024-07-06T14:13:17.125+0000] {logging_mixin.py:150} INFO - [2024-07-06T14:13:17.125+0000] {dag.py:3508} INFO - Setting next_dagrun for example_trigger_target_dag to None, run_after=None
[2024-07-06T14:13:17.141+0000] {processor.py:179} INFO - Processing /home/airflow/.local/lib/python3.7/site-packages/airflow/example_dags/example_trigger_target_dag.py took 0.065 seconds
[2024-07-06T14:13:47.483+0000] {processor.py:157} INFO - Started process (PID=442) to work on /home/airflow/.local/lib/python3.7/site-packages/airflow/example_dags/example_trigger_target_dag.py
[2024-07-06T14:13:47.486+0000] {processor.py:826} INFO - Processing file /home/airflow/.local/lib/python3.7/site-packages/airflow/example_dags/example_trigger_target_dag.py for tasks to queue
[2024-07-06T14:13:47.487+0000] {logging_mixin.py:150} INFO - [2024-07-06T14:13:47.487+0000] {dagbag.py:541} INFO - Filling up the DagBag from /home/airflow/.local/lib/python3.7/site-packages/airflow/example_dags/example_trigger_target_dag.py
[2024-07-06T14:13:47.495+0000] {processor.py:836} INFO - DAG(s) dict_keys(['example_trigger_target_dag']) retrieved from /home/airflow/.local/lib/python3.7/site-packages/airflow/example_dags/example_trigger_target_dag.py
[2024-07-06T14:13:47.518+0000] {logging_mixin.py:150} INFO - [2024-07-06T14:13:47.518+0000] {dag.py:2742} INFO - Sync 1 DAGs
[2024-07-06T14:13:47.538+0000] {logging_mixin.py:150} INFO - [2024-07-06T14:13:47.538+0000] {dag.py:3508} INFO - Setting next_dagrun for example_trigger_target_dag to None, run_after=None
[2024-07-06T14:13:47.555+0000] {processor.py:179} INFO - Processing /home/airflow/.local/lib/python3.7/site-packages/airflow/example_dags/example_trigger_target_dag.py took 0.075 seconds
[2024-07-06T14:14:17.817+0000] {processor.py:157} INFO - Started process (PID=505) to work on /home/airflow/.local/lib/python3.7/site-packages/airflow/example_dags/example_trigger_target_dag.py
[2024-07-06T14:14:17.819+0000] {processor.py:826} INFO - Processing file /home/airflow/.local/lib/python3.7/site-packages/airflow/example_dags/example_trigger_target_dag.py for tasks to queue
[2024-07-06T14:14:17.820+0000] {logging_mixin.py:150} INFO - [2024-07-06T14:14:17.820+0000] {dagbag.py:541} INFO - Filling up the DagBag from /home/airflow/.local/lib/python3.7/site-packages/airflow/example_dags/example_trigger_target_dag.py
[2024-07-06T14:14:17.825+0000] {processor.py:836} INFO - DAG(s) dict_keys(['example_trigger_target_dag']) retrieved from /home/airflow/.local/lib/python3.7/site-packages/airflow/example_dags/example_trigger_target_dag.py
[2024-07-06T14:14:17.846+0000] {logging_mixin.py:150} INFO - [2024-07-06T14:14:17.846+0000] {dag.py:2742} INFO - Sync 1 DAGs
[2024-07-06T14:14:17.868+0000] {logging_mixin.py:150} INFO - [2024-07-06T14:14:17.867+0000] {dag.py:3508} INFO - Setting next_dagrun for example_trigger_target_dag to None, run_after=None
[2024-07-06T14:14:17.883+0000] {processor.py:179} INFO - Processing /home/airflow/.local/lib/python3.7/site-packages/airflow/example_dags/example_trigger_target_dag.py took 0.069 seconds
[2024-07-06T14:14:48.337+0000] {processor.py:157} INFO - Started process (PID=569) to work on /home/airflow/.local/lib/python3.7/site-packages/airflow/example_dags/example_trigger_target_dag.py
[2024-07-06T14:14:48.339+0000] {processor.py:826} INFO - Processing file /home/airflow/.local/lib/python3.7/site-packages/airflow/example_dags/example_trigger_target_dag.py for tasks to queue
[2024-07-06T14:14:48.341+0000] {logging_mixin.py:150} INFO - [2024-07-06T14:14:48.341+0000] {dagbag.py:541} INFO - Filling up the DagBag from /home/airflow/.local/lib/python3.7/site-packages/airflow/example_dags/example_trigger_target_dag.py
[2024-07-06T14:14:48.347+0000] {processor.py:836} INFO - DAG(s) dict_keys(['example_trigger_target_dag']) retrieved from /home/airflow/.local/lib/python3.7/site-packages/airflow/example_dags/example_trigger_target_dag.py
[2024-07-06T14:14:48.367+0000] {logging_mixin.py:150} INFO - [2024-07-06T14:14:48.367+0000] {dag.py:2742} INFO - Sync 1 DAGs
[2024-07-06T14:14:48.384+0000] {logging_mixin.py:150} INFO - [2024-07-06T14:14:48.384+0000] {dag.py:3508} INFO - Setting next_dagrun for example_trigger_target_dag to None, run_after=None
[2024-07-06T14:14:48.398+0000] {processor.py:179} INFO - Processing /home/airflow/.local/lib/python3.7/site-packages/airflow/example_dags/example_trigger_target_dag.py took 0.064 seconds
[2024-07-06T14:15:19.663+0000] {processor.py:157} INFO - Started process (PID=632) to work on /home/airflow/.local/lib/python3.7/site-packages/airflow/example_dags/example_trigger_target_dag.py
[2024-07-06T14:15:19.666+0000] {processor.py:826} INFO - Processing file /home/airflow/.local/lib/python3.7/site-packages/airflow/example_dags/example_trigger_target_dag.py for tasks to queue
[2024-07-06T14:15:19.668+0000] {logging_mixin.py:150} INFO - [2024-07-06T14:15:19.667+0000] {dagbag.py:541} INFO - Filling up the DagBag from /home/airflow/.local/lib/python3.7/site-packages/airflow/example_dags/example_trigger_target_dag.py
[2024-07-06T14:15:19.674+0000] {processor.py:836} INFO - DAG(s) dict_keys(['example_trigger_target_dag']) retrieved from /home/airflow/.local/lib/python3.7/site-packages/airflow/example_dags/example_trigger_target_dag.py
[2024-07-06T14:15:19.705+0000] {logging_mixin.py:150} INFO - [2024-07-06T14:15:19.705+0000] {dag.py:2742} INFO - Sync 1 DAGs
[2024-07-06T14:15:19.745+0000] {logging_mixin.py:150} INFO - [2024-07-06T14:15:19.744+0000] {dag.py:3508} INFO - Setting next_dagrun for example_trigger_target_dag to None, run_after=None
[2024-07-06T14:15:19.767+0000] {processor.py:179} INFO - Processing /home/airflow/.local/lib/python3.7/site-packages/airflow/example_dags/example_trigger_target_dag.py took 0.106 seconds
[2024-07-06T14:15:50.108+0000] {processor.py:157} INFO - Started process (PID=694) to work on /home/airflow/.local/lib/python3.7/site-packages/airflow/example_dags/example_trigger_target_dag.py
[2024-07-06T14:15:50.111+0000] {processor.py:826} INFO - Processing file /home/airflow/.local/lib/python3.7/site-packages/airflow/example_dags/example_trigger_target_dag.py for tasks to queue
[2024-07-06T14:15:50.114+0000] {logging_mixin.py:150} INFO - [2024-07-06T14:15:50.113+0000] {dagbag.py:541} INFO - Filling up the DagBag from /home/airflow/.local/lib/python3.7/site-packages/airflow/example_dags/example_trigger_target_dag.py
[2024-07-06T14:15:50.126+0000] {processor.py:836} INFO - DAG(s) dict_keys(['example_trigger_target_dag']) retrieved from /home/airflow/.local/lib/python3.7/site-packages/airflow/example_dags/example_trigger_target_dag.py
[2024-07-06T14:15:50.156+0000] {logging_mixin.py:150} INFO - [2024-07-06T14:15:50.155+0000] {dag.py:2742} INFO - Sync 1 DAGs
[2024-07-06T14:15:50.189+0000] {logging_mixin.py:150} INFO - [2024-07-06T14:15:50.189+0000] {dag.py:3508} INFO - Setting next_dagrun for example_trigger_target_dag to None, run_after=None
[2024-07-06T14:15:50.213+0000] {processor.py:179} INFO - Processing /home/airflow/.local/lib/python3.7/site-packages/airflow/example_dags/example_trigger_target_dag.py took 0.112 seconds
[2024-07-06T14:16:20.739+0000] {processor.py:157} INFO - Started process (PID=757) to work on /home/airflow/.local/lib/python3.7/site-packages/airflow/example_dags/example_trigger_target_dag.py
[2024-07-06T14:16:20.741+0000] {processor.py:826} INFO - Processing file /home/airflow/.local/lib/python3.7/site-packages/airflow/example_dags/example_trigger_target_dag.py for tasks to queue
[2024-07-06T14:16:20.743+0000] {logging_mixin.py:150} INFO - [2024-07-06T14:16:20.743+0000] {dagbag.py:541} INFO - Filling up the DagBag from /home/airflow/.local/lib/python3.7/site-packages/airflow/example_dags/example_trigger_target_dag.py
[2024-07-06T14:16:20.749+0000] {processor.py:836} INFO - DAG(s) dict_keys(['example_trigger_target_dag']) retrieved from /home/airflow/.local/lib/python3.7/site-packages/airflow/example_dags/example_trigger_target_dag.py
[2024-07-06T14:16:20.770+0000] {logging_mixin.py:150} INFO - [2024-07-06T14:16:20.770+0000] {dag.py:2742} INFO - Sync 1 DAGs
[2024-07-06T14:16:20.790+0000] {logging_mixin.py:150} INFO - [2024-07-06T14:16:20.789+0000] {dag.py:3508} INFO - Setting next_dagrun for example_trigger_target_dag to None, run_after=None
[2024-07-06T14:16:20.807+0000] {processor.py:179} INFO - Processing /home/airflow/.local/lib/python3.7/site-packages/airflow/example_dags/example_trigger_target_dag.py took 0.071 seconds
[2024-07-06T14:16:50.948+0000] {processor.py:157} INFO - Started process (PID=815) to work on /home/airflow/.local/lib/python3.7/site-packages/airflow/example_dags/example_trigger_target_dag.py
[2024-07-06T14:16:50.951+0000] {processor.py:826} INFO - Processing file /home/airflow/.local/lib/python3.7/site-packages/airflow/example_dags/example_trigger_target_dag.py for tasks to queue
[2024-07-06T14:16:50.953+0000] {logging_mixin.py:150} INFO - [2024-07-06T14:16:50.953+0000] {dagbag.py:541} INFO - Filling up the DagBag from /home/airflow/.local/lib/python3.7/site-packages/airflow/example_dags/example_trigger_target_dag.py
[2024-07-06T14:16:50.960+0000] {processor.py:836} INFO - DAG(s) dict_keys(['example_trigger_target_dag']) retrieved from /home/airflow/.local/lib/python3.7/site-packages/airflow/example_dags/example_trigger_target_dag.py
[2024-07-06T14:16:50.986+0000] {logging_mixin.py:150} INFO - [2024-07-06T14:16:50.986+0000] {dag.py:2742} INFO - Sync 1 DAGs
[2024-07-06T14:16:51.006+0000] {logging_mixin.py:150} INFO - [2024-07-06T14:16:51.006+0000] {dag.py:3508} INFO - Setting next_dagrun for example_trigger_target_dag to None, run_after=None
[2024-07-06T14:16:51.025+0000] {processor.py:179} INFO - Processing /home/airflow/.local/lib/python3.7/site-packages/airflow/example_dags/example_trigger_target_dag.py took 0.081 seconds
[2024-07-06T14:17:21.242+0000] {processor.py:157} INFO - Started process (PID=878) to work on /home/airflow/.local/lib/python3.7/site-packages/airflow/example_dags/example_trigger_target_dag.py
[2024-07-06T14:17:21.244+0000] {processor.py:826} INFO - Processing file /home/airflow/.local/lib/python3.7/site-packages/airflow/example_dags/example_trigger_target_dag.py for tasks to queue
[2024-07-06T14:17:21.246+0000] {logging_mixin.py:150} INFO - [2024-07-06T14:17:21.245+0000] {dagbag.py:541} INFO - Filling up the DagBag from /home/airflow/.local/lib/python3.7/site-packages/airflow/example_dags/example_trigger_target_dag.py
[2024-07-06T14:17:21.251+0000] {processor.py:836} INFO - DAG(s) dict_keys(['example_trigger_target_dag']) retrieved from /home/airflow/.local/lib/python3.7/site-packages/airflow/example_dags/example_trigger_target_dag.py
[2024-07-06T14:17:21.271+0000] {logging_mixin.py:150} INFO - [2024-07-06T14:17:21.271+0000] {dag.py:2742} INFO - Sync 1 DAGs
[2024-07-06T14:17:21.289+0000] {logging_mixin.py:150} INFO - [2024-07-06T14:17:21.289+0000] {dag.py:3508} INFO - Setting next_dagrun for example_trigger_target_dag to None, run_after=None
[2024-07-06T14:17:21.303+0000] {processor.py:179} INFO - Processing /home/airflow/.local/lib/python3.7/site-packages/airflow/example_dags/example_trigger_target_dag.py took 0.064 seconds
[2024-07-06T14:17:51.568+0000] {processor.py:157} INFO - Started process (PID=940) to work on /home/airflow/.local/lib/python3.7/site-packages/airflow/example_dags/example_trigger_target_dag.py
[2024-07-06T14:17:51.570+0000] {processor.py:826} INFO - Processing file /home/airflow/.local/lib/python3.7/site-packages/airflow/example_dags/example_trigger_target_dag.py for tasks to queue
[2024-07-06T14:17:51.571+0000] {logging_mixin.py:150} INFO - [2024-07-06T14:17:51.570+0000] {dagbag.py:541} INFO - Filling up the DagBag from /home/airflow/.local/lib/python3.7/site-packages/airflow/example_dags/example_trigger_target_dag.py
[2024-07-06T14:17:51.576+0000] {processor.py:836} INFO - DAG(s) dict_keys(['example_trigger_target_dag']) retrieved from /home/airflow/.local/lib/python3.7/site-packages/airflow/example_dags/example_trigger_target_dag.py
[2024-07-06T14:17:51.596+0000] {logging_mixin.py:150} INFO - [2024-07-06T14:17:51.596+0000] {dag.py:2742} INFO - Sync 1 DAGs
[2024-07-06T14:17:51.612+0000] {logging_mixin.py:150} INFO - [2024-07-06T14:17:51.612+0000] {dag.py:3508} INFO - Setting next_dagrun for example_trigger_target_dag to None, run_after=None
[2024-07-06T14:17:51.624+0000] {processor.py:179} INFO - Processing /home/airflow/.local/lib/python3.7/site-packages/airflow/example_dags/example_trigger_target_dag.py took 0.058 seconds
[2024-07-06T14:18:21.836+0000] {processor.py:157} INFO - Started process (PID=1003) to work on /home/airflow/.local/lib/python3.7/site-packages/airflow/example_dags/example_trigger_target_dag.py
[2024-07-06T14:18:21.838+0000] {processor.py:826} INFO - Processing file /home/airflow/.local/lib/python3.7/site-packages/airflow/example_dags/example_trigger_target_dag.py for tasks to queue
[2024-07-06T14:18:21.840+0000] {logging_mixin.py:150} INFO - [2024-07-06T14:18:21.839+0000] {dagbag.py:541} INFO - Filling up the DagBag from /home/airflow/.local/lib/python3.7/site-packages/airflow/example_dags/example_trigger_target_dag.py
[2024-07-06T14:18:21.845+0000] {processor.py:836} INFO - DAG(s) dict_keys(['example_trigger_target_dag']) retrieved from /home/airflow/.local/lib/python3.7/site-packages/airflow/example_dags/example_trigger_target_dag.py
[2024-07-06T14:18:21.865+0000] {logging_mixin.py:150} INFO - [2024-07-06T14:18:21.865+0000] {dag.py:2742} INFO - Sync 1 DAGs
[2024-07-06T14:18:21.883+0000] {logging_mixin.py:150} INFO - [2024-07-06T14:18:21.882+0000] {dag.py:3508} INFO - Setting next_dagrun for example_trigger_target_dag to None, run_after=None
[2024-07-06T14:18:21.897+0000] {processor.py:179} INFO - Processing /home/airflow/.local/lib/python3.7/site-packages/airflow/example_dags/example_trigger_target_dag.py took 0.064 seconds
[2024-07-06T14:18:52.280+0000] {processor.py:157} INFO - Started process (PID=1066) to work on /home/airflow/.local/lib/python3.7/site-packages/airflow/example_dags/example_trigger_target_dag.py
[2024-07-06T14:18:52.282+0000] {processor.py:826} INFO - Processing file /home/airflow/.local/lib/python3.7/site-packages/airflow/example_dags/example_trigger_target_dag.py for tasks to queue
[2024-07-06T14:18:52.283+0000] {logging_mixin.py:150} INFO - [2024-07-06T14:18:52.283+0000] {dagbag.py:541} INFO - Filling up the DagBag from /home/airflow/.local/lib/python3.7/site-packages/airflow/example_dags/example_trigger_target_dag.py
[2024-07-06T14:18:52.288+0000] {processor.py:836} INFO - DAG(s) dict_keys(['example_trigger_target_dag']) retrieved from /home/airflow/.local/lib/python3.7/site-packages/airflow/example_dags/example_trigger_target_dag.py
[2024-07-06T14:18:52.309+0000] {logging_mixin.py:150} INFO - [2024-07-06T14:18:52.308+0000] {dag.py:2742} INFO - Sync 1 DAGs
[2024-07-06T14:18:52.327+0000] {logging_mixin.py:150} INFO - [2024-07-06T14:18:52.327+0000] {dag.py:3508} INFO - Setting next_dagrun for example_trigger_target_dag to None, run_after=None
[2024-07-06T14:18:52.342+0000] {processor.py:179} INFO - Processing /home/airflow/.local/lib/python3.7/site-packages/airflow/example_dags/example_trigger_target_dag.py took 0.064 seconds
[2024-07-06T14:19:22.544+0000] {processor.py:157} INFO - Started process (PID=1129) to work on /home/airflow/.local/lib/python3.7/site-packages/airflow/example_dags/example_trigger_target_dag.py
[2024-07-06T14:19:22.546+0000] {processor.py:826} INFO - Processing file /home/airflow/.local/lib/python3.7/site-packages/airflow/example_dags/example_trigger_target_dag.py for tasks to queue
[2024-07-06T14:19:22.547+0000] {logging_mixin.py:150} INFO - [2024-07-06T14:19:22.547+0000] {dagbag.py:541} INFO - Filling up the DagBag from /home/airflow/.local/lib/python3.7/site-packages/airflow/example_dags/example_trigger_target_dag.py
[2024-07-06T14:19:22.552+0000] {processor.py:836} INFO - DAG(s) dict_keys(['example_trigger_target_dag']) retrieved from /home/airflow/.local/lib/python3.7/site-packages/airflow/example_dags/example_trigger_target_dag.py
[2024-07-06T14:19:22.573+0000] {logging_mixin.py:150} INFO - [2024-07-06T14:19:22.572+0000] {dag.py:2742} INFO - Sync 1 DAGs
[2024-07-06T14:19:22.590+0000] {logging_mixin.py:150} INFO - [2024-07-06T14:19:22.590+0000] {dag.py:3508} INFO - Setting next_dagrun for example_trigger_target_dag to None, run_after=None
[2024-07-06T14:19:22.606+0000] {processor.py:179} INFO - Processing /home/airflow/.local/lib/python3.7/site-packages/airflow/example_dags/example_trigger_target_dag.py took 0.064 seconds
[2024-07-06T14:19:52.814+0000] {processor.py:157} INFO - Started process (PID=1192) to work on /home/airflow/.local/lib/python3.7/site-packages/airflow/example_dags/example_trigger_target_dag.py
[2024-07-06T14:19:52.816+0000] {processor.py:826} INFO - Processing file /home/airflow/.local/lib/python3.7/site-packages/airflow/example_dags/example_trigger_target_dag.py for tasks to queue
[2024-07-06T14:19:52.818+0000] {logging_mixin.py:150} INFO - [2024-07-06T14:19:52.818+0000] {dagbag.py:541} INFO - Filling up the DagBag from /home/airflow/.local/lib/python3.7/site-packages/airflow/example_dags/example_trigger_target_dag.py
[2024-07-06T14:19:52.824+0000] {processor.py:836} INFO - DAG(s) dict_keys(['example_trigger_target_dag']) retrieved from /home/airflow/.local/lib/python3.7/site-packages/airflow/example_dags/example_trigger_target_dag.py
[2024-07-06T14:19:52.846+0000] {logging_mixin.py:150} INFO - [2024-07-06T14:19:52.846+0000] {dag.py:2742} INFO - Sync 1 DAGs
[2024-07-06T14:19:52.863+0000] {logging_mixin.py:150} INFO - [2024-07-06T14:19:52.863+0000] {dag.py:3508} INFO - Setting next_dagrun for example_trigger_target_dag to None, run_after=None
[2024-07-06T14:19:52.881+0000] {processor.py:179} INFO - Processing /home/airflow/.local/lib/python3.7/site-packages/airflow/example_dags/example_trigger_target_dag.py took 0.070 seconds
[2024-07-06T14:20:23.283+0000] {processor.py:157} INFO - Started process (PID=1254) to work on /home/airflow/.local/lib/python3.7/site-packages/airflow/example_dags/example_trigger_target_dag.py
[2024-07-06T14:20:23.285+0000] {processor.py:826} INFO - Processing file /home/airflow/.local/lib/python3.7/site-packages/airflow/example_dags/example_trigger_target_dag.py for tasks to queue
[2024-07-06T14:20:23.286+0000] {logging_mixin.py:150} INFO - [2024-07-06T14:20:23.286+0000] {dagbag.py:541} INFO - Filling up the DagBag from /home/airflow/.local/lib/python3.7/site-packages/airflow/example_dags/example_trigger_target_dag.py
[2024-07-06T14:20:23.291+0000] {processor.py:836} INFO - DAG(s) dict_keys(['example_trigger_target_dag']) retrieved from /home/airflow/.local/lib/python3.7/site-packages/airflow/example_dags/example_trigger_target_dag.py
[2024-07-06T14:20:23.310+0000] {logging_mixin.py:150} INFO - [2024-07-06T14:20:23.310+0000] {dag.py:2742} INFO - Sync 1 DAGs
[2024-07-06T14:20:23.330+0000] {logging_mixin.py:150} INFO - [2024-07-06T14:20:23.330+0000] {dag.py:3508} INFO - Setting next_dagrun for example_trigger_target_dag to None, run_after=None
[2024-07-06T14:20:23.349+0000] {processor.py:179} INFO - Processing /home/airflow/.local/lib/python3.7/site-packages/airflow/example_dags/example_trigger_target_dag.py took 0.069 seconds
[2024-07-06T14:20:53.842+0000] {processor.py:157} INFO - Started process (PID=1317) to work on /home/airflow/.local/lib/python3.7/site-packages/airflow/example_dags/example_trigger_target_dag.py
[2024-07-06T14:20:53.845+0000] {processor.py:826} INFO - Processing file /home/airflow/.local/lib/python3.7/site-packages/airflow/example_dags/example_trigger_target_dag.py for tasks to queue
[2024-07-06T14:20:53.846+0000] {logging_mixin.py:150} INFO - [2024-07-06T14:20:53.846+0000] {dagbag.py:541} INFO - Filling up the DagBag from /home/airflow/.local/lib/python3.7/site-packages/airflow/example_dags/example_trigger_target_dag.py
[2024-07-06T14:20:53.851+0000] {processor.py:836} INFO - DAG(s) dict_keys(['example_trigger_target_dag']) retrieved from /home/airflow/.local/lib/python3.7/site-packages/airflow/example_dags/example_trigger_target_dag.py
[2024-07-06T14:20:53.872+0000] {logging_mixin.py:150} INFO - [2024-07-06T14:20:53.872+0000] {dag.py:2742} INFO - Sync 1 DAGs
[2024-07-06T14:20:53.890+0000] {logging_mixin.py:150} INFO - [2024-07-06T14:20:53.890+0000] {dag.py:3508} INFO - Setting next_dagrun for example_trigger_target_dag to None, run_after=None
[2024-07-06T14:20:53.907+0000] {processor.py:179} INFO - Processing /home/airflow/.local/lib/python3.7/site-packages/airflow/example_dags/example_trigger_target_dag.py took 0.067 seconds
[2024-07-06T14:21:24.463+0000] {processor.py:157} INFO - Started process (PID=1380) to work on /home/airflow/.local/lib/python3.7/site-packages/airflow/example_dags/example_trigger_target_dag.py
[2024-07-06T14:21:24.465+0000] {processor.py:826} INFO - Processing file /home/airflow/.local/lib/python3.7/site-packages/airflow/example_dags/example_trigger_target_dag.py for tasks to queue
[2024-07-06T14:21:24.468+0000] {logging_mixin.py:150} INFO - [2024-07-06T14:21:24.467+0000] {dagbag.py:541} INFO - Filling up the DagBag from /home/airflow/.local/lib/python3.7/site-packages/airflow/example_dags/example_trigger_target_dag.py
[2024-07-06T14:21:24.473+0000] {processor.py:836} INFO - DAG(s) dict_keys(['example_trigger_target_dag']) retrieved from /home/airflow/.local/lib/python3.7/site-packages/airflow/example_dags/example_trigger_target_dag.py
[2024-07-06T14:21:24.494+0000] {logging_mixin.py:150} INFO - [2024-07-06T14:21:24.494+0000] {dag.py:2742} INFO - Sync 1 DAGs
[2024-07-06T14:21:24.513+0000] {logging_mixin.py:150} INFO - [2024-07-06T14:21:24.513+0000] {dag.py:3508} INFO - Setting next_dagrun for example_trigger_target_dag to None, run_after=None
[2024-07-06T14:21:24.532+0000] {processor.py:179} INFO - Processing /home/airflow/.local/lib/python3.7/site-packages/airflow/example_dags/example_trigger_target_dag.py took 0.073 seconds
[2024-07-06T14:21:54.905+0000] {processor.py:157} INFO - Started process (PID=1443) to work on /home/airflow/.local/lib/python3.7/site-packages/airflow/example_dags/example_trigger_target_dag.py
[2024-07-06T14:21:54.906+0000] {processor.py:826} INFO - Processing file /home/airflow/.local/lib/python3.7/site-packages/airflow/example_dags/example_trigger_target_dag.py for tasks to queue
[2024-07-06T14:21:54.907+0000] {logging_mixin.py:150} INFO - [2024-07-06T14:21:54.907+0000] {dagbag.py:541} INFO - Filling up the DagBag from /home/airflow/.local/lib/python3.7/site-packages/airflow/example_dags/example_trigger_target_dag.py
[2024-07-06T14:21:54.913+0000] {processor.py:836} INFO - DAG(s) dict_keys(['example_trigger_target_dag']) retrieved from /home/airflow/.local/lib/python3.7/site-packages/airflow/example_dags/example_trigger_target_dag.py
[2024-07-06T14:21:54.934+0000] {logging_mixin.py:150} INFO - [2024-07-06T14:21:54.934+0000] {dag.py:2742} INFO - Sync 1 DAGs
[2024-07-06T14:21:54.954+0000] {logging_mixin.py:150} INFO - [2024-07-06T14:21:54.954+0000] {dag.py:3508} INFO - Setting next_dagrun for example_trigger_target_dag to None, run_after=None
[2024-07-06T14:21:54.967+0000] {processor.py:179} INFO - Processing /home/airflow/.local/lib/python3.7/site-packages/airflow/example_dags/example_trigger_target_dag.py took 0.065 seconds
[2024-07-06T14:22:25.191+0000] {processor.py:157} INFO - Started process (PID=1506) to work on /home/airflow/.local/lib/python3.7/site-packages/airflow/example_dags/example_trigger_target_dag.py
[2024-07-06T14:22:25.193+0000] {processor.py:826} INFO - Processing file /home/airflow/.local/lib/python3.7/site-packages/airflow/example_dags/example_trigger_target_dag.py for tasks to queue
[2024-07-06T14:22:25.194+0000] {logging_mixin.py:150} INFO - [2024-07-06T14:22:25.194+0000] {dagbag.py:541} INFO - Filling up the DagBag from /home/airflow/.local/lib/python3.7/site-packages/airflow/example_dags/example_trigger_target_dag.py
[2024-07-06T14:22:25.200+0000] {processor.py:836} INFO - DAG(s) dict_keys(['example_trigger_target_dag']) retrieved from /home/airflow/.local/lib/python3.7/site-packages/airflow/example_dags/example_trigger_target_dag.py
[2024-07-06T14:22:25.221+0000] {logging_mixin.py:150} INFO - [2024-07-06T14:22:25.221+0000] {dag.py:2742} INFO - Sync 1 DAGs
[2024-07-06T14:22:25.243+0000] {logging_mixin.py:150} INFO - [2024-07-06T14:22:25.242+0000] {dag.py:3508} INFO - Setting next_dagrun for example_trigger_target_dag to None, run_after=None
[2024-07-06T14:22:25.258+0000] {processor.py:179} INFO - Processing /home/airflow/.local/lib/python3.7/site-packages/airflow/example_dags/example_trigger_target_dag.py took 0.070 seconds
[2024-07-06T14:22:55.610+0000] {processor.py:157} INFO - Started process (PID=1569) to work on /home/airflow/.local/lib/python3.7/site-packages/airflow/example_dags/example_trigger_target_dag.py
[2024-07-06T14:22:55.612+0000] {processor.py:826} INFO - Processing file /home/airflow/.local/lib/python3.7/site-packages/airflow/example_dags/example_trigger_target_dag.py for tasks to queue
[2024-07-06T14:22:55.614+0000] {logging_mixin.py:150} INFO - [2024-07-06T14:22:55.614+0000] {dagbag.py:541} INFO - Filling up the DagBag from /home/airflow/.local/lib/python3.7/site-packages/airflow/example_dags/example_trigger_target_dag.py
[2024-07-06T14:22:55.620+0000] {processor.py:836} INFO - DAG(s) dict_keys(['example_trigger_target_dag']) retrieved from /home/airflow/.local/lib/python3.7/site-packages/airflow/example_dags/example_trigger_target_dag.py
[2024-07-06T14:22:55.640+0000] {logging_mixin.py:150} INFO - [2024-07-06T14:22:55.640+0000] {dag.py:2742} INFO - Sync 1 DAGs
[2024-07-06T14:22:55.659+0000] {logging_mixin.py:150} INFO - [2024-07-06T14:22:55.658+0000] {dag.py:3508} INFO - Setting next_dagrun for example_trigger_target_dag to None, run_after=None
[2024-07-06T14:22:55.675+0000] {processor.py:179} INFO - Processing /home/airflow/.local/lib/python3.7/site-packages/airflow/example_dags/example_trigger_target_dag.py took 0.067 seconds
[2024-07-06T14:23:25.868+0000] {processor.py:157} INFO - Started process (PID=1632) to work on /home/airflow/.local/lib/python3.7/site-packages/airflow/example_dags/example_trigger_target_dag.py
[2024-07-06T14:23:25.870+0000] {processor.py:826} INFO - Processing file /home/airflow/.local/lib/python3.7/site-packages/airflow/example_dags/example_trigger_target_dag.py for tasks to queue
[2024-07-06T14:23:25.872+0000] {logging_mixin.py:150} INFO - [2024-07-06T14:23:25.872+0000] {dagbag.py:541} INFO - Filling up the DagBag from /home/airflow/.local/lib/python3.7/site-packages/airflow/example_dags/example_trigger_target_dag.py
[2024-07-06T14:23:25.880+0000] {processor.py:836} INFO - DAG(s) dict_keys(['example_trigger_target_dag']) retrieved from /home/airflow/.local/lib/python3.7/site-packages/airflow/example_dags/example_trigger_target_dag.py
[2024-07-06T14:23:25.901+0000] {logging_mixin.py:150} INFO - [2024-07-06T14:23:25.901+0000] {dag.py:2742} INFO - Sync 1 DAGs
[2024-07-06T14:23:25.919+0000] {logging_mixin.py:150} INFO - [2024-07-06T14:23:25.919+0000] {dag.py:3508} INFO - Setting next_dagrun for example_trigger_target_dag to None, run_after=None
[2024-07-06T14:23:25.934+0000] {processor.py:179} INFO - Processing /home/airflow/.local/lib/python3.7/site-packages/airflow/example_dags/example_trigger_target_dag.py took 0.070 seconds
[2024-07-06T14:23:56.389+0000] {processor.py:157} INFO - Started process (PID=1695) to work on /home/airflow/.local/lib/python3.7/site-packages/airflow/example_dags/example_trigger_target_dag.py
[2024-07-06T14:23:56.391+0000] {processor.py:826} INFO - Processing file /home/airflow/.local/lib/python3.7/site-packages/airflow/example_dags/example_trigger_target_dag.py for tasks to queue
[2024-07-06T14:23:56.393+0000] {logging_mixin.py:150} INFO - [2024-07-06T14:23:56.392+0000] {dagbag.py:541} INFO - Filling up the DagBag from /home/airflow/.local/lib/python3.7/site-packages/airflow/example_dags/example_trigger_target_dag.py
[2024-07-06T14:23:56.400+0000] {processor.py:836} INFO - DAG(s) dict_keys(['example_trigger_target_dag']) retrieved from /home/airflow/.local/lib/python3.7/site-packages/airflow/example_dags/example_trigger_target_dag.py
[2024-07-06T14:23:56.423+0000] {logging_mixin.py:150} INFO - [2024-07-06T14:23:56.422+0000] {dag.py:2742} INFO - Sync 1 DAGs
[2024-07-06T14:23:56.442+0000] {logging_mixin.py:150} INFO - [2024-07-06T14:23:56.442+0000] {dag.py:3508} INFO - Setting next_dagrun for example_trigger_target_dag to None, run_after=None
[2024-07-06T14:23:56.458+0000] {processor.py:179} INFO - Processing /home/airflow/.local/lib/python3.7/site-packages/airflow/example_dags/example_trigger_target_dag.py took 0.072 seconds
[2024-07-06T14:24:26.840+0000] {processor.py:157} INFO - Started process (PID=1758) to work on /home/airflow/.local/lib/python3.7/site-packages/airflow/example_dags/example_trigger_target_dag.py
[2024-07-06T14:24:26.841+0000] {processor.py:826} INFO - Processing file /home/airflow/.local/lib/python3.7/site-packages/airflow/example_dags/example_trigger_target_dag.py for tasks to queue
[2024-07-06T14:24:26.843+0000] {logging_mixin.py:150} INFO - [2024-07-06T14:24:26.842+0000] {dagbag.py:541} INFO - Filling up the DagBag from /home/airflow/.local/lib/python3.7/site-packages/airflow/example_dags/example_trigger_target_dag.py
[2024-07-06T14:24:26.849+0000] {processor.py:836} INFO - DAG(s) dict_keys(['example_trigger_target_dag']) retrieved from /home/airflow/.local/lib/python3.7/site-packages/airflow/example_dags/example_trigger_target_dag.py
[2024-07-06T14:24:26.873+0000] {logging_mixin.py:150} INFO - [2024-07-06T14:24:26.873+0000] {dag.py:2742} INFO - Sync 1 DAGs
[2024-07-06T14:24:26.898+0000] {logging_mixin.py:150} INFO - [2024-07-06T14:24:26.898+0000] {dag.py:3508} INFO - Setting next_dagrun for example_trigger_target_dag to None, run_after=None
[2024-07-06T14:24:26.913+0000] {processor.py:179} INFO - Processing /home/airflow/.local/lib/python3.7/site-packages/airflow/example_dags/example_trigger_target_dag.py took 0.076 seconds
[2024-07-06T14:24:57.870+0000] {processor.py:157} INFO - Started process (PID=1821) to work on /home/airflow/.local/lib/python3.7/site-packages/airflow/example_dags/example_trigger_target_dag.py
[2024-07-06T14:24:57.872+0000] {processor.py:826} INFO - Processing file /home/airflow/.local/lib/python3.7/site-packages/airflow/example_dags/example_trigger_target_dag.py for tasks to queue
[2024-07-06T14:24:57.873+0000] {logging_mixin.py:150} INFO - [2024-07-06T14:24:57.873+0000] {dagbag.py:541} INFO - Filling up the DagBag from /home/airflow/.local/lib/python3.7/site-packages/airflow/example_dags/example_trigger_target_dag.py
[2024-07-06T14:24:57.880+0000] {processor.py:836} INFO - DAG(s) dict_keys(['example_trigger_target_dag']) retrieved from /home/airflow/.local/lib/python3.7/site-packages/airflow/example_dags/example_trigger_target_dag.py
[2024-07-06T14:24:57.903+0000] {logging_mixin.py:150} INFO - [2024-07-06T14:24:57.903+0000] {dag.py:2742} INFO - Sync 1 DAGs
[2024-07-06T14:24:57.923+0000] {logging_mixin.py:150} INFO - [2024-07-06T14:24:57.923+0000] {dag.py:3508} INFO - Setting next_dagrun for example_trigger_target_dag to None, run_after=None
[2024-07-06T14:24:57.940+0000] {processor.py:179} INFO - Processing /home/airflow/.local/lib/python3.7/site-packages/airflow/example_dags/example_trigger_target_dag.py took 0.073 seconds
[2024-07-06T14:25:28.210+0000] {processor.py:157} INFO - Started process (PID=1885) to work on /home/airflow/.local/lib/python3.7/site-packages/airflow/example_dags/example_trigger_target_dag.py
[2024-07-06T14:25:28.213+0000] {processor.py:826} INFO - Processing file /home/airflow/.local/lib/python3.7/site-packages/airflow/example_dags/example_trigger_target_dag.py for tasks to queue
[2024-07-06T14:25:28.215+0000] {logging_mixin.py:150} INFO - [2024-07-06T14:25:28.214+0000] {dagbag.py:541} INFO - Filling up the DagBag from /home/airflow/.local/lib/python3.7/site-packages/airflow/example_dags/example_trigger_target_dag.py
[2024-07-06T14:25:28.221+0000] {processor.py:836} INFO - DAG(s) dict_keys(['example_trigger_target_dag']) retrieved from /home/airflow/.local/lib/python3.7/site-packages/airflow/example_dags/example_trigger_target_dag.py
[2024-07-06T14:25:28.246+0000] {logging_mixin.py:150} INFO - [2024-07-06T14:25:28.245+0000] {dag.py:2742} INFO - Sync 1 DAGs
[2024-07-06T14:25:28.264+0000] {logging_mixin.py:150} INFO - [2024-07-06T14:25:28.264+0000] {dag.py:3508} INFO - Setting next_dagrun for example_trigger_target_dag to None, run_after=None
[2024-07-06T14:25:28.278+0000] {processor.py:179} INFO - Processing /home/airflow/.local/lib/python3.7/site-packages/airflow/example_dags/example_trigger_target_dag.py took 0.071 seconds
[2024-07-06T14:25:58.955+0000] {processor.py:157} INFO - Started process (PID=1947) to work on /home/airflow/.local/lib/python3.7/site-packages/airflow/example_dags/example_trigger_target_dag.py
[2024-07-06T14:25:58.957+0000] {processor.py:826} INFO - Processing file /home/airflow/.local/lib/python3.7/site-packages/airflow/example_dags/example_trigger_target_dag.py for tasks to queue
[2024-07-06T14:25:58.958+0000] {logging_mixin.py:150} INFO - [2024-07-06T14:25:58.958+0000] {dagbag.py:541} INFO - Filling up the DagBag from /home/airflow/.local/lib/python3.7/site-packages/airflow/example_dags/example_trigger_target_dag.py
[2024-07-06T14:25:58.965+0000] {processor.py:836} INFO - DAG(s) dict_keys(['example_trigger_target_dag']) retrieved from /home/airflow/.local/lib/python3.7/site-packages/airflow/example_dags/example_trigger_target_dag.py
[2024-07-06T14:25:58.985+0000] {logging_mixin.py:150} INFO - [2024-07-06T14:25:58.985+0000] {dag.py:2742} INFO - Sync 1 DAGs
[2024-07-06T14:25:59.003+0000] {logging_mixin.py:150} INFO - [2024-07-06T14:25:59.003+0000] {dag.py:3508} INFO - Setting next_dagrun for example_trigger_target_dag to None, run_after=None
[2024-07-06T14:25:59.017+0000] {processor.py:179} INFO - Processing /home/airflow/.local/lib/python3.7/site-packages/airflow/example_dags/example_trigger_target_dag.py took 0.065 seconds
[2024-07-06T14:26:29.902+0000] {processor.py:157} INFO - Started process (PID=2011) to work on /home/airflow/.local/lib/python3.7/site-packages/airflow/example_dags/example_trigger_target_dag.py
[2024-07-06T14:26:29.904+0000] {processor.py:826} INFO - Processing file /home/airflow/.local/lib/python3.7/site-packages/airflow/example_dags/example_trigger_target_dag.py for tasks to queue
[2024-07-06T14:26:29.906+0000] {logging_mixin.py:150} INFO - [2024-07-06T14:26:29.906+0000] {dagbag.py:541} INFO - Filling up the DagBag from /home/airflow/.local/lib/python3.7/site-packages/airflow/example_dags/example_trigger_target_dag.py
[2024-07-06T14:26:29.911+0000] {processor.py:836} INFO - DAG(s) dict_keys(['example_trigger_target_dag']) retrieved from /home/airflow/.local/lib/python3.7/site-packages/airflow/example_dags/example_trigger_target_dag.py
[2024-07-06T14:26:29.932+0000] {logging_mixin.py:150} INFO - [2024-07-06T14:26:29.932+0000] {dag.py:2742} INFO - Sync 1 DAGs
[2024-07-06T14:26:29.951+0000] {logging_mixin.py:150} INFO - [2024-07-06T14:26:29.951+0000] {dag.py:3508} INFO - Setting next_dagrun for example_trigger_target_dag to None, run_after=None
[2024-07-06T14:26:29.967+0000] {processor.py:179} INFO - Processing /home/airflow/.local/lib/python3.7/site-packages/airflow/example_dags/example_trigger_target_dag.py took 0.067 seconds
[2024-07-06T14:27:00.088+0000] {processor.py:157} INFO - Started process (PID=2074) to work on /home/airflow/.local/lib/python3.7/site-packages/airflow/example_dags/example_trigger_target_dag.py
[2024-07-06T14:27:00.090+0000] {processor.py:826} INFO - Processing file /home/airflow/.local/lib/python3.7/site-packages/airflow/example_dags/example_trigger_target_dag.py for tasks to queue
[2024-07-06T14:27:00.092+0000] {logging_mixin.py:150} INFO - [2024-07-06T14:27:00.091+0000] {dagbag.py:541} INFO - Filling up the DagBag from /home/airflow/.local/lib/python3.7/site-packages/airflow/example_dags/example_trigger_target_dag.py
[2024-07-06T14:27:00.098+0000] {processor.py:836} INFO - DAG(s) dict_keys(['example_trigger_target_dag']) retrieved from /home/airflow/.local/lib/python3.7/site-packages/airflow/example_dags/example_trigger_target_dag.py
[2024-07-06T14:27:00.129+0000] {logging_mixin.py:150} INFO - [2024-07-06T14:27:00.129+0000] {dag.py:2742} INFO - Sync 1 DAGs
[2024-07-06T14:27:00.149+0000] {logging_mixin.py:150} INFO - [2024-07-06T14:27:00.148+0000] {dag.py:3508} INFO - Setting next_dagrun for example_trigger_target_dag to None, run_after=None
[2024-07-06T14:27:00.166+0000] {processor.py:179} INFO - Processing /home/airflow/.local/lib/python3.7/site-packages/airflow/example_dags/example_trigger_target_dag.py took 0.082 seconds
[2024-07-06T14:27:30.539+0000] {processor.py:157} INFO - Started process (PID=2136) to work on /home/airflow/.local/lib/python3.7/site-packages/airflow/example_dags/example_trigger_target_dag.py
[2024-07-06T14:27:30.541+0000] {processor.py:826} INFO - Processing file /home/airflow/.local/lib/python3.7/site-packages/airflow/example_dags/example_trigger_target_dag.py for tasks to queue
[2024-07-06T14:27:30.542+0000] {logging_mixin.py:150} INFO - [2024-07-06T14:27:30.542+0000] {dagbag.py:541} INFO - Filling up the DagBag from /home/airflow/.local/lib/python3.7/site-packages/airflow/example_dags/example_trigger_target_dag.py
[2024-07-06T14:27:30.549+0000] {processor.py:836} INFO - DAG(s) dict_keys(['example_trigger_target_dag']) retrieved from /home/airflow/.local/lib/python3.7/site-packages/airflow/example_dags/example_trigger_target_dag.py
[2024-07-06T14:27:30.571+0000] {logging_mixin.py:150} INFO - [2024-07-06T14:27:30.570+0000] {dag.py:2742} INFO - Sync 1 DAGs
[2024-07-06T14:27:30.588+0000] {logging_mixin.py:150} INFO - [2024-07-06T14:27:30.588+0000] {dag.py:3508} INFO - Setting next_dagrun for example_trigger_target_dag to None, run_after=None
[2024-07-06T14:27:30.602+0000] {processor.py:179} INFO - Processing /home/airflow/.local/lib/python3.7/site-packages/airflow/example_dags/example_trigger_target_dag.py took 0.066 seconds
[2024-07-06T14:28:01.257+0000] {processor.py:157} INFO - Started process (PID=2204) to work on /home/airflow/.local/lib/python3.7/site-packages/airflow/example_dags/example_trigger_target_dag.py
[2024-07-06T14:28:01.259+0000] {processor.py:826} INFO - Processing file /home/airflow/.local/lib/python3.7/site-packages/airflow/example_dags/example_trigger_target_dag.py for tasks to queue
[2024-07-06T14:28:01.261+0000] {logging_mixin.py:150} INFO - [2024-07-06T14:28:01.261+0000] {dagbag.py:541} INFO - Filling up the DagBag from /home/airflow/.local/lib/python3.7/site-packages/airflow/example_dags/example_trigger_target_dag.py
[2024-07-06T14:28:01.266+0000] {processor.py:836} INFO - DAG(s) dict_keys(['example_trigger_target_dag']) retrieved from /home/airflow/.local/lib/python3.7/site-packages/airflow/example_dags/example_trigger_target_dag.py
[2024-07-06T14:28:01.289+0000] {logging_mixin.py:150} INFO - [2024-07-06T14:28:01.289+0000] {dag.py:2742} INFO - Sync 1 DAGs
[2024-07-06T14:28:01.308+0000] {logging_mixin.py:150} INFO - [2024-07-06T14:28:01.307+0000] {dag.py:3508} INFO - Setting next_dagrun for example_trigger_target_dag to None, run_after=None
[2024-07-06T14:28:01.327+0000] {processor.py:179} INFO - Processing /home/airflow/.local/lib/python3.7/site-packages/airflow/example_dags/example_trigger_target_dag.py took 0.072 seconds
[2024-07-06T14:28:32.063+0000] {processor.py:157} INFO - Started process (PID=2272) to work on /home/airflow/.local/lib/python3.7/site-packages/airflow/example_dags/example_trigger_target_dag.py
[2024-07-06T14:28:32.065+0000] {processor.py:826} INFO - Processing file /home/airflow/.local/lib/python3.7/site-packages/airflow/example_dags/example_trigger_target_dag.py for tasks to queue
[2024-07-06T14:28:32.066+0000] {logging_mixin.py:150} INFO - [2024-07-06T14:28:32.066+0000] {dagbag.py:541} INFO - Filling up the DagBag from /home/airflow/.local/lib/python3.7/site-packages/airflow/example_dags/example_trigger_target_dag.py
[2024-07-06T14:28:32.072+0000] {processor.py:836} INFO - DAG(s) dict_keys(['example_trigger_target_dag']) retrieved from /home/airflow/.local/lib/python3.7/site-packages/airflow/example_dags/example_trigger_target_dag.py
[2024-07-06T14:28:32.095+0000] {logging_mixin.py:150} INFO - [2024-07-06T14:28:32.095+0000] {dag.py:2742} INFO - Sync 1 DAGs
[2024-07-06T14:28:32.113+0000] {logging_mixin.py:150} INFO - [2024-07-06T14:28:32.113+0000] {dag.py:3508} INFO - Setting next_dagrun for example_trigger_target_dag to None, run_after=None
[2024-07-06T14:28:32.128+0000] {processor.py:179} INFO - Processing /home/airflow/.local/lib/python3.7/site-packages/airflow/example_dags/example_trigger_target_dag.py took 0.068 seconds
[2024-07-06T14:29:02.758+0000] {processor.py:157} INFO - Started process (PID=2335) to work on /home/airflow/.local/lib/python3.7/site-packages/airflow/example_dags/example_trigger_target_dag.py
[2024-07-06T14:29:02.760+0000] {processor.py:826} INFO - Processing file /home/airflow/.local/lib/python3.7/site-packages/airflow/example_dags/example_trigger_target_dag.py for tasks to queue
[2024-07-06T14:29:02.762+0000] {logging_mixin.py:150} INFO - [2024-07-06T14:29:02.762+0000] {dagbag.py:541} INFO - Filling up the DagBag from /home/airflow/.local/lib/python3.7/site-packages/airflow/example_dags/example_trigger_target_dag.py
[2024-07-06T14:29:02.768+0000] {processor.py:836} INFO - DAG(s) dict_keys(['example_trigger_target_dag']) retrieved from /home/airflow/.local/lib/python3.7/site-packages/airflow/example_dags/example_trigger_target_dag.py
[2024-07-06T14:29:02.790+0000] {logging_mixin.py:150} INFO - [2024-07-06T14:29:02.790+0000] {dag.py:2742} INFO - Sync 1 DAGs
[2024-07-06T14:29:02.810+0000] {logging_mixin.py:150} INFO - [2024-07-06T14:29:02.809+0000] {dag.py:3508} INFO - Setting next_dagrun for example_trigger_target_dag to None, run_after=None
[2024-07-06T14:29:02.822+0000] {processor.py:179} INFO - Processing /home/airflow/.local/lib/python3.7/site-packages/airflow/example_dags/example_trigger_target_dag.py took 0.067 seconds
[2024-07-06T14:29:34.224+0000] {processor.py:157} INFO - Started process (PID=2402) to work on /home/airflow/.local/lib/python3.7/site-packages/airflow/example_dags/example_trigger_target_dag.py
[2024-07-06T14:29:34.226+0000] {processor.py:826} INFO - Processing file /home/airflow/.local/lib/python3.7/site-packages/airflow/example_dags/example_trigger_target_dag.py for tasks to queue
[2024-07-06T14:29:34.228+0000] {logging_mixin.py:150} INFO - [2024-07-06T14:29:34.228+0000] {dagbag.py:541} INFO - Filling up the DagBag from /home/airflow/.local/lib/python3.7/site-packages/airflow/example_dags/example_trigger_target_dag.py
[2024-07-06T14:29:34.240+0000] {processor.py:836} INFO - DAG(s) dict_keys(['example_trigger_target_dag']) retrieved from /home/airflow/.local/lib/python3.7/site-packages/airflow/example_dags/example_trigger_target_dag.py
[2024-07-06T14:29:34.269+0000] {logging_mixin.py:150} INFO - [2024-07-06T14:29:34.269+0000] {dag.py:2742} INFO - Sync 1 DAGs
[2024-07-06T14:29:34.292+0000] {logging_mixin.py:150} INFO - [2024-07-06T14:29:34.292+0000] {dag.py:3508} INFO - Setting next_dagrun for example_trigger_target_dag to None, run_after=None
[2024-07-06T14:29:34.311+0000] {processor.py:179} INFO - Processing /home/airflow/.local/lib/python3.7/site-packages/airflow/example_dags/example_trigger_target_dag.py took 0.089 seconds
[2024-07-06T14:30:04.338+0000] {processor.py:157} INFO - Started process (PID=2465) to work on /home/airflow/.local/lib/python3.7/site-packages/airflow/example_dags/example_trigger_target_dag.py
[2024-07-06T14:30:04.340+0000] {processor.py:826} INFO - Processing file /home/airflow/.local/lib/python3.7/site-packages/airflow/example_dags/example_trigger_target_dag.py for tasks to queue
[2024-07-06T14:30:04.343+0000] {logging_mixin.py:150} INFO - [2024-07-06T14:30:04.342+0000] {dagbag.py:541} INFO - Filling up the DagBag from /home/airflow/.local/lib/python3.7/site-packages/airflow/example_dags/example_trigger_target_dag.py
[2024-07-06T14:30:04.350+0000] {processor.py:836} INFO - DAG(s) dict_keys(['example_trigger_target_dag']) retrieved from /home/airflow/.local/lib/python3.7/site-packages/airflow/example_dags/example_trigger_target_dag.py
[2024-07-06T14:30:04.379+0000] {logging_mixin.py:150} INFO - [2024-07-06T14:30:04.379+0000] {dag.py:2742} INFO - Sync 1 DAGs
[2024-07-06T14:30:04.400+0000] {logging_mixin.py:150} INFO - [2024-07-06T14:30:04.400+0000] {dag.py:3508} INFO - Setting next_dagrun for example_trigger_target_dag to None, run_after=None
[2024-07-06T14:30:04.418+0000] {processor.py:179} INFO - Processing /home/airflow/.local/lib/python3.7/site-packages/airflow/example_dags/example_trigger_target_dag.py took 0.083 seconds
[2024-07-06T14:30:35.582+0000] {processor.py:157} INFO - Started process (PID=2528) to work on /home/airflow/.local/lib/python3.7/site-packages/airflow/example_dags/example_trigger_target_dag.py
[2024-07-06T14:30:35.584+0000] {processor.py:826} INFO - Processing file /home/airflow/.local/lib/python3.7/site-packages/airflow/example_dags/example_trigger_target_dag.py for tasks to queue
[2024-07-06T14:30:35.585+0000] {logging_mixin.py:150} INFO - [2024-07-06T14:30:35.585+0000] {dagbag.py:541} INFO - Filling up the DagBag from /home/airflow/.local/lib/python3.7/site-packages/airflow/example_dags/example_trigger_target_dag.py
[2024-07-06T14:30:35.592+0000] {processor.py:836} INFO - DAG(s) dict_keys(['example_trigger_target_dag']) retrieved from /home/airflow/.local/lib/python3.7/site-packages/airflow/example_dags/example_trigger_target_dag.py
[2024-07-06T14:30:35.614+0000] {logging_mixin.py:150} INFO - [2024-07-06T14:30:35.614+0000] {dag.py:2742} INFO - Sync 1 DAGs
[2024-07-06T14:30:35.637+0000] {logging_mixin.py:150} INFO - [2024-07-06T14:30:35.637+0000] {dag.py:3508} INFO - Setting next_dagrun for example_trigger_target_dag to None, run_after=None
[2024-07-06T14:30:35.652+0000] {processor.py:179} INFO - Processing /home/airflow/.local/lib/python3.7/site-packages/airflow/example_dags/example_trigger_target_dag.py took 0.072 seconds
