[2024-07-06T14:10:43.063+0000] {processor.py:157} INFO - Started process (PID=55) to work on /home/airflow/.local/lib/python3.7/site-packages/airflow/example_dags/example_subdag_operator.py
[2024-07-06T14:10:43.066+0000] {processor.py:826} INFO - Processing file /home/airflow/.local/lib/python3.7/site-packages/airflow/example_dags/example_subdag_operator.py for tasks to queue
[2024-07-06T14:10:43.070+0000] {logging_mixin.py:150} INFO - [2024-07-06T14:10:43.069+0000] {dagbag.py:541} INFO - Filling up the DagBag from /home/airflow/.local/lib/python3.7/site-packages/airflow/example_dags/example_subdag_operator.py
[2024-07-06T14:10:43.152+0000] {processor.py:836} INFO - DAG(s) dict_keys(['example_subdag_operator.section-1', 'example_subdag_operator.section-2', 'example_subdag_operator']) retrieved from /home/airflow/.local/lib/python3.7/site-packages/airflow/example_dags/example_subdag_operator.py
[2024-07-06T14:10:43.159+0000] {logging_mixin.py:150} INFO - [2024-07-06T14:10:43.159+0000] {dag.py:2742} INFO - Sync 3 DAGs
[2024-07-06T14:10:43.201+0000] {logging_mixin.py:150} INFO - [2024-07-06T14:10:43.200+0000] {dag.py:3508} INFO - Setting next_dagrun for example_subdag_operator to 2022-01-01T00:00:00+00:00, run_after=2022-01-01T00:00:00+00:00
[2024-07-06T14:10:43.206+0000] {logging_mixin.py:150} INFO - [2024-07-06T14:10:43.206+0000] {dag.py:3508} INFO - Setting next_dagrun for example_subdag_operator.section-1 to None, run_after=None
[2024-07-06T14:10:43.210+0000] {logging_mixin.py:150} INFO - [2024-07-06T14:10:43.209+0000] {dag.py:3508} INFO - Setting next_dagrun for example_subdag_operator.section-2 to None, run_after=None
[2024-07-06T14:10:43.220+0000] {logging_mixin.py:150} INFO - [2024-07-06T14:10:43.219+0000] {dag.py:2742} INFO - Sync 2 DAGs
[2024-07-06T14:10:43.226+0000] {logging_mixin.py:150} INFO - [2024-07-06T14:10:43.225+0000] {dag.py:3508} INFO - Setting next_dagrun for example_subdag_operator.section-1 to None, run_after=None
[2024-07-06T14:10:43.227+0000] {logging_mixin.py:150} INFO - [2024-07-06T14:10:43.227+0000] {dag.py:3508} INFO - Setting next_dagrun for example_subdag_operator.section-2 to None, run_after=None
[2024-07-06T14:10:43.239+0000] {processor.py:179} INFO - Processing /home/airflow/.local/lib/python3.7/site-packages/airflow/example_dags/example_subdag_operator.py took 0.181 seconds
[2024-07-06T14:11:13.500+0000] {processor.py:157} INFO - Started process (PID=117) to work on /home/airflow/.local/lib/python3.7/site-packages/airflow/example_dags/example_subdag_operator.py
[2024-07-06T14:11:13.502+0000] {processor.py:826} INFO - Processing file /home/airflow/.local/lib/python3.7/site-packages/airflow/example_dags/example_subdag_operator.py for tasks to queue
[2024-07-06T14:11:13.503+0000] {logging_mixin.py:150} INFO - [2024-07-06T14:11:13.503+0000] {dagbag.py:541} INFO - Filling up the DagBag from /home/airflow/.local/lib/python3.7/site-packages/airflow/example_dags/example_subdag_operator.py
[2024-07-06T14:11:13.525+0000] {processor.py:836} INFO - DAG(s) dict_keys(['example_subdag_operator.section-1', 'example_subdag_operator.section-2', 'example_subdag_operator']) retrieved from /home/airflow/.local/lib/python3.7/site-packages/airflow/example_dags/example_subdag_operator.py
[2024-07-06T14:11:13.541+0000] {logging_mixin.py:150} INFO - [2024-07-06T14:11:13.540+0000] {dag.py:2742} INFO - Sync 3 DAGs
[2024-07-06T14:11:13.559+0000] {logging_mixin.py:150} INFO - [2024-07-06T14:11:13.558+0000] {dag.py:3508} INFO - Setting next_dagrun for example_subdag_operator to 2022-01-01T00:00:00+00:00, run_after=2022-01-01T00:00:00+00:00
[2024-07-06T14:11:13.562+0000] {logging_mixin.py:150} INFO - [2024-07-06T14:11:13.562+0000] {dag.py:3508} INFO - Setting next_dagrun for example_subdag_operator.section-1 to None, run_after=None
[2024-07-06T14:11:13.563+0000] {logging_mixin.py:150} INFO - [2024-07-06T14:11:13.563+0000] {dag.py:3508} INFO - Setting next_dagrun for example_subdag_operator.section-2 to None, run_after=None
[2024-07-06T14:11:13.569+0000] {logging_mixin.py:150} INFO - [2024-07-06T14:11:13.569+0000] {dag.py:2742} INFO - Sync 2 DAGs
[2024-07-06T14:11:13.575+0000] {logging_mixin.py:150} INFO - [2024-07-06T14:11:13.575+0000] {dag.py:3508} INFO - Setting next_dagrun for example_subdag_operator.section-1 to None, run_after=None
[2024-07-06T14:11:13.577+0000] {logging_mixin.py:150} INFO - [2024-07-06T14:11:13.577+0000] {dag.py:3508} INFO - Setting next_dagrun for example_subdag_operator.section-2 to None, run_after=None
[2024-07-06T14:11:13.585+0000] {processor.py:179} INFO - Processing /home/airflow/.local/lib/python3.7/site-packages/airflow/example_dags/example_subdag_operator.py took 0.088 seconds
[2024-07-06T14:11:44.594+0000] {processor.py:157} INFO - Started process (PID=180) to work on /home/airflow/.local/lib/python3.7/site-packages/airflow/example_dags/example_subdag_operator.py
[2024-07-06T14:11:44.597+0000] {processor.py:826} INFO - Processing file /home/airflow/.local/lib/python3.7/site-packages/airflow/example_dags/example_subdag_operator.py for tasks to queue
[2024-07-06T14:11:44.598+0000] {logging_mixin.py:150} INFO - [2024-07-06T14:11:44.598+0000] {dagbag.py:541} INFO - Filling up the DagBag from /home/airflow/.local/lib/python3.7/site-packages/airflow/example_dags/example_subdag_operator.py
[2024-07-06T14:11:44.621+0000] {processor.py:836} INFO - DAG(s) dict_keys(['example_subdag_operator.section-1', 'example_subdag_operator.section-2', 'example_subdag_operator']) retrieved from /home/airflow/.local/lib/python3.7/site-packages/airflow/example_dags/example_subdag_operator.py
[2024-07-06T14:11:44.635+0000] {logging_mixin.py:150} INFO - [2024-07-06T14:11:44.635+0000] {dag.py:2742} INFO - Sync 3 DAGs
[2024-07-06T14:11:44.653+0000] {logging_mixin.py:150} INFO - [2024-07-06T14:11:44.653+0000] {dag.py:3508} INFO - Setting next_dagrun for example_subdag_operator to 2022-01-01T00:00:00+00:00, run_after=2022-01-01T00:00:00+00:00
[2024-07-06T14:11:44.656+0000] {logging_mixin.py:150} INFO - [2024-07-06T14:11:44.656+0000] {dag.py:3508} INFO - Setting next_dagrun for example_subdag_operator.section-1 to None, run_after=None
[2024-07-06T14:11:44.658+0000] {logging_mixin.py:150} INFO - [2024-07-06T14:11:44.658+0000] {dag.py:3508} INFO - Setting next_dagrun for example_subdag_operator.section-2 to None, run_after=None
[2024-07-06T14:11:44.664+0000] {logging_mixin.py:150} INFO - [2024-07-06T14:11:44.664+0000] {dag.py:2742} INFO - Sync 2 DAGs
[2024-07-06T14:11:44.671+0000] {logging_mixin.py:150} INFO - [2024-07-06T14:11:44.671+0000] {dag.py:3508} INFO - Setting next_dagrun for example_subdag_operator.section-1 to None, run_after=None
[2024-07-06T14:11:44.673+0000] {logging_mixin.py:150} INFO - [2024-07-06T14:11:44.673+0000] {dag.py:3508} INFO - Setting next_dagrun for example_subdag_operator.section-2 to None, run_after=None
[2024-07-06T14:11:44.683+0000] {processor.py:179} INFO - Processing /home/airflow/.local/lib/python3.7/site-packages/airflow/example_dags/example_subdag_operator.py took 0.092 seconds
[2024-07-06T14:12:15.024+0000] {processor.py:157} INFO - Started process (PID=243) to work on /home/airflow/.local/lib/python3.7/site-packages/airflow/example_dags/example_subdag_operator.py
[2024-07-06T14:12:15.026+0000] {processor.py:826} INFO - Processing file /home/airflow/.local/lib/python3.7/site-packages/airflow/example_dags/example_subdag_operator.py for tasks to queue
[2024-07-06T14:12:15.027+0000] {logging_mixin.py:150} INFO - [2024-07-06T14:12:15.027+0000] {dagbag.py:541} INFO - Filling up the DagBag from /home/airflow/.local/lib/python3.7/site-packages/airflow/example_dags/example_subdag_operator.py
[2024-07-06T14:12:15.049+0000] {processor.py:836} INFO - DAG(s) dict_keys(['example_subdag_operator.section-1', 'example_subdag_operator.section-2', 'example_subdag_operator']) retrieved from /home/airflow/.local/lib/python3.7/site-packages/airflow/example_dags/example_subdag_operator.py
[2024-07-06T14:12:15.064+0000] {logging_mixin.py:150} INFO - [2024-07-06T14:12:15.063+0000] {dag.py:2742} INFO - Sync 3 DAGs
[2024-07-06T14:12:15.082+0000] {logging_mixin.py:150} INFO - [2024-07-06T14:12:15.082+0000] {dag.py:3508} INFO - Setting next_dagrun for example_subdag_operator to 2022-01-01T00:00:00+00:00, run_after=2022-01-01T00:00:00+00:00
[2024-07-06T14:12:15.087+0000] {logging_mixin.py:150} INFO - [2024-07-06T14:12:15.087+0000] {dag.py:3508} INFO - Setting next_dagrun for example_subdag_operator.section-1 to None, run_after=None
[2024-07-06T14:12:15.089+0000] {logging_mixin.py:150} INFO - [2024-07-06T14:12:15.089+0000] {dag.py:3508} INFO - Setting next_dagrun for example_subdag_operator.section-2 to None, run_after=None
[2024-07-06T14:12:15.094+0000] {logging_mixin.py:150} INFO - [2024-07-06T14:12:15.094+0000] {dag.py:2742} INFO - Sync 2 DAGs
[2024-07-06T14:12:15.099+0000] {logging_mixin.py:150} INFO - [2024-07-06T14:12:15.099+0000] {dag.py:3508} INFO - Setting next_dagrun for example_subdag_operator.section-1 to None, run_after=None
[2024-07-06T14:12:15.100+0000] {logging_mixin.py:150} INFO - [2024-07-06T14:12:15.100+0000] {dag.py:3508} INFO - Setting next_dagrun for example_subdag_operator.section-2 to None, run_after=None
[2024-07-06T14:12:15.107+0000] {processor.py:179} INFO - Processing /home/airflow/.local/lib/python3.7/site-packages/airflow/example_dags/example_subdag_operator.py took 0.086 seconds
[2024-07-06T14:12:45.352+0000] {processor.py:157} INFO - Started process (PID=306) to work on /home/airflow/.local/lib/python3.7/site-packages/airflow/example_dags/example_subdag_operator.py
[2024-07-06T14:12:45.353+0000] {processor.py:826} INFO - Processing file /home/airflow/.local/lib/python3.7/site-packages/airflow/example_dags/example_subdag_operator.py for tasks to queue
[2024-07-06T14:12:45.355+0000] {logging_mixin.py:150} INFO - [2024-07-06T14:12:45.355+0000] {dagbag.py:541} INFO - Filling up the DagBag from /home/airflow/.local/lib/python3.7/site-packages/airflow/example_dags/example_subdag_operator.py
[2024-07-06T14:12:45.382+0000] {processor.py:836} INFO - DAG(s) dict_keys(['example_subdag_operator.section-1', 'example_subdag_operator.section-2', 'example_subdag_operator']) retrieved from /home/airflow/.local/lib/python3.7/site-packages/airflow/example_dags/example_subdag_operator.py
[2024-07-06T14:12:45.397+0000] {logging_mixin.py:150} INFO - [2024-07-06T14:12:45.397+0000] {dag.py:2742} INFO - Sync 3 DAGs
[2024-07-06T14:12:45.414+0000] {logging_mixin.py:150} INFO - [2024-07-06T14:12:45.414+0000] {dag.py:3508} INFO - Setting next_dagrun for example_subdag_operator to 2022-01-01T00:00:00+00:00, run_after=2022-01-01T00:00:00+00:00
[2024-07-06T14:12:45.418+0000] {logging_mixin.py:150} INFO - [2024-07-06T14:12:45.418+0000] {dag.py:3508} INFO - Setting next_dagrun for example_subdag_operator.section-1 to None, run_after=None
[2024-07-06T14:12:45.420+0000] {logging_mixin.py:150} INFO - [2024-07-06T14:12:45.420+0000] {dag.py:3508} INFO - Setting next_dagrun for example_subdag_operator.section-2 to None, run_after=None
[2024-07-06T14:12:45.426+0000] {logging_mixin.py:150} INFO - [2024-07-06T14:12:45.426+0000] {dag.py:2742} INFO - Sync 2 DAGs
[2024-07-06T14:12:45.432+0000] {logging_mixin.py:150} INFO - [2024-07-06T14:12:45.431+0000] {dag.py:3508} INFO - Setting next_dagrun for example_subdag_operator.section-1 to None, run_after=None
[2024-07-06T14:12:45.433+0000] {logging_mixin.py:150} INFO - [2024-07-06T14:12:45.433+0000] {dag.py:3508} INFO - Setting next_dagrun for example_subdag_operator.section-2 to None, run_after=None
[2024-07-06T14:12:45.442+0000] {processor.py:179} INFO - Processing /home/airflow/.local/lib/python3.7/site-packages/airflow/example_dags/example_subdag_operator.py took 0.093 seconds
[2024-07-06T14:13:16.590+0000] {processor.py:157} INFO - Started process (PID=369) to work on /home/airflow/.local/lib/python3.7/site-packages/airflow/example_dags/example_subdag_operator.py
[2024-07-06T14:13:16.592+0000] {processor.py:826} INFO - Processing file /home/airflow/.local/lib/python3.7/site-packages/airflow/example_dags/example_subdag_operator.py for tasks to queue
[2024-07-06T14:13:16.594+0000] {logging_mixin.py:150} INFO - [2024-07-06T14:13:16.593+0000] {dagbag.py:541} INFO - Filling up the DagBag from /home/airflow/.local/lib/python3.7/site-packages/airflow/example_dags/example_subdag_operator.py
[2024-07-06T14:13:16.616+0000] {processor.py:836} INFO - DAG(s) dict_keys(['example_subdag_operator.section-1', 'example_subdag_operator.section-2', 'example_subdag_operator']) retrieved from /home/airflow/.local/lib/python3.7/site-packages/airflow/example_dags/example_subdag_operator.py
[2024-07-06T14:13:16.630+0000] {logging_mixin.py:150} INFO - [2024-07-06T14:13:16.629+0000] {dag.py:2742} INFO - Sync 3 DAGs
[2024-07-06T14:13:16.647+0000] {logging_mixin.py:150} INFO - [2024-07-06T14:13:16.647+0000] {dag.py:3508} INFO - Setting next_dagrun for example_subdag_operator to 2022-01-01T00:00:00+00:00, run_after=2022-01-01T00:00:00+00:00
[2024-07-06T14:13:16.650+0000] {logging_mixin.py:150} INFO - [2024-07-06T14:13:16.650+0000] {dag.py:3508} INFO - Setting next_dagrun for example_subdag_operator.section-1 to None, run_after=None
[2024-07-06T14:13:16.652+0000] {logging_mixin.py:150} INFO - [2024-07-06T14:13:16.652+0000] {dag.py:3508} INFO - Setting next_dagrun for example_subdag_operator.section-2 to None, run_after=None
[2024-07-06T14:13:16.659+0000] {logging_mixin.py:150} INFO - [2024-07-06T14:13:16.658+0000] {dag.py:2742} INFO - Sync 2 DAGs
[2024-07-06T14:13:16.663+0000] {logging_mixin.py:150} INFO - [2024-07-06T14:13:16.663+0000] {dag.py:3508} INFO - Setting next_dagrun for example_subdag_operator.section-1 to None, run_after=None
[2024-07-06T14:13:16.664+0000] {logging_mixin.py:150} INFO - [2024-07-06T14:13:16.664+0000] {dag.py:3508} INFO - Setting next_dagrun for example_subdag_operator.section-2 to None, run_after=None
[2024-07-06T14:13:16.674+0000] {processor.py:179} INFO - Processing /home/airflow/.local/lib/python3.7/site-packages/airflow/example_dags/example_subdag_operator.py took 0.086 seconds
[2024-07-06T14:13:47.017+0000] {processor.py:157} INFO - Started process (PID=433) to work on /home/airflow/.local/lib/python3.7/site-packages/airflow/example_dags/example_subdag_operator.py
[2024-07-06T14:13:47.018+0000] {processor.py:826} INFO - Processing file /home/airflow/.local/lib/python3.7/site-packages/airflow/example_dags/example_subdag_operator.py for tasks to queue
[2024-07-06T14:13:47.021+0000] {logging_mixin.py:150} INFO - [2024-07-06T14:13:47.020+0000] {dagbag.py:541} INFO - Filling up the DagBag from /home/airflow/.local/lib/python3.7/site-packages/airflow/example_dags/example_subdag_operator.py
[2024-07-06T14:13:47.046+0000] {processor.py:836} INFO - DAG(s) dict_keys(['example_subdag_operator.section-1', 'example_subdag_operator.section-2', 'example_subdag_operator']) retrieved from /home/airflow/.local/lib/python3.7/site-packages/airflow/example_dags/example_subdag_operator.py
[2024-07-06T14:13:47.062+0000] {logging_mixin.py:150} INFO - [2024-07-06T14:13:47.062+0000] {dag.py:2742} INFO - Sync 3 DAGs
[2024-07-06T14:13:47.080+0000] {logging_mixin.py:150} INFO - [2024-07-06T14:13:47.080+0000] {dag.py:3508} INFO - Setting next_dagrun for example_subdag_operator to 2022-01-01T00:00:00+00:00, run_after=2022-01-01T00:00:00+00:00
[2024-07-06T14:13:47.083+0000] {logging_mixin.py:150} INFO - [2024-07-06T14:13:47.083+0000] {dag.py:3508} INFO - Setting next_dagrun for example_subdag_operator.section-1 to None, run_after=None
[2024-07-06T14:13:47.085+0000] {logging_mixin.py:150} INFO - [2024-07-06T14:13:47.085+0000] {dag.py:3508} INFO - Setting next_dagrun for example_subdag_operator.section-2 to None, run_after=None
[2024-07-06T14:13:47.090+0000] {logging_mixin.py:150} INFO - [2024-07-06T14:13:47.090+0000] {dag.py:2742} INFO - Sync 2 DAGs
[2024-07-06T14:13:47.095+0000] {logging_mixin.py:150} INFO - [2024-07-06T14:13:47.094+0000] {dag.py:3508} INFO - Setting next_dagrun for example_subdag_operator.section-1 to None, run_after=None
[2024-07-06T14:13:47.096+0000] {logging_mixin.py:150} INFO - [2024-07-06T14:13:47.096+0000] {dag.py:3508} INFO - Setting next_dagrun for example_subdag_operator.section-2 to None, run_after=None
[2024-07-06T14:13:47.105+0000] {processor.py:179} INFO - Processing /home/airflow/.local/lib/python3.7/site-packages/airflow/example_dags/example_subdag_operator.py took 0.091 seconds
[2024-07-06T14:14:17.265+0000] {processor.py:157} INFO - Started process (PID=496) to work on /home/airflow/.local/lib/python3.7/site-packages/airflow/example_dags/example_subdag_operator.py
[2024-07-06T14:14:17.267+0000] {processor.py:826} INFO - Processing file /home/airflow/.local/lib/python3.7/site-packages/airflow/example_dags/example_subdag_operator.py for tasks to queue
[2024-07-06T14:14:17.268+0000] {logging_mixin.py:150} INFO - [2024-07-06T14:14:17.268+0000] {dagbag.py:541} INFO - Filling up the DagBag from /home/airflow/.local/lib/python3.7/site-packages/airflow/example_dags/example_subdag_operator.py
[2024-07-06T14:14:17.291+0000] {processor.py:836} INFO - DAG(s) dict_keys(['example_subdag_operator.section-1', 'example_subdag_operator.section-2', 'example_subdag_operator']) retrieved from /home/airflow/.local/lib/python3.7/site-packages/airflow/example_dags/example_subdag_operator.py
[2024-07-06T14:14:17.305+0000] {logging_mixin.py:150} INFO - [2024-07-06T14:14:17.305+0000] {dag.py:2742} INFO - Sync 3 DAGs
[2024-07-06T14:14:17.325+0000] {logging_mixin.py:150} INFO - [2024-07-06T14:14:17.324+0000] {dag.py:3508} INFO - Setting next_dagrun for example_subdag_operator to 2022-01-01T00:00:00+00:00, run_after=2022-01-01T00:00:00+00:00
[2024-07-06T14:14:17.328+0000] {logging_mixin.py:150} INFO - [2024-07-06T14:14:17.328+0000] {dag.py:3508} INFO - Setting next_dagrun for example_subdag_operator.section-1 to None, run_after=None
[2024-07-06T14:14:17.330+0000] {logging_mixin.py:150} INFO - [2024-07-06T14:14:17.330+0000] {dag.py:3508} INFO - Setting next_dagrun for example_subdag_operator.section-2 to None, run_after=None
[2024-07-06T14:14:17.336+0000] {logging_mixin.py:150} INFO - [2024-07-06T14:14:17.336+0000] {dag.py:2742} INFO - Sync 2 DAGs
[2024-07-06T14:14:17.341+0000] {logging_mixin.py:150} INFO - [2024-07-06T14:14:17.341+0000] {dag.py:3508} INFO - Setting next_dagrun for example_subdag_operator.section-1 to None, run_after=None
[2024-07-06T14:14:17.342+0000] {logging_mixin.py:150} INFO - [2024-07-06T14:14:17.342+0000] {dag.py:3508} INFO - Setting next_dagrun for example_subdag_operator.section-2 to None, run_after=None
[2024-07-06T14:14:17.351+0000] {processor.py:179} INFO - Processing /home/airflow/.local/lib/python3.7/site-packages/airflow/example_dags/example_subdag_operator.py took 0.089 seconds
[2024-07-06T14:14:47.557+0000] {processor.py:157} INFO - Started process (PID=555) to work on /home/airflow/.local/lib/python3.7/site-packages/airflow/example_dags/example_subdag_operator.py
[2024-07-06T14:14:47.559+0000] {processor.py:826} INFO - Processing file /home/airflow/.local/lib/python3.7/site-packages/airflow/example_dags/example_subdag_operator.py for tasks to queue
[2024-07-06T14:14:47.560+0000] {logging_mixin.py:150} INFO - [2024-07-06T14:14:47.560+0000] {dagbag.py:541} INFO - Filling up the DagBag from /home/airflow/.local/lib/python3.7/site-packages/airflow/example_dags/example_subdag_operator.py
[2024-07-06T14:14:47.582+0000] {processor.py:836} INFO - DAG(s) dict_keys(['example_subdag_operator.section-1', 'example_subdag_operator.section-2', 'example_subdag_operator']) retrieved from /home/airflow/.local/lib/python3.7/site-packages/airflow/example_dags/example_subdag_operator.py
[2024-07-06T14:14:47.596+0000] {logging_mixin.py:150} INFO - [2024-07-06T14:14:47.596+0000] {dag.py:2742} INFO - Sync 3 DAGs
[2024-07-06T14:14:47.616+0000] {logging_mixin.py:150} INFO - [2024-07-06T14:14:47.616+0000] {dag.py:3508} INFO - Setting next_dagrun for example_subdag_operator to 2022-01-01T00:00:00+00:00, run_after=2022-01-01T00:00:00+00:00
[2024-07-06T14:14:47.619+0000] {logging_mixin.py:150} INFO - [2024-07-06T14:14:47.619+0000] {dag.py:3508} INFO - Setting next_dagrun for example_subdag_operator.section-1 to None, run_after=None
[2024-07-06T14:14:47.621+0000] {logging_mixin.py:150} INFO - [2024-07-06T14:14:47.620+0000] {dag.py:3508} INFO - Setting next_dagrun for example_subdag_operator.section-2 to None, run_after=None
[2024-07-06T14:14:47.627+0000] {logging_mixin.py:150} INFO - [2024-07-06T14:14:47.627+0000] {dag.py:2742} INFO - Sync 2 DAGs
[2024-07-06T14:14:47.633+0000] {logging_mixin.py:150} INFO - [2024-07-06T14:14:47.633+0000] {dag.py:3508} INFO - Setting next_dagrun for example_subdag_operator.section-1 to None, run_after=None
[2024-07-06T14:14:47.634+0000] {logging_mixin.py:150} INFO - [2024-07-06T14:14:47.634+0000] {dag.py:3508} INFO - Setting next_dagrun for example_subdag_operator.section-2 to None, run_after=None
[2024-07-06T14:14:47.641+0000] {processor.py:179} INFO - Processing /home/airflow/.local/lib/python3.7/site-packages/airflow/example_dags/example_subdag_operator.py took 0.088 seconds
[2024-07-06T14:15:18.584+0000] {processor.py:157} INFO - Started process (PID=618) to work on /home/airflow/.local/lib/python3.7/site-packages/airflow/example_dags/example_subdag_operator.py
[2024-07-06T14:15:18.586+0000] {processor.py:826} INFO - Processing file /home/airflow/.local/lib/python3.7/site-packages/airflow/example_dags/example_subdag_operator.py for tasks to queue
[2024-07-06T14:15:18.588+0000] {logging_mixin.py:150} INFO - [2024-07-06T14:15:18.588+0000] {dagbag.py:541} INFO - Filling up the DagBag from /home/airflow/.local/lib/python3.7/site-packages/airflow/example_dags/example_subdag_operator.py
[2024-07-06T14:15:18.615+0000] {processor.py:836} INFO - DAG(s) dict_keys(['example_subdag_operator.section-1', 'example_subdag_operator.section-2', 'example_subdag_operator']) retrieved from /home/airflow/.local/lib/python3.7/site-packages/airflow/example_dags/example_subdag_operator.py
[2024-07-06T14:15:18.630+0000] {logging_mixin.py:150} INFO - [2024-07-06T14:15:18.630+0000] {dag.py:2742} INFO - Sync 3 DAGs
[2024-07-06T14:15:18.649+0000] {logging_mixin.py:150} INFO - [2024-07-06T14:15:18.649+0000] {dag.py:3508} INFO - Setting next_dagrun for example_subdag_operator to 2022-01-01T00:00:00+00:00, run_after=2022-01-01T00:00:00+00:00
[2024-07-06T14:15:18.653+0000] {logging_mixin.py:150} INFO - [2024-07-06T14:15:18.653+0000] {dag.py:3508} INFO - Setting next_dagrun for example_subdag_operator.section-1 to None, run_after=None
[2024-07-06T14:15:18.655+0000] {logging_mixin.py:150} INFO - [2024-07-06T14:15:18.655+0000] {dag.py:3508} INFO - Setting next_dagrun for example_subdag_operator.section-2 to None, run_after=None
[2024-07-06T14:15:18.662+0000] {logging_mixin.py:150} INFO - [2024-07-06T14:15:18.662+0000] {dag.py:2742} INFO - Sync 2 DAGs
[2024-07-06T14:15:18.667+0000] {logging_mixin.py:150} INFO - [2024-07-06T14:15:18.667+0000] {dag.py:3508} INFO - Setting next_dagrun for example_subdag_operator.section-1 to None, run_after=None
[2024-07-06T14:15:18.669+0000] {logging_mixin.py:150} INFO - [2024-07-06T14:15:18.668+0000] {dag.py:3508} INFO - Setting next_dagrun for example_subdag_operator.section-2 to None, run_after=None
[2024-07-06T14:15:18.679+0000] {processor.py:179} INFO - Processing /home/airflow/.local/lib/python3.7/site-packages/airflow/example_dags/example_subdag_operator.py took 0.099 seconds
[2024-07-06T14:15:49.397+0000] {processor.py:157} INFO - Started process (PID=680) to work on /home/airflow/.local/lib/python3.7/site-packages/airflow/example_dags/example_subdag_operator.py
[2024-07-06T14:15:49.399+0000] {processor.py:826} INFO - Processing file /home/airflow/.local/lib/python3.7/site-packages/airflow/example_dags/example_subdag_operator.py for tasks to queue
[2024-07-06T14:15:49.401+0000] {logging_mixin.py:150} INFO - [2024-07-06T14:15:49.401+0000] {dagbag.py:541} INFO - Filling up the DagBag from /home/airflow/.local/lib/python3.7/site-packages/airflow/example_dags/example_subdag_operator.py
[2024-07-06T14:15:49.428+0000] {processor.py:836} INFO - DAG(s) dict_keys(['example_subdag_operator.section-1', 'example_subdag_operator.section-2', 'example_subdag_operator']) retrieved from /home/airflow/.local/lib/python3.7/site-packages/airflow/example_dags/example_subdag_operator.py
[2024-07-06T14:15:49.443+0000] {logging_mixin.py:150} INFO - [2024-07-06T14:15:49.443+0000] {dag.py:2742} INFO - Sync 3 DAGs
[2024-07-06T14:15:49.461+0000] {logging_mixin.py:150} INFO - [2024-07-06T14:15:49.461+0000] {dag.py:3508} INFO - Setting next_dagrun for example_subdag_operator to 2022-01-01T00:00:00+00:00, run_after=2022-01-01T00:00:00+00:00
[2024-07-06T14:15:49.465+0000] {logging_mixin.py:150} INFO - [2024-07-06T14:15:49.465+0000] {dag.py:3508} INFO - Setting next_dagrun for example_subdag_operator.section-1 to None, run_after=None
[2024-07-06T14:15:49.467+0000] {logging_mixin.py:150} INFO - [2024-07-06T14:15:49.467+0000] {dag.py:3508} INFO - Setting next_dagrun for example_subdag_operator.section-2 to None, run_after=None
[2024-07-06T14:15:49.472+0000] {logging_mixin.py:150} INFO - [2024-07-06T14:15:49.472+0000] {dag.py:2742} INFO - Sync 2 DAGs
[2024-07-06T14:15:49.476+0000] {logging_mixin.py:150} INFO - [2024-07-06T14:15:49.476+0000] {dag.py:3508} INFO - Setting next_dagrun for example_subdag_operator.section-1 to None, run_after=None
[2024-07-06T14:15:49.477+0000] {logging_mixin.py:150} INFO - [2024-07-06T14:15:49.477+0000] {dag.py:3508} INFO - Setting next_dagrun for example_subdag_operator.section-2 to None, run_after=None
[2024-07-06T14:15:49.484+0000] {processor.py:179} INFO - Processing /home/airflow/.local/lib/python3.7/site-packages/airflow/example_dags/example_subdag_operator.py took 0.091 seconds
[2024-07-06T14:16:19.931+0000] {processor.py:157} INFO - Started process (PID=743) to work on /home/airflow/.local/lib/python3.7/site-packages/airflow/example_dags/example_subdag_operator.py
[2024-07-06T14:16:19.933+0000] {processor.py:826} INFO - Processing file /home/airflow/.local/lib/python3.7/site-packages/airflow/example_dags/example_subdag_operator.py for tasks to queue
[2024-07-06T14:16:19.935+0000] {logging_mixin.py:150} INFO - [2024-07-06T14:16:19.935+0000] {dagbag.py:541} INFO - Filling up the DagBag from /home/airflow/.local/lib/python3.7/site-packages/airflow/example_dags/example_subdag_operator.py
[2024-07-06T14:16:19.961+0000] {processor.py:836} INFO - DAG(s) dict_keys(['example_subdag_operator.section-1', 'example_subdag_operator.section-2', 'example_subdag_operator']) retrieved from /home/airflow/.local/lib/python3.7/site-packages/airflow/example_dags/example_subdag_operator.py
[2024-07-06T14:16:19.977+0000] {logging_mixin.py:150} INFO - [2024-07-06T14:16:19.977+0000] {dag.py:2742} INFO - Sync 3 DAGs
[2024-07-06T14:16:19.998+0000] {logging_mixin.py:150} INFO - [2024-07-06T14:16:19.998+0000] {dag.py:3508} INFO - Setting next_dagrun for example_subdag_operator to 2022-01-01T00:00:00+00:00, run_after=2022-01-01T00:00:00+00:00
[2024-07-06T14:16:20.002+0000] {logging_mixin.py:150} INFO - [2024-07-06T14:16:20.002+0000] {dag.py:3508} INFO - Setting next_dagrun for example_subdag_operator.section-1 to None, run_after=None
[2024-07-06T14:16:20.004+0000] {logging_mixin.py:150} INFO - [2024-07-06T14:16:20.004+0000] {dag.py:3508} INFO - Setting next_dagrun for example_subdag_operator.section-2 to None, run_after=None
[2024-07-06T14:16:20.014+0000] {logging_mixin.py:150} INFO - [2024-07-06T14:16:20.014+0000] {dag.py:2742} INFO - Sync 2 DAGs
[2024-07-06T14:16:20.021+0000] {logging_mixin.py:150} INFO - [2024-07-06T14:16:20.021+0000] {dag.py:3508} INFO - Setting next_dagrun for example_subdag_operator.section-1 to None, run_after=None
[2024-07-06T14:16:20.022+0000] {logging_mixin.py:150} INFO - [2024-07-06T14:16:20.022+0000] {dag.py:3508} INFO - Setting next_dagrun for example_subdag_operator.section-2 to None, run_after=None
[2024-07-06T14:16:20.033+0000] {processor.py:179} INFO - Processing /home/airflow/.local/lib/python3.7/site-packages/airflow/example_dags/example_subdag_operator.py took 0.104 seconds
[2024-07-06T14:16:50.399+0000] {processor.py:157} INFO - Started process (PID=806) to work on /home/airflow/.local/lib/python3.7/site-packages/airflow/example_dags/example_subdag_operator.py
[2024-07-06T14:16:50.402+0000] {processor.py:826} INFO - Processing file /home/airflow/.local/lib/python3.7/site-packages/airflow/example_dags/example_subdag_operator.py for tasks to queue
[2024-07-06T14:16:50.403+0000] {logging_mixin.py:150} INFO - [2024-07-06T14:16:50.403+0000] {dagbag.py:541} INFO - Filling up the DagBag from /home/airflow/.local/lib/python3.7/site-packages/airflow/example_dags/example_subdag_operator.py
[2024-07-06T14:16:50.427+0000] {processor.py:836} INFO - DAG(s) dict_keys(['example_subdag_operator.section-1', 'example_subdag_operator.section-2', 'example_subdag_operator']) retrieved from /home/airflow/.local/lib/python3.7/site-packages/airflow/example_dags/example_subdag_operator.py
[2024-07-06T14:16:50.442+0000] {logging_mixin.py:150} INFO - [2024-07-06T14:16:50.442+0000] {dag.py:2742} INFO - Sync 3 DAGs
[2024-07-06T14:16:50.461+0000] {logging_mixin.py:150} INFO - [2024-07-06T14:16:50.460+0000] {dag.py:3508} INFO - Setting next_dagrun for example_subdag_operator to 2022-01-01T00:00:00+00:00, run_after=2022-01-01T00:00:00+00:00
[2024-07-06T14:16:50.464+0000] {logging_mixin.py:150} INFO - [2024-07-06T14:16:50.464+0000] {dag.py:3508} INFO - Setting next_dagrun for example_subdag_operator.section-1 to None, run_after=None
[2024-07-06T14:16:50.466+0000] {logging_mixin.py:150} INFO - [2024-07-06T14:16:50.466+0000] {dag.py:3508} INFO - Setting next_dagrun for example_subdag_operator.section-2 to None, run_after=None
[2024-07-06T14:16:50.472+0000] {logging_mixin.py:150} INFO - [2024-07-06T14:16:50.472+0000] {dag.py:2742} INFO - Sync 2 DAGs
[2024-07-06T14:16:50.479+0000] {logging_mixin.py:150} INFO - [2024-07-06T14:16:50.478+0000] {dag.py:3508} INFO - Setting next_dagrun for example_subdag_operator.section-1 to None, run_after=None
[2024-07-06T14:16:50.480+0000] {logging_mixin.py:150} INFO - [2024-07-06T14:16:50.480+0000] {dag.py:3508} INFO - Setting next_dagrun for example_subdag_operator.section-2 to None, run_after=None
[2024-07-06T14:16:50.488+0000] {processor.py:179} INFO - Processing /home/airflow/.local/lib/python3.7/site-packages/airflow/example_dags/example_subdag_operator.py took 0.092 seconds
[2024-07-06T14:17:20.800+0000] {processor.py:157} INFO - Started process (PID=869) to work on /home/airflow/.local/lib/python3.7/site-packages/airflow/example_dags/example_subdag_operator.py
[2024-07-06T14:17:20.802+0000] {processor.py:826} INFO - Processing file /home/airflow/.local/lib/python3.7/site-packages/airflow/example_dags/example_subdag_operator.py for tasks to queue
[2024-07-06T14:17:20.805+0000] {logging_mixin.py:150} INFO - [2024-07-06T14:17:20.804+0000] {dagbag.py:541} INFO - Filling up the DagBag from /home/airflow/.local/lib/python3.7/site-packages/airflow/example_dags/example_subdag_operator.py
[2024-07-06T14:17:20.827+0000] {processor.py:836} INFO - DAG(s) dict_keys(['example_subdag_operator.section-1', 'example_subdag_operator.section-2', 'example_subdag_operator']) retrieved from /home/airflow/.local/lib/python3.7/site-packages/airflow/example_dags/example_subdag_operator.py
[2024-07-06T14:17:20.841+0000] {logging_mixin.py:150} INFO - [2024-07-06T14:17:20.840+0000] {dag.py:2742} INFO - Sync 3 DAGs
[2024-07-06T14:17:20.856+0000] {logging_mixin.py:150} INFO - [2024-07-06T14:17:20.856+0000] {dag.py:3508} INFO - Setting next_dagrun for example_subdag_operator to 2022-01-01T00:00:00+00:00, run_after=2022-01-01T00:00:00+00:00
[2024-07-06T14:17:20.859+0000] {logging_mixin.py:150} INFO - [2024-07-06T14:17:20.859+0000] {dag.py:3508} INFO - Setting next_dagrun for example_subdag_operator.section-1 to None, run_after=None
[2024-07-06T14:17:20.860+0000] {logging_mixin.py:150} INFO - [2024-07-06T14:17:20.860+0000] {dag.py:3508} INFO - Setting next_dagrun for example_subdag_operator.section-2 to None, run_after=None
[2024-07-06T14:17:20.865+0000] {logging_mixin.py:150} INFO - [2024-07-06T14:17:20.865+0000] {dag.py:2742} INFO - Sync 2 DAGs
[2024-07-06T14:17:20.870+0000] {logging_mixin.py:150} INFO - [2024-07-06T14:17:20.869+0000] {dag.py:3508} INFO - Setting next_dagrun for example_subdag_operator.section-1 to None, run_after=None
[2024-07-06T14:17:20.870+0000] {logging_mixin.py:150} INFO - [2024-07-06T14:17:20.870+0000] {dag.py:3508} INFO - Setting next_dagrun for example_subdag_operator.section-2 to None, run_after=None
[2024-07-06T14:17:20.879+0000] {processor.py:179} INFO - Processing /home/airflow/.local/lib/python3.7/site-packages/airflow/example_dags/example_subdag_operator.py took 0.082 seconds
[2024-07-06T14:17:51.032+0000] {processor.py:157} INFO - Started process (PID=931) to work on /home/airflow/.local/lib/python3.7/site-packages/airflow/example_dags/example_subdag_operator.py
[2024-07-06T14:17:51.034+0000] {processor.py:826} INFO - Processing file /home/airflow/.local/lib/python3.7/site-packages/airflow/example_dags/example_subdag_operator.py for tasks to queue
[2024-07-06T14:17:51.037+0000] {logging_mixin.py:150} INFO - [2024-07-06T14:17:51.035+0000] {dagbag.py:541} INFO - Filling up the DagBag from /home/airflow/.local/lib/python3.7/site-packages/airflow/example_dags/example_subdag_operator.py
[2024-07-06T14:17:51.058+0000] {processor.py:836} INFO - DAG(s) dict_keys(['example_subdag_operator.section-1', 'example_subdag_operator.section-2', 'example_subdag_operator']) retrieved from /home/airflow/.local/lib/python3.7/site-packages/airflow/example_dags/example_subdag_operator.py
[2024-07-06T14:17:51.071+0000] {logging_mixin.py:150} INFO - [2024-07-06T14:17:51.071+0000] {dag.py:2742} INFO - Sync 3 DAGs
[2024-07-06T14:17:51.090+0000] {logging_mixin.py:150} INFO - [2024-07-06T14:17:51.090+0000] {dag.py:3508} INFO - Setting next_dagrun for example_subdag_operator to 2022-01-01T00:00:00+00:00, run_after=2022-01-01T00:00:00+00:00
[2024-07-06T14:17:51.093+0000] {logging_mixin.py:150} INFO - [2024-07-06T14:17:51.093+0000] {dag.py:3508} INFO - Setting next_dagrun for example_subdag_operator.section-1 to None, run_after=None
[2024-07-06T14:17:51.094+0000] {logging_mixin.py:150} INFO - [2024-07-06T14:17:51.094+0000] {dag.py:3508} INFO - Setting next_dagrun for example_subdag_operator.section-2 to None, run_after=None
[2024-07-06T14:17:51.099+0000] {logging_mixin.py:150} INFO - [2024-07-06T14:17:51.099+0000] {dag.py:2742} INFO - Sync 2 DAGs
[2024-07-06T14:17:51.104+0000] {logging_mixin.py:150} INFO - [2024-07-06T14:17:51.104+0000] {dag.py:3508} INFO - Setting next_dagrun for example_subdag_operator.section-1 to None, run_after=None
[2024-07-06T14:17:51.105+0000] {logging_mixin.py:150} INFO - [2024-07-06T14:17:51.105+0000] {dag.py:3508} INFO - Setting next_dagrun for example_subdag_operator.section-2 to None, run_after=None
[2024-07-06T14:17:51.113+0000] {processor.py:179} INFO - Processing /home/airflow/.local/lib/python3.7/site-packages/airflow/example_dags/example_subdag_operator.py took 0.084 seconds
[2024-07-06T14:18:21.365+0000] {processor.py:157} INFO - Started process (PID=994) to work on /home/airflow/.local/lib/python3.7/site-packages/airflow/example_dags/example_subdag_operator.py
[2024-07-06T14:18:21.367+0000] {processor.py:826} INFO - Processing file /home/airflow/.local/lib/python3.7/site-packages/airflow/example_dags/example_subdag_operator.py for tasks to queue
[2024-07-06T14:18:21.368+0000] {logging_mixin.py:150} INFO - [2024-07-06T14:18:21.368+0000] {dagbag.py:541} INFO - Filling up the DagBag from /home/airflow/.local/lib/python3.7/site-packages/airflow/example_dags/example_subdag_operator.py
[2024-07-06T14:18:21.389+0000] {processor.py:836} INFO - DAG(s) dict_keys(['example_subdag_operator.section-1', 'example_subdag_operator.section-2', 'example_subdag_operator']) retrieved from /home/airflow/.local/lib/python3.7/site-packages/airflow/example_dags/example_subdag_operator.py
[2024-07-06T14:18:21.404+0000] {logging_mixin.py:150} INFO - [2024-07-06T14:18:21.403+0000] {dag.py:2742} INFO - Sync 3 DAGs
[2024-07-06T14:18:21.423+0000] {logging_mixin.py:150} INFO - [2024-07-06T14:18:21.423+0000] {dag.py:3508} INFO - Setting next_dagrun for example_subdag_operator to 2022-01-01T00:00:00+00:00, run_after=2022-01-01T00:00:00+00:00
[2024-07-06T14:18:21.427+0000] {logging_mixin.py:150} INFO - [2024-07-06T14:18:21.427+0000] {dag.py:3508} INFO - Setting next_dagrun for example_subdag_operator.section-1 to None, run_after=None
[2024-07-06T14:18:21.429+0000] {logging_mixin.py:150} INFO - [2024-07-06T14:18:21.429+0000] {dag.py:3508} INFO - Setting next_dagrun for example_subdag_operator.section-2 to None, run_after=None
[2024-07-06T14:18:21.436+0000] {logging_mixin.py:150} INFO - [2024-07-06T14:18:21.436+0000] {dag.py:2742} INFO - Sync 2 DAGs
[2024-07-06T14:18:21.440+0000] {logging_mixin.py:150} INFO - [2024-07-06T14:18:21.440+0000] {dag.py:3508} INFO - Setting next_dagrun for example_subdag_operator.section-1 to None, run_after=None
[2024-07-06T14:18:21.442+0000] {logging_mixin.py:150} INFO - [2024-07-06T14:18:21.442+0000] {dag.py:3508} INFO - Setting next_dagrun for example_subdag_operator.section-2 to None, run_after=None
[2024-07-06T14:18:21.449+0000] {processor.py:179} INFO - Processing /home/airflow/.local/lib/python3.7/site-packages/airflow/example_dags/example_subdag_operator.py took 0.087 seconds
[2024-07-06T14:18:51.832+0000] {processor.py:157} INFO - Started process (PID=1057) to work on /home/airflow/.local/lib/python3.7/site-packages/airflow/example_dags/example_subdag_operator.py
[2024-07-06T14:18:51.834+0000] {processor.py:826} INFO - Processing file /home/airflow/.local/lib/python3.7/site-packages/airflow/example_dags/example_subdag_operator.py for tasks to queue
[2024-07-06T14:18:51.835+0000] {logging_mixin.py:150} INFO - [2024-07-06T14:18:51.835+0000] {dagbag.py:541} INFO - Filling up the DagBag from /home/airflow/.local/lib/python3.7/site-packages/airflow/example_dags/example_subdag_operator.py
[2024-07-06T14:18:51.857+0000] {processor.py:836} INFO - DAG(s) dict_keys(['example_subdag_operator.section-1', 'example_subdag_operator.section-2', 'example_subdag_operator']) retrieved from /home/airflow/.local/lib/python3.7/site-packages/airflow/example_dags/example_subdag_operator.py
[2024-07-06T14:18:51.870+0000] {logging_mixin.py:150} INFO - [2024-07-06T14:18:51.870+0000] {dag.py:2742} INFO - Sync 3 DAGs
[2024-07-06T14:18:51.887+0000] {logging_mixin.py:150} INFO - [2024-07-06T14:18:51.887+0000] {dag.py:3508} INFO - Setting next_dagrun for example_subdag_operator to 2022-01-01T00:00:00+00:00, run_after=2022-01-01T00:00:00+00:00
[2024-07-06T14:18:51.890+0000] {logging_mixin.py:150} INFO - [2024-07-06T14:18:51.890+0000] {dag.py:3508} INFO - Setting next_dagrun for example_subdag_operator.section-1 to None, run_after=None
[2024-07-06T14:18:51.892+0000] {logging_mixin.py:150} INFO - [2024-07-06T14:18:51.892+0000] {dag.py:3508} INFO - Setting next_dagrun for example_subdag_operator.section-2 to None, run_after=None
[2024-07-06T14:18:51.899+0000] {logging_mixin.py:150} INFO - [2024-07-06T14:18:51.899+0000] {dag.py:2742} INFO - Sync 2 DAGs
[2024-07-06T14:18:51.904+0000] {logging_mixin.py:150} INFO - [2024-07-06T14:18:51.904+0000] {dag.py:3508} INFO - Setting next_dagrun for example_subdag_operator.section-1 to None, run_after=None
[2024-07-06T14:18:51.905+0000] {logging_mixin.py:150} INFO - [2024-07-06T14:18:51.905+0000] {dag.py:3508} INFO - Setting next_dagrun for example_subdag_operator.section-2 to None, run_after=None
[2024-07-06T14:18:51.913+0000] {processor.py:179} INFO - Processing /home/airflow/.local/lib/python3.7/site-packages/airflow/example_dags/example_subdag_operator.py took 0.084 seconds
[2024-07-06T14:19:22.051+0000] {processor.py:157} INFO - Started process (PID=1120) to work on /home/airflow/.local/lib/python3.7/site-packages/airflow/example_dags/example_subdag_operator.py
[2024-07-06T14:19:22.053+0000] {processor.py:826} INFO - Processing file /home/airflow/.local/lib/python3.7/site-packages/airflow/example_dags/example_subdag_operator.py for tasks to queue
[2024-07-06T14:19:22.054+0000] {logging_mixin.py:150} INFO - [2024-07-06T14:19:22.054+0000] {dagbag.py:541} INFO - Filling up the DagBag from /home/airflow/.local/lib/python3.7/site-packages/airflow/example_dags/example_subdag_operator.py
[2024-07-06T14:19:22.074+0000] {processor.py:836} INFO - DAG(s) dict_keys(['example_subdag_operator.section-1', 'example_subdag_operator.section-2', 'example_subdag_operator']) retrieved from /home/airflow/.local/lib/python3.7/site-packages/airflow/example_dags/example_subdag_operator.py
[2024-07-06T14:19:22.088+0000] {logging_mixin.py:150} INFO - [2024-07-06T14:19:22.087+0000] {dag.py:2742} INFO - Sync 3 DAGs
[2024-07-06T14:19:22.106+0000] {logging_mixin.py:150} INFO - [2024-07-06T14:19:22.106+0000] {dag.py:3508} INFO - Setting next_dagrun for example_subdag_operator to 2022-01-01T00:00:00+00:00, run_after=2022-01-01T00:00:00+00:00
[2024-07-06T14:19:22.108+0000] {logging_mixin.py:150} INFO - [2024-07-06T14:19:22.108+0000] {dag.py:3508} INFO - Setting next_dagrun for example_subdag_operator.section-1 to None, run_after=None
[2024-07-06T14:19:22.110+0000] {logging_mixin.py:150} INFO - [2024-07-06T14:19:22.110+0000] {dag.py:3508} INFO - Setting next_dagrun for example_subdag_operator.section-2 to None, run_after=None
[2024-07-06T14:19:22.115+0000] {logging_mixin.py:150} INFO - [2024-07-06T14:19:22.115+0000] {dag.py:2742} INFO - Sync 2 DAGs
[2024-07-06T14:19:22.120+0000] {logging_mixin.py:150} INFO - [2024-07-06T14:19:22.120+0000] {dag.py:3508} INFO - Setting next_dagrun for example_subdag_operator.section-1 to None, run_after=None
[2024-07-06T14:19:22.121+0000] {logging_mixin.py:150} INFO - [2024-07-06T14:19:22.121+0000] {dag.py:3508} INFO - Setting next_dagrun for example_subdag_operator.section-2 to None, run_after=None
[2024-07-06T14:19:22.130+0000] {processor.py:179} INFO - Processing /home/airflow/.local/lib/python3.7/site-packages/airflow/example_dags/example_subdag_operator.py took 0.082 seconds
[2024-07-06T14:19:52.202+0000] {processor.py:157} INFO - Started process (PID=1183) to work on /home/airflow/.local/lib/python3.7/site-packages/airflow/example_dags/example_subdag_operator.py
[2024-07-06T14:19:52.204+0000] {processor.py:826} INFO - Processing file /home/airflow/.local/lib/python3.7/site-packages/airflow/example_dags/example_subdag_operator.py for tasks to queue
[2024-07-06T14:19:52.206+0000] {logging_mixin.py:150} INFO - [2024-07-06T14:19:52.206+0000] {dagbag.py:541} INFO - Filling up the DagBag from /home/airflow/.local/lib/python3.7/site-packages/airflow/example_dags/example_subdag_operator.py
[2024-07-06T14:19:52.227+0000] {processor.py:836} INFO - DAG(s) dict_keys(['example_subdag_operator.section-1', 'example_subdag_operator.section-2', 'example_subdag_operator']) retrieved from /home/airflow/.local/lib/python3.7/site-packages/airflow/example_dags/example_subdag_operator.py
[2024-07-06T14:19:52.242+0000] {logging_mixin.py:150} INFO - [2024-07-06T14:19:52.242+0000] {dag.py:2742} INFO - Sync 3 DAGs
[2024-07-06T14:19:52.264+0000] {logging_mixin.py:150} INFO - [2024-07-06T14:19:52.264+0000] {dag.py:3508} INFO - Setting next_dagrun for example_subdag_operator to 2022-01-01T00:00:00+00:00, run_after=2022-01-01T00:00:00+00:00
[2024-07-06T14:19:52.267+0000] {logging_mixin.py:150} INFO - [2024-07-06T14:19:52.267+0000] {dag.py:3508} INFO - Setting next_dagrun for example_subdag_operator.section-1 to None, run_after=None
[2024-07-06T14:19:52.269+0000] {logging_mixin.py:150} INFO - [2024-07-06T14:19:52.269+0000] {dag.py:3508} INFO - Setting next_dagrun for example_subdag_operator.section-2 to None, run_after=None
[2024-07-06T14:19:52.275+0000] {logging_mixin.py:150} INFO - [2024-07-06T14:19:52.275+0000] {dag.py:2742} INFO - Sync 2 DAGs
[2024-07-06T14:19:52.280+0000] {logging_mixin.py:150} INFO - [2024-07-06T14:19:52.279+0000] {dag.py:3508} INFO - Setting next_dagrun for example_subdag_operator.section-1 to None, run_after=None
[2024-07-06T14:19:52.281+0000] {logging_mixin.py:150} INFO - [2024-07-06T14:19:52.281+0000] {dag.py:3508} INFO - Setting next_dagrun for example_subdag_operator.section-2 to None, run_after=None
[2024-07-06T14:19:52.289+0000] {processor.py:179} INFO - Processing /home/airflow/.local/lib/python3.7/site-packages/airflow/example_dags/example_subdag_operator.py took 0.090 seconds
[2024-07-06T14:20:22.761+0000] {processor.py:157} INFO - Started process (PID=1245) to work on /home/airflow/.local/lib/python3.7/site-packages/airflow/example_dags/example_subdag_operator.py
[2024-07-06T14:20:22.763+0000] {processor.py:826} INFO - Processing file /home/airflow/.local/lib/python3.7/site-packages/airflow/example_dags/example_subdag_operator.py for tasks to queue
[2024-07-06T14:20:22.764+0000] {logging_mixin.py:150} INFO - [2024-07-06T14:20:22.764+0000] {dagbag.py:541} INFO - Filling up the DagBag from /home/airflow/.local/lib/python3.7/site-packages/airflow/example_dags/example_subdag_operator.py
[2024-07-06T14:20:22.787+0000] {processor.py:836} INFO - DAG(s) dict_keys(['example_subdag_operator.section-1', 'example_subdag_operator.section-2', 'example_subdag_operator']) retrieved from /home/airflow/.local/lib/python3.7/site-packages/airflow/example_dags/example_subdag_operator.py
[2024-07-06T14:20:22.800+0000] {logging_mixin.py:150} INFO - [2024-07-06T14:20:22.800+0000] {dag.py:2742} INFO - Sync 3 DAGs
[2024-07-06T14:20:22.819+0000] {logging_mixin.py:150} INFO - [2024-07-06T14:20:22.819+0000] {dag.py:3508} INFO - Setting next_dagrun for example_subdag_operator to 2022-01-01T00:00:00+00:00, run_after=2022-01-01T00:00:00+00:00
[2024-07-06T14:20:22.826+0000] {logging_mixin.py:150} INFO - [2024-07-06T14:20:22.826+0000] {dag.py:3508} INFO - Setting next_dagrun for example_subdag_operator.section-1 to None, run_after=None
[2024-07-06T14:20:22.828+0000] {logging_mixin.py:150} INFO - [2024-07-06T14:20:22.828+0000] {dag.py:3508} INFO - Setting next_dagrun for example_subdag_operator.section-2 to None, run_after=None
[2024-07-06T14:20:22.834+0000] {logging_mixin.py:150} INFO - [2024-07-06T14:20:22.834+0000] {dag.py:2742} INFO - Sync 2 DAGs
[2024-07-06T14:20:22.839+0000] {logging_mixin.py:150} INFO - [2024-07-06T14:20:22.839+0000] {dag.py:3508} INFO - Setting next_dagrun for example_subdag_operator.section-1 to None, run_after=None
[2024-07-06T14:20:22.840+0000] {logging_mixin.py:150} INFO - [2024-07-06T14:20:22.840+0000] {dag.py:3508} INFO - Setting next_dagrun for example_subdag_operator.section-2 to None, run_after=None
[2024-07-06T14:20:22.849+0000] {processor.py:179} INFO - Processing /home/airflow/.local/lib/python3.7/site-packages/airflow/example_dags/example_subdag_operator.py took 0.091 seconds
[2024-07-06T14:20:53.314+0000] {processor.py:157} INFO - Started process (PID=1308) to work on /home/airflow/.local/lib/python3.7/site-packages/airflow/example_dags/example_subdag_operator.py
[2024-07-06T14:20:53.316+0000] {processor.py:826} INFO - Processing file /home/airflow/.local/lib/python3.7/site-packages/airflow/example_dags/example_subdag_operator.py for tasks to queue
[2024-07-06T14:20:53.318+0000] {logging_mixin.py:150} INFO - [2024-07-06T14:20:53.317+0000] {dagbag.py:541} INFO - Filling up the DagBag from /home/airflow/.local/lib/python3.7/site-packages/airflow/example_dags/example_subdag_operator.py
[2024-07-06T14:20:53.338+0000] {processor.py:836} INFO - DAG(s) dict_keys(['example_subdag_operator.section-1', 'example_subdag_operator.section-2', 'example_subdag_operator']) retrieved from /home/airflow/.local/lib/python3.7/site-packages/airflow/example_dags/example_subdag_operator.py
[2024-07-06T14:20:53.352+0000] {logging_mixin.py:150} INFO - [2024-07-06T14:20:53.352+0000] {dag.py:2742} INFO - Sync 3 DAGs
[2024-07-06T14:20:53.368+0000] {logging_mixin.py:150} INFO - [2024-07-06T14:20:53.368+0000] {dag.py:3508} INFO - Setting next_dagrun for example_subdag_operator to 2022-01-01T00:00:00+00:00, run_after=2022-01-01T00:00:00+00:00
[2024-07-06T14:20:53.371+0000] {logging_mixin.py:150} INFO - [2024-07-06T14:20:53.371+0000] {dag.py:3508} INFO - Setting next_dagrun for example_subdag_operator.section-1 to None, run_after=None
[2024-07-06T14:20:53.373+0000] {logging_mixin.py:150} INFO - [2024-07-06T14:20:53.373+0000] {dag.py:3508} INFO - Setting next_dagrun for example_subdag_operator.section-2 to None, run_after=None
[2024-07-06T14:20:53.383+0000] {logging_mixin.py:150} INFO - [2024-07-06T14:20:53.383+0000] {dag.py:2742} INFO - Sync 2 DAGs
[2024-07-06T14:20:53.388+0000] {logging_mixin.py:150} INFO - [2024-07-06T14:20:53.388+0000] {dag.py:3508} INFO - Setting next_dagrun for example_subdag_operator.section-1 to None, run_after=None
[2024-07-06T14:20:53.390+0000] {logging_mixin.py:150} INFO - [2024-07-06T14:20:53.389+0000] {dag.py:3508} INFO - Setting next_dagrun for example_subdag_operator.section-2 to None, run_after=None
[2024-07-06T14:20:53.401+0000] {processor.py:179} INFO - Processing /home/airflow/.local/lib/python3.7/site-packages/airflow/example_dags/example_subdag_operator.py took 0.089 seconds
[2024-07-06T14:21:23.910+0000] {processor.py:157} INFO - Started process (PID=1371) to work on /home/airflow/.local/lib/python3.7/site-packages/airflow/example_dags/example_subdag_operator.py
[2024-07-06T14:21:23.911+0000] {processor.py:826} INFO - Processing file /home/airflow/.local/lib/python3.7/site-packages/airflow/example_dags/example_subdag_operator.py for tasks to queue
[2024-07-06T14:21:23.913+0000] {logging_mixin.py:150} INFO - [2024-07-06T14:21:23.913+0000] {dagbag.py:541} INFO - Filling up the DagBag from /home/airflow/.local/lib/python3.7/site-packages/airflow/example_dags/example_subdag_operator.py
[2024-07-06T14:21:23.934+0000] {processor.py:836} INFO - DAG(s) dict_keys(['example_subdag_operator.section-1', 'example_subdag_operator.section-2', 'example_subdag_operator']) retrieved from /home/airflow/.local/lib/python3.7/site-packages/airflow/example_dags/example_subdag_operator.py
[2024-07-06T14:21:23.948+0000] {logging_mixin.py:150} INFO - [2024-07-06T14:21:23.948+0000] {dag.py:2742} INFO - Sync 3 DAGs
[2024-07-06T14:21:23.966+0000] {logging_mixin.py:150} INFO - [2024-07-06T14:21:23.966+0000] {dag.py:3508} INFO - Setting next_dagrun for example_subdag_operator to 2022-01-01T00:00:00+00:00, run_after=2022-01-01T00:00:00+00:00
[2024-07-06T14:21:23.970+0000] {logging_mixin.py:150} INFO - [2024-07-06T14:21:23.970+0000] {dag.py:3508} INFO - Setting next_dagrun for example_subdag_operator.section-1 to None, run_after=None
[2024-07-06T14:21:23.973+0000] {logging_mixin.py:150} INFO - [2024-07-06T14:21:23.973+0000] {dag.py:3508} INFO - Setting next_dagrun for example_subdag_operator.section-2 to None, run_after=None
[2024-07-06T14:21:23.978+0000] {logging_mixin.py:150} INFO - [2024-07-06T14:21:23.978+0000] {dag.py:2742} INFO - Sync 2 DAGs
[2024-07-06T14:21:23.985+0000] {logging_mixin.py:150} INFO - [2024-07-06T14:21:23.985+0000] {dag.py:3508} INFO - Setting next_dagrun for example_subdag_operator.section-1 to None, run_after=None
[2024-07-06T14:21:23.986+0000] {logging_mixin.py:150} INFO - [2024-07-06T14:21:23.986+0000] {dag.py:3508} INFO - Setting next_dagrun for example_subdag_operator.section-2 to None, run_after=None
[2024-07-06T14:21:23.994+0000] {processor.py:179} INFO - Processing /home/airflow/.local/lib/python3.7/site-packages/airflow/example_dags/example_subdag_operator.py took 0.088 seconds
[2024-07-06T14:21:54.403+0000] {processor.py:157} INFO - Started process (PID=1434) to work on /home/airflow/.local/lib/python3.7/site-packages/airflow/example_dags/example_subdag_operator.py
[2024-07-06T14:21:54.406+0000] {processor.py:826} INFO - Processing file /home/airflow/.local/lib/python3.7/site-packages/airflow/example_dags/example_subdag_operator.py for tasks to queue
[2024-07-06T14:21:54.408+0000] {logging_mixin.py:150} INFO - [2024-07-06T14:21:54.408+0000] {dagbag.py:541} INFO - Filling up the DagBag from /home/airflow/.local/lib/python3.7/site-packages/airflow/example_dags/example_subdag_operator.py
[2024-07-06T14:21:54.430+0000] {processor.py:836} INFO - DAG(s) dict_keys(['example_subdag_operator.section-1', 'example_subdag_operator.section-2', 'example_subdag_operator']) retrieved from /home/airflow/.local/lib/python3.7/site-packages/airflow/example_dags/example_subdag_operator.py
[2024-07-06T14:21:54.444+0000] {logging_mixin.py:150} INFO - [2024-07-06T14:21:54.444+0000] {dag.py:2742} INFO - Sync 3 DAGs
[2024-07-06T14:21:54.464+0000] {logging_mixin.py:150} INFO - [2024-07-06T14:21:54.464+0000] {dag.py:3508} INFO - Setting next_dagrun for example_subdag_operator to 2022-01-01T00:00:00+00:00, run_after=2022-01-01T00:00:00+00:00
[2024-07-06T14:21:54.467+0000] {logging_mixin.py:150} INFO - [2024-07-06T14:21:54.467+0000] {dag.py:3508} INFO - Setting next_dagrun for example_subdag_operator.section-1 to None, run_after=None
[2024-07-06T14:21:54.469+0000] {logging_mixin.py:150} INFO - [2024-07-06T14:21:54.469+0000] {dag.py:3508} INFO - Setting next_dagrun for example_subdag_operator.section-2 to None, run_after=None
[2024-07-06T14:21:54.475+0000] {logging_mixin.py:150} INFO - [2024-07-06T14:21:54.475+0000] {dag.py:2742} INFO - Sync 2 DAGs
[2024-07-06T14:21:54.479+0000] {logging_mixin.py:150} INFO - [2024-07-06T14:21:54.479+0000] {dag.py:3508} INFO - Setting next_dagrun for example_subdag_operator.section-1 to None, run_after=None
[2024-07-06T14:21:54.480+0000] {logging_mixin.py:150} INFO - [2024-07-06T14:21:54.480+0000] {dag.py:3508} INFO - Setting next_dagrun for example_subdag_operator.section-2 to None, run_after=None
[2024-07-06T14:21:54.487+0000] {processor.py:179} INFO - Processing /home/airflow/.local/lib/python3.7/site-packages/airflow/example_dags/example_subdag_operator.py took 0.087 seconds
[2024-07-06T14:22:24.657+0000] {processor.py:157} INFO - Started process (PID=1497) to work on /home/airflow/.local/lib/python3.7/site-packages/airflow/example_dags/example_subdag_operator.py
[2024-07-06T14:22:24.660+0000] {processor.py:826} INFO - Processing file /home/airflow/.local/lib/python3.7/site-packages/airflow/example_dags/example_subdag_operator.py for tasks to queue
[2024-07-06T14:22:24.661+0000] {logging_mixin.py:150} INFO - [2024-07-06T14:22:24.661+0000] {dagbag.py:541} INFO - Filling up the DagBag from /home/airflow/.local/lib/python3.7/site-packages/airflow/example_dags/example_subdag_operator.py
[2024-07-06T14:22:24.686+0000] {processor.py:836} INFO - DAG(s) dict_keys(['example_subdag_operator.section-1', 'example_subdag_operator.section-2', 'example_subdag_operator']) retrieved from /home/airflow/.local/lib/python3.7/site-packages/airflow/example_dags/example_subdag_operator.py
[2024-07-06T14:22:24.701+0000] {logging_mixin.py:150} INFO - [2024-07-06T14:22:24.701+0000] {dag.py:2742} INFO - Sync 3 DAGs
[2024-07-06T14:22:24.720+0000] {logging_mixin.py:150} INFO - [2024-07-06T14:22:24.720+0000] {dag.py:3508} INFO - Setting next_dagrun for example_subdag_operator to 2022-01-01T00:00:00+00:00, run_after=2022-01-01T00:00:00+00:00
[2024-07-06T14:22:24.723+0000] {logging_mixin.py:150} INFO - [2024-07-06T14:22:24.723+0000] {dag.py:3508} INFO - Setting next_dagrun for example_subdag_operator.section-1 to None, run_after=None
[2024-07-06T14:22:24.724+0000] {logging_mixin.py:150} INFO - [2024-07-06T14:22:24.724+0000] {dag.py:3508} INFO - Setting next_dagrun for example_subdag_operator.section-2 to None, run_after=None
[2024-07-06T14:22:24.730+0000] {logging_mixin.py:150} INFO - [2024-07-06T14:22:24.730+0000] {dag.py:2742} INFO - Sync 2 DAGs
[2024-07-06T14:22:24.734+0000] {logging_mixin.py:150} INFO - [2024-07-06T14:22:24.734+0000] {dag.py:3508} INFO - Setting next_dagrun for example_subdag_operator.section-1 to None, run_after=None
[2024-07-06T14:22:24.736+0000] {logging_mixin.py:150} INFO - [2024-07-06T14:22:24.736+0000] {dag.py:3508} INFO - Setting next_dagrun for example_subdag_operator.section-2 to None, run_after=None
[2024-07-06T14:22:24.747+0000] {processor.py:179} INFO - Processing /home/airflow/.local/lib/python3.7/site-packages/airflow/example_dags/example_subdag_operator.py took 0.094 seconds
[2024-07-06T14:22:55.097+0000] {processor.py:157} INFO - Started process (PID=1560) to work on /home/airflow/.local/lib/python3.7/site-packages/airflow/example_dags/example_subdag_operator.py
[2024-07-06T14:22:55.100+0000] {processor.py:826} INFO - Processing file /home/airflow/.local/lib/python3.7/site-packages/airflow/example_dags/example_subdag_operator.py for tasks to queue
[2024-07-06T14:22:55.101+0000] {logging_mixin.py:150} INFO - [2024-07-06T14:22:55.101+0000] {dagbag.py:541} INFO - Filling up the DagBag from /home/airflow/.local/lib/python3.7/site-packages/airflow/example_dags/example_subdag_operator.py
[2024-07-06T14:22:55.121+0000] {processor.py:836} INFO - DAG(s) dict_keys(['example_subdag_operator.section-1', 'example_subdag_operator.section-2', 'example_subdag_operator']) retrieved from /home/airflow/.local/lib/python3.7/site-packages/airflow/example_dags/example_subdag_operator.py
[2024-07-06T14:22:55.135+0000] {logging_mixin.py:150} INFO - [2024-07-06T14:22:55.135+0000] {dag.py:2742} INFO - Sync 3 DAGs
[2024-07-06T14:22:55.155+0000] {logging_mixin.py:150} INFO - [2024-07-06T14:22:55.155+0000] {dag.py:3508} INFO - Setting next_dagrun for example_subdag_operator to 2022-01-01T00:00:00+00:00, run_after=2022-01-01T00:00:00+00:00
[2024-07-06T14:22:55.158+0000] {logging_mixin.py:150} INFO - [2024-07-06T14:22:55.157+0000] {dag.py:3508} INFO - Setting next_dagrun for example_subdag_operator.section-1 to None, run_after=None
[2024-07-06T14:22:55.159+0000] {logging_mixin.py:150} INFO - [2024-07-06T14:22:55.159+0000] {dag.py:3508} INFO - Setting next_dagrun for example_subdag_operator.section-2 to None, run_after=None
[2024-07-06T14:22:55.164+0000] {logging_mixin.py:150} INFO - [2024-07-06T14:22:55.164+0000] {dag.py:2742} INFO - Sync 2 DAGs
[2024-07-06T14:22:55.169+0000] {logging_mixin.py:150} INFO - [2024-07-06T14:22:55.169+0000] {dag.py:3508} INFO - Setting next_dagrun for example_subdag_operator.section-1 to None, run_after=None
[2024-07-06T14:22:55.170+0000] {logging_mixin.py:150} INFO - [2024-07-06T14:22:55.170+0000] {dag.py:3508} INFO - Setting next_dagrun for example_subdag_operator.section-2 to None, run_after=None
[2024-07-06T14:22:55.179+0000] {processor.py:179} INFO - Processing /home/airflow/.local/lib/python3.7/site-packages/airflow/example_dags/example_subdag_operator.py took 0.086 seconds
[2024-07-06T14:23:25.279+0000] {processor.py:157} INFO - Started process (PID=1623) to work on /home/airflow/.local/lib/python3.7/site-packages/airflow/example_dags/example_subdag_operator.py
[2024-07-06T14:23:25.282+0000] {processor.py:826} INFO - Processing file /home/airflow/.local/lib/python3.7/site-packages/airflow/example_dags/example_subdag_operator.py for tasks to queue
[2024-07-06T14:23:25.283+0000] {logging_mixin.py:150} INFO - [2024-07-06T14:23:25.283+0000] {dagbag.py:541} INFO - Filling up the DagBag from /home/airflow/.local/lib/python3.7/site-packages/airflow/example_dags/example_subdag_operator.py
[2024-07-06T14:23:25.309+0000] {processor.py:836} INFO - DAG(s) dict_keys(['example_subdag_operator.section-1', 'example_subdag_operator.section-2', 'example_subdag_operator']) retrieved from /home/airflow/.local/lib/python3.7/site-packages/airflow/example_dags/example_subdag_operator.py
[2024-07-06T14:23:25.324+0000] {logging_mixin.py:150} INFO - [2024-07-06T14:23:25.324+0000] {dag.py:2742} INFO - Sync 3 DAGs
[2024-07-06T14:23:25.346+0000] {logging_mixin.py:150} INFO - [2024-07-06T14:23:25.345+0000] {dag.py:3508} INFO - Setting next_dagrun for example_subdag_operator to 2022-01-01T00:00:00+00:00, run_after=2022-01-01T00:00:00+00:00
[2024-07-06T14:23:25.350+0000] {logging_mixin.py:150} INFO - [2024-07-06T14:23:25.350+0000] {dag.py:3508} INFO - Setting next_dagrun for example_subdag_operator.section-1 to None, run_after=None
[2024-07-06T14:23:25.353+0000] {logging_mixin.py:150} INFO - [2024-07-06T14:23:25.353+0000] {dag.py:3508} INFO - Setting next_dagrun for example_subdag_operator.section-2 to None, run_after=None
[2024-07-06T14:23:25.360+0000] {logging_mixin.py:150} INFO - [2024-07-06T14:23:25.360+0000] {dag.py:2742} INFO - Sync 2 DAGs
[2024-07-06T14:23:25.367+0000] {logging_mixin.py:150} INFO - [2024-07-06T14:23:25.367+0000] {dag.py:3508} INFO - Setting next_dagrun for example_subdag_operator.section-1 to None, run_after=None
[2024-07-06T14:23:25.369+0000] {logging_mixin.py:150} INFO - [2024-07-06T14:23:25.369+0000] {dag.py:3508} INFO - Setting next_dagrun for example_subdag_operator.section-2 to None, run_after=None
[2024-07-06T14:23:25.380+0000] {processor.py:179} INFO - Processing /home/airflow/.local/lib/python3.7/site-packages/airflow/example_dags/example_subdag_operator.py took 0.103 seconds
[2024-07-06T14:23:55.871+0000] {processor.py:157} INFO - Started process (PID=1686) to work on /home/airflow/.local/lib/python3.7/site-packages/airflow/example_dags/example_subdag_operator.py
[2024-07-06T14:23:55.873+0000] {processor.py:826} INFO - Processing file /home/airflow/.local/lib/python3.7/site-packages/airflow/example_dags/example_subdag_operator.py for tasks to queue
[2024-07-06T14:23:55.875+0000] {logging_mixin.py:150} INFO - [2024-07-06T14:23:55.875+0000] {dagbag.py:541} INFO - Filling up the DagBag from /home/airflow/.local/lib/python3.7/site-packages/airflow/example_dags/example_subdag_operator.py
[2024-07-06T14:23:55.902+0000] {processor.py:836} INFO - DAG(s) dict_keys(['example_subdag_operator.section-1', 'example_subdag_operator.section-2', 'example_subdag_operator']) retrieved from /home/airflow/.local/lib/python3.7/site-packages/airflow/example_dags/example_subdag_operator.py
[2024-07-06T14:23:55.916+0000] {logging_mixin.py:150} INFO - [2024-07-06T14:23:55.916+0000] {dag.py:2742} INFO - Sync 3 DAGs
[2024-07-06T14:23:55.938+0000] {logging_mixin.py:150} INFO - [2024-07-06T14:23:55.938+0000] {dag.py:3508} INFO - Setting next_dagrun for example_subdag_operator to 2022-01-01T00:00:00+00:00, run_after=2022-01-01T00:00:00+00:00
[2024-07-06T14:23:55.941+0000] {logging_mixin.py:150} INFO - [2024-07-06T14:23:55.941+0000] {dag.py:3508} INFO - Setting next_dagrun for example_subdag_operator.section-1 to None, run_after=None
[2024-07-06T14:23:55.944+0000] {logging_mixin.py:150} INFO - [2024-07-06T14:23:55.944+0000] {dag.py:3508} INFO - Setting next_dagrun for example_subdag_operator.section-2 to None, run_after=None
[2024-07-06T14:23:55.949+0000] {logging_mixin.py:150} INFO - [2024-07-06T14:23:55.949+0000] {dag.py:2742} INFO - Sync 2 DAGs
[2024-07-06T14:23:55.954+0000] {logging_mixin.py:150} INFO - [2024-07-06T14:23:55.954+0000] {dag.py:3508} INFO - Setting next_dagrun for example_subdag_operator.section-1 to None, run_after=None
[2024-07-06T14:23:55.956+0000] {logging_mixin.py:150} INFO - [2024-07-06T14:23:55.956+0000] {dag.py:3508} INFO - Setting next_dagrun for example_subdag_operator.section-2 to None, run_after=None
[2024-07-06T14:23:55.964+0000] {processor.py:179} INFO - Processing /home/airflow/.local/lib/python3.7/site-packages/airflow/example_dags/example_subdag_operator.py took 0.096 seconds
[2024-07-06T14:24:26.333+0000] {processor.py:157} INFO - Started process (PID=1749) to work on /home/airflow/.local/lib/python3.7/site-packages/airflow/example_dags/example_subdag_operator.py
[2024-07-06T14:24:26.335+0000] {processor.py:826} INFO - Processing file /home/airflow/.local/lib/python3.7/site-packages/airflow/example_dags/example_subdag_operator.py for tasks to queue
[2024-07-06T14:24:26.336+0000] {logging_mixin.py:150} INFO - [2024-07-06T14:24:26.336+0000] {dagbag.py:541} INFO - Filling up the DagBag from /home/airflow/.local/lib/python3.7/site-packages/airflow/example_dags/example_subdag_operator.py
[2024-07-06T14:24:26.357+0000] {processor.py:836} INFO - DAG(s) dict_keys(['example_subdag_operator.section-1', 'example_subdag_operator.section-2', 'example_subdag_operator']) retrieved from /home/airflow/.local/lib/python3.7/site-packages/airflow/example_dags/example_subdag_operator.py
[2024-07-06T14:24:26.370+0000] {logging_mixin.py:150} INFO - [2024-07-06T14:24:26.370+0000] {dag.py:2742} INFO - Sync 3 DAGs
[2024-07-06T14:24:26.388+0000] {logging_mixin.py:150} INFO - [2024-07-06T14:24:26.388+0000] {dag.py:3508} INFO - Setting next_dagrun for example_subdag_operator to 2022-01-01T00:00:00+00:00, run_after=2022-01-01T00:00:00+00:00
[2024-07-06T14:24:26.391+0000] {logging_mixin.py:150} INFO - [2024-07-06T14:24:26.391+0000] {dag.py:3508} INFO - Setting next_dagrun for example_subdag_operator.section-1 to None, run_after=None
[2024-07-06T14:24:26.393+0000] {logging_mixin.py:150} INFO - [2024-07-06T14:24:26.393+0000] {dag.py:3508} INFO - Setting next_dagrun for example_subdag_operator.section-2 to None, run_after=None
[2024-07-06T14:24:26.400+0000] {logging_mixin.py:150} INFO - [2024-07-06T14:24:26.399+0000] {dag.py:2742} INFO - Sync 2 DAGs
[2024-07-06T14:24:26.405+0000] {logging_mixin.py:150} INFO - [2024-07-06T14:24:26.405+0000] {dag.py:3508} INFO - Setting next_dagrun for example_subdag_operator.section-1 to None, run_after=None
[2024-07-06T14:24:26.406+0000] {logging_mixin.py:150} INFO - [2024-07-06T14:24:26.406+0000] {dag.py:3508} INFO - Setting next_dagrun for example_subdag_operator.section-2 to None, run_after=None
[2024-07-06T14:24:26.415+0000] {processor.py:179} INFO - Processing /home/airflow/.local/lib/python3.7/site-packages/airflow/example_dags/example_subdag_operator.py took 0.085 seconds
[2024-07-06T14:24:57.342+0000] {processor.py:157} INFO - Started process (PID=1812) to work on /home/airflow/.local/lib/python3.7/site-packages/airflow/example_dags/example_subdag_operator.py
[2024-07-06T14:24:57.344+0000] {processor.py:826} INFO - Processing file /home/airflow/.local/lib/python3.7/site-packages/airflow/example_dags/example_subdag_operator.py for tasks to queue
[2024-07-06T14:24:57.345+0000] {logging_mixin.py:150} INFO - [2024-07-06T14:24:57.345+0000] {dagbag.py:541} INFO - Filling up the DagBag from /home/airflow/.local/lib/python3.7/site-packages/airflow/example_dags/example_subdag_operator.py
[2024-07-06T14:24:57.366+0000] {processor.py:836} INFO - DAG(s) dict_keys(['example_subdag_operator.section-1', 'example_subdag_operator.section-2', 'example_subdag_operator']) retrieved from /home/airflow/.local/lib/python3.7/site-packages/airflow/example_dags/example_subdag_operator.py
[2024-07-06T14:24:57.379+0000] {logging_mixin.py:150} INFO - [2024-07-06T14:24:57.379+0000] {dag.py:2742} INFO - Sync 3 DAGs
[2024-07-06T14:24:57.396+0000] {logging_mixin.py:150} INFO - [2024-07-06T14:24:57.396+0000] {dag.py:3508} INFO - Setting next_dagrun for example_subdag_operator to 2022-01-01T00:00:00+00:00, run_after=2022-01-01T00:00:00+00:00
[2024-07-06T14:24:57.399+0000] {logging_mixin.py:150} INFO - [2024-07-06T14:24:57.399+0000] {dag.py:3508} INFO - Setting next_dagrun for example_subdag_operator.section-1 to None, run_after=None
[2024-07-06T14:24:57.401+0000] {logging_mixin.py:150} INFO - [2024-07-06T14:24:57.401+0000] {dag.py:3508} INFO - Setting next_dagrun for example_subdag_operator.section-2 to None, run_after=None
[2024-07-06T14:24:57.406+0000] {logging_mixin.py:150} INFO - [2024-07-06T14:24:57.406+0000] {dag.py:2742} INFO - Sync 2 DAGs
[2024-07-06T14:24:57.411+0000] {logging_mixin.py:150} INFO - [2024-07-06T14:24:57.411+0000] {dag.py:3508} INFO - Setting next_dagrun for example_subdag_operator.section-1 to None, run_after=None
[2024-07-06T14:24:57.412+0000] {logging_mixin.py:150} INFO - [2024-07-06T14:24:57.412+0000] {dag.py:3508} INFO - Setting next_dagrun for example_subdag_operator.section-2 to None, run_after=None
[2024-07-06T14:24:57.421+0000] {processor.py:179} INFO - Processing /home/airflow/.local/lib/python3.7/site-packages/airflow/example_dags/example_subdag_operator.py took 0.082 seconds
[2024-07-06T14:25:27.655+0000] {processor.py:157} INFO - Started process (PID=1876) to work on /home/airflow/.local/lib/python3.7/site-packages/airflow/example_dags/example_subdag_operator.py
[2024-07-06T14:25:27.657+0000] {processor.py:826} INFO - Processing file /home/airflow/.local/lib/python3.7/site-packages/airflow/example_dags/example_subdag_operator.py for tasks to queue
[2024-07-06T14:25:27.658+0000] {logging_mixin.py:150} INFO - [2024-07-06T14:25:27.658+0000] {dagbag.py:541} INFO - Filling up the DagBag from /home/airflow/.local/lib/python3.7/site-packages/airflow/example_dags/example_subdag_operator.py
[2024-07-06T14:25:27.681+0000] {processor.py:836} INFO - DAG(s) dict_keys(['example_subdag_operator.section-1', 'example_subdag_operator.section-2', 'example_subdag_operator']) retrieved from /home/airflow/.local/lib/python3.7/site-packages/airflow/example_dags/example_subdag_operator.py
[2024-07-06T14:25:27.696+0000] {logging_mixin.py:150} INFO - [2024-07-06T14:25:27.695+0000] {dag.py:2742} INFO - Sync 3 DAGs
[2024-07-06T14:25:27.714+0000] {logging_mixin.py:150} INFO - [2024-07-06T14:25:27.714+0000] {dag.py:3508} INFO - Setting next_dagrun for example_subdag_operator to 2022-01-01T00:00:00+00:00, run_after=2022-01-01T00:00:00+00:00
[2024-07-06T14:25:27.717+0000] {logging_mixin.py:150} INFO - [2024-07-06T14:25:27.717+0000] {dag.py:3508} INFO - Setting next_dagrun for example_subdag_operator.section-1 to None, run_after=None
[2024-07-06T14:25:27.719+0000] {logging_mixin.py:150} INFO - [2024-07-06T14:25:27.719+0000] {dag.py:3508} INFO - Setting next_dagrun for example_subdag_operator.section-2 to None, run_after=None
[2024-07-06T14:25:27.726+0000] {logging_mixin.py:150} INFO - [2024-07-06T14:25:27.726+0000] {dag.py:2742} INFO - Sync 2 DAGs
[2024-07-06T14:25:27.731+0000] {logging_mixin.py:150} INFO - [2024-07-06T14:25:27.731+0000] {dag.py:3508} INFO - Setting next_dagrun for example_subdag_operator.section-1 to None, run_after=None
[2024-07-06T14:25:27.732+0000] {logging_mixin.py:150} INFO - [2024-07-06T14:25:27.731+0000] {dag.py:3508} INFO - Setting next_dagrun for example_subdag_operator.section-2 to None, run_after=None
[2024-07-06T14:25:27.740+0000] {processor.py:179} INFO - Processing /home/airflow/.local/lib/python3.7/site-packages/airflow/example_dags/example_subdag_operator.py took 0.088 seconds
[2024-07-06T14:25:58.460+0000] {processor.py:157} INFO - Started process (PID=1938) to work on /home/airflow/.local/lib/python3.7/site-packages/airflow/example_dags/example_subdag_operator.py
[2024-07-06T14:25:58.462+0000] {processor.py:826} INFO - Processing file /home/airflow/.local/lib/python3.7/site-packages/airflow/example_dags/example_subdag_operator.py for tasks to queue
[2024-07-06T14:25:58.464+0000] {logging_mixin.py:150} INFO - [2024-07-06T14:25:58.463+0000] {dagbag.py:541} INFO - Filling up the DagBag from /home/airflow/.local/lib/python3.7/site-packages/airflow/example_dags/example_subdag_operator.py
[2024-07-06T14:25:58.484+0000] {processor.py:836} INFO - DAG(s) dict_keys(['example_subdag_operator.section-1', 'example_subdag_operator.section-2', 'example_subdag_operator']) retrieved from /home/airflow/.local/lib/python3.7/site-packages/airflow/example_dags/example_subdag_operator.py
[2024-07-06T14:25:58.498+0000] {logging_mixin.py:150} INFO - [2024-07-06T14:25:58.497+0000] {dag.py:2742} INFO - Sync 3 DAGs
[2024-07-06T14:25:58.516+0000] {logging_mixin.py:150} INFO - [2024-07-06T14:25:58.516+0000] {dag.py:3508} INFO - Setting next_dagrun for example_subdag_operator to 2022-01-01T00:00:00+00:00, run_after=2022-01-01T00:00:00+00:00
[2024-07-06T14:25:58.519+0000] {logging_mixin.py:150} INFO - [2024-07-06T14:25:58.519+0000] {dag.py:3508} INFO - Setting next_dagrun for example_subdag_operator.section-1 to None, run_after=None
[2024-07-06T14:25:58.521+0000] {logging_mixin.py:150} INFO - [2024-07-06T14:25:58.521+0000] {dag.py:3508} INFO - Setting next_dagrun for example_subdag_operator.section-2 to None, run_after=None
[2024-07-06T14:25:58.527+0000] {logging_mixin.py:150} INFO - [2024-07-06T14:25:58.527+0000] {dag.py:2742} INFO - Sync 2 DAGs
[2024-07-06T14:25:58.531+0000] {logging_mixin.py:150} INFO - [2024-07-06T14:25:58.531+0000] {dag.py:3508} INFO - Setting next_dagrun for example_subdag_operator.section-1 to None, run_after=None
[2024-07-06T14:25:58.532+0000] {logging_mixin.py:150} INFO - [2024-07-06T14:25:58.532+0000] {dag.py:3508} INFO - Setting next_dagrun for example_subdag_operator.section-2 to None, run_after=None
[2024-07-06T14:25:58.541+0000] {processor.py:179} INFO - Processing /home/airflow/.local/lib/python3.7/site-packages/airflow/example_dags/example_subdag_operator.py took 0.085 seconds
[2024-07-06T14:26:29.166+0000] {processor.py:157} INFO - Started process (PID=2002) to work on /home/airflow/.local/lib/python3.7/site-packages/airflow/example_dags/example_subdag_operator.py
[2024-07-06T14:26:29.169+0000] {processor.py:826} INFO - Processing file /home/airflow/.local/lib/python3.7/site-packages/airflow/example_dags/example_subdag_operator.py for tasks to queue
[2024-07-06T14:26:29.174+0000] {logging_mixin.py:150} INFO - [2024-07-06T14:26:29.173+0000] {dagbag.py:541} INFO - Filling up the DagBag from /home/airflow/.local/lib/python3.7/site-packages/airflow/example_dags/example_subdag_operator.py
[2024-07-06T14:26:29.206+0000] {processor.py:836} INFO - DAG(s) dict_keys(['example_subdag_operator.section-1', 'example_subdag_operator.section-2', 'example_subdag_operator']) retrieved from /home/airflow/.local/lib/python3.7/site-packages/airflow/example_dags/example_subdag_operator.py
[2024-07-06T14:26:29.271+0000] {logging_mixin.py:150} INFO - [2024-07-06T14:26:29.271+0000] {dag.py:2742} INFO - Sync 3 DAGs
[2024-07-06T14:26:29.293+0000] {logging_mixin.py:150} INFO - [2024-07-06T14:26:29.293+0000] {dag.py:3508} INFO - Setting next_dagrun for example_subdag_operator to 2022-01-01T00:00:00+00:00, run_after=2022-01-01T00:00:00+00:00
[2024-07-06T14:26:29.296+0000] {logging_mixin.py:150} INFO - [2024-07-06T14:26:29.296+0000] {dag.py:3508} INFO - Setting next_dagrun for example_subdag_operator.section-1 to None, run_after=None
[2024-07-06T14:26:29.299+0000] {logging_mixin.py:150} INFO - [2024-07-06T14:26:29.298+0000] {dag.py:3508} INFO - Setting next_dagrun for example_subdag_operator.section-2 to None, run_after=None
[2024-07-06T14:26:29.306+0000] {logging_mixin.py:150} INFO - [2024-07-06T14:26:29.305+0000] {dag.py:2742} INFO - Sync 2 DAGs
[2024-07-06T14:26:29.312+0000] {logging_mixin.py:150} INFO - [2024-07-06T14:26:29.312+0000] {dag.py:3508} INFO - Setting next_dagrun for example_subdag_operator.section-1 to None, run_after=None
[2024-07-06T14:26:29.314+0000] {logging_mixin.py:150} INFO - [2024-07-06T14:26:29.314+0000] {dag.py:3508} INFO - Setting next_dagrun for example_subdag_operator.section-2 to None, run_after=None
[2024-07-06T14:26:29.324+0000] {processor.py:179} INFO - Processing /home/airflow/.local/lib/python3.7/site-packages/airflow/example_dags/example_subdag_operator.py took 0.160 seconds
[2024-07-06T14:26:59.609+0000] {processor.py:157} INFO - Started process (PID=2065) to work on /home/airflow/.local/lib/python3.7/site-packages/airflow/example_dags/example_subdag_operator.py
[2024-07-06T14:26:59.611+0000] {processor.py:826} INFO - Processing file /home/airflow/.local/lib/python3.7/site-packages/airflow/example_dags/example_subdag_operator.py for tasks to queue
[2024-07-06T14:26:59.613+0000] {logging_mixin.py:150} INFO - [2024-07-06T14:26:59.612+0000] {dagbag.py:541} INFO - Filling up the DagBag from /home/airflow/.local/lib/python3.7/site-packages/airflow/example_dags/example_subdag_operator.py
[2024-07-06T14:26:59.634+0000] {processor.py:836} INFO - DAG(s) dict_keys(['example_subdag_operator.section-1', 'example_subdag_operator.section-2', 'example_subdag_operator']) retrieved from /home/airflow/.local/lib/python3.7/site-packages/airflow/example_dags/example_subdag_operator.py
[2024-07-06T14:26:59.651+0000] {logging_mixin.py:150} INFO - [2024-07-06T14:26:59.651+0000] {dag.py:2742} INFO - Sync 3 DAGs
[2024-07-06T14:26:59.674+0000] {logging_mixin.py:150} INFO - [2024-07-06T14:26:59.674+0000] {dag.py:3508} INFO - Setting next_dagrun for example_subdag_operator to 2022-01-01T00:00:00+00:00, run_after=2022-01-01T00:00:00+00:00
[2024-07-06T14:26:59.678+0000] {logging_mixin.py:150} INFO - [2024-07-06T14:26:59.678+0000] {dag.py:3508} INFO - Setting next_dagrun for example_subdag_operator.section-1 to None, run_after=None
[2024-07-06T14:26:59.679+0000] {logging_mixin.py:150} INFO - [2024-07-06T14:26:59.679+0000] {dag.py:3508} INFO - Setting next_dagrun for example_subdag_operator.section-2 to None, run_after=None
[2024-07-06T14:26:59.685+0000] {logging_mixin.py:150} INFO - [2024-07-06T14:26:59.685+0000] {dag.py:2742} INFO - Sync 2 DAGs
[2024-07-06T14:26:59.689+0000] {logging_mixin.py:150} INFO - [2024-07-06T14:26:59.689+0000] {dag.py:3508} INFO - Setting next_dagrun for example_subdag_operator.section-1 to None, run_after=None
[2024-07-06T14:26:59.690+0000] {logging_mixin.py:150} INFO - [2024-07-06T14:26:59.690+0000] {dag.py:3508} INFO - Setting next_dagrun for example_subdag_operator.section-2 to None, run_after=None
[2024-07-06T14:26:59.698+0000] {processor.py:179} INFO - Processing /home/airflow/.local/lib/python3.7/site-packages/airflow/example_dags/example_subdag_operator.py took 0.092 seconds
[2024-07-06T14:27:30.055+0000] {processor.py:157} INFO - Started process (PID=2127) to work on /home/airflow/.local/lib/python3.7/site-packages/airflow/example_dags/example_subdag_operator.py
[2024-07-06T14:27:30.057+0000] {processor.py:826} INFO - Processing file /home/airflow/.local/lib/python3.7/site-packages/airflow/example_dags/example_subdag_operator.py for tasks to queue
[2024-07-06T14:27:30.059+0000] {logging_mixin.py:150} INFO - [2024-07-06T14:27:30.059+0000] {dagbag.py:541} INFO - Filling up the DagBag from /home/airflow/.local/lib/python3.7/site-packages/airflow/example_dags/example_subdag_operator.py
[2024-07-06T14:27:30.083+0000] {processor.py:836} INFO - DAG(s) dict_keys(['example_subdag_operator.section-1', 'example_subdag_operator.section-2', 'example_subdag_operator']) retrieved from /home/airflow/.local/lib/python3.7/site-packages/airflow/example_dags/example_subdag_operator.py
[2024-07-06T14:27:30.096+0000] {logging_mixin.py:150} INFO - [2024-07-06T14:27:30.096+0000] {dag.py:2742} INFO - Sync 3 DAGs
[2024-07-06T14:27:30.114+0000] {logging_mixin.py:150} INFO - [2024-07-06T14:27:30.113+0000] {dag.py:3508} INFO - Setting next_dagrun for example_subdag_operator to 2022-01-01T00:00:00+00:00, run_after=2022-01-01T00:00:00+00:00
[2024-07-06T14:27:30.117+0000] {logging_mixin.py:150} INFO - [2024-07-06T14:27:30.117+0000] {dag.py:3508} INFO - Setting next_dagrun for example_subdag_operator.section-1 to None, run_after=None
[2024-07-06T14:27:30.118+0000] {logging_mixin.py:150} INFO - [2024-07-06T14:27:30.118+0000] {dag.py:3508} INFO - Setting next_dagrun for example_subdag_operator.section-2 to None, run_after=None
[2024-07-06T14:27:30.124+0000] {logging_mixin.py:150} INFO - [2024-07-06T14:27:30.124+0000] {dag.py:2742} INFO - Sync 2 DAGs
[2024-07-06T14:27:30.128+0000] {logging_mixin.py:150} INFO - [2024-07-06T14:27:30.128+0000] {dag.py:3508} INFO - Setting next_dagrun for example_subdag_operator.section-1 to None, run_after=None
[2024-07-06T14:27:30.129+0000] {logging_mixin.py:150} INFO - [2024-07-06T14:27:30.129+0000] {dag.py:3508} INFO - Setting next_dagrun for example_subdag_operator.section-2 to None, run_after=None
[2024-07-06T14:27:30.138+0000] {processor.py:179} INFO - Processing /home/airflow/.local/lib/python3.7/site-packages/airflow/example_dags/example_subdag_operator.py took 0.086 seconds
[2024-07-06T14:28:00.699+0000] {processor.py:157} INFO - Started process (PID=2195) to work on /home/airflow/.local/lib/python3.7/site-packages/airflow/example_dags/example_subdag_operator.py
[2024-07-06T14:28:00.701+0000] {processor.py:826} INFO - Processing file /home/airflow/.local/lib/python3.7/site-packages/airflow/example_dags/example_subdag_operator.py for tasks to queue
[2024-07-06T14:28:00.703+0000] {logging_mixin.py:150} INFO - [2024-07-06T14:28:00.702+0000] {dagbag.py:541} INFO - Filling up the DagBag from /home/airflow/.local/lib/python3.7/site-packages/airflow/example_dags/example_subdag_operator.py
[2024-07-06T14:28:00.725+0000] {processor.py:836} INFO - DAG(s) dict_keys(['example_subdag_operator.section-1', 'example_subdag_operator.section-2', 'example_subdag_operator']) retrieved from /home/airflow/.local/lib/python3.7/site-packages/airflow/example_dags/example_subdag_operator.py
[2024-07-06T14:28:00.739+0000] {logging_mixin.py:150} INFO - [2024-07-06T14:28:00.739+0000] {dag.py:2742} INFO - Sync 3 DAGs
[2024-07-06T14:28:00.758+0000] {logging_mixin.py:150} INFO - [2024-07-06T14:28:00.758+0000] {dag.py:3508} INFO - Setting next_dagrun for example_subdag_operator to 2022-01-01T00:00:00+00:00, run_after=2022-01-01T00:00:00+00:00
[2024-07-06T14:28:00.762+0000] {logging_mixin.py:150} INFO - [2024-07-06T14:28:00.762+0000] {dag.py:3508} INFO - Setting next_dagrun for example_subdag_operator.section-1 to None, run_after=None
[2024-07-06T14:28:00.765+0000] {logging_mixin.py:150} INFO - [2024-07-06T14:28:00.764+0000] {dag.py:3508} INFO - Setting next_dagrun for example_subdag_operator.section-2 to None, run_after=None
[2024-07-06T14:28:00.771+0000] {logging_mixin.py:150} INFO - [2024-07-06T14:28:00.771+0000] {dag.py:2742} INFO - Sync 2 DAGs
[2024-07-06T14:28:00.776+0000] {logging_mixin.py:150} INFO - [2024-07-06T14:28:00.776+0000] {dag.py:3508} INFO - Setting next_dagrun for example_subdag_operator.section-1 to None, run_after=None
[2024-07-06T14:28:00.777+0000] {logging_mixin.py:150} INFO - [2024-07-06T14:28:00.777+0000] {dag.py:3508} INFO - Setting next_dagrun for example_subdag_operator.section-2 to None, run_after=None
[2024-07-06T14:28:00.787+0000] {processor.py:179} INFO - Processing /home/airflow/.local/lib/python3.7/site-packages/airflow/example_dags/example_subdag_operator.py took 0.091 seconds
[2024-07-06T14:28:31.384+0000] {processor.py:157} INFO - Started process (PID=2263) to work on /home/airflow/.local/lib/python3.7/site-packages/airflow/example_dags/example_subdag_operator.py
[2024-07-06T14:28:31.385+0000] {processor.py:826} INFO - Processing file /home/airflow/.local/lib/python3.7/site-packages/airflow/example_dags/example_subdag_operator.py for tasks to queue
[2024-07-06T14:28:31.387+0000] {logging_mixin.py:150} INFO - [2024-07-06T14:28:31.387+0000] {dagbag.py:541} INFO - Filling up the DagBag from /home/airflow/.local/lib/python3.7/site-packages/airflow/example_dags/example_subdag_operator.py
[2024-07-06T14:28:31.436+0000] {processor.py:836} INFO - DAG(s) dict_keys(['example_subdag_operator.section-1', 'example_subdag_operator.section-2', 'example_subdag_operator']) retrieved from /home/airflow/.local/lib/python3.7/site-packages/airflow/example_dags/example_subdag_operator.py
[2024-07-06T14:28:31.453+0000] {logging_mixin.py:150} INFO - [2024-07-06T14:28:31.453+0000] {dag.py:2742} INFO - Sync 3 DAGs
[2024-07-06T14:28:31.481+0000] {logging_mixin.py:150} INFO - [2024-07-06T14:28:31.481+0000] {dag.py:3508} INFO - Setting next_dagrun for example_subdag_operator to 2022-01-01T00:00:00+00:00, run_after=2022-01-01T00:00:00+00:00
[2024-07-06T14:28:31.485+0000] {logging_mixin.py:150} INFO - [2024-07-06T14:28:31.485+0000] {dag.py:3508} INFO - Setting next_dagrun for example_subdag_operator.section-1 to None, run_after=None
[2024-07-06T14:28:31.487+0000] {logging_mixin.py:150} INFO - [2024-07-06T14:28:31.487+0000] {dag.py:3508} INFO - Setting next_dagrun for example_subdag_operator.section-2 to None, run_after=None
[2024-07-06T14:28:31.493+0000] {logging_mixin.py:150} INFO - [2024-07-06T14:28:31.493+0000] {dag.py:2742} INFO - Sync 2 DAGs
[2024-07-06T14:28:31.498+0000] {logging_mixin.py:150} INFO - [2024-07-06T14:28:31.498+0000] {dag.py:3508} INFO - Setting next_dagrun for example_subdag_operator.section-1 to None, run_after=None
[2024-07-06T14:28:31.499+0000] {logging_mixin.py:150} INFO - [2024-07-06T14:28:31.499+0000] {dag.py:3508} INFO - Setting next_dagrun for example_subdag_operator.section-2 to None, run_after=None
[2024-07-06T14:28:31.507+0000] {processor.py:179} INFO - Processing /home/airflow/.local/lib/python3.7/site-packages/airflow/example_dags/example_subdag_operator.py took 0.128 seconds
[2024-07-06T14:29:02.205+0000] {processor.py:157} INFO - Started process (PID=2326) to work on /home/airflow/.local/lib/python3.7/site-packages/airflow/example_dags/example_subdag_operator.py
[2024-07-06T14:29:02.207+0000] {processor.py:826} INFO - Processing file /home/airflow/.local/lib/python3.7/site-packages/airflow/example_dags/example_subdag_operator.py for tasks to queue
[2024-07-06T14:29:02.208+0000] {logging_mixin.py:150} INFO - [2024-07-06T14:29:02.208+0000] {dagbag.py:541} INFO - Filling up the DagBag from /home/airflow/.local/lib/python3.7/site-packages/airflow/example_dags/example_subdag_operator.py
[2024-07-06T14:29:02.231+0000] {processor.py:836} INFO - DAG(s) dict_keys(['example_subdag_operator.section-1', 'example_subdag_operator.section-2', 'example_subdag_operator']) retrieved from /home/airflow/.local/lib/python3.7/site-packages/airflow/example_dags/example_subdag_operator.py
[2024-07-06T14:29:02.245+0000] {logging_mixin.py:150} INFO - [2024-07-06T14:29:02.245+0000] {dag.py:2742} INFO - Sync 3 DAGs
[2024-07-06T14:29:02.263+0000] {logging_mixin.py:150} INFO - [2024-07-06T14:29:02.263+0000] {dag.py:3508} INFO - Setting next_dagrun for example_subdag_operator to 2022-01-01T00:00:00+00:00, run_after=2022-01-01T00:00:00+00:00
[2024-07-06T14:29:02.268+0000] {logging_mixin.py:150} INFO - [2024-07-06T14:29:02.268+0000] {dag.py:3508} INFO - Setting next_dagrun for example_subdag_operator.section-1 to None, run_after=None
[2024-07-06T14:29:02.271+0000] {logging_mixin.py:150} INFO - [2024-07-06T14:29:02.271+0000] {dag.py:3508} INFO - Setting next_dagrun for example_subdag_operator.section-2 to None, run_after=None
[2024-07-06T14:29:02.277+0000] {logging_mixin.py:150} INFO - [2024-07-06T14:29:02.277+0000] {dag.py:2742} INFO - Sync 2 DAGs
[2024-07-06T14:29:02.281+0000] {logging_mixin.py:150} INFO - [2024-07-06T14:29:02.281+0000] {dag.py:3508} INFO - Setting next_dagrun for example_subdag_operator.section-1 to None, run_after=None
[2024-07-06T14:29:02.282+0000] {logging_mixin.py:150} INFO - [2024-07-06T14:29:02.282+0000] {dag.py:3508} INFO - Setting next_dagrun for example_subdag_operator.section-2 to None, run_after=None
[2024-07-06T14:29:02.290+0000] {processor.py:179} INFO - Processing /home/airflow/.local/lib/python3.7/site-packages/airflow/example_dags/example_subdag_operator.py took 0.088 seconds
[2024-07-06T14:29:33.016+0000] {processor.py:157} INFO - Started process (PID=2393) to work on /home/airflow/.local/lib/python3.7/site-packages/airflow/example_dags/example_subdag_operator.py
[2024-07-06T14:29:33.020+0000] {processor.py:826} INFO - Processing file /home/airflow/.local/lib/python3.7/site-packages/airflow/example_dags/example_subdag_operator.py for tasks to queue
[2024-07-06T14:29:33.023+0000] {logging_mixin.py:150} INFO - [2024-07-06T14:29:33.022+0000] {dagbag.py:541} INFO - Filling up the DagBag from /home/airflow/.local/lib/python3.7/site-packages/airflow/example_dags/example_subdag_operator.py
[2024-07-06T14:29:33.080+0000] {processor.py:836} INFO - DAG(s) dict_keys(['example_subdag_operator.section-1', 'example_subdag_operator.section-2', 'example_subdag_operator']) retrieved from /home/airflow/.local/lib/python3.7/site-packages/airflow/example_dags/example_subdag_operator.py
[2024-07-06T14:29:33.128+0000] {logging_mixin.py:150} INFO - [2024-07-06T14:29:33.127+0000] {dag.py:2742} INFO - Sync 3 DAGs
[2024-07-06T14:29:33.163+0000] {logging_mixin.py:150} INFO - [2024-07-06T14:29:33.162+0000] {dag.py:3508} INFO - Setting next_dagrun for example_subdag_operator to 2022-01-01T00:00:00+00:00, run_after=2022-01-01T00:00:00+00:00
[2024-07-06T14:29:33.171+0000] {logging_mixin.py:150} INFO - [2024-07-06T14:29:33.171+0000] {dag.py:3508} INFO - Setting next_dagrun for example_subdag_operator.section-1 to None, run_after=None
[2024-07-06T14:29:33.185+0000] {logging_mixin.py:150} INFO - [2024-07-06T14:29:33.185+0000] {dag.py:3508} INFO - Setting next_dagrun for example_subdag_operator.section-2 to None, run_after=None
[2024-07-06T14:29:33.228+0000] {logging_mixin.py:150} INFO - [2024-07-06T14:29:33.227+0000] {dag.py:2742} INFO - Sync 2 DAGs
[2024-07-06T14:29:33.250+0000] {logging_mixin.py:150} INFO - [2024-07-06T14:29:33.250+0000] {dag.py:3508} INFO - Setting next_dagrun for example_subdag_operator.section-1 to None, run_after=None
[2024-07-06T14:29:33.252+0000] {logging_mixin.py:150} INFO - [2024-07-06T14:29:33.252+0000] {dag.py:3508} INFO - Setting next_dagrun for example_subdag_operator.section-2 to None, run_after=None
[2024-07-06T14:29:33.280+0000] {processor.py:179} INFO - Processing /home/airflow/.local/lib/python3.7/site-packages/airflow/example_dags/example_subdag_operator.py took 0.276 seconds
[2024-07-06T14:30:03.626+0000] {processor.py:157} INFO - Started process (PID=2456) to work on /home/airflow/.local/lib/python3.7/site-packages/airflow/example_dags/example_subdag_operator.py
[2024-07-06T14:30:03.630+0000] {processor.py:826} INFO - Processing file /home/airflow/.local/lib/python3.7/site-packages/airflow/example_dags/example_subdag_operator.py for tasks to queue
[2024-07-06T14:30:03.632+0000] {logging_mixin.py:150} INFO - [2024-07-06T14:30:03.632+0000] {dagbag.py:541} INFO - Filling up the DagBag from /home/airflow/.local/lib/python3.7/site-packages/airflow/example_dags/example_subdag_operator.py
[2024-07-06T14:30:03.683+0000] {processor.py:836} INFO - DAG(s) dict_keys(['example_subdag_operator.section-1', 'example_subdag_operator.section-2', 'example_subdag_operator']) retrieved from /home/airflow/.local/lib/python3.7/site-packages/airflow/example_dags/example_subdag_operator.py
[2024-07-06T14:30:03.715+0000] {logging_mixin.py:150} INFO - [2024-07-06T14:30:03.714+0000] {dag.py:2742} INFO - Sync 3 DAGs
[2024-07-06T14:30:03.766+0000] {logging_mixin.py:150} INFO - [2024-07-06T14:30:03.765+0000] {dag.py:3508} INFO - Setting next_dagrun for example_subdag_operator to 2022-01-01T00:00:00+00:00, run_after=2022-01-01T00:00:00+00:00
[2024-07-06T14:30:03.772+0000] {logging_mixin.py:150} INFO - [2024-07-06T14:30:03.772+0000] {dag.py:3508} INFO - Setting next_dagrun for example_subdag_operator.section-1 to None, run_after=None
[2024-07-06T14:30:03.775+0000] {logging_mixin.py:150} INFO - [2024-07-06T14:30:03.775+0000] {dag.py:3508} INFO - Setting next_dagrun for example_subdag_operator.section-2 to None, run_after=None
[2024-07-06T14:30:03.783+0000] {logging_mixin.py:150} INFO - [2024-07-06T14:30:03.783+0000] {dag.py:2742} INFO - Sync 2 DAGs
[2024-07-06T14:30:03.790+0000] {logging_mixin.py:150} INFO - [2024-07-06T14:30:03.789+0000] {dag.py:3508} INFO - Setting next_dagrun for example_subdag_operator.section-1 to None, run_after=None
[2024-07-06T14:30:03.791+0000] {logging_mixin.py:150} INFO - [2024-07-06T14:30:03.791+0000] {dag.py:3508} INFO - Setting next_dagrun for example_subdag_operator.section-2 to None, run_after=None
[2024-07-06T14:30:03.802+0000] {processor.py:179} INFO - Processing /home/airflow/.local/lib/python3.7/site-packages/airflow/example_dags/example_subdag_operator.py took 0.181 seconds
[2024-07-06T14:30:34.983+0000] {processor.py:157} INFO - Started process (PID=2519) to work on /home/airflow/.local/lib/python3.7/site-packages/airflow/example_dags/example_subdag_operator.py
[2024-07-06T14:30:34.987+0000] {processor.py:826} INFO - Processing file /home/airflow/.local/lib/python3.7/site-packages/airflow/example_dags/example_subdag_operator.py for tasks to queue
[2024-07-06T14:30:34.989+0000] {logging_mixin.py:150} INFO - [2024-07-06T14:30:34.988+0000] {dagbag.py:541} INFO - Filling up the DagBag from /home/airflow/.local/lib/python3.7/site-packages/airflow/example_dags/example_subdag_operator.py
[2024-07-06T14:30:35.016+0000] {processor.py:836} INFO - DAG(s) dict_keys(['example_subdag_operator.section-1', 'example_subdag_operator.section-2', 'example_subdag_operator']) retrieved from /home/airflow/.local/lib/python3.7/site-packages/airflow/example_dags/example_subdag_operator.py
[2024-07-06T14:30:35.031+0000] {logging_mixin.py:150} INFO - [2024-07-06T14:30:35.031+0000] {dag.py:2742} INFO - Sync 3 DAGs
[2024-07-06T14:30:35.050+0000] {logging_mixin.py:150} INFO - [2024-07-06T14:30:35.050+0000] {dag.py:3508} INFO - Setting next_dagrun for example_subdag_operator to 2022-01-01T00:00:00+00:00, run_after=2022-01-01T00:00:00+00:00
[2024-07-06T14:30:35.054+0000] {logging_mixin.py:150} INFO - [2024-07-06T14:30:35.053+0000] {dag.py:3508} INFO - Setting next_dagrun for example_subdag_operator.section-1 to None, run_after=None
[2024-07-06T14:30:35.056+0000] {logging_mixin.py:150} INFO - [2024-07-06T14:30:35.055+0000] {dag.py:3508} INFO - Setting next_dagrun for example_subdag_operator.section-2 to None, run_after=None
[2024-07-06T14:30:35.062+0000] {logging_mixin.py:150} INFO - [2024-07-06T14:30:35.062+0000] {dag.py:2742} INFO - Sync 2 DAGs
[2024-07-06T14:30:35.066+0000] {logging_mixin.py:150} INFO - [2024-07-06T14:30:35.066+0000] {dag.py:3508} INFO - Setting next_dagrun for example_subdag_operator.section-1 to None, run_after=None
[2024-07-06T14:30:35.068+0000] {logging_mixin.py:150} INFO - [2024-07-06T14:30:35.068+0000] {dag.py:3508} INFO - Setting next_dagrun for example_subdag_operator.section-2 to None, run_after=None
[2024-07-06T14:30:35.075+0000] {processor.py:179} INFO - Processing /home/airflow/.local/lib/python3.7/site-packages/airflow/example_dags/example_subdag_operator.py took 0.095 seconds
