[2024-07-06T14:10:43.776+0000] {processor.py:157} INFO - Started process (PID=59) to work on /home/airflow/.local/lib/python3.7/site-packages/airflow/example_dags/example_dag_decorator.py
[2024-07-06T14:10:43.780+0000] {processor.py:826} INFO - Processing file /home/airflow/.local/lib/python3.7/site-packages/airflow/example_dags/example_dag_decorator.py for tasks to queue
[2024-07-06T14:10:43.786+0000] {logging_mixin.py:150} INFO - [2024-07-06T14:10:43.785+0000] {dagbag.py:541} INFO - Filling up the DagBag from /home/airflow/.local/lib/python3.7/site-packages/airflow/example_dags/example_dag_decorator.py
[2024-07-06T14:10:43.831+0000] {processor.py:836} INFO - DAG(s) dict_keys(['example_dag_decorator']) retrieved from /home/airflow/.local/lib/python3.7/site-packages/airflow/example_dags/example_dag_decorator.py
[2024-07-06T14:10:43.864+0000] {logging_mixin.py:150} INFO - [2024-07-06T14:10:43.864+0000] {dag.py:2742} INFO - Sync 1 DAGs
[2024-07-06T14:10:43.960+0000] {logging_mixin.py:150} INFO - [2024-07-06T14:10:43.958+0000] {dag.py:3508} INFO - Setting next_dagrun for example_dag_decorator to None, run_after=None
[2024-07-06T14:10:44.046+0000] {processor.py:179} INFO - Processing /home/airflow/.local/lib/python3.7/site-packages/airflow/example_dags/example_dag_decorator.py took 0.286 seconds
[2024-07-06T14:11:14.791+0000] {processor.py:157} INFO - Started process (PID=121) to work on /home/airflow/.local/lib/python3.7/site-packages/airflow/example_dags/example_dag_decorator.py
[2024-07-06T14:11:14.798+0000] {processor.py:826} INFO - Processing file /home/airflow/.local/lib/python3.7/site-packages/airflow/example_dags/example_dag_decorator.py for tasks to queue
[2024-07-06T14:11:14.802+0000] {logging_mixin.py:150} INFO - [2024-07-06T14:11:14.801+0000] {dagbag.py:541} INFO - Filling up the DagBag from /home/airflow/.local/lib/python3.7/site-packages/airflow/example_dags/example_dag_decorator.py
[2024-07-06T14:11:14.870+0000] {processor.py:836} INFO - DAG(s) dict_keys(['example_dag_decorator']) retrieved from /home/airflow/.local/lib/python3.7/site-packages/airflow/example_dags/example_dag_decorator.py
[2024-07-06T14:11:15.170+0000] {logging_mixin.py:150} INFO - [2024-07-06T14:11:15.170+0000] {dag.py:2742} INFO - Sync 1 DAGs
[2024-07-06T14:11:15.185+0000] {logging_mixin.py:150} INFO - [2024-07-06T14:11:15.185+0000] {dag.py:3508} INFO - Setting next_dagrun for example_dag_decorator to None, run_after=None
[2024-07-06T14:11:15.205+0000] {processor.py:179} INFO - Processing /home/airflow/.local/lib/python3.7/site-packages/airflow/example_dags/example_dag_decorator.py took 0.439 seconds
[2024-07-06T14:11:45.790+0000] {processor.py:157} INFO - Started process (PID=184) to work on /home/airflow/.local/lib/python3.7/site-packages/airflow/example_dags/example_dag_decorator.py
[2024-07-06T14:11:45.793+0000] {processor.py:826} INFO - Processing file /home/airflow/.local/lib/python3.7/site-packages/airflow/example_dags/example_dag_decorator.py for tasks to queue
[2024-07-06T14:11:45.795+0000] {logging_mixin.py:150} INFO - [2024-07-06T14:11:45.795+0000] {dagbag.py:541} INFO - Filling up the DagBag from /home/airflow/.local/lib/python3.7/site-packages/airflow/example_dags/example_dag_decorator.py
[2024-07-06T14:11:45.815+0000] {processor.py:836} INFO - DAG(s) dict_keys(['example_dag_decorator']) retrieved from /home/airflow/.local/lib/python3.7/site-packages/airflow/example_dags/example_dag_decorator.py
[2024-07-06T14:11:45.928+0000] {logging_mixin.py:150} INFO - [2024-07-06T14:11:45.928+0000] {dag.py:2742} INFO - Sync 1 DAGs
[2024-07-06T14:11:45.950+0000] {logging_mixin.py:150} INFO - [2024-07-06T14:11:45.950+0000] {dag.py:3508} INFO - Setting next_dagrun for example_dag_decorator to None, run_after=None
[2024-07-06T14:11:45.965+0000] {processor.py:179} INFO - Processing /home/airflow/.local/lib/python3.7/site-packages/airflow/example_dags/example_dag_decorator.py took 0.181 seconds
[2024-07-06T14:12:16.217+0000] {processor.py:157} INFO - Started process (PID=247) to work on /home/airflow/.local/lib/python3.7/site-packages/airflow/example_dags/example_dag_decorator.py
[2024-07-06T14:12:16.223+0000] {processor.py:826} INFO - Processing file /home/airflow/.local/lib/python3.7/site-packages/airflow/example_dags/example_dag_decorator.py for tasks to queue
[2024-07-06T14:12:16.225+0000] {logging_mixin.py:150} INFO - [2024-07-06T14:12:16.224+0000] {dagbag.py:541} INFO - Filling up the DagBag from /home/airflow/.local/lib/python3.7/site-packages/airflow/example_dags/example_dag_decorator.py
[2024-07-06T14:12:16.239+0000] {processor.py:836} INFO - DAG(s) dict_keys(['example_dag_decorator']) retrieved from /home/airflow/.local/lib/python3.7/site-packages/airflow/example_dags/example_dag_decorator.py
[2024-07-06T14:12:16.319+0000] {logging_mixin.py:150} INFO - [2024-07-06T14:12:16.319+0000] {dag.py:2742} INFO - Sync 1 DAGs
[2024-07-06T14:12:16.336+0000] {logging_mixin.py:150} INFO - [2024-07-06T14:12:16.336+0000] {dag.py:3508} INFO - Setting next_dagrun for example_dag_decorator to None, run_after=None
[2024-07-06T14:12:16.353+0000] {processor.py:179} INFO - Processing /home/airflow/.local/lib/python3.7/site-packages/airflow/example_dags/example_dag_decorator.py took 0.143 seconds
[2024-07-06T14:12:46.505+0000] {processor.py:157} INFO - Started process (PID=310) to work on /home/airflow/.local/lib/python3.7/site-packages/airflow/example_dags/example_dag_decorator.py
[2024-07-06T14:12:46.508+0000] {processor.py:826} INFO - Processing file /home/airflow/.local/lib/python3.7/site-packages/airflow/example_dags/example_dag_decorator.py for tasks to queue
[2024-07-06T14:12:46.510+0000] {logging_mixin.py:150} INFO - [2024-07-06T14:12:46.510+0000] {dagbag.py:541} INFO - Filling up the DagBag from /home/airflow/.local/lib/python3.7/site-packages/airflow/example_dags/example_dag_decorator.py
[2024-07-06T14:12:46.526+0000] {processor.py:836} INFO - DAG(s) dict_keys(['example_dag_decorator']) retrieved from /home/airflow/.local/lib/python3.7/site-packages/airflow/example_dags/example_dag_decorator.py
[2024-07-06T14:12:46.609+0000] {logging_mixin.py:150} INFO - [2024-07-06T14:12:46.609+0000] {dag.py:2742} INFO - Sync 1 DAGs
[2024-07-06T14:12:46.632+0000] {logging_mixin.py:150} INFO - [2024-07-06T14:12:46.632+0000] {dag.py:3508} INFO - Setting next_dagrun for example_dag_decorator to None, run_after=None
[2024-07-06T14:12:46.648+0000] {processor.py:179} INFO - Processing /home/airflow/.local/lib/python3.7/site-packages/airflow/example_dags/example_dag_decorator.py took 0.148 seconds
[2024-07-06T14:13:16.800+0000] {processor.py:157} INFO - Started process (PID=373) to work on /home/airflow/.local/lib/python3.7/site-packages/airflow/example_dags/example_dag_decorator.py
[2024-07-06T14:13:16.802+0000] {processor.py:826} INFO - Processing file /home/airflow/.local/lib/python3.7/site-packages/airflow/example_dags/example_dag_decorator.py for tasks to queue
[2024-07-06T14:13:16.803+0000] {logging_mixin.py:150} INFO - [2024-07-06T14:13:16.803+0000] {dagbag.py:541} INFO - Filling up the DagBag from /home/airflow/.local/lib/python3.7/site-packages/airflow/example_dags/example_dag_decorator.py
[2024-07-06T14:13:16.814+0000] {processor.py:836} INFO - DAG(s) dict_keys(['example_dag_decorator']) retrieved from /home/airflow/.local/lib/python3.7/site-packages/airflow/example_dags/example_dag_decorator.py
[2024-07-06T14:13:16.897+0000] {logging_mixin.py:150} INFO - [2024-07-06T14:13:16.897+0000] {dag.py:2742} INFO - Sync 1 DAGs
[2024-07-06T14:13:16.913+0000] {logging_mixin.py:150} INFO - [2024-07-06T14:13:16.913+0000] {dag.py:3508} INFO - Setting next_dagrun for example_dag_decorator to None, run_after=None
[2024-07-06T14:13:16.926+0000] {processor.py:179} INFO - Processing /home/airflow/.local/lib/python3.7/site-packages/airflow/example_dags/example_dag_decorator.py took 0.129 seconds
[2024-07-06T14:13:47.213+0000] {processor.py:157} INFO - Started process (PID=437) to work on /home/airflow/.local/lib/python3.7/site-packages/airflow/example_dags/example_dag_decorator.py
[2024-07-06T14:13:47.214+0000] {processor.py:826} INFO - Processing file /home/airflow/.local/lib/python3.7/site-packages/airflow/example_dags/example_dag_decorator.py for tasks to queue
[2024-07-06T14:13:47.217+0000] {logging_mixin.py:150} INFO - [2024-07-06T14:13:47.216+0000] {dagbag.py:541} INFO - Filling up the DagBag from /home/airflow/.local/lib/python3.7/site-packages/airflow/example_dags/example_dag_decorator.py
[2024-07-06T14:13:47.227+0000] {processor.py:836} INFO - DAG(s) dict_keys(['example_dag_decorator']) retrieved from /home/airflow/.local/lib/python3.7/site-packages/airflow/example_dags/example_dag_decorator.py
[2024-07-06T14:13:47.315+0000] {logging_mixin.py:150} INFO - [2024-07-06T14:13:47.315+0000] {dag.py:2742} INFO - Sync 1 DAGs
[2024-07-06T14:13:47.332+0000] {logging_mixin.py:150} INFO - [2024-07-06T14:13:47.332+0000] {dag.py:3508} INFO - Setting next_dagrun for example_dag_decorator to None, run_after=None
[2024-07-06T14:13:47.349+0000] {processor.py:179} INFO - Processing /home/airflow/.local/lib/python3.7/site-packages/airflow/example_dags/example_dag_decorator.py took 0.139 seconds
[2024-07-06T14:14:17.552+0000] {processor.py:157} INFO - Started process (PID=500) to work on /home/airflow/.local/lib/python3.7/site-packages/airflow/example_dags/example_dag_decorator.py
[2024-07-06T14:14:17.554+0000] {processor.py:826} INFO - Processing file /home/airflow/.local/lib/python3.7/site-packages/airflow/example_dags/example_dag_decorator.py for tasks to queue
[2024-07-06T14:14:17.556+0000] {logging_mixin.py:150} INFO - [2024-07-06T14:14:17.556+0000] {dagbag.py:541} INFO - Filling up the DagBag from /home/airflow/.local/lib/python3.7/site-packages/airflow/example_dags/example_dag_decorator.py
[2024-07-06T14:14:17.567+0000] {processor.py:836} INFO - DAG(s) dict_keys(['example_dag_decorator']) retrieved from /home/airflow/.local/lib/python3.7/site-packages/airflow/example_dags/example_dag_decorator.py
[2024-07-06T14:14:17.657+0000] {logging_mixin.py:150} INFO - [2024-07-06T14:14:17.657+0000] {dag.py:2742} INFO - Sync 1 DAGs
[2024-07-06T14:14:17.674+0000] {logging_mixin.py:150} INFO - [2024-07-06T14:14:17.674+0000] {dag.py:3508} INFO - Setting next_dagrun for example_dag_decorator to None, run_after=None
[2024-07-06T14:14:17.692+0000] {processor.py:179} INFO - Processing /home/airflow/.local/lib/python3.7/site-packages/airflow/example_dags/example_dag_decorator.py took 0.143 seconds
[2024-07-06T14:14:48.038+0000] {processor.py:157} INFO - Started process (PID=564) to work on /home/airflow/.local/lib/python3.7/site-packages/airflow/example_dags/example_dag_decorator.py
[2024-07-06T14:14:48.040+0000] {processor.py:826} INFO - Processing file /home/airflow/.local/lib/python3.7/site-packages/airflow/example_dags/example_dag_decorator.py for tasks to queue
[2024-07-06T14:14:48.042+0000] {logging_mixin.py:150} INFO - [2024-07-06T14:14:48.041+0000] {dagbag.py:541} INFO - Filling up the DagBag from /home/airflow/.local/lib/python3.7/site-packages/airflow/example_dags/example_dag_decorator.py
[2024-07-06T14:14:48.054+0000] {processor.py:836} INFO - DAG(s) dict_keys(['example_dag_decorator']) retrieved from /home/airflow/.local/lib/python3.7/site-packages/airflow/example_dags/example_dag_decorator.py
[2024-07-06T14:14:48.150+0000] {logging_mixin.py:150} INFO - [2024-07-06T14:14:48.150+0000] {dag.py:2742} INFO - Sync 1 DAGs
[2024-07-06T14:14:48.170+0000] {logging_mixin.py:150} INFO - [2024-07-06T14:14:48.170+0000] {dag.py:3508} INFO - Setting next_dagrun for example_dag_decorator to None, run_after=None
[2024-07-06T14:14:48.188+0000] {processor.py:179} INFO - Processing /home/airflow/.local/lib/python3.7/site-packages/airflow/example_dags/example_dag_decorator.py took 0.154 seconds
[2024-07-06T14:15:19.059+0000] {processor.py:157} INFO - Started process (PID=627) to work on /home/airflow/.local/lib/python3.7/site-packages/airflow/example_dags/example_dag_decorator.py
[2024-07-06T14:15:19.061+0000] {processor.py:826} INFO - Processing file /home/airflow/.local/lib/python3.7/site-packages/airflow/example_dags/example_dag_decorator.py for tasks to queue
[2024-07-06T14:15:19.063+0000] {logging_mixin.py:150} INFO - [2024-07-06T14:15:19.063+0000] {dagbag.py:541} INFO - Filling up the DagBag from /home/airflow/.local/lib/python3.7/site-packages/airflow/example_dags/example_dag_decorator.py
[2024-07-06T14:15:19.080+0000] {processor.py:836} INFO - DAG(s) dict_keys(['example_dag_decorator']) retrieved from /home/airflow/.local/lib/python3.7/site-packages/airflow/example_dags/example_dag_decorator.py
[2024-07-06T14:15:19.186+0000] {logging_mixin.py:150} INFO - [2024-07-06T14:15:19.186+0000] {dag.py:2742} INFO - Sync 1 DAGs
[2024-07-06T14:15:19.211+0000] {logging_mixin.py:150} INFO - [2024-07-06T14:15:19.211+0000] {dag.py:3508} INFO - Setting next_dagrun for example_dag_decorator to None, run_after=None
[2024-07-06T14:15:19.229+0000] {processor.py:179} INFO - Processing /home/airflow/.local/lib/python3.7/site-packages/airflow/example_dags/example_dag_decorator.py took 0.173 seconds
[2024-07-06T14:15:49.595+0000] {processor.py:157} INFO - Started process (PID=684) to work on /home/airflow/.local/lib/python3.7/site-packages/airflow/example_dags/example_dag_decorator.py
[2024-07-06T14:15:49.598+0000] {processor.py:826} INFO - Processing file /home/airflow/.local/lib/python3.7/site-packages/airflow/example_dags/example_dag_decorator.py for tasks to queue
[2024-07-06T14:15:49.600+0000] {logging_mixin.py:150} INFO - [2024-07-06T14:15:49.600+0000] {dagbag.py:541} INFO - Filling up the DagBag from /home/airflow/.local/lib/python3.7/site-packages/airflow/example_dags/example_dag_decorator.py
[2024-07-06T14:15:49.612+0000] {processor.py:836} INFO - DAG(s) dict_keys(['example_dag_decorator']) retrieved from /home/airflow/.local/lib/python3.7/site-packages/airflow/example_dags/example_dag_decorator.py
[2024-07-06T14:15:49.698+0000] {logging_mixin.py:150} INFO - [2024-07-06T14:15:49.698+0000] {dag.py:2742} INFO - Sync 1 DAGs
[2024-07-06T14:15:49.714+0000] {logging_mixin.py:150} INFO - [2024-07-06T14:15:49.714+0000] {dag.py:3508} INFO - Setting next_dagrun for example_dag_decorator to None, run_after=None
[2024-07-06T14:15:49.729+0000] {processor.py:179} INFO - Processing /home/airflow/.local/lib/python3.7/site-packages/airflow/example_dags/example_dag_decorator.py took 0.137 seconds
[2024-07-06T14:16:20.190+0000] {processor.py:157} INFO - Started process (PID=747) to work on /home/airflow/.local/lib/python3.7/site-packages/airflow/example_dags/example_dag_decorator.py
[2024-07-06T14:16:20.192+0000] {processor.py:826} INFO - Processing file /home/airflow/.local/lib/python3.7/site-packages/airflow/example_dags/example_dag_decorator.py for tasks to queue
[2024-07-06T14:16:20.194+0000] {logging_mixin.py:150} INFO - [2024-07-06T14:16:20.194+0000] {dagbag.py:541} INFO - Filling up the DagBag from /home/airflow/.local/lib/python3.7/site-packages/airflow/example_dags/example_dag_decorator.py
[2024-07-06T14:16:20.206+0000] {processor.py:836} INFO - DAG(s) dict_keys(['example_dag_decorator']) retrieved from /home/airflow/.local/lib/python3.7/site-packages/airflow/example_dags/example_dag_decorator.py
[2024-07-06T14:16:20.315+0000] {logging_mixin.py:150} INFO - [2024-07-06T14:16:20.314+0000] {dag.py:2742} INFO - Sync 1 DAGs
[2024-07-06T14:16:20.337+0000] {logging_mixin.py:150} INFO - [2024-07-06T14:16:20.337+0000] {dag.py:3508} INFO - Setting next_dagrun for example_dag_decorator to None, run_after=None
[2024-07-06T14:16:20.355+0000] {processor.py:179} INFO - Processing /home/airflow/.local/lib/python3.7/site-packages/airflow/example_dags/example_dag_decorator.py took 0.168 seconds
[2024-07-06T14:16:50.633+0000] {processor.py:157} INFO - Started process (PID=810) to work on /home/airflow/.local/lib/python3.7/site-packages/airflow/example_dags/example_dag_decorator.py
[2024-07-06T14:16:50.635+0000] {processor.py:826} INFO - Processing file /home/airflow/.local/lib/python3.7/site-packages/airflow/example_dags/example_dag_decorator.py for tasks to queue
[2024-07-06T14:16:50.637+0000] {logging_mixin.py:150} INFO - [2024-07-06T14:16:50.636+0000] {dagbag.py:541} INFO - Filling up the DagBag from /home/airflow/.local/lib/python3.7/site-packages/airflow/example_dags/example_dag_decorator.py
[2024-07-06T14:16:50.648+0000] {processor.py:836} INFO - DAG(s) dict_keys(['example_dag_decorator']) retrieved from /home/airflow/.local/lib/python3.7/site-packages/airflow/example_dags/example_dag_decorator.py
[2024-07-06T14:16:50.751+0000] {logging_mixin.py:150} INFO - [2024-07-06T14:16:50.751+0000] {dag.py:2742} INFO - Sync 1 DAGs
[2024-07-06T14:16:50.769+0000] {logging_mixin.py:150} INFO - [2024-07-06T14:16:50.769+0000] {dag.py:3508} INFO - Setting next_dagrun for example_dag_decorator to None, run_after=None
[2024-07-06T14:16:50.784+0000] {processor.py:179} INFO - Processing /home/airflow/.local/lib/python3.7/site-packages/airflow/example_dags/example_dag_decorator.py took 0.154 seconds
[2024-07-06T14:17:20.983+0000] {processor.py:157} INFO - Started process (PID=873) to work on /home/airflow/.local/lib/python3.7/site-packages/airflow/example_dags/example_dag_decorator.py
[2024-07-06T14:17:20.985+0000] {processor.py:826} INFO - Processing file /home/airflow/.local/lib/python3.7/site-packages/airflow/example_dags/example_dag_decorator.py for tasks to queue
[2024-07-06T14:17:20.986+0000] {logging_mixin.py:150} INFO - [2024-07-06T14:17:20.986+0000] {dagbag.py:541} INFO - Filling up the DagBag from /home/airflow/.local/lib/python3.7/site-packages/airflow/example_dags/example_dag_decorator.py
[2024-07-06T14:17:20.997+0000] {processor.py:836} INFO - DAG(s) dict_keys(['example_dag_decorator']) retrieved from /home/airflow/.local/lib/python3.7/site-packages/airflow/example_dags/example_dag_decorator.py
[2024-07-06T14:17:21.092+0000] {logging_mixin.py:150} INFO - [2024-07-06T14:17:21.092+0000] {dag.py:2742} INFO - Sync 1 DAGs
[2024-07-06T14:17:21.108+0000] {logging_mixin.py:150} INFO - [2024-07-06T14:17:21.108+0000] {dag.py:3508} INFO - Setting next_dagrun for example_dag_decorator to None, run_after=None
[2024-07-06T14:17:21.124+0000] {processor.py:179} INFO - Processing /home/airflow/.local/lib/python3.7/site-packages/airflow/example_dags/example_dag_decorator.py took 0.144 seconds
[2024-07-06T14:17:51.234+0000] {processor.py:157} INFO - Started process (PID=935) to work on /home/airflow/.local/lib/python3.7/site-packages/airflow/example_dags/example_dag_decorator.py
[2024-07-06T14:17:51.236+0000] {processor.py:826} INFO - Processing file /home/airflow/.local/lib/python3.7/site-packages/airflow/example_dags/example_dag_decorator.py for tasks to queue
[2024-07-06T14:17:51.237+0000] {logging_mixin.py:150} INFO - [2024-07-06T14:17:51.237+0000] {dagbag.py:541} INFO - Filling up the DagBag from /home/airflow/.local/lib/python3.7/site-packages/airflow/example_dags/example_dag_decorator.py
[2024-07-06T14:17:51.248+0000] {processor.py:836} INFO - DAG(s) dict_keys(['example_dag_decorator']) retrieved from /home/airflow/.local/lib/python3.7/site-packages/airflow/example_dags/example_dag_decorator.py
[2024-07-06T14:17:51.334+0000] {logging_mixin.py:150} INFO - [2024-07-06T14:17:51.334+0000] {dag.py:2742} INFO - Sync 1 DAGs
[2024-07-06T14:17:51.349+0000] {logging_mixin.py:150} INFO - [2024-07-06T14:17:51.349+0000] {dag.py:3508} INFO - Setting next_dagrun for example_dag_decorator to None, run_after=None
[2024-07-06T14:17:51.363+0000] {processor.py:179} INFO - Processing /home/airflow/.local/lib/python3.7/site-packages/airflow/example_dags/example_dag_decorator.py took 0.132 seconds
[2024-07-06T14:18:21.569+0000] {processor.py:157} INFO - Started process (PID=998) to work on /home/airflow/.local/lib/python3.7/site-packages/airflow/example_dags/example_dag_decorator.py
[2024-07-06T14:18:21.571+0000] {processor.py:826} INFO - Processing file /home/airflow/.local/lib/python3.7/site-packages/airflow/example_dags/example_dag_decorator.py for tasks to queue
[2024-07-06T14:18:21.572+0000] {logging_mixin.py:150} INFO - [2024-07-06T14:18:21.572+0000] {dagbag.py:541} INFO - Filling up the DagBag from /home/airflow/.local/lib/python3.7/site-packages/airflow/example_dags/example_dag_decorator.py
[2024-07-06T14:18:21.583+0000] {processor.py:836} INFO - DAG(s) dict_keys(['example_dag_decorator']) retrieved from /home/airflow/.local/lib/python3.7/site-packages/airflow/example_dags/example_dag_decorator.py
[2024-07-06T14:18:21.676+0000] {logging_mixin.py:150} INFO - [2024-07-06T14:18:21.676+0000] {dag.py:2742} INFO - Sync 1 DAGs
[2024-07-06T14:18:21.695+0000] {logging_mixin.py:150} INFO - [2024-07-06T14:18:21.695+0000] {dag.py:3508} INFO - Setting next_dagrun for example_dag_decorator to None, run_after=None
[2024-07-06T14:18:21.709+0000] {processor.py:179} INFO - Processing /home/airflow/.local/lib/python3.7/site-packages/airflow/example_dags/example_dag_decorator.py took 0.143 seconds
[2024-07-06T14:18:52.017+0000] {processor.py:157} INFO - Started process (PID=1061) to work on /home/airflow/.local/lib/python3.7/site-packages/airflow/example_dags/example_dag_decorator.py
[2024-07-06T14:18:52.019+0000] {processor.py:826} INFO - Processing file /home/airflow/.local/lib/python3.7/site-packages/airflow/example_dags/example_dag_decorator.py for tasks to queue
[2024-07-06T14:18:52.020+0000] {logging_mixin.py:150} INFO - [2024-07-06T14:18:52.020+0000] {dagbag.py:541} INFO - Filling up the DagBag from /home/airflow/.local/lib/python3.7/site-packages/airflow/example_dags/example_dag_decorator.py
[2024-07-06T14:18:52.031+0000] {processor.py:836} INFO - DAG(s) dict_keys(['example_dag_decorator']) retrieved from /home/airflow/.local/lib/python3.7/site-packages/airflow/example_dags/example_dag_decorator.py
[2024-07-06T14:18:52.129+0000] {logging_mixin.py:150} INFO - [2024-07-06T14:18:52.129+0000] {dag.py:2742} INFO - Sync 1 DAGs
[2024-07-06T14:18:52.146+0000] {logging_mixin.py:150} INFO - [2024-07-06T14:18:52.146+0000] {dag.py:3508} INFO - Setting next_dagrun for example_dag_decorator to None, run_after=None
[2024-07-06T14:18:52.161+0000] {processor.py:179} INFO - Processing /home/airflow/.local/lib/python3.7/site-packages/airflow/example_dags/example_dag_decorator.py took 0.147 seconds
[2024-07-06T14:19:22.262+0000] {processor.py:157} INFO - Started process (PID=1124) to work on /home/airflow/.local/lib/python3.7/site-packages/airflow/example_dags/example_dag_decorator.py
[2024-07-06T14:19:22.264+0000] {processor.py:826} INFO - Processing file /home/airflow/.local/lib/python3.7/site-packages/airflow/example_dags/example_dag_decorator.py for tasks to queue
[2024-07-06T14:19:22.266+0000] {logging_mixin.py:150} INFO - [2024-07-06T14:19:22.265+0000] {dagbag.py:541} INFO - Filling up the DagBag from /home/airflow/.local/lib/python3.7/site-packages/airflow/example_dags/example_dag_decorator.py
[2024-07-06T14:19:22.277+0000] {processor.py:836} INFO - DAG(s) dict_keys(['example_dag_decorator']) retrieved from /home/airflow/.local/lib/python3.7/site-packages/airflow/example_dags/example_dag_decorator.py
[2024-07-06T14:19:22.361+0000] {logging_mixin.py:150} INFO - [2024-07-06T14:19:22.361+0000] {dag.py:2742} INFO - Sync 1 DAGs
[2024-07-06T14:19:22.377+0000] {logging_mixin.py:150} INFO - [2024-07-06T14:19:22.377+0000] {dag.py:3508} INFO - Setting next_dagrun for example_dag_decorator to None, run_after=None
[2024-07-06T14:19:22.390+0000] {processor.py:179} INFO - Processing /home/airflow/.local/lib/python3.7/site-packages/airflow/example_dags/example_dag_decorator.py took 0.130 seconds
[2024-07-06T14:19:52.550+0000] {processor.py:157} INFO - Started process (PID=1187) to work on /home/airflow/.local/lib/python3.7/site-packages/airflow/example_dags/example_dag_decorator.py
[2024-07-06T14:19:52.552+0000] {processor.py:826} INFO - Processing file /home/airflow/.local/lib/python3.7/site-packages/airflow/example_dags/example_dag_decorator.py for tasks to queue
[2024-07-06T14:19:52.554+0000] {logging_mixin.py:150} INFO - [2024-07-06T14:19:52.554+0000] {dagbag.py:541} INFO - Filling up the DagBag from /home/airflow/.local/lib/python3.7/site-packages/airflow/example_dags/example_dag_decorator.py
[2024-07-06T14:19:52.570+0000] {processor.py:836} INFO - DAG(s) dict_keys(['example_dag_decorator']) retrieved from /home/airflow/.local/lib/python3.7/site-packages/airflow/example_dags/example_dag_decorator.py
[2024-07-06T14:19:52.666+0000] {logging_mixin.py:150} INFO - [2024-07-06T14:19:52.666+0000] {dag.py:2742} INFO - Sync 1 DAGs
[2024-07-06T14:19:52.682+0000] {logging_mixin.py:150} INFO - [2024-07-06T14:19:52.682+0000] {dag.py:3508} INFO - Setting next_dagrun for example_dag_decorator to None, run_after=None
[2024-07-06T14:19:52.696+0000] {processor.py:179} INFO - Processing /home/airflow/.local/lib/python3.7/site-packages/airflow/example_dags/example_dag_decorator.py took 0.151 seconds
[2024-07-06T14:20:22.976+0000] {processor.py:157} INFO - Started process (PID=1249) to work on /home/airflow/.local/lib/python3.7/site-packages/airflow/example_dags/example_dag_decorator.py
[2024-07-06T14:20:22.977+0000] {processor.py:826} INFO - Processing file /home/airflow/.local/lib/python3.7/site-packages/airflow/example_dags/example_dag_decorator.py for tasks to queue
[2024-07-06T14:20:22.979+0000] {logging_mixin.py:150} INFO - [2024-07-06T14:20:22.979+0000] {dagbag.py:541} INFO - Filling up the DagBag from /home/airflow/.local/lib/python3.7/site-packages/airflow/example_dags/example_dag_decorator.py
[2024-07-06T14:20:22.990+0000] {processor.py:836} INFO - DAG(s) dict_keys(['example_dag_decorator']) retrieved from /home/airflow/.local/lib/python3.7/site-packages/airflow/example_dags/example_dag_decorator.py
[2024-07-06T14:20:23.076+0000] {logging_mixin.py:150} INFO - [2024-07-06T14:20:23.076+0000] {dag.py:2742} INFO - Sync 1 DAGs
[2024-07-06T14:20:23.092+0000] {logging_mixin.py:150} INFO - [2024-07-06T14:20:23.091+0000] {dag.py:3508} INFO - Setting next_dagrun for example_dag_decorator to None, run_after=None
[2024-07-06T14:20:23.105+0000] {processor.py:179} INFO - Processing /home/airflow/.local/lib/python3.7/site-packages/airflow/example_dags/example_dag_decorator.py took 0.133 seconds
[2024-07-06T14:20:53.549+0000] {processor.py:157} INFO - Started process (PID=1312) to work on /home/airflow/.local/lib/python3.7/site-packages/airflow/example_dags/example_dag_decorator.py
[2024-07-06T14:20:53.550+0000] {processor.py:826} INFO - Processing file /home/airflow/.local/lib/python3.7/site-packages/airflow/example_dags/example_dag_decorator.py for tasks to queue
[2024-07-06T14:20:53.552+0000] {logging_mixin.py:150} INFO - [2024-07-06T14:20:53.552+0000] {dagbag.py:541} INFO - Filling up the DagBag from /home/airflow/.local/lib/python3.7/site-packages/airflow/example_dags/example_dag_decorator.py
[2024-07-06T14:20:53.563+0000] {processor.py:836} INFO - DAG(s) dict_keys(['example_dag_decorator']) retrieved from /home/airflow/.local/lib/python3.7/site-packages/airflow/example_dags/example_dag_decorator.py
[2024-07-06T14:20:53.646+0000] {logging_mixin.py:150} INFO - [2024-07-06T14:20:53.646+0000] {dag.py:2742} INFO - Sync 1 DAGs
[2024-07-06T14:20:53.662+0000] {logging_mixin.py:150} INFO - [2024-07-06T14:20:53.662+0000] {dag.py:3508} INFO - Setting next_dagrun for example_dag_decorator to None, run_after=None
[2024-07-06T14:20:53.675+0000] {processor.py:179} INFO - Processing /home/airflow/.local/lib/python3.7/site-packages/airflow/example_dags/example_dag_decorator.py took 0.129 seconds
[2024-07-06T14:21:24.118+0000] {processor.py:157} INFO - Started process (PID=1375) to work on /home/airflow/.local/lib/python3.7/site-packages/airflow/example_dags/example_dag_decorator.py
[2024-07-06T14:21:24.120+0000] {processor.py:826} INFO - Processing file /home/airflow/.local/lib/python3.7/site-packages/airflow/example_dags/example_dag_decorator.py for tasks to queue
[2024-07-06T14:21:24.122+0000] {logging_mixin.py:150} INFO - [2024-07-06T14:21:24.121+0000] {dagbag.py:541} INFO - Filling up the DagBag from /home/airflow/.local/lib/python3.7/site-packages/airflow/example_dags/example_dag_decorator.py
[2024-07-06T14:21:24.132+0000] {processor.py:836} INFO - DAG(s) dict_keys(['example_dag_decorator']) retrieved from /home/airflow/.local/lib/python3.7/site-packages/airflow/example_dags/example_dag_decorator.py
[2024-07-06T14:21:24.219+0000] {logging_mixin.py:150} INFO - [2024-07-06T14:21:24.219+0000] {dag.py:2742} INFO - Sync 1 DAGs
[2024-07-06T14:21:24.235+0000] {logging_mixin.py:150} INFO - [2024-07-06T14:21:24.235+0000] {dag.py:3508} INFO - Setting next_dagrun for example_dag_decorator to None, run_after=None
[2024-07-06T14:21:24.251+0000] {processor.py:179} INFO - Processing /home/airflow/.local/lib/python3.7/site-packages/airflow/example_dags/example_dag_decorator.py took 0.136 seconds
[2024-07-06T14:21:54.603+0000] {processor.py:157} INFO - Started process (PID=1438) to work on /home/airflow/.local/lib/python3.7/site-packages/airflow/example_dags/example_dag_decorator.py
[2024-07-06T14:21:54.605+0000] {processor.py:826} INFO - Processing file /home/airflow/.local/lib/python3.7/site-packages/airflow/example_dags/example_dag_decorator.py for tasks to queue
[2024-07-06T14:21:54.606+0000] {logging_mixin.py:150} INFO - [2024-07-06T14:21:54.606+0000] {dagbag.py:541} INFO - Filling up the DagBag from /home/airflow/.local/lib/python3.7/site-packages/airflow/example_dags/example_dag_decorator.py
[2024-07-06T14:21:54.618+0000] {processor.py:836} INFO - DAG(s) dict_keys(['example_dag_decorator']) retrieved from /home/airflow/.local/lib/python3.7/site-packages/airflow/example_dags/example_dag_decorator.py
[2024-07-06T14:21:54.701+0000] {logging_mixin.py:150} INFO - [2024-07-06T14:21:54.701+0000] {dag.py:2742} INFO - Sync 1 DAGs
[2024-07-06T14:21:54.722+0000] {logging_mixin.py:150} INFO - [2024-07-06T14:21:54.722+0000] {dag.py:3508} INFO - Setting next_dagrun for example_dag_decorator to None, run_after=None
[2024-07-06T14:21:54.737+0000] {processor.py:179} INFO - Processing /home/airflow/.local/lib/python3.7/site-packages/airflow/example_dags/example_dag_decorator.py took 0.137 seconds
[2024-07-06T14:22:24.890+0000] {processor.py:157} INFO - Started process (PID=1501) to work on /home/airflow/.local/lib/python3.7/site-packages/airflow/example_dags/example_dag_decorator.py
[2024-07-06T14:22:24.892+0000] {processor.py:826} INFO - Processing file /home/airflow/.local/lib/python3.7/site-packages/airflow/example_dags/example_dag_decorator.py for tasks to queue
[2024-07-06T14:22:24.893+0000] {logging_mixin.py:150} INFO - [2024-07-06T14:22:24.893+0000] {dagbag.py:541} INFO - Filling up the DagBag from /home/airflow/.local/lib/python3.7/site-packages/airflow/example_dags/example_dag_decorator.py
[2024-07-06T14:22:24.906+0000] {processor.py:836} INFO - DAG(s) dict_keys(['example_dag_decorator']) retrieved from /home/airflow/.local/lib/python3.7/site-packages/airflow/example_dags/example_dag_decorator.py
[2024-07-06T14:22:24.995+0000] {logging_mixin.py:150} INFO - [2024-07-06T14:22:24.995+0000] {dag.py:2742} INFO - Sync 1 DAGs
[2024-07-06T14:22:25.016+0000] {logging_mixin.py:150} INFO - [2024-07-06T14:22:25.016+0000] {dag.py:3508} INFO - Setting next_dagrun for example_dag_decorator to None, run_after=None
[2024-07-06T14:22:25.030+0000] {processor.py:179} INFO - Processing /home/airflow/.local/lib/python3.7/site-packages/airflow/example_dags/example_dag_decorator.py took 0.144 seconds
[2024-07-06T14:22:55.313+0000] {processor.py:157} INFO - Started process (PID=1564) to work on /home/airflow/.local/lib/python3.7/site-packages/airflow/example_dags/example_dag_decorator.py
[2024-07-06T14:22:55.315+0000] {processor.py:826} INFO - Processing file /home/airflow/.local/lib/python3.7/site-packages/airflow/example_dags/example_dag_decorator.py for tasks to queue
[2024-07-06T14:22:55.316+0000] {logging_mixin.py:150} INFO - [2024-07-06T14:22:55.316+0000] {dagbag.py:541} INFO - Filling up the DagBag from /home/airflow/.local/lib/python3.7/site-packages/airflow/example_dags/example_dag_decorator.py
[2024-07-06T14:22:55.329+0000] {processor.py:836} INFO - DAG(s) dict_keys(['example_dag_decorator']) retrieved from /home/airflow/.local/lib/python3.7/site-packages/airflow/example_dags/example_dag_decorator.py
[2024-07-06T14:22:55.427+0000] {logging_mixin.py:150} INFO - [2024-07-06T14:22:55.427+0000] {dag.py:2742} INFO - Sync 1 DAGs
[2024-07-06T14:22:55.444+0000] {logging_mixin.py:150} INFO - [2024-07-06T14:22:55.444+0000] {dag.py:3508} INFO - Setting next_dagrun for example_dag_decorator to None, run_after=None
[2024-07-06T14:22:55.457+0000] {processor.py:179} INFO - Processing /home/airflow/.local/lib/python3.7/site-packages/airflow/example_dags/example_dag_decorator.py took 0.147 seconds
[2024-07-06T14:23:25.523+0000] {processor.py:157} INFO - Started process (PID=1627) to work on /home/airflow/.local/lib/python3.7/site-packages/airflow/example_dags/example_dag_decorator.py
[2024-07-06T14:23:25.526+0000] {processor.py:826} INFO - Processing file /home/airflow/.local/lib/python3.7/site-packages/airflow/example_dags/example_dag_decorator.py for tasks to queue
[2024-07-06T14:23:25.527+0000] {logging_mixin.py:150} INFO - [2024-07-06T14:23:25.527+0000] {dagbag.py:541} INFO - Filling up the DagBag from /home/airflow/.local/lib/python3.7/site-packages/airflow/example_dags/example_dag_decorator.py
[2024-07-06T14:23:25.539+0000] {processor.py:836} INFO - DAG(s) dict_keys(['example_dag_decorator']) retrieved from /home/airflow/.local/lib/python3.7/site-packages/airflow/example_dags/example_dag_decorator.py
[2024-07-06T14:23:25.663+0000] {logging_mixin.py:150} INFO - [2024-07-06T14:23:25.662+0000] {dag.py:2742} INFO - Sync 1 DAGs
[2024-07-06T14:23:25.681+0000] {logging_mixin.py:150} INFO - [2024-07-06T14:23:25.681+0000] {dag.py:3508} INFO - Setting next_dagrun for example_dag_decorator to None, run_after=None
[2024-07-06T14:23:25.701+0000] {processor.py:179} INFO - Processing /home/airflow/.local/lib/python3.7/site-packages/airflow/example_dags/example_dag_decorator.py took 0.181 seconds
[2024-07-06T14:23:56.109+0000] {processor.py:157} INFO - Started process (PID=1690) to work on /home/airflow/.local/lib/python3.7/site-packages/airflow/example_dags/example_dag_decorator.py
[2024-07-06T14:23:56.111+0000] {processor.py:826} INFO - Processing file /home/airflow/.local/lib/python3.7/site-packages/airflow/example_dags/example_dag_decorator.py for tasks to queue
[2024-07-06T14:23:56.112+0000] {logging_mixin.py:150} INFO - [2024-07-06T14:23:56.112+0000] {dagbag.py:541} INFO - Filling up the DagBag from /home/airflow/.local/lib/python3.7/site-packages/airflow/example_dags/example_dag_decorator.py
[2024-07-06T14:23:56.124+0000] {processor.py:836} INFO - DAG(s) dict_keys(['example_dag_decorator']) retrieved from /home/airflow/.local/lib/python3.7/site-packages/airflow/example_dags/example_dag_decorator.py
[2024-07-06T14:23:56.220+0000] {logging_mixin.py:150} INFO - [2024-07-06T14:23:56.220+0000] {dag.py:2742} INFO - Sync 1 DAGs
[2024-07-06T14:23:56.240+0000] {logging_mixin.py:150} INFO - [2024-07-06T14:23:56.239+0000] {dag.py:3508} INFO - Setting next_dagrun for example_dag_decorator to None, run_after=None
[2024-07-06T14:23:56.258+0000] {processor.py:179} INFO - Processing /home/airflow/.local/lib/python3.7/site-packages/airflow/example_dags/example_dag_decorator.py took 0.152 seconds
[2024-07-06T14:24:26.542+0000] {processor.py:157} INFO - Started process (PID=1753) to work on /home/airflow/.local/lib/python3.7/site-packages/airflow/example_dags/example_dag_decorator.py
[2024-07-06T14:24:26.545+0000] {processor.py:826} INFO - Processing file /home/airflow/.local/lib/python3.7/site-packages/airflow/example_dags/example_dag_decorator.py for tasks to queue
[2024-07-06T14:24:26.546+0000] {logging_mixin.py:150} INFO - [2024-07-06T14:24:26.546+0000] {dagbag.py:541} INFO - Filling up the DagBag from /home/airflow/.local/lib/python3.7/site-packages/airflow/example_dags/example_dag_decorator.py
[2024-07-06T14:24:26.558+0000] {processor.py:836} INFO - DAG(s) dict_keys(['example_dag_decorator']) retrieved from /home/airflow/.local/lib/python3.7/site-packages/airflow/example_dags/example_dag_decorator.py
[2024-07-06T14:24:26.643+0000] {logging_mixin.py:150} INFO - [2024-07-06T14:24:26.643+0000] {dag.py:2742} INFO - Sync 1 DAGs
[2024-07-06T14:24:26.659+0000] {logging_mixin.py:150} INFO - [2024-07-06T14:24:26.659+0000] {dag.py:3508} INFO - Setting next_dagrun for example_dag_decorator to None, run_after=None
[2024-07-06T14:24:26.672+0000] {processor.py:179} INFO - Processing /home/airflow/.local/lib/python3.7/site-packages/airflow/example_dags/example_dag_decorator.py took 0.133 seconds
[2024-07-06T14:24:57.550+0000] {processor.py:157} INFO - Started process (PID=1816) to work on /home/airflow/.local/lib/python3.7/site-packages/airflow/example_dags/example_dag_decorator.py
[2024-07-06T14:24:57.552+0000] {processor.py:826} INFO - Processing file /home/airflow/.local/lib/python3.7/site-packages/airflow/example_dags/example_dag_decorator.py for tasks to queue
[2024-07-06T14:24:57.554+0000] {logging_mixin.py:150} INFO - [2024-07-06T14:24:57.554+0000] {dagbag.py:541} INFO - Filling up the DagBag from /home/airflow/.local/lib/python3.7/site-packages/airflow/example_dags/example_dag_decorator.py
[2024-07-06T14:24:57.565+0000] {processor.py:836} INFO - DAG(s) dict_keys(['example_dag_decorator']) retrieved from /home/airflow/.local/lib/python3.7/site-packages/airflow/example_dags/example_dag_decorator.py
[2024-07-06T14:24:57.651+0000] {logging_mixin.py:150} INFO - [2024-07-06T14:24:57.651+0000] {dag.py:2742} INFO - Sync 1 DAGs
[2024-07-06T14:24:57.670+0000] {logging_mixin.py:150} INFO - [2024-07-06T14:24:57.670+0000] {dag.py:3508} INFO - Setting next_dagrun for example_dag_decorator to None, run_after=None
[2024-07-06T14:24:57.687+0000] {processor.py:179} INFO - Processing /home/airflow/.local/lib/python3.7/site-packages/airflow/example_dags/example_dag_decorator.py took 0.139 seconds
[2024-07-06T14:25:27.879+0000] {processor.py:157} INFO - Started process (PID=1880) to work on /home/airflow/.local/lib/python3.7/site-packages/airflow/example_dags/example_dag_decorator.py
[2024-07-06T14:25:27.881+0000] {processor.py:826} INFO - Processing file /home/airflow/.local/lib/python3.7/site-packages/airflow/example_dags/example_dag_decorator.py for tasks to queue
[2024-07-06T14:25:27.883+0000] {logging_mixin.py:150} INFO - [2024-07-06T14:25:27.883+0000] {dagbag.py:541} INFO - Filling up the DagBag from /home/airflow/.local/lib/python3.7/site-packages/airflow/example_dags/example_dag_decorator.py
[2024-07-06T14:25:27.894+0000] {processor.py:836} INFO - DAG(s) dict_keys(['example_dag_decorator']) retrieved from /home/airflow/.local/lib/python3.7/site-packages/airflow/example_dags/example_dag_decorator.py
[2024-07-06T14:25:27.978+0000] {logging_mixin.py:150} INFO - [2024-07-06T14:25:27.978+0000] {dag.py:2742} INFO - Sync 1 DAGs
[2024-07-06T14:25:27.993+0000] {logging_mixin.py:150} INFO - [2024-07-06T14:25:27.993+0000] {dag.py:3508} INFO - Setting next_dagrun for example_dag_decorator to None, run_after=None
[2024-07-06T14:25:28.008+0000] {processor.py:179} INFO - Processing /home/airflow/.local/lib/python3.7/site-packages/airflow/example_dags/example_dag_decorator.py took 0.131 seconds
[2024-07-06T14:25:58.663+0000] {processor.py:157} INFO - Started process (PID=1942) to work on /home/airflow/.local/lib/python3.7/site-packages/airflow/example_dags/example_dag_decorator.py
[2024-07-06T14:25:58.665+0000] {processor.py:826} INFO - Processing file /home/airflow/.local/lib/python3.7/site-packages/airflow/example_dags/example_dag_decorator.py for tasks to queue
[2024-07-06T14:25:58.666+0000] {logging_mixin.py:150} INFO - [2024-07-06T14:25:58.666+0000] {dagbag.py:541} INFO - Filling up the DagBag from /home/airflow/.local/lib/python3.7/site-packages/airflow/example_dags/example_dag_decorator.py
[2024-07-06T14:25:58.676+0000] {processor.py:836} INFO - DAG(s) dict_keys(['example_dag_decorator']) retrieved from /home/airflow/.local/lib/python3.7/site-packages/airflow/example_dags/example_dag_decorator.py
[2024-07-06T14:25:58.783+0000] {logging_mixin.py:150} INFO - [2024-07-06T14:25:58.783+0000] {dag.py:2742} INFO - Sync 1 DAGs
[2024-07-06T14:25:58.798+0000] {logging_mixin.py:150} INFO - [2024-07-06T14:25:58.798+0000] {dag.py:3508} INFO - Setting next_dagrun for example_dag_decorator to None, run_after=None
[2024-07-06T14:25:58.812+0000] {processor.py:179} INFO - Processing /home/airflow/.local/lib/python3.7/site-packages/airflow/example_dags/example_dag_decorator.py took 0.151 seconds
[2024-07-06T14:26:29.465+0000] {processor.py:157} INFO - Started process (PID=2006) to work on /home/airflow/.local/lib/python3.7/site-packages/airflow/example_dags/example_dag_decorator.py
[2024-07-06T14:26:29.468+0000] {processor.py:826} INFO - Processing file /home/airflow/.local/lib/python3.7/site-packages/airflow/example_dags/example_dag_decorator.py for tasks to queue
[2024-07-06T14:26:29.473+0000] {logging_mixin.py:150} INFO - [2024-07-06T14:26:29.472+0000] {dagbag.py:541} INFO - Filling up the DagBag from /home/airflow/.local/lib/python3.7/site-packages/airflow/example_dags/example_dag_decorator.py
[2024-07-06T14:26:29.488+0000] {processor.py:836} INFO - DAG(s) dict_keys(['example_dag_decorator']) retrieved from /home/airflow/.local/lib/python3.7/site-packages/airflow/example_dags/example_dag_decorator.py
[2024-07-06T14:26:29.639+0000] {logging_mixin.py:150} INFO - [2024-07-06T14:26:29.639+0000] {dag.py:2742} INFO - Sync 1 DAGs
[2024-07-06T14:26:29.674+0000] {logging_mixin.py:150} INFO - [2024-07-06T14:26:29.674+0000] {dag.py:3508} INFO - Setting next_dagrun for example_dag_decorator to None, run_after=None
[2024-07-06T14:26:29.699+0000] {processor.py:179} INFO - Processing /home/airflow/.local/lib/python3.7/site-packages/airflow/example_dags/example_dag_decorator.py took 0.238 seconds
[2024-07-06T14:26:59.819+0000] {processor.py:157} INFO - Started process (PID=2069) to work on /home/airflow/.local/lib/python3.7/site-packages/airflow/example_dags/example_dag_decorator.py
[2024-07-06T14:26:59.821+0000] {processor.py:826} INFO - Processing file /home/airflow/.local/lib/python3.7/site-packages/airflow/example_dags/example_dag_decorator.py for tasks to queue
[2024-07-06T14:26:59.822+0000] {logging_mixin.py:150} INFO - [2024-07-06T14:26:59.822+0000] {dagbag.py:541} INFO - Filling up the DagBag from /home/airflow/.local/lib/python3.7/site-packages/airflow/example_dags/example_dag_decorator.py
[2024-07-06T14:26:59.833+0000] {processor.py:836} INFO - DAG(s) dict_keys(['example_dag_decorator']) retrieved from /home/airflow/.local/lib/python3.7/site-packages/airflow/example_dags/example_dag_decorator.py
[2024-07-06T14:26:59.920+0000] {logging_mixin.py:150} INFO - [2024-07-06T14:26:59.920+0000] {dag.py:2742} INFO - Sync 1 DAGs
[2024-07-06T14:26:59.937+0000] {logging_mixin.py:150} INFO - [2024-07-06T14:26:59.937+0000] {dag.py:3508} INFO - Setting next_dagrun for example_dag_decorator to None, run_after=None
[2024-07-06T14:26:59.952+0000] {processor.py:179} INFO - Processing /home/airflow/.local/lib/python3.7/site-packages/airflow/example_dags/example_dag_decorator.py took 0.136 seconds
[2024-07-06T14:27:30.246+0000] {processor.py:157} INFO - Started process (PID=2131) to work on /home/airflow/.local/lib/python3.7/site-packages/airflow/example_dags/example_dag_decorator.py
[2024-07-06T14:27:30.248+0000] {processor.py:826} INFO - Processing file /home/airflow/.local/lib/python3.7/site-packages/airflow/example_dags/example_dag_decorator.py for tasks to queue
[2024-07-06T14:27:30.249+0000] {logging_mixin.py:150} INFO - [2024-07-06T14:27:30.249+0000] {dagbag.py:541} INFO - Filling up the DagBag from /home/airflow/.local/lib/python3.7/site-packages/airflow/example_dags/example_dag_decorator.py
[2024-07-06T14:27:30.263+0000] {processor.py:836} INFO - DAG(s) dict_keys(['example_dag_decorator']) retrieved from /home/airflow/.local/lib/python3.7/site-packages/airflow/example_dags/example_dag_decorator.py
[2024-07-06T14:27:30.348+0000] {logging_mixin.py:150} INFO - [2024-07-06T14:27:30.348+0000] {dag.py:2742} INFO - Sync 1 DAGs
[2024-07-06T14:27:30.364+0000] {logging_mixin.py:150} INFO - [2024-07-06T14:27:30.364+0000] {dag.py:3508} INFO - Setting next_dagrun for example_dag_decorator to None, run_after=None
[2024-07-06T14:27:30.379+0000] {processor.py:179} INFO - Processing /home/airflow/.local/lib/python3.7/site-packages/airflow/example_dags/example_dag_decorator.py took 0.136 seconds
[2024-07-06T14:28:00.921+0000] {processor.py:157} INFO - Started process (PID=2199) to work on /home/airflow/.local/lib/python3.7/site-packages/airflow/example_dags/example_dag_decorator.py
[2024-07-06T14:28:00.923+0000] {processor.py:826} INFO - Processing file /home/airflow/.local/lib/python3.7/site-packages/airflow/example_dags/example_dag_decorator.py for tasks to queue
[2024-07-06T14:28:00.927+0000] {logging_mixin.py:150} INFO - [2024-07-06T14:28:00.927+0000] {dagbag.py:541} INFO - Filling up the DagBag from /home/airflow/.local/lib/python3.7/site-packages/airflow/example_dags/example_dag_decorator.py
[2024-07-06T14:28:00.944+0000] {processor.py:836} INFO - DAG(s) dict_keys(['example_dag_decorator']) retrieved from /home/airflow/.local/lib/python3.7/site-packages/airflow/example_dags/example_dag_decorator.py
[2024-07-06T14:28:01.061+0000] {logging_mixin.py:150} INFO - [2024-07-06T14:28:01.060+0000] {dag.py:2742} INFO - Sync 1 DAGs
[2024-07-06T14:28:01.080+0000] {logging_mixin.py:150} INFO - [2024-07-06T14:28:01.080+0000] {dag.py:3508} INFO - Setting next_dagrun for example_dag_decorator to None, run_after=None
[2024-07-06T14:28:01.098+0000] {processor.py:179} INFO - Processing /home/airflow/.local/lib/python3.7/site-packages/airflow/example_dags/example_dag_decorator.py took 0.182 seconds
[2024-07-06T14:28:31.767+0000] {processor.py:157} INFO - Started process (PID=2267) to work on /home/airflow/.local/lib/python3.7/site-packages/airflow/example_dags/example_dag_decorator.py
[2024-07-06T14:28:31.769+0000] {processor.py:826} INFO - Processing file /home/airflow/.local/lib/python3.7/site-packages/airflow/example_dags/example_dag_decorator.py for tasks to queue
[2024-07-06T14:28:31.771+0000] {logging_mixin.py:150} INFO - [2024-07-06T14:28:31.770+0000] {dagbag.py:541} INFO - Filling up the DagBag from /home/airflow/.local/lib/python3.7/site-packages/airflow/example_dags/example_dag_decorator.py
[2024-07-06T14:28:31.788+0000] {processor.py:836} INFO - DAG(s) dict_keys(['example_dag_decorator']) retrieved from /home/airflow/.local/lib/python3.7/site-packages/airflow/example_dags/example_dag_decorator.py
[2024-07-06T14:28:31.902+0000] {logging_mixin.py:150} INFO - [2024-07-06T14:28:31.901+0000] {dag.py:2742} INFO - Sync 1 DAGs
[2024-07-06T14:28:31.919+0000] {logging_mixin.py:150} INFO - [2024-07-06T14:28:31.919+0000] {dag.py:3508} INFO - Setting next_dagrun for example_dag_decorator to None, run_after=None
[2024-07-06T14:28:31.933+0000] {processor.py:179} INFO - Processing /home/airflow/.local/lib/python3.7/site-packages/airflow/example_dags/example_dag_decorator.py took 0.169 seconds
[2024-07-06T14:29:02.410+0000] {processor.py:157} INFO - Started process (PID=2330) to work on /home/airflow/.local/lib/python3.7/site-packages/airflow/example_dags/example_dag_decorator.py
[2024-07-06T14:29:02.413+0000] {processor.py:826} INFO - Processing file /home/airflow/.local/lib/python3.7/site-packages/airflow/example_dags/example_dag_decorator.py for tasks to queue
[2024-07-06T14:29:02.416+0000] {logging_mixin.py:150} INFO - [2024-07-06T14:29:02.416+0000] {dagbag.py:541} INFO - Filling up the DagBag from /home/airflow/.local/lib/python3.7/site-packages/airflow/example_dags/example_dag_decorator.py
[2024-07-06T14:29:02.429+0000] {processor.py:836} INFO - DAG(s) dict_keys(['example_dag_decorator']) retrieved from /home/airflow/.local/lib/python3.7/site-packages/airflow/example_dags/example_dag_decorator.py
[2024-07-06T14:29:02.522+0000] {logging_mixin.py:150} INFO - [2024-07-06T14:29:02.522+0000] {dag.py:2742} INFO - Sync 1 DAGs
[2024-07-06T14:29:02.539+0000] {logging_mixin.py:150} INFO - [2024-07-06T14:29:02.539+0000] {dag.py:3508} INFO - Setting next_dagrun for example_dag_decorator to None, run_after=None
[2024-07-06T14:29:02.552+0000] {processor.py:179} INFO - Processing /home/airflow/.local/lib/python3.7/site-packages/airflow/example_dags/example_dag_decorator.py took 0.145 seconds
[2024-07-06T14:29:33.537+0000] {processor.py:157} INFO - Started process (PID=2397) to work on /home/airflow/.local/lib/python3.7/site-packages/airflow/example_dags/example_dag_decorator.py
[2024-07-06T14:29:33.540+0000] {processor.py:826} INFO - Processing file /home/airflow/.local/lib/python3.7/site-packages/airflow/example_dags/example_dag_decorator.py for tasks to queue
[2024-07-06T14:29:33.542+0000] {logging_mixin.py:150} INFO - [2024-07-06T14:29:33.541+0000] {dagbag.py:541} INFO - Filling up the DagBag from /home/airflow/.local/lib/python3.7/site-packages/airflow/example_dags/example_dag_decorator.py
[2024-07-06T14:29:33.559+0000] {processor.py:836} INFO - DAG(s) dict_keys(['example_dag_decorator']) retrieved from /home/airflow/.local/lib/python3.7/site-packages/airflow/example_dags/example_dag_decorator.py
[2024-07-06T14:29:33.708+0000] {logging_mixin.py:150} INFO - [2024-07-06T14:29:33.708+0000] {dag.py:2742} INFO - Sync 1 DAGs
[2024-07-06T14:29:33.742+0000] {logging_mixin.py:150} INFO - [2024-07-06T14:29:33.741+0000] {dag.py:3508} INFO - Setting next_dagrun for example_dag_decorator to None, run_after=None
[2024-07-06T14:29:33.833+0000] {processor.py:179} INFO - Processing /home/airflow/.local/lib/python3.7/site-packages/airflow/example_dags/example_dag_decorator.py took 0.299 seconds
[2024-07-06T14:30:03.986+0000] {processor.py:157} INFO - Started process (PID=2460) to work on /home/airflow/.local/lib/python3.7/site-packages/airflow/example_dags/example_dag_decorator.py
[2024-07-06T14:30:03.988+0000] {processor.py:826} INFO - Processing file /home/airflow/.local/lib/python3.7/site-packages/airflow/example_dags/example_dag_decorator.py for tasks to queue
[2024-07-06T14:30:03.989+0000] {logging_mixin.py:150} INFO - [2024-07-06T14:30:03.988+0000] {dagbag.py:541} INFO - Filling up the DagBag from /home/airflow/.local/lib/python3.7/site-packages/airflow/example_dags/example_dag_decorator.py
[2024-07-06T14:30:03.999+0000] {processor.py:836} INFO - DAG(s) dict_keys(['example_dag_decorator']) retrieved from /home/airflow/.local/lib/python3.7/site-packages/airflow/example_dags/example_dag_decorator.py
[2024-07-06T14:30:04.084+0000] {logging_mixin.py:150} INFO - [2024-07-06T14:30:04.084+0000] {dag.py:2742} INFO - Sync 1 DAGs
[2024-07-06T14:30:04.103+0000] {logging_mixin.py:150} INFO - [2024-07-06T14:30:04.103+0000] {dag.py:3508} INFO - Setting next_dagrun for example_dag_decorator to None, run_after=None
[2024-07-06T14:30:04.116+0000] {processor.py:179} INFO - Processing /home/airflow/.local/lib/python3.7/site-packages/airflow/example_dags/example_dag_decorator.py took 0.133 seconds
[2024-07-06T14:30:35.208+0000] {processor.py:157} INFO - Started process (PID=2523) to work on /home/airflow/.local/lib/python3.7/site-packages/airflow/example_dags/example_dag_decorator.py
[2024-07-06T14:30:35.210+0000] {processor.py:826} INFO - Processing file /home/airflow/.local/lib/python3.7/site-packages/airflow/example_dags/example_dag_decorator.py for tasks to queue
[2024-07-06T14:30:35.211+0000] {logging_mixin.py:150} INFO - [2024-07-06T14:30:35.211+0000] {dagbag.py:541} INFO - Filling up the DagBag from /home/airflow/.local/lib/python3.7/site-packages/airflow/example_dags/example_dag_decorator.py
[2024-07-06T14:30:35.222+0000] {processor.py:836} INFO - DAG(s) dict_keys(['example_dag_decorator']) retrieved from /home/airflow/.local/lib/python3.7/site-packages/airflow/example_dags/example_dag_decorator.py
[2024-07-06T14:30:35.327+0000] {logging_mixin.py:150} INFO - [2024-07-06T14:30:35.327+0000] {dag.py:2742} INFO - Sync 1 DAGs
[2024-07-06T14:30:35.344+0000] {logging_mixin.py:150} INFO - [2024-07-06T14:30:35.344+0000] {dag.py:3508} INFO - Setting next_dagrun for example_dag_decorator to None, run_after=None
[2024-07-06T14:30:35.358+0000] {processor.py:179} INFO - Processing /home/airflow/.local/lib/python3.7/site-packages/airflow/example_dags/example_dag_decorator.py took 0.153 seconds
