[2024-07-06T14:10:40.105+0000] {processor.py:157} INFO - Started process (PID=38) to work on /home/airflow/.local/lib/python3.7/site-packages/airflow/example_dags/example_kubernetes_executor.py
[2024-07-06T14:10:40.107+0000] {processor.py:826} INFO - Processing file /home/airflow/.local/lib/python3.7/site-packages/airflow/example_dags/example_kubernetes_executor.py for tasks to queue
[2024-07-06T14:10:40.109+0000] {logging_mixin.py:150} INFO - [2024-07-06T14:10:40.108+0000] {dagbag.py:541} INFO - Filling up the DagBag from /home/airflow/.local/lib/python3.7/site-packages/airflow/example_dags/example_kubernetes_executor.py
[2024-07-06T14:10:41.142+0000] {processor.py:836} INFO - DAG(s) dict_keys(['example_kubernetes_executor']) retrieved from /home/airflow/.local/lib/python3.7/site-packages/airflow/example_dags/example_kubernetes_executor.py
[2024-07-06T14:10:41.178+0000] {logging_mixin.py:150} INFO - [2024-07-06T14:10:41.178+0000] {dag.py:2742} INFO - Sync 1 DAGs
[2024-07-06T14:10:41.210+0000] {logging_mixin.py:150} INFO - [2024-07-06T14:10:41.210+0000] {dag.py:3508} INFO - Setting next_dagrun for example_kubernetes_executor to None, run_after=None
[2024-07-06T14:10:41.246+0000] {processor.py:179} INFO - Processing /home/airflow/.local/lib/python3.7/site-packages/airflow/example_dags/example_kubernetes_executor.py took 1.144 seconds
[2024-07-06T14:11:12.151+0000] {processor.py:157} INFO - Started process (PID=97) to work on /home/airflow/.local/lib/python3.7/site-packages/airflow/example_dags/example_kubernetes_executor.py
[2024-07-06T14:11:12.155+0000] {processor.py:826} INFO - Processing file /home/airflow/.local/lib/python3.7/site-packages/airflow/example_dags/example_kubernetes_executor.py for tasks to queue
[2024-07-06T14:11:12.157+0000] {logging_mixin.py:150} INFO - [2024-07-06T14:11:12.156+0000] {dagbag.py:541} INFO - Filling up the DagBag from /home/airflow/.local/lib/python3.7/site-packages/airflow/example_dags/example_kubernetes_executor.py
[2024-07-06T14:11:12.550+0000] {processor.py:836} INFO - DAG(s) dict_keys(['example_kubernetes_executor']) retrieved from /home/airflow/.local/lib/python3.7/site-packages/airflow/example_dags/example_kubernetes_executor.py
[2024-07-06T14:11:12.598+0000] {logging_mixin.py:150} INFO - [2024-07-06T14:11:12.597+0000] {dag.py:2742} INFO - Sync 1 DAGs
[2024-07-06T14:11:12.632+0000] {logging_mixin.py:150} INFO - [2024-07-06T14:11:12.631+0000] {dag.py:3508} INFO - Setting next_dagrun for example_kubernetes_executor to None, run_after=None
[2024-07-06T14:11:12.662+0000] {processor.py:179} INFO - Processing /home/airflow/.local/lib/python3.7/site-packages/airflow/example_dags/example_kubernetes_executor.py took 0.519 seconds
[2024-07-06T14:11:43.114+0000] {processor.py:157} INFO - Started process (PID=160) to work on /home/airflow/.local/lib/python3.7/site-packages/airflow/example_dags/example_kubernetes_executor.py
[2024-07-06T14:11:43.117+0000] {processor.py:826} INFO - Processing file /home/airflow/.local/lib/python3.7/site-packages/airflow/example_dags/example_kubernetes_executor.py for tasks to queue
[2024-07-06T14:11:43.119+0000] {logging_mixin.py:150} INFO - [2024-07-06T14:11:43.118+0000] {dagbag.py:541} INFO - Filling up the DagBag from /home/airflow/.local/lib/python3.7/site-packages/airflow/example_dags/example_kubernetes_executor.py
[2024-07-06T14:11:43.347+0000] {processor.py:836} INFO - DAG(s) dict_keys(['example_kubernetes_executor']) retrieved from /home/airflow/.local/lib/python3.7/site-packages/airflow/example_dags/example_kubernetes_executor.py
[2024-07-06T14:11:43.391+0000] {logging_mixin.py:150} INFO - [2024-07-06T14:11:43.391+0000] {dag.py:2742} INFO - Sync 1 DAGs
[2024-07-06T14:11:43.418+0000] {logging_mixin.py:150} INFO - [2024-07-06T14:11:43.418+0000] {dag.py:3508} INFO - Setting next_dagrun for example_kubernetes_executor to None, run_after=None
[2024-07-06T14:11:43.433+0000] {processor.py:179} INFO - Processing /home/airflow/.local/lib/python3.7/site-packages/airflow/example_dags/example_kubernetes_executor.py took 0.324 seconds
[2024-07-06T14:12:13.676+0000] {processor.py:157} INFO - Started process (PID=222) to work on /home/airflow/.local/lib/python3.7/site-packages/airflow/example_dags/example_kubernetes_executor.py
[2024-07-06T14:12:13.681+0000] {processor.py:826} INFO - Processing file /home/airflow/.local/lib/python3.7/site-packages/airflow/example_dags/example_kubernetes_executor.py for tasks to queue
[2024-07-06T14:12:13.683+0000] {logging_mixin.py:150} INFO - [2024-07-06T14:12:13.683+0000] {dagbag.py:541} INFO - Filling up the DagBag from /home/airflow/.local/lib/python3.7/site-packages/airflow/example_dags/example_kubernetes_executor.py
[2024-07-06T14:12:13.939+0000] {processor.py:836} INFO - DAG(s) dict_keys(['example_kubernetes_executor']) retrieved from /home/airflow/.local/lib/python3.7/site-packages/airflow/example_dags/example_kubernetes_executor.py
[2024-07-06T14:12:13.975+0000] {logging_mixin.py:150} INFO - [2024-07-06T14:12:13.974+0000] {dag.py:2742} INFO - Sync 1 DAGs
[2024-07-06T14:12:13.993+0000] {logging_mixin.py:150} INFO - [2024-07-06T14:12:13.993+0000] {dag.py:3508} INFO - Setting next_dagrun for example_kubernetes_executor to None, run_after=None
[2024-07-06T14:12:14.007+0000] {processor.py:179} INFO - Processing /home/airflow/.local/lib/python3.7/site-packages/airflow/example_dags/example_kubernetes_executor.py took 0.338 seconds
[2024-07-06T14:12:44.153+0000] {processor.py:157} INFO - Started process (PID=285) to work on /home/airflow/.local/lib/python3.7/site-packages/airflow/example_dags/example_kubernetes_executor.py
[2024-07-06T14:12:44.156+0000] {processor.py:826} INFO - Processing file /home/airflow/.local/lib/python3.7/site-packages/airflow/example_dags/example_kubernetes_executor.py for tasks to queue
[2024-07-06T14:12:44.159+0000] {logging_mixin.py:150} INFO - [2024-07-06T14:12:44.158+0000] {dagbag.py:541} INFO - Filling up the DagBag from /home/airflow/.local/lib/python3.7/site-packages/airflow/example_dags/example_kubernetes_executor.py
[2024-07-06T14:12:44.381+0000] {processor.py:836} INFO - DAG(s) dict_keys(['example_kubernetes_executor']) retrieved from /home/airflow/.local/lib/python3.7/site-packages/airflow/example_dags/example_kubernetes_executor.py
[2024-07-06T14:12:44.417+0000] {logging_mixin.py:150} INFO - [2024-07-06T14:12:44.417+0000] {dag.py:2742} INFO - Sync 1 DAGs
[2024-07-06T14:12:44.438+0000] {logging_mixin.py:150} INFO - [2024-07-06T14:12:44.438+0000] {dag.py:3508} INFO - Setting next_dagrun for example_kubernetes_executor to None, run_after=None
[2024-07-06T14:12:44.451+0000] {processor.py:179} INFO - Processing /home/airflow/.local/lib/python3.7/site-packages/airflow/example_dags/example_kubernetes_executor.py took 0.304 seconds
[2024-07-06T14:13:14.505+0000] {processor.py:157} INFO - Started process (PID=350) to work on /home/airflow/.local/lib/python3.7/site-packages/airflow/example_dags/example_kubernetes_executor.py
[2024-07-06T14:13:14.507+0000] {processor.py:826} INFO - Processing file /home/airflow/.local/lib/python3.7/site-packages/airflow/example_dags/example_kubernetes_executor.py for tasks to queue
[2024-07-06T14:13:14.508+0000] {logging_mixin.py:150} INFO - [2024-07-06T14:13:14.508+0000] {dagbag.py:541} INFO - Filling up the DagBag from /home/airflow/.local/lib/python3.7/site-packages/airflow/example_dags/example_kubernetes_executor.py
[2024-07-06T14:13:14.664+0000] {processor.py:836} INFO - DAG(s) dict_keys(['example_kubernetes_executor']) retrieved from /home/airflow/.local/lib/python3.7/site-packages/airflow/example_dags/example_kubernetes_executor.py
[2024-07-06T14:13:14.702+0000] {logging_mixin.py:150} INFO - [2024-07-06T14:13:14.702+0000] {dag.py:2742} INFO - Sync 1 DAGs
[2024-07-06T14:13:14.720+0000] {logging_mixin.py:150} INFO - [2024-07-06T14:13:14.720+0000] {dag.py:3508} INFO - Setting next_dagrun for example_kubernetes_executor to None, run_after=None
[2024-07-06T14:13:14.735+0000] {processor.py:179} INFO - Processing /home/airflow/.local/lib/python3.7/site-packages/airflow/example_dags/example_kubernetes_executor.py took 0.233 seconds
[2024-07-06T14:13:44.928+0000] {processor.py:157} INFO - Started process (PID=415) to work on /home/airflow/.local/lib/python3.7/site-packages/airflow/example_dags/example_kubernetes_executor.py
[2024-07-06T14:13:44.930+0000] {processor.py:826} INFO - Processing file /home/airflow/.local/lib/python3.7/site-packages/airflow/example_dags/example_kubernetes_executor.py for tasks to queue
[2024-07-06T14:13:44.932+0000] {logging_mixin.py:150} INFO - [2024-07-06T14:13:44.932+0000] {dagbag.py:541} INFO - Filling up the DagBag from /home/airflow/.local/lib/python3.7/site-packages/airflow/example_dags/example_kubernetes_executor.py
[2024-07-06T14:13:45.100+0000] {processor.py:836} INFO - DAG(s) dict_keys(['example_kubernetes_executor']) retrieved from /home/airflow/.local/lib/python3.7/site-packages/airflow/example_dags/example_kubernetes_executor.py
[2024-07-06T14:13:45.143+0000] {logging_mixin.py:150} INFO - [2024-07-06T14:13:45.143+0000] {dag.py:2742} INFO - Sync 1 DAGs
[2024-07-06T14:13:45.161+0000] {logging_mixin.py:150} INFO - [2024-07-06T14:13:45.161+0000] {dag.py:3508} INFO - Setting next_dagrun for example_kubernetes_executor to None, run_after=None
[2024-07-06T14:13:45.175+0000] {processor.py:179} INFO - Processing /home/airflow/.local/lib/python3.7/site-packages/airflow/example_dags/example_kubernetes_executor.py took 0.250 seconds
[2024-07-06T14:14:15.394+0000] {processor.py:157} INFO - Started process (PID=479) to work on /home/airflow/.local/lib/python3.7/site-packages/airflow/example_dags/example_kubernetes_executor.py
[2024-07-06T14:14:15.396+0000] {processor.py:826} INFO - Processing file /home/airflow/.local/lib/python3.7/site-packages/airflow/example_dags/example_kubernetes_executor.py for tasks to queue
[2024-07-06T14:14:15.398+0000] {logging_mixin.py:150} INFO - [2024-07-06T14:14:15.397+0000] {dagbag.py:541} INFO - Filling up the DagBag from /home/airflow/.local/lib/python3.7/site-packages/airflow/example_dags/example_kubernetes_executor.py
[2024-07-06T14:14:15.563+0000] {processor.py:836} INFO - DAG(s) dict_keys(['example_kubernetes_executor']) retrieved from /home/airflow/.local/lib/python3.7/site-packages/airflow/example_dags/example_kubernetes_executor.py
[2024-07-06T14:14:15.596+0000] {logging_mixin.py:150} INFO - [2024-07-06T14:14:15.595+0000] {dag.py:2742} INFO - Sync 1 DAGs
[2024-07-06T14:14:15.616+0000] {logging_mixin.py:150} INFO - [2024-07-06T14:14:15.616+0000] {dag.py:3508} INFO - Setting next_dagrun for example_kubernetes_executor to None, run_after=None
[2024-07-06T14:14:15.628+0000] {processor.py:179} INFO - Processing /home/airflow/.local/lib/python3.7/site-packages/airflow/example_dags/example_kubernetes_executor.py took 0.237 seconds
[2024-07-06T14:14:45.879+0000] {processor.py:157} INFO - Started process (PID=544) to work on /home/airflow/.local/lib/python3.7/site-packages/airflow/example_dags/example_kubernetes_executor.py
[2024-07-06T14:14:45.881+0000] {processor.py:826} INFO - Processing file /home/airflow/.local/lib/python3.7/site-packages/airflow/example_dags/example_kubernetes_executor.py for tasks to queue
[2024-07-06T14:14:45.883+0000] {logging_mixin.py:150} INFO - [2024-07-06T14:14:45.883+0000] {dagbag.py:541} INFO - Filling up the DagBag from /home/airflow/.local/lib/python3.7/site-packages/airflow/example_dags/example_kubernetes_executor.py
[2024-07-06T14:14:46.035+0000] {processor.py:836} INFO - DAG(s) dict_keys(['example_kubernetes_executor']) retrieved from /home/airflow/.local/lib/python3.7/site-packages/airflow/example_dags/example_kubernetes_executor.py
[2024-07-06T14:14:46.077+0000] {logging_mixin.py:150} INFO - [2024-07-06T14:14:46.077+0000] {dag.py:2742} INFO - Sync 1 DAGs
[2024-07-06T14:14:46.094+0000] {logging_mixin.py:150} INFO - [2024-07-06T14:14:46.093+0000] {dag.py:3508} INFO - Setting next_dagrun for example_kubernetes_executor to None, run_after=None
[2024-07-06T14:14:46.104+0000] {processor.py:179} INFO - Processing /home/airflow/.local/lib/python3.7/site-packages/airflow/example_dags/example_kubernetes_executor.py took 0.228 seconds
[2024-07-06T14:15:16.307+0000] {processor.py:157} INFO - Started process (PID=607) to work on /home/airflow/.local/lib/python3.7/site-packages/airflow/example_dags/example_kubernetes_executor.py
[2024-07-06T14:15:16.318+0000] {processor.py:826} INFO - Processing file /home/airflow/.local/lib/python3.7/site-packages/airflow/example_dags/example_kubernetes_executor.py for tasks to queue
[2024-07-06T14:15:16.324+0000] {logging_mixin.py:150} INFO - [2024-07-06T14:15:16.323+0000] {dagbag.py:541} INFO - Filling up the DagBag from /home/airflow/.local/lib/python3.7/site-packages/airflow/example_dags/example_kubernetes_executor.py
[2024-07-06T14:15:16.739+0000] {processor.py:836} INFO - DAG(s) dict_keys(['example_kubernetes_executor']) retrieved from /home/airflow/.local/lib/python3.7/site-packages/airflow/example_dags/example_kubernetes_executor.py
[2024-07-06T14:15:16.863+0000] {logging_mixin.py:150} INFO - [2024-07-06T14:15:16.862+0000] {dag.py:2742} INFO - Sync 1 DAGs
[2024-07-06T14:15:16.895+0000] {logging_mixin.py:150} INFO - [2024-07-06T14:15:16.895+0000] {dag.py:3508} INFO - Setting next_dagrun for example_kubernetes_executor to None, run_after=None
[2024-07-06T14:15:16.928+0000] {processor.py:179} INFO - Processing /home/airflow/.local/lib/python3.7/site-packages/airflow/example_dags/example_kubernetes_executor.py took 0.632 seconds
[2024-07-06T14:15:47.662+0000] {processor.py:157} INFO - Started process (PID=669) to work on /home/airflow/.local/lib/python3.7/site-packages/airflow/example_dags/example_kubernetes_executor.py
[2024-07-06T14:15:47.665+0000] {processor.py:826} INFO - Processing file /home/airflow/.local/lib/python3.7/site-packages/airflow/example_dags/example_kubernetes_executor.py for tasks to queue
[2024-07-06T14:15:47.667+0000] {logging_mixin.py:150} INFO - [2024-07-06T14:15:47.666+0000] {dagbag.py:541} INFO - Filling up the DagBag from /home/airflow/.local/lib/python3.7/site-packages/airflow/example_dags/example_kubernetes_executor.py
[2024-07-06T14:15:47.853+0000] {processor.py:836} INFO - DAG(s) dict_keys(['example_kubernetes_executor']) retrieved from /home/airflow/.local/lib/python3.7/site-packages/airflow/example_dags/example_kubernetes_executor.py
[2024-07-06T14:15:47.891+0000] {logging_mixin.py:150} INFO - [2024-07-06T14:15:47.891+0000] {dag.py:2742} INFO - Sync 1 DAGs
[2024-07-06T14:15:47.911+0000] {logging_mixin.py:150} INFO - [2024-07-06T14:15:47.911+0000] {dag.py:3508} INFO - Setting next_dagrun for example_kubernetes_executor to None, run_after=None
[2024-07-06T14:15:47.924+0000] {processor.py:179} INFO - Processing /home/airflow/.local/lib/python3.7/site-packages/airflow/example_dags/example_kubernetes_executor.py took 0.266 seconds
[2024-07-06T14:16:18.137+0000] {processor.py:157} INFO - Started process (PID=732) to work on /home/airflow/.local/lib/python3.7/site-packages/airflow/example_dags/example_kubernetes_executor.py
[2024-07-06T14:16:18.140+0000] {processor.py:826} INFO - Processing file /home/airflow/.local/lib/python3.7/site-packages/airflow/example_dags/example_kubernetes_executor.py for tasks to queue
[2024-07-06T14:16:18.142+0000] {logging_mixin.py:150} INFO - [2024-07-06T14:16:18.142+0000] {dagbag.py:541} INFO - Filling up the DagBag from /home/airflow/.local/lib/python3.7/site-packages/airflow/example_dags/example_kubernetes_executor.py
[2024-07-06T14:16:18.350+0000] {processor.py:836} INFO - DAG(s) dict_keys(['example_kubernetes_executor']) retrieved from /home/airflow/.local/lib/python3.7/site-packages/airflow/example_dags/example_kubernetes_executor.py
[2024-07-06T14:16:18.387+0000] {logging_mixin.py:150} INFO - [2024-07-06T14:16:18.386+0000] {dag.py:2742} INFO - Sync 1 DAGs
[2024-07-06T14:16:18.404+0000] {logging_mixin.py:150} INFO - [2024-07-06T14:16:18.404+0000] {dag.py:3508} INFO - Setting next_dagrun for example_kubernetes_executor to None, run_after=None
[2024-07-06T14:16:18.417+0000] {processor.py:179} INFO - Processing /home/airflow/.local/lib/python3.7/site-packages/airflow/example_dags/example_kubernetes_executor.py took 0.286 seconds
[2024-07-06T14:16:48.734+0000] {processor.py:157} INFO - Started process (PID=795) to work on /home/airflow/.local/lib/python3.7/site-packages/airflow/example_dags/example_kubernetes_executor.py
[2024-07-06T14:16:48.739+0000] {processor.py:826} INFO - Processing file /home/airflow/.local/lib/python3.7/site-packages/airflow/example_dags/example_kubernetes_executor.py for tasks to queue
[2024-07-06T14:16:48.743+0000] {logging_mixin.py:150} INFO - [2024-07-06T14:16:48.743+0000] {dagbag.py:541} INFO - Filling up the DagBag from /home/airflow/.local/lib/python3.7/site-packages/airflow/example_dags/example_kubernetes_executor.py
[2024-07-06T14:16:48.931+0000] {processor.py:836} INFO - DAG(s) dict_keys(['example_kubernetes_executor']) retrieved from /home/airflow/.local/lib/python3.7/site-packages/airflow/example_dags/example_kubernetes_executor.py
[2024-07-06T14:16:48.962+0000] {logging_mixin.py:150} INFO - [2024-07-06T14:16:48.962+0000] {dag.py:2742} INFO - Sync 1 DAGs
[2024-07-06T14:16:48.978+0000] {logging_mixin.py:150} INFO - [2024-07-06T14:16:48.978+0000] {dag.py:3508} INFO - Setting next_dagrun for example_kubernetes_executor to None, run_after=None
[2024-07-06T14:16:48.989+0000] {processor.py:179} INFO - Processing /home/airflow/.local/lib/python3.7/site-packages/airflow/example_dags/example_kubernetes_executor.py took 0.260 seconds
[2024-07-06T14:17:19.048+0000] {processor.py:157} INFO - Started process (PID=860) to work on /home/airflow/.local/lib/python3.7/site-packages/airflow/example_dags/example_kubernetes_executor.py
[2024-07-06T14:17:19.050+0000] {processor.py:826} INFO - Processing file /home/airflow/.local/lib/python3.7/site-packages/airflow/example_dags/example_kubernetes_executor.py for tasks to queue
[2024-07-06T14:17:19.051+0000] {logging_mixin.py:150} INFO - [2024-07-06T14:17:19.051+0000] {dagbag.py:541} INFO - Filling up the DagBag from /home/airflow/.local/lib/python3.7/site-packages/airflow/example_dags/example_kubernetes_executor.py
[2024-07-06T14:17:19.186+0000] {processor.py:836} INFO - DAG(s) dict_keys(['example_kubernetes_executor']) retrieved from /home/airflow/.local/lib/python3.7/site-packages/airflow/example_dags/example_kubernetes_executor.py
[2024-07-06T14:17:19.231+0000] {logging_mixin.py:150} INFO - [2024-07-06T14:17:19.231+0000] {dag.py:2742} INFO - Sync 1 DAGs
[2024-07-06T14:17:19.248+0000] {logging_mixin.py:150} INFO - [2024-07-06T14:17:19.248+0000] {dag.py:3508} INFO - Setting next_dagrun for example_kubernetes_executor to None, run_after=None
[2024-07-06T14:17:19.260+0000] {processor.py:179} INFO - Processing /home/airflow/.local/lib/python3.7/site-packages/airflow/example_dags/example_kubernetes_executor.py took 0.215 seconds
[2024-07-06T14:17:49.370+0000] {processor.py:157} INFO - Started process (PID=922) to work on /home/airflow/.local/lib/python3.7/site-packages/airflow/example_dags/example_kubernetes_executor.py
[2024-07-06T14:17:49.371+0000] {processor.py:826} INFO - Processing file /home/airflow/.local/lib/python3.7/site-packages/airflow/example_dags/example_kubernetes_executor.py for tasks to queue
[2024-07-06T14:17:49.373+0000] {logging_mixin.py:150} INFO - [2024-07-06T14:17:49.373+0000] {dagbag.py:541} INFO - Filling up the DagBag from /home/airflow/.local/lib/python3.7/site-packages/airflow/example_dags/example_kubernetes_executor.py
[2024-07-06T14:17:49.514+0000] {processor.py:836} INFO - DAG(s) dict_keys(['example_kubernetes_executor']) retrieved from /home/airflow/.local/lib/python3.7/site-packages/airflow/example_dags/example_kubernetes_executor.py
[2024-07-06T14:17:49.545+0000] {logging_mixin.py:150} INFO - [2024-07-06T14:17:49.545+0000] {dag.py:2742} INFO - Sync 1 DAGs
[2024-07-06T14:17:49.563+0000] {logging_mixin.py:150} INFO - [2024-07-06T14:17:49.563+0000] {dag.py:3508} INFO - Setting next_dagrun for example_kubernetes_executor to None, run_after=None
[2024-07-06T14:17:49.575+0000] {processor.py:179} INFO - Processing /home/airflow/.local/lib/python3.7/site-packages/airflow/example_dags/example_kubernetes_executor.py took 0.209 seconds
[2024-07-06T14:18:19.705+0000] {processor.py:157} INFO - Started process (PID=985) to work on /home/airflow/.local/lib/python3.7/site-packages/airflow/example_dags/example_kubernetes_executor.py
[2024-07-06T14:18:19.708+0000] {processor.py:826} INFO - Processing file /home/airflow/.local/lib/python3.7/site-packages/airflow/example_dags/example_kubernetes_executor.py for tasks to queue
[2024-07-06T14:18:19.709+0000] {logging_mixin.py:150} INFO - [2024-07-06T14:18:19.709+0000] {dagbag.py:541} INFO - Filling up the DagBag from /home/airflow/.local/lib/python3.7/site-packages/airflow/example_dags/example_kubernetes_executor.py
[2024-07-06T14:18:19.848+0000] {processor.py:836} INFO - DAG(s) dict_keys(['example_kubernetes_executor']) retrieved from /home/airflow/.local/lib/python3.7/site-packages/airflow/example_dags/example_kubernetes_executor.py
[2024-07-06T14:18:19.878+0000] {logging_mixin.py:150} INFO - [2024-07-06T14:18:19.877+0000] {dag.py:2742} INFO - Sync 1 DAGs
[2024-07-06T14:18:19.894+0000] {logging_mixin.py:150} INFO - [2024-07-06T14:18:19.894+0000] {dag.py:3508} INFO - Setting next_dagrun for example_kubernetes_executor to None, run_after=None
[2024-07-06T14:18:19.905+0000] {processor.py:179} INFO - Processing /home/airflow/.local/lib/python3.7/site-packages/airflow/example_dags/example_kubernetes_executor.py took 0.203 seconds
[2024-07-06T14:18:50.026+0000] {processor.py:157} INFO - Started process (PID=1048) to work on /home/airflow/.local/lib/python3.7/site-packages/airflow/example_dags/example_kubernetes_executor.py
[2024-07-06T14:18:50.028+0000] {processor.py:826} INFO - Processing file /home/airflow/.local/lib/python3.7/site-packages/airflow/example_dags/example_kubernetes_executor.py for tasks to queue
[2024-07-06T14:18:50.029+0000] {logging_mixin.py:150} INFO - [2024-07-06T14:18:50.029+0000] {dagbag.py:541} INFO - Filling up the DagBag from /home/airflow/.local/lib/python3.7/site-packages/airflow/example_dags/example_kubernetes_executor.py
[2024-07-06T14:18:50.169+0000] {processor.py:836} INFO - DAG(s) dict_keys(['example_kubernetes_executor']) retrieved from /home/airflow/.local/lib/python3.7/site-packages/airflow/example_dags/example_kubernetes_executor.py
[2024-07-06T14:18:50.199+0000] {logging_mixin.py:150} INFO - [2024-07-06T14:18:50.199+0000] {dag.py:2742} INFO - Sync 1 DAGs
[2024-07-06T14:18:50.215+0000] {logging_mixin.py:150} INFO - [2024-07-06T14:18:50.215+0000] {dag.py:3508} INFO - Setting next_dagrun for example_kubernetes_executor to None, run_after=None
[2024-07-06T14:18:50.226+0000] {processor.py:179} INFO - Processing /home/airflow/.local/lib/python3.7/site-packages/airflow/example_dags/example_kubernetes_executor.py took 0.203 seconds
[2024-07-06T14:19:20.352+0000] {processor.py:157} INFO - Started process (PID=1109) to work on /home/airflow/.local/lib/python3.7/site-packages/airflow/example_dags/example_kubernetes_executor.py
[2024-07-06T14:19:20.355+0000] {processor.py:826} INFO - Processing file /home/airflow/.local/lib/python3.7/site-packages/airflow/example_dags/example_kubernetes_executor.py for tasks to queue
[2024-07-06T14:19:20.357+0000] {logging_mixin.py:150} INFO - [2024-07-06T14:19:20.356+0000] {dagbag.py:541} INFO - Filling up the DagBag from /home/airflow/.local/lib/python3.7/site-packages/airflow/example_dags/example_kubernetes_executor.py
[2024-07-06T14:19:20.541+0000] {processor.py:836} INFO - DAG(s) dict_keys(['example_kubernetes_executor']) retrieved from /home/airflow/.local/lib/python3.7/site-packages/airflow/example_dags/example_kubernetes_executor.py
[2024-07-06T14:19:20.574+0000] {logging_mixin.py:150} INFO - [2024-07-06T14:19:20.574+0000] {dag.py:2742} INFO - Sync 1 DAGs
[2024-07-06T14:19:20.590+0000] {logging_mixin.py:150} INFO - [2024-07-06T14:19:20.590+0000] {dag.py:3508} INFO - Setting next_dagrun for example_kubernetes_executor to None, run_after=None
[2024-07-06T14:19:20.601+0000] {processor.py:179} INFO - Processing /home/airflow/.local/lib/python3.7/site-packages/airflow/example_dags/example_kubernetes_executor.py took 0.253 seconds
[2024-07-06T14:19:50.645+0000] {processor.py:157} INFO - Started process (PID=1173) to work on /home/airflow/.local/lib/python3.7/site-packages/airflow/example_dags/example_kubernetes_executor.py
[2024-07-06T14:19:50.649+0000] {processor.py:826} INFO - Processing file /home/airflow/.local/lib/python3.7/site-packages/airflow/example_dags/example_kubernetes_executor.py for tasks to queue
[2024-07-06T14:19:50.651+0000] {logging_mixin.py:150} INFO - [2024-07-06T14:19:50.651+0000] {dagbag.py:541} INFO - Filling up the DagBag from /home/airflow/.local/lib/python3.7/site-packages/airflow/example_dags/example_kubernetes_executor.py
[2024-07-06T14:19:50.819+0000] {processor.py:836} INFO - DAG(s) dict_keys(['example_kubernetes_executor']) retrieved from /home/airflow/.local/lib/python3.7/site-packages/airflow/example_dags/example_kubernetes_executor.py
[2024-07-06T14:19:50.852+0000] {logging_mixin.py:150} INFO - [2024-07-06T14:19:50.852+0000] {dag.py:2742} INFO - Sync 1 DAGs
[2024-07-06T14:19:50.868+0000] {logging_mixin.py:150} INFO - [2024-07-06T14:19:50.868+0000] {dag.py:3508} INFO - Setting next_dagrun for example_kubernetes_executor to None, run_after=None
[2024-07-06T14:19:50.880+0000] {processor.py:179} INFO - Processing /home/airflow/.local/lib/python3.7/site-packages/airflow/example_dags/example_kubernetes_executor.py took 0.239 seconds
[2024-07-06T14:20:21.127+0000] {processor.py:157} INFO - Started process (PID=1234) to work on /home/airflow/.local/lib/python3.7/site-packages/airflow/example_dags/example_kubernetes_executor.py
[2024-07-06T14:20:21.130+0000] {processor.py:826} INFO - Processing file /home/airflow/.local/lib/python3.7/site-packages/airflow/example_dags/example_kubernetes_executor.py for tasks to queue
[2024-07-06T14:20:21.132+0000] {logging_mixin.py:150} INFO - [2024-07-06T14:20:21.132+0000] {dagbag.py:541} INFO - Filling up the DagBag from /home/airflow/.local/lib/python3.7/site-packages/airflow/example_dags/example_kubernetes_executor.py
[2024-07-06T14:20:21.289+0000] {processor.py:836} INFO - DAG(s) dict_keys(['example_kubernetes_executor']) retrieved from /home/airflow/.local/lib/python3.7/site-packages/airflow/example_dags/example_kubernetes_executor.py
[2024-07-06T14:20:21.321+0000] {logging_mixin.py:150} INFO - [2024-07-06T14:20:21.321+0000] {dag.py:2742} INFO - Sync 1 DAGs
[2024-07-06T14:20:21.337+0000] {logging_mixin.py:150} INFO - [2024-07-06T14:20:21.337+0000] {dag.py:3508} INFO - Setting next_dagrun for example_kubernetes_executor to None, run_after=None
[2024-07-06T14:20:21.348+0000] {processor.py:179} INFO - Processing /home/airflow/.local/lib/python3.7/site-packages/airflow/example_dags/example_kubernetes_executor.py took 0.226 seconds
[2024-07-06T14:20:51.664+0000] {processor.py:157} INFO - Started process (PID=1297) to work on /home/airflow/.local/lib/python3.7/site-packages/airflow/example_dags/example_kubernetes_executor.py
[2024-07-06T14:20:51.669+0000] {processor.py:826} INFO - Processing file /home/airflow/.local/lib/python3.7/site-packages/airflow/example_dags/example_kubernetes_executor.py for tasks to queue
[2024-07-06T14:20:51.672+0000] {logging_mixin.py:150} INFO - [2024-07-06T14:20:51.672+0000] {dagbag.py:541} INFO - Filling up the DagBag from /home/airflow/.local/lib/python3.7/site-packages/airflow/example_dags/example_kubernetes_executor.py
[2024-07-06T14:20:51.856+0000] {processor.py:836} INFO - DAG(s) dict_keys(['example_kubernetes_executor']) retrieved from /home/airflow/.local/lib/python3.7/site-packages/airflow/example_dags/example_kubernetes_executor.py
[2024-07-06T14:20:51.885+0000] {logging_mixin.py:150} INFO - [2024-07-06T14:20:51.884+0000] {dag.py:2742} INFO - Sync 1 DAGs
[2024-07-06T14:20:51.900+0000] {logging_mixin.py:150} INFO - [2024-07-06T14:20:51.900+0000] {dag.py:3508} INFO - Setting next_dagrun for example_kubernetes_executor to None, run_after=None
[2024-07-06T14:20:51.911+0000] {processor.py:179} INFO - Processing /home/airflow/.local/lib/python3.7/site-packages/airflow/example_dags/example_kubernetes_executor.py took 0.252 seconds
[2024-07-06T14:21:22.152+0000] {processor.py:157} INFO - Started process (PID=1360) to work on /home/airflow/.local/lib/python3.7/site-packages/airflow/example_dags/example_kubernetes_executor.py
[2024-07-06T14:21:22.156+0000] {processor.py:826} INFO - Processing file /home/airflow/.local/lib/python3.7/site-packages/airflow/example_dags/example_kubernetes_executor.py for tasks to queue
[2024-07-06T14:21:22.157+0000] {logging_mixin.py:150} INFO - [2024-07-06T14:21:22.157+0000] {dagbag.py:541} INFO - Filling up the DagBag from /home/airflow/.local/lib/python3.7/site-packages/airflow/example_dags/example_kubernetes_executor.py
[2024-07-06T14:21:22.332+0000] {processor.py:836} INFO - DAG(s) dict_keys(['example_kubernetes_executor']) retrieved from /home/airflow/.local/lib/python3.7/site-packages/airflow/example_dags/example_kubernetes_executor.py
[2024-07-06T14:21:22.363+0000] {logging_mixin.py:150} INFO - [2024-07-06T14:21:22.363+0000] {dag.py:2742} INFO - Sync 1 DAGs
[2024-07-06T14:21:22.380+0000] {logging_mixin.py:150} INFO - [2024-07-06T14:21:22.379+0000] {dag.py:3508} INFO - Setting next_dagrun for example_kubernetes_executor to None, run_after=None
[2024-07-06T14:21:22.392+0000] {processor.py:179} INFO - Processing /home/airflow/.local/lib/python3.7/site-packages/airflow/example_dags/example_kubernetes_executor.py took 0.245 seconds
[2024-07-06T14:21:52.591+0000] {processor.py:157} INFO - Started process (PID=1423) to work on /home/airflow/.local/lib/python3.7/site-packages/airflow/example_dags/example_kubernetes_executor.py
[2024-07-06T14:21:52.594+0000] {processor.py:826} INFO - Processing file /home/airflow/.local/lib/python3.7/site-packages/airflow/example_dags/example_kubernetes_executor.py for tasks to queue
[2024-07-06T14:21:52.597+0000] {logging_mixin.py:150} INFO - [2024-07-06T14:21:52.596+0000] {dagbag.py:541} INFO - Filling up the DagBag from /home/airflow/.local/lib/python3.7/site-packages/airflow/example_dags/example_kubernetes_executor.py
[2024-07-06T14:21:52.827+0000] {processor.py:836} INFO - DAG(s) dict_keys(['example_kubernetes_executor']) retrieved from /home/airflow/.local/lib/python3.7/site-packages/airflow/example_dags/example_kubernetes_executor.py
[2024-07-06T14:21:52.864+0000] {logging_mixin.py:150} INFO - [2024-07-06T14:21:52.864+0000] {dag.py:2742} INFO - Sync 1 DAGs
[2024-07-06T14:21:52.883+0000] {logging_mixin.py:150} INFO - [2024-07-06T14:21:52.883+0000] {dag.py:3508} INFO - Setting next_dagrun for example_kubernetes_executor to None, run_after=None
[2024-07-06T14:21:52.901+0000] {processor.py:179} INFO - Processing /home/airflow/.local/lib/python3.7/site-packages/airflow/example_dags/example_kubernetes_executor.py took 0.314 seconds
[2024-07-06T14:22:23.032+0000] {processor.py:157} INFO - Started process (PID=1488) to work on /home/airflow/.local/lib/python3.7/site-packages/airflow/example_dags/example_kubernetes_executor.py
[2024-07-06T14:22:23.034+0000] {processor.py:826} INFO - Processing file /home/airflow/.local/lib/python3.7/site-packages/airflow/example_dags/example_kubernetes_executor.py for tasks to queue
[2024-07-06T14:22:23.036+0000] {logging_mixin.py:150} INFO - [2024-07-06T14:22:23.036+0000] {dagbag.py:541} INFO - Filling up the DagBag from /home/airflow/.local/lib/python3.7/site-packages/airflow/example_dags/example_kubernetes_executor.py
[2024-07-06T14:22:23.216+0000] {processor.py:836} INFO - DAG(s) dict_keys(['example_kubernetes_executor']) retrieved from /home/airflow/.local/lib/python3.7/site-packages/airflow/example_dags/example_kubernetes_executor.py
[2024-07-06T14:22:23.258+0000] {logging_mixin.py:150} INFO - [2024-07-06T14:22:23.258+0000] {dag.py:2742} INFO - Sync 1 DAGs
[2024-07-06T14:22:23.278+0000] {logging_mixin.py:150} INFO - [2024-07-06T14:22:23.278+0000] {dag.py:3508} INFO - Setting next_dagrun for example_kubernetes_executor to None, run_after=None
[2024-07-06T14:22:23.292+0000] {processor.py:179} INFO - Processing /home/airflow/.local/lib/python3.7/site-packages/airflow/example_dags/example_kubernetes_executor.py took 0.263 seconds
[2024-07-06T14:22:53.336+0000] {processor.py:157} INFO - Started process (PID=1551) to work on /home/airflow/.local/lib/python3.7/site-packages/airflow/example_dags/example_kubernetes_executor.py
[2024-07-06T14:22:53.338+0000] {processor.py:826} INFO - Processing file /home/airflow/.local/lib/python3.7/site-packages/airflow/example_dags/example_kubernetes_executor.py for tasks to queue
[2024-07-06T14:22:53.341+0000] {logging_mixin.py:150} INFO - [2024-07-06T14:22:53.341+0000] {dagbag.py:541} INFO - Filling up the DagBag from /home/airflow/.local/lib/python3.7/site-packages/airflow/example_dags/example_kubernetes_executor.py
[2024-07-06T14:22:53.483+0000] {processor.py:836} INFO - DAG(s) dict_keys(['example_kubernetes_executor']) retrieved from /home/airflow/.local/lib/python3.7/site-packages/airflow/example_dags/example_kubernetes_executor.py
[2024-07-06T14:22:53.527+0000] {logging_mixin.py:150} INFO - [2024-07-06T14:22:53.527+0000] {dag.py:2742} INFO - Sync 1 DAGs
[2024-07-06T14:22:53.545+0000] {logging_mixin.py:150} INFO - [2024-07-06T14:22:53.545+0000] {dag.py:3508} INFO - Setting next_dagrun for example_kubernetes_executor to None, run_after=None
[2024-07-06T14:22:53.557+0000] {processor.py:179} INFO - Processing /home/airflow/.local/lib/python3.7/site-packages/airflow/example_dags/example_kubernetes_executor.py took 0.224 seconds
[2024-07-06T14:23:23.711+0000] {processor.py:157} INFO - Started process (PID=1614) to work on /home/airflow/.local/lib/python3.7/site-packages/airflow/example_dags/example_kubernetes_executor.py
[2024-07-06T14:23:23.713+0000] {processor.py:826} INFO - Processing file /home/airflow/.local/lib/python3.7/site-packages/airflow/example_dags/example_kubernetes_executor.py for tasks to queue
[2024-07-06T14:23:23.715+0000] {logging_mixin.py:150} INFO - [2024-07-06T14:23:23.715+0000] {dagbag.py:541} INFO - Filling up the DagBag from /home/airflow/.local/lib/python3.7/site-packages/airflow/example_dags/example_kubernetes_executor.py
[2024-07-06T14:23:23.875+0000] {processor.py:836} INFO - DAG(s) dict_keys(['example_kubernetes_executor']) retrieved from /home/airflow/.local/lib/python3.7/site-packages/airflow/example_dags/example_kubernetes_executor.py
[2024-07-06T14:23:23.913+0000] {logging_mixin.py:150} INFO - [2024-07-06T14:23:23.913+0000] {dag.py:2742} INFO - Sync 1 DAGs
[2024-07-06T14:23:23.931+0000] {logging_mixin.py:150} INFO - [2024-07-06T14:23:23.931+0000] {dag.py:3508} INFO - Setting next_dagrun for example_kubernetes_executor to None, run_after=None
[2024-07-06T14:23:23.946+0000] {processor.py:179} INFO - Processing /home/airflow/.local/lib/python3.7/site-packages/airflow/example_dags/example_kubernetes_executor.py took 0.237 seconds
[2024-07-06T14:23:54.237+0000] {processor.py:157} INFO - Started process (PID=1675) to work on /home/airflow/.local/lib/python3.7/site-packages/airflow/example_dags/example_kubernetes_executor.py
[2024-07-06T14:23:54.241+0000] {processor.py:826} INFO - Processing file /home/airflow/.local/lib/python3.7/site-packages/airflow/example_dags/example_kubernetes_executor.py for tasks to queue
[2024-07-06T14:23:54.243+0000] {logging_mixin.py:150} INFO - [2024-07-06T14:23:54.242+0000] {dagbag.py:541} INFO - Filling up the DagBag from /home/airflow/.local/lib/python3.7/site-packages/airflow/example_dags/example_kubernetes_executor.py
[2024-07-06T14:23:54.405+0000] {processor.py:836} INFO - DAG(s) dict_keys(['example_kubernetes_executor']) retrieved from /home/airflow/.local/lib/python3.7/site-packages/airflow/example_dags/example_kubernetes_executor.py
[2024-07-06T14:23:54.438+0000] {logging_mixin.py:150} INFO - [2024-07-06T14:23:54.438+0000] {dag.py:2742} INFO - Sync 1 DAGs
[2024-07-06T14:23:54.453+0000] {logging_mixin.py:150} INFO - [2024-07-06T14:23:54.453+0000] {dag.py:3508} INFO - Setting next_dagrun for example_kubernetes_executor to None, run_after=None
[2024-07-06T14:23:54.467+0000] {processor.py:179} INFO - Processing /home/airflow/.local/lib/python3.7/site-packages/airflow/example_dags/example_kubernetes_executor.py took 0.236 seconds
[2024-07-06T14:24:24.706+0000] {processor.py:157} INFO - Started process (PID=1738) to work on /home/airflow/.local/lib/python3.7/site-packages/airflow/example_dags/example_kubernetes_executor.py
[2024-07-06T14:24:24.710+0000] {processor.py:826} INFO - Processing file /home/airflow/.local/lib/python3.7/site-packages/airflow/example_dags/example_kubernetes_executor.py for tasks to queue
[2024-07-06T14:24:24.714+0000] {logging_mixin.py:150} INFO - [2024-07-06T14:24:24.713+0000] {dagbag.py:541} INFO - Filling up the DagBag from /home/airflow/.local/lib/python3.7/site-packages/airflow/example_dags/example_kubernetes_executor.py
[2024-07-06T14:24:24.894+0000] {processor.py:836} INFO - DAG(s) dict_keys(['example_kubernetes_executor']) retrieved from /home/airflow/.local/lib/python3.7/site-packages/airflow/example_dags/example_kubernetes_executor.py
[2024-07-06T14:24:24.928+0000] {logging_mixin.py:150} INFO - [2024-07-06T14:24:24.928+0000] {dag.py:2742} INFO - Sync 1 DAGs
[2024-07-06T14:24:25.078+0000] {logging_mixin.py:150} INFO - [2024-07-06T14:24:25.078+0000] {dag.py:3508} INFO - Setting next_dagrun for example_kubernetes_executor to None, run_after=None
[2024-07-06T14:24:25.089+0000] {processor.py:179} INFO - Processing /home/airflow/.local/lib/python3.7/site-packages/airflow/example_dags/example_kubernetes_executor.py took 0.389 seconds
[2024-07-06T14:24:55.700+0000] {processor.py:157} INFO - Started process (PID=1801) to work on /home/airflow/.local/lib/python3.7/site-packages/airflow/example_dags/example_kubernetes_executor.py
[2024-07-06T14:24:55.702+0000] {processor.py:826} INFO - Processing file /home/airflow/.local/lib/python3.7/site-packages/airflow/example_dags/example_kubernetes_executor.py for tasks to queue
[2024-07-06T14:24:55.703+0000] {logging_mixin.py:150} INFO - [2024-07-06T14:24:55.703+0000] {dagbag.py:541} INFO - Filling up the DagBag from /home/airflow/.local/lib/python3.7/site-packages/airflow/example_dags/example_kubernetes_executor.py
[2024-07-06T14:24:55.875+0000] {processor.py:836} INFO - DAG(s) dict_keys(['example_kubernetes_executor']) retrieved from /home/airflow/.local/lib/python3.7/site-packages/airflow/example_dags/example_kubernetes_executor.py
[2024-07-06T14:24:55.910+0000] {logging_mixin.py:150} INFO - [2024-07-06T14:24:55.910+0000] {dag.py:2742} INFO - Sync 1 DAGs
[2024-07-06T14:24:55.925+0000] {logging_mixin.py:150} INFO - [2024-07-06T14:24:55.925+0000] {dag.py:3508} INFO - Setting next_dagrun for example_kubernetes_executor to None, run_after=None
[2024-07-06T14:24:55.937+0000] {processor.py:179} INFO - Processing /home/airflow/.local/lib/python3.7/site-packages/airflow/example_dags/example_kubernetes_executor.py took 0.240 seconds
[2024-07-06T14:25:26.801+0000] {processor.py:157} INFO - Started process (PID=1865) to work on /home/airflow/.local/lib/python3.7/site-packages/airflow/example_dags/example_kubernetes_executor.py
[2024-07-06T14:25:26.804+0000] {processor.py:826} INFO - Processing file /home/airflow/.local/lib/python3.7/site-packages/airflow/example_dags/example_kubernetes_executor.py for tasks to queue
[2024-07-06T14:25:26.807+0000] {logging_mixin.py:150} INFO - [2024-07-06T14:25:26.806+0000] {dagbag.py:541} INFO - Filling up the DagBag from /home/airflow/.local/lib/python3.7/site-packages/airflow/example_dags/example_kubernetes_executor.py
[2024-07-06T14:25:26.999+0000] {processor.py:836} INFO - DAG(s) dict_keys(['example_kubernetes_executor']) retrieved from /home/airflow/.local/lib/python3.7/site-packages/airflow/example_dags/example_kubernetes_executor.py
[2024-07-06T14:25:27.193+0000] {logging_mixin.py:150} INFO - [2024-07-06T14:25:27.193+0000] {dag.py:2742} INFO - Sync 1 DAGs
[2024-07-06T14:25:27.208+0000] {logging_mixin.py:150} INFO - [2024-07-06T14:25:27.208+0000] {dag.py:3508} INFO - Setting next_dagrun for example_kubernetes_executor to None, run_after=None
[2024-07-06T14:25:27.219+0000] {processor.py:179} INFO - Processing /home/airflow/.local/lib/python3.7/site-packages/airflow/example_dags/example_kubernetes_executor.py took 0.425 seconds
[2024-07-06T14:25:57.713+0000] {processor.py:157} INFO - Started process (PID=1927) to work on /home/airflow/.local/lib/python3.7/site-packages/airflow/example_dags/example_kubernetes_executor.py
[2024-07-06T14:25:57.715+0000] {processor.py:826} INFO - Processing file /home/airflow/.local/lib/python3.7/site-packages/airflow/example_dags/example_kubernetes_executor.py for tasks to queue
[2024-07-06T14:25:57.718+0000] {logging_mixin.py:150} INFO - [2024-07-06T14:25:57.717+0000] {dagbag.py:541} INFO - Filling up the DagBag from /home/airflow/.local/lib/python3.7/site-packages/airflow/example_dags/example_kubernetes_executor.py
[2024-07-06T14:25:57.916+0000] {processor.py:836} INFO - DAG(s) dict_keys(['example_kubernetes_executor']) retrieved from /home/airflow/.local/lib/python3.7/site-packages/airflow/example_dags/example_kubernetes_executor.py
[2024-07-06T14:25:57.959+0000] {logging_mixin.py:150} INFO - [2024-07-06T14:25:57.959+0000] {dag.py:2742} INFO - Sync 1 DAGs
[2024-07-06T14:25:58.151+0000] {logging_mixin.py:150} INFO - [2024-07-06T14:25:58.151+0000] {dag.py:3508} INFO - Setting next_dagrun for example_kubernetes_executor to None, run_after=None
[2024-07-06T14:25:58.166+0000] {processor.py:179} INFO - Processing /home/airflow/.local/lib/python3.7/site-packages/airflow/example_dags/example_kubernetes_executor.py took 0.458 seconds
[2024-07-06T14:26:28.506+0000] {processor.py:157} INFO - Started process (PID=1991) to work on /home/airflow/.local/lib/python3.7/site-packages/airflow/example_dags/example_kubernetes_executor.py
[2024-07-06T14:26:28.510+0000] {processor.py:826} INFO - Processing file /home/airflow/.local/lib/python3.7/site-packages/airflow/example_dags/example_kubernetes_executor.py for tasks to queue
[2024-07-06T14:26:28.513+0000] {logging_mixin.py:150} INFO - [2024-07-06T14:26:28.512+0000] {dagbag.py:541} INFO - Filling up the DagBag from /home/airflow/.local/lib/python3.7/site-packages/airflow/example_dags/example_kubernetes_executor.py
[2024-07-06T14:26:28.691+0000] {processor.py:836} INFO - DAG(s) dict_keys(['example_kubernetes_executor']) retrieved from /home/airflow/.local/lib/python3.7/site-packages/airflow/example_dags/example_kubernetes_executor.py
[2024-07-06T14:26:28.748+0000] {logging_mixin.py:150} INFO - [2024-07-06T14:26:28.748+0000] {dag.py:2742} INFO - Sync 1 DAGs
[2024-07-06T14:26:28.773+0000] {logging_mixin.py:150} INFO - [2024-07-06T14:26:28.772+0000] {dag.py:3508} INFO - Setting next_dagrun for example_kubernetes_executor to None, run_after=None
[2024-07-06T14:26:28.788+0000] {processor.py:179} INFO - Processing /home/airflow/.local/lib/python3.7/site-packages/airflow/example_dags/example_kubernetes_executor.py took 0.289 seconds
[2024-07-06T14:26:58.867+0000] {processor.py:157} INFO - Started process (PID=2054) to work on /home/airflow/.local/lib/python3.7/site-packages/airflow/example_dags/example_kubernetes_executor.py
[2024-07-06T14:26:58.870+0000] {processor.py:826} INFO - Processing file /home/airflow/.local/lib/python3.7/site-packages/airflow/example_dags/example_kubernetes_executor.py for tasks to queue
[2024-07-06T14:26:58.872+0000] {logging_mixin.py:150} INFO - [2024-07-06T14:26:58.872+0000] {dagbag.py:541} INFO - Filling up the DagBag from /home/airflow/.local/lib/python3.7/site-packages/airflow/example_dags/example_kubernetes_executor.py
[2024-07-06T14:26:59.031+0000] {processor.py:836} INFO - DAG(s) dict_keys(['example_kubernetes_executor']) retrieved from /home/airflow/.local/lib/python3.7/site-packages/airflow/example_dags/example_kubernetes_executor.py
[2024-07-06T14:26:59.248+0000] {logging_mixin.py:150} INFO - [2024-07-06T14:26:59.248+0000] {dag.py:2742} INFO - Sync 1 DAGs
[2024-07-06T14:26:59.264+0000] {logging_mixin.py:150} INFO - [2024-07-06T14:26:59.264+0000] {dag.py:3508} INFO - Setting next_dagrun for example_kubernetes_executor to None, run_after=None
[2024-07-06T14:26:59.276+0000] {processor.py:179} INFO - Processing /home/airflow/.local/lib/python3.7/site-packages/airflow/example_dags/example_kubernetes_executor.py took 0.414 seconds
[2024-07-06T14:27:29.389+0000] {processor.py:157} INFO - Started process (PID=2119) to work on /home/airflow/.local/lib/python3.7/site-packages/airflow/example_dags/example_kubernetes_executor.py
[2024-07-06T14:27:29.391+0000] {processor.py:826} INFO - Processing file /home/airflow/.local/lib/python3.7/site-packages/airflow/example_dags/example_kubernetes_executor.py for tasks to queue
[2024-07-06T14:27:29.394+0000] {logging_mixin.py:150} INFO - [2024-07-06T14:27:29.394+0000] {dagbag.py:541} INFO - Filling up the DagBag from /home/airflow/.local/lib/python3.7/site-packages/airflow/example_dags/example_kubernetes_executor.py
[2024-07-06T14:27:29.565+0000] {processor.py:836} INFO - DAG(s) dict_keys(['example_kubernetes_executor']) retrieved from /home/airflow/.local/lib/python3.7/site-packages/airflow/example_dags/example_kubernetes_executor.py
[2024-07-06T14:27:29.598+0000] {logging_mixin.py:150} INFO - [2024-07-06T14:27:29.597+0000] {dag.py:2742} INFO - Sync 1 DAGs
[2024-07-06T14:27:29.791+0000] {logging_mixin.py:150} INFO - [2024-07-06T14:27:29.791+0000] {dag.py:3508} INFO - Setting next_dagrun for example_kubernetes_executor to None, run_after=None
[2024-07-06T14:27:29.803+0000] {processor.py:179} INFO - Processing /home/airflow/.local/lib/python3.7/site-packages/airflow/example_dags/example_kubernetes_executor.py took 0.417 seconds
[2024-07-06T14:27:59.894+0000] {processor.py:157} INFO - Started process (PID=2184) to work on /home/airflow/.local/lib/python3.7/site-packages/airflow/example_dags/example_kubernetes_executor.py
[2024-07-06T14:27:59.897+0000] {processor.py:826} INFO - Processing file /home/airflow/.local/lib/python3.7/site-packages/airflow/example_dags/example_kubernetes_executor.py for tasks to queue
[2024-07-06T14:27:59.900+0000] {logging_mixin.py:150} INFO - [2024-07-06T14:27:59.899+0000] {dagbag.py:541} INFO - Filling up the DagBag from /home/airflow/.local/lib/python3.7/site-packages/airflow/example_dags/example_kubernetes_executor.py
[2024-07-06T14:28:00.116+0000] {processor.py:836} INFO - DAG(s) dict_keys(['example_kubernetes_executor']) retrieved from /home/airflow/.local/lib/python3.7/site-packages/airflow/example_dags/example_kubernetes_executor.py
[2024-07-06T14:28:00.314+0000] {logging_mixin.py:150} INFO - [2024-07-06T14:28:00.314+0000] {dag.py:2742} INFO - Sync 1 DAGs
[2024-07-06T14:28:00.333+0000] {logging_mixin.py:150} INFO - [2024-07-06T14:28:00.333+0000] {dag.py:3508} INFO - Setting next_dagrun for example_kubernetes_executor to None, run_after=None
[2024-07-06T14:28:00.347+0000] {processor.py:179} INFO - Processing /home/airflow/.local/lib/python3.7/site-packages/airflow/example_dags/example_kubernetes_executor.py took 0.459 seconds
[2024-07-06T14:28:30.461+0000] {processor.py:157} INFO - Started process (PID=2255) to work on /home/airflow/.local/lib/python3.7/site-packages/airflow/example_dags/example_kubernetes_executor.py
[2024-07-06T14:28:30.463+0000] {processor.py:826} INFO - Processing file /home/airflow/.local/lib/python3.7/site-packages/airflow/example_dags/example_kubernetes_executor.py for tasks to queue
[2024-07-06T14:28:30.464+0000] {logging_mixin.py:150} INFO - [2024-07-06T14:28:30.464+0000] {dagbag.py:541} INFO - Filling up the DagBag from /home/airflow/.local/lib/python3.7/site-packages/airflow/example_dags/example_kubernetes_executor.py
[2024-07-06T14:28:30.738+0000] {processor.py:836} INFO - DAG(s) dict_keys(['example_kubernetes_executor']) retrieved from /home/airflow/.local/lib/python3.7/site-packages/airflow/example_dags/example_kubernetes_executor.py
[2024-07-06T14:28:31.020+0000] {logging_mixin.py:150} INFO - [2024-07-06T14:28:31.020+0000] {dag.py:2742} INFO - Sync 1 DAGs
[2024-07-06T14:28:31.037+0000] {logging_mixin.py:150} INFO - [2024-07-06T14:28:31.037+0000] {dag.py:3508} INFO - Setting next_dagrun for example_kubernetes_executor to None, run_after=None
[2024-07-06T14:28:31.057+0000] {processor.py:179} INFO - Processing /home/airflow/.local/lib/python3.7/site-packages/airflow/example_dags/example_kubernetes_executor.py took 0.600 seconds
[2024-07-06T14:29:01.686+0000] {processor.py:157} INFO - Started process (PID=2319) to work on /home/airflow/.local/lib/python3.7/site-packages/airflow/example_dags/example_kubernetes_executor.py
[2024-07-06T14:29:01.689+0000] {processor.py:826} INFO - Processing file /home/airflow/.local/lib/python3.7/site-packages/airflow/example_dags/example_kubernetes_executor.py for tasks to queue
[2024-07-06T14:29:01.693+0000] {logging_mixin.py:150} INFO - [2024-07-06T14:29:01.693+0000] {dagbag.py:541} INFO - Filling up the DagBag from /home/airflow/.local/lib/python3.7/site-packages/airflow/example_dags/example_kubernetes_executor.py
[2024-07-06T14:29:02.003+0000] {processor.py:836} INFO - DAG(s) dict_keys(['example_kubernetes_executor']) retrieved from /home/airflow/.local/lib/python3.7/site-packages/airflow/example_dags/example_kubernetes_executor.py
[2024-07-06T14:29:02.034+0000] {logging_mixin.py:150} INFO - [2024-07-06T14:29:02.034+0000] {dag.py:2742} INFO - Sync 1 DAGs
[2024-07-06T14:29:02.053+0000] {logging_mixin.py:150} INFO - [2024-07-06T14:29:02.052+0000] {dag.py:3508} INFO - Setting next_dagrun for example_kubernetes_executor to None, run_after=None
[2024-07-06T14:29:02.064+0000] {processor.py:179} INFO - Processing /home/airflow/.local/lib/python3.7/site-packages/airflow/example_dags/example_kubernetes_executor.py took 0.384 seconds
[2024-07-06T14:29:32.304+0000] {processor.py:157} INFO - Started process (PID=2388) to work on /home/airflow/.local/lib/python3.7/site-packages/airflow/example_dags/example_kubernetes_executor.py
[2024-07-06T14:29:32.307+0000] {processor.py:826} INFO - Processing file /home/airflow/.local/lib/python3.7/site-packages/airflow/example_dags/example_kubernetes_executor.py for tasks to queue
[2024-07-06T14:29:32.309+0000] {logging_mixin.py:150} INFO - [2024-07-06T14:29:32.309+0000] {dagbag.py:541} INFO - Filling up the DagBag from /home/airflow/.local/lib/python3.7/site-packages/airflow/example_dags/example_kubernetes_executor.py
[2024-07-06T14:29:32.603+0000] {processor.py:836} INFO - DAG(s) dict_keys(['example_kubernetes_executor']) retrieved from /home/airflow/.local/lib/python3.7/site-packages/airflow/example_dags/example_kubernetes_executor.py
[2024-07-06T14:29:32.863+0000] {logging_mixin.py:150} INFO - [2024-07-06T14:29:32.863+0000] {dag.py:2742} INFO - Sync 1 DAGs
[2024-07-06T14:29:32.888+0000] {logging_mixin.py:150} INFO - [2024-07-06T14:29:32.888+0000] {dag.py:3508} INFO - Setting next_dagrun for example_kubernetes_executor to None, run_after=None
[2024-07-06T14:29:32.916+0000] {processor.py:179} INFO - Processing /home/airflow/.local/lib/python3.7/site-packages/airflow/example_dags/example_kubernetes_executor.py took 0.618 seconds
[2024-07-06T14:30:03.368+0000] {processor.py:157} INFO - Started process (PID=2453) to work on /home/airflow/.local/lib/python3.7/site-packages/airflow/example_dags/example_kubernetes_executor.py
[2024-07-06T14:30:03.370+0000] {processor.py:826} INFO - Processing file /home/airflow/.local/lib/python3.7/site-packages/airflow/example_dags/example_kubernetes_executor.py for tasks to queue
[2024-07-06T14:30:03.371+0000] {logging_mixin.py:150} INFO - [2024-07-06T14:30:03.371+0000] {dagbag.py:541} INFO - Filling up the DagBag from /home/airflow/.local/lib/python3.7/site-packages/airflow/example_dags/example_kubernetes_executor.py
[2024-07-06T14:30:03.767+0000] {processor.py:836} INFO - DAG(s) dict_keys(['example_kubernetes_executor']) retrieved from /home/airflow/.local/lib/python3.7/site-packages/airflow/example_dags/example_kubernetes_executor.py
[2024-07-06T14:30:03.806+0000] {logging_mixin.py:150} INFO - [2024-07-06T14:30:03.806+0000] {dag.py:2742} INFO - Sync 1 DAGs
[2024-07-06T14:30:03.828+0000] {logging_mixin.py:150} INFO - [2024-07-06T14:30:03.828+0000] {dag.py:3508} INFO - Setting next_dagrun for example_kubernetes_executor to None, run_after=None
[2024-07-06T14:30:03.845+0000] {processor.py:179} INFO - Processing /home/airflow/.local/lib/python3.7/site-packages/airflow/example_dags/example_kubernetes_executor.py took 0.480 seconds
[2024-07-06T14:30:34.151+0000] {processor.py:157} INFO - Started process (PID=2510) to work on /home/airflow/.local/lib/python3.7/site-packages/airflow/example_dags/example_kubernetes_executor.py
[2024-07-06T14:30:34.154+0000] {processor.py:826} INFO - Processing file /home/airflow/.local/lib/python3.7/site-packages/airflow/example_dags/example_kubernetes_executor.py for tasks to queue
[2024-07-06T14:30:34.157+0000] {logging_mixin.py:150} INFO - [2024-07-06T14:30:34.156+0000] {dagbag.py:541} INFO - Filling up the DagBag from /home/airflow/.local/lib/python3.7/site-packages/airflow/example_dags/example_kubernetes_executor.py
[2024-07-06T14:30:34.658+0000] {processor.py:836} INFO - DAG(s) dict_keys(['example_kubernetes_executor']) retrieved from /home/airflow/.local/lib/python3.7/site-packages/airflow/example_dags/example_kubernetes_executor.py
[2024-07-06T14:30:34.693+0000] {logging_mixin.py:150} INFO - [2024-07-06T14:30:34.693+0000] {dag.py:2742} INFO - Sync 1 DAGs
[2024-07-06T14:30:34.716+0000] {logging_mixin.py:150} INFO - [2024-07-06T14:30:34.716+0000] {dag.py:3508} INFO - Setting next_dagrun for example_kubernetes_executor to None, run_after=None
[2024-07-06T14:30:34.735+0000] {processor.py:179} INFO - Processing /home/airflow/.local/lib/python3.7/site-packages/airflow/example_dags/example_kubernetes_executor.py took 0.592 seconds
