[2024-07-06T14:10:43.297+0000] {processor.py:157} INFO - Started process (PID=57) to work on /home/airflow/.local/lib/python3.7/site-packages/airflow/example_dags/example_nested_branch_dag.py
[2024-07-06T14:10:43.302+0000] {processor.py:826} INFO - Processing file /home/airflow/.local/lib/python3.7/site-packages/airflow/example_dags/example_nested_branch_dag.py for tasks to queue
[2024-07-06T14:10:43.307+0000] {logging_mixin.py:150} INFO - [2024-07-06T14:10:43.306+0000] {dagbag.py:541} INFO - Filling up the DagBag from /home/airflow/.local/lib/python3.7/site-packages/airflow/example_dags/example_nested_branch_dag.py
[2024-07-06T14:10:43.348+0000] {processor.py:836} INFO - DAG(s) dict_keys(['example_nested_branch_dag']) retrieved from /home/airflow/.local/lib/python3.7/site-packages/airflow/example_dags/example_nested_branch_dag.py
[2024-07-06T14:10:43.393+0000] {logging_mixin.py:150} INFO - [2024-07-06T14:10:43.392+0000] {dag.py:2742} INFO - Sync 1 DAGs
[2024-07-06T14:10:43.452+0000] {logging_mixin.py:150} INFO - [2024-07-06T14:10:43.452+0000] {dag.py:3508} INFO - Setting next_dagrun for example_nested_branch_dag to 2024-07-05T00:00:00+00:00, run_after=2024-07-06T00:00:00+00:00
[2024-07-06T14:10:43.521+0000] {processor.py:179} INFO - Processing /home/airflow/.local/lib/python3.7/site-packages/airflow/example_dags/example_nested_branch_dag.py took 0.237 seconds
[2024-07-06T14:11:13.621+0000] {processor.py:157} INFO - Started process (PID=119) to work on /home/airflow/.local/lib/python3.7/site-packages/airflow/example_dags/example_nested_branch_dag.py
[2024-07-06T14:11:13.623+0000] {processor.py:826} INFO - Processing file /home/airflow/.local/lib/python3.7/site-packages/airflow/example_dags/example_nested_branch_dag.py for tasks to queue
[2024-07-06T14:11:13.626+0000] {logging_mixin.py:150} INFO - [2024-07-06T14:11:13.625+0000] {dagbag.py:541} INFO - Filling up the DagBag from /home/airflow/.local/lib/python3.7/site-packages/airflow/example_dags/example_nested_branch_dag.py
[2024-07-06T14:11:13.634+0000] {processor.py:836} INFO - DAG(s) dict_keys(['example_nested_branch_dag']) retrieved from /home/airflow/.local/lib/python3.7/site-packages/airflow/example_dags/example_nested_branch_dag.py
[2024-07-06T14:11:13.658+0000] {logging_mixin.py:150} INFO - [2024-07-06T14:11:13.658+0000] {dag.py:2742} INFO - Sync 1 DAGs
[2024-07-06T14:11:13.681+0000] {logging_mixin.py:150} INFO - [2024-07-06T14:11:13.681+0000] {dag.py:3508} INFO - Setting next_dagrun for example_nested_branch_dag to 2024-07-05T00:00:00+00:00, run_after=2024-07-06T00:00:00+00:00
[2024-07-06T14:11:13.693+0000] {processor.py:179} INFO - Processing /home/airflow/.local/lib/python3.7/site-packages/airflow/example_dags/example_nested_branch_dag.py took 0.075 seconds
[2024-07-06T14:11:44.704+0000] {processor.py:157} INFO - Started process (PID=182) to work on /home/airflow/.local/lib/python3.7/site-packages/airflow/example_dags/example_nested_branch_dag.py
[2024-07-06T14:11:44.706+0000] {processor.py:826} INFO - Processing file /home/airflow/.local/lib/python3.7/site-packages/airflow/example_dags/example_nested_branch_dag.py for tasks to queue
[2024-07-06T14:11:44.711+0000] {logging_mixin.py:150} INFO - [2024-07-06T14:11:44.710+0000] {dagbag.py:541} INFO - Filling up the DagBag from /home/airflow/.local/lib/python3.7/site-packages/airflow/example_dags/example_nested_branch_dag.py
[2024-07-06T14:11:44.721+0000] {processor.py:836} INFO - DAG(s) dict_keys(['example_nested_branch_dag']) retrieved from /home/airflow/.local/lib/python3.7/site-packages/airflow/example_dags/example_nested_branch_dag.py
[2024-07-06T14:11:44.760+0000] {logging_mixin.py:150} INFO - [2024-07-06T14:11:44.759+0000] {dag.py:2742} INFO - Sync 1 DAGs
[2024-07-06T14:11:44.783+0000] {logging_mixin.py:150} INFO - [2024-07-06T14:11:44.783+0000] {dag.py:3508} INFO - Setting next_dagrun for example_nested_branch_dag to 2024-07-05T00:00:00+00:00, run_after=2024-07-06T00:00:00+00:00
[2024-07-06T14:11:44.795+0000] {processor.py:179} INFO - Processing /home/airflow/.local/lib/python3.7/site-packages/airflow/example_dags/example_nested_branch_dag.py took 0.096 seconds
[2024-07-06T14:12:15.134+0000] {processor.py:157} INFO - Started process (PID=245) to work on /home/airflow/.local/lib/python3.7/site-packages/airflow/example_dags/example_nested_branch_dag.py
[2024-07-06T14:12:15.136+0000] {processor.py:826} INFO - Processing file /home/airflow/.local/lib/python3.7/site-packages/airflow/example_dags/example_nested_branch_dag.py for tasks to queue
[2024-07-06T14:12:15.137+0000] {logging_mixin.py:150} INFO - [2024-07-06T14:12:15.137+0000] {dagbag.py:541} INFO - Filling up the DagBag from /home/airflow/.local/lib/python3.7/site-packages/airflow/example_dags/example_nested_branch_dag.py
[2024-07-06T14:12:15.146+0000] {processor.py:836} INFO - DAG(s) dict_keys(['example_nested_branch_dag']) retrieved from /home/airflow/.local/lib/python3.7/site-packages/airflow/example_dags/example_nested_branch_dag.py
[2024-07-06T14:12:15.168+0000] {logging_mixin.py:150} INFO - [2024-07-06T14:12:15.168+0000] {dag.py:2742} INFO - Sync 1 DAGs
[2024-07-06T14:12:15.184+0000] {logging_mixin.py:150} INFO - [2024-07-06T14:12:15.184+0000] {dag.py:3508} INFO - Setting next_dagrun for example_nested_branch_dag to 2024-07-05T00:00:00+00:00, run_after=2024-07-06T00:00:00+00:00
[2024-07-06T14:12:15.195+0000] {processor.py:179} INFO - Processing /home/airflow/.local/lib/python3.7/site-packages/airflow/example_dags/example_nested_branch_dag.py took 0.064 seconds
[2024-07-06T14:12:45.448+0000] {processor.py:157} INFO - Started process (PID=308) to work on /home/airflow/.local/lib/python3.7/site-packages/airflow/example_dags/example_nested_branch_dag.py
[2024-07-06T14:12:45.450+0000] {processor.py:826} INFO - Processing file /home/airflow/.local/lib/python3.7/site-packages/airflow/example_dags/example_nested_branch_dag.py for tasks to queue
[2024-07-06T14:12:45.451+0000] {logging_mixin.py:150} INFO - [2024-07-06T14:12:45.451+0000] {dagbag.py:541} INFO - Filling up the DagBag from /home/airflow/.local/lib/python3.7/site-packages/airflow/example_dags/example_nested_branch_dag.py
[2024-07-06T14:12:45.459+0000] {processor.py:836} INFO - DAG(s) dict_keys(['example_nested_branch_dag']) retrieved from /home/airflow/.local/lib/python3.7/site-packages/airflow/example_dags/example_nested_branch_dag.py
[2024-07-06T14:12:45.480+0000] {logging_mixin.py:150} INFO - [2024-07-06T14:12:45.480+0000] {dag.py:2742} INFO - Sync 1 DAGs
[2024-07-06T14:12:45.497+0000] {logging_mixin.py:150} INFO - [2024-07-06T14:12:45.497+0000] {dag.py:3508} INFO - Setting next_dagrun for example_nested_branch_dag to 2024-07-05T00:00:00+00:00, run_after=2024-07-06T00:00:00+00:00
[2024-07-06T14:12:45.508+0000] {processor.py:179} INFO - Processing /home/airflow/.local/lib/python3.7/site-packages/airflow/example_dags/example_nested_branch_dag.py took 0.063 seconds
[2024-07-06T14:13:16.702+0000] {processor.py:157} INFO - Started process (PID=371) to work on /home/airflow/.local/lib/python3.7/site-packages/airflow/example_dags/example_nested_branch_dag.py
[2024-07-06T14:13:16.704+0000] {processor.py:826} INFO - Processing file /home/airflow/.local/lib/python3.7/site-packages/airflow/example_dags/example_nested_branch_dag.py for tasks to queue
[2024-07-06T14:13:16.706+0000] {logging_mixin.py:150} INFO - [2024-07-06T14:13:16.705+0000] {dagbag.py:541} INFO - Filling up the DagBag from /home/airflow/.local/lib/python3.7/site-packages/airflow/example_dags/example_nested_branch_dag.py
[2024-07-06T14:13:16.713+0000] {processor.py:836} INFO - DAG(s) dict_keys(['example_nested_branch_dag']) retrieved from /home/airflow/.local/lib/python3.7/site-packages/airflow/example_dags/example_nested_branch_dag.py
[2024-07-06T14:13:16.737+0000] {logging_mixin.py:150} INFO - [2024-07-06T14:13:16.736+0000] {dag.py:2742} INFO - Sync 1 DAGs
[2024-07-06T14:13:16.759+0000] {logging_mixin.py:150} INFO - [2024-07-06T14:13:16.759+0000] {dag.py:3508} INFO - Setting next_dagrun for example_nested_branch_dag to 2024-07-05T00:00:00+00:00, run_after=2024-07-06T00:00:00+00:00
[2024-07-06T14:13:16.772+0000] {processor.py:179} INFO - Processing /home/airflow/.local/lib/python3.7/site-packages/airflow/example_dags/example_nested_branch_dag.py took 0.073 seconds
[2024-07-06T14:13:47.126+0000] {processor.py:157} INFO - Started process (PID=435) to work on /home/airflow/.local/lib/python3.7/site-packages/airflow/example_dags/example_nested_branch_dag.py
[2024-07-06T14:13:47.128+0000] {processor.py:826} INFO - Processing file /home/airflow/.local/lib/python3.7/site-packages/airflow/example_dags/example_nested_branch_dag.py for tasks to queue
[2024-07-06T14:13:47.129+0000] {logging_mixin.py:150} INFO - [2024-07-06T14:13:47.129+0000] {dagbag.py:541} INFO - Filling up the DagBag from /home/airflow/.local/lib/python3.7/site-packages/airflow/example_dags/example_nested_branch_dag.py
[2024-07-06T14:13:47.137+0000] {processor.py:836} INFO - DAG(s) dict_keys(['example_nested_branch_dag']) retrieved from /home/airflow/.local/lib/python3.7/site-packages/airflow/example_dags/example_nested_branch_dag.py
[2024-07-06T14:13:47.158+0000] {logging_mixin.py:150} INFO - [2024-07-06T14:13:47.158+0000] {dag.py:2742} INFO - Sync 1 DAGs
[2024-07-06T14:13:47.176+0000] {logging_mixin.py:150} INFO - [2024-07-06T14:13:47.176+0000] {dag.py:3508} INFO - Setting next_dagrun for example_nested_branch_dag to 2024-07-05T00:00:00+00:00, run_after=2024-07-06T00:00:00+00:00
[2024-07-06T14:13:47.187+0000] {processor.py:179} INFO - Processing /home/airflow/.local/lib/python3.7/site-packages/airflow/example_dags/example_nested_branch_dag.py took 0.064 seconds
[2024-07-06T14:14:17.463+0000] {processor.py:157} INFO - Started process (PID=498) to work on /home/airflow/.local/lib/python3.7/site-packages/airflow/example_dags/example_nested_branch_dag.py
[2024-07-06T14:14:17.465+0000] {processor.py:826} INFO - Processing file /home/airflow/.local/lib/python3.7/site-packages/airflow/example_dags/example_nested_branch_dag.py for tasks to queue
[2024-07-06T14:14:17.466+0000] {logging_mixin.py:150} INFO - [2024-07-06T14:14:17.466+0000] {dagbag.py:541} INFO - Filling up the DagBag from /home/airflow/.local/lib/python3.7/site-packages/airflow/example_dags/example_nested_branch_dag.py
[2024-07-06T14:14:17.474+0000] {processor.py:836} INFO - DAG(s) dict_keys(['example_nested_branch_dag']) retrieved from /home/airflow/.local/lib/python3.7/site-packages/airflow/example_dags/example_nested_branch_dag.py
[2024-07-06T14:14:17.496+0000] {logging_mixin.py:150} INFO - [2024-07-06T14:14:17.495+0000] {dag.py:2742} INFO - Sync 1 DAGs
[2024-07-06T14:14:17.514+0000] {logging_mixin.py:150} INFO - [2024-07-06T14:14:17.514+0000] {dag.py:3508} INFO - Setting next_dagrun for example_nested_branch_dag to 2024-07-05T00:00:00+00:00, run_after=2024-07-06T00:00:00+00:00
[2024-07-06T14:14:17.527+0000] {processor.py:179} INFO - Processing /home/airflow/.local/lib/python3.7/site-packages/airflow/example_dags/example_nested_branch_dag.py took 0.066 seconds
[2024-07-06T14:14:47.785+0000] {processor.py:157} INFO - Started process (PID=562) to work on /home/airflow/.local/lib/python3.7/site-packages/airflow/example_dags/example_nested_branch_dag.py
[2024-07-06T14:14:47.787+0000] {processor.py:826} INFO - Processing file /home/airflow/.local/lib/python3.7/site-packages/airflow/example_dags/example_nested_branch_dag.py for tasks to queue
[2024-07-06T14:14:47.789+0000] {logging_mixin.py:150} INFO - [2024-07-06T14:14:47.788+0000] {dagbag.py:541} INFO - Filling up the DagBag from /home/airflow/.local/lib/python3.7/site-packages/airflow/example_dags/example_nested_branch_dag.py
[2024-07-06T14:14:47.796+0000] {processor.py:836} INFO - DAG(s) dict_keys(['example_nested_branch_dag']) retrieved from /home/airflow/.local/lib/python3.7/site-packages/airflow/example_dags/example_nested_branch_dag.py
[2024-07-06T14:14:47.817+0000] {logging_mixin.py:150} INFO - [2024-07-06T14:14:47.817+0000] {dag.py:2742} INFO - Sync 1 DAGs
[2024-07-06T14:14:47.835+0000] {logging_mixin.py:150} INFO - [2024-07-06T14:14:47.835+0000] {dag.py:3508} INFO - Setting next_dagrun for example_nested_branch_dag to 2024-07-05T00:00:00+00:00, run_after=2024-07-06T00:00:00+00:00
[2024-07-06T14:14:47.849+0000] {processor.py:179} INFO - Processing /home/airflow/.local/lib/python3.7/site-packages/airflow/example_dags/example_nested_branch_dag.py took 0.067 seconds
[2024-07-06T14:15:18.720+0000] {processor.py:157} INFO - Started process (PID=620) to work on /home/airflow/.local/lib/python3.7/site-packages/airflow/example_dags/example_nested_branch_dag.py
[2024-07-06T14:15:18.722+0000] {processor.py:826} INFO - Processing file /home/airflow/.local/lib/python3.7/site-packages/airflow/example_dags/example_nested_branch_dag.py for tasks to queue
[2024-07-06T14:15:18.725+0000] {logging_mixin.py:150} INFO - [2024-07-06T14:15:18.724+0000] {dagbag.py:541} INFO - Filling up the DagBag from /home/airflow/.local/lib/python3.7/site-packages/airflow/example_dags/example_nested_branch_dag.py
[2024-07-06T14:15:18.750+0000] {processor.py:836} INFO - DAG(s) dict_keys(['example_nested_branch_dag']) retrieved from /home/airflow/.local/lib/python3.7/site-packages/airflow/example_dags/example_nested_branch_dag.py
[2024-07-06T14:15:18.789+0000] {logging_mixin.py:150} INFO - [2024-07-06T14:15:18.789+0000] {dag.py:2742} INFO - Sync 1 DAGs
[2024-07-06T14:15:18.819+0000] {logging_mixin.py:150} INFO - [2024-07-06T14:15:18.819+0000] {dag.py:3508} INFO - Setting next_dagrun for example_nested_branch_dag to 2024-07-05T00:00:00+00:00, run_after=2024-07-06T00:00:00+00:00
[2024-07-06T14:15:18.843+0000] {processor.py:179} INFO - Processing /home/airflow/.local/lib/python3.7/site-packages/airflow/example_dags/example_nested_branch_dag.py took 0.127 seconds
[2024-07-06T14:15:49.506+0000] {processor.py:157} INFO - Started process (PID=682) to work on /home/airflow/.local/lib/python3.7/site-packages/airflow/example_dags/example_nested_branch_dag.py
[2024-07-06T14:15:49.508+0000] {processor.py:826} INFO - Processing file /home/airflow/.local/lib/python3.7/site-packages/airflow/example_dags/example_nested_branch_dag.py for tasks to queue
[2024-07-06T14:15:49.509+0000] {logging_mixin.py:150} INFO - [2024-07-06T14:15:49.509+0000] {dagbag.py:541} INFO - Filling up the DagBag from /home/airflow/.local/lib/python3.7/site-packages/airflow/example_dags/example_nested_branch_dag.py
[2024-07-06T14:15:49.517+0000] {processor.py:836} INFO - DAG(s) dict_keys(['example_nested_branch_dag']) retrieved from /home/airflow/.local/lib/python3.7/site-packages/airflow/example_dags/example_nested_branch_dag.py
[2024-07-06T14:15:49.538+0000] {logging_mixin.py:150} INFO - [2024-07-06T14:15:49.538+0000] {dag.py:2742} INFO - Sync 1 DAGs
[2024-07-06T14:15:49.556+0000] {logging_mixin.py:150} INFO - [2024-07-06T14:15:49.556+0000] {dag.py:3508} INFO - Setting next_dagrun for example_nested_branch_dag to 2024-07-05T00:00:00+00:00, run_after=2024-07-06T00:00:00+00:00
[2024-07-06T14:15:49.569+0000] {processor.py:179} INFO - Processing /home/airflow/.local/lib/python3.7/site-packages/airflow/example_dags/example_nested_branch_dag.py took 0.066 seconds
[2024-07-06T14:16:20.064+0000] {processor.py:157} INFO - Started process (PID=745) to work on /home/airflow/.local/lib/python3.7/site-packages/airflow/example_dags/example_nested_branch_dag.py
[2024-07-06T14:16:20.067+0000] {processor.py:826} INFO - Processing file /home/airflow/.local/lib/python3.7/site-packages/airflow/example_dags/example_nested_branch_dag.py for tasks to queue
[2024-07-06T14:16:20.069+0000] {logging_mixin.py:150} INFO - [2024-07-06T14:16:20.069+0000] {dagbag.py:541} INFO - Filling up the DagBag from /home/airflow/.local/lib/python3.7/site-packages/airflow/example_dags/example_nested_branch_dag.py
[2024-07-06T14:16:20.079+0000] {processor.py:836} INFO - DAG(s) dict_keys(['example_nested_branch_dag']) retrieved from /home/airflow/.local/lib/python3.7/site-packages/airflow/example_dags/example_nested_branch_dag.py
[2024-07-06T14:16:20.109+0000] {logging_mixin.py:150} INFO - [2024-07-06T14:16:20.109+0000] {dag.py:2742} INFO - Sync 1 DAGs
[2024-07-06T14:16:20.139+0000] {logging_mixin.py:150} INFO - [2024-07-06T14:16:20.139+0000] {dag.py:3508} INFO - Setting next_dagrun for example_nested_branch_dag to 2024-07-05T00:00:00+00:00, run_after=2024-07-06T00:00:00+00:00
[2024-07-06T14:16:20.158+0000] {processor.py:179} INFO - Processing /home/airflow/.local/lib/python3.7/site-packages/airflow/example_dags/example_nested_branch_dag.py took 0.097 seconds
[2024-07-06T14:16:50.516+0000] {processor.py:157} INFO - Started process (PID=808) to work on /home/airflow/.local/lib/python3.7/site-packages/airflow/example_dags/example_nested_branch_dag.py
[2024-07-06T14:16:50.519+0000] {processor.py:826} INFO - Processing file /home/airflow/.local/lib/python3.7/site-packages/airflow/example_dags/example_nested_branch_dag.py for tasks to queue
[2024-07-06T14:16:50.520+0000] {logging_mixin.py:150} INFO - [2024-07-06T14:16:50.520+0000] {dagbag.py:541} INFO - Filling up the DagBag from /home/airflow/.local/lib/python3.7/site-packages/airflow/example_dags/example_nested_branch_dag.py
[2024-07-06T14:16:50.528+0000] {processor.py:836} INFO - DAG(s) dict_keys(['example_nested_branch_dag']) retrieved from /home/airflow/.local/lib/python3.7/site-packages/airflow/example_dags/example_nested_branch_dag.py
[2024-07-06T14:16:50.563+0000] {logging_mixin.py:150} INFO - [2024-07-06T14:16:50.562+0000] {dag.py:2742} INFO - Sync 1 DAGs
[2024-07-06T14:16:50.585+0000] {logging_mixin.py:150} INFO - [2024-07-06T14:16:50.585+0000] {dag.py:3508} INFO - Setting next_dagrun for example_nested_branch_dag to 2024-07-05T00:00:00+00:00, run_after=2024-07-06T00:00:00+00:00
[2024-07-06T14:16:50.602+0000] {processor.py:179} INFO - Processing /home/airflow/.local/lib/python3.7/site-packages/airflow/example_dags/example_nested_branch_dag.py took 0.089 seconds
[2024-07-06T14:17:20.894+0000] {processor.py:157} INFO - Started process (PID=871) to work on /home/airflow/.local/lib/python3.7/site-packages/airflow/example_dags/example_nested_branch_dag.py
[2024-07-06T14:17:20.896+0000] {processor.py:826} INFO - Processing file /home/airflow/.local/lib/python3.7/site-packages/airflow/example_dags/example_nested_branch_dag.py for tasks to queue
[2024-07-06T14:17:20.897+0000] {logging_mixin.py:150} INFO - [2024-07-06T14:17:20.897+0000] {dagbag.py:541} INFO - Filling up the DagBag from /home/airflow/.local/lib/python3.7/site-packages/airflow/example_dags/example_nested_branch_dag.py
[2024-07-06T14:17:20.905+0000] {processor.py:836} INFO - DAG(s) dict_keys(['example_nested_branch_dag']) retrieved from /home/airflow/.local/lib/python3.7/site-packages/airflow/example_dags/example_nested_branch_dag.py
[2024-07-06T14:17:20.927+0000] {logging_mixin.py:150} INFO - [2024-07-06T14:17:20.927+0000] {dag.py:2742} INFO - Sync 1 DAGs
[2024-07-06T14:17:20.944+0000] {logging_mixin.py:150} INFO - [2024-07-06T14:17:20.944+0000] {dag.py:3508} INFO - Setting next_dagrun for example_nested_branch_dag to 2024-07-05T00:00:00+00:00, run_after=2024-07-06T00:00:00+00:00
[2024-07-06T14:17:20.956+0000] {processor.py:179} INFO - Processing /home/airflow/.local/lib/python3.7/site-packages/airflow/example_dags/example_nested_branch_dag.py took 0.065 seconds
[2024-07-06T14:17:51.141+0000] {processor.py:157} INFO - Started process (PID=933) to work on /home/airflow/.local/lib/python3.7/site-packages/airflow/example_dags/example_nested_branch_dag.py
[2024-07-06T14:17:51.143+0000] {processor.py:826} INFO - Processing file /home/airflow/.local/lib/python3.7/site-packages/airflow/example_dags/example_nested_branch_dag.py for tasks to queue
[2024-07-06T14:17:51.144+0000] {logging_mixin.py:150} INFO - [2024-07-06T14:17:51.144+0000] {dagbag.py:541} INFO - Filling up the DagBag from /home/airflow/.local/lib/python3.7/site-packages/airflow/example_dags/example_nested_branch_dag.py
[2024-07-06T14:17:51.153+0000] {processor.py:836} INFO - DAG(s) dict_keys(['example_nested_branch_dag']) retrieved from /home/airflow/.local/lib/python3.7/site-packages/airflow/example_dags/example_nested_branch_dag.py
[2024-07-06T14:17:51.176+0000] {logging_mixin.py:150} INFO - [2024-07-06T14:17:51.175+0000] {dag.py:2742} INFO - Sync 1 DAGs
[2024-07-06T14:17:51.193+0000] {logging_mixin.py:150} INFO - [2024-07-06T14:17:51.193+0000] {dag.py:3508} INFO - Setting next_dagrun for example_nested_branch_dag to 2024-07-05T00:00:00+00:00, run_after=2024-07-06T00:00:00+00:00
[2024-07-06T14:17:51.206+0000] {processor.py:179} INFO - Processing /home/airflow/.local/lib/python3.7/site-packages/airflow/example_dags/example_nested_branch_dag.py took 0.069 seconds
[2024-07-06T14:18:21.475+0000] {processor.py:157} INFO - Started process (PID=996) to work on /home/airflow/.local/lib/python3.7/site-packages/airflow/example_dags/example_nested_branch_dag.py
[2024-07-06T14:18:21.477+0000] {processor.py:826} INFO - Processing file /home/airflow/.local/lib/python3.7/site-packages/airflow/example_dags/example_nested_branch_dag.py for tasks to queue
[2024-07-06T14:18:21.478+0000] {logging_mixin.py:150} INFO - [2024-07-06T14:18:21.478+0000] {dagbag.py:541} INFO - Filling up the DagBag from /home/airflow/.local/lib/python3.7/site-packages/airflow/example_dags/example_nested_branch_dag.py
[2024-07-06T14:18:21.489+0000] {processor.py:836} INFO - DAG(s) dict_keys(['example_nested_branch_dag']) retrieved from /home/airflow/.local/lib/python3.7/site-packages/airflow/example_dags/example_nested_branch_dag.py
[2024-07-06T14:18:21.514+0000] {logging_mixin.py:150} INFO - [2024-07-06T14:18:21.514+0000] {dag.py:2742} INFO - Sync 1 DAGs
[2024-07-06T14:18:21.532+0000] {logging_mixin.py:150} INFO - [2024-07-06T14:18:21.532+0000] {dag.py:3508} INFO - Setting next_dagrun for example_nested_branch_dag to 2024-07-05T00:00:00+00:00, run_after=2024-07-06T00:00:00+00:00
[2024-07-06T14:18:21.545+0000] {processor.py:179} INFO - Processing /home/airflow/.local/lib/python3.7/site-packages/airflow/example_dags/example_nested_branch_dag.py took 0.073 seconds
[2024-07-06T14:18:51.924+0000] {processor.py:157} INFO - Started process (PID=1059) to work on /home/airflow/.local/lib/python3.7/site-packages/airflow/example_dags/example_nested_branch_dag.py
[2024-07-06T14:18:51.926+0000] {processor.py:826} INFO - Processing file /home/airflow/.local/lib/python3.7/site-packages/airflow/example_dags/example_nested_branch_dag.py for tasks to queue
[2024-07-06T14:18:51.927+0000] {logging_mixin.py:150} INFO - [2024-07-06T14:18:51.927+0000] {dagbag.py:541} INFO - Filling up the DagBag from /home/airflow/.local/lib/python3.7/site-packages/airflow/example_dags/example_nested_branch_dag.py
[2024-07-06T14:18:51.936+0000] {processor.py:836} INFO - DAG(s) dict_keys(['example_nested_branch_dag']) retrieved from /home/airflow/.local/lib/python3.7/site-packages/airflow/example_dags/example_nested_branch_dag.py
[2024-07-06T14:18:51.959+0000] {logging_mixin.py:150} INFO - [2024-07-06T14:18:51.959+0000] {dag.py:2742} INFO - Sync 1 DAGs
[2024-07-06T14:18:51.978+0000] {logging_mixin.py:150} INFO - [2024-07-06T14:18:51.978+0000] {dag.py:3508} INFO - Setting next_dagrun for example_nested_branch_dag to 2024-07-05T00:00:00+00:00, run_after=2024-07-06T00:00:00+00:00
[2024-07-06T14:18:51.991+0000] {processor.py:179} INFO - Processing /home/airflow/.local/lib/python3.7/site-packages/airflow/example_dags/example_nested_branch_dag.py took 0.071 seconds
[2024-07-06T14:19:22.165+0000] {processor.py:157} INFO - Started process (PID=1122) to work on /home/airflow/.local/lib/python3.7/site-packages/airflow/example_dags/example_nested_branch_dag.py
[2024-07-06T14:19:22.167+0000] {processor.py:826} INFO - Processing file /home/airflow/.local/lib/python3.7/site-packages/airflow/example_dags/example_nested_branch_dag.py for tasks to queue
[2024-07-06T14:19:22.169+0000] {logging_mixin.py:150} INFO - [2024-07-06T14:19:22.169+0000] {dagbag.py:541} INFO - Filling up the DagBag from /home/airflow/.local/lib/python3.7/site-packages/airflow/example_dags/example_nested_branch_dag.py
[2024-07-06T14:19:22.176+0000] {processor.py:836} INFO - DAG(s) dict_keys(['example_nested_branch_dag']) retrieved from /home/airflow/.local/lib/python3.7/site-packages/airflow/example_dags/example_nested_branch_dag.py
[2024-07-06T14:19:22.199+0000] {logging_mixin.py:150} INFO - [2024-07-06T14:19:22.199+0000] {dag.py:2742} INFO - Sync 1 DAGs
[2024-07-06T14:19:22.219+0000] {logging_mixin.py:150} INFO - [2024-07-06T14:19:22.218+0000] {dag.py:3508} INFO - Setting next_dagrun for example_nested_branch_dag to 2024-07-05T00:00:00+00:00, run_after=2024-07-06T00:00:00+00:00
[2024-07-06T14:19:22.234+0000] {processor.py:179} INFO - Processing /home/airflow/.local/lib/python3.7/site-packages/airflow/example_dags/example_nested_branch_dag.py took 0.075 seconds
[2024-07-06T14:19:52.314+0000] {processor.py:157} INFO - Started process (PID=1185) to work on /home/airflow/.local/lib/python3.7/site-packages/airflow/example_dags/example_nested_branch_dag.py
[2024-07-06T14:19:52.316+0000] {processor.py:826} INFO - Processing file /home/airflow/.local/lib/python3.7/site-packages/airflow/example_dags/example_nested_branch_dag.py for tasks to queue
[2024-07-06T14:19:52.318+0000] {logging_mixin.py:150} INFO - [2024-07-06T14:19:52.318+0000] {dagbag.py:541} INFO - Filling up the DagBag from /home/airflow/.local/lib/python3.7/site-packages/airflow/example_dags/example_nested_branch_dag.py
[2024-07-06T14:19:52.326+0000] {processor.py:836} INFO - DAG(s) dict_keys(['example_nested_branch_dag']) retrieved from /home/airflow/.local/lib/python3.7/site-packages/airflow/example_dags/example_nested_branch_dag.py
[2024-07-06T14:19:52.347+0000] {logging_mixin.py:150} INFO - [2024-07-06T14:19:52.347+0000] {dag.py:2742} INFO - Sync 1 DAGs
[2024-07-06T14:19:52.365+0000] {logging_mixin.py:150} INFO - [2024-07-06T14:19:52.364+0000] {dag.py:3508} INFO - Setting next_dagrun for example_nested_branch_dag to 2024-07-05T00:00:00+00:00, run_after=2024-07-06T00:00:00+00:00
[2024-07-06T14:19:52.377+0000] {processor.py:179} INFO - Processing /home/airflow/.local/lib/python3.7/site-packages/airflow/example_dags/example_nested_branch_dag.py took 0.065 seconds
[2024-07-06T14:20:22.877+0000] {processor.py:157} INFO - Started process (PID=1247) to work on /home/airflow/.local/lib/python3.7/site-packages/airflow/example_dags/example_nested_branch_dag.py
[2024-07-06T14:20:22.879+0000] {processor.py:826} INFO - Processing file /home/airflow/.local/lib/python3.7/site-packages/airflow/example_dags/example_nested_branch_dag.py for tasks to queue
[2024-07-06T14:20:22.880+0000] {logging_mixin.py:150} INFO - [2024-07-06T14:20:22.880+0000] {dagbag.py:541} INFO - Filling up the DagBag from /home/airflow/.local/lib/python3.7/site-packages/airflow/example_dags/example_nested_branch_dag.py
[2024-07-06T14:20:22.888+0000] {processor.py:836} INFO - DAG(s) dict_keys(['example_nested_branch_dag']) retrieved from /home/airflow/.local/lib/python3.7/site-packages/airflow/example_dags/example_nested_branch_dag.py
[2024-07-06T14:20:22.909+0000] {logging_mixin.py:150} INFO - [2024-07-06T14:20:22.909+0000] {dag.py:2742} INFO - Sync 1 DAGs
[2024-07-06T14:20:22.933+0000] {logging_mixin.py:150} INFO - [2024-07-06T14:20:22.933+0000] {dag.py:3508} INFO - Setting next_dagrun for example_nested_branch_dag to 2024-07-05T00:00:00+00:00, run_after=2024-07-06T00:00:00+00:00
[2024-07-06T14:20:22.947+0000] {processor.py:179} INFO - Processing /home/airflow/.local/lib/python3.7/site-packages/airflow/example_dags/example_nested_branch_dag.py took 0.073 seconds
[2024-07-06T14:20:53.442+0000] {processor.py:157} INFO - Started process (PID=1310) to work on /home/airflow/.local/lib/python3.7/site-packages/airflow/example_dags/example_nested_branch_dag.py
[2024-07-06T14:20:53.443+0000] {processor.py:826} INFO - Processing file /home/airflow/.local/lib/python3.7/site-packages/airflow/example_dags/example_nested_branch_dag.py for tasks to queue
[2024-07-06T14:20:53.445+0000] {logging_mixin.py:150} INFO - [2024-07-06T14:20:53.445+0000] {dagbag.py:541} INFO - Filling up the DagBag from /home/airflow/.local/lib/python3.7/site-packages/airflow/example_dags/example_nested_branch_dag.py
[2024-07-06T14:20:53.454+0000] {processor.py:836} INFO - DAG(s) dict_keys(['example_nested_branch_dag']) retrieved from /home/airflow/.local/lib/python3.7/site-packages/airflow/example_dags/example_nested_branch_dag.py
[2024-07-06T14:20:53.481+0000] {logging_mixin.py:150} INFO - [2024-07-06T14:20:53.481+0000] {dag.py:2742} INFO - Sync 1 DAGs
[2024-07-06T14:20:53.506+0000] {logging_mixin.py:150} INFO - [2024-07-06T14:20:53.506+0000] {dag.py:3508} INFO - Setting next_dagrun for example_nested_branch_dag to 2024-07-05T00:00:00+00:00, run_after=2024-07-06T00:00:00+00:00
[2024-07-06T14:20:53.522+0000] {processor.py:179} INFO - Processing /home/airflow/.local/lib/python3.7/site-packages/airflow/example_dags/example_nested_branch_dag.py took 0.083 seconds
[2024-07-06T14:21:24.021+0000] {processor.py:157} INFO - Started process (PID=1373) to work on /home/airflow/.local/lib/python3.7/site-packages/airflow/example_dags/example_nested_branch_dag.py
[2024-07-06T14:21:24.023+0000] {processor.py:826} INFO - Processing file /home/airflow/.local/lib/python3.7/site-packages/airflow/example_dags/example_nested_branch_dag.py for tasks to queue
[2024-07-06T14:21:24.024+0000] {logging_mixin.py:150} INFO - [2024-07-06T14:21:24.024+0000] {dagbag.py:541} INFO - Filling up the DagBag from /home/airflow/.local/lib/python3.7/site-packages/airflow/example_dags/example_nested_branch_dag.py
[2024-07-06T14:21:24.032+0000] {processor.py:836} INFO - DAG(s) dict_keys(['example_nested_branch_dag']) retrieved from /home/airflow/.local/lib/python3.7/site-packages/airflow/example_dags/example_nested_branch_dag.py
[2024-07-06T14:21:24.055+0000] {logging_mixin.py:150} INFO - [2024-07-06T14:21:24.054+0000] {dag.py:2742} INFO - Sync 1 DAGs
[2024-07-06T14:21:24.077+0000] {logging_mixin.py:150} INFO - [2024-07-06T14:21:24.077+0000] {dag.py:3508} INFO - Setting next_dagrun for example_nested_branch_dag to 2024-07-05T00:00:00+00:00, run_after=2024-07-06T00:00:00+00:00
[2024-07-06T14:21:24.092+0000] {processor.py:179} INFO - Processing /home/airflow/.local/lib/python3.7/site-packages/airflow/example_dags/example_nested_branch_dag.py took 0.074 seconds
[2024-07-06T14:21:54.513+0000] {processor.py:157} INFO - Started process (PID=1436) to work on /home/airflow/.local/lib/python3.7/site-packages/airflow/example_dags/example_nested_branch_dag.py
[2024-07-06T14:21:54.515+0000] {processor.py:826} INFO - Processing file /home/airflow/.local/lib/python3.7/site-packages/airflow/example_dags/example_nested_branch_dag.py for tasks to queue
[2024-07-06T14:21:54.517+0000] {logging_mixin.py:150} INFO - [2024-07-06T14:21:54.516+0000] {dagbag.py:541} INFO - Filling up the DagBag from /home/airflow/.local/lib/python3.7/site-packages/airflow/example_dags/example_nested_branch_dag.py
[2024-07-06T14:21:54.524+0000] {processor.py:836} INFO - DAG(s) dict_keys(['example_nested_branch_dag']) retrieved from /home/airflow/.local/lib/python3.7/site-packages/airflow/example_dags/example_nested_branch_dag.py
[2024-07-06T14:21:54.545+0000] {logging_mixin.py:150} INFO - [2024-07-06T14:21:54.545+0000] {dag.py:2742} INFO - Sync 1 DAGs
[2024-07-06T14:21:54.561+0000] {logging_mixin.py:150} INFO - [2024-07-06T14:21:54.561+0000] {dag.py:3508} INFO - Setting next_dagrun for example_nested_branch_dag to 2024-07-05T00:00:00+00:00, run_after=2024-07-06T00:00:00+00:00
[2024-07-06T14:21:54.572+0000] {processor.py:179} INFO - Processing /home/airflow/.local/lib/python3.7/site-packages/airflow/example_dags/example_nested_branch_dag.py took 0.061 seconds
[2024-07-06T14:22:24.778+0000] {processor.py:157} INFO - Started process (PID=1499) to work on /home/airflow/.local/lib/python3.7/site-packages/airflow/example_dags/example_nested_branch_dag.py
[2024-07-06T14:22:24.780+0000] {processor.py:826} INFO - Processing file /home/airflow/.local/lib/python3.7/site-packages/airflow/example_dags/example_nested_branch_dag.py for tasks to queue
[2024-07-06T14:22:24.781+0000] {logging_mixin.py:150} INFO - [2024-07-06T14:22:24.781+0000] {dagbag.py:541} INFO - Filling up the DagBag from /home/airflow/.local/lib/python3.7/site-packages/airflow/example_dags/example_nested_branch_dag.py
[2024-07-06T14:22:24.790+0000] {processor.py:836} INFO - DAG(s) dict_keys(['example_nested_branch_dag']) retrieved from /home/airflow/.local/lib/python3.7/site-packages/airflow/example_dags/example_nested_branch_dag.py
[2024-07-06T14:22:24.814+0000] {logging_mixin.py:150} INFO - [2024-07-06T14:22:24.814+0000] {dag.py:2742} INFO - Sync 1 DAGs
[2024-07-06T14:22:24.834+0000] {logging_mixin.py:150} INFO - [2024-07-06T14:22:24.834+0000] {dag.py:3508} INFO - Setting next_dagrun for example_nested_branch_dag to 2024-07-05T00:00:00+00:00, run_after=2024-07-06T00:00:00+00:00
[2024-07-06T14:22:24.853+0000] {processor.py:179} INFO - Processing /home/airflow/.local/lib/python3.7/site-packages/airflow/example_dags/example_nested_branch_dag.py took 0.078 seconds
[2024-07-06T14:22:55.209+0000] {processor.py:157} INFO - Started process (PID=1562) to work on /home/airflow/.local/lib/python3.7/site-packages/airflow/example_dags/example_nested_branch_dag.py
[2024-07-06T14:22:55.211+0000] {processor.py:826} INFO - Processing file /home/airflow/.local/lib/python3.7/site-packages/airflow/example_dags/example_nested_branch_dag.py for tasks to queue
[2024-07-06T14:22:55.212+0000] {logging_mixin.py:150} INFO - [2024-07-06T14:22:55.212+0000] {dagbag.py:541} INFO - Filling up the DagBag from /home/airflow/.local/lib/python3.7/site-packages/airflow/example_dags/example_nested_branch_dag.py
[2024-07-06T14:22:55.219+0000] {processor.py:836} INFO - DAG(s) dict_keys(['example_nested_branch_dag']) retrieved from /home/airflow/.local/lib/python3.7/site-packages/airflow/example_dags/example_nested_branch_dag.py
[2024-07-06T14:22:55.244+0000] {logging_mixin.py:150} INFO - [2024-07-06T14:22:55.244+0000] {dag.py:2742} INFO - Sync 1 DAGs
[2024-07-06T14:22:55.264+0000] {logging_mixin.py:150} INFO - [2024-07-06T14:22:55.264+0000] {dag.py:3508} INFO - Setting next_dagrun for example_nested_branch_dag to 2024-07-05T00:00:00+00:00, run_after=2024-07-06T00:00:00+00:00
[2024-07-06T14:22:55.280+0000] {processor.py:179} INFO - Processing /home/airflow/.local/lib/python3.7/site-packages/airflow/example_dags/example_nested_branch_dag.py took 0.074 seconds
[2024-07-06T14:23:25.410+0000] {processor.py:157} INFO - Started process (PID=1625) to work on /home/airflow/.local/lib/python3.7/site-packages/airflow/example_dags/example_nested_branch_dag.py
[2024-07-06T14:23:25.412+0000] {processor.py:826} INFO - Processing file /home/airflow/.local/lib/python3.7/site-packages/airflow/example_dags/example_nested_branch_dag.py for tasks to queue
[2024-07-06T14:23:25.413+0000] {logging_mixin.py:150} INFO - [2024-07-06T14:23:25.413+0000] {dagbag.py:541} INFO - Filling up the DagBag from /home/airflow/.local/lib/python3.7/site-packages/airflow/example_dags/example_nested_branch_dag.py
[2024-07-06T14:23:25.423+0000] {processor.py:836} INFO - DAG(s) dict_keys(['example_nested_branch_dag']) retrieved from /home/airflow/.local/lib/python3.7/site-packages/airflow/example_dags/example_nested_branch_dag.py
[2024-07-06T14:23:25.447+0000] {logging_mixin.py:150} INFO - [2024-07-06T14:23:25.447+0000] {dag.py:2742} INFO - Sync 1 DAGs
[2024-07-06T14:23:25.472+0000] {logging_mixin.py:150} INFO - [2024-07-06T14:23:25.472+0000] {dag.py:3508} INFO - Setting next_dagrun for example_nested_branch_dag to 2024-07-05T00:00:00+00:00, run_after=2024-07-06T00:00:00+00:00
[2024-07-06T14:23:25.491+0000] {processor.py:179} INFO - Processing /home/airflow/.local/lib/python3.7/site-packages/airflow/example_dags/example_nested_branch_dag.py took 0.084 seconds
[2024-07-06T14:23:55.993+0000] {processor.py:157} INFO - Started process (PID=1688) to work on /home/airflow/.local/lib/python3.7/site-packages/airflow/example_dags/example_nested_branch_dag.py
[2024-07-06T14:23:55.995+0000] {processor.py:826} INFO - Processing file /home/airflow/.local/lib/python3.7/site-packages/airflow/example_dags/example_nested_branch_dag.py for tasks to queue
[2024-07-06T14:23:56.000+0000] {logging_mixin.py:150} INFO - [2024-07-06T14:23:56.000+0000] {dagbag.py:541} INFO - Filling up the DagBag from /home/airflow/.local/lib/python3.7/site-packages/airflow/example_dags/example_nested_branch_dag.py
[2024-07-06T14:23:56.010+0000] {processor.py:836} INFO - DAG(s) dict_keys(['example_nested_branch_dag']) retrieved from /home/airflow/.local/lib/python3.7/site-packages/airflow/example_dags/example_nested_branch_dag.py
[2024-07-06T14:23:56.042+0000] {logging_mixin.py:150} INFO - [2024-07-06T14:23:56.042+0000] {dag.py:2742} INFO - Sync 1 DAGs
[2024-07-06T14:23:56.063+0000] {logging_mixin.py:150} INFO - [2024-07-06T14:23:56.063+0000] {dag.py:3508} INFO - Setting next_dagrun for example_nested_branch_dag to 2024-07-05T00:00:00+00:00, run_after=2024-07-06T00:00:00+00:00
[2024-07-06T14:23:56.080+0000] {processor.py:179} INFO - Processing /home/airflow/.local/lib/python3.7/site-packages/airflow/example_dags/example_nested_branch_dag.py took 0.090 seconds
[2024-07-06T14:24:26.446+0000] {processor.py:157} INFO - Started process (PID=1751) to work on /home/airflow/.local/lib/python3.7/site-packages/airflow/example_dags/example_nested_branch_dag.py
[2024-07-06T14:24:26.448+0000] {processor.py:826} INFO - Processing file /home/airflow/.local/lib/python3.7/site-packages/airflow/example_dags/example_nested_branch_dag.py for tasks to queue
[2024-07-06T14:24:26.450+0000] {logging_mixin.py:150} INFO - [2024-07-06T14:24:26.449+0000] {dagbag.py:541} INFO - Filling up the DagBag from /home/airflow/.local/lib/python3.7/site-packages/airflow/example_dags/example_nested_branch_dag.py
[2024-07-06T14:24:26.459+0000] {processor.py:836} INFO - DAG(s) dict_keys(['example_nested_branch_dag']) retrieved from /home/airflow/.local/lib/python3.7/site-packages/airflow/example_dags/example_nested_branch_dag.py
[2024-07-06T14:24:26.481+0000] {logging_mixin.py:150} INFO - [2024-07-06T14:24:26.481+0000] {dag.py:2742} INFO - Sync 1 DAGs
[2024-07-06T14:24:26.500+0000] {logging_mixin.py:150} INFO - [2024-07-06T14:24:26.500+0000] {dag.py:3508} INFO - Setting next_dagrun for example_nested_branch_dag to 2024-07-05T00:00:00+00:00, run_after=2024-07-06T00:00:00+00:00
[2024-07-06T14:24:26.515+0000] {processor.py:179} INFO - Processing /home/airflow/.local/lib/python3.7/site-packages/airflow/example_dags/example_nested_branch_dag.py took 0.071 seconds
[2024-07-06T14:24:57.452+0000] {processor.py:157} INFO - Started process (PID=1814) to work on /home/airflow/.local/lib/python3.7/site-packages/airflow/example_dags/example_nested_branch_dag.py
[2024-07-06T14:24:57.455+0000] {processor.py:826} INFO - Processing file /home/airflow/.local/lib/python3.7/site-packages/airflow/example_dags/example_nested_branch_dag.py for tasks to queue
[2024-07-06T14:24:57.456+0000] {logging_mixin.py:150} INFO - [2024-07-06T14:24:57.456+0000] {dagbag.py:541} INFO - Filling up the DagBag from /home/airflow/.local/lib/python3.7/site-packages/airflow/example_dags/example_nested_branch_dag.py
[2024-07-06T14:24:57.463+0000] {processor.py:836} INFO - DAG(s) dict_keys(['example_nested_branch_dag']) retrieved from /home/airflow/.local/lib/python3.7/site-packages/airflow/example_dags/example_nested_branch_dag.py
[2024-07-06T14:24:57.485+0000] {logging_mixin.py:150} INFO - [2024-07-06T14:24:57.485+0000] {dag.py:2742} INFO - Sync 1 DAGs
[2024-07-06T14:24:57.505+0000] {logging_mixin.py:150} INFO - [2024-07-06T14:24:57.505+0000] {dag.py:3508} INFO - Setting next_dagrun for example_nested_branch_dag to 2024-07-05T00:00:00+00:00, run_after=2024-07-06T00:00:00+00:00
[2024-07-06T14:24:57.522+0000] {processor.py:179} INFO - Processing /home/airflow/.local/lib/python3.7/site-packages/airflow/example_dags/example_nested_branch_dag.py took 0.073 seconds
[2024-07-06T14:25:27.770+0000] {processor.py:157} INFO - Started process (PID=1878) to work on /home/airflow/.local/lib/python3.7/site-packages/airflow/example_dags/example_nested_branch_dag.py
[2024-07-06T14:25:27.772+0000] {processor.py:826} INFO - Processing file /home/airflow/.local/lib/python3.7/site-packages/airflow/example_dags/example_nested_branch_dag.py for tasks to queue
[2024-07-06T14:25:27.774+0000] {logging_mixin.py:150} INFO - [2024-07-06T14:25:27.774+0000] {dagbag.py:541} INFO - Filling up the DagBag from /home/airflow/.local/lib/python3.7/site-packages/airflow/example_dags/example_nested_branch_dag.py
[2024-07-06T14:25:27.785+0000] {processor.py:836} INFO - DAG(s) dict_keys(['example_nested_branch_dag']) retrieved from /home/airflow/.local/lib/python3.7/site-packages/airflow/example_dags/example_nested_branch_dag.py
[2024-07-06T14:25:27.817+0000] {logging_mixin.py:150} INFO - [2024-07-06T14:25:27.816+0000] {dag.py:2742} INFO - Sync 1 DAGs
[2024-07-06T14:25:27.840+0000] {logging_mixin.py:150} INFO - [2024-07-06T14:25:27.840+0000] {dag.py:3508} INFO - Setting next_dagrun for example_nested_branch_dag to 2024-07-05T00:00:00+00:00, run_after=2024-07-06T00:00:00+00:00
[2024-07-06T14:25:27.854+0000] {processor.py:179} INFO - Processing /home/airflow/.local/lib/python3.7/site-packages/airflow/example_dags/example_nested_branch_dag.py took 0.087 seconds
[2024-07-06T14:25:58.567+0000] {processor.py:157} INFO - Started process (PID=1940) to work on /home/airflow/.local/lib/python3.7/site-packages/airflow/example_dags/example_nested_branch_dag.py
[2024-07-06T14:25:58.569+0000] {processor.py:826} INFO - Processing file /home/airflow/.local/lib/python3.7/site-packages/airflow/example_dags/example_nested_branch_dag.py for tasks to queue
[2024-07-06T14:25:58.571+0000] {logging_mixin.py:150} INFO - [2024-07-06T14:25:58.570+0000] {dagbag.py:541} INFO - Filling up the DagBag from /home/airflow/.local/lib/python3.7/site-packages/airflow/example_dags/example_nested_branch_dag.py
[2024-07-06T14:25:58.578+0000] {processor.py:836} INFO - DAG(s) dict_keys(['example_nested_branch_dag']) retrieved from /home/airflow/.local/lib/python3.7/site-packages/airflow/example_dags/example_nested_branch_dag.py
[2024-07-06T14:25:58.601+0000] {logging_mixin.py:150} INFO - [2024-07-06T14:25:58.601+0000] {dag.py:2742} INFO - Sync 1 DAGs
[2024-07-06T14:25:58.625+0000] {logging_mixin.py:150} INFO - [2024-07-06T14:25:58.625+0000] {dag.py:3508} INFO - Setting next_dagrun for example_nested_branch_dag to 2024-07-05T00:00:00+00:00, run_after=2024-07-06T00:00:00+00:00
[2024-07-06T14:25:58.637+0000] {processor.py:179} INFO - Processing /home/airflow/.local/lib/python3.7/site-packages/airflow/example_dags/example_nested_branch_dag.py took 0.072 seconds
[2024-07-06T14:26:29.355+0000] {processor.py:157} INFO - Started process (PID=2004) to work on /home/airflow/.local/lib/python3.7/site-packages/airflow/example_dags/example_nested_branch_dag.py
[2024-07-06T14:26:29.357+0000] {processor.py:826} INFO - Processing file /home/airflow/.local/lib/python3.7/site-packages/airflow/example_dags/example_nested_branch_dag.py for tasks to queue
[2024-07-06T14:26:29.359+0000] {logging_mixin.py:150} INFO - [2024-07-06T14:26:29.359+0000] {dagbag.py:541} INFO - Filling up the DagBag from /home/airflow/.local/lib/python3.7/site-packages/airflow/example_dags/example_nested_branch_dag.py
[2024-07-06T14:26:29.367+0000] {processor.py:836} INFO - DAG(s) dict_keys(['example_nested_branch_dag']) retrieved from /home/airflow/.local/lib/python3.7/site-packages/airflow/example_dags/example_nested_branch_dag.py
[2024-07-06T14:26:29.389+0000] {logging_mixin.py:150} INFO - [2024-07-06T14:26:29.389+0000] {dag.py:2742} INFO - Sync 1 DAGs
[2024-07-06T14:26:29.411+0000] {logging_mixin.py:150} INFO - [2024-07-06T14:26:29.411+0000] {dag.py:3508} INFO - Setting next_dagrun for example_nested_branch_dag to 2024-07-05T00:00:00+00:00, run_after=2024-07-06T00:00:00+00:00
[2024-07-06T14:26:29.427+0000] {processor.py:179} INFO - Processing /home/airflow/.local/lib/python3.7/site-packages/airflow/example_dags/example_nested_branch_dag.py took 0.075 seconds
[2024-07-06T14:26:59.724+0000] {processor.py:157} INFO - Started process (PID=2067) to work on /home/airflow/.local/lib/python3.7/site-packages/airflow/example_dags/example_nested_branch_dag.py
[2024-07-06T14:26:59.726+0000] {processor.py:826} INFO - Processing file /home/airflow/.local/lib/python3.7/site-packages/airflow/example_dags/example_nested_branch_dag.py for tasks to queue
[2024-07-06T14:26:59.728+0000] {logging_mixin.py:150} INFO - [2024-07-06T14:26:59.727+0000] {dagbag.py:541} INFO - Filling up the DagBag from /home/airflow/.local/lib/python3.7/site-packages/airflow/example_dags/example_nested_branch_dag.py
[2024-07-06T14:26:59.736+0000] {processor.py:836} INFO - DAG(s) dict_keys(['example_nested_branch_dag']) retrieved from /home/airflow/.local/lib/python3.7/site-packages/airflow/example_dags/example_nested_branch_dag.py
[2024-07-06T14:26:59.760+0000] {logging_mixin.py:150} INFO - [2024-07-06T14:26:59.760+0000] {dag.py:2742} INFO - Sync 1 DAGs
[2024-07-06T14:26:59.778+0000] {logging_mixin.py:150} INFO - [2024-07-06T14:26:59.777+0000] {dag.py:3508} INFO - Setting next_dagrun for example_nested_branch_dag to 2024-07-05T00:00:00+00:00, run_after=2024-07-06T00:00:00+00:00
[2024-07-06T14:26:59.790+0000] {processor.py:179} INFO - Processing /home/airflow/.local/lib/python3.7/site-packages/airflow/example_dags/example_nested_branch_dag.py took 0.069 seconds
[2024-07-06T14:27:30.154+0000] {processor.py:157} INFO - Started process (PID=2129) to work on /home/airflow/.local/lib/python3.7/site-packages/airflow/example_dags/example_nested_branch_dag.py
[2024-07-06T14:27:30.157+0000] {processor.py:826} INFO - Processing file /home/airflow/.local/lib/python3.7/site-packages/airflow/example_dags/example_nested_branch_dag.py for tasks to queue
[2024-07-06T14:27:30.158+0000] {logging_mixin.py:150} INFO - [2024-07-06T14:27:30.158+0000] {dagbag.py:541} INFO - Filling up the DagBag from /home/airflow/.local/lib/python3.7/site-packages/airflow/example_dags/example_nested_branch_dag.py
[2024-07-06T14:27:30.165+0000] {processor.py:836} INFO - DAG(s) dict_keys(['example_nested_branch_dag']) retrieved from /home/airflow/.local/lib/python3.7/site-packages/airflow/example_dags/example_nested_branch_dag.py
[2024-07-06T14:27:30.187+0000] {logging_mixin.py:150} INFO - [2024-07-06T14:27:30.186+0000] {dag.py:2742} INFO - Sync 1 DAGs
[2024-07-06T14:27:30.207+0000] {logging_mixin.py:150} INFO - [2024-07-06T14:27:30.207+0000] {dag.py:3508} INFO - Setting next_dagrun for example_nested_branch_dag to 2024-07-05T00:00:00+00:00, run_after=2024-07-06T00:00:00+00:00
[2024-07-06T14:27:30.220+0000] {processor.py:179} INFO - Processing /home/airflow/.local/lib/python3.7/site-packages/airflow/example_dags/example_nested_branch_dag.py took 0.068 seconds
[2024-07-06T14:28:00.815+0000] {processor.py:157} INFO - Started process (PID=2197) to work on /home/airflow/.local/lib/python3.7/site-packages/airflow/example_dags/example_nested_branch_dag.py
[2024-07-06T14:28:00.817+0000] {processor.py:826} INFO - Processing file /home/airflow/.local/lib/python3.7/site-packages/airflow/example_dags/example_nested_branch_dag.py for tasks to queue
[2024-07-06T14:28:00.818+0000] {logging_mixin.py:150} INFO - [2024-07-06T14:28:00.818+0000] {dagbag.py:541} INFO - Filling up the DagBag from /home/airflow/.local/lib/python3.7/site-packages/airflow/example_dags/example_nested_branch_dag.py
[2024-07-06T14:28:00.826+0000] {processor.py:836} INFO - DAG(s) dict_keys(['example_nested_branch_dag']) retrieved from /home/airflow/.local/lib/python3.7/site-packages/airflow/example_dags/example_nested_branch_dag.py
[2024-07-06T14:28:00.850+0000] {logging_mixin.py:150} INFO - [2024-07-06T14:28:00.850+0000] {dag.py:2742} INFO - Sync 1 DAGs
[2024-07-06T14:28:00.872+0000] {logging_mixin.py:150} INFO - [2024-07-06T14:28:00.871+0000] {dag.py:3508} INFO - Setting next_dagrun for example_nested_branch_dag to 2024-07-05T00:00:00+00:00, run_after=2024-07-06T00:00:00+00:00
[2024-07-06T14:28:00.886+0000] {processor.py:179} INFO - Processing /home/airflow/.local/lib/python3.7/site-packages/airflow/example_dags/example_nested_branch_dag.py took 0.073 seconds
[2024-07-06T14:28:31.538+0000] {processor.py:157} INFO - Started process (PID=2265) to work on /home/airflow/.local/lib/python3.7/site-packages/airflow/example_dags/example_nested_branch_dag.py
[2024-07-06T14:28:31.539+0000] {processor.py:826} INFO - Processing file /home/airflow/.local/lib/python3.7/site-packages/airflow/example_dags/example_nested_branch_dag.py for tasks to queue
[2024-07-06T14:28:31.541+0000] {logging_mixin.py:150} INFO - [2024-07-06T14:28:31.541+0000] {dagbag.py:541} INFO - Filling up the DagBag from /home/airflow/.local/lib/python3.7/site-packages/airflow/example_dags/example_nested_branch_dag.py
[2024-07-06T14:28:31.550+0000] {processor.py:836} INFO - DAG(s) dict_keys(['example_nested_branch_dag']) retrieved from /home/airflow/.local/lib/python3.7/site-packages/airflow/example_dags/example_nested_branch_dag.py
[2024-07-06T14:28:31.573+0000] {logging_mixin.py:150} INFO - [2024-07-06T14:28:31.573+0000] {dag.py:2742} INFO - Sync 1 DAGs
[2024-07-06T14:28:31.589+0000] {logging_mixin.py:150} INFO - [2024-07-06T14:28:31.589+0000] {dag.py:3508} INFO - Setting next_dagrun for example_nested_branch_dag to 2024-07-05T00:00:00+00:00, run_after=2024-07-06T00:00:00+00:00
[2024-07-06T14:28:31.600+0000] {processor.py:179} INFO - Processing /home/airflow/.local/lib/python3.7/site-packages/airflow/example_dags/example_nested_branch_dag.py took 0.066 seconds
[2024-07-06T14:29:02.316+0000] {processor.py:157} INFO - Started process (PID=2328) to work on /home/airflow/.local/lib/python3.7/site-packages/airflow/example_dags/example_nested_branch_dag.py
[2024-07-06T14:29:02.318+0000] {processor.py:826} INFO - Processing file /home/airflow/.local/lib/python3.7/site-packages/airflow/example_dags/example_nested_branch_dag.py for tasks to queue
[2024-07-06T14:29:02.320+0000] {logging_mixin.py:150} INFO - [2024-07-06T14:29:02.320+0000] {dagbag.py:541} INFO - Filling up the DagBag from /home/airflow/.local/lib/python3.7/site-packages/airflow/example_dags/example_nested_branch_dag.py
[2024-07-06T14:29:02.328+0000] {processor.py:836} INFO - DAG(s) dict_keys(['example_nested_branch_dag']) retrieved from /home/airflow/.local/lib/python3.7/site-packages/airflow/example_dags/example_nested_branch_dag.py
[2024-07-06T14:29:02.351+0000] {logging_mixin.py:150} INFO - [2024-07-06T14:29:02.351+0000] {dag.py:2742} INFO - Sync 1 DAGs
[2024-07-06T14:29:02.369+0000] {logging_mixin.py:150} INFO - [2024-07-06T14:29:02.369+0000] {dag.py:3508} INFO - Setting next_dagrun for example_nested_branch_dag to 2024-07-05T00:00:00+00:00, run_after=2024-07-06T00:00:00+00:00
[2024-07-06T14:29:02.384+0000] {processor.py:179} INFO - Processing /home/airflow/.local/lib/python3.7/site-packages/airflow/example_dags/example_nested_branch_dag.py took 0.071 seconds
[2024-07-06T14:29:33.347+0000] {processor.py:157} INFO - Started process (PID=2395) to work on /home/airflow/.local/lib/python3.7/site-packages/airflow/example_dags/example_nested_branch_dag.py
[2024-07-06T14:29:33.350+0000] {processor.py:826} INFO - Processing file /home/airflow/.local/lib/python3.7/site-packages/airflow/example_dags/example_nested_branch_dag.py for tasks to queue
[2024-07-06T14:29:33.352+0000] {logging_mixin.py:150} INFO - [2024-07-06T14:29:33.352+0000] {dagbag.py:541} INFO - Filling up the DagBag from /home/airflow/.local/lib/python3.7/site-packages/airflow/example_dags/example_nested_branch_dag.py
[2024-07-06T14:29:33.368+0000] {processor.py:836} INFO - DAG(s) dict_keys(['example_nested_branch_dag']) retrieved from /home/airflow/.local/lib/python3.7/site-packages/airflow/example_dags/example_nested_branch_dag.py
[2024-07-06T14:29:33.423+0000] {logging_mixin.py:150} INFO - [2024-07-06T14:29:33.423+0000] {dag.py:2742} INFO - Sync 1 DAGs
[2024-07-06T14:29:33.460+0000] {logging_mixin.py:150} INFO - [2024-07-06T14:29:33.460+0000] {dag.py:3508} INFO - Setting next_dagrun for example_nested_branch_dag to 2024-07-05T00:00:00+00:00, run_after=2024-07-06T00:00:00+00:00
[2024-07-06T14:29:33.493+0000] {processor.py:179} INFO - Processing /home/airflow/.local/lib/python3.7/site-packages/airflow/example_dags/example_nested_branch_dag.py took 0.149 seconds
[2024-07-06T14:30:03.891+0000] {processor.py:157} INFO - Started process (PID=2458) to work on /home/airflow/.local/lib/python3.7/site-packages/airflow/example_dags/example_nested_branch_dag.py
[2024-07-06T14:30:03.893+0000] {processor.py:826} INFO - Processing file /home/airflow/.local/lib/python3.7/site-packages/airflow/example_dags/example_nested_branch_dag.py for tasks to queue
[2024-07-06T14:30:03.894+0000] {logging_mixin.py:150} INFO - [2024-07-06T14:30:03.894+0000] {dagbag.py:541} INFO - Filling up the DagBag from /home/airflow/.local/lib/python3.7/site-packages/airflow/example_dags/example_nested_branch_dag.py
[2024-07-06T14:30:03.902+0000] {processor.py:836} INFO - DAG(s) dict_keys(['example_nested_branch_dag']) retrieved from /home/airflow/.local/lib/python3.7/site-packages/airflow/example_dags/example_nested_branch_dag.py
[2024-07-06T14:30:03.928+0000] {logging_mixin.py:150} INFO - [2024-07-06T14:30:03.928+0000] {dag.py:2742} INFO - Sync 1 DAGs
[2024-07-06T14:30:03.946+0000] {logging_mixin.py:150} INFO - [2024-07-06T14:30:03.946+0000] {dag.py:3508} INFO - Setting next_dagrun for example_nested_branch_dag to 2024-07-05T00:00:00+00:00, run_after=2024-07-06T00:00:00+00:00
[2024-07-06T14:30:03.959+0000] {processor.py:179} INFO - Processing /home/airflow/.local/lib/python3.7/site-packages/airflow/example_dags/example_nested_branch_dag.py took 0.070 seconds
[2024-07-06T14:30:35.105+0000] {processor.py:157} INFO - Started process (PID=2521) to work on /home/airflow/.local/lib/python3.7/site-packages/airflow/example_dags/example_nested_branch_dag.py
[2024-07-06T14:30:35.107+0000] {processor.py:826} INFO - Processing file /home/airflow/.local/lib/python3.7/site-packages/airflow/example_dags/example_nested_branch_dag.py for tasks to queue
[2024-07-06T14:30:35.109+0000] {logging_mixin.py:150} INFO - [2024-07-06T14:30:35.108+0000] {dagbag.py:541} INFO - Filling up the DagBag from /home/airflow/.local/lib/python3.7/site-packages/airflow/example_dags/example_nested_branch_dag.py
[2024-07-06T14:30:35.120+0000] {processor.py:836} INFO - DAG(s) dict_keys(['example_nested_branch_dag']) retrieved from /home/airflow/.local/lib/python3.7/site-packages/airflow/example_dags/example_nested_branch_dag.py
[2024-07-06T14:30:35.147+0000] {logging_mixin.py:150} INFO - [2024-07-06T14:30:35.147+0000] {dag.py:2742} INFO - Sync 1 DAGs
[2024-07-06T14:30:35.167+0000] {logging_mixin.py:150} INFO - [2024-07-06T14:30:35.166+0000] {dag.py:3508} INFO - Setting next_dagrun for example_nested_branch_dag to 2024-07-05T00:00:00+00:00, run_after=2024-07-06T00:00:00+00:00
[2024-07-06T14:30:35.180+0000] {processor.py:179} INFO - Processing /home/airflow/.local/lib/python3.7/site-packages/airflow/example_dags/example_nested_branch_dag.py took 0.080 seconds
