[2024-07-06T14:10:41.813+0000] {processor.py:157} INFO - Started process (PID=44) to work on /home/airflow/.local/lib/python3.7/site-packages/airflow/example_dags/example_branch_operator_decorator.py
[2024-07-06T14:10:41.817+0000] {processor.py:826} INFO - Processing file /home/airflow/.local/lib/python3.7/site-packages/airflow/example_dags/example_branch_operator_decorator.py for tasks to queue
[2024-07-06T14:10:41.819+0000] {logging_mixin.py:150} INFO - [2024-07-06T14:10:41.819+0000] {dagbag.py:541} INFO - Filling up the DagBag from /home/airflow/.local/lib/python3.7/site-packages/airflow/example_dags/example_branch_operator_decorator.py
[2024-07-06T14:10:41.834+0000] {processor.py:836} INFO - DAG(s) dict_keys(['example_branch_python_operator_decorator']) retrieved from /home/airflow/.local/lib/python3.7/site-packages/airflow/example_dags/example_branch_operator_decorator.py
[2024-07-06T14:10:41.856+0000] {logging_mixin.py:150} INFO - [2024-07-06T14:10:41.856+0000] {dag.py:2742} INFO - Sync 1 DAGs
[2024-07-06T14:10:41.880+0000] {logging_mixin.py:150} INFO - [2024-07-06T14:10:41.880+0000] {dag.py:3508} INFO - Setting next_dagrun for example_branch_python_operator_decorator to 2024-07-05T00:00:00+00:00, run_after=2024-07-06T00:00:00+00:00
[2024-07-06T14:10:42.009+0000] {processor.py:179} INFO - Processing /home/airflow/.local/lib/python3.7/site-packages/airflow/example_dags/example_branch_operator_decorator.py took 0.199 seconds
[2024-07-06T14:11:12.953+0000] {processor.py:157} INFO - Started process (PID=106) to work on /home/airflow/.local/lib/python3.7/site-packages/airflow/example_dags/example_branch_operator_decorator.py
[2024-07-06T14:11:12.955+0000] {processor.py:826} INFO - Processing file /home/airflow/.local/lib/python3.7/site-packages/airflow/example_dags/example_branch_operator_decorator.py for tasks to queue
[2024-07-06T14:11:12.957+0000] {logging_mixin.py:150} INFO - [2024-07-06T14:11:12.956+0000] {dagbag.py:541} INFO - Filling up the DagBag from /home/airflow/.local/lib/python3.7/site-packages/airflow/example_dags/example_branch_operator_decorator.py
[2024-07-06T14:11:12.967+0000] {processor.py:836} INFO - DAG(s) dict_keys(['example_branch_python_operator_decorator']) retrieved from /home/airflow/.local/lib/python3.7/site-packages/airflow/example_dags/example_branch_operator_decorator.py
[2024-07-06T14:11:12.992+0000] {logging_mixin.py:150} INFO - [2024-07-06T14:11:12.992+0000] {dag.py:2742} INFO - Sync 1 DAGs
[2024-07-06T14:11:13.017+0000] {logging_mixin.py:150} INFO - [2024-07-06T14:11:13.017+0000] {dag.py:3508} INFO - Setting next_dagrun for example_branch_python_operator_decorator to 2024-07-05T00:00:00+00:00, run_after=2024-07-06T00:00:00+00:00
[2024-07-06T14:11:13.034+0000] {processor.py:179} INFO - Processing /home/airflow/.local/lib/python3.7/site-packages/airflow/example_dags/example_branch_operator_decorator.py took 0.086 seconds
[2024-07-06T14:11:43.913+0000] {processor.py:157} INFO - Started process (PID=169) to work on /home/airflow/.local/lib/python3.7/site-packages/airflow/example_dags/example_branch_operator_decorator.py
[2024-07-06T14:11:43.915+0000] {processor.py:826} INFO - Processing file /home/airflow/.local/lib/python3.7/site-packages/airflow/example_dags/example_branch_operator_decorator.py for tasks to queue
[2024-07-06T14:11:43.916+0000] {logging_mixin.py:150} INFO - [2024-07-06T14:11:43.916+0000] {dagbag.py:541} INFO - Filling up the DagBag from /home/airflow/.local/lib/python3.7/site-packages/airflow/example_dags/example_branch_operator_decorator.py
[2024-07-06T14:11:43.926+0000] {processor.py:836} INFO - DAG(s) dict_keys(['example_branch_python_operator_decorator']) retrieved from /home/airflow/.local/lib/python3.7/site-packages/airflow/example_dags/example_branch_operator_decorator.py
[2024-07-06T14:11:43.951+0000] {logging_mixin.py:150} INFO - [2024-07-06T14:11:43.951+0000] {dag.py:2742} INFO - Sync 1 DAGs
[2024-07-06T14:11:43.971+0000] {logging_mixin.py:150} INFO - [2024-07-06T14:11:43.971+0000] {dag.py:3508} INFO - Setting next_dagrun for example_branch_python_operator_decorator to 2024-07-05T00:00:00+00:00, run_after=2024-07-06T00:00:00+00:00
[2024-07-06T14:11:43.986+0000] {processor.py:179} INFO - Processing /home/airflow/.local/lib/python3.7/site-packages/airflow/example_dags/example_branch_operator_decorator.py took 0.076 seconds
[2024-07-06T14:12:14.246+0000] {processor.py:157} INFO - Started process (PID=232) to work on /home/airflow/.local/lib/python3.7/site-packages/airflow/example_dags/example_branch_operator_decorator.py
[2024-07-06T14:12:14.248+0000] {processor.py:826} INFO - Processing file /home/airflow/.local/lib/python3.7/site-packages/airflow/example_dags/example_branch_operator_decorator.py for tasks to queue
[2024-07-06T14:12:14.249+0000] {logging_mixin.py:150} INFO - [2024-07-06T14:12:14.249+0000] {dagbag.py:541} INFO - Filling up the DagBag from /home/airflow/.local/lib/python3.7/site-packages/airflow/example_dags/example_branch_operator_decorator.py
[2024-07-06T14:12:14.257+0000] {processor.py:836} INFO - DAG(s) dict_keys(['example_branch_python_operator_decorator']) retrieved from /home/airflow/.local/lib/python3.7/site-packages/airflow/example_dags/example_branch_operator_decorator.py
[2024-07-06T14:12:14.279+0000] {logging_mixin.py:150} INFO - [2024-07-06T14:12:14.279+0000] {dag.py:2742} INFO - Sync 1 DAGs
[2024-07-06T14:12:14.301+0000] {logging_mixin.py:150} INFO - [2024-07-06T14:12:14.300+0000] {dag.py:3508} INFO - Setting next_dagrun for example_branch_python_operator_decorator to 2024-07-05T00:00:00+00:00, run_after=2024-07-06T00:00:00+00:00
[2024-07-06T14:12:14.316+0000] {processor.py:179} INFO - Processing /home/airflow/.local/lib/python3.7/site-packages/airflow/example_dags/example_branch_operator_decorator.py took 0.073 seconds
[2024-07-06T14:12:44.498+0000] {processor.py:157} INFO - Started process (PID=290) to work on /home/airflow/.local/lib/python3.7/site-packages/airflow/example_dags/example_branch_operator_decorator.py
[2024-07-06T14:12:44.500+0000] {processor.py:826} INFO - Processing file /home/airflow/.local/lib/python3.7/site-packages/airflow/example_dags/example_branch_operator_decorator.py for tasks to queue
[2024-07-06T14:12:44.502+0000] {logging_mixin.py:150} INFO - [2024-07-06T14:12:44.501+0000] {dagbag.py:541} INFO - Filling up the DagBag from /home/airflow/.local/lib/python3.7/site-packages/airflow/example_dags/example_branch_operator_decorator.py
[2024-07-06T14:12:44.510+0000] {processor.py:836} INFO - DAG(s) dict_keys(['example_branch_python_operator_decorator']) retrieved from /home/airflow/.local/lib/python3.7/site-packages/airflow/example_dags/example_branch_operator_decorator.py
[2024-07-06T14:12:44.533+0000] {logging_mixin.py:150} INFO - [2024-07-06T14:12:44.533+0000] {dag.py:2742} INFO - Sync 1 DAGs
[2024-07-06T14:12:44.555+0000] {logging_mixin.py:150} INFO - [2024-07-06T14:12:44.555+0000] {dag.py:3508} INFO - Setting next_dagrun for example_branch_python_operator_decorator to 2024-07-05T00:00:00+00:00, run_after=2024-07-06T00:00:00+00:00
[2024-07-06T14:12:44.577+0000] {processor.py:179} INFO - Processing /home/airflow/.local/lib/python3.7/site-packages/airflow/example_dags/example_branch_operator_decorator.py took 0.081 seconds
[2024-07-06T14:13:14.746+0000] {processor.py:157} INFO - Started process (PID=353) to work on /home/airflow/.local/lib/python3.7/site-packages/airflow/example_dags/example_branch_operator_decorator.py
[2024-07-06T14:13:14.748+0000] {processor.py:826} INFO - Processing file /home/airflow/.local/lib/python3.7/site-packages/airflow/example_dags/example_branch_operator_decorator.py for tasks to queue
[2024-07-06T14:13:14.749+0000] {logging_mixin.py:150} INFO - [2024-07-06T14:13:14.749+0000] {dagbag.py:541} INFO - Filling up the DagBag from /home/airflow/.local/lib/python3.7/site-packages/airflow/example_dags/example_branch_operator_decorator.py
[2024-07-06T14:13:14.759+0000] {processor.py:836} INFO - DAG(s) dict_keys(['example_branch_python_operator_decorator']) retrieved from /home/airflow/.local/lib/python3.7/site-packages/airflow/example_dags/example_branch_operator_decorator.py
[2024-07-06T14:13:14.784+0000] {logging_mixin.py:150} INFO - [2024-07-06T14:13:14.784+0000] {dag.py:2742} INFO - Sync 1 DAGs
[2024-07-06T14:13:14.803+0000] {logging_mixin.py:150} INFO - [2024-07-06T14:13:14.802+0000] {dag.py:3508} INFO - Setting next_dagrun for example_branch_python_operator_decorator to 2024-07-05T00:00:00+00:00, run_after=2024-07-06T00:00:00+00:00
[2024-07-06T14:13:14.817+0000] {processor.py:179} INFO - Processing /home/airflow/.local/lib/python3.7/site-packages/airflow/example_dags/example_branch_operator_decorator.py took 0.075 seconds
[2024-07-06T14:13:45.030+0000] {processor.py:157} INFO - Started process (PID=417) to work on /home/airflow/.local/lib/python3.7/site-packages/airflow/example_dags/example_branch_operator_decorator.py
[2024-07-06T14:13:45.032+0000] {processor.py:826} INFO - Processing file /home/airflow/.local/lib/python3.7/site-packages/airflow/example_dags/example_branch_operator_decorator.py for tasks to queue
[2024-07-06T14:13:45.034+0000] {logging_mixin.py:150} INFO - [2024-07-06T14:13:45.033+0000] {dagbag.py:541} INFO - Filling up the DagBag from /home/airflow/.local/lib/python3.7/site-packages/airflow/example_dags/example_branch_operator_decorator.py
[2024-07-06T14:13:45.042+0000] {processor.py:836} INFO - DAG(s) dict_keys(['example_branch_python_operator_decorator']) retrieved from /home/airflow/.local/lib/python3.7/site-packages/airflow/example_dags/example_branch_operator_decorator.py
[2024-07-06T14:13:45.065+0000] {logging_mixin.py:150} INFO - [2024-07-06T14:13:45.065+0000] {dag.py:2742} INFO - Sync 1 DAGs
[2024-07-06T14:13:45.085+0000] {logging_mixin.py:150} INFO - [2024-07-06T14:13:45.084+0000] {dag.py:3508} INFO - Setting next_dagrun for example_branch_python_operator_decorator to 2024-07-05T00:00:00+00:00, run_after=2024-07-06T00:00:00+00:00
[2024-07-06T14:13:45.099+0000] {processor.py:179} INFO - Processing /home/airflow/.local/lib/python3.7/site-packages/airflow/example_dags/example_branch_operator_decorator.py took 0.072 seconds
[2024-07-06T14:14:15.401+0000] {processor.py:157} INFO - Started process (PID=480) to work on /home/airflow/.local/lib/python3.7/site-packages/airflow/example_dags/example_branch_operator_decorator.py
[2024-07-06T14:14:15.403+0000] {processor.py:826} INFO - Processing file /home/airflow/.local/lib/python3.7/site-packages/airflow/example_dags/example_branch_operator_decorator.py for tasks to queue
[2024-07-06T14:14:15.405+0000] {logging_mixin.py:150} INFO - [2024-07-06T14:14:15.404+0000] {dagbag.py:541} INFO - Filling up the DagBag from /home/airflow/.local/lib/python3.7/site-packages/airflow/example_dags/example_branch_operator_decorator.py
[2024-07-06T14:14:15.413+0000] {processor.py:836} INFO - DAG(s) dict_keys(['example_branch_python_operator_decorator']) retrieved from /home/airflow/.local/lib/python3.7/site-packages/airflow/example_dags/example_branch_operator_decorator.py
[2024-07-06T14:14:15.437+0000] {logging_mixin.py:150} INFO - [2024-07-06T14:14:15.437+0000] {dag.py:2742} INFO - Sync 1 DAGs
[2024-07-06T14:14:15.457+0000] {logging_mixin.py:150} INFO - [2024-07-06T14:14:15.457+0000] {dag.py:3508} INFO - Setting next_dagrun for example_branch_python_operator_decorator to 2024-07-05T00:00:00+00:00, run_after=2024-07-06T00:00:00+00:00
[2024-07-06T14:14:15.473+0000] {processor.py:179} INFO - Processing /home/airflow/.local/lib/python3.7/site-packages/airflow/example_dags/example_branch_operator_decorator.py took 0.075 seconds
[2024-07-06T14:14:45.789+0000] {processor.py:157} INFO - Started process (PID=543) to work on /home/airflow/.local/lib/python3.7/site-packages/airflow/example_dags/example_branch_operator_decorator.py
[2024-07-06T14:14:45.792+0000] {processor.py:826} INFO - Processing file /home/airflow/.local/lib/python3.7/site-packages/airflow/example_dags/example_branch_operator_decorator.py for tasks to queue
[2024-07-06T14:14:45.793+0000] {logging_mixin.py:150} INFO - [2024-07-06T14:14:45.793+0000] {dagbag.py:541} INFO - Filling up the DagBag from /home/airflow/.local/lib/python3.7/site-packages/airflow/example_dags/example_branch_operator_decorator.py
[2024-07-06T14:14:45.801+0000] {processor.py:836} INFO - DAG(s) dict_keys(['example_branch_python_operator_decorator']) retrieved from /home/airflow/.local/lib/python3.7/site-packages/airflow/example_dags/example_branch_operator_decorator.py
[2024-07-06T14:14:45.827+0000] {logging_mixin.py:150} INFO - [2024-07-06T14:14:45.827+0000] {dag.py:2742} INFO - Sync 1 DAGs
[2024-07-06T14:14:45.846+0000] {logging_mixin.py:150} INFO - [2024-07-06T14:14:45.845+0000] {dag.py:3508} INFO - Setting next_dagrun for example_branch_python_operator_decorator to 2024-07-05T00:00:00+00:00, run_after=2024-07-06T00:00:00+00:00
[2024-07-06T14:14:45.859+0000] {processor.py:179} INFO - Processing /home/airflow/.local/lib/python3.7/site-packages/airflow/example_dags/example_branch_operator_decorator.py took 0.073 seconds
[2024-07-06T14:15:16.278+0000] {processor.py:157} INFO - Started process (PID=606) to work on /home/airflow/.local/lib/python3.7/site-packages/airflow/example_dags/example_branch_operator_decorator.py
[2024-07-06T14:15:16.280+0000] {processor.py:826} INFO - Processing file /home/airflow/.local/lib/python3.7/site-packages/airflow/example_dags/example_branch_operator_decorator.py for tasks to queue
[2024-07-06T14:15:16.282+0000] {logging_mixin.py:150} INFO - [2024-07-06T14:15:16.281+0000] {dagbag.py:541} INFO - Filling up the DagBag from /home/airflow/.local/lib/python3.7/site-packages/airflow/example_dags/example_branch_operator_decorator.py
[2024-07-06T14:15:16.298+0000] {processor.py:836} INFO - DAG(s) dict_keys(['example_branch_python_operator_decorator']) retrieved from /home/airflow/.local/lib/python3.7/site-packages/airflow/example_dags/example_branch_operator_decorator.py
[2024-07-06T14:15:16.344+0000] {logging_mixin.py:150} INFO - [2024-07-06T14:15:16.344+0000] {dag.py:2742} INFO - Sync 1 DAGs
[2024-07-06T14:15:16.377+0000] {logging_mixin.py:150} INFO - [2024-07-06T14:15:16.376+0000] {dag.py:3508} INFO - Setting next_dagrun for example_branch_python_operator_decorator to 2024-07-05T00:00:00+00:00, run_after=2024-07-06T00:00:00+00:00
[2024-07-06T14:15:16.395+0000] {processor.py:179} INFO - Processing /home/airflow/.local/lib/python3.7/site-packages/airflow/example_dags/example_branch_operator_decorator.py took 0.121 seconds
[2024-07-06T14:15:46.630+0000] {processor.py:157} INFO - Started process (PID=668) to work on /home/airflow/.local/lib/python3.7/site-packages/airflow/example_dags/example_branch_operator_decorator.py
[2024-07-06T14:15:46.632+0000] {processor.py:826} INFO - Processing file /home/airflow/.local/lib/python3.7/site-packages/airflow/example_dags/example_branch_operator_decorator.py for tasks to queue
[2024-07-06T14:15:46.634+0000] {logging_mixin.py:150} INFO - [2024-07-06T14:15:46.633+0000] {dagbag.py:541} INFO - Filling up the DagBag from /home/airflow/.local/lib/python3.7/site-packages/airflow/example_dags/example_branch_operator_decorator.py
[2024-07-06T14:15:46.643+0000] {processor.py:836} INFO - DAG(s) dict_keys(['example_branch_python_operator_decorator']) retrieved from /home/airflow/.local/lib/python3.7/site-packages/airflow/example_dags/example_branch_operator_decorator.py
[2024-07-06T14:15:46.664+0000] {logging_mixin.py:150} INFO - [2024-07-06T14:15:46.663+0000] {dag.py:2742} INFO - Sync 1 DAGs
[2024-07-06T14:15:46.681+0000] {logging_mixin.py:150} INFO - [2024-07-06T14:15:46.681+0000] {dag.py:3508} INFO - Setting next_dagrun for example_branch_python_operator_decorator to 2024-07-05T00:00:00+00:00, run_after=2024-07-06T00:00:00+00:00
[2024-07-06T14:15:46.692+0000] {processor.py:179} INFO - Processing /home/airflow/.local/lib/python3.7/site-packages/airflow/example_dags/example_branch_operator_decorator.py took 0.065 seconds
[2024-07-06T14:16:17.066+0000] {processor.py:157} INFO - Started process (PID=731) to work on /home/airflow/.local/lib/python3.7/site-packages/airflow/example_dags/example_branch_operator_decorator.py
[2024-07-06T14:16:17.068+0000] {processor.py:826} INFO - Processing file /home/airflow/.local/lib/python3.7/site-packages/airflow/example_dags/example_branch_operator_decorator.py for tasks to queue
[2024-07-06T14:16:17.070+0000] {logging_mixin.py:150} INFO - [2024-07-06T14:16:17.070+0000] {dagbag.py:541} INFO - Filling up the DagBag from /home/airflow/.local/lib/python3.7/site-packages/airflow/example_dags/example_branch_operator_decorator.py
[2024-07-06T14:16:17.078+0000] {processor.py:836} INFO - DAG(s) dict_keys(['example_branch_python_operator_decorator']) retrieved from /home/airflow/.local/lib/python3.7/site-packages/airflow/example_dags/example_branch_operator_decorator.py
[2024-07-06T14:16:17.097+0000] {logging_mixin.py:150} INFO - [2024-07-06T14:16:17.097+0000] {dag.py:2742} INFO - Sync 1 DAGs
[2024-07-06T14:16:17.113+0000] {logging_mixin.py:150} INFO - [2024-07-06T14:16:17.113+0000] {dag.py:3508} INFO - Setting next_dagrun for example_branch_python_operator_decorator to 2024-07-05T00:00:00+00:00, run_after=2024-07-06T00:00:00+00:00
[2024-07-06T14:16:17.126+0000] {processor.py:179} INFO - Processing /home/airflow/.local/lib/python3.7/site-packages/airflow/example_dags/example_branch_operator_decorator.py took 0.064 seconds
[2024-07-06T14:16:47.602+0000] {processor.py:157} INFO - Started process (PID=794) to work on /home/airflow/.local/lib/python3.7/site-packages/airflow/example_dags/example_branch_operator_decorator.py
[2024-07-06T14:16:47.603+0000] {processor.py:826} INFO - Processing file /home/airflow/.local/lib/python3.7/site-packages/airflow/example_dags/example_branch_operator_decorator.py for tasks to queue
[2024-07-06T14:16:47.605+0000] {logging_mixin.py:150} INFO - [2024-07-06T14:16:47.604+0000] {dagbag.py:541} INFO - Filling up the DagBag from /home/airflow/.local/lib/python3.7/site-packages/airflow/example_dags/example_branch_operator_decorator.py
[2024-07-06T14:16:47.613+0000] {processor.py:836} INFO - DAG(s) dict_keys(['example_branch_python_operator_decorator']) retrieved from /home/airflow/.local/lib/python3.7/site-packages/airflow/example_dags/example_branch_operator_decorator.py
[2024-07-06T14:16:47.641+0000] {logging_mixin.py:150} INFO - [2024-07-06T14:16:47.641+0000] {dag.py:2742} INFO - Sync 1 DAGs
[2024-07-06T14:16:47.664+0000] {logging_mixin.py:150} INFO - [2024-07-06T14:16:47.664+0000] {dag.py:3508} INFO - Setting next_dagrun for example_branch_python_operator_decorator to 2024-07-05T00:00:00+00:00, run_after=2024-07-06T00:00:00+00:00
[2024-07-06T14:16:47.678+0000] {processor.py:179} INFO - Processing /home/airflow/.local/lib/python3.7/site-packages/airflow/example_dags/example_branch_operator_decorator.py took 0.079 seconds
[2024-07-06T14:17:17.839+0000] {processor.py:157} INFO - Started process (PID=857) to work on /home/airflow/.local/lib/python3.7/site-packages/airflow/example_dags/example_branch_operator_decorator.py
[2024-07-06T14:17:17.841+0000] {processor.py:826} INFO - Processing file /home/airflow/.local/lib/python3.7/site-packages/airflow/example_dags/example_branch_operator_decorator.py for tasks to queue
[2024-07-06T14:17:17.842+0000] {logging_mixin.py:150} INFO - [2024-07-06T14:17:17.841+0000] {dagbag.py:541} INFO - Filling up the DagBag from /home/airflow/.local/lib/python3.7/site-packages/airflow/example_dags/example_branch_operator_decorator.py
[2024-07-06T14:17:17.849+0000] {processor.py:836} INFO - DAG(s) dict_keys(['example_branch_python_operator_decorator']) retrieved from /home/airflow/.local/lib/python3.7/site-packages/airflow/example_dags/example_branch_operator_decorator.py
[2024-07-06T14:17:17.870+0000] {logging_mixin.py:150} INFO - [2024-07-06T14:17:17.870+0000] {dag.py:2742} INFO - Sync 1 DAGs
[2024-07-06T14:17:17.890+0000] {logging_mixin.py:150} INFO - [2024-07-06T14:17:17.890+0000] {dag.py:3508} INFO - Setting next_dagrun for example_branch_python_operator_decorator to 2024-07-05T00:00:00+00:00, run_after=2024-07-06T00:00:00+00:00
[2024-07-06T14:17:17.903+0000] {processor.py:179} INFO - Processing /home/airflow/.local/lib/python3.7/site-packages/airflow/example_dags/example_branch_operator_decorator.py took 0.067 seconds
[2024-07-06T14:17:48.248+0000] {processor.py:157} INFO - Started process (PID=919) to work on /home/airflow/.local/lib/python3.7/site-packages/airflow/example_dags/example_branch_operator_decorator.py
[2024-07-06T14:17:48.251+0000] {processor.py:826} INFO - Processing file /home/airflow/.local/lib/python3.7/site-packages/airflow/example_dags/example_branch_operator_decorator.py for tasks to queue
[2024-07-06T14:17:48.252+0000] {logging_mixin.py:150} INFO - [2024-07-06T14:17:48.252+0000] {dagbag.py:541} INFO - Filling up the DagBag from /home/airflow/.local/lib/python3.7/site-packages/airflow/example_dags/example_branch_operator_decorator.py
[2024-07-06T14:17:48.260+0000] {processor.py:836} INFO - DAG(s) dict_keys(['example_branch_python_operator_decorator']) retrieved from /home/airflow/.local/lib/python3.7/site-packages/airflow/example_dags/example_branch_operator_decorator.py
[2024-07-06T14:17:48.281+0000] {logging_mixin.py:150} INFO - [2024-07-06T14:17:48.281+0000] {dag.py:2742} INFO - Sync 1 DAGs
[2024-07-06T14:17:48.297+0000] {logging_mixin.py:150} INFO - [2024-07-06T14:17:48.297+0000] {dag.py:3508} INFO - Setting next_dagrun for example_branch_python_operator_decorator to 2024-07-05T00:00:00+00:00, run_after=2024-07-06T00:00:00+00:00
[2024-07-06T14:17:48.308+0000] {processor.py:179} INFO - Processing /home/airflow/.local/lib/python3.7/site-packages/airflow/example_dags/example_branch_operator_decorator.py took 0.063 seconds
[2024-07-06T14:18:18.577+0000] {processor.py:157} INFO - Started process (PID=982) to work on /home/airflow/.local/lib/python3.7/site-packages/airflow/example_dags/example_branch_operator_decorator.py
[2024-07-06T14:18:18.579+0000] {processor.py:826} INFO - Processing file /home/airflow/.local/lib/python3.7/site-packages/airflow/example_dags/example_branch_operator_decorator.py for tasks to queue
[2024-07-06T14:18:18.580+0000] {logging_mixin.py:150} INFO - [2024-07-06T14:18:18.580+0000] {dagbag.py:541} INFO - Filling up the DagBag from /home/airflow/.local/lib/python3.7/site-packages/airflow/example_dags/example_branch_operator_decorator.py
[2024-07-06T14:18:18.587+0000] {processor.py:836} INFO - DAG(s) dict_keys(['example_branch_python_operator_decorator']) retrieved from /home/airflow/.local/lib/python3.7/site-packages/airflow/example_dags/example_branch_operator_decorator.py
[2024-07-06T14:18:18.608+0000] {logging_mixin.py:150} INFO - [2024-07-06T14:18:18.608+0000] {dag.py:2742} INFO - Sync 1 DAGs
[2024-07-06T14:18:18.624+0000] {logging_mixin.py:150} INFO - [2024-07-06T14:18:18.624+0000] {dag.py:3508} INFO - Setting next_dagrun for example_branch_python_operator_decorator to 2024-07-05T00:00:00+00:00, run_after=2024-07-06T00:00:00+00:00
[2024-07-06T14:18:18.635+0000] {processor.py:179} INFO - Processing /home/airflow/.local/lib/python3.7/site-packages/airflow/example_dags/example_branch_operator_decorator.py took 0.061 seconds
[2024-07-06T14:18:48.883+0000] {processor.py:157} INFO - Started process (PID=1045) to work on /home/airflow/.local/lib/python3.7/site-packages/airflow/example_dags/example_branch_operator_decorator.py
[2024-07-06T14:18:48.885+0000] {processor.py:826} INFO - Processing file /home/airflow/.local/lib/python3.7/site-packages/airflow/example_dags/example_branch_operator_decorator.py for tasks to queue
[2024-07-06T14:18:48.887+0000] {logging_mixin.py:150} INFO - [2024-07-06T14:18:48.886+0000] {dagbag.py:541} INFO - Filling up the DagBag from /home/airflow/.local/lib/python3.7/site-packages/airflow/example_dags/example_branch_operator_decorator.py
[2024-07-06T14:18:48.894+0000] {processor.py:836} INFO - DAG(s) dict_keys(['example_branch_python_operator_decorator']) retrieved from /home/airflow/.local/lib/python3.7/site-packages/airflow/example_dags/example_branch_operator_decorator.py
[2024-07-06T14:18:48.916+0000] {logging_mixin.py:150} INFO - [2024-07-06T14:18:48.916+0000] {dag.py:2742} INFO - Sync 1 DAGs
[2024-07-06T14:18:48.932+0000] {logging_mixin.py:150} INFO - [2024-07-06T14:18:48.932+0000] {dag.py:3508} INFO - Setting next_dagrun for example_branch_python_operator_decorator to 2024-07-05T00:00:00+00:00, run_after=2024-07-06T00:00:00+00:00
[2024-07-06T14:18:48.944+0000] {processor.py:179} INFO - Processing /home/airflow/.local/lib/python3.7/site-packages/airflow/example_dags/example_branch_operator_decorator.py took 0.064 seconds
[2024-07-06T14:19:19.320+0000] {processor.py:157} INFO - Started process (PID=1108) to work on /home/airflow/.local/lib/python3.7/site-packages/airflow/example_dags/example_branch_operator_decorator.py
[2024-07-06T14:19:19.322+0000] {processor.py:826} INFO - Processing file /home/airflow/.local/lib/python3.7/site-packages/airflow/example_dags/example_branch_operator_decorator.py for tasks to queue
[2024-07-06T14:19:19.323+0000] {logging_mixin.py:150} INFO - [2024-07-06T14:19:19.323+0000] {dagbag.py:541} INFO - Filling up the DagBag from /home/airflow/.local/lib/python3.7/site-packages/airflow/example_dags/example_branch_operator_decorator.py
[2024-07-06T14:19:19.332+0000] {processor.py:836} INFO - DAG(s) dict_keys(['example_branch_python_operator_decorator']) retrieved from /home/airflow/.local/lib/python3.7/site-packages/airflow/example_dags/example_branch_operator_decorator.py
[2024-07-06T14:19:19.354+0000] {logging_mixin.py:150} INFO - [2024-07-06T14:19:19.354+0000] {dag.py:2742} INFO - Sync 1 DAGs
[2024-07-06T14:19:19.370+0000] {logging_mixin.py:150} INFO - [2024-07-06T14:19:19.370+0000] {dag.py:3508} INFO - Setting next_dagrun for example_branch_python_operator_decorator to 2024-07-05T00:00:00+00:00, run_after=2024-07-06T00:00:00+00:00
[2024-07-06T14:19:19.381+0000] {processor.py:179} INFO - Processing /home/airflow/.local/lib/python3.7/site-packages/airflow/example_dags/example_branch_operator_decorator.py took 0.064 seconds
[2024-07-06T14:19:49.540+0000] {processor.py:157} INFO - Started process (PID=1171) to work on /home/airflow/.local/lib/python3.7/site-packages/airflow/example_dags/example_branch_operator_decorator.py
[2024-07-06T14:19:49.541+0000] {processor.py:826} INFO - Processing file /home/airflow/.local/lib/python3.7/site-packages/airflow/example_dags/example_branch_operator_decorator.py for tasks to queue
[2024-07-06T14:19:49.542+0000] {logging_mixin.py:150} INFO - [2024-07-06T14:19:49.542+0000] {dagbag.py:541} INFO - Filling up the DagBag from /home/airflow/.local/lib/python3.7/site-packages/airflow/example_dags/example_branch_operator_decorator.py
[2024-07-06T14:19:49.550+0000] {processor.py:836} INFO - DAG(s) dict_keys(['example_branch_python_operator_decorator']) retrieved from /home/airflow/.local/lib/python3.7/site-packages/airflow/example_dags/example_branch_operator_decorator.py
[2024-07-06T14:19:49.576+0000] {logging_mixin.py:150} INFO - [2024-07-06T14:19:49.576+0000] {dag.py:2742} INFO - Sync 1 DAGs
[2024-07-06T14:19:49.592+0000] {logging_mixin.py:150} INFO - [2024-07-06T14:19:49.592+0000] {dag.py:3508} INFO - Setting next_dagrun for example_branch_python_operator_decorator to 2024-07-05T00:00:00+00:00, run_after=2024-07-06T00:00:00+00:00
[2024-07-06T14:19:49.603+0000] {processor.py:179} INFO - Processing /home/airflow/.local/lib/python3.7/site-packages/airflow/example_dags/example_branch_operator_decorator.py took 0.067 seconds
[2024-07-06T14:20:20.091+0000] {processor.py:157} INFO - Started process (PID=1233) to work on /home/airflow/.local/lib/python3.7/site-packages/airflow/example_dags/example_branch_operator_decorator.py
[2024-07-06T14:20:20.093+0000] {processor.py:826} INFO - Processing file /home/airflow/.local/lib/python3.7/site-packages/airflow/example_dags/example_branch_operator_decorator.py for tasks to queue
[2024-07-06T14:20:20.094+0000] {logging_mixin.py:150} INFO - [2024-07-06T14:20:20.094+0000] {dagbag.py:541} INFO - Filling up the DagBag from /home/airflow/.local/lib/python3.7/site-packages/airflow/example_dags/example_branch_operator_decorator.py
[2024-07-06T14:20:20.102+0000] {processor.py:836} INFO - DAG(s) dict_keys(['example_branch_python_operator_decorator']) retrieved from /home/airflow/.local/lib/python3.7/site-packages/airflow/example_dags/example_branch_operator_decorator.py
[2024-07-06T14:20:20.124+0000] {logging_mixin.py:150} INFO - [2024-07-06T14:20:20.123+0000] {dag.py:2742} INFO - Sync 1 DAGs
[2024-07-06T14:20:20.141+0000] {logging_mixin.py:150} INFO - [2024-07-06T14:20:20.141+0000] {dag.py:3508} INFO - Setting next_dagrun for example_branch_python_operator_decorator to 2024-07-05T00:00:00+00:00, run_after=2024-07-06T00:00:00+00:00
[2024-07-06T14:20:20.153+0000] {processor.py:179} INFO - Processing /home/airflow/.local/lib/python3.7/site-packages/airflow/example_dags/example_branch_operator_decorator.py took 0.064 seconds
[2024-07-06T14:20:50.594+0000] {processor.py:157} INFO - Started process (PID=1296) to work on /home/airflow/.local/lib/python3.7/site-packages/airflow/example_dags/example_branch_operator_decorator.py
[2024-07-06T14:20:50.596+0000] {processor.py:826} INFO - Processing file /home/airflow/.local/lib/python3.7/site-packages/airflow/example_dags/example_branch_operator_decorator.py for tasks to queue
[2024-07-06T14:20:50.599+0000] {logging_mixin.py:150} INFO - [2024-07-06T14:20:50.598+0000] {dagbag.py:541} INFO - Filling up the DagBag from /home/airflow/.local/lib/python3.7/site-packages/airflow/example_dags/example_branch_operator_decorator.py
[2024-07-06T14:20:50.609+0000] {processor.py:836} INFO - DAG(s) dict_keys(['example_branch_python_operator_decorator']) retrieved from /home/airflow/.local/lib/python3.7/site-packages/airflow/example_dags/example_branch_operator_decorator.py
[2024-07-06T14:20:50.630+0000] {logging_mixin.py:150} INFO - [2024-07-06T14:20:50.629+0000] {dag.py:2742} INFO - Sync 1 DAGs
[2024-07-06T14:20:50.647+0000] {logging_mixin.py:150} INFO - [2024-07-06T14:20:50.647+0000] {dag.py:3508} INFO - Setting next_dagrun for example_branch_python_operator_decorator to 2024-07-05T00:00:00+00:00, run_after=2024-07-06T00:00:00+00:00
[2024-07-06T14:20:50.660+0000] {processor.py:179} INFO - Processing /home/airflow/.local/lib/python3.7/site-packages/airflow/example_dags/example_branch_operator_decorator.py took 0.069 seconds
[2024-07-06T14:21:21.009+0000] {processor.py:157} INFO - Started process (PID=1359) to work on /home/airflow/.local/lib/python3.7/site-packages/airflow/example_dags/example_branch_operator_decorator.py
[2024-07-06T14:21:21.011+0000] {processor.py:826} INFO - Processing file /home/airflow/.local/lib/python3.7/site-packages/airflow/example_dags/example_branch_operator_decorator.py for tasks to queue
[2024-07-06T14:21:21.018+0000] {logging_mixin.py:150} INFO - [2024-07-06T14:21:21.018+0000] {dagbag.py:541} INFO - Filling up the DagBag from /home/airflow/.local/lib/python3.7/site-packages/airflow/example_dags/example_branch_operator_decorator.py
[2024-07-06T14:21:21.028+0000] {processor.py:836} INFO - DAG(s) dict_keys(['example_branch_python_operator_decorator']) retrieved from /home/airflow/.local/lib/python3.7/site-packages/airflow/example_dags/example_branch_operator_decorator.py
[2024-07-06T14:21:21.060+0000] {logging_mixin.py:150} INFO - [2024-07-06T14:21:21.060+0000] {dag.py:2742} INFO - Sync 1 DAGs
[2024-07-06T14:21:21.093+0000] {logging_mixin.py:150} INFO - [2024-07-06T14:21:21.093+0000] {dag.py:3508} INFO - Setting next_dagrun for example_branch_python_operator_decorator to 2024-07-05T00:00:00+00:00, run_after=2024-07-06T00:00:00+00:00
[2024-07-06T14:21:21.112+0000] {processor.py:179} INFO - Processing /home/airflow/.local/lib/python3.7/site-packages/airflow/example_dags/example_branch_operator_decorator.py took 0.108 seconds
[2024-07-06T14:21:51.462+0000] {processor.py:157} INFO - Started process (PID=1422) to work on /home/airflow/.local/lib/python3.7/site-packages/airflow/example_dags/example_branch_operator_decorator.py
[2024-07-06T14:21:51.463+0000] {processor.py:826} INFO - Processing file /home/airflow/.local/lib/python3.7/site-packages/airflow/example_dags/example_branch_operator_decorator.py for tasks to queue
[2024-07-06T14:21:51.465+0000] {logging_mixin.py:150} INFO - [2024-07-06T14:21:51.465+0000] {dagbag.py:541} INFO - Filling up the DagBag from /home/airflow/.local/lib/python3.7/site-packages/airflow/example_dags/example_branch_operator_decorator.py
[2024-07-06T14:21:51.481+0000] {processor.py:836} INFO - DAG(s) dict_keys(['example_branch_python_operator_decorator']) retrieved from /home/airflow/.local/lib/python3.7/site-packages/airflow/example_dags/example_branch_operator_decorator.py
[2024-07-06T14:21:51.514+0000] {logging_mixin.py:150} INFO - [2024-07-06T14:21:51.514+0000] {dag.py:2742} INFO - Sync 1 DAGs
[2024-07-06T14:21:51.549+0000] {logging_mixin.py:150} INFO - [2024-07-06T14:21:51.548+0000] {dag.py:3508} INFO - Setting next_dagrun for example_branch_python_operator_decorator to 2024-07-05T00:00:00+00:00, run_after=2024-07-06T00:00:00+00:00
[2024-07-06T14:21:51.569+0000] {processor.py:179} INFO - Processing /home/airflow/.local/lib/python3.7/site-packages/airflow/example_dags/example_branch_operator_decorator.py took 0.111 seconds
[2024-07-06T14:22:21.673+0000] {processor.py:157} INFO - Started process (PID=1485) to work on /home/airflow/.local/lib/python3.7/site-packages/airflow/example_dags/example_branch_operator_decorator.py
[2024-07-06T14:22:21.675+0000] {processor.py:826} INFO - Processing file /home/airflow/.local/lib/python3.7/site-packages/airflow/example_dags/example_branch_operator_decorator.py for tasks to queue
[2024-07-06T14:22:21.676+0000] {logging_mixin.py:150} INFO - [2024-07-06T14:22:21.676+0000] {dagbag.py:541} INFO - Filling up the DagBag from /home/airflow/.local/lib/python3.7/site-packages/airflow/example_dags/example_branch_operator_decorator.py
[2024-07-06T14:22:21.686+0000] {processor.py:836} INFO - DAG(s) dict_keys(['example_branch_python_operator_decorator']) retrieved from /home/airflow/.local/lib/python3.7/site-packages/airflow/example_dags/example_branch_operator_decorator.py
[2024-07-06T14:22:21.712+0000] {logging_mixin.py:150} INFO - [2024-07-06T14:22:21.711+0000] {dag.py:2742} INFO - Sync 1 DAGs
[2024-07-06T14:22:21.732+0000] {logging_mixin.py:150} INFO - [2024-07-06T14:22:21.732+0000] {dag.py:3508} INFO - Setting next_dagrun for example_branch_python_operator_decorator to 2024-07-05T00:00:00+00:00, run_after=2024-07-06T00:00:00+00:00
[2024-07-06T14:22:21.746+0000] {processor.py:179} INFO - Processing /home/airflow/.local/lib/python3.7/site-packages/airflow/example_dags/example_branch_operator_decorator.py took 0.077 seconds
[2024-07-06T14:22:52.100+0000] {processor.py:157} INFO - Started process (PID=1548) to work on /home/airflow/.local/lib/python3.7/site-packages/airflow/example_dags/example_branch_operator_decorator.py
[2024-07-06T14:22:52.102+0000] {processor.py:826} INFO - Processing file /home/airflow/.local/lib/python3.7/site-packages/airflow/example_dags/example_branch_operator_decorator.py for tasks to queue
[2024-07-06T14:22:52.103+0000] {logging_mixin.py:150} INFO - [2024-07-06T14:22:52.103+0000] {dagbag.py:541} INFO - Filling up the DagBag from /home/airflow/.local/lib/python3.7/site-packages/airflow/example_dags/example_branch_operator_decorator.py
[2024-07-06T14:22:52.112+0000] {processor.py:836} INFO - DAG(s) dict_keys(['example_branch_python_operator_decorator']) retrieved from /home/airflow/.local/lib/python3.7/site-packages/airflow/example_dags/example_branch_operator_decorator.py
[2024-07-06T14:22:52.142+0000] {logging_mixin.py:150} INFO - [2024-07-06T14:22:52.142+0000] {dag.py:2742} INFO - Sync 1 DAGs
[2024-07-06T14:22:52.174+0000] {logging_mixin.py:150} INFO - [2024-07-06T14:22:52.174+0000] {dag.py:3508} INFO - Setting next_dagrun for example_branch_python_operator_decorator to 2024-07-05T00:00:00+00:00, run_after=2024-07-06T00:00:00+00:00
[2024-07-06T14:22:52.188+0000] {processor.py:179} INFO - Processing /home/airflow/.local/lib/python3.7/site-packages/airflow/example_dags/example_branch_operator_decorator.py took 0.091 seconds
[2024-07-06T14:23:22.471+0000] {processor.py:157} INFO - Started process (PID=1611) to work on /home/airflow/.local/lib/python3.7/site-packages/airflow/example_dags/example_branch_operator_decorator.py
[2024-07-06T14:23:22.473+0000] {processor.py:826} INFO - Processing file /home/airflow/.local/lib/python3.7/site-packages/airflow/example_dags/example_branch_operator_decorator.py for tasks to queue
[2024-07-06T14:23:22.474+0000] {logging_mixin.py:150} INFO - [2024-07-06T14:23:22.474+0000] {dagbag.py:541} INFO - Filling up the DagBag from /home/airflow/.local/lib/python3.7/site-packages/airflow/example_dags/example_branch_operator_decorator.py
[2024-07-06T14:23:22.484+0000] {processor.py:836} INFO - DAG(s) dict_keys(['example_branch_python_operator_decorator']) retrieved from /home/airflow/.local/lib/python3.7/site-packages/airflow/example_dags/example_branch_operator_decorator.py
[2024-07-06T14:23:22.516+0000] {logging_mixin.py:150} INFO - [2024-07-06T14:23:22.516+0000] {dag.py:2742} INFO - Sync 1 DAGs
[2024-07-06T14:23:22.541+0000] {logging_mixin.py:150} INFO - [2024-07-06T14:23:22.541+0000] {dag.py:3508} INFO - Setting next_dagrun for example_branch_python_operator_decorator to 2024-07-05T00:00:00+00:00, run_after=2024-07-06T00:00:00+00:00
[2024-07-06T14:23:22.562+0000] {processor.py:179} INFO - Processing /home/airflow/.local/lib/python3.7/site-packages/airflow/example_dags/example_branch_operator_decorator.py took 0.094 seconds
[2024-07-06T14:23:53.100+0000] {processor.py:157} INFO - Started process (PID=1674) to work on /home/airflow/.local/lib/python3.7/site-packages/airflow/example_dags/example_branch_operator_decorator.py
[2024-07-06T14:23:53.102+0000] {processor.py:826} INFO - Processing file /home/airflow/.local/lib/python3.7/site-packages/airflow/example_dags/example_branch_operator_decorator.py for tasks to queue
[2024-07-06T14:23:53.104+0000] {logging_mixin.py:150} INFO - [2024-07-06T14:23:53.103+0000] {dagbag.py:541} INFO - Filling up the DagBag from /home/airflow/.local/lib/python3.7/site-packages/airflow/example_dags/example_branch_operator_decorator.py
[2024-07-06T14:23:53.112+0000] {processor.py:836} INFO - DAG(s) dict_keys(['example_branch_python_operator_decorator']) retrieved from /home/airflow/.local/lib/python3.7/site-packages/airflow/example_dags/example_branch_operator_decorator.py
[2024-07-06T14:23:53.137+0000] {logging_mixin.py:150} INFO - [2024-07-06T14:23:53.137+0000] {dag.py:2742} INFO - Sync 1 DAGs
[2024-07-06T14:23:53.156+0000] {logging_mixin.py:150} INFO - [2024-07-06T14:23:53.156+0000] {dag.py:3508} INFO - Setting next_dagrun for example_branch_python_operator_decorator to 2024-07-05T00:00:00+00:00, run_after=2024-07-06T00:00:00+00:00
[2024-07-06T14:23:53.170+0000] {processor.py:179} INFO - Processing /home/airflow/.local/lib/python3.7/site-packages/airflow/example_dags/example_branch_operator_decorator.py took 0.073 seconds
[2024-07-06T14:24:23.645+0000] {processor.py:157} INFO - Started process (PID=1737) to work on /home/airflow/.local/lib/python3.7/site-packages/airflow/example_dags/example_branch_operator_decorator.py
[2024-07-06T14:24:23.648+0000] {processor.py:826} INFO - Processing file /home/airflow/.local/lib/python3.7/site-packages/airflow/example_dags/example_branch_operator_decorator.py for tasks to queue
[2024-07-06T14:24:23.650+0000] {logging_mixin.py:150} INFO - [2024-07-06T14:24:23.650+0000] {dagbag.py:541} INFO - Filling up the DagBag from /home/airflow/.local/lib/python3.7/site-packages/airflow/example_dags/example_branch_operator_decorator.py
[2024-07-06T14:24:23.661+0000] {processor.py:836} INFO - DAG(s) dict_keys(['example_branch_python_operator_decorator']) retrieved from /home/airflow/.local/lib/python3.7/site-packages/airflow/example_dags/example_branch_operator_decorator.py
[2024-07-06T14:24:23.687+0000] {logging_mixin.py:150} INFO - [2024-07-06T14:24:23.686+0000] {dag.py:2742} INFO - Sync 1 DAGs
[2024-07-06T14:24:23.708+0000] {logging_mixin.py:150} INFO - [2024-07-06T14:24:23.708+0000] {dag.py:3508} INFO - Setting next_dagrun for example_branch_python_operator_decorator to 2024-07-05T00:00:00+00:00, run_after=2024-07-06T00:00:00+00:00
[2024-07-06T14:24:23.724+0000] {processor.py:179} INFO - Processing /home/airflow/.local/lib/python3.7/site-packages/airflow/example_dags/example_branch_operator_decorator.py took 0.083 seconds
[2024-07-06T14:24:54.658+0000] {processor.py:157} INFO - Started process (PID=1800) to work on /home/airflow/.local/lib/python3.7/site-packages/airflow/example_dags/example_branch_operator_decorator.py
[2024-07-06T14:24:54.661+0000] {processor.py:826} INFO - Processing file /home/airflow/.local/lib/python3.7/site-packages/airflow/example_dags/example_branch_operator_decorator.py for tasks to queue
[2024-07-06T14:24:54.665+0000] {logging_mixin.py:150} INFO - [2024-07-06T14:24:54.665+0000] {dagbag.py:541} INFO - Filling up the DagBag from /home/airflow/.local/lib/python3.7/site-packages/airflow/example_dags/example_branch_operator_decorator.py
[2024-07-06T14:24:54.675+0000] {processor.py:836} INFO - DAG(s) dict_keys(['example_branch_python_operator_decorator']) retrieved from /home/airflow/.local/lib/python3.7/site-packages/airflow/example_dags/example_branch_operator_decorator.py
[2024-07-06T14:24:54.696+0000] {logging_mixin.py:150} INFO - [2024-07-06T14:24:54.695+0000] {dag.py:2742} INFO - Sync 1 DAGs
[2024-07-06T14:24:54.712+0000] {logging_mixin.py:150} INFO - [2024-07-06T14:24:54.712+0000] {dag.py:3508} INFO - Setting next_dagrun for example_branch_python_operator_decorator to 2024-07-05T00:00:00+00:00, run_after=2024-07-06T00:00:00+00:00
[2024-07-06T14:24:54.723+0000] {processor.py:179} INFO - Processing /home/airflow/.local/lib/python3.7/site-packages/airflow/example_dags/example_branch_operator_decorator.py took 0.069 seconds
[2024-07-06T14:25:25.672+0000] {processor.py:157} INFO - Started process (PID=1864) to work on /home/airflow/.local/lib/python3.7/site-packages/airflow/example_dags/example_branch_operator_decorator.py
[2024-07-06T14:25:25.674+0000] {processor.py:826} INFO - Processing file /home/airflow/.local/lib/python3.7/site-packages/airflow/example_dags/example_branch_operator_decorator.py for tasks to queue
[2024-07-06T14:25:25.676+0000] {logging_mixin.py:150} INFO - [2024-07-06T14:25:25.676+0000] {dagbag.py:541} INFO - Filling up the DagBag from /home/airflow/.local/lib/python3.7/site-packages/airflow/example_dags/example_branch_operator_decorator.py
[2024-07-06T14:25:25.685+0000] {processor.py:836} INFO - DAG(s) dict_keys(['example_branch_python_operator_decorator']) retrieved from /home/airflow/.local/lib/python3.7/site-packages/airflow/example_dags/example_branch_operator_decorator.py
[2024-07-06T14:25:25.708+0000] {logging_mixin.py:150} INFO - [2024-07-06T14:25:25.708+0000] {dag.py:2742} INFO - Sync 1 DAGs
[2024-07-06T14:25:25.727+0000] {logging_mixin.py:150} INFO - [2024-07-06T14:25:25.727+0000] {dag.py:3508} INFO - Setting next_dagrun for example_branch_python_operator_decorator to 2024-07-05T00:00:00+00:00, run_after=2024-07-06T00:00:00+00:00
[2024-07-06T14:25:25.743+0000] {processor.py:179} INFO - Processing /home/airflow/.local/lib/python3.7/site-packages/airflow/example_dags/example_branch_operator_decorator.py took 0.074 seconds
[2024-07-06T14:25:56.600+0000] {processor.py:157} INFO - Started process (PID=1926) to work on /home/airflow/.local/lib/python3.7/site-packages/airflow/example_dags/example_branch_operator_decorator.py
[2024-07-06T14:25:56.601+0000] {processor.py:826} INFO - Processing file /home/airflow/.local/lib/python3.7/site-packages/airflow/example_dags/example_branch_operator_decorator.py for tasks to queue
[2024-07-06T14:25:56.603+0000] {logging_mixin.py:150} INFO - [2024-07-06T14:25:56.602+0000] {dagbag.py:541} INFO - Filling up the DagBag from /home/airflow/.local/lib/python3.7/site-packages/airflow/example_dags/example_branch_operator_decorator.py
[2024-07-06T14:25:56.611+0000] {processor.py:836} INFO - DAG(s) dict_keys(['example_branch_python_operator_decorator']) retrieved from /home/airflow/.local/lib/python3.7/site-packages/airflow/example_dags/example_branch_operator_decorator.py
[2024-07-06T14:25:56.632+0000] {logging_mixin.py:150} INFO - [2024-07-06T14:25:56.632+0000] {dag.py:2742} INFO - Sync 1 DAGs
[2024-07-06T14:25:56.650+0000] {logging_mixin.py:150} INFO - [2024-07-06T14:25:56.649+0000] {dag.py:3508} INFO - Setting next_dagrun for example_branch_python_operator_decorator to 2024-07-05T00:00:00+00:00, run_after=2024-07-06T00:00:00+00:00
[2024-07-06T14:25:56.662+0000] {processor.py:179} INFO - Processing /home/airflow/.local/lib/python3.7/site-packages/airflow/example_dags/example_branch_operator_decorator.py took 0.065 seconds
[2024-07-06T14:26:27.378+0000] {processor.py:157} INFO - Started process (PID=1990) to work on /home/airflow/.local/lib/python3.7/site-packages/airflow/example_dags/example_branch_operator_decorator.py
[2024-07-06T14:26:27.379+0000] {processor.py:826} INFO - Processing file /home/airflow/.local/lib/python3.7/site-packages/airflow/example_dags/example_branch_operator_decorator.py for tasks to queue
[2024-07-06T14:26:27.381+0000] {logging_mixin.py:150} INFO - [2024-07-06T14:26:27.381+0000] {dagbag.py:541} INFO - Filling up the DagBag from /home/airflow/.local/lib/python3.7/site-packages/airflow/example_dags/example_branch_operator_decorator.py
[2024-07-06T14:26:27.389+0000] {processor.py:836} INFO - DAG(s) dict_keys(['example_branch_python_operator_decorator']) retrieved from /home/airflow/.local/lib/python3.7/site-packages/airflow/example_dags/example_branch_operator_decorator.py
[2024-07-06T14:26:27.413+0000] {logging_mixin.py:150} INFO - [2024-07-06T14:26:27.412+0000] {dag.py:2742} INFO - Sync 1 DAGs
[2024-07-06T14:26:27.429+0000] {logging_mixin.py:150} INFO - [2024-07-06T14:26:27.429+0000] {dag.py:3508} INFO - Setting next_dagrun for example_branch_python_operator_decorator to 2024-07-05T00:00:00+00:00, run_after=2024-07-06T00:00:00+00:00
[2024-07-06T14:26:27.442+0000] {processor.py:179} INFO - Processing /home/airflow/.local/lib/python3.7/site-packages/airflow/example_dags/example_branch_operator_decorator.py took 0.068 seconds
[2024-07-06T14:26:57.828+0000] {processor.py:157} INFO - Started process (PID=2053) to work on /home/airflow/.local/lib/python3.7/site-packages/airflow/example_dags/example_branch_operator_decorator.py
[2024-07-06T14:26:57.830+0000] {processor.py:826} INFO - Processing file /home/airflow/.local/lib/python3.7/site-packages/airflow/example_dags/example_branch_operator_decorator.py for tasks to queue
[2024-07-06T14:26:57.831+0000] {logging_mixin.py:150} INFO - [2024-07-06T14:26:57.831+0000] {dagbag.py:541} INFO - Filling up the DagBag from /home/airflow/.local/lib/python3.7/site-packages/airflow/example_dags/example_branch_operator_decorator.py
[2024-07-06T14:26:57.839+0000] {processor.py:836} INFO - DAG(s) dict_keys(['example_branch_python_operator_decorator']) retrieved from /home/airflow/.local/lib/python3.7/site-packages/airflow/example_dags/example_branch_operator_decorator.py
[2024-07-06T14:26:57.860+0000] {logging_mixin.py:150} INFO - [2024-07-06T14:26:57.860+0000] {dag.py:2742} INFO - Sync 1 DAGs
[2024-07-06T14:26:57.877+0000] {logging_mixin.py:150} INFO - [2024-07-06T14:26:57.877+0000] {dag.py:3508} INFO - Setting next_dagrun for example_branch_python_operator_decorator to 2024-07-05T00:00:00+00:00, run_after=2024-07-06T00:00:00+00:00
[2024-07-06T14:26:57.890+0000] {processor.py:179} INFO - Processing /home/airflow/.local/lib/python3.7/site-packages/airflow/example_dags/example_branch_operator_decorator.py took 0.065 seconds
[2024-07-06T14:27:28.133+0000] {processor.py:157} INFO - Started process (PID=2115) to work on /home/airflow/.local/lib/python3.7/site-packages/airflow/example_dags/example_branch_operator_decorator.py
[2024-07-06T14:27:28.134+0000] {processor.py:826} INFO - Processing file /home/airflow/.local/lib/python3.7/site-packages/airflow/example_dags/example_branch_operator_decorator.py for tasks to queue
[2024-07-06T14:27:28.136+0000] {logging_mixin.py:150} INFO - [2024-07-06T14:27:28.136+0000] {dagbag.py:541} INFO - Filling up the DagBag from /home/airflow/.local/lib/python3.7/site-packages/airflow/example_dags/example_branch_operator_decorator.py
[2024-07-06T14:27:28.144+0000] {processor.py:836} INFO - DAG(s) dict_keys(['example_branch_python_operator_decorator']) retrieved from /home/airflow/.local/lib/python3.7/site-packages/airflow/example_dags/example_branch_operator_decorator.py
[2024-07-06T14:27:28.166+0000] {logging_mixin.py:150} INFO - [2024-07-06T14:27:28.166+0000] {dag.py:2742} INFO - Sync 1 DAGs
[2024-07-06T14:27:28.184+0000] {logging_mixin.py:150} INFO - [2024-07-06T14:27:28.184+0000] {dag.py:3508} INFO - Setting next_dagrun for example_branch_python_operator_decorator to 2024-07-05T00:00:00+00:00, run_after=2024-07-06T00:00:00+00:00
[2024-07-06T14:27:28.198+0000] {processor.py:179} INFO - Processing /home/airflow/.local/lib/python3.7/site-packages/airflow/example_dags/example_branch_operator_decorator.py took 0.067 seconds
[2024-07-06T14:27:58.846+0000] {processor.py:157} INFO - Started process (PID=2183) to work on /home/airflow/.local/lib/python3.7/site-packages/airflow/example_dags/example_branch_operator_decorator.py
[2024-07-06T14:27:58.848+0000] {processor.py:826} INFO - Processing file /home/airflow/.local/lib/python3.7/site-packages/airflow/example_dags/example_branch_operator_decorator.py for tasks to queue
[2024-07-06T14:27:58.849+0000] {logging_mixin.py:150} INFO - [2024-07-06T14:27:58.849+0000] {dagbag.py:541} INFO - Filling up the DagBag from /home/airflow/.local/lib/python3.7/site-packages/airflow/example_dags/example_branch_operator_decorator.py
[2024-07-06T14:27:58.857+0000] {processor.py:836} INFO - DAG(s) dict_keys(['example_branch_python_operator_decorator']) retrieved from /home/airflow/.local/lib/python3.7/site-packages/airflow/example_dags/example_branch_operator_decorator.py
[2024-07-06T14:27:58.880+0000] {logging_mixin.py:150} INFO - [2024-07-06T14:27:58.880+0000] {dag.py:2742} INFO - Sync 1 DAGs
[2024-07-06T14:27:58.898+0000] {logging_mixin.py:150} INFO - [2024-07-06T14:27:58.898+0000] {dag.py:3508} INFO - Setting next_dagrun for example_branch_python_operator_decorator to 2024-07-05T00:00:00+00:00, run_after=2024-07-06T00:00:00+00:00
[2024-07-06T14:27:58.910+0000] {processor.py:179} INFO - Processing /home/airflow/.local/lib/python3.7/site-packages/airflow/example_dags/example_branch_operator_decorator.py took 0.067 seconds
[2024-07-06T14:28:29.043+0000] {processor.py:157} INFO - Started process (PID=2251) to work on /home/airflow/.local/lib/python3.7/site-packages/airflow/example_dags/example_branch_operator_decorator.py
[2024-07-06T14:28:29.045+0000] {processor.py:826} INFO - Processing file /home/airflow/.local/lib/python3.7/site-packages/airflow/example_dags/example_branch_operator_decorator.py for tasks to queue
[2024-07-06T14:28:29.046+0000] {logging_mixin.py:150} INFO - [2024-07-06T14:28:29.046+0000] {dagbag.py:541} INFO - Filling up the DagBag from /home/airflow/.local/lib/python3.7/site-packages/airflow/example_dags/example_branch_operator_decorator.py
[2024-07-06T14:28:29.055+0000] {processor.py:836} INFO - DAG(s) dict_keys(['example_branch_python_operator_decorator']) retrieved from /home/airflow/.local/lib/python3.7/site-packages/airflow/example_dags/example_branch_operator_decorator.py
[2024-07-06T14:28:29.085+0000] {logging_mixin.py:150} INFO - [2024-07-06T14:28:29.085+0000] {dag.py:2742} INFO - Sync 1 DAGs
[2024-07-06T14:28:29.105+0000] {logging_mixin.py:150} INFO - [2024-07-06T14:28:29.105+0000] {dag.py:3508} INFO - Setting next_dagrun for example_branch_python_operator_decorator to 2024-07-05T00:00:00+00:00, run_after=2024-07-06T00:00:00+00:00
[2024-07-06T14:28:29.125+0000] {processor.py:179} INFO - Processing /home/airflow/.local/lib/python3.7/site-packages/airflow/example_dags/example_branch_operator_decorator.py took 0.085 seconds
[2024-07-06T14:28:59.431+0000] {processor.py:157} INFO - Started process (PID=2314) to work on /home/airflow/.local/lib/python3.7/site-packages/airflow/example_dags/example_branch_operator_decorator.py
[2024-07-06T14:28:59.432+0000] {processor.py:826} INFO - Processing file /home/airflow/.local/lib/python3.7/site-packages/airflow/example_dags/example_branch_operator_decorator.py for tasks to queue
[2024-07-06T14:28:59.434+0000] {logging_mixin.py:150} INFO - [2024-07-06T14:28:59.433+0000] {dagbag.py:541} INFO - Filling up the DagBag from /home/airflow/.local/lib/python3.7/site-packages/airflow/example_dags/example_branch_operator_decorator.py
[2024-07-06T14:28:59.441+0000] {processor.py:836} INFO - DAG(s) dict_keys(['example_branch_python_operator_decorator']) retrieved from /home/airflow/.local/lib/python3.7/site-packages/airflow/example_dags/example_branch_operator_decorator.py
[2024-07-06T14:28:59.464+0000] {logging_mixin.py:150} INFO - [2024-07-06T14:28:59.464+0000] {dag.py:2742} INFO - Sync 1 DAGs
[2024-07-06T14:28:59.480+0000] {logging_mixin.py:150} INFO - [2024-07-06T14:28:59.480+0000] {dag.py:3508} INFO - Setting next_dagrun for example_branch_python_operator_decorator to 2024-07-05T00:00:00+00:00, run_after=2024-07-06T00:00:00+00:00
[2024-07-06T14:28:59.492+0000] {processor.py:179} INFO - Processing /home/airflow/.local/lib/python3.7/site-packages/airflow/example_dags/example_branch_operator_decorator.py took 0.063 seconds
[2024-07-06T14:29:30.378+0000] {processor.py:157} INFO - Started process (PID=2377) to work on /home/airflow/.local/lib/python3.7/site-packages/airflow/example_dags/example_branch_operator_decorator.py
[2024-07-06T14:29:30.381+0000] {processor.py:826} INFO - Processing file /home/airflow/.local/lib/python3.7/site-packages/airflow/example_dags/example_branch_operator_decorator.py for tasks to queue
[2024-07-06T14:29:30.383+0000] {logging_mixin.py:150} INFO - [2024-07-06T14:29:30.382+0000] {dagbag.py:541} INFO - Filling up the DagBag from /home/airflow/.local/lib/python3.7/site-packages/airflow/example_dags/example_branch_operator_decorator.py
[2024-07-06T14:29:30.392+0000] {processor.py:836} INFO - DAG(s) dict_keys(['example_branch_python_operator_decorator']) retrieved from /home/airflow/.local/lib/python3.7/site-packages/airflow/example_dags/example_branch_operator_decorator.py
[2024-07-06T14:29:30.422+0000] {logging_mixin.py:150} INFO - [2024-07-06T14:29:30.422+0000] {dag.py:2742} INFO - Sync 1 DAGs
[2024-07-06T14:29:30.446+0000] {logging_mixin.py:150} INFO - [2024-07-06T14:29:30.446+0000] {dag.py:3508} INFO - Setting next_dagrun for example_branch_python_operator_decorator to 2024-07-05T00:00:00+00:00, run_after=2024-07-06T00:00:00+00:00
[2024-07-06T14:29:30.463+0000] {processor.py:179} INFO - Processing /home/airflow/.local/lib/python3.7/site-packages/airflow/example_dags/example_branch_operator_decorator.py took 0.088 seconds
[2024-07-06T14:30:00.652+0000] {processor.py:157} INFO - Started process (PID=2444) to work on /home/airflow/.local/lib/python3.7/site-packages/airflow/example_dags/example_branch_operator_decorator.py
[2024-07-06T14:30:00.654+0000] {processor.py:826} INFO - Processing file /home/airflow/.local/lib/python3.7/site-packages/airflow/example_dags/example_branch_operator_decorator.py for tasks to queue
[2024-07-06T14:30:00.656+0000] {logging_mixin.py:150} INFO - [2024-07-06T14:30:00.655+0000] {dagbag.py:541} INFO - Filling up the DagBag from /home/airflow/.local/lib/python3.7/site-packages/airflow/example_dags/example_branch_operator_decorator.py
[2024-07-06T14:30:00.674+0000] {processor.py:836} INFO - DAG(s) dict_keys(['example_branch_python_operator_decorator']) retrieved from /home/airflow/.local/lib/python3.7/site-packages/airflow/example_dags/example_branch_operator_decorator.py
[2024-07-06T14:30:00.709+0000] {logging_mixin.py:150} INFO - [2024-07-06T14:30:00.708+0000] {dag.py:2742} INFO - Sync 1 DAGs
[2024-07-06T14:30:00.729+0000] {logging_mixin.py:150} INFO - [2024-07-06T14:30:00.729+0000] {dag.py:3508} INFO - Setting next_dagrun for example_branch_python_operator_decorator to 2024-07-05T00:00:00+00:00, run_after=2024-07-06T00:00:00+00:00
[2024-07-06T14:30:00.748+0000] {processor.py:179} INFO - Processing /home/airflow/.local/lib/python3.7/site-packages/airflow/example_dags/example_branch_operator_decorator.py took 0.102 seconds
[2024-07-06T14:30:30.850+0000] {processor.py:157} INFO - Started process (PID=2507) to work on /home/airflow/.local/lib/python3.7/site-packages/airflow/example_dags/example_branch_operator_decorator.py
[2024-07-06T14:30:30.853+0000] {processor.py:826} INFO - Processing file /home/airflow/.local/lib/python3.7/site-packages/airflow/example_dags/example_branch_operator_decorator.py for tasks to queue
[2024-07-06T14:30:30.855+0000] {logging_mixin.py:150} INFO - [2024-07-06T14:30:30.854+0000] {dagbag.py:541} INFO - Filling up the DagBag from /home/airflow/.local/lib/python3.7/site-packages/airflow/example_dags/example_branch_operator_decorator.py
[2024-07-06T14:30:30.864+0000] {processor.py:836} INFO - DAG(s) dict_keys(['example_branch_python_operator_decorator']) retrieved from /home/airflow/.local/lib/python3.7/site-packages/airflow/example_dags/example_branch_operator_decorator.py
[2024-07-06T14:30:30.884+0000] {logging_mixin.py:150} INFO - [2024-07-06T14:30:30.884+0000] {dag.py:2742} INFO - Sync 1 DAGs
[2024-07-06T14:30:30.902+0000] {logging_mixin.py:150} INFO - [2024-07-06T14:30:30.902+0000] {dag.py:3508} INFO - Setting next_dagrun for example_branch_python_operator_decorator to 2024-07-05T00:00:00+00:00, run_after=2024-07-06T00:00:00+00:00
[2024-07-06T14:30:30.919+0000] {processor.py:179} INFO - Processing /home/airflow/.local/lib/python3.7/site-packages/airflow/example_dags/example_branch_operator_decorator.py took 0.071 seconds
