[2024-07-06T14:10:44.486+0000] {processor.py:157} INFO - Started process (PID=62) to work on /home/airflow/.local/lib/python3.7/site-packages/airflow/example_dags/example_latest_only.py
[2024-07-06T14:10:44.490+0000] {processor.py:826} INFO - Processing file /home/airflow/.local/lib/python3.7/site-packages/airflow/example_dags/example_latest_only.py for tasks to queue
[2024-07-06T14:10:44.493+0000] {logging_mixin.py:150} INFO - [2024-07-06T14:10:44.492+0000] {dagbag.py:541} INFO - Filling up the DagBag from /home/airflow/.local/lib/python3.7/site-packages/airflow/example_dags/example_latest_only.py
[2024-07-06T14:10:44.521+0000] {processor.py:836} INFO - DAG(s) dict_keys(['latest_only']) retrieved from /home/airflow/.local/lib/python3.7/site-packages/airflow/example_dags/example_latest_only.py
[2024-07-06T14:10:44.582+0000] {logging_mixin.py:150} INFO - [2024-07-06T14:10:44.581+0000] {dag.py:2742} INFO - Sync 1 DAGs
[2024-07-06T14:10:44.643+0000] {logging_mixin.py:150} INFO - [2024-07-06T14:10:44.643+0000] {dag.py:3508} INFO - Setting next_dagrun for latest_only to 2024-07-06T10:10:44.643190+00:00, run_after=2024-07-06T14:10:44.643190+00:00
[2024-07-06T14:10:44.665+0000] {processor.py:179} INFO - Processing /home/airflow/.local/lib/python3.7/site-packages/airflow/example_dags/example_latest_only.py took 0.185 seconds
[2024-07-06T14:11:15.276+0000] {processor.py:157} INFO - Started process (PID=124) to work on /home/airflow/.local/lib/python3.7/site-packages/airflow/example_dags/example_latest_only.py
[2024-07-06T14:11:15.280+0000] {processor.py:826} INFO - Processing file /home/airflow/.local/lib/python3.7/site-packages/airflow/example_dags/example_latest_only.py for tasks to queue
[2024-07-06T14:11:15.282+0000] {logging_mixin.py:150} INFO - [2024-07-06T14:11:15.282+0000] {dagbag.py:541} INFO - Filling up the DagBag from /home/airflow/.local/lib/python3.7/site-packages/airflow/example_dags/example_latest_only.py
[2024-07-06T14:11:15.299+0000] {processor.py:836} INFO - DAG(s) dict_keys(['latest_only']) retrieved from /home/airflow/.local/lib/python3.7/site-packages/airflow/example_dags/example_latest_only.py
[2024-07-06T14:11:15.339+0000] {logging_mixin.py:150} INFO - [2024-07-06T14:11:15.339+0000] {dag.py:2742} INFO - Sync 1 DAGs
[2024-07-06T14:11:15.359+0000] {logging_mixin.py:150} INFO - [2024-07-06T14:11:15.359+0000] {dag.py:3508} INFO - Setting next_dagrun for latest_only to 2024-07-06T10:11:15.359183+00:00, run_after=2024-07-06T14:11:15.359183+00:00
[2024-07-06T14:11:15.379+0000] {processor.py:179} INFO - Processing /home/airflow/.local/lib/python3.7/site-packages/airflow/example_dags/example_latest_only.py took 0.110 seconds
[2024-07-06T14:11:46.059+0000] {processor.py:157} INFO - Started process (PID=187) to work on /home/airflow/.local/lib/python3.7/site-packages/airflow/example_dags/example_latest_only.py
[2024-07-06T14:11:46.061+0000] {processor.py:826} INFO - Processing file /home/airflow/.local/lib/python3.7/site-packages/airflow/example_dags/example_latest_only.py for tasks to queue
[2024-07-06T14:11:46.063+0000] {logging_mixin.py:150} INFO - [2024-07-06T14:11:46.062+0000] {dagbag.py:541} INFO - Filling up the DagBag from /home/airflow/.local/lib/python3.7/site-packages/airflow/example_dags/example_latest_only.py
[2024-07-06T14:11:46.069+0000] {processor.py:836} INFO - DAG(s) dict_keys(['latest_only']) retrieved from /home/airflow/.local/lib/python3.7/site-packages/airflow/example_dags/example_latest_only.py
[2024-07-06T14:11:46.092+0000] {logging_mixin.py:150} INFO - [2024-07-06T14:11:46.092+0000] {dag.py:2742} INFO - Sync 1 DAGs
[2024-07-06T14:11:46.115+0000] {logging_mixin.py:150} INFO - [2024-07-06T14:11:46.115+0000] {dag.py:3508} INFO - Setting next_dagrun for latest_only to 2024-07-06T10:11:46.115110+00:00, run_after=2024-07-06T14:11:46.115110+00:00
[2024-07-06T14:11:46.131+0000] {processor.py:179} INFO - Processing /home/airflow/.local/lib/python3.7/site-packages/airflow/example_dags/example_latest_only.py took 0.076 seconds
[2024-07-06T14:12:16.447+0000] {processor.py:157} INFO - Started process (PID=250) to work on /home/airflow/.local/lib/python3.7/site-packages/airflow/example_dags/example_latest_only.py
[2024-07-06T14:12:16.450+0000] {processor.py:826} INFO - Processing file /home/airflow/.local/lib/python3.7/site-packages/airflow/example_dags/example_latest_only.py for tasks to queue
[2024-07-06T14:12:16.452+0000] {logging_mixin.py:150} INFO - [2024-07-06T14:12:16.452+0000] {dagbag.py:541} INFO - Filling up the DagBag from /home/airflow/.local/lib/python3.7/site-packages/airflow/example_dags/example_latest_only.py
[2024-07-06T14:12:16.459+0000] {processor.py:836} INFO - DAG(s) dict_keys(['latest_only']) retrieved from /home/airflow/.local/lib/python3.7/site-packages/airflow/example_dags/example_latest_only.py
[2024-07-06T14:12:16.486+0000] {logging_mixin.py:150} INFO - [2024-07-06T14:12:16.486+0000] {dag.py:2742} INFO - Sync 1 DAGs
[2024-07-06T14:12:16.509+0000] {logging_mixin.py:150} INFO - [2024-07-06T14:12:16.509+0000] {dag.py:3508} INFO - Setting next_dagrun for latest_only to 2024-07-06T10:12:16.509055+00:00, run_after=2024-07-06T14:12:16.509055+00:00
[2024-07-06T14:12:16.527+0000] {processor.py:179} INFO - Processing /home/airflow/.local/lib/python3.7/site-packages/airflow/example_dags/example_latest_only.py took 0.083 seconds
[2024-07-06T14:12:46.721+0000] {processor.py:157} INFO - Started process (PID=313) to work on /home/airflow/.local/lib/python3.7/site-packages/airflow/example_dags/example_latest_only.py
[2024-07-06T14:12:46.723+0000] {processor.py:826} INFO - Processing file /home/airflow/.local/lib/python3.7/site-packages/airflow/example_dags/example_latest_only.py for tasks to queue
[2024-07-06T14:12:46.724+0000] {logging_mixin.py:150} INFO - [2024-07-06T14:12:46.724+0000] {dagbag.py:541} INFO - Filling up the DagBag from /home/airflow/.local/lib/python3.7/site-packages/airflow/example_dags/example_latest_only.py
[2024-07-06T14:12:46.729+0000] {processor.py:836} INFO - DAG(s) dict_keys(['latest_only']) retrieved from /home/airflow/.local/lib/python3.7/site-packages/airflow/example_dags/example_latest_only.py
[2024-07-06T14:12:46.750+0000] {logging_mixin.py:150} INFO - [2024-07-06T14:12:46.750+0000] {dag.py:2742} INFO - Sync 1 DAGs
[2024-07-06T14:12:46.775+0000] {logging_mixin.py:150} INFO - [2024-07-06T14:12:46.775+0000] {dag.py:3508} INFO - Setting next_dagrun for latest_only to 2024-07-06T10:12:46.775299+00:00, run_after=2024-07-06T14:12:46.775299+00:00
[2024-07-06T14:12:46.788+0000] {processor.py:179} INFO - Processing /home/airflow/.local/lib/python3.7/site-packages/airflow/example_dags/example_latest_only.py took 0.070 seconds
[2024-07-06T14:13:16.982+0000] {processor.py:157} INFO - Started process (PID=376) to work on /home/airflow/.local/lib/python3.7/site-packages/airflow/example_dags/example_latest_only.py
[2024-07-06T14:13:16.985+0000] {processor.py:826} INFO - Processing file /home/airflow/.local/lib/python3.7/site-packages/airflow/example_dags/example_latest_only.py for tasks to queue
[2024-07-06T14:13:16.987+0000] {logging_mixin.py:150} INFO - [2024-07-06T14:13:16.987+0000] {dagbag.py:541} INFO - Filling up the DagBag from /home/airflow/.local/lib/python3.7/site-packages/airflow/example_dags/example_latest_only.py
[2024-07-06T14:13:16.993+0000] {processor.py:836} INFO - DAG(s) dict_keys(['latest_only']) retrieved from /home/airflow/.local/lib/python3.7/site-packages/airflow/example_dags/example_latest_only.py
[2024-07-06T14:13:17.014+0000] {logging_mixin.py:150} INFO - [2024-07-06T14:13:17.014+0000] {dag.py:2742} INFO - Sync 1 DAGs
[2024-07-06T14:13:17.034+0000] {logging_mixin.py:150} INFO - [2024-07-06T14:13:17.034+0000] {dag.py:3508} INFO - Setting next_dagrun for latest_only to 2024-07-06T10:13:17.033795+00:00, run_after=2024-07-06T14:13:17.033795+00:00
[2024-07-06T14:13:17.049+0000] {processor.py:179} INFO - Processing /home/airflow/.local/lib/python3.7/site-packages/airflow/example_dags/example_latest_only.py took 0.069 seconds
[2024-07-06T14:13:47.383+0000] {processor.py:157} INFO - Started process (PID=440) to work on /home/airflow/.local/lib/python3.7/site-packages/airflow/example_dags/example_latest_only.py
[2024-07-06T14:13:47.387+0000] {processor.py:826} INFO - Processing file /home/airflow/.local/lib/python3.7/site-packages/airflow/example_dags/example_latest_only.py for tasks to queue
[2024-07-06T14:13:47.389+0000] {logging_mixin.py:150} INFO - [2024-07-06T14:13:47.389+0000] {dagbag.py:541} INFO - Filling up the DagBag from /home/airflow/.local/lib/python3.7/site-packages/airflow/example_dags/example_latest_only.py
[2024-07-06T14:13:47.396+0000] {processor.py:836} INFO - DAG(s) dict_keys(['latest_only']) retrieved from /home/airflow/.local/lib/python3.7/site-packages/airflow/example_dags/example_latest_only.py
[2024-07-06T14:13:47.418+0000] {logging_mixin.py:150} INFO - [2024-07-06T14:13:47.418+0000] {dag.py:2742} INFO - Sync 1 DAGs
[2024-07-06T14:13:47.439+0000] {logging_mixin.py:150} INFO - [2024-07-06T14:13:47.439+0000] {dag.py:3508} INFO - Setting next_dagrun for latest_only to 2024-07-06T10:13:47.439034+00:00, run_after=2024-07-06T14:13:47.439034+00:00
[2024-07-06T14:13:47.454+0000] {processor.py:179} INFO - Processing /home/airflow/.local/lib/python3.7/site-packages/airflow/example_dags/example_latest_only.py took 0.074 seconds
[2024-07-06T14:14:17.724+0000] {processor.py:157} INFO - Started process (PID=503) to work on /home/airflow/.local/lib/python3.7/site-packages/airflow/example_dags/example_latest_only.py
[2024-07-06T14:14:17.725+0000] {processor.py:826} INFO - Processing file /home/airflow/.local/lib/python3.7/site-packages/airflow/example_dags/example_latest_only.py for tasks to queue
[2024-07-06T14:14:17.727+0000] {logging_mixin.py:150} INFO - [2024-07-06T14:14:17.727+0000] {dagbag.py:541} INFO - Filling up the DagBag from /home/airflow/.local/lib/python3.7/site-packages/airflow/example_dags/example_latest_only.py
[2024-07-06T14:14:17.733+0000] {processor.py:836} INFO - DAG(s) dict_keys(['latest_only']) retrieved from /home/airflow/.local/lib/python3.7/site-packages/airflow/example_dags/example_latest_only.py
[2024-07-06T14:14:17.755+0000] {logging_mixin.py:150} INFO - [2024-07-06T14:14:17.754+0000] {dag.py:2742} INFO - Sync 1 DAGs
[2024-07-06T14:14:17.774+0000] {logging_mixin.py:150} INFO - [2024-07-06T14:14:17.774+0000] {dag.py:3508} INFO - Setting next_dagrun for latest_only to 2024-07-06T10:14:17.774135+00:00, run_after=2024-07-06T14:14:17.774135+00:00
[2024-07-06T14:14:17.789+0000] {processor.py:179} INFO - Processing /home/airflow/.local/lib/python3.7/site-packages/airflow/example_dags/example_latest_only.py took 0.068 seconds
[2024-07-06T14:14:48.242+0000] {processor.py:157} INFO - Started process (PID=567) to work on /home/airflow/.local/lib/python3.7/site-packages/airflow/example_dags/example_latest_only.py
[2024-07-06T14:14:48.244+0000] {processor.py:826} INFO - Processing file /home/airflow/.local/lib/python3.7/site-packages/airflow/example_dags/example_latest_only.py for tasks to queue
[2024-07-06T14:14:48.245+0000] {logging_mixin.py:150} INFO - [2024-07-06T14:14:48.245+0000] {dagbag.py:541} INFO - Filling up the DagBag from /home/airflow/.local/lib/python3.7/site-packages/airflow/example_dags/example_latest_only.py
[2024-07-06T14:14:48.251+0000] {processor.py:836} INFO - DAG(s) dict_keys(['latest_only']) retrieved from /home/airflow/.local/lib/python3.7/site-packages/airflow/example_dags/example_latest_only.py
[2024-07-06T14:14:48.273+0000] {logging_mixin.py:150} INFO - [2024-07-06T14:14:48.272+0000] {dag.py:2742} INFO - Sync 1 DAGs
[2024-07-06T14:14:48.291+0000] {logging_mixin.py:150} INFO - [2024-07-06T14:14:48.290+0000] {dag.py:3508} INFO - Setting next_dagrun for latest_only to 2024-07-06T10:14:48.290735+00:00, run_after=2024-07-06T14:14:48.290735+00:00
[2024-07-06T14:14:48.306+0000] {processor.py:179} INFO - Processing /home/airflow/.local/lib/python3.7/site-packages/airflow/example_dags/example_latest_only.py took 0.066 seconds
[2024-07-06T14:15:19.547+0000] {processor.py:157} INFO - Started process (PID=630) to work on /home/airflow/.local/lib/python3.7/site-packages/airflow/example_dags/example_latest_only.py
[2024-07-06T14:15:19.549+0000] {processor.py:826} INFO - Processing file /home/airflow/.local/lib/python3.7/site-packages/airflow/example_dags/example_latest_only.py for tasks to queue
[2024-07-06T14:15:19.553+0000] {logging_mixin.py:150} INFO - [2024-07-06T14:15:19.552+0000] {dagbag.py:541} INFO - Filling up the DagBag from /home/airflow/.local/lib/python3.7/site-packages/airflow/example_dags/example_latest_only.py
[2024-07-06T14:15:19.561+0000] {processor.py:836} INFO - DAG(s) dict_keys(['latest_only']) retrieved from /home/airflow/.local/lib/python3.7/site-packages/airflow/example_dags/example_latest_only.py
[2024-07-06T14:15:19.599+0000] {logging_mixin.py:150} INFO - [2024-07-06T14:15:19.598+0000] {dag.py:2742} INFO - Sync 1 DAGs
[2024-07-06T14:15:19.622+0000] {logging_mixin.py:150} INFO - [2024-07-06T14:15:19.622+0000] {dag.py:3508} INFO - Setting next_dagrun for latest_only to 2024-07-06T10:15:19.621929+00:00, run_after=2024-07-06T14:15:19.621929+00:00
[2024-07-06T14:15:19.636+0000] {processor.py:179} INFO - Processing /home/airflow/.local/lib/python3.7/site-packages/airflow/example_dags/example_latest_only.py took 0.095 seconds
[2024-07-06T14:15:49.905+0000] {processor.py:157} INFO - Started process (PID=691) to work on /home/airflow/.local/lib/python3.7/site-packages/airflow/example_dags/example_latest_only.py
[2024-07-06T14:15:49.908+0000] {processor.py:826} INFO - Processing file /home/airflow/.local/lib/python3.7/site-packages/airflow/example_dags/example_latest_only.py for tasks to queue
[2024-07-06T14:15:49.910+0000] {logging_mixin.py:150} INFO - [2024-07-06T14:15:49.909+0000] {dagbag.py:541} INFO - Filling up the DagBag from /home/airflow/.local/lib/python3.7/site-packages/airflow/example_dags/example_latest_only.py
[2024-07-06T14:15:49.916+0000] {processor.py:836} INFO - DAG(s) dict_keys(['latest_only']) retrieved from /home/airflow/.local/lib/python3.7/site-packages/airflow/example_dags/example_latest_only.py
[2024-07-06T14:15:49.940+0000] {logging_mixin.py:150} INFO - [2024-07-06T14:15:49.940+0000] {dag.py:2742} INFO - Sync 1 DAGs
[2024-07-06T14:15:49.963+0000] {logging_mixin.py:150} INFO - [2024-07-06T14:15:49.963+0000] {dag.py:3508} INFO - Setting next_dagrun for latest_only to 2024-07-06T10:15:49.963198+00:00, run_after=2024-07-06T14:15:49.963198+00:00
[2024-07-06T14:15:49.978+0000] {processor.py:179} INFO - Processing /home/airflow/.local/lib/python3.7/site-packages/airflow/example_dags/example_latest_only.py took 0.077 seconds
[2024-07-06T14:16:20.556+0000] {processor.py:157} INFO - Started process (PID=754) to work on /home/airflow/.local/lib/python3.7/site-packages/airflow/example_dags/example_latest_only.py
[2024-07-06T14:16:20.558+0000] {processor.py:826} INFO - Processing file /home/airflow/.local/lib/python3.7/site-packages/airflow/example_dags/example_latest_only.py for tasks to queue
[2024-07-06T14:16:20.560+0000] {logging_mixin.py:150} INFO - [2024-07-06T14:16:20.559+0000] {dagbag.py:541} INFO - Filling up the DagBag from /home/airflow/.local/lib/python3.7/site-packages/airflow/example_dags/example_latest_only.py
[2024-07-06T14:16:20.566+0000] {processor.py:836} INFO - DAG(s) dict_keys(['latest_only']) retrieved from /home/airflow/.local/lib/python3.7/site-packages/airflow/example_dags/example_latest_only.py
[2024-07-06T14:16:20.587+0000] {logging_mixin.py:150} INFO - [2024-07-06T14:16:20.587+0000] {dag.py:2742} INFO - Sync 1 DAGs
[2024-07-06T14:16:20.605+0000] {logging_mixin.py:150} INFO - [2024-07-06T14:16:20.605+0000] {dag.py:3508} INFO - Setting next_dagrun for latest_only to 2024-07-06T10:16:20.605658+00:00, run_after=2024-07-06T14:16:20.605658+00:00
[2024-07-06T14:16:20.619+0000] {processor.py:179} INFO - Processing /home/airflow/.local/lib/python3.7/site-packages/airflow/example_dags/example_latest_only.py took 0.067 seconds
[2024-07-06T14:16:50.839+0000] {processor.py:157} INFO - Started process (PID=813) to work on /home/airflow/.local/lib/python3.7/site-packages/airflow/example_dags/example_latest_only.py
[2024-07-06T14:16:50.841+0000] {processor.py:826} INFO - Processing file /home/airflow/.local/lib/python3.7/site-packages/airflow/example_dags/example_latest_only.py for tasks to queue
[2024-07-06T14:16:50.844+0000] {logging_mixin.py:150} INFO - [2024-07-06T14:16:50.843+0000] {dagbag.py:541} INFO - Filling up the DagBag from /home/airflow/.local/lib/python3.7/site-packages/airflow/example_dags/example_latest_only.py
[2024-07-06T14:16:50.850+0000] {processor.py:836} INFO - DAG(s) dict_keys(['latest_only']) retrieved from /home/airflow/.local/lib/python3.7/site-packages/airflow/example_dags/example_latest_only.py
[2024-07-06T14:16:50.873+0000] {logging_mixin.py:150} INFO - [2024-07-06T14:16:50.873+0000] {dag.py:2742} INFO - Sync 1 DAGs
[2024-07-06T14:16:50.893+0000] {logging_mixin.py:150} INFO - [2024-07-06T14:16:50.893+0000] {dag.py:3508} INFO - Setting next_dagrun for latest_only to 2024-07-06T10:16:50.893202+00:00, run_after=2024-07-06T14:16:50.893202+00:00
[2024-07-06T14:16:50.912+0000] {processor.py:179} INFO - Processing /home/airflow/.local/lib/python3.7/site-packages/airflow/example_dags/example_latest_only.py took 0.076 seconds
[2024-07-06T14:17:21.152+0000] {processor.py:157} INFO - Started process (PID=876) to work on /home/airflow/.local/lib/python3.7/site-packages/airflow/example_dags/example_latest_only.py
[2024-07-06T14:17:21.154+0000] {processor.py:826} INFO - Processing file /home/airflow/.local/lib/python3.7/site-packages/airflow/example_dags/example_latest_only.py for tasks to queue
[2024-07-06T14:17:21.155+0000] {logging_mixin.py:150} INFO - [2024-07-06T14:17:21.155+0000] {dagbag.py:541} INFO - Filling up the DagBag from /home/airflow/.local/lib/python3.7/site-packages/airflow/example_dags/example_latest_only.py
[2024-07-06T14:17:21.161+0000] {processor.py:836} INFO - DAG(s) dict_keys(['latest_only']) retrieved from /home/airflow/.local/lib/python3.7/site-packages/airflow/example_dags/example_latest_only.py
[2024-07-06T14:17:21.181+0000] {logging_mixin.py:150} INFO - [2024-07-06T14:17:21.181+0000] {dag.py:2742} INFO - Sync 1 DAGs
[2024-07-06T14:17:21.198+0000] {logging_mixin.py:150} INFO - [2024-07-06T14:17:21.197+0000] {dag.py:3508} INFO - Setting next_dagrun for latest_only to 2024-07-06T10:17:21.197788+00:00, run_after=2024-07-06T14:17:21.197788+00:00
[2024-07-06T14:17:21.212+0000] {processor.py:179} INFO - Processing /home/airflow/.local/lib/python3.7/site-packages/airflow/example_dags/example_latest_only.py took 0.063 seconds
[2024-07-06T14:17:51.479+0000] {processor.py:157} INFO - Started process (PID=938) to work on /home/airflow/.local/lib/python3.7/site-packages/airflow/example_dags/example_latest_only.py
[2024-07-06T14:17:51.482+0000] {processor.py:826} INFO - Processing file /home/airflow/.local/lib/python3.7/site-packages/airflow/example_dags/example_latest_only.py for tasks to queue
[2024-07-06T14:17:51.486+0000] {logging_mixin.py:150} INFO - [2024-07-06T14:17:51.486+0000] {dagbag.py:541} INFO - Filling up the DagBag from /home/airflow/.local/lib/python3.7/site-packages/airflow/example_dags/example_latest_only.py
[2024-07-06T14:17:51.492+0000] {processor.py:836} INFO - DAG(s) dict_keys(['latest_only']) retrieved from /home/airflow/.local/lib/python3.7/site-packages/airflow/example_dags/example_latest_only.py
[2024-07-06T14:17:51.512+0000] {logging_mixin.py:150} INFO - [2024-07-06T14:17:51.512+0000] {dag.py:2742} INFO - Sync 1 DAGs
[2024-07-06T14:17:51.530+0000] {logging_mixin.py:150} INFO - [2024-07-06T14:17:51.530+0000] {dag.py:3508} INFO - Setting next_dagrun for latest_only to 2024-07-06T10:17:51.530097+00:00, run_after=2024-07-06T14:17:51.530097+00:00
[2024-07-06T14:17:51.543+0000] {processor.py:179} INFO - Processing /home/airflow/.local/lib/python3.7/site-packages/airflow/example_dags/example_latest_only.py took 0.069 seconds
[2024-07-06T14:18:21.744+0000] {processor.py:157} INFO - Started process (PID=1001) to work on /home/airflow/.local/lib/python3.7/site-packages/airflow/example_dags/example_latest_only.py
[2024-07-06T14:18:21.745+0000] {processor.py:826} INFO - Processing file /home/airflow/.local/lib/python3.7/site-packages/airflow/example_dags/example_latest_only.py for tasks to queue
[2024-07-06T14:18:21.746+0000] {logging_mixin.py:150} INFO - [2024-07-06T14:18:21.746+0000] {dagbag.py:541} INFO - Filling up the DagBag from /home/airflow/.local/lib/python3.7/site-packages/airflow/example_dags/example_latest_only.py
[2024-07-06T14:18:21.752+0000] {processor.py:836} INFO - DAG(s) dict_keys(['latest_only']) retrieved from /home/airflow/.local/lib/python3.7/site-packages/airflow/example_dags/example_latest_only.py
[2024-07-06T14:18:21.773+0000] {logging_mixin.py:150} INFO - [2024-07-06T14:18:21.773+0000] {dag.py:2742} INFO - Sync 1 DAGs
[2024-07-06T14:18:21.790+0000] {logging_mixin.py:150} INFO - [2024-07-06T14:18:21.790+0000] {dag.py:3508} INFO - Setting next_dagrun for latest_only to 2024-07-06T10:18:21.790685+00:00, run_after=2024-07-06T14:18:21.790685+00:00
[2024-07-06T14:18:21.806+0000] {processor.py:179} INFO - Processing /home/airflow/.local/lib/python3.7/site-packages/airflow/example_dags/example_latest_only.py took 0.065 seconds
[2024-07-06T14:18:52.189+0000] {processor.py:157} INFO - Started process (PID=1064) to work on /home/airflow/.local/lib/python3.7/site-packages/airflow/example_dags/example_latest_only.py
[2024-07-06T14:18:52.191+0000] {processor.py:826} INFO - Processing file /home/airflow/.local/lib/python3.7/site-packages/airflow/example_dags/example_latest_only.py for tasks to queue
[2024-07-06T14:18:52.192+0000] {logging_mixin.py:150} INFO - [2024-07-06T14:18:52.192+0000] {dagbag.py:541} INFO - Filling up the DagBag from /home/airflow/.local/lib/python3.7/site-packages/airflow/example_dags/example_latest_only.py
[2024-07-06T14:18:52.197+0000] {processor.py:836} INFO - DAG(s) dict_keys(['latest_only']) retrieved from /home/airflow/.local/lib/python3.7/site-packages/airflow/example_dags/example_latest_only.py
[2024-07-06T14:18:52.219+0000] {logging_mixin.py:150} INFO - [2024-07-06T14:18:52.218+0000] {dag.py:2742} INFO - Sync 1 DAGs
[2024-07-06T14:18:52.237+0000] {logging_mixin.py:150} INFO - [2024-07-06T14:18:52.236+0000] {dag.py:3508} INFO - Setting next_dagrun for latest_only to 2024-07-06T10:18:52.236754+00:00, run_after=2024-07-06T14:18:52.236754+00:00
[2024-07-06T14:18:52.252+0000] {processor.py:179} INFO - Processing /home/airflow/.local/lib/python3.7/site-packages/airflow/example_dags/example_latest_only.py took 0.066 seconds
[2024-07-06T14:19:22.454+0000] {processor.py:157} INFO - Started process (PID=1127) to work on /home/airflow/.local/lib/python3.7/site-packages/airflow/example_dags/example_latest_only.py
[2024-07-06T14:19:22.456+0000] {processor.py:826} INFO - Processing file /home/airflow/.local/lib/python3.7/site-packages/airflow/example_dags/example_latest_only.py for tasks to queue
[2024-07-06T14:19:22.457+0000] {logging_mixin.py:150} INFO - [2024-07-06T14:19:22.457+0000] {dagbag.py:541} INFO - Filling up the DagBag from /home/airflow/.local/lib/python3.7/site-packages/airflow/example_dags/example_latest_only.py
[2024-07-06T14:19:22.462+0000] {processor.py:836} INFO - DAG(s) dict_keys(['latest_only']) retrieved from /home/airflow/.local/lib/python3.7/site-packages/airflow/example_dags/example_latest_only.py
[2024-07-06T14:19:22.483+0000] {logging_mixin.py:150} INFO - [2024-07-06T14:19:22.483+0000] {dag.py:2742} INFO - Sync 1 DAGs
[2024-07-06T14:19:22.501+0000] {logging_mixin.py:150} INFO - [2024-07-06T14:19:22.501+0000] {dag.py:3508} INFO - Setting next_dagrun for latest_only to 2024-07-06T10:19:22.501628+00:00, run_after=2024-07-06T14:19:22.501628+00:00
[2024-07-06T14:19:22.518+0000] {processor.py:179} INFO - Processing /home/airflow/.local/lib/python3.7/site-packages/airflow/example_dags/example_latest_only.py took 0.067 seconds
[2024-07-06T14:19:52.725+0000] {processor.py:157} INFO - Started process (PID=1190) to work on /home/airflow/.local/lib/python3.7/site-packages/airflow/example_dags/example_latest_only.py
[2024-07-06T14:19:52.726+0000] {processor.py:826} INFO - Processing file /home/airflow/.local/lib/python3.7/site-packages/airflow/example_dags/example_latest_only.py for tasks to queue
[2024-07-06T14:19:52.728+0000] {logging_mixin.py:150} INFO - [2024-07-06T14:19:52.728+0000] {dagbag.py:541} INFO - Filling up the DagBag from /home/airflow/.local/lib/python3.7/site-packages/airflow/example_dags/example_latest_only.py
[2024-07-06T14:19:52.735+0000] {processor.py:836} INFO - DAG(s) dict_keys(['latest_only']) retrieved from /home/airflow/.local/lib/python3.7/site-packages/airflow/example_dags/example_latest_only.py
[2024-07-06T14:19:52.758+0000] {logging_mixin.py:150} INFO - [2024-07-06T14:19:52.758+0000] {dag.py:2742} INFO - Sync 1 DAGs
[2024-07-06T14:19:52.776+0000] {logging_mixin.py:150} INFO - [2024-07-06T14:19:52.776+0000] {dag.py:3508} INFO - Setting next_dagrun for latest_only to 2024-07-06T10:19:52.776008+00:00, run_after=2024-07-06T14:19:52.776008+00:00
[2024-07-06T14:19:52.789+0000] {processor.py:179} INFO - Processing /home/airflow/.local/lib/python3.7/site-packages/airflow/example_dags/example_latest_only.py took 0.067 seconds
[2024-07-06T14:20:23.177+0000] {processor.py:157} INFO - Started process (PID=1252) to work on /home/airflow/.local/lib/python3.7/site-packages/airflow/example_dags/example_latest_only.py
[2024-07-06T14:20:23.180+0000] {processor.py:826} INFO - Processing file /home/airflow/.local/lib/python3.7/site-packages/airflow/example_dags/example_latest_only.py for tasks to queue
[2024-07-06T14:20:23.183+0000] {logging_mixin.py:150} INFO - [2024-07-06T14:20:23.183+0000] {dagbag.py:541} INFO - Filling up the DagBag from /home/airflow/.local/lib/python3.7/site-packages/airflow/example_dags/example_latest_only.py
[2024-07-06T14:20:23.191+0000] {processor.py:836} INFO - DAG(s) dict_keys(['latest_only']) retrieved from /home/airflow/.local/lib/python3.7/site-packages/airflow/example_dags/example_latest_only.py
[2024-07-06T14:20:23.215+0000] {logging_mixin.py:150} INFO - [2024-07-06T14:20:23.215+0000] {dag.py:2742} INFO - Sync 1 DAGs
[2024-07-06T14:20:23.237+0000] {logging_mixin.py:150} INFO - [2024-07-06T14:20:23.237+0000] {dag.py:3508} INFO - Setting next_dagrun for latest_only to 2024-07-06T10:20:23.237046+00:00, run_after=2024-07-06T14:20:23.237046+00:00
[2024-07-06T14:20:23.255+0000] {processor.py:179} INFO - Processing /home/airflow/.local/lib/python3.7/site-packages/airflow/example_dags/example_latest_only.py took 0.082 seconds
[2024-07-06T14:20:53.747+0000] {processor.py:157} INFO - Started process (PID=1315) to work on /home/airflow/.local/lib/python3.7/site-packages/airflow/example_dags/example_latest_only.py
[2024-07-06T14:20:53.750+0000] {processor.py:826} INFO - Processing file /home/airflow/.local/lib/python3.7/site-packages/airflow/example_dags/example_latest_only.py for tasks to queue
[2024-07-06T14:20:53.751+0000] {logging_mixin.py:150} INFO - [2024-07-06T14:20:53.751+0000] {dagbag.py:541} INFO - Filling up the DagBag from /home/airflow/.local/lib/python3.7/site-packages/airflow/example_dags/example_latest_only.py
[2024-07-06T14:20:53.758+0000] {processor.py:836} INFO - DAG(s) dict_keys(['latest_only']) retrieved from /home/airflow/.local/lib/python3.7/site-packages/airflow/example_dags/example_latest_only.py
[2024-07-06T14:20:53.781+0000] {logging_mixin.py:150} INFO - [2024-07-06T14:20:53.780+0000] {dag.py:2742} INFO - Sync 1 DAGs
[2024-07-06T14:20:53.801+0000] {logging_mixin.py:150} INFO - [2024-07-06T14:20:53.801+0000] {dag.py:3508} INFO - Setting next_dagrun for latest_only to 2024-07-06T10:20:53.800923+00:00, run_after=2024-07-06T14:20:53.800923+00:00
[2024-07-06T14:20:53.816+0000] {processor.py:179} INFO - Processing /home/airflow/.local/lib/python3.7/site-packages/airflow/example_dags/example_latest_only.py took 0.072 seconds
[2024-07-06T14:21:24.332+0000] {processor.py:157} INFO - Started process (PID=1378) to work on /home/airflow/.local/lib/python3.7/site-packages/airflow/example_dags/example_latest_only.py
[2024-07-06T14:21:24.335+0000] {processor.py:826} INFO - Processing file /home/airflow/.local/lib/python3.7/site-packages/airflow/example_dags/example_latest_only.py for tasks to queue
[2024-07-06T14:21:24.337+0000] {logging_mixin.py:150} INFO - [2024-07-06T14:21:24.337+0000] {dagbag.py:541} INFO - Filling up the DagBag from /home/airflow/.local/lib/python3.7/site-packages/airflow/example_dags/example_latest_only.py
[2024-07-06T14:21:24.344+0000] {processor.py:836} INFO - DAG(s) dict_keys(['latest_only']) retrieved from /home/airflow/.local/lib/python3.7/site-packages/airflow/example_dags/example_latest_only.py
[2024-07-06T14:21:24.371+0000] {logging_mixin.py:150} INFO - [2024-07-06T14:21:24.371+0000] {dag.py:2742} INFO - Sync 1 DAGs
[2024-07-06T14:21:24.406+0000] {logging_mixin.py:150} INFO - [2024-07-06T14:21:24.406+0000] {dag.py:3508} INFO - Setting next_dagrun for latest_only to 2024-07-06T10:21:24.406110+00:00, run_after=2024-07-06T14:21:24.406110+00:00
[2024-07-06T14:21:24.431+0000] {processor.py:179} INFO - Processing /home/airflow/.local/lib/python3.7/site-packages/airflow/example_dags/example_latest_only.py took 0.103 seconds
[2024-07-06T14:21:54.813+0000] {processor.py:157} INFO - Started process (PID=1441) to work on /home/airflow/.local/lib/python3.7/site-packages/airflow/example_dags/example_latest_only.py
[2024-07-06T14:21:54.815+0000] {processor.py:826} INFO - Processing file /home/airflow/.local/lib/python3.7/site-packages/airflow/example_dags/example_latest_only.py for tasks to queue
[2024-07-06T14:21:54.816+0000] {logging_mixin.py:150} INFO - [2024-07-06T14:21:54.816+0000] {dagbag.py:541} INFO - Filling up the DagBag from /home/airflow/.local/lib/python3.7/site-packages/airflow/example_dags/example_latest_only.py
[2024-07-06T14:21:54.822+0000] {processor.py:836} INFO - DAG(s) dict_keys(['latest_only']) retrieved from /home/airflow/.local/lib/python3.7/site-packages/airflow/example_dags/example_latest_only.py
[2024-07-06T14:21:54.844+0000] {logging_mixin.py:150} INFO - [2024-07-06T14:21:54.843+0000] {dag.py:2742} INFO - Sync 1 DAGs
[2024-07-06T14:21:54.865+0000] {logging_mixin.py:150} INFO - [2024-07-06T14:21:54.865+0000] {dag.py:3508} INFO - Setting next_dagrun for latest_only to 2024-07-06T10:21:54.865133+00:00, run_after=2024-07-06T14:21:54.865133+00:00
[2024-07-06T14:21:54.879+0000] {processor.py:179} INFO - Processing /home/airflow/.local/lib/python3.7/site-packages/airflow/example_dags/example_latest_only.py took 0.069 seconds
[2024-07-06T14:22:25.095+0000] {processor.py:157} INFO - Started process (PID=1504) to work on /home/airflow/.local/lib/python3.7/site-packages/airflow/example_dags/example_latest_only.py
[2024-07-06T14:22:25.097+0000] {processor.py:826} INFO - Processing file /home/airflow/.local/lib/python3.7/site-packages/airflow/example_dags/example_latest_only.py for tasks to queue
[2024-07-06T14:22:25.099+0000] {logging_mixin.py:150} INFO - [2024-07-06T14:22:25.099+0000] {dagbag.py:541} INFO - Filling up the DagBag from /home/airflow/.local/lib/python3.7/site-packages/airflow/example_dags/example_latest_only.py
[2024-07-06T14:22:25.106+0000] {processor.py:836} INFO - DAG(s) dict_keys(['latest_only']) retrieved from /home/airflow/.local/lib/python3.7/site-packages/airflow/example_dags/example_latest_only.py
[2024-07-06T14:22:25.128+0000] {logging_mixin.py:150} INFO - [2024-07-06T14:22:25.127+0000] {dag.py:2742} INFO - Sync 1 DAGs
[2024-07-06T14:22:25.149+0000] {logging_mixin.py:150} INFO - [2024-07-06T14:22:25.149+0000] {dag.py:3508} INFO - Setting next_dagrun for latest_only to 2024-07-06T10:22:25.148836+00:00, run_after=2024-07-06T14:22:25.148836+00:00
[2024-07-06T14:22:25.164+0000] {processor.py:179} INFO - Processing /home/airflow/.local/lib/python3.7/site-packages/airflow/example_dags/example_latest_only.py took 0.071 seconds
[2024-07-06T14:22:55.519+0000] {processor.py:157} INFO - Started process (PID=1567) to work on /home/airflow/.local/lib/python3.7/site-packages/airflow/example_dags/example_latest_only.py
[2024-07-06T14:22:55.521+0000] {processor.py:826} INFO - Processing file /home/airflow/.local/lib/python3.7/site-packages/airflow/example_dags/example_latest_only.py for tasks to queue
[2024-07-06T14:22:55.522+0000] {logging_mixin.py:150} INFO - [2024-07-06T14:22:55.522+0000] {dagbag.py:541} INFO - Filling up the DagBag from /home/airflow/.local/lib/python3.7/site-packages/airflow/example_dags/example_latest_only.py
[2024-07-06T14:22:55.529+0000] {processor.py:836} INFO - DAG(s) dict_keys(['latest_only']) retrieved from /home/airflow/.local/lib/python3.7/site-packages/airflow/example_dags/example_latest_only.py
[2024-07-06T14:22:55.549+0000] {logging_mixin.py:150} INFO - [2024-07-06T14:22:55.549+0000] {dag.py:2742} INFO - Sync 1 DAGs
[2024-07-06T14:22:55.568+0000] {logging_mixin.py:150} INFO - [2024-07-06T14:22:55.568+0000] {dag.py:3508} INFO - Setting next_dagrun for latest_only to 2024-07-06T10:22:55.568593+00:00, run_after=2024-07-06T14:22:55.568593+00:00
[2024-07-06T14:22:55.584+0000] {processor.py:179} INFO - Processing /home/airflow/.local/lib/python3.7/site-packages/airflow/example_dags/example_latest_only.py took 0.068 seconds
[2024-07-06T14:23:25.754+0000] {processor.py:157} INFO - Started process (PID=1630) to work on /home/airflow/.local/lib/python3.7/site-packages/airflow/example_dags/example_latest_only.py
[2024-07-06T14:23:25.755+0000] {processor.py:826} INFO - Processing file /home/airflow/.local/lib/python3.7/site-packages/airflow/example_dags/example_latest_only.py for tasks to queue
[2024-07-06T14:23:25.757+0000] {logging_mixin.py:150} INFO - [2024-07-06T14:23:25.756+0000] {dagbag.py:541} INFO - Filling up the DagBag from /home/airflow/.local/lib/python3.7/site-packages/airflow/example_dags/example_latest_only.py
[2024-07-06T14:23:25.763+0000] {processor.py:836} INFO - DAG(s) dict_keys(['latest_only']) retrieved from /home/airflow/.local/lib/python3.7/site-packages/airflow/example_dags/example_latest_only.py
[2024-07-06T14:23:25.788+0000] {logging_mixin.py:150} INFO - [2024-07-06T14:23:25.788+0000] {dag.py:2742} INFO - Sync 1 DAGs
[2024-07-06T14:23:25.810+0000] {logging_mixin.py:150} INFO - [2024-07-06T14:23:25.809+0000] {dag.py:3508} INFO - Setting next_dagrun for latest_only to 2024-07-06T10:23:25.809643+00:00, run_after=2024-07-06T14:23:25.809643+00:00
[2024-07-06T14:23:25.832+0000] {processor.py:179} INFO - Processing /home/airflow/.local/lib/python3.7/site-packages/airflow/example_dags/example_latest_only.py took 0.082 seconds
[2024-07-06T14:23:56.288+0000] {processor.py:157} INFO - Started process (PID=1693) to work on /home/airflow/.local/lib/python3.7/site-packages/airflow/example_dags/example_latest_only.py
[2024-07-06T14:23:56.290+0000] {processor.py:826} INFO - Processing file /home/airflow/.local/lib/python3.7/site-packages/airflow/example_dags/example_latest_only.py for tasks to queue
[2024-07-06T14:23:56.291+0000] {logging_mixin.py:150} INFO - [2024-07-06T14:23:56.291+0000] {dagbag.py:541} INFO - Filling up the DagBag from /home/airflow/.local/lib/python3.7/site-packages/airflow/example_dags/example_latest_only.py
[2024-07-06T14:23:56.297+0000] {processor.py:836} INFO - DAG(s) dict_keys(['latest_only']) retrieved from /home/airflow/.local/lib/python3.7/site-packages/airflow/example_dags/example_latest_only.py
[2024-07-06T14:23:56.320+0000] {logging_mixin.py:150} INFO - [2024-07-06T14:23:56.320+0000] {dag.py:2742} INFO - Sync 1 DAGs
[2024-07-06T14:23:56.340+0000] {logging_mixin.py:150} INFO - [2024-07-06T14:23:56.340+0000] {dag.py:3508} INFO - Setting next_dagrun for latest_only to 2024-07-06T10:23:56.339741+00:00, run_after=2024-07-06T14:23:56.339741+00:00
[2024-07-06T14:23:56.356+0000] {processor.py:179} INFO - Processing /home/airflow/.local/lib/python3.7/site-packages/airflow/example_dags/example_latest_only.py took 0.072 seconds
[2024-07-06T14:24:26.734+0000] {processor.py:157} INFO - Started process (PID=1756) to work on /home/airflow/.local/lib/python3.7/site-packages/airflow/example_dags/example_latest_only.py
[2024-07-06T14:24:26.737+0000] {processor.py:826} INFO - Processing file /home/airflow/.local/lib/python3.7/site-packages/airflow/example_dags/example_latest_only.py for tasks to queue
[2024-07-06T14:24:26.739+0000] {logging_mixin.py:150} INFO - [2024-07-06T14:24:26.738+0000] {dagbag.py:541} INFO - Filling up the DagBag from /home/airflow/.local/lib/python3.7/site-packages/airflow/example_dags/example_latest_only.py
[2024-07-06T14:24:26.744+0000] {processor.py:836} INFO - DAG(s) dict_keys(['latest_only']) retrieved from /home/airflow/.local/lib/python3.7/site-packages/airflow/example_dags/example_latest_only.py
[2024-07-06T14:24:26.765+0000] {logging_mixin.py:150} INFO - [2024-07-06T14:24:26.765+0000] {dag.py:2742} INFO - Sync 1 DAGs
[2024-07-06T14:24:26.787+0000] {logging_mixin.py:150} INFO - [2024-07-06T14:24:26.786+0000] {dag.py:3508} INFO - Setting next_dagrun for latest_only to 2024-07-06T10:24:26.786720+00:00, run_after=2024-07-06T14:24:26.786720+00:00
[2024-07-06T14:24:26.806+0000] {processor.py:179} INFO - Processing /home/airflow/.local/lib/python3.7/site-packages/airflow/example_dags/example_latest_only.py took 0.075 seconds
[2024-07-06T14:24:57.770+0000] {processor.py:157} INFO - Started process (PID=1819) to work on /home/airflow/.local/lib/python3.7/site-packages/airflow/example_dags/example_latest_only.py
[2024-07-06T14:24:57.771+0000] {processor.py:826} INFO - Processing file /home/airflow/.local/lib/python3.7/site-packages/airflow/example_dags/example_latest_only.py for tasks to queue
[2024-07-06T14:24:57.773+0000] {logging_mixin.py:150} INFO - [2024-07-06T14:24:57.773+0000] {dagbag.py:541} INFO - Filling up the DagBag from /home/airflow/.local/lib/python3.7/site-packages/airflow/example_dags/example_latest_only.py
[2024-07-06T14:24:57.779+0000] {processor.py:836} INFO - DAG(s) dict_keys(['latest_only']) retrieved from /home/airflow/.local/lib/python3.7/site-packages/airflow/example_dags/example_latest_only.py
[2024-07-06T14:24:57.800+0000] {logging_mixin.py:150} INFO - [2024-07-06T14:24:57.800+0000] {dag.py:2742} INFO - Sync 1 DAGs
[2024-07-06T14:24:57.824+0000] {logging_mixin.py:150} INFO - [2024-07-06T14:24:57.824+0000] {dag.py:3508} INFO - Setting next_dagrun for latest_only to 2024-07-06T10:24:57.824430+00:00, run_after=2024-07-06T14:24:57.824430+00:00
[2024-07-06T14:24:57.840+0000] {processor.py:179} INFO - Processing /home/airflow/.local/lib/python3.7/site-packages/airflow/example_dags/example_latest_only.py took 0.073 seconds
[2024-07-06T14:25:28.042+0000] {processor.py:157} INFO - Started process (PID=1883) to work on /home/airflow/.local/lib/python3.7/site-packages/airflow/example_dags/example_latest_only.py
[2024-07-06T14:25:28.044+0000] {processor.py:826} INFO - Processing file /home/airflow/.local/lib/python3.7/site-packages/airflow/example_dags/example_latest_only.py for tasks to queue
[2024-07-06T14:25:28.048+0000] {logging_mixin.py:150} INFO - [2024-07-06T14:25:28.047+0000] {dagbag.py:541} INFO - Filling up the DagBag from /home/airflow/.local/lib/python3.7/site-packages/airflow/example_dags/example_latest_only.py
[2024-07-06T14:25:28.053+0000] {processor.py:836} INFO - DAG(s) dict_keys(['latest_only']) retrieved from /home/airflow/.local/lib/python3.7/site-packages/airflow/example_dags/example_latest_only.py
[2024-07-06T14:25:28.076+0000] {logging_mixin.py:150} INFO - [2024-07-06T14:25:28.076+0000] {dag.py:2742} INFO - Sync 1 DAGs
[2024-07-06T14:25:28.093+0000] {logging_mixin.py:150} INFO - [2024-07-06T14:25:28.093+0000] {dag.py:3508} INFO - Setting next_dagrun for latest_only to 2024-07-06T10:25:28.093180+00:00, run_after=2024-07-06T14:25:28.093180+00:00
[2024-07-06T14:25:28.106+0000] {processor.py:179} INFO - Processing /home/airflow/.local/lib/python3.7/site-packages/airflow/example_dags/example_latest_only.py took 0.067 seconds
[2024-07-06T14:25:58.865+0000] {processor.py:157} INFO - Started process (PID=1945) to work on /home/airflow/.local/lib/python3.7/site-packages/airflow/example_dags/example_latest_only.py
[2024-07-06T14:25:58.867+0000] {processor.py:826} INFO - Processing file /home/airflow/.local/lib/python3.7/site-packages/airflow/example_dags/example_latest_only.py for tasks to queue
[2024-07-06T14:25:58.868+0000] {logging_mixin.py:150} INFO - [2024-07-06T14:25:58.868+0000] {dagbag.py:541} INFO - Filling up the DagBag from /home/airflow/.local/lib/python3.7/site-packages/airflow/example_dags/example_latest_only.py
[2024-07-06T14:25:58.873+0000] {processor.py:836} INFO - DAG(s) dict_keys(['latest_only']) retrieved from /home/airflow/.local/lib/python3.7/site-packages/airflow/example_dags/example_latest_only.py
[2024-07-06T14:25:58.895+0000] {logging_mixin.py:150} INFO - [2024-07-06T14:25:58.895+0000] {dag.py:2742} INFO - Sync 1 DAGs
[2024-07-06T14:25:58.913+0000] {logging_mixin.py:150} INFO - [2024-07-06T14:25:58.913+0000] {dag.py:3508} INFO - Setting next_dagrun for latest_only to 2024-07-06T10:25:58.912828+00:00, run_after=2024-07-06T14:25:58.912828+00:00
[2024-07-06T14:25:58.929+0000] {processor.py:179} INFO - Processing /home/airflow/.local/lib/python3.7/site-packages/airflow/example_dags/example_latest_only.py took 0.067 seconds
[2024-07-06T14:26:29.800+0000] {processor.py:157} INFO - Started process (PID=2009) to work on /home/airflow/.local/lib/python3.7/site-packages/airflow/example_dags/example_latest_only.py
[2024-07-06T14:26:29.801+0000] {processor.py:826} INFO - Processing file /home/airflow/.local/lib/python3.7/site-packages/airflow/example_dags/example_latest_only.py for tasks to queue
[2024-07-06T14:26:29.804+0000] {logging_mixin.py:150} INFO - [2024-07-06T14:26:29.804+0000] {dagbag.py:541} INFO - Filling up the DagBag from /home/airflow/.local/lib/python3.7/site-packages/airflow/example_dags/example_latest_only.py
[2024-07-06T14:26:29.810+0000] {processor.py:836} INFO - DAG(s) dict_keys(['latest_only']) retrieved from /home/airflow/.local/lib/python3.7/site-packages/airflow/example_dags/example_latest_only.py
[2024-07-06T14:26:29.837+0000] {logging_mixin.py:150} INFO - [2024-07-06T14:26:29.837+0000] {dag.py:2742} INFO - Sync 1 DAGs
[2024-07-06T14:26:29.859+0000] {logging_mixin.py:150} INFO - [2024-07-06T14:26:29.859+0000] {dag.py:3508} INFO - Setting next_dagrun for latest_only to 2024-07-06T10:26:29.859406+00:00, run_after=2024-07-06T14:26:29.859406+00:00
[2024-07-06T14:26:29.875+0000] {processor.py:179} INFO - Processing /home/airflow/.local/lib/python3.7/site-packages/airflow/example_dags/example_latest_only.py took 0.078 seconds
[2024-07-06T14:26:59.987+0000] {processor.py:157} INFO - Started process (PID=2072) to work on /home/airflow/.local/lib/python3.7/site-packages/airflow/example_dags/example_latest_only.py
[2024-07-06T14:26:59.989+0000] {processor.py:826} INFO - Processing file /home/airflow/.local/lib/python3.7/site-packages/airflow/example_dags/example_latest_only.py for tasks to queue
[2024-07-06T14:26:59.990+0000] {logging_mixin.py:150} INFO - [2024-07-06T14:26:59.990+0000] {dagbag.py:541} INFO - Filling up the DagBag from /home/airflow/.local/lib/python3.7/site-packages/airflow/example_dags/example_latest_only.py
[2024-07-06T14:26:59.996+0000] {processor.py:836} INFO - DAG(s) dict_keys(['latest_only']) retrieved from /home/airflow/.local/lib/python3.7/site-packages/airflow/example_dags/example_latest_only.py
[2024-07-06T14:27:00.017+0000] {logging_mixin.py:150} INFO - [2024-07-06T14:27:00.017+0000] {dag.py:2742} INFO - Sync 1 DAGs
[2024-07-06T14:27:00.036+0000] {logging_mixin.py:150} INFO - [2024-07-06T14:27:00.036+0000] {dag.py:3508} INFO - Setting next_dagrun for latest_only to 2024-07-06T10:27:00.036451+00:00, run_after=2024-07-06T14:27:00.036451+00:00
[2024-07-06T14:27:00.051+0000] {processor.py:179} INFO - Processing /home/airflow/.local/lib/python3.7/site-packages/airflow/example_dags/example_latest_only.py took 0.067 seconds
[2024-07-06T14:27:30.413+0000] {processor.py:157} INFO - Started process (PID=2134) to work on /home/airflow/.local/lib/python3.7/site-packages/airflow/example_dags/example_latest_only.py
[2024-07-06T14:27:30.416+0000] {processor.py:826} INFO - Processing file /home/airflow/.local/lib/python3.7/site-packages/airflow/example_dags/example_latest_only.py for tasks to queue
[2024-07-06T14:27:30.417+0000] {logging_mixin.py:150} INFO - [2024-07-06T14:27:30.417+0000] {dagbag.py:541} INFO - Filling up the DagBag from /home/airflow/.local/lib/python3.7/site-packages/airflow/example_dags/example_latest_only.py
[2024-07-06T14:27:30.424+0000] {processor.py:836} INFO - DAG(s) dict_keys(['latest_only']) retrieved from /home/airflow/.local/lib/python3.7/site-packages/airflow/example_dags/example_latest_only.py
[2024-07-06T14:27:30.448+0000] {logging_mixin.py:150} INFO - [2024-07-06T14:27:30.448+0000] {dag.py:2742} INFO - Sync 1 DAGs
[2024-07-06T14:27:30.480+0000] {logging_mixin.py:150} INFO - [2024-07-06T14:27:30.480+0000] {dag.py:3508} INFO - Setting next_dagrun for latest_only to 2024-07-06T10:27:30.479240+00:00, run_after=2024-07-06T14:27:30.479240+00:00
[2024-07-06T14:27:30.509+0000] {processor.py:179} INFO - Processing /home/airflow/.local/lib/python3.7/site-packages/airflow/example_dags/example_latest_only.py took 0.100 seconds
[2024-07-06T14:28:01.158+0000] {processor.py:157} INFO - Started process (PID=2202) to work on /home/airflow/.local/lib/python3.7/site-packages/airflow/example_dags/example_latest_only.py
[2024-07-06T14:28:01.160+0000] {processor.py:826} INFO - Processing file /home/airflow/.local/lib/python3.7/site-packages/airflow/example_dags/example_latest_only.py for tasks to queue
[2024-07-06T14:28:01.162+0000] {logging_mixin.py:150} INFO - [2024-07-06T14:28:01.162+0000] {dagbag.py:541} INFO - Filling up the DagBag from /home/airflow/.local/lib/python3.7/site-packages/airflow/example_dags/example_latest_only.py
[2024-07-06T14:28:01.167+0000] {processor.py:836} INFO - DAG(s) dict_keys(['latest_only']) retrieved from /home/airflow/.local/lib/python3.7/site-packages/airflow/example_dags/example_latest_only.py
[2024-07-06T14:28:01.189+0000] {logging_mixin.py:150} INFO - [2024-07-06T14:28:01.188+0000] {dag.py:2742} INFO - Sync 1 DAGs
[2024-07-06T14:28:01.207+0000] {logging_mixin.py:150} INFO - [2024-07-06T14:28:01.207+0000] {dag.py:3508} INFO - Setting next_dagrun for latest_only to 2024-07-06T10:28:01.207552+00:00, run_after=2024-07-06T14:28:01.207552+00:00
[2024-07-06T14:28:01.224+0000] {processor.py:179} INFO - Processing /home/airflow/.local/lib/python3.7/site-packages/airflow/example_dags/example_latest_only.py took 0.069 seconds
[2024-07-06T14:28:31.963+0000] {processor.py:157} INFO - Started process (PID=2270) to work on /home/airflow/.local/lib/python3.7/site-packages/airflow/example_dags/example_latest_only.py
[2024-07-06T14:28:31.965+0000] {processor.py:826} INFO - Processing file /home/airflow/.local/lib/python3.7/site-packages/airflow/example_dags/example_latest_only.py for tasks to queue
[2024-07-06T14:28:31.966+0000] {logging_mixin.py:150} INFO - [2024-07-06T14:28:31.966+0000] {dagbag.py:541} INFO - Filling up the DagBag from /home/airflow/.local/lib/python3.7/site-packages/airflow/example_dags/example_latest_only.py
[2024-07-06T14:28:31.972+0000] {processor.py:836} INFO - DAG(s) dict_keys(['latest_only']) retrieved from /home/airflow/.local/lib/python3.7/site-packages/airflow/example_dags/example_latest_only.py
[2024-07-06T14:28:31.998+0000] {logging_mixin.py:150} INFO - [2024-07-06T14:28:31.997+0000] {dag.py:2742} INFO - Sync 1 DAGs
[2024-07-06T14:28:32.021+0000] {logging_mixin.py:150} INFO - [2024-07-06T14:28:32.021+0000] {dag.py:3508} INFO - Setting next_dagrun for latest_only to 2024-07-06T10:28:32.021377+00:00, run_after=2024-07-06T14:28:32.021377+00:00
[2024-07-06T14:28:32.036+0000] {processor.py:179} INFO - Processing /home/airflow/.local/lib/python3.7/site-packages/airflow/example_dags/example_latest_only.py took 0.075 seconds
[2024-07-06T14:29:02.593+0000] {processor.py:157} INFO - Started process (PID=2333) to work on /home/airflow/.local/lib/python3.7/site-packages/airflow/example_dags/example_latest_only.py
[2024-07-06T14:29:02.594+0000] {processor.py:826} INFO - Processing file /home/airflow/.local/lib/python3.7/site-packages/airflow/example_dags/example_latest_only.py for tasks to queue
[2024-07-06T14:29:02.596+0000] {logging_mixin.py:150} INFO - [2024-07-06T14:29:02.595+0000] {dagbag.py:541} INFO - Filling up the DagBag from /home/airflow/.local/lib/python3.7/site-packages/airflow/example_dags/example_latest_only.py
[2024-07-06T14:29:02.601+0000] {processor.py:836} INFO - DAG(s) dict_keys(['latest_only']) retrieved from /home/airflow/.local/lib/python3.7/site-packages/airflow/example_dags/example_latest_only.py
[2024-07-06T14:29:02.621+0000] {logging_mixin.py:150} INFO - [2024-07-06T14:29:02.621+0000] {dag.py:2742} INFO - Sync 1 DAGs
[2024-07-06T14:29:02.640+0000] {logging_mixin.py:150} INFO - [2024-07-06T14:29:02.640+0000] {dag.py:3508} INFO - Setting next_dagrun for latest_only to 2024-07-06T10:29:02.640009+00:00, run_after=2024-07-06T14:29:02.640009+00:00
[2024-07-06T14:29:02.653+0000] {processor.py:179} INFO - Processing /home/airflow/.local/lib/python3.7/site-packages/airflow/example_dags/example_latest_only.py took 0.064 seconds
[2024-07-06T14:29:33.946+0000] {processor.py:157} INFO - Started process (PID=2400) to work on /home/airflow/.local/lib/python3.7/site-packages/airflow/example_dags/example_latest_only.py
[2024-07-06T14:29:33.953+0000] {processor.py:826} INFO - Processing file /home/airflow/.local/lib/python3.7/site-packages/airflow/example_dags/example_latest_only.py for tasks to queue
[2024-07-06T14:29:33.962+0000] {logging_mixin.py:150} INFO - [2024-07-06T14:29:33.961+0000] {dagbag.py:541} INFO - Filling up the DagBag from /home/airflow/.local/lib/python3.7/site-packages/airflow/example_dags/example_latest_only.py
[2024-07-06T14:29:33.973+0000] {processor.py:836} INFO - DAG(s) dict_keys(['latest_only']) retrieved from /home/airflow/.local/lib/python3.7/site-packages/airflow/example_dags/example_latest_only.py
[2024-07-06T14:29:34.005+0000] {logging_mixin.py:150} INFO - [2024-07-06T14:29:34.005+0000] {dag.py:2742} INFO - Sync 1 DAGs
[2024-07-06T14:29:34.039+0000] {logging_mixin.py:150} INFO - [2024-07-06T14:29:34.038+0000] {dag.py:3508} INFO - Setting next_dagrun for latest_only to 2024-07-06T10:29:34.038572+00:00, run_after=2024-07-06T14:29:34.038572+00:00
[2024-07-06T14:29:34.058+0000] {processor.py:179} INFO - Processing /home/airflow/.local/lib/python3.7/site-packages/airflow/example_dags/example_latest_only.py took 0.122 seconds
[2024-07-06T14:30:04.169+0000] {processor.py:157} INFO - Started process (PID=2463) to work on /home/airflow/.local/lib/python3.7/site-packages/airflow/example_dags/example_latest_only.py
[2024-07-06T14:30:04.171+0000] {processor.py:826} INFO - Processing file /home/airflow/.local/lib/python3.7/site-packages/airflow/example_dags/example_latest_only.py for tasks to queue
[2024-07-06T14:30:04.172+0000] {logging_mixin.py:150} INFO - [2024-07-06T14:30:04.172+0000] {dagbag.py:541} INFO - Filling up the DagBag from /home/airflow/.local/lib/python3.7/site-packages/airflow/example_dags/example_latest_only.py
[2024-07-06T14:30:04.179+0000] {processor.py:836} INFO - DAG(s) dict_keys(['latest_only']) retrieved from /home/airflow/.local/lib/python3.7/site-packages/airflow/example_dags/example_latest_only.py
[2024-07-06T14:30:04.201+0000] {logging_mixin.py:150} INFO - [2024-07-06T14:30:04.200+0000] {dag.py:2742} INFO - Sync 1 DAGs
[2024-07-06T14:30:04.218+0000] {logging_mixin.py:150} INFO - [2024-07-06T14:30:04.218+0000] {dag.py:3508} INFO - Setting next_dagrun for latest_only to 2024-07-06T10:30:04.217889+00:00, run_after=2024-07-06T14:30:04.217889+00:00
[2024-07-06T14:30:04.231+0000] {processor.py:179} INFO - Processing /home/airflow/.local/lib/python3.7/site-packages/airflow/example_dags/example_latest_only.py took 0.066 seconds
[2024-07-06T14:30:35.478+0000] {processor.py:157} INFO - Started process (PID=2526) to work on /home/airflow/.local/lib/python3.7/site-packages/airflow/example_dags/example_latest_only.py
[2024-07-06T14:30:35.480+0000] {processor.py:826} INFO - Processing file /home/airflow/.local/lib/python3.7/site-packages/airflow/example_dags/example_latest_only.py for tasks to queue
[2024-07-06T14:30:35.481+0000] {logging_mixin.py:150} INFO - [2024-07-06T14:30:35.481+0000] {dagbag.py:541} INFO - Filling up the DagBag from /home/airflow/.local/lib/python3.7/site-packages/airflow/example_dags/example_latest_only.py
[2024-07-06T14:30:35.487+0000] {processor.py:836} INFO - DAG(s) dict_keys(['latest_only']) retrieved from /home/airflow/.local/lib/python3.7/site-packages/airflow/example_dags/example_latest_only.py
[2024-07-06T14:30:35.513+0000] {logging_mixin.py:150} INFO - [2024-07-06T14:30:35.513+0000] {dag.py:2742} INFO - Sync 1 DAGs
[2024-07-06T14:30:35.534+0000] {logging_mixin.py:150} INFO - [2024-07-06T14:30:35.534+0000] {dag.py:3508} INFO - Setting next_dagrun for latest_only to 2024-07-06T10:30:35.533939+00:00, run_after=2024-07-06T14:30:35.533939+00:00
[2024-07-06T14:30:35.552+0000] {processor.py:179} INFO - Processing /home/airflow/.local/lib/python3.7/site-packages/airflow/example_dags/example_latest_only.py took 0.077 seconds
