[2024-07-06T14:10:42.134+0000] {processor.py:157} INFO - Started process (PID=47) to work on /home/airflow/.local/lib/python3.7/site-packages/airflow/example_dags/example_external_task_marker_dag.py
[2024-07-06T14:10:42.137+0000] {processor.py:826} INFO - Processing file /home/airflow/.local/lib/python3.7/site-packages/airflow/example_dags/example_external_task_marker_dag.py for tasks to queue
[2024-07-06T14:10:42.142+0000] {logging_mixin.py:150} INFO - [2024-07-06T14:10:42.141+0000] {dagbag.py:541} INFO - Filling up the DagBag from /home/airflow/.local/lib/python3.7/site-packages/airflow/example_dags/example_external_task_marker_dag.py
[2024-07-06T14:10:42.153+0000] {processor.py:836} INFO - DAG(s) dict_keys(['example_external_task_marker_parent', 'example_external_task_marker_child']) retrieved from /home/airflow/.local/lib/python3.7/site-packages/airflow/example_dags/example_external_task_marker_dag.py
[2024-07-06T14:10:42.176+0000] {logging_mixin.py:150} INFO - [2024-07-06T14:10:42.176+0000] {dag.py:2742} INFO - Sync 2 DAGs
[2024-07-06T14:10:42.217+0000] {logging_mixin.py:150} INFO - [2024-07-06T14:10:42.217+0000] {dag.py:3508} INFO - Setting next_dagrun for example_external_task_marker_child to None, run_after=None
[2024-07-06T14:10:42.222+0000] {logging_mixin.py:150} INFO - [2024-07-06T14:10:42.222+0000] {dag.py:3508} INFO - Setting next_dagrun for example_external_task_marker_parent to None, run_after=None
[2024-07-06T14:10:42.290+0000] {processor.py:179} INFO - Processing /home/airflow/.local/lib/python3.7/site-packages/airflow/example_dags/example_external_task_marker_dag.py took 0.162 seconds
[2024-07-06T14:11:13.104+0000] {processor.py:157} INFO - Started process (PID=109) to work on /home/airflow/.local/lib/python3.7/site-packages/airflow/example_dags/example_external_task_marker_dag.py
[2024-07-06T14:11:13.106+0000] {processor.py:826} INFO - Processing file /home/airflow/.local/lib/python3.7/site-packages/airflow/example_dags/example_external_task_marker_dag.py for tasks to queue
[2024-07-06T14:11:13.107+0000] {logging_mixin.py:150} INFO - [2024-07-06T14:11:13.107+0000] {dagbag.py:541} INFO - Filling up the DagBag from /home/airflow/.local/lib/python3.7/site-packages/airflow/example_dags/example_external_task_marker_dag.py
[2024-07-06T14:11:13.113+0000] {processor.py:836} INFO - DAG(s) dict_keys(['example_external_task_marker_child', 'example_external_task_marker_parent']) retrieved from /home/airflow/.local/lib/python3.7/site-packages/airflow/example_dags/example_external_task_marker_dag.py
[2024-07-06T14:11:13.140+0000] {logging_mixin.py:150} INFO - [2024-07-06T14:11:13.140+0000] {dag.py:2742} INFO - Sync 2 DAGs
[2024-07-06T14:11:13.159+0000] {logging_mixin.py:150} INFO - [2024-07-06T14:11:13.159+0000] {dag.py:3508} INFO - Setting next_dagrun for example_external_task_marker_child to None, run_after=None
[2024-07-06T14:11:13.163+0000] {logging_mixin.py:150} INFO - [2024-07-06T14:11:13.163+0000] {dag.py:3508} INFO - Setting next_dagrun for example_external_task_marker_parent to None, run_after=None
[2024-07-06T14:11:13.176+0000] {processor.py:179} INFO - Processing /home/airflow/.local/lib/python3.7/site-packages/airflow/example_dags/example_external_task_marker_dag.py took 0.075 seconds
[2024-07-06T14:11:44.060+0000] {processor.py:157} INFO - Started process (PID=172) to work on /home/airflow/.local/lib/python3.7/site-packages/airflow/example_dags/example_external_task_marker_dag.py
[2024-07-06T14:11:44.062+0000] {processor.py:826} INFO - Processing file /home/airflow/.local/lib/python3.7/site-packages/airflow/example_dags/example_external_task_marker_dag.py for tasks to queue
[2024-07-06T14:11:44.063+0000] {logging_mixin.py:150} INFO - [2024-07-06T14:11:44.063+0000] {dagbag.py:541} INFO - Filling up the DagBag from /home/airflow/.local/lib/python3.7/site-packages/airflow/example_dags/example_external_task_marker_dag.py
[2024-07-06T14:11:44.069+0000] {processor.py:836} INFO - DAG(s) dict_keys(['example_external_task_marker_child', 'example_external_task_marker_parent']) retrieved from /home/airflow/.local/lib/python3.7/site-packages/airflow/example_dags/example_external_task_marker_dag.py
[2024-07-06T14:11:44.097+0000] {logging_mixin.py:150} INFO - [2024-07-06T14:11:44.097+0000] {dag.py:2742} INFO - Sync 2 DAGs
[2024-07-06T14:11:44.119+0000] {logging_mixin.py:150} INFO - [2024-07-06T14:11:44.119+0000] {dag.py:3508} INFO - Setting next_dagrun for example_external_task_marker_child to None, run_after=None
[2024-07-06T14:11:44.123+0000] {logging_mixin.py:150} INFO - [2024-07-06T14:11:44.123+0000] {dag.py:3508} INFO - Setting next_dagrun for example_external_task_marker_parent to None, run_after=None
[2024-07-06T14:11:44.136+0000] {processor.py:179} INFO - Processing /home/airflow/.local/lib/python3.7/site-packages/airflow/example_dags/example_external_task_marker_dag.py took 0.079 seconds
[2024-07-06T14:12:14.574+0000] {processor.py:157} INFO - Started process (PID=235) to work on /home/airflow/.local/lib/python3.7/site-packages/airflow/example_dags/example_external_task_marker_dag.py
[2024-07-06T14:12:14.575+0000] {processor.py:826} INFO - Processing file /home/airflow/.local/lib/python3.7/site-packages/airflow/example_dags/example_external_task_marker_dag.py for tasks to queue
[2024-07-06T14:12:14.577+0000] {logging_mixin.py:150} INFO - [2024-07-06T14:12:14.577+0000] {dagbag.py:541} INFO - Filling up the DagBag from /home/airflow/.local/lib/python3.7/site-packages/airflow/example_dags/example_external_task_marker_dag.py
[2024-07-06T14:12:14.582+0000] {processor.py:836} INFO - DAG(s) dict_keys(['example_external_task_marker_child', 'example_external_task_marker_parent']) retrieved from /home/airflow/.local/lib/python3.7/site-packages/airflow/example_dags/example_external_task_marker_dag.py
[2024-07-06T14:12:14.603+0000] {logging_mixin.py:150} INFO - [2024-07-06T14:12:14.603+0000] {dag.py:2742} INFO - Sync 2 DAGs
[2024-07-06T14:12:14.618+0000] {logging_mixin.py:150} INFO - [2024-07-06T14:12:14.618+0000] {dag.py:3508} INFO - Setting next_dagrun for example_external_task_marker_child to None, run_after=None
[2024-07-06T14:12:14.621+0000] {logging_mixin.py:150} INFO - [2024-07-06T14:12:14.621+0000] {dag.py:3508} INFO - Setting next_dagrun for example_external_task_marker_parent to None, run_after=None
[2024-07-06T14:12:14.631+0000] {processor.py:179} INFO - Processing /home/airflow/.local/lib/python3.7/site-packages/airflow/example_dags/example_external_task_marker_dag.py took 0.060 seconds
[2024-07-06T14:12:44.836+0000] {processor.py:157} INFO - Started process (PID=298) to work on /home/airflow/.local/lib/python3.7/site-packages/airflow/example_dags/example_external_task_marker_dag.py
[2024-07-06T14:12:44.838+0000] {processor.py:826} INFO - Processing file /home/airflow/.local/lib/python3.7/site-packages/airflow/example_dags/example_external_task_marker_dag.py for tasks to queue
[2024-07-06T14:12:44.839+0000] {logging_mixin.py:150} INFO - [2024-07-06T14:12:44.839+0000] {dagbag.py:541} INFO - Filling up the DagBag from /home/airflow/.local/lib/python3.7/site-packages/airflow/example_dags/example_external_task_marker_dag.py
[2024-07-06T14:12:44.845+0000] {processor.py:836} INFO - DAG(s) dict_keys(['example_external_task_marker_child', 'example_external_task_marker_parent']) retrieved from /home/airflow/.local/lib/python3.7/site-packages/airflow/example_dags/example_external_task_marker_dag.py
[2024-07-06T14:12:44.873+0000] {logging_mixin.py:150} INFO - [2024-07-06T14:12:44.873+0000] {dag.py:2742} INFO - Sync 2 DAGs
[2024-07-06T14:12:44.895+0000] {logging_mixin.py:150} INFO - [2024-07-06T14:12:44.894+0000] {dag.py:3508} INFO - Setting next_dagrun for example_external_task_marker_child to None, run_after=None
[2024-07-06T14:12:44.899+0000] {logging_mixin.py:150} INFO - [2024-07-06T14:12:44.899+0000] {dag.py:3508} INFO - Setting next_dagrun for example_external_task_marker_parent to None, run_after=None
[2024-07-06T14:12:44.912+0000] {processor.py:179} INFO - Processing /home/airflow/.local/lib/python3.7/site-packages/airflow/example_dags/example_external_task_marker_dag.py took 0.079 seconds
[2024-07-06T14:13:15.922+0000] {processor.py:157} INFO - Started process (PID=357) to work on /home/airflow/.local/lib/python3.7/site-packages/airflow/example_dags/example_external_task_marker_dag.py
[2024-07-06T14:13:15.926+0000] {processor.py:826} INFO - Processing file /home/airflow/.local/lib/python3.7/site-packages/airflow/example_dags/example_external_task_marker_dag.py for tasks to queue
[2024-07-06T14:13:15.928+0000] {logging_mixin.py:150} INFO - [2024-07-06T14:13:15.927+0000] {dagbag.py:541} INFO - Filling up the DagBag from /home/airflow/.local/lib/python3.7/site-packages/airflow/example_dags/example_external_task_marker_dag.py
[2024-07-06T14:13:15.937+0000] {processor.py:836} INFO - DAG(s) dict_keys(['example_external_task_marker_parent', 'example_external_task_marker_child']) retrieved from /home/airflow/.local/lib/python3.7/site-packages/airflow/example_dags/example_external_task_marker_dag.py
[2024-07-06T14:13:15.962+0000] {logging_mixin.py:150} INFO - [2024-07-06T14:13:15.962+0000] {dag.py:2742} INFO - Sync 2 DAGs
[2024-07-06T14:13:15.996+0000] {logging_mixin.py:150} INFO - [2024-07-06T14:13:15.996+0000] {dag.py:3508} INFO - Setting next_dagrun for example_external_task_marker_child to None, run_after=None
[2024-07-06T14:13:16.000+0000] {logging_mixin.py:150} INFO - [2024-07-06T14:13:16.000+0000] {dag.py:3508} INFO - Setting next_dagrun for example_external_task_marker_parent to None, run_after=None
[2024-07-06T14:13:16.019+0000] {processor.py:179} INFO - Processing /home/airflow/.local/lib/python3.7/site-packages/airflow/example_dags/example_external_task_marker_dag.py took 0.102 seconds
[2024-07-06T14:13:46.269+0000] {processor.py:157} INFO - Started process (PID=420) to work on /home/airflow/.local/lib/python3.7/site-packages/airflow/example_dags/example_external_task_marker_dag.py
[2024-07-06T14:13:46.272+0000] {processor.py:826} INFO - Processing file /home/airflow/.local/lib/python3.7/site-packages/airflow/example_dags/example_external_task_marker_dag.py for tasks to queue
[2024-07-06T14:13:46.274+0000] {logging_mixin.py:150} INFO - [2024-07-06T14:13:46.273+0000] {dagbag.py:541} INFO - Filling up the DagBag from /home/airflow/.local/lib/python3.7/site-packages/airflow/example_dags/example_external_task_marker_dag.py
[2024-07-06T14:13:46.282+0000] {processor.py:836} INFO - DAG(s) dict_keys(['example_external_task_marker_child', 'example_external_task_marker_parent']) retrieved from /home/airflow/.local/lib/python3.7/site-packages/airflow/example_dags/example_external_task_marker_dag.py
[2024-07-06T14:13:46.309+0000] {logging_mixin.py:150} INFO - [2024-07-06T14:13:46.309+0000] {dag.py:2742} INFO - Sync 2 DAGs
[2024-07-06T14:13:46.326+0000] {logging_mixin.py:150} INFO - [2024-07-06T14:13:46.326+0000] {dag.py:3508} INFO - Setting next_dagrun for example_external_task_marker_child to None, run_after=None
[2024-07-06T14:13:46.329+0000] {logging_mixin.py:150} INFO - [2024-07-06T14:13:46.329+0000] {dag.py:3508} INFO - Setting next_dagrun for example_external_task_marker_parent to None, run_after=None
[2024-07-06T14:13:46.341+0000] {processor.py:179} INFO - Processing /home/airflow/.local/lib/python3.7/site-packages/airflow/example_dags/example_external_task_marker_dag.py took 0.082 seconds
[2024-07-06T14:14:16.701+0000] {processor.py:157} INFO - Started process (PID=483) to work on /home/airflow/.local/lib/python3.7/site-packages/airflow/example_dags/example_external_task_marker_dag.py
[2024-07-06T14:14:16.704+0000] {processor.py:826} INFO - Processing file /home/airflow/.local/lib/python3.7/site-packages/airflow/example_dags/example_external_task_marker_dag.py for tasks to queue
[2024-07-06T14:14:16.707+0000] {logging_mixin.py:150} INFO - [2024-07-06T14:14:16.706+0000] {dagbag.py:541} INFO - Filling up the DagBag from /home/airflow/.local/lib/python3.7/site-packages/airflow/example_dags/example_external_task_marker_dag.py
[2024-07-06T14:14:16.717+0000] {processor.py:836} INFO - DAG(s) dict_keys(['example_external_task_marker_parent', 'example_external_task_marker_child']) retrieved from /home/airflow/.local/lib/python3.7/site-packages/airflow/example_dags/example_external_task_marker_dag.py
[2024-07-06T14:14:16.747+0000] {logging_mixin.py:150} INFO - [2024-07-06T14:14:16.747+0000] {dag.py:2742} INFO - Sync 2 DAGs
[2024-07-06T14:14:16.763+0000] {logging_mixin.py:150} INFO - [2024-07-06T14:14:16.763+0000] {dag.py:3508} INFO - Setting next_dagrun for example_external_task_marker_child to None, run_after=None
[2024-07-06T14:14:16.768+0000] {logging_mixin.py:150} INFO - [2024-07-06T14:14:16.768+0000] {dag.py:3508} INFO - Setting next_dagrun for example_external_task_marker_parent to None, run_after=None
[2024-07-06T14:14:16.780+0000] {processor.py:179} INFO - Processing /home/airflow/.local/lib/python3.7/site-packages/airflow/example_dags/example_external_task_marker_dag.py took 0.086 seconds
[2024-07-06T14:14:47.128+0000] {processor.py:157} INFO - Started process (PID=547) to work on /home/airflow/.local/lib/python3.7/site-packages/airflow/example_dags/example_external_task_marker_dag.py
[2024-07-06T14:14:47.133+0000] {processor.py:826} INFO - Processing file /home/airflow/.local/lib/python3.7/site-packages/airflow/example_dags/example_external_task_marker_dag.py for tasks to queue
[2024-07-06T14:14:47.136+0000] {logging_mixin.py:150} INFO - [2024-07-06T14:14:47.136+0000] {dagbag.py:541} INFO - Filling up the DagBag from /home/airflow/.local/lib/python3.7/site-packages/airflow/example_dags/example_external_task_marker_dag.py
[2024-07-06T14:14:47.147+0000] {processor.py:836} INFO - DAG(s) dict_keys(['example_external_task_marker_child', 'example_external_task_marker_parent']) retrieved from /home/airflow/.local/lib/python3.7/site-packages/airflow/example_dags/example_external_task_marker_dag.py
[2024-07-06T14:14:47.176+0000] {logging_mixin.py:150} INFO - [2024-07-06T14:14:47.176+0000] {dag.py:2742} INFO - Sync 2 DAGs
[2024-07-06T14:14:47.194+0000] {logging_mixin.py:150} INFO - [2024-07-06T14:14:47.194+0000] {dag.py:3508} INFO - Setting next_dagrun for example_external_task_marker_child to None, run_after=None
[2024-07-06T14:14:47.197+0000] {logging_mixin.py:150} INFO - [2024-07-06T14:14:47.197+0000] {dag.py:3508} INFO - Setting next_dagrun for example_external_task_marker_parent to None, run_after=None
[2024-07-06T14:14:47.209+0000] {processor.py:179} INFO - Processing /home/airflow/.local/lib/python3.7/site-packages/airflow/example_dags/example_external_task_marker_dag.py took 0.087 seconds
[2024-07-06T14:15:18.052+0000] {processor.py:157} INFO - Started process (PID=610) to work on /home/airflow/.local/lib/python3.7/site-packages/airflow/example_dags/example_external_task_marker_dag.py
[2024-07-06T14:15:18.055+0000] {processor.py:826} INFO - Processing file /home/airflow/.local/lib/python3.7/site-packages/airflow/example_dags/example_external_task_marker_dag.py for tasks to queue
[2024-07-06T14:15:18.057+0000] {logging_mixin.py:150} INFO - [2024-07-06T14:15:18.056+0000] {dagbag.py:541} INFO - Filling up the DagBag from /home/airflow/.local/lib/python3.7/site-packages/airflow/example_dags/example_external_task_marker_dag.py
[2024-07-06T14:15:18.076+0000] {processor.py:836} INFO - DAG(s) dict_keys(['example_external_task_marker_parent', 'example_external_task_marker_child']) retrieved from /home/airflow/.local/lib/python3.7/site-packages/airflow/example_dags/example_external_task_marker_dag.py
[2024-07-06T14:15:18.109+0000] {logging_mixin.py:150} INFO - [2024-07-06T14:15:18.109+0000] {dag.py:2742} INFO - Sync 2 DAGs
[2024-07-06T14:15:18.127+0000] {logging_mixin.py:150} INFO - [2024-07-06T14:15:18.127+0000] {dag.py:3508} INFO - Setting next_dagrun for example_external_task_marker_child to None, run_after=None
[2024-07-06T14:15:18.131+0000] {logging_mixin.py:150} INFO - [2024-07-06T14:15:18.131+0000] {dag.py:3508} INFO - Setting next_dagrun for example_external_task_marker_parent to None, run_after=None
[2024-07-06T14:15:18.145+0000] {processor.py:179} INFO - Processing /home/airflow/.local/lib/python3.7/site-packages/airflow/example_dags/example_external_task_marker_dag.py took 0.099 seconds
[2024-07-06T14:15:48.899+0000] {processor.py:157} INFO - Started process (PID=672) to work on /home/airflow/.local/lib/python3.7/site-packages/airflow/example_dags/example_external_task_marker_dag.py
[2024-07-06T14:15:48.903+0000] {processor.py:826} INFO - Processing file /home/airflow/.local/lib/python3.7/site-packages/airflow/example_dags/example_external_task_marker_dag.py for tasks to queue
[2024-07-06T14:15:48.904+0000] {logging_mixin.py:150} INFO - [2024-07-06T14:15:48.904+0000] {dagbag.py:541} INFO - Filling up the DagBag from /home/airflow/.local/lib/python3.7/site-packages/airflow/example_dags/example_external_task_marker_dag.py
[2024-07-06T14:15:48.910+0000] {processor.py:836} INFO - DAG(s) dict_keys(['example_external_task_marker_parent', 'example_external_task_marker_child']) retrieved from /home/airflow/.local/lib/python3.7/site-packages/airflow/example_dags/example_external_task_marker_dag.py
[2024-07-06T14:15:48.936+0000] {logging_mixin.py:150} INFO - [2024-07-06T14:15:48.936+0000] {dag.py:2742} INFO - Sync 2 DAGs
[2024-07-06T14:15:48.954+0000] {logging_mixin.py:150} INFO - [2024-07-06T14:15:48.954+0000] {dag.py:3508} INFO - Setting next_dagrun for example_external_task_marker_child to None, run_after=None
[2024-07-06T14:15:48.957+0000] {logging_mixin.py:150} INFO - [2024-07-06T14:15:48.957+0000] {dag.py:3508} INFO - Setting next_dagrun for example_external_task_marker_parent to None, run_after=None
[2024-07-06T14:15:48.968+0000] {processor.py:179} INFO - Processing /home/airflow/.local/lib/python3.7/site-packages/airflow/example_dags/example_external_task_marker_dag.py took 0.073 seconds
[2024-07-06T14:16:19.406+0000] {processor.py:157} INFO - Started process (PID=735) to work on /home/airflow/.local/lib/python3.7/site-packages/airflow/example_dags/example_external_task_marker_dag.py
[2024-07-06T14:16:19.409+0000] {processor.py:826} INFO - Processing file /home/airflow/.local/lib/python3.7/site-packages/airflow/example_dags/example_external_task_marker_dag.py for tasks to queue
[2024-07-06T14:16:19.411+0000] {logging_mixin.py:150} INFO - [2024-07-06T14:16:19.411+0000] {dagbag.py:541} INFO - Filling up the DagBag from /home/airflow/.local/lib/python3.7/site-packages/airflow/example_dags/example_external_task_marker_dag.py
[2024-07-06T14:16:19.420+0000] {processor.py:836} INFO - DAG(s) dict_keys(['example_external_task_marker_parent', 'example_external_task_marker_child']) retrieved from /home/airflow/.local/lib/python3.7/site-packages/airflow/example_dags/example_external_task_marker_dag.py
[2024-07-06T14:16:19.462+0000] {logging_mixin.py:150} INFO - [2024-07-06T14:16:19.462+0000] {dag.py:2742} INFO - Sync 2 DAGs
[2024-07-06T14:16:19.486+0000] {logging_mixin.py:150} INFO - [2024-07-06T14:16:19.486+0000] {dag.py:3508} INFO - Setting next_dagrun for example_external_task_marker_child to None, run_after=None
[2024-07-06T14:16:19.491+0000] {logging_mixin.py:150} INFO - [2024-07-06T14:16:19.490+0000] {dag.py:3508} INFO - Setting next_dagrun for example_external_task_marker_parent to None, run_after=None
[2024-07-06T14:16:19.505+0000] {processor.py:179} INFO - Processing /home/airflow/.local/lib/python3.7/site-packages/airflow/example_dags/example_external_task_marker_dag.py took 0.105 seconds
[2024-07-06T14:16:49.985+0000] {processor.py:157} INFO - Started process (PID=798) to work on /home/airflow/.local/lib/python3.7/site-packages/airflow/example_dags/example_external_task_marker_dag.py
[2024-07-06T14:16:49.989+0000] {processor.py:826} INFO - Processing file /home/airflow/.local/lib/python3.7/site-packages/airflow/example_dags/example_external_task_marker_dag.py for tasks to queue
[2024-07-06T14:16:49.991+0000] {logging_mixin.py:150} INFO - [2024-07-06T14:16:49.991+0000] {dagbag.py:541} INFO - Filling up the DagBag from /home/airflow/.local/lib/python3.7/site-packages/airflow/example_dags/example_external_task_marker_dag.py
[2024-07-06T14:16:49.999+0000] {processor.py:836} INFO - DAG(s) dict_keys(['example_external_task_marker_parent', 'example_external_task_marker_child']) retrieved from /home/airflow/.local/lib/python3.7/site-packages/airflow/example_dags/example_external_task_marker_dag.py
[2024-07-06T14:16:50.029+0000] {logging_mixin.py:150} INFO - [2024-07-06T14:16:50.029+0000] {dag.py:2742} INFO - Sync 2 DAGs
[2024-07-06T14:16:50.048+0000] {logging_mixin.py:150} INFO - [2024-07-06T14:16:50.048+0000] {dag.py:3508} INFO - Setting next_dagrun for example_external_task_marker_child to None, run_after=None
[2024-07-06T14:16:50.053+0000] {logging_mixin.py:150} INFO - [2024-07-06T14:16:50.052+0000] {dag.py:3508} INFO - Setting next_dagrun for example_external_task_marker_parent to None, run_after=None
[2024-07-06T14:16:50.063+0000] {processor.py:179} INFO - Processing /home/airflow/.local/lib/python3.7/site-packages/airflow/example_dags/example_external_task_marker_dag.py took 0.084 seconds
[2024-07-06T14:17:20.321+0000] {processor.py:157} INFO - Started process (PID=861) to work on /home/airflow/.local/lib/python3.7/site-packages/airflow/example_dags/example_external_task_marker_dag.py
[2024-07-06T14:17:20.324+0000] {processor.py:826} INFO - Processing file /home/airflow/.local/lib/python3.7/site-packages/airflow/example_dags/example_external_task_marker_dag.py for tasks to queue
[2024-07-06T14:17:20.327+0000] {logging_mixin.py:150} INFO - [2024-07-06T14:17:20.327+0000] {dagbag.py:541} INFO - Filling up the DagBag from /home/airflow/.local/lib/python3.7/site-packages/airflow/example_dags/example_external_task_marker_dag.py
[2024-07-06T14:17:20.335+0000] {processor.py:836} INFO - DAG(s) dict_keys(['example_external_task_marker_parent', 'example_external_task_marker_child']) retrieved from /home/airflow/.local/lib/python3.7/site-packages/airflow/example_dags/example_external_task_marker_dag.py
[2024-07-06T14:17:20.365+0000] {logging_mixin.py:150} INFO - [2024-07-06T14:17:20.365+0000] {dag.py:2742} INFO - Sync 2 DAGs
[2024-07-06T14:17:20.384+0000] {logging_mixin.py:150} INFO - [2024-07-06T14:17:20.383+0000] {dag.py:3508} INFO - Setting next_dagrun for example_external_task_marker_child to None, run_after=None
[2024-07-06T14:17:20.387+0000] {logging_mixin.py:150} INFO - [2024-07-06T14:17:20.387+0000] {dag.py:3508} INFO - Setting next_dagrun for example_external_task_marker_parent to None, run_after=None
[2024-07-06T14:17:20.398+0000] {processor.py:179} INFO - Processing /home/airflow/.local/lib/python3.7/site-packages/airflow/example_dags/example_external_task_marker_dag.py took 0.083 seconds
[2024-07-06T14:17:50.647+0000] {processor.py:157} INFO - Started process (PID=923) to work on /home/airflow/.local/lib/python3.7/site-packages/airflow/example_dags/example_external_task_marker_dag.py
[2024-07-06T14:17:50.650+0000] {processor.py:826} INFO - Processing file /home/airflow/.local/lib/python3.7/site-packages/airflow/example_dags/example_external_task_marker_dag.py for tasks to queue
[2024-07-06T14:17:50.652+0000] {logging_mixin.py:150} INFO - [2024-07-06T14:17:50.651+0000] {dagbag.py:541} INFO - Filling up the DagBag from /home/airflow/.local/lib/python3.7/site-packages/airflow/example_dags/example_external_task_marker_dag.py
[2024-07-06T14:17:50.660+0000] {processor.py:836} INFO - DAG(s) dict_keys(['example_external_task_marker_parent', 'example_external_task_marker_child']) retrieved from /home/airflow/.local/lib/python3.7/site-packages/airflow/example_dags/example_external_task_marker_dag.py
[2024-07-06T14:17:50.688+0000] {logging_mixin.py:150} INFO - [2024-07-06T14:17:50.688+0000] {dag.py:2742} INFO - Sync 2 DAGs
[2024-07-06T14:17:50.706+0000] {logging_mixin.py:150} INFO - [2024-07-06T14:17:50.705+0000] {dag.py:3508} INFO - Setting next_dagrun for example_external_task_marker_child to None, run_after=None
[2024-07-06T14:17:50.709+0000] {logging_mixin.py:150} INFO - [2024-07-06T14:17:50.709+0000] {dag.py:3508} INFO - Setting next_dagrun for example_external_task_marker_parent to None, run_after=None
[2024-07-06T14:17:50.721+0000] {processor.py:179} INFO - Processing /home/airflow/.local/lib/python3.7/site-packages/airflow/example_dags/example_external_task_marker_dag.py took 0.080 seconds
[2024-07-06T14:18:20.982+0000] {processor.py:157} INFO - Started process (PID=986) to work on /home/airflow/.local/lib/python3.7/site-packages/airflow/example_dags/example_external_task_marker_dag.py
[2024-07-06T14:18:20.986+0000] {processor.py:826} INFO - Processing file /home/airflow/.local/lib/python3.7/site-packages/airflow/example_dags/example_external_task_marker_dag.py for tasks to queue
[2024-07-06T14:18:20.988+0000] {logging_mixin.py:150} INFO - [2024-07-06T14:18:20.988+0000] {dagbag.py:541} INFO - Filling up the DagBag from /home/airflow/.local/lib/python3.7/site-packages/airflow/example_dags/example_external_task_marker_dag.py
[2024-07-06T14:18:20.997+0000] {processor.py:836} INFO - DAG(s) dict_keys(['example_external_task_marker_child', 'example_external_task_marker_parent']) retrieved from /home/airflow/.local/lib/python3.7/site-packages/airflow/example_dags/example_external_task_marker_dag.py
[2024-07-06T14:18:21.024+0000] {logging_mixin.py:150} INFO - [2024-07-06T14:18:21.024+0000] {dag.py:2742} INFO - Sync 2 DAGs
[2024-07-06T14:18:21.041+0000] {logging_mixin.py:150} INFO - [2024-07-06T14:18:21.041+0000] {dag.py:3508} INFO - Setting next_dagrun for example_external_task_marker_child to None, run_after=None
[2024-07-06T14:18:21.044+0000] {logging_mixin.py:150} INFO - [2024-07-06T14:18:21.044+0000] {dag.py:3508} INFO - Setting next_dagrun for example_external_task_marker_parent to None, run_after=None
[2024-07-06T14:18:21.056+0000] {processor.py:179} INFO - Processing /home/airflow/.local/lib/python3.7/site-packages/airflow/example_dags/example_external_task_marker_dag.py took 0.081 seconds
[2024-07-06T14:18:51.295+0000] {processor.py:157} INFO - Started process (PID=1049) to work on /home/airflow/.local/lib/python3.7/site-packages/airflow/example_dags/example_external_task_marker_dag.py
[2024-07-06T14:18:51.299+0000] {processor.py:826} INFO - Processing file /home/airflow/.local/lib/python3.7/site-packages/airflow/example_dags/example_external_task_marker_dag.py for tasks to queue
[2024-07-06T14:18:51.302+0000] {logging_mixin.py:150} INFO - [2024-07-06T14:18:51.301+0000] {dagbag.py:541} INFO - Filling up the DagBag from /home/airflow/.local/lib/python3.7/site-packages/airflow/example_dags/example_external_task_marker_dag.py
[2024-07-06T14:18:51.314+0000] {processor.py:836} INFO - DAG(s) dict_keys(['example_external_task_marker_parent', 'example_external_task_marker_child']) retrieved from /home/airflow/.local/lib/python3.7/site-packages/airflow/example_dags/example_external_task_marker_dag.py
[2024-07-06T14:18:51.351+0000] {logging_mixin.py:150} INFO - [2024-07-06T14:18:51.351+0000] {dag.py:2742} INFO - Sync 2 DAGs
[2024-07-06T14:18:51.374+0000] {logging_mixin.py:150} INFO - [2024-07-06T14:18:51.374+0000] {dag.py:3508} INFO - Setting next_dagrun for example_external_task_marker_child to None, run_after=None
[2024-07-06T14:18:51.379+0000] {logging_mixin.py:150} INFO - [2024-07-06T14:18:51.379+0000] {dag.py:3508} INFO - Setting next_dagrun for example_external_task_marker_parent to None, run_after=None
[2024-07-06T14:18:51.395+0000] {processor.py:179} INFO - Processing /home/airflow/.local/lib/python3.7/site-packages/airflow/example_dags/example_external_task_marker_dag.py took 0.105 seconds
[2024-07-06T14:19:21.584+0000] {processor.py:157} INFO - Started process (PID=1112) to work on /home/airflow/.local/lib/python3.7/site-packages/airflow/example_dags/example_external_task_marker_dag.py
[2024-07-06T14:19:21.587+0000] {processor.py:826} INFO - Processing file /home/airflow/.local/lib/python3.7/site-packages/airflow/example_dags/example_external_task_marker_dag.py for tasks to queue
[2024-07-06T14:19:21.589+0000] {logging_mixin.py:150} INFO - [2024-07-06T14:19:21.589+0000] {dagbag.py:541} INFO - Filling up the DagBag from /home/airflow/.local/lib/python3.7/site-packages/airflow/example_dags/example_external_task_marker_dag.py
[2024-07-06T14:19:21.597+0000] {processor.py:836} INFO - DAG(s) dict_keys(['example_external_task_marker_parent', 'example_external_task_marker_child']) retrieved from /home/airflow/.local/lib/python3.7/site-packages/airflow/example_dags/example_external_task_marker_dag.py
[2024-07-06T14:19:21.623+0000] {logging_mixin.py:150} INFO - [2024-07-06T14:19:21.623+0000] {dag.py:2742} INFO - Sync 2 DAGs
[2024-07-06T14:19:21.642+0000] {logging_mixin.py:150} INFO - [2024-07-06T14:19:21.641+0000] {dag.py:3508} INFO - Setting next_dagrun for example_external_task_marker_child to None, run_after=None
[2024-07-06T14:19:21.645+0000] {logging_mixin.py:150} INFO - [2024-07-06T14:19:21.645+0000] {dag.py:3508} INFO - Setting next_dagrun for example_external_task_marker_parent to None, run_after=None
[2024-07-06T14:19:21.656+0000] {processor.py:179} INFO - Processing /home/airflow/.local/lib/python3.7/site-packages/airflow/example_dags/example_external_task_marker_dag.py took 0.081 seconds
[2024-07-06T14:19:51.834+0000] {processor.py:157} INFO - Started process (PID=1175) to work on /home/airflow/.local/lib/python3.7/site-packages/airflow/example_dags/example_external_task_marker_dag.py
[2024-07-06T14:19:51.836+0000] {processor.py:826} INFO - Processing file /home/airflow/.local/lib/python3.7/site-packages/airflow/example_dags/example_external_task_marker_dag.py for tasks to queue
[2024-07-06T14:19:51.838+0000] {logging_mixin.py:150} INFO - [2024-07-06T14:19:51.838+0000] {dagbag.py:541} INFO - Filling up the DagBag from /home/airflow/.local/lib/python3.7/site-packages/airflow/example_dags/example_external_task_marker_dag.py
[2024-07-06T14:19:51.845+0000] {processor.py:836} INFO - DAG(s) dict_keys(['example_external_task_marker_parent', 'example_external_task_marker_child']) retrieved from /home/airflow/.local/lib/python3.7/site-packages/airflow/example_dags/example_external_task_marker_dag.py
[2024-07-06T14:19:51.870+0000] {logging_mixin.py:150} INFO - [2024-07-06T14:19:51.870+0000] {dag.py:2742} INFO - Sync 2 DAGs
[2024-07-06T14:19:51.888+0000] {logging_mixin.py:150} INFO - [2024-07-06T14:19:51.888+0000] {dag.py:3508} INFO - Setting next_dagrun for example_external_task_marker_child to None, run_after=None
[2024-07-06T14:19:51.891+0000] {logging_mixin.py:150} INFO - [2024-07-06T14:19:51.891+0000] {dag.py:3508} INFO - Setting next_dagrun for example_external_task_marker_parent to None, run_after=None
[2024-07-06T14:19:51.902+0000] {processor.py:179} INFO - Processing /home/airflow/.local/lib/python3.7/site-packages/airflow/example_dags/example_external_task_marker_dag.py took 0.073 seconds
[2024-07-06T14:20:22.363+0000] {processor.py:157} INFO - Started process (PID=1237) to work on /home/airflow/.local/lib/python3.7/site-packages/airflow/example_dags/example_external_task_marker_dag.py
[2024-07-06T14:20:22.366+0000] {processor.py:826} INFO - Processing file /home/airflow/.local/lib/python3.7/site-packages/airflow/example_dags/example_external_task_marker_dag.py for tasks to queue
[2024-07-06T14:20:22.369+0000] {logging_mixin.py:150} INFO - [2024-07-06T14:20:22.368+0000] {dagbag.py:541} INFO - Filling up the DagBag from /home/airflow/.local/lib/python3.7/site-packages/airflow/example_dags/example_external_task_marker_dag.py
[2024-07-06T14:20:22.381+0000] {processor.py:836} INFO - DAG(s) dict_keys(['example_external_task_marker_parent', 'example_external_task_marker_child']) retrieved from /home/airflow/.local/lib/python3.7/site-packages/airflow/example_dags/example_external_task_marker_dag.py
[2024-07-06T14:20:22.410+0000] {logging_mixin.py:150} INFO - [2024-07-06T14:20:22.410+0000] {dag.py:2742} INFO - Sync 2 DAGs
[2024-07-06T14:20:22.425+0000] {logging_mixin.py:150} INFO - [2024-07-06T14:20:22.425+0000] {dag.py:3508} INFO - Setting next_dagrun for example_external_task_marker_child to None, run_after=None
[2024-07-06T14:20:22.429+0000] {logging_mixin.py:150} INFO - [2024-07-06T14:20:22.429+0000] {dag.py:3508} INFO - Setting next_dagrun for example_external_task_marker_parent to None, run_after=None
[2024-07-06T14:20:22.440+0000] {processor.py:179} INFO - Processing /home/airflow/.local/lib/python3.7/site-packages/airflow/example_dags/example_external_task_marker_dag.py took 0.086 seconds
[2024-07-06T14:20:52.908+0000] {processor.py:157} INFO - Started process (PID=1300) to work on /home/airflow/.local/lib/python3.7/site-packages/airflow/example_dags/example_external_task_marker_dag.py
[2024-07-06T14:20:52.914+0000] {processor.py:826} INFO - Processing file /home/airflow/.local/lib/python3.7/site-packages/airflow/example_dags/example_external_task_marker_dag.py for tasks to queue
[2024-07-06T14:20:52.916+0000] {logging_mixin.py:150} INFO - [2024-07-06T14:20:52.915+0000] {dagbag.py:541} INFO - Filling up the DagBag from /home/airflow/.local/lib/python3.7/site-packages/airflow/example_dags/example_external_task_marker_dag.py
[2024-07-06T14:20:52.924+0000] {processor.py:836} INFO - DAG(s) dict_keys(['example_external_task_marker_child', 'example_external_task_marker_parent']) retrieved from /home/airflow/.local/lib/python3.7/site-packages/airflow/example_dags/example_external_task_marker_dag.py
[2024-07-06T14:20:52.953+0000] {logging_mixin.py:150} INFO - [2024-07-06T14:20:52.953+0000] {dag.py:2742} INFO - Sync 2 DAGs
[2024-07-06T14:20:52.971+0000] {logging_mixin.py:150} INFO - [2024-07-06T14:20:52.971+0000] {dag.py:3508} INFO - Setting next_dagrun for example_external_task_marker_child to None, run_after=None
[2024-07-06T14:20:52.977+0000] {logging_mixin.py:150} INFO - [2024-07-06T14:20:52.977+0000] {dag.py:3508} INFO - Setting next_dagrun for example_external_task_marker_parent to None, run_after=None
[2024-07-06T14:20:52.990+0000] {processor.py:179} INFO - Processing /home/airflow/.local/lib/python3.7/site-packages/airflow/example_dags/example_external_task_marker_dag.py took 0.088 seconds
[2024-07-06T14:21:23.405+0000] {processor.py:157} INFO - Started process (PID=1363) to work on /home/airflow/.local/lib/python3.7/site-packages/airflow/example_dags/example_external_task_marker_dag.py
[2024-07-06T14:21:23.408+0000] {processor.py:826} INFO - Processing file /home/airflow/.local/lib/python3.7/site-packages/airflow/example_dags/example_external_task_marker_dag.py for tasks to queue
[2024-07-06T14:21:23.410+0000] {logging_mixin.py:150} INFO - [2024-07-06T14:21:23.410+0000] {dagbag.py:541} INFO - Filling up the DagBag from /home/airflow/.local/lib/python3.7/site-packages/airflow/example_dags/example_external_task_marker_dag.py
[2024-07-06T14:21:23.418+0000] {processor.py:836} INFO - DAG(s) dict_keys(['example_external_task_marker_parent', 'example_external_task_marker_child']) retrieved from /home/airflow/.local/lib/python3.7/site-packages/airflow/example_dags/example_external_task_marker_dag.py
[2024-07-06T14:21:23.445+0000] {logging_mixin.py:150} INFO - [2024-07-06T14:21:23.445+0000] {dag.py:2742} INFO - Sync 2 DAGs
[2024-07-06T14:21:23.463+0000] {logging_mixin.py:150} INFO - [2024-07-06T14:21:23.463+0000] {dag.py:3508} INFO - Setting next_dagrun for example_external_task_marker_child to None, run_after=None
[2024-07-06T14:21:23.466+0000] {logging_mixin.py:150} INFO - [2024-07-06T14:21:23.466+0000] {dag.py:3508} INFO - Setting next_dagrun for example_external_task_marker_parent to None, run_after=None
[2024-07-06T14:21:23.479+0000] {processor.py:179} INFO - Processing /home/airflow/.local/lib/python3.7/site-packages/airflow/example_dags/example_external_task_marker_dag.py took 0.080 seconds
[2024-07-06T14:21:53.871+0000] {processor.py:157} INFO - Started process (PID=1426) to work on /home/airflow/.local/lib/python3.7/site-packages/airflow/example_dags/example_external_task_marker_dag.py
[2024-07-06T14:21:53.874+0000] {processor.py:826} INFO - Processing file /home/airflow/.local/lib/python3.7/site-packages/airflow/example_dags/example_external_task_marker_dag.py for tasks to queue
[2024-07-06T14:21:53.876+0000] {logging_mixin.py:150} INFO - [2024-07-06T14:21:53.876+0000] {dagbag.py:541} INFO - Filling up the DagBag from /home/airflow/.local/lib/python3.7/site-packages/airflow/example_dags/example_external_task_marker_dag.py
[2024-07-06T14:21:53.886+0000] {processor.py:836} INFO - DAG(s) dict_keys(['example_external_task_marker_parent', 'example_external_task_marker_child']) retrieved from /home/airflow/.local/lib/python3.7/site-packages/airflow/example_dags/example_external_task_marker_dag.py
[2024-07-06T14:21:53.914+0000] {logging_mixin.py:150} INFO - [2024-07-06T14:21:53.914+0000] {dag.py:2742} INFO - Sync 2 DAGs
[2024-07-06T14:21:53.932+0000] {logging_mixin.py:150} INFO - [2024-07-06T14:21:53.932+0000] {dag.py:3508} INFO - Setting next_dagrun for example_external_task_marker_child to None, run_after=None
[2024-07-06T14:21:53.936+0000] {logging_mixin.py:150} INFO - [2024-07-06T14:21:53.936+0000] {dag.py:3508} INFO - Setting next_dagrun for example_external_task_marker_parent to None, run_after=None
[2024-07-06T14:21:53.950+0000] {processor.py:179} INFO - Processing /home/airflow/.local/lib/python3.7/site-packages/airflow/example_dags/example_external_task_marker_dag.py took 0.086 seconds
[2024-07-06T14:22:24.050+0000] {processor.py:157} INFO - Started process (PID=1489) to work on /home/airflow/.local/lib/python3.7/site-packages/airflow/example_dags/example_external_task_marker_dag.py
[2024-07-06T14:22:24.054+0000] {processor.py:826} INFO - Processing file /home/airflow/.local/lib/python3.7/site-packages/airflow/example_dags/example_external_task_marker_dag.py for tasks to queue
[2024-07-06T14:22:24.057+0000] {logging_mixin.py:150} INFO - [2024-07-06T14:22:24.056+0000] {dagbag.py:541} INFO - Filling up the DagBag from /home/airflow/.local/lib/python3.7/site-packages/airflow/example_dags/example_external_task_marker_dag.py
[2024-07-06T14:22:24.066+0000] {processor.py:836} INFO - DAG(s) dict_keys(['example_external_task_marker_child', 'example_external_task_marker_parent']) retrieved from /home/airflow/.local/lib/python3.7/site-packages/airflow/example_dags/example_external_task_marker_dag.py
[2024-07-06T14:22:24.108+0000] {logging_mixin.py:150} INFO - [2024-07-06T14:22:24.108+0000] {dag.py:2742} INFO - Sync 2 DAGs
[2024-07-06T14:22:24.135+0000] {logging_mixin.py:150} INFO - [2024-07-06T14:22:24.134+0000] {dag.py:3508} INFO - Setting next_dagrun for example_external_task_marker_child to None, run_after=None
[2024-07-06T14:22:24.139+0000] {logging_mixin.py:150} INFO - [2024-07-06T14:22:24.139+0000] {dag.py:3508} INFO - Setting next_dagrun for example_external_task_marker_parent to None, run_after=None
[2024-07-06T14:22:24.150+0000] {processor.py:179} INFO - Processing /home/airflow/.local/lib/python3.7/site-packages/airflow/example_dags/example_external_task_marker_dag.py took 0.105 seconds
[2024-07-06T14:22:54.371+0000] {processor.py:157} INFO - Started process (PID=1552) to work on /home/airflow/.local/lib/python3.7/site-packages/airflow/example_dags/example_external_task_marker_dag.py
[2024-07-06T14:22:54.373+0000] {processor.py:826} INFO - Processing file /home/airflow/.local/lib/python3.7/site-packages/airflow/example_dags/example_external_task_marker_dag.py for tasks to queue
[2024-07-06T14:22:54.375+0000] {logging_mixin.py:150} INFO - [2024-07-06T14:22:54.375+0000] {dagbag.py:541} INFO - Filling up the DagBag from /home/airflow/.local/lib/python3.7/site-packages/airflow/example_dags/example_external_task_marker_dag.py
[2024-07-06T14:22:54.385+0000] {processor.py:836} INFO - DAG(s) dict_keys(['example_external_task_marker_child', 'example_external_task_marker_parent']) retrieved from /home/airflow/.local/lib/python3.7/site-packages/airflow/example_dags/example_external_task_marker_dag.py
[2024-07-06T14:22:54.421+0000] {logging_mixin.py:150} INFO - [2024-07-06T14:22:54.421+0000] {dag.py:2742} INFO - Sync 2 DAGs
[2024-07-06T14:22:54.500+0000] {logging_mixin.py:150} INFO - [2024-07-06T14:22:54.500+0000] {dag.py:3508} INFO - Setting next_dagrun for example_external_task_marker_child to None, run_after=None
[2024-07-06T14:22:54.505+0000] {logging_mixin.py:150} INFO - [2024-07-06T14:22:54.505+0000] {dag.py:3508} INFO - Setting next_dagrun for example_external_task_marker_parent to None, run_after=None
[2024-07-06T14:22:54.543+0000] {processor.py:179} INFO - Processing /home/airflow/.local/lib/python3.7/site-packages/airflow/example_dags/example_external_task_marker_dag.py took 0.176 seconds
[2024-07-06T14:23:24.760+0000] {processor.py:157} INFO - Started process (PID=1615) to work on /home/airflow/.local/lib/python3.7/site-packages/airflow/example_dags/example_external_task_marker_dag.py
[2024-07-06T14:23:24.764+0000] {processor.py:826} INFO - Processing file /home/airflow/.local/lib/python3.7/site-packages/airflow/example_dags/example_external_task_marker_dag.py for tasks to queue
[2024-07-06T14:23:24.767+0000] {logging_mixin.py:150} INFO - [2024-07-06T14:23:24.767+0000] {dagbag.py:541} INFO - Filling up the DagBag from /home/airflow/.local/lib/python3.7/site-packages/airflow/example_dags/example_external_task_marker_dag.py
[2024-07-06T14:23:24.776+0000] {processor.py:836} INFO - DAG(s) dict_keys(['example_external_task_marker_parent', 'example_external_task_marker_child']) retrieved from /home/airflow/.local/lib/python3.7/site-packages/airflow/example_dags/example_external_task_marker_dag.py
[2024-07-06T14:23:24.811+0000] {logging_mixin.py:150} INFO - [2024-07-06T14:23:24.811+0000] {dag.py:2742} INFO - Sync 2 DAGs
[2024-07-06T14:23:24.837+0000] {logging_mixin.py:150} INFO - [2024-07-06T14:23:24.837+0000] {dag.py:3508} INFO - Setting next_dagrun for example_external_task_marker_child to None, run_after=None
[2024-07-06T14:23:24.842+0000] {logging_mixin.py:150} INFO - [2024-07-06T14:23:24.842+0000] {dag.py:3508} INFO - Setting next_dagrun for example_external_task_marker_parent to None, run_after=None
[2024-07-06T14:23:24.865+0000] {processor.py:179} INFO - Processing /home/airflow/.local/lib/python3.7/site-packages/airflow/example_dags/example_external_task_marker_dag.py took 0.113 seconds
[2024-07-06T14:23:55.486+0000] {processor.py:157} INFO - Started process (PID=1678) to work on /home/airflow/.local/lib/python3.7/site-packages/airflow/example_dags/example_external_task_marker_dag.py
[2024-07-06T14:23:55.490+0000] {processor.py:826} INFO - Processing file /home/airflow/.local/lib/python3.7/site-packages/airflow/example_dags/example_external_task_marker_dag.py for tasks to queue
[2024-07-06T14:23:55.492+0000] {logging_mixin.py:150} INFO - [2024-07-06T14:23:55.491+0000] {dagbag.py:541} INFO - Filling up the DagBag from /home/airflow/.local/lib/python3.7/site-packages/airflow/example_dags/example_external_task_marker_dag.py
[2024-07-06T14:23:55.501+0000] {processor.py:836} INFO - DAG(s) dict_keys(['example_external_task_marker_child', 'example_external_task_marker_parent']) retrieved from /home/airflow/.local/lib/python3.7/site-packages/airflow/example_dags/example_external_task_marker_dag.py
[2024-07-06T14:23:55.530+0000] {logging_mixin.py:150} INFO - [2024-07-06T14:23:55.530+0000] {dag.py:2742} INFO - Sync 2 DAGs
[2024-07-06T14:23:55.547+0000] {logging_mixin.py:150} INFO - [2024-07-06T14:23:55.547+0000] {dag.py:3508} INFO - Setting next_dagrun for example_external_task_marker_child to None, run_after=None
[2024-07-06T14:23:55.551+0000] {logging_mixin.py:150} INFO - [2024-07-06T14:23:55.551+0000] {dag.py:3508} INFO - Setting next_dagrun for example_external_task_marker_parent to None, run_after=None
[2024-07-06T14:23:55.562+0000] {processor.py:179} INFO - Processing /home/airflow/.local/lib/python3.7/site-packages/airflow/example_dags/example_external_task_marker_dag.py took 0.082 seconds
[2024-07-06T14:24:25.939+0000] {processor.py:157} INFO - Started process (PID=1741) to work on /home/airflow/.local/lib/python3.7/site-packages/airflow/example_dags/example_external_task_marker_dag.py
[2024-07-06T14:24:25.942+0000] {processor.py:826} INFO - Processing file /home/airflow/.local/lib/python3.7/site-packages/airflow/example_dags/example_external_task_marker_dag.py for tasks to queue
[2024-07-06T14:24:25.943+0000] {logging_mixin.py:150} INFO - [2024-07-06T14:24:25.943+0000] {dagbag.py:541} INFO - Filling up the DagBag from /home/airflow/.local/lib/python3.7/site-packages/airflow/example_dags/example_external_task_marker_dag.py
[2024-07-06T14:24:25.949+0000] {processor.py:836} INFO - DAG(s) dict_keys(['example_external_task_marker_child', 'example_external_task_marker_parent']) retrieved from /home/airflow/.local/lib/python3.7/site-packages/airflow/example_dags/example_external_task_marker_dag.py
[2024-07-06T14:24:25.973+0000] {logging_mixin.py:150} INFO - [2024-07-06T14:24:25.973+0000] {dag.py:2742} INFO - Sync 2 DAGs
[2024-07-06T14:24:25.993+0000] {logging_mixin.py:150} INFO - [2024-07-06T14:24:25.993+0000] {dag.py:3508} INFO - Setting next_dagrun for example_external_task_marker_child to None, run_after=None
[2024-07-06T14:24:25.996+0000] {logging_mixin.py:150} INFO - [2024-07-06T14:24:25.996+0000] {dag.py:3508} INFO - Setting next_dagrun for example_external_task_marker_parent to None, run_after=None
[2024-07-06T14:24:26.009+0000] {processor.py:179} INFO - Processing /home/airflow/.local/lib/python3.7/site-packages/airflow/example_dags/example_external_task_marker_dag.py took 0.074 seconds
[2024-07-06T14:24:56.944+0000] {processor.py:157} INFO - Started process (PID=1804) to work on /home/airflow/.local/lib/python3.7/site-packages/airflow/example_dags/example_external_task_marker_dag.py
[2024-07-06T14:24:56.947+0000] {processor.py:826} INFO - Processing file /home/airflow/.local/lib/python3.7/site-packages/airflow/example_dags/example_external_task_marker_dag.py for tasks to queue
[2024-07-06T14:24:56.949+0000] {logging_mixin.py:150} INFO - [2024-07-06T14:24:56.949+0000] {dagbag.py:541} INFO - Filling up the DagBag from /home/airflow/.local/lib/python3.7/site-packages/airflow/example_dags/example_external_task_marker_dag.py
[2024-07-06T14:24:56.958+0000] {processor.py:836} INFO - DAG(s) dict_keys(['example_external_task_marker_parent', 'example_external_task_marker_child']) retrieved from /home/airflow/.local/lib/python3.7/site-packages/airflow/example_dags/example_external_task_marker_dag.py
[2024-07-06T14:24:56.987+0000] {logging_mixin.py:150} INFO - [2024-07-06T14:24:56.987+0000] {dag.py:2742} INFO - Sync 2 DAGs
[2024-07-06T14:24:57.005+0000] {logging_mixin.py:150} INFO - [2024-07-06T14:24:57.004+0000] {dag.py:3508} INFO - Setting next_dagrun for example_external_task_marker_child to None, run_after=None
[2024-07-06T14:24:57.009+0000] {logging_mixin.py:150} INFO - [2024-07-06T14:24:57.009+0000] {dag.py:3508} INFO - Setting next_dagrun for example_external_task_marker_parent to None, run_after=None
[2024-07-06T14:24:57.020+0000] {processor.py:179} INFO - Processing /home/airflow/.local/lib/python3.7/site-packages/airflow/example_dags/example_external_task_marker_dag.py took 0.082 seconds
[2024-07-06T14:25:27.264+0000] {processor.py:157} INFO - Started process (PID=1868) to work on /home/airflow/.local/lib/python3.7/site-packages/airflow/example_dags/example_external_task_marker_dag.py
[2024-07-06T14:25:27.266+0000] {processor.py:826} INFO - Processing file /home/airflow/.local/lib/python3.7/site-packages/airflow/example_dags/example_external_task_marker_dag.py for tasks to queue
[2024-07-06T14:25:27.267+0000] {logging_mixin.py:150} INFO - [2024-07-06T14:25:27.267+0000] {dagbag.py:541} INFO - Filling up the DagBag from /home/airflow/.local/lib/python3.7/site-packages/airflow/example_dags/example_external_task_marker_dag.py
[2024-07-06T14:25:27.273+0000] {processor.py:836} INFO - DAG(s) dict_keys(['example_external_task_marker_child', 'example_external_task_marker_parent']) retrieved from /home/airflow/.local/lib/python3.7/site-packages/airflow/example_dags/example_external_task_marker_dag.py
[2024-07-06T14:25:27.296+0000] {logging_mixin.py:150} INFO - [2024-07-06T14:25:27.296+0000] {dag.py:2742} INFO - Sync 2 DAGs
[2024-07-06T14:25:27.313+0000] {logging_mixin.py:150} INFO - [2024-07-06T14:25:27.313+0000] {dag.py:3508} INFO - Setting next_dagrun for example_external_task_marker_child to None, run_after=None
[2024-07-06T14:25:27.317+0000] {logging_mixin.py:150} INFO - [2024-07-06T14:25:27.317+0000] {dag.py:3508} INFO - Setting next_dagrun for example_external_task_marker_parent to None, run_after=None
[2024-07-06T14:25:27.328+0000] {processor.py:179} INFO - Processing /home/airflow/.local/lib/python3.7/site-packages/airflow/example_dags/example_external_task_marker_dag.py took 0.068 seconds
[2024-07-06T14:25:57.926+0000] {processor.py:157} INFO - Started process (PID=1930) to work on /home/airflow/.local/lib/python3.7/site-packages/airflow/example_dags/example_external_task_marker_dag.py
[2024-07-06T14:25:57.928+0000] {processor.py:826} INFO - Processing file /home/airflow/.local/lib/python3.7/site-packages/airflow/example_dags/example_external_task_marker_dag.py for tasks to queue
[2024-07-06T14:25:57.930+0000] {logging_mixin.py:150} INFO - [2024-07-06T14:25:57.930+0000] {dagbag.py:541} INFO - Filling up the DagBag from /home/airflow/.local/lib/python3.7/site-packages/airflow/example_dags/example_external_task_marker_dag.py
[2024-07-06T14:25:57.936+0000] {processor.py:836} INFO - DAG(s) dict_keys(['example_external_task_marker_child', 'example_external_task_marker_parent']) retrieved from /home/airflow/.local/lib/python3.7/site-packages/airflow/example_dags/example_external_task_marker_dag.py
[2024-07-06T14:25:57.968+0000] {logging_mixin.py:150} INFO - [2024-07-06T14:25:57.968+0000] {dag.py:2742} INFO - Sync 2 DAGs
[2024-07-06T14:25:57.991+0000] {logging_mixin.py:150} INFO - [2024-07-06T14:25:57.991+0000] {dag.py:3508} INFO - Setting next_dagrun for example_external_task_marker_child to None, run_after=None
[2024-07-06T14:25:57.995+0000] {logging_mixin.py:150} INFO - [2024-07-06T14:25:57.995+0000] {dag.py:3508} INFO - Setting next_dagrun for example_external_task_marker_parent to None, run_after=None
[2024-07-06T14:25:58.010+0000] {processor.py:179} INFO - Processing /home/airflow/.local/lib/python3.7/site-packages/airflow/example_dags/example_external_task_marker_dag.py took 0.087 seconds
[2024-07-06T14:26:28.735+0000] {processor.py:157} INFO - Started process (PID=1994) to work on /home/airflow/.local/lib/python3.7/site-packages/airflow/example_dags/example_external_task_marker_dag.py
[2024-07-06T14:26:28.742+0000] {processor.py:826} INFO - Processing file /home/airflow/.local/lib/python3.7/site-packages/airflow/example_dags/example_external_task_marker_dag.py for tasks to queue
[2024-07-06T14:26:28.748+0000] {logging_mixin.py:150} INFO - [2024-07-06T14:26:28.748+0000] {dagbag.py:541} INFO - Filling up the DagBag from /home/airflow/.local/lib/python3.7/site-packages/airflow/example_dags/example_external_task_marker_dag.py
[2024-07-06T14:26:28.759+0000] {processor.py:836} INFO - DAG(s) dict_keys(['example_external_task_marker_child', 'example_external_task_marker_parent']) retrieved from /home/airflow/.local/lib/python3.7/site-packages/airflow/example_dags/example_external_task_marker_dag.py
[2024-07-06T14:26:28.787+0000] {logging_mixin.py:150} INFO - [2024-07-06T14:26:28.787+0000] {dag.py:2742} INFO - Sync 2 DAGs
[2024-07-06T14:26:28.811+0000] {logging_mixin.py:150} INFO - [2024-07-06T14:26:28.811+0000] {dag.py:3508} INFO - Setting next_dagrun for example_external_task_marker_child to None, run_after=None
[2024-07-06T14:26:28.815+0000] {logging_mixin.py:150} INFO - [2024-07-06T14:26:28.815+0000] {dag.py:3508} INFO - Setting next_dagrun for example_external_task_marker_parent to None, run_after=None
[2024-07-06T14:26:28.831+0000] {processor.py:179} INFO - Processing /home/airflow/.local/lib/python3.7/site-packages/airflow/example_dags/example_external_task_marker_dag.py took 0.103 seconds
[2024-07-06T14:26:59.081+0000] {processor.py:157} INFO - Started process (PID=2057) to work on /home/airflow/.local/lib/python3.7/site-packages/airflow/example_dags/example_external_task_marker_dag.py
[2024-07-06T14:26:59.084+0000] {processor.py:826} INFO - Processing file /home/airflow/.local/lib/python3.7/site-packages/airflow/example_dags/example_external_task_marker_dag.py for tasks to queue
[2024-07-06T14:26:59.085+0000] {logging_mixin.py:150} INFO - [2024-07-06T14:26:59.085+0000] {dagbag.py:541} INFO - Filling up the DagBag from /home/airflow/.local/lib/python3.7/site-packages/airflow/example_dags/example_external_task_marker_dag.py
[2024-07-06T14:26:59.093+0000] {processor.py:836} INFO - DAG(s) dict_keys(['example_external_task_marker_parent', 'example_external_task_marker_child']) retrieved from /home/airflow/.local/lib/python3.7/site-packages/airflow/example_dags/example_external_task_marker_dag.py
[2024-07-06T14:26:59.129+0000] {logging_mixin.py:150} INFO - [2024-07-06T14:26:59.129+0000] {dag.py:2742} INFO - Sync 2 DAGs
[2024-07-06T14:26:59.165+0000] {logging_mixin.py:150} INFO - [2024-07-06T14:26:59.165+0000] {dag.py:3508} INFO - Setting next_dagrun for example_external_task_marker_child to None, run_after=None
[2024-07-06T14:26:59.170+0000] {logging_mixin.py:150} INFO - [2024-07-06T14:26:59.170+0000] {dag.py:3508} INFO - Setting next_dagrun for example_external_task_marker_parent to None, run_after=None
[2024-07-06T14:26:59.187+0000] {processor.py:179} INFO - Processing /home/airflow/.local/lib/python3.7/site-packages/airflow/example_dags/example_external_task_marker_dag.py took 0.111 seconds
[2024-07-06T14:27:29.299+0000] {processor.py:157} INFO - Started process (PID=2118) to work on /home/airflow/.local/lib/python3.7/site-packages/airflow/example_dags/example_external_task_marker_dag.py
[2024-07-06T14:27:29.301+0000] {processor.py:826} INFO - Processing file /home/airflow/.local/lib/python3.7/site-packages/airflow/example_dags/example_external_task_marker_dag.py for tasks to queue
[2024-07-06T14:27:29.303+0000] {logging_mixin.py:150} INFO - [2024-07-06T14:27:29.302+0000] {dagbag.py:541} INFO - Filling up the DagBag from /home/airflow/.local/lib/python3.7/site-packages/airflow/example_dags/example_external_task_marker_dag.py
[2024-07-06T14:27:29.308+0000] {processor.py:836} INFO - DAG(s) dict_keys(['example_external_task_marker_child', 'example_external_task_marker_parent']) retrieved from /home/airflow/.local/lib/python3.7/site-packages/airflow/example_dags/example_external_task_marker_dag.py
[2024-07-06T14:27:29.333+0000] {logging_mixin.py:150} INFO - [2024-07-06T14:27:29.333+0000] {dag.py:2742} INFO - Sync 2 DAGs
[2024-07-06T14:27:29.349+0000] {logging_mixin.py:150} INFO - [2024-07-06T14:27:29.349+0000] {dag.py:3508} INFO - Setting next_dagrun for example_external_task_marker_child to None, run_after=None
[2024-07-06T14:27:29.352+0000] {logging_mixin.py:150} INFO - [2024-07-06T14:27:29.352+0000] {dag.py:3508} INFO - Setting next_dagrun for example_external_task_marker_parent to None, run_after=None
[2024-07-06T14:27:29.363+0000] {processor.py:179} INFO - Processing /home/airflow/.local/lib/python3.7/site-packages/airflow/example_dags/example_external_task_marker_dag.py took 0.067 seconds
[2024-07-06T14:28:00.140+0000] {processor.py:157} INFO - Started process (PID=2187) to work on /home/airflow/.local/lib/python3.7/site-packages/airflow/example_dags/example_external_task_marker_dag.py
[2024-07-06T14:28:00.143+0000] {processor.py:826} INFO - Processing file /home/airflow/.local/lib/python3.7/site-packages/airflow/example_dags/example_external_task_marker_dag.py for tasks to queue
[2024-07-06T14:28:00.145+0000] {logging_mixin.py:150} INFO - [2024-07-06T14:28:00.145+0000] {dagbag.py:541} INFO - Filling up the DagBag from /home/airflow/.local/lib/python3.7/site-packages/airflow/example_dags/example_external_task_marker_dag.py
[2024-07-06T14:28:00.155+0000] {processor.py:836} INFO - DAG(s) dict_keys(['example_external_task_marker_child', 'example_external_task_marker_parent']) retrieved from /home/airflow/.local/lib/python3.7/site-packages/airflow/example_dags/example_external_task_marker_dag.py
[2024-07-06T14:28:00.194+0000] {logging_mixin.py:150} INFO - [2024-07-06T14:28:00.194+0000] {dag.py:2742} INFO - Sync 2 DAGs
[2024-07-06T14:28:00.220+0000] {logging_mixin.py:150} INFO - [2024-07-06T14:28:00.219+0000] {dag.py:3508} INFO - Setting next_dagrun for example_external_task_marker_child to None, run_after=None
[2024-07-06T14:28:00.227+0000] {logging_mixin.py:150} INFO - [2024-07-06T14:28:00.227+0000] {dag.py:3508} INFO - Setting next_dagrun for example_external_task_marker_parent to None, run_after=None
[2024-07-06T14:28:00.248+0000] {processor.py:179} INFO - Processing /home/airflow/.local/lib/python3.7/site-packages/airflow/example_dags/example_external_task_marker_dag.py took 0.111 seconds
[2024-07-06T14:28:30.350+0000] {processor.py:157} INFO - Started process (PID=2254) to work on /home/airflow/.local/lib/python3.7/site-packages/airflow/example_dags/example_external_task_marker_dag.py
[2024-07-06T14:28:30.353+0000] {processor.py:826} INFO - Processing file /home/airflow/.local/lib/python3.7/site-packages/airflow/example_dags/example_external_task_marker_dag.py for tasks to queue
[2024-07-06T14:28:30.359+0000] {logging_mixin.py:150} INFO - [2024-07-06T14:28:30.359+0000] {dagbag.py:541} INFO - Filling up the DagBag from /home/airflow/.local/lib/python3.7/site-packages/airflow/example_dags/example_external_task_marker_dag.py
[2024-07-06T14:28:30.368+0000] {processor.py:836} INFO - DAG(s) dict_keys(['example_external_task_marker_parent', 'example_external_task_marker_child']) retrieved from /home/airflow/.local/lib/python3.7/site-packages/airflow/example_dags/example_external_task_marker_dag.py
[2024-07-06T14:28:30.399+0000] {logging_mixin.py:150} INFO - [2024-07-06T14:28:30.399+0000] {dag.py:2742} INFO - Sync 2 DAGs
[2024-07-06T14:28:30.416+0000] {logging_mixin.py:150} INFO - [2024-07-06T14:28:30.416+0000] {dag.py:3508} INFO - Setting next_dagrun for example_external_task_marker_child to None, run_after=None
[2024-07-06T14:28:30.419+0000] {logging_mixin.py:150} INFO - [2024-07-06T14:28:30.419+0000] {dag.py:3508} INFO - Setting next_dagrun for example_external_task_marker_parent to None, run_after=None
[2024-07-06T14:28:30.431+0000] {processor.py:179} INFO - Processing /home/airflow/.local/lib/python3.7/site-packages/airflow/example_dags/example_external_task_marker_dag.py took 0.085 seconds
[2024-07-06T14:29:00.562+0000] {processor.py:157} INFO - Started process (PID=2317) to work on /home/airflow/.local/lib/python3.7/site-packages/airflow/example_dags/example_external_task_marker_dag.py
[2024-07-06T14:29:00.564+0000] {processor.py:826} INFO - Processing file /home/airflow/.local/lib/python3.7/site-packages/airflow/example_dags/example_external_task_marker_dag.py for tasks to queue
[2024-07-06T14:29:00.565+0000] {logging_mixin.py:150} INFO - [2024-07-06T14:29:00.565+0000] {dagbag.py:541} INFO - Filling up the DagBag from /home/airflow/.local/lib/python3.7/site-packages/airflow/example_dags/example_external_task_marker_dag.py
[2024-07-06T14:29:00.571+0000] {processor.py:836} INFO - DAG(s) dict_keys(['example_external_task_marker_parent', 'example_external_task_marker_child']) retrieved from /home/airflow/.local/lib/python3.7/site-packages/airflow/example_dags/example_external_task_marker_dag.py
[2024-07-06T14:29:00.593+0000] {logging_mixin.py:150} INFO - [2024-07-06T14:29:00.593+0000] {dag.py:2742} INFO - Sync 2 DAGs
[2024-07-06T14:29:00.609+0000] {logging_mixin.py:150} INFO - [2024-07-06T14:29:00.609+0000] {dag.py:3508} INFO - Setting next_dagrun for example_external_task_marker_child to None, run_after=None
[2024-07-06T14:29:00.612+0000] {logging_mixin.py:150} INFO - [2024-07-06T14:29:00.612+0000] {dag.py:3508} INFO - Setting next_dagrun for example_external_task_marker_parent to None, run_after=None
[2024-07-06T14:29:00.623+0000] {processor.py:179} INFO - Processing /home/airflow/.local/lib/python3.7/site-packages/airflow/example_dags/example_external_task_marker_dag.py took 0.065 seconds
[2024-07-06T14:29:31.739+0000] {processor.py:157} INFO - Started process (PID=2384) to work on /home/airflow/.local/lib/python3.7/site-packages/airflow/example_dags/example_external_task_marker_dag.py
[2024-07-06T14:29:31.751+0000] {processor.py:826} INFO - Processing file /home/airflow/.local/lib/python3.7/site-packages/airflow/example_dags/example_external_task_marker_dag.py for tasks to queue
[2024-07-06T14:29:31.761+0000] {logging_mixin.py:150} INFO - [2024-07-06T14:29:31.760+0000] {dagbag.py:541} INFO - Filling up the DagBag from /home/airflow/.local/lib/python3.7/site-packages/airflow/example_dags/example_external_task_marker_dag.py
[2024-07-06T14:29:31.797+0000] {processor.py:836} INFO - DAG(s) dict_keys(['example_external_task_marker_parent', 'example_external_task_marker_child']) retrieved from /home/airflow/.local/lib/python3.7/site-packages/airflow/example_dags/example_external_task_marker_dag.py
[2024-07-06T14:29:31.867+0000] {logging_mixin.py:150} INFO - [2024-07-06T14:29:31.866+0000] {dag.py:2742} INFO - Sync 2 DAGs
[2024-07-06T14:29:31.911+0000] {logging_mixin.py:150} INFO - [2024-07-06T14:29:31.911+0000] {dag.py:3508} INFO - Setting next_dagrun for example_external_task_marker_child to None, run_after=None
[2024-07-06T14:29:31.918+0000] {logging_mixin.py:150} INFO - [2024-07-06T14:29:31.917+0000] {dag.py:3508} INFO - Setting next_dagrun for example_external_task_marker_parent to None, run_after=None
[2024-07-06T14:29:31.973+0000] {processor.py:179} INFO - Processing /home/airflow/.local/lib/python3.7/site-packages/airflow/example_dags/example_external_task_marker_dag.py took 0.238 seconds
[2024-07-06T14:30:02.966+0000] {processor.py:157} INFO - Started process (PID=2447) to work on /home/airflow/.local/lib/python3.7/site-packages/airflow/example_dags/example_external_task_marker_dag.py
[2024-07-06T14:30:02.970+0000] {processor.py:826} INFO - Processing file /home/airflow/.local/lib/python3.7/site-packages/airflow/example_dags/example_external_task_marker_dag.py for tasks to queue
[2024-07-06T14:30:02.972+0000] {logging_mixin.py:150} INFO - [2024-07-06T14:30:02.972+0000] {dagbag.py:541} INFO - Filling up the DagBag from /home/airflow/.local/lib/python3.7/site-packages/airflow/example_dags/example_external_task_marker_dag.py
[2024-07-06T14:30:02.984+0000] {processor.py:836} INFO - DAG(s) dict_keys(['example_external_task_marker_child', 'example_external_task_marker_parent']) retrieved from /home/airflow/.local/lib/python3.7/site-packages/airflow/example_dags/example_external_task_marker_dag.py
[2024-07-06T14:30:03.020+0000] {logging_mixin.py:150} INFO - [2024-07-06T14:30:03.019+0000] {dag.py:2742} INFO - Sync 2 DAGs
[2024-07-06T14:30:03.040+0000] {logging_mixin.py:150} INFO - [2024-07-06T14:30:03.040+0000] {dag.py:3508} INFO - Setting next_dagrun for example_external_task_marker_child to None, run_after=None
[2024-07-06T14:30:03.044+0000] {logging_mixin.py:150} INFO - [2024-07-06T14:30:03.043+0000] {dag.py:3508} INFO - Setting next_dagrun for example_external_task_marker_parent to None, run_after=None
[2024-07-06T14:30:03.056+0000] {processor.py:179} INFO - Processing /home/airflow/.local/lib/python3.7/site-packages/airflow/example_dags/example_external_task_marker_dag.py took 0.098 seconds
[2024-07-06T14:30:34.159+0000] {processor.py:157} INFO - Started process (PID=2511) to work on /home/airflow/.local/lib/python3.7/site-packages/airflow/example_dags/example_external_task_marker_dag.py
[2024-07-06T14:30:34.162+0000] {processor.py:826} INFO - Processing file /home/airflow/.local/lib/python3.7/site-packages/airflow/example_dags/example_external_task_marker_dag.py for tasks to queue
[2024-07-06T14:30:34.164+0000] {logging_mixin.py:150} INFO - [2024-07-06T14:30:34.164+0000] {dagbag.py:541} INFO - Filling up the DagBag from /home/airflow/.local/lib/python3.7/site-packages/airflow/example_dags/example_external_task_marker_dag.py
[2024-07-06T14:30:34.174+0000] {processor.py:836} INFO - DAG(s) dict_keys(['example_external_task_marker_child', 'example_external_task_marker_parent']) retrieved from /home/airflow/.local/lib/python3.7/site-packages/airflow/example_dags/example_external_task_marker_dag.py
[2024-07-06T14:30:34.237+0000] {logging_mixin.py:150} INFO - [2024-07-06T14:30:34.237+0000] {dag.py:2742} INFO - Sync 2 DAGs
[2024-07-06T14:30:34.272+0000] {logging_mixin.py:150} INFO - [2024-07-06T14:30:34.271+0000] {dag.py:3508} INFO - Setting next_dagrun for example_external_task_marker_child to None, run_after=None
[2024-07-06T14:30:34.277+0000] {logging_mixin.py:150} INFO - [2024-07-06T14:30:34.277+0000] {dag.py:3508} INFO - Setting next_dagrun for example_external_task_marker_parent to None, run_after=None
[2024-07-06T14:30:34.292+0000] {processor.py:179} INFO - Processing /home/airflow/.local/lib/python3.7/site-packages/airflow/example_dags/example_external_task_marker_dag.py took 0.139 seconds
