[2024-07-06T14:10:42.381+0000] {processor.py:157} INFO - Started process (PID=49) to work on /home/airflow/.local/lib/python3.7/site-packages/airflow/example_dags/example_sensor_decorator.py
[2024-07-06T14:10:42.384+0000] {processor.py:826} INFO - Processing file /home/airflow/.local/lib/python3.7/site-packages/airflow/example_dags/example_sensor_decorator.py for tasks to queue
[2024-07-06T14:10:42.392+0000] {logging_mixin.py:150} INFO - [2024-07-06T14:10:42.390+0000] {dagbag.py:541} INFO - Filling up the DagBag from /home/airflow/.local/lib/python3.7/site-packages/airflow/example_dags/example_sensor_decorator.py
[2024-07-06T14:10:42.410+0000] {processor.py:836} INFO - DAG(s) dict_keys(['example_sensor_decorator']) retrieved from /home/airflow/.local/lib/python3.7/site-packages/airflow/example_dags/example_sensor_decorator.py
[2024-07-06T14:10:42.430+0000] {logging_mixin.py:150} INFO - [2024-07-06T14:10:42.430+0000] {dag.py:2742} INFO - Sync 1 DAGs
[2024-07-06T14:10:42.495+0000] {logging_mixin.py:150} INFO - [2024-07-06T14:10:42.495+0000] {dag.py:3508} INFO - Setting next_dagrun for example_sensor_decorator to None, run_after=None
[2024-07-06T14:10:42.525+0000] {processor.py:179} INFO - Processing /home/airflow/.local/lib/python3.7/site-packages/airflow/example_dags/example_sensor_decorator.py took 0.153 seconds
[2024-07-06T14:11:13.204+0000] {processor.py:157} INFO - Started process (PID=111) to work on /home/airflow/.local/lib/python3.7/site-packages/airflow/example_dags/example_sensor_decorator.py
[2024-07-06T14:11:13.205+0000] {processor.py:826} INFO - Processing file /home/airflow/.local/lib/python3.7/site-packages/airflow/example_dags/example_sensor_decorator.py for tasks to queue
[2024-07-06T14:11:13.207+0000] {logging_mixin.py:150} INFO - [2024-07-06T14:11:13.206+0000] {dagbag.py:541} INFO - Filling up the DagBag from /home/airflow/.local/lib/python3.7/site-packages/airflow/example_dags/example_sensor_decorator.py
[2024-07-06T14:11:13.213+0000] {processor.py:836} INFO - DAG(s) dict_keys(['example_sensor_decorator']) retrieved from /home/airflow/.local/lib/python3.7/site-packages/airflow/example_dags/example_sensor_decorator.py
[2024-07-06T14:11:13.241+0000] {logging_mixin.py:150} INFO - [2024-07-06T14:11:13.241+0000] {dag.py:2742} INFO - Sync 1 DAGs
[2024-07-06T14:11:13.261+0000] {logging_mixin.py:150} INFO - [2024-07-06T14:11:13.261+0000] {dag.py:3508} INFO - Setting next_dagrun for example_sensor_decorator to None, run_after=None
[2024-07-06T14:11:13.276+0000] {processor.py:179} INFO - Processing /home/airflow/.local/lib/python3.7/site-packages/airflow/example_dags/example_sensor_decorator.py took 0.075 seconds
[2024-07-06T14:11:44.166+0000] {processor.py:157} INFO - Started process (PID=174) to work on /home/airflow/.local/lib/python3.7/site-packages/airflow/example_dags/example_sensor_decorator.py
[2024-07-06T14:11:44.168+0000] {processor.py:826} INFO - Processing file /home/airflow/.local/lib/python3.7/site-packages/airflow/example_dags/example_sensor_decorator.py for tasks to queue
[2024-07-06T14:11:44.170+0000] {logging_mixin.py:150} INFO - [2024-07-06T14:11:44.169+0000] {dagbag.py:541} INFO - Filling up the DagBag from /home/airflow/.local/lib/python3.7/site-packages/airflow/example_dags/example_sensor_decorator.py
[2024-07-06T14:11:44.178+0000] {processor.py:836} INFO - DAG(s) dict_keys(['example_sensor_decorator']) retrieved from /home/airflow/.local/lib/python3.7/site-packages/airflow/example_dags/example_sensor_decorator.py
[2024-07-06T14:11:44.202+0000] {logging_mixin.py:150} INFO - [2024-07-06T14:11:44.202+0000] {dag.py:2742} INFO - Sync 1 DAGs
[2024-07-06T14:11:44.222+0000] {logging_mixin.py:150} INFO - [2024-07-06T14:11:44.222+0000] {dag.py:3508} INFO - Setting next_dagrun for example_sensor_decorator to None, run_after=None
[2024-07-06T14:11:44.240+0000] {processor.py:179} INFO - Processing /home/airflow/.local/lib/python3.7/site-packages/airflow/example_dags/example_sensor_decorator.py took 0.078 seconds
[2024-07-06T14:12:14.740+0000] {processor.py:157} INFO - Started process (PID=237) to work on /home/airflow/.local/lib/python3.7/site-packages/airflow/example_dags/example_sensor_decorator.py
[2024-07-06T14:12:14.743+0000] {processor.py:826} INFO - Processing file /home/airflow/.local/lib/python3.7/site-packages/airflow/example_dags/example_sensor_decorator.py for tasks to queue
[2024-07-06T14:12:14.744+0000] {logging_mixin.py:150} INFO - [2024-07-06T14:12:14.744+0000] {dagbag.py:541} INFO - Filling up the DagBag from /home/airflow/.local/lib/python3.7/site-packages/airflow/example_dags/example_sensor_decorator.py
[2024-07-06T14:12:14.750+0000] {processor.py:836} INFO - DAG(s) dict_keys(['example_sensor_decorator']) retrieved from /home/airflow/.local/lib/python3.7/site-packages/airflow/example_dags/example_sensor_decorator.py
[2024-07-06T14:12:14.774+0000] {logging_mixin.py:150} INFO - [2024-07-06T14:12:14.774+0000] {dag.py:2742} INFO - Sync 1 DAGs
[2024-07-06T14:12:14.791+0000] {logging_mixin.py:150} INFO - [2024-07-06T14:12:14.791+0000] {dag.py:3508} INFO - Setting next_dagrun for example_sensor_decorator to None, run_after=None
[2024-07-06T14:12:14.804+0000] {processor.py:179} INFO - Processing /home/airflow/.local/lib/python3.7/site-packages/airflow/example_dags/example_sensor_decorator.py took 0.067 seconds
[2024-07-06T14:12:44.970+0000] {processor.py:157} INFO - Started process (PID=300) to work on /home/airflow/.local/lib/python3.7/site-packages/airflow/example_dags/example_sensor_decorator.py
[2024-07-06T14:12:44.973+0000] {processor.py:826} INFO - Processing file /home/airflow/.local/lib/python3.7/site-packages/airflow/example_dags/example_sensor_decorator.py for tasks to queue
[2024-07-06T14:12:44.975+0000] {logging_mixin.py:150} INFO - [2024-07-06T14:12:44.974+0000] {dagbag.py:541} INFO - Filling up the DagBag from /home/airflow/.local/lib/python3.7/site-packages/airflow/example_dags/example_sensor_decorator.py
[2024-07-06T14:12:44.980+0000] {processor.py:836} INFO - DAG(s) dict_keys(['example_sensor_decorator']) retrieved from /home/airflow/.local/lib/python3.7/site-packages/airflow/example_dags/example_sensor_decorator.py
[2024-07-06T14:12:45.001+0000] {logging_mixin.py:150} INFO - [2024-07-06T14:12:45.001+0000] {dag.py:2742} INFO - Sync 1 DAGs
[2024-07-06T14:12:45.021+0000] {logging_mixin.py:150} INFO - [2024-07-06T14:12:45.021+0000] {dag.py:3508} INFO - Setting next_dagrun for example_sensor_decorator to None, run_after=None
[2024-07-06T14:12:45.036+0000] {processor.py:179} INFO - Processing /home/airflow/.local/lib/python3.7/site-packages/airflow/example_dags/example_sensor_decorator.py took 0.069 seconds
[2024-07-06T14:13:16.151+0000] {processor.py:157} INFO - Started process (PID=363) to work on /home/airflow/.local/lib/python3.7/site-packages/airflow/example_dags/example_sensor_decorator.py
[2024-07-06T14:13:16.153+0000] {processor.py:826} INFO - Processing file /home/airflow/.local/lib/python3.7/site-packages/airflow/example_dags/example_sensor_decorator.py for tasks to queue
[2024-07-06T14:13:16.154+0000] {logging_mixin.py:150} INFO - [2024-07-06T14:13:16.154+0000] {dagbag.py:541} INFO - Filling up the DagBag from /home/airflow/.local/lib/python3.7/site-packages/airflow/example_dags/example_sensor_decorator.py
[2024-07-06T14:13:16.160+0000] {processor.py:836} INFO - DAG(s) dict_keys(['example_sensor_decorator']) retrieved from /home/airflow/.local/lib/python3.7/site-packages/airflow/example_dags/example_sensor_decorator.py
[2024-07-06T14:13:16.181+0000] {logging_mixin.py:150} INFO - [2024-07-06T14:13:16.181+0000] {dag.py:2742} INFO - Sync 1 DAGs
[2024-07-06T14:13:16.198+0000] {logging_mixin.py:150} INFO - [2024-07-06T14:13:16.198+0000] {dag.py:3508} INFO - Setting next_dagrun for example_sensor_decorator to None, run_after=None
[2024-07-06T14:13:16.212+0000] {processor.py:179} INFO - Processing /home/airflow/.local/lib/python3.7/site-packages/airflow/example_dags/example_sensor_decorator.py took 0.064 seconds
[2024-07-06T14:13:46.366+0000] {processor.py:157} INFO - Started process (PID=422) to work on /home/airflow/.local/lib/python3.7/site-packages/airflow/example_dags/example_sensor_decorator.py
[2024-07-06T14:13:46.369+0000] {processor.py:826} INFO - Processing file /home/airflow/.local/lib/python3.7/site-packages/airflow/example_dags/example_sensor_decorator.py for tasks to queue
[2024-07-06T14:13:46.370+0000] {logging_mixin.py:150} INFO - [2024-07-06T14:13:46.370+0000] {dagbag.py:541} INFO - Filling up the DagBag from /home/airflow/.local/lib/python3.7/site-packages/airflow/example_dags/example_sensor_decorator.py
[2024-07-06T14:13:46.376+0000] {processor.py:836} INFO - DAG(s) dict_keys(['example_sensor_decorator']) retrieved from /home/airflow/.local/lib/python3.7/site-packages/airflow/example_dags/example_sensor_decorator.py
[2024-07-06T14:13:46.396+0000] {logging_mixin.py:150} INFO - [2024-07-06T14:13:46.396+0000] {dag.py:2742} INFO - Sync 1 DAGs
[2024-07-06T14:13:46.411+0000] {logging_mixin.py:150} INFO - [2024-07-06T14:13:46.411+0000] {dag.py:3508} INFO - Setting next_dagrun for example_sensor_decorator to None, run_after=None
[2024-07-06T14:13:46.423+0000] {processor.py:179} INFO - Processing /home/airflow/.local/lib/python3.7/site-packages/airflow/example_dags/example_sensor_decorator.py took 0.060 seconds
[2024-07-06T14:14:16.809+0000] {processor.py:157} INFO - Started process (PID=485) to work on /home/airflow/.local/lib/python3.7/site-packages/airflow/example_dags/example_sensor_decorator.py
[2024-07-06T14:14:16.812+0000] {processor.py:826} INFO - Processing file /home/airflow/.local/lib/python3.7/site-packages/airflow/example_dags/example_sensor_decorator.py for tasks to queue
[2024-07-06T14:14:16.814+0000] {logging_mixin.py:150} INFO - [2024-07-06T14:14:16.813+0000] {dagbag.py:541} INFO - Filling up the DagBag from /home/airflow/.local/lib/python3.7/site-packages/airflow/example_dags/example_sensor_decorator.py
[2024-07-06T14:14:16.819+0000] {processor.py:836} INFO - DAG(s) dict_keys(['example_sensor_decorator']) retrieved from /home/airflow/.local/lib/python3.7/site-packages/airflow/example_dags/example_sensor_decorator.py
[2024-07-06T14:14:16.843+0000] {logging_mixin.py:150} INFO - [2024-07-06T14:14:16.843+0000] {dag.py:2742} INFO - Sync 1 DAGs
[2024-07-06T14:14:16.861+0000] {logging_mixin.py:150} INFO - [2024-07-06T14:14:16.861+0000] {dag.py:3508} INFO - Setting next_dagrun for example_sensor_decorator to None, run_after=None
[2024-07-06T14:14:16.875+0000] {processor.py:179} INFO - Processing /home/airflow/.local/lib/python3.7/site-packages/airflow/example_dags/example_sensor_decorator.py took 0.071 seconds
[2024-07-06T14:14:47.235+0000] {processor.py:157} INFO - Started process (PID=549) to work on /home/airflow/.local/lib/python3.7/site-packages/airflow/example_dags/example_sensor_decorator.py
[2024-07-06T14:14:47.236+0000] {processor.py:826} INFO - Processing file /home/airflow/.local/lib/python3.7/site-packages/airflow/example_dags/example_sensor_decorator.py for tasks to queue
[2024-07-06T14:14:47.239+0000] {logging_mixin.py:150} INFO - [2024-07-06T14:14:47.238+0000] {dagbag.py:541} INFO - Filling up the DagBag from /home/airflow/.local/lib/python3.7/site-packages/airflow/example_dags/example_sensor_decorator.py
[2024-07-06T14:14:47.244+0000] {processor.py:836} INFO - DAG(s) dict_keys(['example_sensor_decorator']) retrieved from /home/airflow/.local/lib/python3.7/site-packages/airflow/example_dags/example_sensor_decorator.py
[2024-07-06T14:14:47.264+0000] {logging_mixin.py:150} INFO - [2024-07-06T14:14:47.264+0000] {dag.py:2742} INFO - Sync 1 DAGs
[2024-07-06T14:14:47.279+0000] {logging_mixin.py:150} INFO - [2024-07-06T14:14:47.279+0000] {dag.py:3508} INFO - Setting next_dagrun for example_sensor_decorator to None, run_after=None
[2024-07-06T14:14:47.291+0000] {processor.py:179} INFO - Processing /home/airflow/.local/lib/python3.7/site-packages/airflow/example_dags/example_sensor_decorator.py took 0.059 seconds
[2024-07-06T14:15:18.171+0000] {processor.py:157} INFO - Started process (PID=612) to work on /home/airflow/.local/lib/python3.7/site-packages/airflow/example_dags/example_sensor_decorator.py
[2024-07-06T14:15:18.173+0000] {processor.py:826} INFO - Processing file /home/airflow/.local/lib/python3.7/site-packages/airflow/example_dags/example_sensor_decorator.py for tasks to queue
[2024-07-06T14:15:18.175+0000] {logging_mixin.py:150} INFO - [2024-07-06T14:15:18.175+0000] {dagbag.py:541} INFO - Filling up the DagBag from /home/airflow/.local/lib/python3.7/site-packages/airflow/example_dags/example_sensor_decorator.py
[2024-07-06T14:15:18.185+0000] {processor.py:836} INFO - DAG(s) dict_keys(['example_sensor_decorator']) retrieved from /home/airflow/.local/lib/python3.7/site-packages/airflow/example_dags/example_sensor_decorator.py
[2024-07-06T14:15:18.208+0000] {logging_mixin.py:150} INFO - [2024-07-06T14:15:18.208+0000] {dag.py:2742} INFO - Sync 1 DAGs
[2024-07-06T14:15:18.231+0000] {logging_mixin.py:150} INFO - [2024-07-06T14:15:18.231+0000] {dag.py:3508} INFO - Setting next_dagrun for example_sensor_decorator to None, run_after=None
[2024-07-06T14:15:18.259+0000] {processor.py:179} INFO - Processing /home/airflow/.local/lib/python3.7/site-packages/airflow/example_dags/example_sensor_decorator.py took 0.091 seconds
[2024-07-06T14:15:48.994+0000] {processor.py:157} INFO - Started process (PID=674) to work on /home/airflow/.local/lib/python3.7/site-packages/airflow/example_dags/example_sensor_decorator.py
[2024-07-06T14:15:48.996+0000] {processor.py:826} INFO - Processing file /home/airflow/.local/lib/python3.7/site-packages/airflow/example_dags/example_sensor_decorator.py for tasks to queue
[2024-07-06T14:15:48.997+0000] {logging_mixin.py:150} INFO - [2024-07-06T14:15:48.997+0000] {dagbag.py:541} INFO - Filling up the DagBag from /home/airflow/.local/lib/python3.7/site-packages/airflow/example_dags/example_sensor_decorator.py
[2024-07-06T14:15:49.003+0000] {processor.py:836} INFO - DAG(s) dict_keys(['example_sensor_decorator']) retrieved from /home/airflow/.local/lib/python3.7/site-packages/airflow/example_dags/example_sensor_decorator.py
[2024-07-06T14:15:49.023+0000] {logging_mixin.py:150} INFO - [2024-07-06T14:15:49.023+0000] {dag.py:2742} INFO - Sync 1 DAGs
[2024-07-06T14:15:49.038+0000] {logging_mixin.py:150} INFO - [2024-07-06T14:15:49.038+0000] {dag.py:3508} INFO - Setting next_dagrun for example_sensor_decorator to None, run_after=None
[2024-07-06T14:15:49.049+0000] {processor.py:179} INFO - Processing /home/airflow/.local/lib/python3.7/site-packages/airflow/example_dags/example_sensor_decorator.py took 0.058 seconds
[2024-07-06T14:16:19.534+0000] {processor.py:157} INFO - Started process (PID=737) to work on /home/airflow/.local/lib/python3.7/site-packages/airflow/example_dags/example_sensor_decorator.py
[2024-07-06T14:16:19.535+0000] {processor.py:826} INFO - Processing file /home/airflow/.local/lib/python3.7/site-packages/airflow/example_dags/example_sensor_decorator.py for tasks to queue
[2024-07-06T14:16:19.537+0000] {logging_mixin.py:150} INFO - [2024-07-06T14:16:19.536+0000] {dagbag.py:541} INFO - Filling up the DagBag from /home/airflow/.local/lib/python3.7/site-packages/airflow/example_dags/example_sensor_decorator.py
[2024-07-06T14:16:19.542+0000] {processor.py:836} INFO - DAG(s) dict_keys(['example_sensor_decorator']) retrieved from /home/airflow/.local/lib/python3.7/site-packages/airflow/example_dags/example_sensor_decorator.py
[2024-07-06T14:16:19.565+0000] {logging_mixin.py:150} INFO - [2024-07-06T14:16:19.565+0000] {dag.py:2742} INFO - Sync 1 DAGs
[2024-07-06T14:16:19.583+0000] {logging_mixin.py:150} INFO - [2024-07-06T14:16:19.582+0000] {dag.py:3508} INFO - Setting next_dagrun for example_sensor_decorator to None, run_after=None
[2024-07-06T14:16:19.596+0000] {processor.py:179} INFO - Processing /home/airflow/.local/lib/python3.7/site-packages/airflow/example_dags/example_sensor_decorator.py took 0.065 seconds
[2024-07-06T14:16:50.088+0000] {processor.py:157} INFO - Started process (PID=800) to work on /home/airflow/.local/lib/python3.7/site-packages/airflow/example_dags/example_sensor_decorator.py
[2024-07-06T14:16:50.090+0000] {processor.py:826} INFO - Processing file /home/airflow/.local/lib/python3.7/site-packages/airflow/example_dags/example_sensor_decorator.py for tasks to queue
[2024-07-06T14:16:50.092+0000] {logging_mixin.py:150} INFO - [2024-07-06T14:16:50.092+0000] {dagbag.py:541} INFO - Filling up the DagBag from /home/airflow/.local/lib/python3.7/site-packages/airflow/example_dags/example_sensor_decorator.py
[2024-07-06T14:16:50.097+0000] {processor.py:836} INFO - DAG(s) dict_keys(['example_sensor_decorator']) retrieved from /home/airflow/.local/lib/python3.7/site-packages/airflow/example_dags/example_sensor_decorator.py
[2024-07-06T14:16:50.117+0000] {logging_mixin.py:150} INFO - [2024-07-06T14:16:50.117+0000] {dag.py:2742} INFO - Sync 1 DAGs
[2024-07-06T14:16:50.132+0000] {logging_mixin.py:150} INFO - [2024-07-06T14:16:50.132+0000] {dag.py:3508} INFO - Setting next_dagrun for example_sensor_decorator to None, run_after=None
[2024-07-06T14:16:50.144+0000] {processor.py:179} INFO - Processing /home/airflow/.local/lib/python3.7/site-packages/airflow/example_dags/example_sensor_decorator.py took 0.058 seconds
[2024-07-06T14:17:20.424+0000] {processor.py:157} INFO - Started process (PID=863) to work on /home/airflow/.local/lib/python3.7/site-packages/airflow/example_dags/example_sensor_decorator.py
[2024-07-06T14:17:20.425+0000] {processor.py:826} INFO - Processing file /home/airflow/.local/lib/python3.7/site-packages/airflow/example_dags/example_sensor_decorator.py for tasks to queue
[2024-07-06T14:17:20.426+0000] {logging_mixin.py:150} INFO - [2024-07-06T14:17:20.426+0000] {dagbag.py:541} INFO - Filling up the DagBag from /home/airflow/.local/lib/python3.7/site-packages/airflow/example_dags/example_sensor_decorator.py
[2024-07-06T14:17:20.431+0000] {processor.py:836} INFO - DAG(s) dict_keys(['example_sensor_decorator']) retrieved from /home/airflow/.local/lib/python3.7/site-packages/airflow/example_dags/example_sensor_decorator.py
[2024-07-06T14:17:20.451+0000] {logging_mixin.py:150} INFO - [2024-07-06T14:17:20.451+0000] {dag.py:2742} INFO - Sync 1 DAGs
[2024-07-06T14:17:20.466+0000] {logging_mixin.py:150} INFO - [2024-07-06T14:17:20.466+0000] {dag.py:3508} INFO - Setting next_dagrun for example_sensor_decorator to None, run_after=None
[2024-07-06T14:17:20.477+0000] {processor.py:179} INFO - Processing /home/airflow/.local/lib/python3.7/site-packages/airflow/example_dags/example_sensor_decorator.py took 0.056 seconds
[2024-07-06T14:17:50.747+0000] {processor.py:157} INFO - Started process (PID=925) to work on /home/airflow/.local/lib/python3.7/site-packages/airflow/example_dags/example_sensor_decorator.py
[2024-07-06T14:17:50.749+0000] {processor.py:826} INFO - Processing file /home/airflow/.local/lib/python3.7/site-packages/airflow/example_dags/example_sensor_decorator.py for tasks to queue
[2024-07-06T14:17:50.750+0000] {logging_mixin.py:150} INFO - [2024-07-06T14:17:50.750+0000] {dagbag.py:541} INFO - Filling up the DagBag from /home/airflow/.local/lib/python3.7/site-packages/airflow/example_dags/example_sensor_decorator.py
[2024-07-06T14:17:50.756+0000] {processor.py:836} INFO - DAG(s) dict_keys(['example_sensor_decorator']) retrieved from /home/airflow/.local/lib/python3.7/site-packages/airflow/example_dags/example_sensor_decorator.py
[2024-07-06T14:17:50.777+0000] {logging_mixin.py:150} INFO - [2024-07-06T14:17:50.776+0000] {dag.py:2742} INFO - Sync 1 DAGs
[2024-07-06T14:17:50.794+0000] {logging_mixin.py:150} INFO - [2024-07-06T14:17:50.794+0000] {dag.py:3508} INFO - Setting next_dagrun for example_sensor_decorator to None, run_after=None
[2024-07-06T14:17:50.806+0000] {processor.py:179} INFO - Processing /home/airflow/.local/lib/python3.7/site-packages/airflow/example_dags/example_sensor_decorator.py took 0.061 seconds
[2024-07-06T14:18:21.085+0000] {processor.py:157} INFO - Started process (PID=988) to work on /home/airflow/.local/lib/python3.7/site-packages/airflow/example_dags/example_sensor_decorator.py
[2024-07-06T14:18:21.087+0000] {processor.py:826} INFO - Processing file /home/airflow/.local/lib/python3.7/site-packages/airflow/example_dags/example_sensor_decorator.py for tasks to queue
[2024-07-06T14:18:21.090+0000] {logging_mixin.py:150} INFO - [2024-07-06T14:18:21.089+0000] {dagbag.py:541} INFO - Filling up the DagBag from /home/airflow/.local/lib/python3.7/site-packages/airflow/example_dags/example_sensor_decorator.py
[2024-07-06T14:18:21.099+0000] {processor.py:836} INFO - DAG(s) dict_keys(['example_sensor_decorator']) retrieved from /home/airflow/.local/lib/python3.7/site-packages/airflow/example_dags/example_sensor_decorator.py
[2024-07-06T14:18:21.120+0000] {logging_mixin.py:150} INFO - [2024-07-06T14:18:21.120+0000] {dag.py:2742} INFO - Sync 1 DAGs
[2024-07-06T14:18:21.138+0000] {logging_mixin.py:150} INFO - [2024-07-06T14:18:21.137+0000] {dag.py:3508} INFO - Setting next_dagrun for example_sensor_decorator to None, run_after=None
[2024-07-06T14:18:21.150+0000] {processor.py:179} INFO - Processing /home/airflow/.local/lib/python3.7/site-packages/airflow/example_dags/example_sensor_decorator.py took 0.068 seconds
[2024-07-06T14:18:51.425+0000] {processor.py:157} INFO - Started process (PID=1051) to work on /home/airflow/.local/lib/python3.7/site-packages/airflow/example_dags/example_sensor_decorator.py
[2024-07-06T14:18:51.428+0000] {processor.py:826} INFO - Processing file /home/airflow/.local/lib/python3.7/site-packages/airflow/example_dags/example_sensor_decorator.py for tasks to queue
[2024-07-06T14:18:51.430+0000] {logging_mixin.py:150} INFO - [2024-07-06T14:18:51.430+0000] {dagbag.py:541} INFO - Filling up the DagBag from /home/airflow/.local/lib/python3.7/site-packages/airflow/example_dags/example_sensor_decorator.py
[2024-07-06T14:18:51.438+0000] {processor.py:836} INFO - DAG(s) dict_keys(['example_sensor_decorator']) retrieved from /home/airflow/.local/lib/python3.7/site-packages/airflow/example_dags/example_sensor_decorator.py
[2024-07-06T14:18:51.461+0000] {logging_mixin.py:150} INFO - [2024-07-06T14:18:51.461+0000] {dag.py:2742} INFO - Sync 1 DAGs
[2024-07-06T14:18:51.476+0000] {logging_mixin.py:150} INFO - [2024-07-06T14:18:51.476+0000] {dag.py:3508} INFO - Setting next_dagrun for example_sensor_decorator to None, run_after=None
[2024-07-06T14:18:51.489+0000] {processor.py:179} INFO - Processing /home/airflow/.local/lib/python3.7/site-packages/airflow/example_dags/example_sensor_decorator.py took 0.067 seconds
[2024-07-06T14:19:21.680+0000] {processor.py:157} INFO - Started process (PID=1114) to work on /home/airflow/.local/lib/python3.7/site-packages/airflow/example_dags/example_sensor_decorator.py
[2024-07-06T14:19:21.682+0000] {processor.py:826} INFO - Processing file /home/airflow/.local/lib/python3.7/site-packages/airflow/example_dags/example_sensor_decorator.py for tasks to queue
[2024-07-06T14:19:21.683+0000] {logging_mixin.py:150} INFO - [2024-07-06T14:19:21.683+0000] {dagbag.py:541} INFO - Filling up the DagBag from /home/airflow/.local/lib/python3.7/site-packages/airflow/example_dags/example_sensor_decorator.py
[2024-07-06T14:19:21.689+0000] {processor.py:836} INFO - DAG(s) dict_keys(['example_sensor_decorator']) retrieved from /home/airflow/.local/lib/python3.7/site-packages/airflow/example_dags/example_sensor_decorator.py
[2024-07-06T14:19:21.709+0000] {logging_mixin.py:150} INFO - [2024-07-06T14:19:21.709+0000] {dag.py:2742} INFO - Sync 1 DAGs
[2024-07-06T14:19:21.723+0000] {logging_mixin.py:150} INFO - [2024-07-06T14:19:21.723+0000] {dag.py:3508} INFO - Setting next_dagrun for example_sensor_decorator to None, run_after=None
[2024-07-06T14:19:21.735+0000] {processor.py:179} INFO - Processing /home/airflow/.local/lib/python3.7/site-packages/airflow/example_dags/example_sensor_decorator.py took 0.058 seconds
[2024-07-06T14:19:51.927+0000] {processor.py:157} INFO - Started process (PID=1177) to work on /home/airflow/.local/lib/python3.7/site-packages/airflow/example_dags/example_sensor_decorator.py
[2024-07-06T14:19:51.929+0000] {processor.py:826} INFO - Processing file /home/airflow/.local/lib/python3.7/site-packages/airflow/example_dags/example_sensor_decorator.py for tasks to queue
[2024-07-06T14:19:51.931+0000] {logging_mixin.py:150} INFO - [2024-07-06T14:19:51.931+0000] {dagbag.py:541} INFO - Filling up the DagBag from /home/airflow/.local/lib/python3.7/site-packages/airflow/example_dags/example_sensor_decorator.py
[2024-07-06T14:19:51.937+0000] {processor.py:836} INFO - DAG(s) dict_keys(['example_sensor_decorator']) retrieved from /home/airflow/.local/lib/python3.7/site-packages/airflow/example_dags/example_sensor_decorator.py
[2024-07-06T14:19:51.958+0000] {logging_mixin.py:150} INFO - [2024-07-06T14:19:51.958+0000] {dag.py:2742} INFO - Sync 1 DAGs
[2024-07-06T14:19:51.975+0000] {logging_mixin.py:150} INFO - [2024-07-06T14:19:51.975+0000] {dag.py:3508} INFO - Setting next_dagrun for example_sensor_decorator to None, run_after=None
[2024-07-06T14:19:51.986+0000] {processor.py:179} INFO - Processing /home/airflow/.local/lib/python3.7/site-packages/airflow/example_dags/example_sensor_decorator.py took 0.061 seconds
[2024-07-06T14:20:22.464+0000] {processor.py:157} INFO - Started process (PID=1239) to work on /home/airflow/.local/lib/python3.7/site-packages/airflow/example_dags/example_sensor_decorator.py
[2024-07-06T14:20:22.466+0000] {processor.py:826} INFO - Processing file /home/airflow/.local/lib/python3.7/site-packages/airflow/example_dags/example_sensor_decorator.py for tasks to queue
[2024-07-06T14:20:22.467+0000] {logging_mixin.py:150} INFO - [2024-07-06T14:20:22.467+0000] {dagbag.py:541} INFO - Filling up the DagBag from /home/airflow/.local/lib/python3.7/site-packages/airflow/example_dags/example_sensor_decorator.py
[2024-07-06T14:20:22.473+0000] {processor.py:836} INFO - DAG(s) dict_keys(['example_sensor_decorator']) retrieved from /home/airflow/.local/lib/python3.7/site-packages/airflow/example_dags/example_sensor_decorator.py
[2024-07-06T14:20:22.492+0000] {logging_mixin.py:150} INFO - [2024-07-06T14:20:22.492+0000] {dag.py:2742} INFO - Sync 1 DAGs
[2024-07-06T14:20:22.507+0000] {logging_mixin.py:150} INFO - [2024-07-06T14:20:22.507+0000] {dag.py:3508} INFO - Setting next_dagrun for example_sensor_decorator to None, run_after=None
[2024-07-06T14:20:22.521+0000] {processor.py:179} INFO - Processing /home/airflow/.local/lib/python3.7/site-packages/airflow/example_dags/example_sensor_decorator.py took 0.060 seconds
[2024-07-06T14:20:53.017+0000] {processor.py:157} INFO - Started process (PID=1302) to work on /home/airflow/.local/lib/python3.7/site-packages/airflow/example_dags/example_sensor_decorator.py
[2024-07-06T14:20:53.018+0000] {processor.py:826} INFO - Processing file /home/airflow/.local/lib/python3.7/site-packages/airflow/example_dags/example_sensor_decorator.py for tasks to queue
[2024-07-06T14:20:53.021+0000] {logging_mixin.py:150} INFO - [2024-07-06T14:20:53.020+0000] {dagbag.py:541} INFO - Filling up the DagBag from /home/airflow/.local/lib/python3.7/site-packages/airflow/example_dags/example_sensor_decorator.py
[2024-07-06T14:20:53.026+0000] {processor.py:836} INFO - DAG(s) dict_keys(['example_sensor_decorator']) retrieved from /home/airflow/.local/lib/python3.7/site-packages/airflow/example_dags/example_sensor_decorator.py
[2024-07-06T14:20:53.045+0000] {logging_mixin.py:150} INFO - [2024-07-06T14:20:53.045+0000] {dag.py:2742} INFO - Sync 1 DAGs
[2024-07-06T14:20:53.061+0000] {logging_mixin.py:150} INFO - [2024-07-06T14:20:53.061+0000] {dag.py:3508} INFO - Setting next_dagrun for example_sensor_decorator to None, run_after=None
[2024-07-06T14:20:53.071+0000] {processor.py:179} INFO - Processing /home/airflow/.local/lib/python3.7/site-packages/airflow/example_dags/example_sensor_decorator.py took 0.058 seconds
[2024-07-06T14:21:23.504+0000] {processor.py:157} INFO - Started process (PID=1365) to work on /home/airflow/.local/lib/python3.7/site-packages/airflow/example_dags/example_sensor_decorator.py
[2024-07-06T14:21:23.506+0000] {processor.py:826} INFO - Processing file /home/airflow/.local/lib/python3.7/site-packages/airflow/example_dags/example_sensor_decorator.py for tasks to queue
[2024-07-06T14:21:23.508+0000] {logging_mixin.py:150} INFO - [2024-07-06T14:21:23.507+0000] {dagbag.py:541} INFO - Filling up the DagBag from /home/airflow/.local/lib/python3.7/site-packages/airflow/example_dags/example_sensor_decorator.py
[2024-07-06T14:21:23.513+0000] {processor.py:836} INFO - DAG(s) dict_keys(['example_sensor_decorator']) retrieved from /home/airflow/.local/lib/python3.7/site-packages/airflow/example_dags/example_sensor_decorator.py
[2024-07-06T14:21:23.534+0000] {logging_mixin.py:150} INFO - [2024-07-06T14:21:23.534+0000] {dag.py:2742} INFO - Sync 1 DAGs
[2024-07-06T14:21:23.550+0000] {logging_mixin.py:150} INFO - [2024-07-06T14:21:23.550+0000] {dag.py:3508} INFO - Setting next_dagrun for example_sensor_decorator to None, run_after=None
[2024-07-06T14:21:23.561+0000] {processor.py:179} INFO - Processing /home/airflow/.local/lib/python3.7/site-packages/airflow/example_dags/example_sensor_decorator.py took 0.060 seconds
[2024-07-06T14:21:53.979+0000] {processor.py:157} INFO - Started process (PID=1428) to work on /home/airflow/.local/lib/python3.7/site-packages/airflow/example_dags/example_sensor_decorator.py
[2024-07-06T14:21:53.981+0000] {processor.py:826} INFO - Processing file /home/airflow/.local/lib/python3.7/site-packages/airflow/example_dags/example_sensor_decorator.py for tasks to queue
[2024-07-06T14:21:53.983+0000] {logging_mixin.py:150} INFO - [2024-07-06T14:21:53.983+0000] {dagbag.py:541} INFO - Filling up the DagBag from /home/airflow/.local/lib/python3.7/site-packages/airflow/example_dags/example_sensor_decorator.py
[2024-07-06T14:21:53.989+0000] {processor.py:836} INFO - DAG(s) dict_keys(['example_sensor_decorator']) retrieved from /home/airflow/.local/lib/python3.7/site-packages/airflow/example_dags/example_sensor_decorator.py
[2024-07-06T14:21:54.015+0000] {logging_mixin.py:150} INFO - [2024-07-06T14:21:54.015+0000] {dag.py:2742} INFO - Sync 1 DAGs
[2024-07-06T14:21:54.033+0000] {logging_mixin.py:150} INFO - [2024-07-06T14:21:54.033+0000] {dag.py:3508} INFO - Setting next_dagrun for example_sensor_decorator to None, run_after=None
[2024-07-06T14:21:54.046+0000] {processor.py:179} INFO - Processing /home/airflow/.local/lib/python3.7/site-packages/airflow/example_dags/example_sensor_decorator.py took 0.070 seconds
[2024-07-06T14:22:24.178+0000] {processor.py:157} INFO - Started process (PID=1491) to work on /home/airflow/.local/lib/python3.7/site-packages/airflow/example_dags/example_sensor_decorator.py
[2024-07-06T14:22:24.181+0000] {processor.py:826} INFO - Processing file /home/airflow/.local/lib/python3.7/site-packages/airflow/example_dags/example_sensor_decorator.py for tasks to queue
[2024-07-06T14:22:24.184+0000] {logging_mixin.py:150} INFO - [2024-07-06T14:22:24.183+0000] {dagbag.py:541} INFO - Filling up the DagBag from /home/airflow/.local/lib/python3.7/site-packages/airflow/example_dags/example_sensor_decorator.py
[2024-07-06T14:22:24.191+0000] {processor.py:836} INFO - DAG(s) dict_keys(['example_sensor_decorator']) retrieved from /home/airflow/.local/lib/python3.7/site-packages/airflow/example_dags/example_sensor_decorator.py
[2024-07-06T14:22:24.212+0000] {logging_mixin.py:150} INFO - [2024-07-06T14:22:24.212+0000] {dag.py:2742} INFO - Sync 1 DAGs
[2024-07-06T14:22:24.231+0000] {logging_mixin.py:150} INFO - [2024-07-06T14:22:24.230+0000] {dag.py:3508} INFO - Setting next_dagrun for example_sensor_decorator to None, run_after=None
[2024-07-06T14:22:24.245+0000] {processor.py:179} INFO - Processing /home/airflow/.local/lib/python3.7/site-packages/airflow/example_dags/example_sensor_decorator.py took 0.071 seconds
[2024-07-06T14:22:54.615+0000] {processor.py:157} INFO - Started process (PID=1554) to work on /home/airflow/.local/lib/python3.7/site-packages/airflow/example_dags/example_sensor_decorator.py
[2024-07-06T14:22:54.617+0000] {processor.py:826} INFO - Processing file /home/airflow/.local/lib/python3.7/site-packages/airflow/example_dags/example_sensor_decorator.py for tasks to queue
[2024-07-06T14:22:54.618+0000] {logging_mixin.py:150} INFO - [2024-07-06T14:22:54.618+0000] {dagbag.py:541} INFO - Filling up the DagBag from /home/airflow/.local/lib/python3.7/site-packages/airflow/example_dags/example_sensor_decorator.py
[2024-07-06T14:22:54.628+0000] {processor.py:836} INFO - DAG(s) dict_keys(['example_sensor_decorator']) retrieved from /home/airflow/.local/lib/python3.7/site-packages/airflow/example_dags/example_sensor_decorator.py
[2024-07-06T14:22:54.663+0000] {logging_mixin.py:150} INFO - [2024-07-06T14:22:54.663+0000] {dag.py:2742} INFO - Sync 1 DAGs
[2024-07-06T14:22:54.696+0000] {logging_mixin.py:150} INFO - [2024-07-06T14:22:54.696+0000] {dag.py:3508} INFO - Setting next_dagrun for example_sensor_decorator to None, run_after=None
[2024-07-06T14:22:54.716+0000] {processor.py:179} INFO - Processing /home/airflow/.local/lib/python3.7/site-packages/airflow/example_dags/example_sensor_decorator.py took 0.117 seconds
[2024-07-06T14:23:24.919+0000] {processor.py:157} INFO - Started process (PID=1617) to work on /home/airflow/.local/lib/python3.7/site-packages/airflow/example_dags/example_sensor_decorator.py
[2024-07-06T14:23:24.926+0000] {processor.py:826} INFO - Processing file /home/airflow/.local/lib/python3.7/site-packages/airflow/example_dags/example_sensor_decorator.py for tasks to queue
[2024-07-06T14:23:24.928+0000] {logging_mixin.py:150} INFO - [2024-07-06T14:23:24.928+0000] {dagbag.py:541} INFO - Filling up the DagBag from /home/airflow/.local/lib/python3.7/site-packages/airflow/example_dags/example_sensor_decorator.py
[2024-07-06T14:23:24.934+0000] {processor.py:836} INFO - DAG(s) dict_keys(['example_sensor_decorator']) retrieved from /home/airflow/.local/lib/python3.7/site-packages/airflow/example_dags/example_sensor_decorator.py
[2024-07-06T14:23:24.960+0000] {logging_mixin.py:150} INFO - [2024-07-06T14:23:24.960+0000] {dag.py:2742} INFO - Sync 1 DAGs
[2024-07-06T14:23:24.982+0000] {logging_mixin.py:150} INFO - [2024-07-06T14:23:24.982+0000] {dag.py:3508} INFO - Setting next_dagrun for example_sensor_decorator to None, run_after=None
[2024-07-06T14:23:25.000+0000] {processor.py:179} INFO - Processing /home/airflow/.local/lib/python3.7/site-packages/airflow/example_dags/example_sensor_decorator.py took 0.085 seconds
[2024-07-06T14:23:55.587+0000] {processor.py:157} INFO - Started process (PID=1680) to work on /home/airflow/.local/lib/python3.7/site-packages/airflow/example_dags/example_sensor_decorator.py
[2024-07-06T14:23:55.589+0000] {processor.py:826} INFO - Processing file /home/airflow/.local/lib/python3.7/site-packages/airflow/example_dags/example_sensor_decorator.py for tasks to queue
[2024-07-06T14:23:55.590+0000] {logging_mixin.py:150} INFO - [2024-07-06T14:23:55.590+0000] {dagbag.py:541} INFO - Filling up the DagBag from /home/airflow/.local/lib/python3.7/site-packages/airflow/example_dags/example_sensor_decorator.py
[2024-07-06T14:23:55.595+0000] {processor.py:836} INFO - DAG(s) dict_keys(['example_sensor_decorator']) retrieved from /home/airflow/.local/lib/python3.7/site-packages/airflow/example_dags/example_sensor_decorator.py
[2024-07-06T14:23:55.617+0000] {logging_mixin.py:150} INFO - [2024-07-06T14:23:55.617+0000] {dag.py:2742} INFO - Sync 1 DAGs
[2024-07-06T14:23:55.635+0000] {logging_mixin.py:150} INFO - [2024-07-06T14:23:55.634+0000] {dag.py:3508} INFO - Setting next_dagrun for example_sensor_decorator to None, run_after=None
[2024-07-06T14:23:55.647+0000] {processor.py:179} INFO - Processing /home/airflow/.local/lib/python3.7/site-packages/airflow/example_dags/example_sensor_decorator.py took 0.063 seconds
[2024-07-06T14:24:26.041+0000] {processor.py:157} INFO - Started process (PID=1743) to work on /home/airflow/.local/lib/python3.7/site-packages/airflow/example_dags/example_sensor_decorator.py
[2024-07-06T14:24:26.043+0000] {processor.py:826} INFO - Processing file /home/airflow/.local/lib/python3.7/site-packages/airflow/example_dags/example_sensor_decorator.py for tasks to queue
[2024-07-06T14:24:26.044+0000] {logging_mixin.py:150} INFO - [2024-07-06T14:24:26.044+0000] {dagbag.py:541} INFO - Filling up the DagBag from /home/airflow/.local/lib/python3.7/site-packages/airflow/example_dags/example_sensor_decorator.py
[2024-07-06T14:24:26.050+0000] {processor.py:836} INFO - DAG(s) dict_keys(['example_sensor_decorator']) retrieved from /home/airflow/.local/lib/python3.7/site-packages/airflow/example_dags/example_sensor_decorator.py
[2024-07-06T14:24:26.071+0000] {logging_mixin.py:150} INFO - [2024-07-06T14:24:26.071+0000] {dag.py:2742} INFO - Sync 1 DAGs
[2024-07-06T14:24:26.086+0000] {logging_mixin.py:150} INFO - [2024-07-06T14:24:26.086+0000] {dag.py:3508} INFO - Setting next_dagrun for example_sensor_decorator to None, run_after=None
[2024-07-06T14:24:26.097+0000] {processor.py:179} INFO - Processing /home/airflow/.local/lib/python3.7/site-packages/airflow/example_dags/example_sensor_decorator.py took 0.060 seconds
[2024-07-06T14:24:57.046+0000] {processor.py:157} INFO - Started process (PID=1806) to work on /home/airflow/.local/lib/python3.7/site-packages/airflow/example_dags/example_sensor_decorator.py
[2024-07-06T14:24:57.048+0000] {processor.py:826} INFO - Processing file /home/airflow/.local/lib/python3.7/site-packages/airflow/example_dags/example_sensor_decorator.py for tasks to queue
[2024-07-06T14:24:57.049+0000] {logging_mixin.py:150} INFO - [2024-07-06T14:24:57.049+0000] {dagbag.py:541} INFO - Filling up the DagBag from /home/airflow/.local/lib/python3.7/site-packages/airflow/example_dags/example_sensor_decorator.py
[2024-07-06T14:24:57.055+0000] {processor.py:836} INFO - DAG(s) dict_keys(['example_sensor_decorator']) retrieved from /home/airflow/.local/lib/python3.7/site-packages/airflow/example_dags/example_sensor_decorator.py
[2024-07-06T14:24:57.075+0000] {logging_mixin.py:150} INFO - [2024-07-06T14:24:57.075+0000] {dag.py:2742} INFO - Sync 1 DAGs
[2024-07-06T14:24:57.091+0000] {logging_mixin.py:150} INFO - [2024-07-06T14:24:57.090+0000] {dag.py:3508} INFO - Setting next_dagrun for example_sensor_decorator to None, run_after=None
[2024-07-06T14:24:57.104+0000] {processor.py:179} INFO - Processing /home/airflow/.local/lib/python3.7/site-packages/airflow/example_dags/example_sensor_decorator.py took 0.060 seconds
[2024-07-06T14:25:27.354+0000] {processor.py:157} INFO - Started process (PID=1870) to work on /home/airflow/.local/lib/python3.7/site-packages/airflow/example_dags/example_sensor_decorator.py
[2024-07-06T14:25:27.356+0000] {processor.py:826} INFO - Processing file /home/airflow/.local/lib/python3.7/site-packages/airflow/example_dags/example_sensor_decorator.py for tasks to queue
[2024-07-06T14:25:27.358+0000] {logging_mixin.py:150} INFO - [2024-07-06T14:25:27.358+0000] {dagbag.py:541} INFO - Filling up the DagBag from /home/airflow/.local/lib/python3.7/site-packages/airflow/example_dags/example_sensor_decorator.py
[2024-07-06T14:25:27.366+0000] {processor.py:836} INFO - DAG(s) dict_keys(['example_sensor_decorator']) retrieved from /home/airflow/.local/lib/python3.7/site-packages/airflow/example_dags/example_sensor_decorator.py
[2024-07-06T14:25:27.388+0000] {logging_mixin.py:150} INFO - [2024-07-06T14:25:27.388+0000] {dag.py:2742} INFO - Sync 1 DAGs
[2024-07-06T14:25:27.405+0000] {logging_mixin.py:150} INFO - [2024-07-06T14:25:27.405+0000] {dag.py:3508} INFO - Setting next_dagrun for example_sensor_decorator to None, run_after=None
[2024-07-06T14:25:27.417+0000] {processor.py:179} INFO - Processing /home/airflow/.local/lib/python3.7/site-packages/airflow/example_dags/example_sensor_decorator.py took 0.066 seconds
[2024-07-06T14:25:58.176+0000] {processor.py:157} INFO - Started process (PID=1932) to work on /home/airflow/.local/lib/python3.7/site-packages/airflow/example_dags/example_sensor_decorator.py
[2024-07-06T14:25:58.179+0000] {processor.py:826} INFO - Processing file /home/airflow/.local/lib/python3.7/site-packages/airflow/example_dags/example_sensor_decorator.py for tasks to queue
[2024-07-06T14:25:58.181+0000] {logging_mixin.py:150} INFO - [2024-07-06T14:25:58.180+0000] {dagbag.py:541} INFO - Filling up the DagBag from /home/airflow/.local/lib/python3.7/site-packages/airflow/example_dags/example_sensor_decorator.py
[2024-07-06T14:25:58.187+0000] {processor.py:836} INFO - DAG(s) dict_keys(['example_sensor_decorator']) retrieved from /home/airflow/.local/lib/python3.7/site-packages/airflow/example_dags/example_sensor_decorator.py
[2024-07-06T14:25:58.211+0000] {logging_mixin.py:150} INFO - [2024-07-06T14:25:58.211+0000] {dag.py:2742} INFO - Sync 1 DAGs
[2024-07-06T14:25:58.230+0000] {logging_mixin.py:150} INFO - [2024-07-06T14:25:58.230+0000] {dag.py:3508} INFO - Setting next_dagrun for example_sensor_decorator to None, run_after=None
[2024-07-06T14:25:58.243+0000] {processor.py:179} INFO - Processing /home/airflow/.local/lib/python3.7/site-packages/airflow/example_dags/example_sensor_decorator.py took 0.070 seconds
[2024-07-06T14:26:28.859+0000] {processor.py:157} INFO - Started process (PID=1996) to work on /home/airflow/.local/lib/python3.7/site-packages/airflow/example_dags/example_sensor_decorator.py
[2024-07-06T14:26:28.861+0000] {processor.py:826} INFO - Processing file /home/airflow/.local/lib/python3.7/site-packages/airflow/example_dags/example_sensor_decorator.py for tasks to queue
[2024-07-06T14:26:28.862+0000] {logging_mixin.py:150} INFO - [2024-07-06T14:26:28.862+0000] {dagbag.py:541} INFO - Filling up the DagBag from /home/airflow/.local/lib/python3.7/site-packages/airflow/example_dags/example_sensor_decorator.py
[2024-07-06T14:26:28.868+0000] {processor.py:836} INFO - DAG(s) dict_keys(['example_sensor_decorator']) retrieved from /home/airflow/.local/lib/python3.7/site-packages/airflow/example_dags/example_sensor_decorator.py
[2024-07-06T14:26:28.893+0000] {logging_mixin.py:150} INFO - [2024-07-06T14:26:28.892+0000] {dag.py:2742} INFO - Sync 1 DAGs
[2024-07-06T14:26:28.915+0000] {logging_mixin.py:150} INFO - [2024-07-06T14:26:28.915+0000] {dag.py:3508} INFO - Setting next_dagrun for example_sensor_decorator to None, run_after=None
[2024-07-06T14:26:28.930+0000] {processor.py:179} INFO - Processing /home/airflow/.local/lib/python3.7/site-packages/airflow/example_dags/example_sensor_decorator.py took 0.074 seconds
[2024-07-06T14:26:59.322+0000] {processor.py:157} INFO - Started process (PID=2059) to work on /home/airflow/.local/lib/python3.7/site-packages/airflow/example_dags/example_sensor_decorator.py
[2024-07-06T14:26:59.324+0000] {processor.py:826} INFO - Processing file /home/airflow/.local/lib/python3.7/site-packages/airflow/example_dags/example_sensor_decorator.py for tasks to queue
[2024-07-06T14:26:59.325+0000] {logging_mixin.py:150} INFO - [2024-07-06T14:26:59.325+0000] {dagbag.py:541} INFO - Filling up the DagBag from /home/airflow/.local/lib/python3.7/site-packages/airflow/example_dags/example_sensor_decorator.py
[2024-07-06T14:26:59.331+0000] {processor.py:836} INFO - DAG(s) dict_keys(['example_sensor_decorator']) retrieved from /home/airflow/.local/lib/python3.7/site-packages/airflow/example_dags/example_sensor_decorator.py
[2024-07-06T14:26:59.352+0000] {logging_mixin.py:150} INFO - [2024-07-06T14:26:59.352+0000] {dag.py:2742} INFO - Sync 1 DAGs
[2024-07-06T14:26:59.369+0000] {logging_mixin.py:150} INFO - [2024-07-06T14:26:59.369+0000] {dag.py:3508} INFO - Setting next_dagrun for example_sensor_decorator to None, run_after=None
[2024-07-06T14:26:59.382+0000] {processor.py:179} INFO - Processing /home/airflow/.local/lib/python3.7/site-packages/airflow/example_dags/example_sensor_decorator.py took 0.063 seconds
[2024-07-06T14:27:29.493+0000] {processor.py:157} INFO - Started process (PID=2121) to work on /home/airflow/.local/lib/python3.7/site-packages/airflow/example_dags/example_sensor_decorator.py
[2024-07-06T14:27:29.495+0000] {processor.py:826} INFO - Processing file /home/airflow/.local/lib/python3.7/site-packages/airflow/example_dags/example_sensor_decorator.py for tasks to queue
[2024-07-06T14:27:29.497+0000] {logging_mixin.py:150} INFO - [2024-07-06T14:27:29.497+0000] {dagbag.py:541} INFO - Filling up the DagBag from /home/airflow/.local/lib/python3.7/site-packages/airflow/example_dags/example_sensor_decorator.py
[2024-07-06T14:27:29.503+0000] {processor.py:836} INFO - DAG(s) dict_keys(['example_sensor_decorator']) retrieved from /home/airflow/.local/lib/python3.7/site-packages/airflow/example_dags/example_sensor_decorator.py
[2024-07-06T14:27:29.528+0000] {logging_mixin.py:150} INFO - [2024-07-06T14:27:29.528+0000] {dag.py:2742} INFO - Sync 1 DAGs
[2024-07-06T14:27:29.548+0000] {logging_mixin.py:150} INFO - [2024-07-06T14:27:29.548+0000] {dag.py:3508} INFO - Setting next_dagrun for example_sensor_decorator to None, run_after=None
[2024-07-06T14:27:29.563+0000] {processor.py:179} INFO - Processing /home/airflow/.local/lib/python3.7/site-packages/airflow/example_dags/example_sensor_decorator.py took 0.074 seconds
[2024-07-06T14:28:00.390+0000] {processor.py:157} INFO - Started process (PID=2189) to work on /home/airflow/.local/lib/python3.7/site-packages/airflow/example_dags/example_sensor_decorator.py
[2024-07-06T14:28:00.392+0000] {processor.py:826} INFO - Processing file /home/airflow/.local/lib/python3.7/site-packages/airflow/example_dags/example_sensor_decorator.py for tasks to queue
[2024-07-06T14:28:00.394+0000] {logging_mixin.py:150} INFO - [2024-07-06T14:28:00.394+0000] {dagbag.py:541} INFO - Filling up the DagBag from /home/airflow/.local/lib/python3.7/site-packages/airflow/example_dags/example_sensor_decorator.py
[2024-07-06T14:28:00.401+0000] {processor.py:836} INFO - DAG(s) dict_keys(['example_sensor_decorator']) retrieved from /home/airflow/.local/lib/python3.7/site-packages/airflow/example_dags/example_sensor_decorator.py
[2024-07-06T14:28:00.422+0000] {logging_mixin.py:150} INFO - [2024-07-06T14:28:00.422+0000] {dag.py:2742} INFO - Sync 1 DAGs
[2024-07-06T14:28:00.438+0000] {logging_mixin.py:150} INFO - [2024-07-06T14:28:00.438+0000] {dag.py:3508} INFO - Setting next_dagrun for example_sensor_decorator to None, run_after=None
[2024-07-06T14:28:00.450+0000] {processor.py:179} INFO - Processing /home/airflow/.local/lib/python3.7/site-packages/airflow/example_dags/example_sensor_decorator.py took 0.063 seconds
[2024-07-06T14:28:30.603+0000] {processor.py:157} INFO - Started process (PID=2257) to work on /home/airflow/.local/lib/python3.7/site-packages/airflow/example_dags/example_sensor_decorator.py
[2024-07-06T14:28:30.605+0000] {processor.py:826} INFO - Processing file /home/airflow/.local/lib/python3.7/site-packages/airflow/example_dags/example_sensor_decorator.py for tasks to queue
[2024-07-06T14:28:30.608+0000] {logging_mixin.py:150} INFO - [2024-07-06T14:28:30.607+0000] {dagbag.py:541} INFO - Filling up the DagBag from /home/airflow/.local/lib/python3.7/site-packages/airflow/example_dags/example_sensor_decorator.py
[2024-07-06T14:28:30.616+0000] {processor.py:836} INFO - DAG(s) dict_keys(['example_sensor_decorator']) retrieved from /home/airflow/.local/lib/python3.7/site-packages/airflow/example_dags/example_sensor_decorator.py
[2024-07-06T14:28:30.655+0000] {logging_mixin.py:150} INFO - [2024-07-06T14:28:30.655+0000] {dag.py:2742} INFO - Sync 1 DAGs
[2024-07-06T14:28:30.735+0000] {logging_mixin.py:150} INFO - [2024-07-06T14:28:30.735+0000] {dag.py:3508} INFO - Setting next_dagrun for example_sensor_decorator to None, run_after=None
[2024-07-06T14:28:30.771+0000] {processor.py:179} INFO - Processing /home/airflow/.local/lib/python3.7/site-packages/airflow/example_dags/example_sensor_decorator.py took 0.172 seconds
[2024-07-06T14:29:01.696+0000] {processor.py:157} INFO - Started process (PID=2320) to work on /home/airflow/.local/lib/python3.7/site-packages/airflow/example_dags/example_sensor_decorator.py
[2024-07-06T14:29:01.699+0000] {processor.py:826} INFO - Processing file /home/airflow/.local/lib/python3.7/site-packages/airflow/example_dags/example_sensor_decorator.py for tasks to queue
[2024-07-06T14:29:01.703+0000] {logging_mixin.py:150} INFO - [2024-07-06T14:29:01.703+0000] {dagbag.py:541} INFO - Filling up the DagBag from /home/airflow/.local/lib/python3.7/site-packages/airflow/example_dags/example_sensor_decorator.py
[2024-07-06T14:29:01.722+0000] {processor.py:836} INFO - DAG(s) dict_keys(['example_sensor_decorator']) retrieved from /home/airflow/.local/lib/python3.7/site-packages/airflow/example_dags/example_sensor_decorator.py
[2024-07-06T14:29:01.758+0000] {logging_mixin.py:150} INFO - [2024-07-06T14:29:01.758+0000] {dag.py:2742} INFO - Sync 1 DAGs
[2024-07-06T14:29:01.780+0000] {logging_mixin.py:150} INFO - [2024-07-06T14:29:01.780+0000] {dag.py:3508} INFO - Setting next_dagrun for example_sensor_decorator to None, run_after=None
[2024-07-06T14:29:01.795+0000] {processor.py:179} INFO - Processing /home/airflow/.local/lib/python3.7/site-packages/airflow/example_dags/example_sensor_decorator.py took 0.104 seconds
[2024-07-06T14:29:32.058+0000] {processor.py:157} INFO - Started process (PID=2386) to work on /home/airflow/.local/lib/python3.7/site-packages/airflow/example_dags/example_sensor_decorator.py
[2024-07-06T14:29:32.065+0000] {processor.py:826} INFO - Processing file /home/airflow/.local/lib/python3.7/site-packages/airflow/example_dags/example_sensor_decorator.py for tasks to queue
[2024-07-06T14:29:32.091+0000] {logging_mixin.py:150} INFO - [2024-07-06T14:29:32.087+0000] {dagbag.py:541} INFO - Filling up the DagBag from /home/airflow/.local/lib/python3.7/site-packages/airflow/example_dags/example_sensor_decorator.py
[2024-07-06T14:29:32.131+0000] {processor.py:836} INFO - DAG(s) dict_keys(['example_sensor_decorator']) retrieved from /home/airflow/.local/lib/python3.7/site-packages/airflow/example_dags/example_sensor_decorator.py
[2024-07-06T14:29:32.169+0000] {logging_mixin.py:150} INFO - [2024-07-06T14:29:32.169+0000] {dag.py:2742} INFO - Sync 1 DAGs
[2024-07-06T14:29:32.208+0000] {logging_mixin.py:150} INFO - [2024-07-06T14:29:32.208+0000] {dag.py:3508} INFO - Setting next_dagrun for example_sensor_decorator to None, run_after=None
[2024-07-06T14:29:32.236+0000] {processor.py:179} INFO - Processing /home/airflow/.local/lib/python3.7/site-packages/airflow/example_dags/example_sensor_decorator.py took 0.184 seconds
[2024-07-06T14:30:03.081+0000] {processor.py:157} INFO - Started process (PID=2449) to work on /home/airflow/.local/lib/python3.7/site-packages/airflow/example_dags/example_sensor_decorator.py
[2024-07-06T14:30:03.083+0000] {processor.py:826} INFO - Processing file /home/airflow/.local/lib/python3.7/site-packages/airflow/example_dags/example_sensor_decorator.py for tasks to queue
[2024-07-06T14:30:03.085+0000] {logging_mixin.py:150} INFO - [2024-07-06T14:30:03.084+0000] {dagbag.py:541} INFO - Filling up the DagBag from /home/airflow/.local/lib/python3.7/site-packages/airflow/example_dags/example_sensor_decorator.py
[2024-07-06T14:30:03.090+0000] {processor.py:836} INFO - DAG(s) dict_keys(['example_sensor_decorator']) retrieved from /home/airflow/.local/lib/python3.7/site-packages/airflow/example_dags/example_sensor_decorator.py
[2024-07-06T14:30:03.110+0000] {logging_mixin.py:150} INFO - [2024-07-06T14:30:03.110+0000] {dag.py:2742} INFO - Sync 1 DAGs
[2024-07-06T14:30:03.126+0000] {logging_mixin.py:150} INFO - [2024-07-06T14:30:03.126+0000] {dag.py:3508} INFO - Setting next_dagrun for example_sensor_decorator to None, run_after=None
[2024-07-06T14:30:03.137+0000] {processor.py:179} INFO - Processing /home/airflow/.local/lib/python3.7/site-packages/airflow/example_dags/example_sensor_decorator.py took 0.059 seconds
[2024-07-06T14:30:34.536+0000] {processor.py:157} INFO - Started process (PID=2513) to work on /home/airflow/.local/lib/python3.7/site-packages/airflow/example_dags/example_sensor_decorator.py
[2024-07-06T14:30:34.545+0000] {processor.py:826} INFO - Processing file /home/airflow/.local/lib/python3.7/site-packages/airflow/example_dags/example_sensor_decorator.py for tasks to queue
[2024-07-06T14:30:34.552+0000] {logging_mixin.py:150} INFO - [2024-07-06T14:30:34.551+0000] {dagbag.py:541} INFO - Filling up the DagBag from /home/airflow/.local/lib/python3.7/site-packages/airflow/example_dags/example_sensor_decorator.py
[2024-07-06T14:30:34.572+0000] {processor.py:836} INFO - DAG(s) dict_keys(['example_sensor_decorator']) retrieved from /home/airflow/.local/lib/python3.7/site-packages/airflow/example_dags/example_sensor_decorator.py
[2024-07-06T14:30:34.611+0000] {logging_mixin.py:150} INFO - [2024-07-06T14:30:34.611+0000] {dag.py:2742} INFO - Sync 1 DAGs
[2024-07-06T14:30:34.636+0000] {logging_mixin.py:150} INFO - [2024-07-06T14:30:34.636+0000] {dag.py:3508} INFO - Setting next_dagrun for example_sensor_decorator to None, run_after=None
[2024-07-06T14:30:34.654+0000] {processor.py:179} INFO - Processing /home/airflow/.local/lib/python3.7/site-packages/airflow/example_dags/example_sensor_decorator.py took 0.130 seconds
