[2024-07-06T14:10:45.243+0000] {processor.py:157} INFO - Started process (PID=67) to work on /home/airflow/.local/lib/python3.7/site-packages/airflow/example_dags/example_branch_labels.py
[2024-07-06T14:10:45.248+0000] {processor.py:826} INFO - Processing file /home/airflow/.local/lib/python3.7/site-packages/airflow/example_dags/example_branch_labels.py for tasks to queue
[2024-07-06T14:10:45.251+0000] {logging_mixin.py:150} INFO - [2024-07-06T14:10:45.250+0000] {dagbag.py:541} INFO - Filling up the DagBag from /home/airflow/.local/lib/python3.7/site-packages/airflow/example_dags/example_branch_labels.py
[2024-07-06T14:10:45.274+0000] {processor.py:836} INFO - DAG(s) dict_keys(['example_branch_labels']) retrieved from /home/airflow/.local/lib/python3.7/site-packages/airflow/example_dags/example_branch_labels.py
[2024-07-06T14:10:45.313+0000] {logging_mixin.py:150} INFO - [2024-07-06T14:10:45.312+0000] {dag.py:2742} INFO - Sync 1 DAGs
[2024-07-06T14:10:45.352+0000] {logging_mixin.py:150} INFO - [2024-07-06T14:10:45.351+0000] {dag.py:3508} INFO - Setting next_dagrun for example_branch_labels to 2024-07-05T00:00:00+00:00, run_after=2024-07-06T00:00:00+00:00
[2024-07-06T14:10:45.382+0000] {processor.py:179} INFO - Processing /home/airflow/.local/lib/python3.7/site-packages/airflow/example_dags/example_branch_labels.py took 0.145 seconds
[2024-07-06T14:11:15.598+0000] {processor.py:157} INFO - Started process (PID=129) to work on /home/airflow/.local/lib/python3.7/site-packages/airflow/example_dags/example_branch_labels.py
[2024-07-06T14:11:15.600+0000] {processor.py:826} INFO - Processing file /home/airflow/.local/lib/python3.7/site-packages/airflow/example_dags/example_branch_labels.py for tasks to queue
[2024-07-06T14:11:15.601+0000] {logging_mixin.py:150} INFO - [2024-07-06T14:11:15.601+0000] {dagbag.py:541} INFO - Filling up the DagBag from /home/airflow/.local/lib/python3.7/site-packages/airflow/example_dags/example_branch_labels.py
[2024-07-06T14:11:15.608+0000] {processor.py:836} INFO - DAG(s) dict_keys(['example_branch_labels']) retrieved from /home/airflow/.local/lib/python3.7/site-packages/airflow/example_dags/example_branch_labels.py
[2024-07-06T14:11:15.631+0000] {logging_mixin.py:150} INFO - [2024-07-06T14:11:15.631+0000] {dag.py:2742} INFO - Sync 1 DAGs
[2024-07-06T14:11:15.664+0000] {logging_mixin.py:150} INFO - [2024-07-06T14:11:15.664+0000] {dag.py:3508} INFO - Setting next_dagrun for example_branch_labels to 2024-07-05T00:00:00+00:00, run_after=2024-07-06T00:00:00+00:00
[2024-07-06T14:11:15.680+0000] {processor.py:179} INFO - Processing /home/airflow/.local/lib/python3.7/site-packages/airflow/example_dags/example_branch_labels.py took 0.086 seconds
[2024-07-06T14:11:46.290+0000] {processor.py:157} INFO - Started process (PID=192) to work on /home/airflow/.local/lib/python3.7/site-packages/airflow/example_dags/example_branch_labels.py
[2024-07-06T14:11:46.292+0000] {processor.py:826} INFO - Processing file /home/airflow/.local/lib/python3.7/site-packages/airflow/example_dags/example_branch_labels.py for tasks to queue
[2024-07-06T14:11:46.294+0000] {logging_mixin.py:150} INFO - [2024-07-06T14:11:46.294+0000] {dagbag.py:541} INFO - Filling up the DagBag from /home/airflow/.local/lib/python3.7/site-packages/airflow/example_dags/example_branch_labels.py
[2024-07-06T14:11:46.303+0000] {processor.py:836} INFO - DAG(s) dict_keys(['example_branch_labels']) retrieved from /home/airflow/.local/lib/python3.7/site-packages/airflow/example_dags/example_branch_labels.py
[2024-07-06T14:11:46.328+0000] {logging_mixin.py:150} INFO - [2024-07-06T14:11:46.328+0000] {dag.py:2742} INFO - Sync 1 DAGs
[2024-07-06T14:11:46.347+0000] {logging_mixin.py:150} INFO - [2024-07-06T14:11:46.347+0000] {dag.py:3508} INFO - Setting next_dagrun for example_branch_labels to 2024-07-05T00:00:00+00:00, run_after=2024-07-06T00:00:00+00:00
[2024-07-06T14:11:46.363+0000] {processor.py:179} INFO - Processing /home/airflow/.local/lib/python3.7/site-packages/airflow/example_dags/example_branch_labels.py took 0.076 seconds
[2024-07-06T14:12:16.689+0000] {processor.py:157} INFO - Started process (PID=255) to work on /home/airflow/.local/lib/python3.7/site-packages/airflow/example_dags/example_branch_labels.py
[2024-07-06T14:12:16.693+0000] {processor.py:826} INFO - Processing file /home/airflow/.local/lib/python3.7/site-packages/airflow/example_dags/example_branch_labels.py for tasks to queue
[2024-07-06T14:12:16.695+0000] {logging_mixin.py:150} INFO - [2024-07-06T14:12:16.694+0000] {dagbag.py:541} INFO - Filling up the DagBag from /home/airflow/.local/lib/python3.7/site-packages/airflow/example_dags/example_branch_labels.py
[2024-07-06T14:12:16.703+0000] {processor.py:836} INFO - DAG(s) dict_keys(['example_branch_labels']) retrieved from /home/airflow/.local/lib/python3.7/site-packages/airflow/example_dags/example_branch_labels.py
[2024-07-06T14:12:16.734+0000] {logging_mixin.py:150} INFO - [2024-07-06T14:12:16.733+0000] {dag.py:2742} INFO - Sync 1 DAGs
[2024-07-06T14:12:16.756+0000] {logging_mixin.py:150} INFO - [2024-07-06T14:12:16.756+0000] {dag.py:3508} INFO - Setting next_dagrun for example_branch_labels to 2024-07-05T00:00:00+00:00, run_after=2024-07-06T00:00:00+00:00
[2024-07-06T14:12:16.780+0000] {processor.py:179} INFO - Processing /home/airflow/.local/lib/python3.7/site-packages/airflow/example_dags/example_branch_labels.py took 0.095 seconds
[2024-07-06T14:12:46.983+0000] {processor.py:157} INFO - Started process (PID=318) to work on /home/airflow/.local/lib/python3.7/site-packages/airflow/example_dags/example_branch_labels.py
[2024-07-06T14:12:46.985+0000] {processor.py:826} INFO - Processing file /home/airflow/.local/lib/python3.7/site-packages/airflow/example_dags/example_branch_labels.py for tasks to queue
[2024-07-06T14:12:46.987+0000] {logging_mixin.py:150} INFO - [2024-07-06T14:12:46.986+0000] {dagbag.py:541} INFO - Filling up the DagBag from /home/airflow/.local/lib/python3.7/site-packages/airflow/example_dags/example_branch_labels.py
[2024-07-06T14:12:46.994+0000] {processor.py:836} INFO - DAG(s) dict_keys(['example_branch_labels']) retrieved from /home/airflow/.local/lib/python3.7/site-packages/airflow/example_dags/example_branch_labels.py
[2024-07-06T14:12:47.014+0000] {logging_mixin.py:150} INFO - [2024-07-06T14:12:47.013+0000] {dag.py:2742} INFO - Sync 1 DAGs
[2024-07-06T14:12:47.030+0000] {logging_mixin.py:150} INFO - [2024-07-06T14:12:47.030+0000] {dag.py:3508} INFO - Setting next_dagrun for example_branch_labels to 2024-07-05T00:00:00+00:00, run_after=2024-07-06T00:00:00+00:00
[2024-07-06T14:12:47.041+0000] {processor.py:179} INFO - Processing /home/airflow/.local/lib/python3.7/site-packages/airflow/example_dags/example_branch_labels.py took 0.061 seconds
[2024-07-06T14:13:17.191+0000] {processor.py:157} INFO - Started process (PID=381) to work on /home/airflow/.local/lib/python3.7/site-packages/airflow/example_dags/example_branch_labels.py
[2024-07-06T14:13:17.193+0000] {processor.py:826} INFO - Processing file /home/airflow/.local/lib/python3.7/site-packages/airflow/example_dags/example_branch_labels.py for tasks to queue
[2024-07-06T14:13:17.195+0000] {logging_mixin.py:150} INFO - [2024-07-06T14:13:17.194+0000] {dagbag.py:541} INFO - Filling up the DagBag from /home/airflow/.local/lib/python3.7/site-packages/airflow/example_dags/example_branch_labels.py
[2024-07-06T14:13:17.201+0000] {processor.py:836} INFO - DAG(s) dict_keys(['example_branch_labels']) retrieved from /home/airflow/.local/lib/python3.7/site-packages/airflow/example_dags/example_branch_labels.py
[2024-07-06T14:13:17.223+0000] {logging_mixin.py:150} INFO - [2024-07-06T14:13:17.223+0000] {dag.py:2742} INFO - Sync 1 DAGs
[2024-07-06T14:13:17.243+0000] {logging_mixin.py:150} INFO - [2024-07-06T14:13:17.243+0000] {dag.py:3508} INFO - Setting next_dagrun for example_branch_labels to 2024-07-05T00:00:00+00:00, run_after=2024-07-06T00:00:00+00:00
[2024-07-06T14:13:17.257+0000] {processor.py:179} INFO - Processing /home/airflow/.local/lib/python3.7/site-packages/airflow/example_dags/example_branch_labels.py took 0.069 seconds
[2024-07-06T14:13:47.595+0000] {processor.py:157} INFO - Started process (PID=445) to work on /home/airflow/.local/lib/python3.7/site-packages/airflow/example_dags/example_branch_labels.py
[2024-07-06T14:13:47.598+0000] {processor.py:826} INFO - Processing file /home/airflow/.local/lib/python3.7/site-packages/airflow/example_dags/example_branch_labels.py for tasks to queue
[2024-07-06T14:13:47.600+0000] {logging_mixin.py:150} INFO - [2024-07-06T14:13:47.599+0000] {dagbag.py:541} INFO - Filling up the DagBag from /home/airflow/.local/lib/python3.7/site-packages/airflow/example_dags/example_branch_labels.py
[2024-07-06T14:13:47.606+0000] {processor.py:836} INFO - DAG(s) dict_keys(['example_branch_labels']) retrieved from /home/airflow/.local/lib/python3.7/site-packages/airflow/example_dags/example_branch_labels.py
[2024-07-06T14:13:47.628+0000] {logging_mixin.py:150} INFO - [2024-07-06T14:13:47.628+0000] {dag.py:2742} INFO - Sync 1 DAGs
[2024-07-06T14:13:47.645+0000] {logging_mixin.py:150} INFO - [2024-07-06T14:13:47.645+0000] {dag.py:3508} INFO - Setting next_dagrun for example_branch_labels to 2024-07-05T00:00:00+00:00, run_after=2024-07-06T00:00:00+00:00
[2024-07-06T14:13:47.659+0000] {processor.py:179} INFO - Processing /home/airflow/.local/lib/python3.7/site-packages/airflow/example_dags/example_branch_labels.py took 0.067 seconds
[2024-07-06T14:14:17.937+0000] {processor.py:157} INFO - Started process (PID=508) to work on /home/airflow/.local/lib/python3.7/site-packages/airflow/example_dags/example_branch_labels.py
[2024-07-06T14:14:17.939+0000] {processor.py:826} INFO - Processing file /home/airflow/.local/lib/python3.7/site-packages/airflow/example_dags/example_branch_labels.py for tasks to queue
[2024-07-06T14:14:17.942+0000] {logging_mixin.py:150} INFO - [2024-07-06T14:14:17.942+0000] {dagbag.py:541} INFO - Filling up the DagBag from /home/airflow/.local/lib/python3.7/site-packages/airflow/example_dags/example_branch_labels.py
[2024-07-06T14:14:17.953+0000] {processor.py:836} INFO - DAG(s) dict_keys(['example_branch_labels']) retrieved from /home/airflow/.local/lib/python3.7/site-packages/airflow/example_dags/example_branch_labels.py
[2024-07-06T14:14:17.985+0000] {logging_mixin.py:150} INFO - [2024-07-06T14:14:17.985+0000] {dag.py:2742} INFO - Sync 1 DAGs
[2024-07-06T14:14:18.018+0000] {logging_mixin.py:150} INFO - [2024-07-06T14:14:18.017+0000] {dag.py:3508} INFO - Setting next_dagrun for example_branch_labels to 2024-07-05T00:00:00+00:00, run_after=2024-07-06T00:00:00+00:00
[2024-07-06T14:14:18.042+0000] {processor.py:179} INFO - Processing /home/airflow/.local/lib/python3.7/site-packages/airflow/example_dags/example_branch_labels.py took 0.109 seconds
[2024-07-06T14:14:48.456+0000] {processor.py:157} INFO - Started process (PID=572) to work on /home/airflow/.local/lib/python3.7/site-packages/airflow/example_dags/example_branch_labels.py
[2024-07-06T14:14:48.458+0000] {processor.py:826} INFO - Processing file /home/airflow/.local/lib/python3.7/site-packages/airflow/example_dags/example_branch_labels.py for tasks to queue
[2024-07-06T14:14:48.460+0000] {logging_mixin.py:150} INFO - [2024-07-06T14:14:48.460+0000] {dagbag.py:541} INFO - Filling up the DagBag from /home/airflow/.local/lib/python3.7/site-packages/airflow/example_dags/example_branch_labels.py
[2024-07-06T14:14:48.467+0000] {processor.py:836} INFO - DAG(s) dict_keys(['example_branch_labels']) retrieved from /home/airflow/.local/lib/python3.7/site-packages/airflow/example_dags/example_branch_labels.py
[2024-07-06T14:14:48.488+0000] {logging_mixin.py:150} INFO - [2024-07-06T14:14:48.488+0000] {dag.py:2742} INFO - Sync 1 DAGs
[2024-07-06T14:14:48.507+0000] {logging_mixin.py:150} INFO - [2024-07-06T14:14:48.507+0000] {dag.py:3508} INFO - Setting next_dagrun for example_branch_labels to 2024-07-05T00:00:00+00:00, run_after=2024-07-06T00:00:00+00:00
[2024-07-06T14:14:48.522+0000] {processor.py:179} INFO - Processing /home/airflow/.local/lib/python3.7/site-packages/airflow/example_dags/example_branch_labels.py took 0.068 seconds
[2024-07-06T14:15:19.886+0000] {processor.py:157} INFO - Started process (PID=635) to work on /home/airflow/.local/lib/python3.7/site-packages/airflow/example_dags/example_branch_labels.py
[2024-07-06T14:15:19.889+0000] {processor.py:826} INFO - Processing file /home/airflow/.local/lib/python3.7/site-packages/airflow/example_dags/example_branch_labels.py for tasks to queue
[2024-07-06T14:15:19.890+0000] {logging_mixin.py:150} INFO - [2024-07-06T14:15:19.890+0000] {dagbag.py:541} INFO - Filling up the DagBag from /home/airflow/.local/lib/python3.7/site-packages/airflow/example_dags/example_branch_labels.py
[2024-07-06T14:15:19.897+0000] {processor.py:836} INFO - DAG(s) dict_keys(['example_branch_labels']) retrieved from /home/airflow/.local/lib/python3.7/site-packages/airflow/example_dags/example_branch_labels.py
[2024-07-06T14:15:19.921+0000] {logging_mixin.py:150} INFO - [2024-07-06T14:15:19.920+0000] {dag.py:2742} INFO - Sync 1 DAGs
[2024-07-06T14:15:19.941+0000] {logging_mixin.py:150} INFO - [2024-07-06T14:15:19.941+0000] {dag.py:3508} INFO - Setting next_dagrun for example_branch_labels to 2024-07-05T00:00:00+00:00, run_after=2024-07-06T00:00:00+00:00
[2024-07-06T14:15:19.955+0000] {processor.py:179} INFO - Processing /home/airflow/.local/lib/python3.7/site-packages/airflow/example_dags/example_branch_labels.py took 0.072 seconds
[2024-07-06T14:15:50.322+0000] {processor.py:157} INFO - Started process (PID=697) to work on /home/airflow/.local/lib/python3.7/site-packages/airflow/example_dags/example_branch_labels.py
[2024-07-06T14:15:50.324+0000] {processor.py:826} INFO - Processing file /home/airflow/.local/lib/python3.7/site-packages/airflow/example_dags/example_branch_labels.py for tasks to queue
[2024-07-06T14:15:50.325+0000] {logging_mixin.py:150} INFO - [2024-07-06T14:15:50.325+0000] {dagbag.py:541} INFO - Filling up the DagBag from /home/airflow/.local/lib/python3.7/site-packages/airflow/example_dags/example_branch_labels.py
[2024-07-06T14:15:50.332+0000] {processor.py:836} INFO - DAG(s) dict_keys(['example_branch_labels']) retrieved from /home/airflow/.local/lib/python3.7/site-packages/airflow/example_dags/example_branch_labels.py
[2024-07-06T14:15:50.354+0000] {logging_mixin.py:150} INFO - [2024-07-06T14:15:50.354+0000] {dag.py:2742} INFO - Sync 1 DAGs
[2024-07-06T14:15:50.378+0000] {logging_mixin.py:150} INFO - [2024-07-06T14:15:50.378+0000] {dag.py:3508} INFO - Setting next_dagrun for example_branch_labels to 2024-07-05T00:00:00+00:00, run_after=2024-07-06T00:00:00+00:00
[2024-07-06T14:15:50.393+0000] {processor.py:179} INFO - Processing /home/airflow/.local/lib/python3.7/site-packages/airflow/example_dags/example_branch_labels.py took 0.074 seconds
[2024-07-06T14:16:20.990+0000] {processor.py:157} INFO - Started process (PID=760) to work on /home/airflow/.local/lib/python3.7/site-packages/airflow/example_dags/example_branch_labels.py
[2024-07-06T14:16:20.991+0000] {processor.py:826} INFO - Processing file /home/airflow/.local/lib/python3.7/site-packages/airflow/example_dags/example_branch_labels.py for tasks to queue
[2024-07-06T14:16:20.993+0000] {logging_mixin.py:150} INFO - [2024-07-06T14:16:20.993+0000] {dagbag.py:541} INFO - Filling up the DagBag from /home/airflow/.local/lib/python3.7/site-packages/airflow/example_dags/example_branch_labels.py
[2024-07-06T14:16:20.999+0000] {processor.py:836} INFO - DAG(s) dict_keys(['example_branch_labels']) retrieved from /home/airflow/.local/lib/python3.7/site-packages/airflow/example_dags/example_branch_labels.py
[2024-07-06T14:16:21.022+0000] {logging_mixin.py:150} INFO - [2024-07-06T14:16:21.022+0000] {dag.py:2742} INFO - Sync 1 DAGs
[2024-07-06T14:16:21.039+0000] {logging_mixin.py:150} INFO - [2024-07-06T14:16:21.039+0000] {dag.py:3508} INFO - Setting next_dagrun for example_branch_labels to 2024-07-05T00:00:00+00:00, run_after=2024-07-06T00:00:00+00:00
[2024-07-06T14:16:21.050+0000] {processor.py:179} INFO - Processing /home/airflow/.local/lib/python3.7/site-packages/airflow/example_dags/example_branch_labels.py took 0.064 seconds
[2024-07-06T14:16:51.270+0000] {processor.py:157} INFO - Started process (PID=823) to work on /home/airflow/.local/lib/python3.7/site-packages/airflow/example_dags/example_branch_labels.py
[2024-07-06T14:16:51.273+0000] {processor.py:826} INFO - Processing file /home/airflow/.local/lib/python3.7/site-packages/airflow/example_dags/example_branch_labels.py for tasks to queue
[2024-07-06T14:16:51.275+0000] {logging_mixin.py:150} INFO - [2024-07-06T14:16:51.275+0000] {dagbag.py:541} INFO - Filling up the DagBag from /home/airflow/.local/lib/python3.7/site-packages/airflow/example_dags/example_branch_labels.py
[2024-07-06T14:16:51.288+0000] {processor.py:836} INFO - DAG(s) dict_keys(['example_branch_labels']) retrieved from /home/airflow/.local/lib/python3.7/site-packages/airflow/example_dags/example_branch_labels.py
[2024-07-06T14:16:51.319+0000] {logging_mixin.py:150} INFO - [2024-07-06T14:16:51.319+0000] {dag.py:2742} INFO - Sync 1 DAGs
[2024-07-06T14:16:51.344+0000] {logging_mixin.py:150} INFO - [2024-07-06T14:16:51.343+0000] {dag.py:3508} INFO - Setting next_dagrun for example_branch_labels to 2024-07-05T00:00:00+00:00, run_after=2024-07-06T00:00:00+00:00
[2024-07-06T14:16:51.361+0000] {processor.py:179} INFO - Processing /home/airflow/.local/lib/python3.7/site-packages/airflow/example_dags/example_branch_labels.py took 0.096 seconds
[2024-07-06T14:17:21.432+0000] {processor.py:157} INFO - Started process (PID=881) to work on /home/airflow/.local/lib/python3.7/site-packages/airflow/example_dags/example_branch_labels.py
[2024-07-06T14:17:21.434+0000] {processor.py:826} INFO - Processing file /home/airflow/.local/lib/python3.7/site-packages/airflow/example_dags/example_branch_labels.py for tasks to queue
[2024-07-06T14:17:21.436+0000] {logging_mixin.py:150} INFO - [2024-07-06T14:17:21.436+0000] {dagbag.py:541} INFO - Filling up the DagBag from /home/airflow/.local/lib/python3.7/site-packages/airflow/example_dags/example_branch_labels.py
[2024-07-06T14:17:21.442+0000] {processor.py:836} INFO - DAG(s) dict_keys(['example_branch_labels']) retrieved from /home/airflow/.local/lib/python3.7/site-packages/airflow/example_dags/example_branch_labels.py
[2024-07-06T14:17:21.463+0000] {logging_mixin.py:150} INFO - [2024-07-06T14:17:21.463+0000] {dag.py:2742} INFO - Sync 1 DAGs
[2024-07-06T14:17:21.479+0000] {logging_mixin.py:150} INFO - [2024-07-06T14:17:21.478+0000] {dag.py:3508} INFO - Setting next_dagrun for example_branch_labels to 2024-07-05T00:00:00+00:00, run_after=2024-07-06T00:00:00+00:00
[2024-07-06T14:17:21.489+0000] {processor.py:179} INFO - Processing /home/airflow/.local/lib/python3.7/site-packages/airflow/example_dags/example_branch_labels.py took 0.060 seconds
[2024-07-06T14:17:51.695+0000] {processor.py:157} INFO - Started process (PID=943) to work on /home/airflow/.local/lib/python3.7/site-packages/airflow/example_dags/example_branch_labels.py
[2024-07-06T14:17:51.696+0000] {processor.py:826} INFO - Processing file /home/airflow/.local/lib/python3.7/site-packages/airflow/example_dags/example_branch_labels.py for tasks to queue
[2024-07-06T14:17:51.698+0000] {logging_mixin.py:150} INFO - [2024-07-06T14:17:51.697+0000] {dagbag.py:541} INFO - Filling up the DagBag from /home/airflow/.local/lib/python3.7/site-packages/airflow/example_dags/example_branch_labels.py
[2024-07-06T14:17:51.704+0000] {processor.py:836} INFO - DAG(s) dict_keys(['example_branch_labels']) retrieved from /home/airflow/.local/lib/python3.7/site-packages/airflow/example_dags/example_branch_labels.py
[2024-07-06T14:17:51.724+0000] {logging_mixin.py:150} INFO - [2024-07-06T14:17:51.724+0000] {dag.py:2742} INFO - Sync 1 DAGs
[2024-07-06T14:17:51.741+0000] {logging_mixin.py:150} INFO - [2024-07-06T14:17:51.741+0000] {dag.py:3508} INFO - Setting next_dagrun for example_branch_labels to 2024-07-05T00:00:00+00:00, run_after=2024-07-06T00:00:00+00:00
[2024-07-06T14:17:51.753+0000] {processor.py:179} INFO - Processing /home/airflow/.local/lib/python3.7/site-packages/airflow/example_dags/example_branch_labels.py took 0.061 seconds
[2024-07-06T14:18:21.957+0000] {processor.py:157} INFO - Started process (PID=1006) to work on /home/airflow/.local/lib/python3.7/site-packages/airflow/example_dags/example_branch_labels.py
[2024-07-06T14:18:21.960+0000] {processor.py:826} INFO - Processing file /home/airflow/.local/lib/python3.7/site-packages/airflow/example_dags/example_branch_labels.py for tasks to queue
[2024-07-06T14:18:21.961+0000] {logging_mixin.py:150} INFO - [2024-07-06T14:18:21.961+0000] {dagbag.py:541} INFO - Filling up the DagBag from /home/airflow/.local/lib/python3.7/site-packages/airflow/example_dags/example_branch_labels.py
[2024-07-06T14:18:21.968+0000] {processor.py:836} INFO - DAG(s) dict_keys(['example_branch_labels']) retrieved from /home/airflow/.local/lib/python3.7/site-packages/airflow/example_dags/example_branch_labels.py
[2024-07-06T14:18:21.990+0000] {logging_mixin.py:150} INFO - [2024-07-06T14:18:21.990+0000] {dag.py:2742} INFO - Sync 1 DAGs
[2024-07-06T14:18:22.009+0000] {logging_mixin.py:150} INFO - [2024-07-06T14:18:22.009+0000] {dag.py:3508} INFO - Setting next_dagrun for example_branch_labels to 2024-07-05T00:00:00+00:00, run_after=2024-07-06T00:00:00+00:00
[2024-07-06T14:18:22.020+0000] {processor.py:179} INFO - Processing /home/airflow/.local/lib/python3.7/site-packages/airflow/example_dags/example_branch_labels.py took 0.066 seconds
[2024-07-06T14:18:52.390+0000] {processor.py:157} INFO - Started process (PID=1069) to work on /home/airflow/.local/lib/python3.7/site-packages/airflow/example_dags/example_branch_labels.py
[2024-07-06T14:18:52.392+0000] {processor.py:826} INFO - Processing file /home/airflow/.local/lib/python3.7/site-packages/airflow/example_dags/example_branch_labels.py for tasks to queue
[2024-07-06T14:18:52.394+0000] {logging_mixin.py:150} INFO - [2024-07-06T14:18:52.393+0000] {dagbag.py:541} INFO - Filling up the DagBag from /home/airflow/.local/lib/python3.7/site-packages/airflow/example_dags/example_branch_labels.py
[2024-07-06T14:18:52.400+0000] {processor.py:836} INFO - DAG(s) dict_keys(['example_branch_labels']) retrieved from /home/airflow/.local/lib/python3.7/site-packages/airflow/example_dags/example_branch_labels.py
[2024-07-06T14:18:52.422+0000] {logging_mixin.py:150} INFO - [2024-07-06T14:18:52.422+0000] {dag.py:2742} INFO - Sync 1 DAGs
[2024-07-06T14:18:52.448+0000] {logging_mixin.py:150} INFO - [2024-07-06T14:18:52.448+0000] {dag.py:3508} INFO - Setting next_dagrun for example_branch_labels to 2024-07-05T00:00:00+00:00, run_after=2024-07-06T00:00:00+00:00
[2024-07-06T14:18:52.468+0000] {processor.py:179} INFO - Processing /home/airflow/.local/lib/python3.7/site-packages/airflow/example_dags/example_branch_labels.py took 0.081 seconds
[2024-07-06T14:19:22.659+0000] {processor.py:157} INFO - Started process (PID=1132) to work on /home/airflow/.local/lib/python3.7/site-packages/airflow/example_dags/example_branch_labels.py
[2024-07-06T14:19:22.662+0000] {processor.py:826} INFO - Processing file /home/airflow/.local/lib/python3.7/site-packages/airflow/example_dags/example_branch_labels.py for tasks to queue
[2024-07-06T14:19:22.664+0000] {logging_mixin.py:150} INFO - [2024-07-06T14:19:22.663+0000] {dagbag.py:541} INFO - Filling up the DagBag from /home/airflow/.local/lib/python3.7/site-packages/airflow/example_dags/example_branch_labels.py
[2024-07-06T14:19:22.670+0000] {processor.py:836} INFO - DAG(s) dict_keys(['example_branch_labels']) retrieved from /home/airflow/.local/lib/python3.7/site-packages/airflow/example_dags/example_branch_labels.py
[2024-07-06T14:19:22.703+0000] {logging_mixin.py:150} INFO - [2024-07-06T14:19:22.703+0000] {dag.py:2742} INFO - Sync 1 DAGs
[2024-07-06T14:19:22.726+0000] {logging_mixin.py:150} INFO - [2024-07-06T14:19:22.726+0000] {dag.py:3508} INFO - Setting next_dagrun for example_branch_labels to 2024-07-05T00:00:00+00:00, run_after=2024-07-06T00:00:00+00:00
[2024-07-06T14:19:22.739+0000] {processor.py:179} INFO - Processing /home/airflow/.local/lib/python3.7/site-packages/airflow/example_dags/example_branch_labels.py took 0.083 seconds
[2024-07-06T14:19:52.912+0000] {processor.py:157} INFO - Started process (PID=1195) to work on /home/airflow/.local/lib/python3.7/site-packages/airflow/example_dags/example_branch_labels.py
[2024-07-06T14:19:52.915+0000] {processor.py:826} INFO - Processing file /home/airflow/.local/lib/python3.7/site-packages/airflow/example_dags/example_branch_labels.py for tasks to queue
[2024-07-06T14:19:52.919+0000] {logging_mixin.py:150} INFO - [2024-07-06T14:19:52.919+0000] {dagbag.py:541} INFO - Filling up the DagBag from /home/airflow/.local/lib/python3.7/site-packages/airflow/example_dags/example_branch_labels.py
[2024-07-06T14:19:52.935+0000] {processor.py:836} INFO - DAG(s) dict_keys(['example_branch_labels']) retrieved from /home/airflow/.local/lib/python3.7/site-packages/airflow/example_dags/example_branch_labels.py
[2024-07-06T14:19:52.975+0000] {logging_mixin.py:150} INFO - [2024-07-06T14:19:52.974+0000] {dag.py:2742} INFO - Sync 1 DAGs
[2024-07-06T14:19:52.998+0000] {logging_mixin.py:150} INFO - [2024-07-06T14:19:52.998+0000] {dag.py:3508} INFO - Setting next_dagrun for example_branch_labels to 2024-07-05T00:00:00+00:00, run_after=2024-07-06T00:00:00+00:00
[2024-07-06T14:19:53.011+0000] {processor.py:179} INFO - Processing /home/airflow/.local/lib/python3.7/site-packages/airflow/example_dags/example_branch_labels.py took 0.102 seconds
[2024-07-06T14:20:23.409+0000] {processor.py:157} INFO - Started process (PID=1257) to work on /home/airflow/.local/lib/python3.7/site-packages/airflow/example_dags/example_branch_labels.py
[2024-07-06T14:20:23.411+0000] {processor.py:826} INFO - Processing file /home/airflow/.local/lib/python3.7/site-packages/airflow/example_dags/example_branch_labels.py for tasks to queue
[2024-07-06T14:20:23.412+0000] {logging_mixin.py:150} INFO - [2024-07-06T14:20:23.412+0000] {dagbag.py:541} INFO - Filling up the DagBag from /home/airflow/.local/lib/python3.7/site-packages/airflow/example_dags/example_branch_labels.py
[2024-07-06T14:20:23.419+0000] {processor.py:836} INFO - DAG(s) dict_keys(['example_branch_labels']) retrieved from /home/airflow/.local/lib/python3.7/site-packages/airflow/example_dags/example_branch_labels.py
[2024-07-06T14:20:23.440+0000] {logging_mixin.py:150} INFO - [2024-07-06T14:20:23.440+0000] {dag.py:2742} INFO - Sync 1 DAGs
[2024-07-06T14:20:23.460+0000] {logging_mixin.py:150} INFO - [2024-07-06T14:20:23.460+0000] {dag.py:3508} INFO - Setting next_dagrun for example_branch_labels to 2024-07-05T00:00:00+00:00, run_after=2024-07-06T00:00:00+00:00
[2024-07-06T14:20:23.471+0000] {processor.py:179} INFO - Processing /home/airflow/.local/lib/python3.7/site-packages/airflow/example_dags/example_branch_labels.py took 0.064 seconds
[2024-07-06T14:20:53.951+0000] {processor.py:157} INFO - Started process (PID=1320) to work on /home/airflow/.local/lib/python3.7/site-packages/airflow/example_dags/example_branch_labels.py
[2024-07-06T14:20:53.953+0000] {processor.py:826} INFO - Processing file /home/airflow/.local/lib/python3.7/site-packages/airflow/example_dags/example_branch_labels.py for tasks to queue
[2024-07-06T14:20:53.954+0000] {logging_mixin.py:150} INFO - [2024-07-06T14:20:53.954+0000] {dagbag.py:541} INFO - Filling up the DagBag from /home/airflow/.local/lib/python3.7/site-packages/airflow/example_dags/example_branch_labels.py
[2024-07-06T14:20:53.961+0000] {processor.py:836} INFO - DAG(s) dict_keys(['example_branch_labels']) retrieved from /home/airflow/.local/lib/python3.7/site-packages/airflow/example_dags/example_branch_labels.py
[2024-07-06T14:20:53.981+0000] {logging_mixin.py:150} INFO - [2024-07-06T14:20:53.981+0000] {dag.py:2742} INFO - Sync 1 DAGs
[2024-07-06T14:20:53.998+0000] {logging_mixin.py:150} INFO - [2024-07-06T14:20:53.998+0000] {dag.py:3508} INFO - Setting next_dagrun for example_branch_labels to 2024-07-05T00:00:00+00:00, run_after=2024-07-06T00:00:00+00:00
[2024-07-06T14:20:54.012+0000] {processor.py:179} INFO - Processing /home/airflow/.local/lib/python3.7/site-packages/airflow/example_dags/example_branch_labels.py took 0.064 seconds
[2024-07-06T14:21:24.597+0000] {processor.py:157} INFO - Started process (PID=1383) to work on /home/airflow/.local/lib/python3.7/site-packages/airflow/example_dags/example_branch_labels.py
[2024-07-06T14:21:24.599+0000] {processor.py:826} INFO - Processing file /home/airflow/.local/lib/python3.7/site-packages/airflow/example_dags/example_branch_labels.py for tasks to queue
[2024-07-06T14:21:24.603+0000] {logging_mixin.py:150} INFO - [2024-07-06T14:21:24.602+0000] {dagbag.py:541} INFO - Filling up the DagBag from /home/airflow/.local/lib/python3.7/site-packages/airflow/example_dags/example_branch_labels.py
[2024-07-06T14:21:24.611+0000] {processor.py:836} INFO - DAG(s) dict_keys(['example_branch_labels']) retrieved from /home/airflow/.local/lib/python3.7/site-packages/airflow/example_dags/example_branch_labels.py
[2024-07-06T14:21:24.637+0000] {logging_mixin.py:150} INFO - [2024-07-06T14:21:24.636+0000] {dag.py:2742} INFO - Sync 1 DAGs
[2024-07-06T14:21:24.657+0000] {logging_mixin.py:150} INFO - [2024-07-06T14:21:24.657+0000] {dag.py:3508} INFO - Setting next_dagrun for example_branch_labels to 2024-07-05T00:00:00+00:00, run_after=2024-07-06T00:00:00+00:00
[2024-07-06T14:21:24.671+0000] {processor.py:179} INFO - Processing /home/airflow/.local/lib/python3.7/site-packages/airflow/example_dags/example_branch_labels.py took 0.077 seconds
[2024-07-06T14:21:55.021+0000] {processor.py:157} INFO - Started process (PID=1446) to work on /home/airflow/.local/lib/python3.7/site-packages/airflow/example_dags/example_branch_labels.py
[2024-07-06T14:21:55.024+0000] {processor.py:826} INFO - Processing file /home/airflow/.local/lib/python3.7/site-packages/airflow/example_dags/example_branch_labels.py for tasks to queue
[2024-07-06T14:21:55.027+0000] {logging_mixin.py:150} INFO - [2024-07-06T14:21:55.026+0000] {dagbag.py:541} INFO - Filling up the DagBag from /home/airflow/.local/lib/python3.7/site-packages/airflow/example_dags/example_branch_labels.py
[2024-07-06T14:21:55.034+0000] {processor.py:836} INFO - DAG(s) dict_keys(['example_branch_labels']) retrieved from /home/airflow/.local/lib/python3.7/site-packages/airflow/example_dags/example_branch_labels.py
[2024-07-06T14:21:55.058+0000] {logging_mixin.py:150} INFO - [2024-07-06T14:21:55.058+0000] {dag.py:2742} INFO - Sync 1 DAGs
[2024-07-06T14:21:55.077+0000] {logging_mixin.py:150} INFO - [2024-07-06T14:21:55.077+0000] {dag.py:3508} INFO - Setting next_dagrun for example_branch_labels to 2024-07-05T00:00:00+00:00, run_after=2024-07-06T00:00:00+00:00
[2024-07-06T14:21:55.090+0000] {processor.py:179} INFO - Processing /home/airflow/.local/lib/python3.7/site-packages/airflow/example_dags/example_branch_labels.py took 0.072 seconds
[2024-07-06T14:22:25.299+0000] {processor.py:157} INFO - Started process (PID=1509) to work on /home/airflow/.local/lib/python3.7/site-packages/airflow/example_dags/example_branch_labels.py
[2024-07-06T14:22:25.301+0000] {processor.py:826} INFO - Processing file /home/airflow/.local/lib/python3.7/site-packages/airflow/example_dags/example_branch_labels.py for tasks to queue
[2024-07-06T14:22:25.302+0000] {logging_mixin.py:150} INFO - [2024-07-06T14:22:25.302+0000] {dagbag.py:541} INFO - Filling up the DagBag from /home/airflow/.local/lib/python3.7/site-packages/airflow/example_dags/example_branch_labels.py
[2024-07-06T14:22:25.309+0000] {processor.py:836} INFO - DAG(s) dict_keys(['example_branch_labels']) retrieved from /home/airflow/.local/lib/python3.7/site-packages/airflow/example_dags/example_branch_labels.py
[2024-07-06T14:22:25.331+0000] {logging_mixin.py:150} INFO - [2024-07-06T14:22:25.331+0000] {dag.py:2742} INFO - Sync 1 DAGs
[2024-07-06T14:22:25.349+0000] {logging_mixin.py:150} INFO - [2024-07-06T14:22:25.348+0000] {dag.py:3508} INFO - Setting next_dagrun for example_branch_labels to 2024-07-05T00:00:00+00:00, run_after=2024-07-06T00:00:00+00:00
[2024-07-06T14:22:25.363+0000] {processor.py:179} INFO - Processing /home/airflow/.local/lib/python3.7/site-packages/airflow/example_dags/example_branch_labels.py took 0.066 seconds
[2024-07-06T14:22:55.719+0000] {processor.py:157} INFO - Started process (PID=1572) to work on /home/airflow/.local/lib/python3.7/site-packages/airflow/example_dags/example_branch_labels.py
[2024-07-06T14:22:55.721+0000] {processor.py:826} INFO - Processing file /home/airflow/.local/lib/python3.7/site-packages/airflow/example_dags/example_branch_labels.py for tasks to queue
[2024-07-06T14:22:55.724+0000] {logging_mixin.py:150} INFO - [2024-07-06T14:22:55.724+0000] {dagbag.py:541} INFO - Filling up the DagBag from /home/airflow/.local/lib/python3.7/site-packages/airflow/example_dags/example_branch_labels.py
[2024-07-06T14:22:55.731+0000] {processor.py:836} INFO - DAG(s) dict_keys(['example_branch_labels']) retrieved from /home/airflow/.local/lib/python3.7/site-packages/airflow/example_dags/example_branch_labels.py
[2024-07-06T14:22:55.752+0000] {logging_mixin.py:150} INFO - [2024-07-06T14:22:55.752+0000] {dag.py:2742} INFO - Sync 1 DAGs
[2024-07-06T14:22:55.770+0000] {logging_mixin.py:150} INFO - [2024-07-06T14:22:55.770+0000] {dag.py:3508} INFO - Setting next_dagrun for example_branch_labels to 2024-07-05T00:00:00+00:00, run_after=2024-07-06T00:00:00+00:00
[2024-07-06T14:22:55.784+0000] {processor.py:179} INFO - Processing /home/airflow/.local/lib/python3.7/site-packages/airflow/example_dags/example_branch_labels.py took 0.068 seconds
[2024-07-06T14:23:25.997+0000] {processor.py:157} INFO - Started process (PID=1635) to work on /home/airflow/.local/lib/python3.7/site-packages/airflow/example_dags/example_branch_labels.py
[2024-07-06T14:23:25.999+0000] {processor.py:826} INFO - Processing file /home/airflow/.local/lib/python3.7/site-packages/airflow/example_dags/example_branch_labels.py for tasks to queue
[2024-07-06T14:23:26.000+0000] {logging_mixin.py:150} INFO - [2024-07-06T14:23:26.000+0000] {dagbag.py:541} INFO - Filling up the DagBag from /home/airflow/.local/lib/python3.7/site-packages/airflow/example_dags/example_branch_labels.py
[2024-07-06T14:23:26.007+0000] {processor.py:836} INFO - DAG(s) dict_keys(['example_branch_labels']) retrieved from /home/airflow/.local/lib/python3.7/site-packages/airflow/example_dags/example_branch_labels.py
[2024-07-06T14:23:26.029+0000] {logging_mixin.py:150} INFO - [2024-07-06T14:23:26.029+0000] {dag.py:2742} INFO - Sync 1 DAGs
[2024-07-06T14:23:26.048+0000] {logging_mixin.py:150} INFO - [2024-07-06T14:23:26.048+0000] {dag.py:3508} INFO - Setting next_dagrun for example_branch_labels to 2024-07-05T00:00:00+00:00, run_after=2024-07-06T00:00:00+00:00
[2024-07-06T14:23:26.059+0000] {processor.py:179} INFO - Processing /home/airflow/.local/lib/python3.7/site-packages/airflow/example_dags/example_branch_labels.py took 0.065 seconds
[2024-07-06T14:23:56.524+0000] {processor.py:157} INFO - Started process (PID=1698) to work on /home/airflow/.local/lib/python3.7/site-packages/airflow/example_dags/example_branch_labels.py
[2024-07-06T14:23:56.526+0000] {processor.py:826} INFO - Processing file /home/airflow/.local/lib/python3.7/site-packages/airflow/example_dags/example_branch_labels.py for tasks to queue
[2024-07-06T14:23:56.528+0000] {logging_mixin.py:150} INFO - [2024-07-06T14:23:56.527+0000] {dagbag.py:541} INFO - Filling up the DagBag from /home/airflow/.local/lib/python3.7/site-packages/airflow/example_dags/example_branch_labels.py
[2024-07-06T14:23:56.536+0000] {processor.py:836} INFO - DAG(s) dict_keys(['example_branch_labels']) retrieved from /home/airflow/.local/lib/python3.7/site-packages/airflow/example_dags/example_branch_labels.py
[2024-07-06T14:23:56.561+0000] {logging_mixin.py:150} INFO - [2024-07-06T14:23:56.561+0000] {dag.py:2742} INFO - Sync 1 DAGs
[2024-07-06T14:23:56.587+0000] {logging_mixin.py:150} INFO - [2024-07-06T14:23:56.587+0000] {dag.py:3508} INFO - Setting next_dagrun for example_branch_labels to 2024-07-05T00:00:00+00:00, run_after=2024-07-06T00:00:00+00:00
[2024-07-06T14:23:56.599+0000] {processor.py:179} INFO - Processing /home/airflow/.local/lib/python3.7/site-packages/airflow/example_dags/example_branch_labels.py took 0.078 seconds
[2024-07-06T14:24:27.093+0000] {processor.py:157} INFO - Started process (PID=1761) to work on /home/airflow/.local/lib/python3.7/site-packages/airflow/example_dags/example_branch_labels.py
[2024-07-06T14:24:27.096+0000] {processor.py:826} INFO - Processing file /home/airflow/.local/lib/python3.7/site-packages/airflow/example_dags/example_branch_labels.py for tasks to queue
[2024-07-06T14:24:27.099+0000] {logging_mixin.py:150} INFO - [2024-07-06T14:24:27.099+0000] {dagbag.py:541} INFO - Filling up the DagBag from /home/airflow/.local/lib/python3.7/site-packages/airflow/example_dags/example_branch_labels.py
[2024-07-06T14:24:27.110+0000] {processor.py:836} INFO - DAG(s) dict_keys(['example_branch_labels']) retrieved from /home/airflow/.local/lib/python3.7/site-packages/airflow/example_dags/example_branch_labels.py
[2024-07-06T14:24:27.136+0000] {logging_mixin.py:150} INFO - [2024-07-06T14:24:27.136+0000] {dag.py:2742} INFO - Sync 1 DAGs
[2024-07-06T14:24:27.156+0000] {logging_mixin.py:150} INFO - [2024-07-06T14:24:27.156+0000] {dag.py:3508} INFO - Setting next_dagrun for example_branch_labels to 2024-07-05T00:00:00+00:00, run_after=2024-07-06T00:00:00+00:00
[2024-07-06T14:24:27.169+0000] {processor.py:179} INFO - Processing /home/airflow/.local/lib/python3.7/site-packages/airflow/example_dags/example_branch_labels.py took 0.088 seconds
[2024-07-06T14:24:57.991+0000] {processor.py:157} INFO - Started process (PID=1824) to work on /home/airflow/.local/lib/python3.7/site-packages/airflow/example_dags/example_branch_labels.py
[2024-07-06T14:24:57.993+0000] {processor.py:826} INFO - Processing file /home/airflow/.local/lib/python3.7/site-packages/airflow/example_dags/example_branch_labels.py for tasks to queue
[2024-07-06T14:24:57.994+0000] {logging_mixin.py:150} INFO - [2024-07-06T14:24:57.994+0000] {dagbag.py:541} INFO - Filling up the DagBag from /home/airflow/.local/lib/python3.7/site-packages/airflow/example_dags/example_branch_labels.py
[2024-07-06T14:24:58.002+0000] {processor.py:836} INFO - DAG(s) dict_keys(['example_branch_labels']) retrieved from /home/airflow/.local/lib/python3.7/site-packages/airflow/example_dags/example_branch_labels.py
[2024-07-06T14:24:58.023+0000] {logging_mixin.py:150} INFO - [2024-07-06T14:24:58.023+0000] {dag.py:2742} INFO - Sync 1 DAGs
[2024-07-06T14:24:58.047+0000] {logging_mixin.py:150} INFO - [2024-07-06T14:24:58.047+0000] {dag.py:3508} INFO - Setting next_dagrun for example_branch_labels to 2024-07-05T00:00:00+00:00, run_after=2024-07-06T00:00:00+00:00
[2024-07-06T14:24:58.060+0000] {processor.py:179} INFO - Processing /home/airflow/.local/lib/python3.7/site-packages/airflow/example_dags/example_branch_labels.py took 0.072 seconds
[2024-07-06T14:25:28.305+0000] {processor.py:157} INFO - Started process (PID=1888) to work on /home/airflow/.local/lib/python3.7/site-packages/airflow/example_dags/example_branch_labels.py
[2024-07-06T14:25:28.307+0000] {processor.py:826} INFO - Processing file /home/airflow/.local/lib/python3.7/site-packages/airflow/example_dags/example_branch_labels.py for tasks to queue
[2024-07-06T14:25:28.308+0000] {logging_mixin.py:150} INFO - [2024-07-06T14:25:28.308+0000] {dagbag.py:541} INFO - Filling up the DagBag from /home/airflow/.local/lib/python3.7/site-packages/airflow/example_dags/example_branch_labels.py
[2024-07-06T14:25:28.314+0000] {processor.py:836} INFO - DAG(s) dict_keys(['example_branch_labels']) retrieved from /home/airflow/.local/lib/python3.7/site-packages/airflow/example_dags/example_branch_labels.py
[2024-07-06T14:25:28.338+0000] {logging_mixin.py:150} INFO - [2024-07-06T14:25:28.338+0000] {dag.py:2742} INFO - Sync 1 DAGs
[2024-07-06T14:25:28.356+0000] {logging_mixin.py:150} INFO - [2024-07-06T14:25:28.356+0000] {dag.py:3508} INFO - Setting next_dagrun for example_branch_labels to 2024-07-05T00:00:00+00:00, run_after=2024-07-06T00:00:00+00:00
[2024-07-06T14:25:28.367+0000] {processor.py:179} INFO - Processing /home/airflow/.local/lib/python3.7/site-packages/airflow/example_dags/example_branch_labels.py took 0.065 seconds
[2024-07-06T14:25:59.072+0000] {processor.py:157} INFO - Started process (PID=1950) to work on /home/airflow/.local/lib/python3.7/site-packages/airflow/example_dags/example_branch_labels.py
[2024-07-06T14:25:59.074+0000] {processor.py:826} INFO - Processing file /home/airflow/.local/lib/python3.7/site-packages/airflow/example_dags/example_branch_labels.py for tasks to queue
[2024-07-06T14:25:59.076+0000] {logging_mixin.py:150} INFO - [2024-07-06T14:25:59.076+0000] {dagbag.py:541} INFO - Filling up the DagBag from /home/airflow/.local/lib/python3.7/site-packages/airflow/example_dags/example_branch_labels.py
[2024-07-06T14:25:59.082+0000] {processor.py:836} INFO - DAG(s) dict_keys(['example_branch_labels']) retrieved from /home/airflow/.local/lib/python3.7/site-packages/airflow/example_dags/example_branch_labels.py
[2024-07-06T14:25:59.103+0000] {logging_mixin.py:150} INFO - [2024-07-06T14:25:59.103+0000] {dag.py:2742} INFO - Sync 1 DAGs
[2024-07-06T14:25:59.123+0000] {logging_mixin.py:150} INFO - [2024-07-06T14:25:59.123+0000] {dag.py:3508} INFO - Setting next_dagrun for example_branch_labels to 2024-07-05T00:00:00+00:00, run_after=2024-07-06T00:00:00+00:00
[2024-07-06T14:25:59.137+0000] {processor.py:179} INFO - Processing /home/airflow/.local/lib/python3.7/site-packages/airflow/example_dags/example_branch_labels.py took 0.067 seconds
[2024-07-06T14:26:30.010+0000] {processor.py:157} INFO - Started process (PID=2014) to work on /home/airflow/.local/lib/python3.7/site-packages/airflow/example_dags/example_branch_labels.py
[2024-07-06T14:26:30.012+0000] {processor.py:826} INFO - Processing file /home/airflow/.local/lib/python3.7/site-packages/airflow/example_dags/example_branch_labels.py for tasks to queue
[2024-07-06T14:26:30.013+0000] {logging_mixin.py:150} INFO - [2024-07-06T14:26:30.013+0000] {dagbag.py:541} INFO - Filling up the DagBag from /home/airflow/.local/lib/python3.7/site-packages/airflow/example_dags/example_branch_labels.py
[2024-07-06T14:26:30.021+0000] {processor.py:836} INFO - DAG(s) dict_keys(['example_branch_labels']) retrieved from /home/airflow/.local/lib/python3.7/site-packages/airflow/example_dags/example_branch_labels.py
[2024-07-06T14:26:30.042+0000] {logging_mixin.py:150} INFO - [2024-07-06T14:26:30.042+0000] {dag.py:2742} INFO - Sync 1 DAGs
[2024-07-06T14:26:30.061+0000] {logging_mixin.py:150} INFO - [2024-07-06T14:26:30.061+0000] {dag.py:3508} INFO - Setting next_dagrun for example_branch_labels to 2024-07-05T00:00:00+00:00, run_after=2024-07-06T00:00:00+00:00
[2024-07-06T14:26:30.074+0000] {processor.py:179} INFO - Processing /home/airflow/.local/lib/python3.7/site-packages/airflow/example_dags/example_branch_labels.py took 0.067 seconds
[2024-07-06T14:27:00.226+0000] {processor.py:157} INFO - Started process (PID=2077) to work on /home/airflow/.local/lib/python3.7/site-packages/airflow/example_dags/example_branch_labels.py
[2024-07-06T14:27:00.228+0000] {processor.py:826} INFO - Processing file /home/airflow/.local/lib/python3.7/site-packages/airflow/example_dags/example_branch_labels.py for tasks to queue
[2024-07-06T14:27:00.230+0000] {logging_mixin.py:150} INFO - [2024-07-06T14:27:00.229+0000] {dagbag.py:541} INFO - Filling up the DagBag from /home/airflow/.local/lib/python3.7/site-packages/airflow/example_dags/example_branch_labels.py
[2024-07-06T14:27:00.236+0000] {processor.py:836} INFO - DAG(s) dict_keys(['example_branch_labels']) retrieved from /home/airflow/.local/lib/python3.7/site-packages/airflow/example_dags/example_branch_labels.py
[2024-07-06T14:27:00.259+0000] {logging_mixin.py:150} INFO - [2024-07-06T14:27:00.259+0000] {dag.py:2742} INFO - Sync 1 DAGs
[2024-07-06T14:27:00.279+0000] {logging_mixin.py:150} INFO - [2024-07-06T14:27:00.279+0000] {dag.py:3508} INFO - Setting next_dagrun for example_branch_labels to 2024-07-05T00:00:00+00:00, run_after=2024-07-06T00:00:00+00:00
[2024-07-06T14:27:00.290+0000] {processor.py:179} INFO - Processing /home/airflow/.local/lib/python3.7/site-packages/airflow/example_dags/example_branch_labels.py took 0.067 seconds
[2024-07-06T14:27:30.666+0000] {processor.py:157} INFO - Started process (PID=2139) to work on /home/airflow/.local/lib/python3.7/site-packages/airflow/example_dags/example_branch_labels.py
[2024-07-06T14:27:30.668+0000] {processor.py:826} INFO - Processing file /home/airflow/.local/lib/python3.7/site-packages/airflow/example_dags/example_branch_labels.py for tasks to queue
[2024-07-06T14:27:30.671+0000] {logging_mixin.py:150} INFO - [2024-07-06T14:27:30.671+0000] {dagbag.py:541} INFO - Filling up the DagBag from /home/airflow/.local/lib/python3.7/site-packages/airflow/example_dags/example_branch_labels.py
[2024-07-06T14:27:30.678+0000] {processor.py:836} INFO - DAG(s) dict_keys(['example_branch_labels']) retrieved from /home/airflow/.local/lib/python3.7/site-packages/airflow/example_dags/example_branch_labels.py
[2024-07-06T14:27:30.704+0000] {logging_mixin.py:150} INFO - [2024-07-06T14:27:30.704+0000] {dag.py:2742} INFO - Sync 1 DAGs
[2024-07-06T14:27:30.724+0000] {logging_mixin.py:150} INFO - [2024-07-06T14:27:30.724+0000] {dag.py:3508} INFO - Setting next_dagrun for example_branch_labels to 2024-07-05T00:00:00+00:00, run_after=2024-07-06T00:00:00+00:00
[2024-07-06T14:27:30.736+0000] {processor.py:179} INFO - Processing /home/airflow/.local/lib/python3.7/site-packages/airflow/example_dags/example_branch_labels.py took 0.073 seconds
[2024-07-06T14:28:01.391+0000] {processor.py:157} INFO - Started process (PID=2207) to work on /home/airflow/.local/lib/python3.7/site-packages/airflow/example_dags/example_branch_labels.py
[2024-07-06T14:28:01.393+0000] {processor.py:826} INFO - Processing file /home/airflow/.local/lib/python3.7/site-packages/airflow/example_dags/example_branch_labels.py for tasks to queue
[2024-07-06T14:28:01.398+0000] {logging_mixin.py:150} INFO - [2024-07-06T14:28:01.397+0000] {dagbag.py:541} INFO - Filling up the DagBag from /home/airflow/.local/lib/python3.7/site-packages/airflow/example_dags/example_branch_labels.py
[2024-07-06T14:28:01.417+0000] {processor.py:836} INFO - DAG(s) dict_keys(['example_branch_labels']) retrieved from /home/airflow/.local/lib/python3.7/site-packages/airflow/example_dags/example_branch_labels.py
[2024-07-06T14:28:01.443+0000] {logging_mixin.py:150} INFO - [2024-07-06T14:28:01.443+0000] {dag.py:2742} INFO - Sync 1 DAGs
[2024-07-06T14:28:01.465+0000] {logging_mixin.py:150} INFO - [2024-07-06T14:28:01.465+0000] {dag.py:3508} INFO - Setting next_dagrun for example_branch_labels to 2024-07-05T00:00:00+00:00, run_after=2024-07-06T00:00:00+00:00
[2024-07-06T14:28:01.477+0000] {processor.py:179} INFO - Processing /home/airflow/.local/lib/python3.7/site-packages/airflow/example_dags/example_branch_labels.py took 0.090 seconds
[2024-07-06T14:28:32.158+0000] {processor.py:157} INFO - Started process (PID=2275) to work on /home/airflow/.local/lib/python3.7/site-packages/airflow/example_dags/example_branch_labels.py
[2024-07-06T14:28:32.160+0000] {processor.py:826} INFO - Processing file /home/airflow/.local/lib/python3.7/site-packages/airflow/example_dags/example_branch_labels.py for tasks to queue
[2024-07-06T14:28:32.162+0000] {logging_mixin.py:150} INFO - [2024-07-06T14:28:32.162+0000] {dagbag.py:541} INFO - Filling up the DagBag from /home/airflow/.local/lib/python3.7/site-packages/airflow/example_dags/example_branch_labels.py
[2024-07-06T14:28:32.171+0000] {processor.py:836} INFO - DAG(s) dict_keys(['example_branch_labels']) retrieved from /home/airflow/.local/lib/python3.7/site-packages/airflow/example_dags/example_branch_labels.py
[2024-07-06T14:28:32.195+0000] {logging_mixin.py:150} INFO - [2024-07-06T14:28:32.195+0000] {dag.py:2742} INFO - Sync 1 DAGs
[2024-07-06T14:28:32.213+0000] {logging_mixin.py:150} INFO - [2024-07-06T14:28:32.213+0000] {dag.py:3508} INFO - Setting next_dagrun for example_branch_labels to 2024-07-05T00:00:00+00:00, run_after=2024-07-06T00:00:00+00:00
[2024-07-06T14:28:32.228+0000] {processor.py:179} INFO - Processing /home/airflow/.local/lib/python3.7/site-packages/airflow/example_dags/example_branch_labels.py took 0.073 seconds
[2024-07-06T14:29:02.849+0000] {processor.py:157} INFO - Started process (PID=2338) to work on /home/airflow/.local/lib/python3.7/site-packages/airflow/example_dags/example_branch_labels.py
[2024-07-06T14:29:02.851+0000] {processor.py:826} INFO - Processing file /home/airflow/.local/lib/python3.7/site-packages/airflow/example_dags/example_branch_labels.py for tasks to queue
[2024-07-06T14:29:02.853+0000] {logging_mixin.py:150} INFO - [2024-07-06T14:29:02.853+0000] {dagbag.py:541} INFO - Filling up the DagBag from /home/airflow/.local/lib/python3.7/site-packages/airflow/example_dags/example_branch_labels.py
[2024-07-06T14:29:02.860+0000] {processor.py:836} INFO - DAG(s) dict_keys(['example_branch_labels']) retrieved from /home/airflow/.local/lib/python3.7/site-packages/airflow/example_dags/example_branch_labels.py
[2024-07-06T14:29:02.883+0000] {logging_mixin.py:150} INFO - [2024-07-06T14:29:02.883+0000] {dag.py:2742} INFO - Sync 1 DAGs
[2024-07-06T14:29:02.900+0000] {logging_mixin.py:150} INFO - [2024-07-06T14:29:02.900+0000] {dag.py:3508} INFO - Setting next_dagrun for example_branch_labels to 2024-07-05T00:00:00+00:00, run_after=2024-07-06T00:00:00+00:00
[2024-07-06T14:29:02.911+0000] {processor.py:179} INFO - Processing /home/airflow/.local/lib/python3.7/site-packages/airflow/example_dags/example_branch_labels.py took 0.064 seconds
[2024-07-06T14:29:34.352+0000] {processor.py:157} INFO - Started process (PID=2405) to work on /home/airflow/.local/lib/python3.7/site-packages/airflow/example_dags/example_branch_labels.py
[2024-07-06T14:29:34.356+0000] {processor.py:826} INFO - Processing file /home/airflow/.local/lib/python3.7/site-packages/airflow/example_dags/example_branch_labels.py for tasks to queue
[2024-07-06T14:29:34.362+0000] {logging_mixin.py:150} INFO - [2024-07-06T14:29:34.360+0000] {dagbag.py:541} INFO - Filling up the DagBag from /home/airflow/.local/lib/python3.7/site-packages/airflow/example_dags/example_branch_labels.py
[2024-07-06T14:29:34.380+0000] {processor.py:836} INFO - DAG(s) dict_keys(['example_branch_labels']) retrieved from /home/airflow/.local/lib/python3.7/site-packages/airflow/example_dags/example_branch_labels.py
[2024-07-06T14:29:34.432+0000] {logging_mixin.py:150} INFO - [2024-07-06T14:29:34.430+0000] {dag.py:2742} INFO - Sync 1 DAGs
[2024-07-06T14:29:34.463+0000] {logging_mixin.py:150} INFO - [2024-07-06T14:29:34.463+0000] {dag.py:3508} INFO - Setting next_dagrun for example_branch_labels to 2024-07-05T00:00:00+00:00, run_after=2024-07-06T00:00:00+00:00
[2024-07-06T14:29:34.485+0000] {processor.py:179} INFO - Processing /home/airflow/.local/lib/python3.7/site-packages/airflow/example_dags/example_branch_labels.py took 0.140 seconds
[2024-07-06T14:30:04.552+0000] {processor.py:157} INFO - Started process (PID=2468) to work on /home/airflow/.local/lib/python3.7/site-packages/airflow/example_dags/example_branch_labels.py
[2024-07-06T14:30:04.554+0000] {processor.py:826} INFO - Processing file /home/airflow/.local/lib/python3.7/site-packages/airflow/example_dags/example_branch_labels.py for tasks to queue
[2024-07-06T14:30:04.555+0000] {logging_mixin.py:150} INFO - [2024-07-06T14:30:04.555+0000] {dagbag.py:541} INFO - Filling up the DagBag from /home/airflow/.local/lib/python3.7/site-packages/airflow/example_dags/example_branch_labels.py
[2024-07-06T14:30:04.561+0000] {processor.py:836} INFO - DAG(s) dict_keys(['example_branch_labels']) retrieved from /home/airflow/.local/lib/python3.7/site-packages/airflow/example_dags/example_branch_labels.py
[2024-07-06T14:30:04.582+0000] {logging_mixin.py:150} INFO - [2024-07-06T14:30:04.582+0000] {dag.py:2742} INFO - Sync 1 DAGs
[2024-07-06T14:30:04.598+0000] {logging_mixin.py:150} INFO - [2024-07-06T14:30:04.598+0000] {dag.py:3508} INFO - Setting next_dagrun for example_branch_labels to 2024-07-05T00:00:00+00:00, run_after=2024-07-06T00:00:00+00:00
[2024-07-06T14:30:04.609+0000] {processor.py:179} INFO - Processing /home/airflow/.local/lib/python3.7/site-packages/airflow/example_dags/example_branch_labels.py took 0.059 seconds
[2024-07-06T14:30:35.677+0000] {processor.py:157} INFO - Started process (PID=2531) to work on /home/airflow/.local/lib/python3.7/site-packages/airflow/example_dags/example_branch_labels.py
[2024-07-06T14:30:35.679+0000] {processor.py:826} INFO - Processing file /home/airflow/.local/lib/python3.7/site-packages/airflow/example_dags/example_branch_labels.py for tasks to queue
[2024-07-06T14:30:35.682+0000] {logging_mixin.py:150} INFO - [2024-07-06T14:30:35.682+0000] {dagbag.py:541} INFO - Filling up the DagBag from /home/airflow/.local/lib/python3.7/site-packages/airflow/example_dags/example_branch_labels.py
[2024-07-06T14:30:35.689+0000] {processor.py:836} INFO - DAG(s) dict_keys(['example_branch_labels']) retrieved from /home/airflow/.local/lib/python3.7/site-packages/airflow/example_dags/example_branch_labels.py
[2024-07-06T14:30:35.712+0000] {logging_mixin.py:150} INFO - [2024-07-06T14:30:35.712+0000] {dag.py:2742} INFO - Sync 1 DAGs
[2024-07-06T14:30:35.734+0000] {logging_mixin.py:150} INFO - [2024-07-06T14:30:35.734+0000] {dag.py:3508} INFO - Setting next_dagrun for example_branch_labels to 2024-07-05T00:00:00+00:00, run_after=2024-07-06T00:00:00+00:00
[2024-07-06T14:30:35.748+0000] {processor.py:179} INFO - Processing /home/airflow/.local/lib/python3.7/site-packages/airflow/example_dags/example_branch_labels.py took 0.074 seconds
