[2024-07-06T14:10:42.044+0000] {processor.py:157} INFO - Started process (PID=46) to work on /home/airflow/.local/lib/python3.7/site-packages/airflow/example_dags/example_xcomargs.py
[2024-07-06T14:10:42.046+0000] {processor.py:826} INFO - Processing file /home/airflow/.local/lib/python3.7/site-packages/airflow/example_dags/example_xcomargs.py for tasks to queue
[2024-07-06T14:10:42.048+0000] {logging_mixin.py:150} INFO - [2024-07-06T14:10:42.048+0000] {dagbag.py:541} INFO - Filling up the DagBag from /home/airflow/.local/lib/python3.7/site-packages/airflow/example_dags/example_xcomargs.py
[2024-07-06T14:10:42.057+0000] {processor.py:836} INFO - DAG(s) dict_keys(['example_xcom_args', 'example_xcom_args_with_operators']) retrieved from /home/airflow/.local/lib/python3.7/site-packages/airflow/example_dags/example_xcomargs.py
[2024-07-06T14:10:42.073+0000] {logging_mixin.py:150} INFO - [2024-07-06T14:10:42.073+0000] {dag.py:2742} INFO - Sync 2 DAGs
[2024-07-06T14:10:42.101+0000] {logging_mixin.py:150} INFO - [2024-07-06T14:10:42.101+0000] {dag.py:3508} INFO - Setting next_dagrun for example_xcom_args to None, run_after=None
[2024-07-06T14:10:42.107+0000] {logging_mixin.py:150} INFO - [2024-07-06T14:10:42.106+0000] {dag.py:3508} INFO - Setting next_dagrun for example_xcom_args_with_operators to None, run_after=None
[2024-07-06T14:10:42.133+0000] {processor.py:179} INFO - Processing /home/airflow/.local/lib/python3.7/site-packages/airflow/example_dags/example_xcomargs.py took 0.092 seconds
[2024-07-06T14:11:13.063+0000] {processor.py:157} INFO - Started process (PID=108) to work on /home/airflow/.local/lib/python3.7/site-packages/airflow/example_dags/example_xcomargs.py
[2024-07-06T14:11:13.065+0000] {processor.py:826} INFO - Processing file /home/airflow/.local/lib/python3.7/site-packages/airflow/example_dags/example_xcomargs.py for tasks to queue
[2024-07-06T14:11:13.066+0000] {logging_mixin.py:150} INFO - [2024-07-06T14:11:13.066+0000] {dagbag.py:541} INFO - Filling up the DagBag from /home/airflow/.local/lib/python3.7/site-packages/airflow/example_dags/example_xcomargs.py
[2024-07-06T14:11:13.073+0000] {processor.py:836} INFO - DAG(s) dict_keys(['example_xcom_args_with_operators', 'example_xcom_args']) retrieved from /home/airflow/.local/lib/python3.7/site-packages/airflow/example_dags/example_xcomargs.py
[2024-07-06T14:11:13.099+0000] {logging_mixin.py:150} INFO - [2024-07-06T14:11:13.099+0000] {dag.py:2742} INFO - Sync 2 DAGs
[2024-07-06T14:11:13.121+0000] {logging_mixin.py:150} INFO - [2024-07-06T14:11:13.121+0000] {dag.py:3508} INFO - Setting next_dagrun for example_xcom_args to None, run_after=None
[2024-07-06T14:11:13.124+0000] {logging_mixin.py:150} INFO - [2024-07-06T14:11:13.124+0000] {dag.py:3508} INFO - Setting next_dagrun for example_xcom_args_with_operators to None, run_after=None
[2024-07-06T14:11:13.137+0000] {processor.py:179} INFO - Processing /home/airflow/.local/lib/python3.7/site-packages/airflow/example_dags/example_xcomargs.py took 0.077 seconds
[2024-07-06T14:11:44.016+0000] {processor.py:157} INFO - Started process (PID=171) to work on /home/airflow/.local/lib/python3.7/site-packages/airflow/example_dags/example_xcomargs.py
[2024-07-06T14:11:44.019+0000] {processor.py:826} INFO - Processing file /home/airflow/.local/lib/python3.7/site-packages/airflow/example_dags/example_xcomargs.py for tasks to queue
[2024-07-06T14:11:44.023+0000] {logging_mixin.py:150} INFO - [2024-07-06T14:11:44.022+0000] {dagbag.py:541} INFO - Filling up the DagBag from /home/airflow/.local/lib/python3.7/site-packages/airflow/example_dags/example_xcomargs.py
[2024-07-06T14:11:44.035+0000] {processor.py:836} INFO - DAG(s) dict_keys(['example_xcom_args_with_operators', 'example_xcom_args']) retrieved from /home/airflow/.local/lib/python3.7/site-packages/airflow/example_dags/example_xcomargs.py
[2024-07-06T14:11:44.066+0000] {logging_mixin.py:150} INFO - [2024-07-06T14:11:44.066+0000] {dag.py:2742} INFO - Sync 2 DAGs
[2024-07-06T14:11:44.085+0000] {logging_mixin.py:150} INFO - [2024-07-06T14:11:44.085+0000] {dag.py:3508} INFO - Setting next_dagrun for example_xcom_args to None, run_after=None
[2024-07-06T14:11:44.090+0000] {logging_mixin.py:150} INFO - [2024-07-06T14:11:44.090+0000] {dag.py:3508} INFO - Setting next_dagrun for example_xcom_args_with_operators to None, run_after=None
[2024-07-06T14:11:44.102+0000] {processor.py:179} INFO - Processing /home/airflow/.local/lib/python3.7/site-packages/airflow/example_dags/example_xcomargs.py took 0.089 seconds
[2024-07-06T14:12:14.472+0000] {processor.py:157} INFO - Started process (PID=234) to work on /home/airflow/.local/lib/python3.7/site-packages/airflow/example_dags/example_xcomargs.py
[2024-07-06T14:12:14.474+0000] {processor.py:826} INFO - Processing file /home/airflow/.local/lib/python3.7/site-packages/airflow/example_dags/example_xcomargs.py for tasks to queue
[2024-07-06T14:12:14.475+0000] {logging_mixin.py:150} INFO - [2024-07-06T14:12:14.475+0000] {dagbag.py:541} INFO - Filling up the DagBag from /home/airflow/.local/lib/python3.7/site-packages/airflow/example_dags/example_xcomargs.py
[2024-07-06T14:12:14.483+0000] {processor.py:836} INFO - DAG(s) dict_keys(['example_xcom_args_with_operators', 'example_xcom_args']) retrieved from /home/airflow/.local/lib/python3.7/site-packages/airflow/example_dags/example_xcomargs.py
[2024-07-06T14:12:14.512+0000] {logging_mixin.py:150} INFO - [2024-07-06T14:12:14.511+0000] {dag.py:2742} INFO - Sync 2 DAGs
[2024-07-06T14:12:14.536+0000] {logging_mixin.py:150} INFO - [2024-07-06T14:12:14.535+0000] {dag.py:3508} INFO - Setting next_dagrun for example_xcom_args to None, run_after=None
[2024-07-06T14:12:14.540+0000] {logging_mixin.py:150} INFO - [2024-07-06T14:12:14.540+0000] {dag.py:3508} INFO - Setting next_dagrun for example_xcom_args_with_operators to None, run_after=None
[2024-07-06T14:12:14.554+0000] {processor.py:179} INFO - Processing /home/airflow/.local/lib/python3.7/site-packages/airflow/example_dags/example_xcomargs.py took 0.085 seconds
[2024-07-06T14:12:44.731+0000] {processor.py:157} INFO - Started process (PID=297) to work on /home/airflow/.local/lib/python3.7/site-packages/airflow/example_dags/example_xcomargs.py
[2024-07-06T14:12:44.734+0000] {processor.py:826} INFO - Processing file /home/airflow/.local/lib/python3.7/site-packages/airflow/example_dags/example_xcomargs.py for tasks to queue
[2024-07-06T14:12:44.735+0000] {logging_mixin.py:150} INFO - [2024-07-06T14:12:44.735+0000] {dagbag.py:541} INFO - Filling up the DagBag from /home/airflow/.local/lib/python3.7/site-packages/airflow/example_dags/example_xcomargs.py
[2024-07-06T14:12:44.743+0000] {processor.py:836} INFO - DAG(s) dict_keys(['example_xcom_args_with_operators', 'example_xcom_args']) retrieved from /home/airflow/.local/lib/python3.7/site-packages/airflow/example_dags/example_xcomargs.py
[2024-07-06T14:12:44.773+0000] {logging_mixin.py:150} INFO - [2024-07-06T14:12:44.772+0000] {dag.py:2742} INFO - Sync 2 DAGs
[2024-07-06T14:12:44.790+0000] {logging_mixin.py:150} INFO - [2024-07-06T14:12:44.789+0000] {dag.py:3508} INFO - Setting next_dagrun for example_xcom_args to None, run_after=None
[2024-07-06T14:12:44.793+0000] {logging_mixin.py:150} INFO - [2024-07-06T14:12:44.793+0000] {dag.py:3508} INFO - Setting next_dagrun for example_xcom_args_with_operators to None, run_after=None
[2024-07-06T14:12:44.806+0000] {processor.py:179} INFO - Processing /home/airflow/.local/lib/python3.7/site-packages/airflow/example_dags/example_xcomargs.py took 0.078 seconds
[2024-07-06T14:13:14.845+0000] {processor.py:157} INFO - Started process (PID=355) to work on /home/airflow/.local/lib/python3.7/site-packages/airflow/example_dags/example_xcomargs.py
[2024-07-06T14:13:14.848+0000] {processor.py:826} INFO - Processing file /home/airflow/.local/lib/python3.7/site-packages/airflow/example_dags/example_xcomargs.py for tasks to queue
[2024-07-06T14:13:14.850+0000] {logging_mixin.py:150} INFO - [2024-07-06T14:13:14.849+0000] {dagbag.py:541} INFO - Filling up the DagBag from /home/airflow/.local/lib/python3.7/site-packages/airflow/example_dags/example_xcomargs.py
[2024-07-06T14:13:14.857+0000] {processor.py:836} INFO - DAG(s) dict_keys(['example_xcom_args', 'example_xcom_args_with_operators']) retrieved from /home/airflow/.local/lib/python3.7/site-packages/airflow/example_dags/example_xcomargs.py
[2024-07-06T14:13:14.878+0000] {logging_mixin.py:150} INFO - [2024-07-06T14:13:14.878+0000] {dag.py:2742} INFO - Sync 2 DAGs
[2024-07-06T14:13:14.894+0000] {logging_mixin.py:150} INFO - [2024-07-06T14:13:14.894+0000] {dag.py:3508} INFO - Setting next_dagrun for example_xcom_args to None, run_after=None
[2024-07-06T14:13:14.896+0000] {logging_mixin.py:150} INFO - [2024-07-06T14:13:14.896+0000] {dag.py:3508} INFO - Setting next_dagrun for example_xcom_args_with_operators to None, run_after=None
[2024-07-06T14:13:14.907+0000] {processor.py:179} INFO - Processing /home/airflow/.local/lib/python3.7/site-packages/airflow/example_dags/example_xcomargs.py took 0.065 seconds
[2024-07-06T14:13:45.211+0000] {processor.py:157} INFO - Started process (PID=419) to work on /home/airflow/.local/lib/python3.7/site-packages/airflow/example_dags/example_xcomargs.py
[2024-07-06T14:13:45.212+0000] {processor.py:826} INFO - Processing file /home/airflow/.local/lib/python3.7/site-packages/airflow/example_dags/example_xcomargs.py for tasks to queue
[2024-07-06T14:13:45.214+0000] {logging_mixin.py:150} INFO - [2024-07-06T14:13:45.213+0000] {dagbag.py:541} INFO - Filling up the DagBag from /home/airflow/.local/lib/python3.7/site-packages/airflow/example_dags/example_xcomargs.py
[2024-07-06T14:13:45.220+0000] {processor.py:836} INFO - DAG(s) dict_keys(['example_xcom_args_with_operators', 'example_xcom_args']) retrieved from /home/airflow/.local/lib/python3.7/site-packages/airflow/example_dags/example_xcomargs.py
[2024-07-06T14:13:45.240+0000] {logging_mixin.py:150} INFO - [2024-07-06T14:13:45.240+0000] {dag.py:2742} INFO - Sync 2 DAGs
[2024-07-06T14:13:45.256+0000] {logging_mixin.py:150} INFO - [2024-07-06T14:13:45.256+0000] {dag.py:3508} INFO - Setting next_dagrun for example_xcom_args to None, run_after=None
[2024-07-06T14:13:45.259+0000] {logging_mixin.py:150} INFO - [2024-07-06T14:13:45.259+0000] {dag.py:3508} INFO - Setting next_dagrun for example_xcom_args_with_operators to None, run_after=None
[2024-07-06T14:13:45.268+0000] {processor.py:179} INFO - Processing /home/airflow/.local/lib/python3.7/site-packages/airflow/example_dags/example_xcomargs.py took 0.060 seconds
[2024-07-06T14:14:15.596+0000] {processor.py:157} INFO - Started process (PID=482) to work on /home/airflow/.local/lib/python3.7/site-packages/airflow/example_dags/example_xcomargs.py
[2024-07-06T14:14:15.599+0000] {processor.py:826} INFO - Processing file /home/airflow/.local/lib/python3.7/site-packages/airflow/example_dags/example_xcomargs.py for tasks to queue
[2024-07-06T14:14:15.601+0000] {logging_mixin.py:150} INFO - [2024-07-06T14:14:15.601+0000] {dagbag.py:541} INFO - Filling up the DagBag from /home/airflow/.local/lib/python3.7/site-packages/airflow/example_dags/example_xcomargs.py
[2024-07-06T14:14:15.608+0000] {processor.py:836} INFO - DAG(s) dict_keys(['example_xcom_args_with_operators', 'example_xcom_args']) retrieved from /home/airflow/.local/lib/python3.7/site-packages/airflow/example_dags/example_xcomargs.py
[2024-07-06T14:14:15.632+0000] {logging_mixin.py:150} INFO - [2024-07-06T14:14:15.632+0000] {dag.py:2742} INFO - Sync 2 DAGs
[2024-07-06T14:14:15.652+0000] {logging_mixin.py:150} INFO - [2024-07-06T14:14:15.652+0000] {dag.py:3508} INFO - Setting next_dagrun for example_xcom_args to None, run_after=None
[2024-07-06T14:14:15.655+0000] {logging_mixin.py:150} INFO - [2024-07-06T14:14:15.655+0000] {dag.py:3508} INFO - Setting next_dagrun for example_xcom_args_with_operators to None, run_after=None
[2024-07-06T14:14:15.665+0000] {processor.py:179} INFO - Processing /home/airflow/.local/lib/python3.7/site-packages/airflow/example_dags/example_xcomargs.py took 0.073 seconds
[2024-07-06T14:14:45.981+0000] {processor.py:157} INFO - Started process (PID=546) to work on /home/airflow/.local/lib/python3.7/site-packages/airflow/example_dags/example_xcomargs.py
[2024-07-06T14:14:45.983+0000] {processor.py:826} INFO - Processing file /home/airflow/.local/lib/python3.7/site-packages/airflow/example_dags/example_xcomargs.py for tasks to queue
[2024-07-06T14:14:45.985+0000] {logging_mixin.py:150} INFO - [2024-07-06T14:14:45.985+0000] {dagbag.py:541} INFO - Filling up the DagBag from /home/airflow/.local/lib/python3.7/site-packages/airflow/example_dags/example_xcomargs.py
[2024-07-06T14:14:45.992+0000] {processor.py:836} INFO - DAG(s) dict_keys(['example_xcom_args', 'example_xcom_args_with_operators']) retrieved from /home/airflow/.local/lib/python3.7/site-packages/airflow/example_dags/example_xcomargs.py
[2024-07-06T14:14:46.017+0000] {logging_mixin.py:150} INFO - [2024-07-06T14:14:46.016+0000] {dag.py:2742} INFO - Sync 2 DAGs
[2024-07-06T14:14:46.036+0000] {logging_mixin.py:150} INFO - [2024-07-06T14:14:46.036+0000] {dag.py:3508} INFO - Setting next_dagrun for example_xcom_args to None, run_after=None
[2024-07-06T14:14:46.041+0000] {logging_mixin.py:150} INFO - [2024-07-06T14:14:46.041+0000] {dag.py:3508} INFO - Setting next_dagrun for example_xcom_args_with_operators to None, run_after=None
[2024-07-06T14:14:46.057+0000] {processor.py:179} INFO - Processing /home/airflow/.local/lib/python3.7/site-packages/airflow/example_dags/example_xcomargs.py took 0.079 seconds
[2024-07-06T14:15:16.832+0000] {processor.py:157} INFO - Started process (PID=609) to work on /home/airflow/.local/lib/python3.7/site-packages/airflow/example_dags/example_xcomargs.py
[2024-07-06T14:15:16.851+0000] {processor.py:826} INFO - Processing file /home/airflow/.local/lib/python3.7/site-packages/airflow/example_dags/example_xcomargs.py for tasks to queue
[2024-07-06T14:15:16.855+0000] {logging_mixin.py:150} INFO - [2024-07-06T14:15:16.854+0000] {dagbag.py:541} INFO - Filling up the DagBag from /home/airflow/.local/lib/python3.7/site-packages/airflow/example_dags/example_xcomargs.py
[2024-07-06T14:15:16.868+0000] {processor.py:836} INFO - DAG(s) dict_keys(['example_xcom_args', 'example_xcom_args_with_operators']) retrieved from /home/airflow/.local/lib/python3.7/site-packages/airflow/example_dags/example_xcomargs.py
[2024-07-06T14:15:16.898+0000] {logging_mixin.py:150} INFO - [2024-07-06T14:15:16.898+0000] {dag.py:2742} INFO - Sync 2 DAGs
[2024-07-06T14:15:16.953+0000] {logging_mixin.py:150} INFO - [2024-07-06T14:15:16.952+0000] {dag.py:3508} INFO - Setting next_dagrun for example_xcom_args to None, run_after=None
[2024-07-06T14:15:16.963+0000] {logging_mixin.py:150} INFO - [2024-07-06T14:15:16.962+0000] {dag.py:3508} INFO - Setting next_dagrun for example_xcom_args_with_operators to None, run_after=None
[2024-07-06T14:15:16.993+0000] {processor.py:179} INFO - Processing /home/airflow/.local/lib/python3.7/site-packages/airflow/example_dags/example_xcomargs.py took 0.169 seconds
[2024-07-06T14:15:47.776+0000] {processor.py:157} INFO - Started process (PID=671) to work on /home/airflow/.local/lib/python3.7/site-packages/airflow/example_dags/example_xcomargs.py
[2024-07-06T14:15:47.779+0000] {processor.py:826} INFO - Processing file /home/airflow/.local/lib/python3.7/site-packages/airflow/example_dags/example_xcomargs.py for tasks to queue
[2024-07-06T14:15:47.780+0000] {logging_mixin.py:150} INFO - [2024-07-06T14:15:47.780+0000] {dagbag.py:541} INFO - Filling up the DagBag from /home/airflow/.local/lib/python3.7/site-packages/airflow/example_dags/example_xcomargs.py
[2024-07-06T14:15:47.790+0000] {processor.py:836} INFO - DAG(s) dict_keys(['example_xcom_args_with_operators', 'example_xcom_args']) retrieved from /home/airflow/.local/lib/python3.7/site-packages/airflow/example_dags/example_xcomargs.py
[2024-07-06T14:15:47.819+0000] {logging_mixin.py:150} INFO - [2024-07-06T14:15:47.819+0000] {dag.py:2742} INFO - Sync 2 DAGs
[2024-07-06T14:15:47.842+0000] {logging_mixin.py:150} INFO - [2024-07-06T14:15:47.842+0000] {dag.py:3508} INFO - Setting next_dagrun for example_xcom_args to None, run_after=None
[2024-07-06T14:15:47.847+0000] {logging_mixin.py:150} INFO - [2024-07-06T14:15:47.847+0000] {dag.py:3508} INFO - Setting next_dagrun for example_xcom_args_with_operators to None, run_after=None
[2024-07-06T14:15:47.863+0000] {processor.py:179} INFO - Processing /home/airflow/.local/lib/python3.7/site-packages/airflow/example_dags/example_xcomargs.py took 0.091 seconds
[2024-07-06T14:16:18.251+0000] {processor.py:157} INFO - Started process (PID=734) to work on /home/airflow/.local/lib/python3.7/site-packages/airflow/example_dags/example_xcomargs.py
[2024-07-06T14:16:18.254+0000] {processor.py:826} INFO - Processing file /home/airflow/.local/lib/python3.7/site-packages/airflow/example_dags/example_xcomargs.py for tasks to queue
[2024-07-06T14:16:18.256+0000] {logging_mixin.py:150} INFO - [2024-07-06T14:16:18.256+0000] {dagbag.py:541} INFO - Filling up the DagBag from /home/airflow/.local/lib/python3.7/site-packages/airflow/example_dags/example_xcomargs.py
[2024-07-06T14:16:18.269+0000] {processor.py:836} INFO - DAG(s) dict_keys(['example_xcom_args_with_operators', 'example_xcom_args']) retrieved from /home/airflow/.local/lib/python3.7/site-packages/airflow/example_dags/example_xcomargs.py
[2024-07-06T14:16:18.309+0000] {logging_mixin.py:150} INFO - [2024-07-06T14:16:18.309+0000] {dag.py:2742} INFO - Sync 2 DAGs
[2024-07-06T14:16:18.336+0000] {logging_mixin.py:150} INFO - [2024-07-06T14:16:18.336+0000] {dag.py:3508} INFO - Setting next_dagrun for example_xcom_args to None, run_after=None
[2024-07-06T14:16:18.343+0000] {logging_mixin.py:150} INFO - [2024-07-06T14:16:18.343+0000] {dag.py:3508} INFO - Setting next_dagrun for example_xcom_args_with_operators to None, run_after=None
[2024-07-06T14:16:18.361+0000] {processor.py:179} INFO - Processing /home/airflow/.local/lib/python3.7/site-packages/airflow/example_dags/example_xcomargs.py took 0.115 seconds
[2024-07-06T14:16:48.839+0000] {processor.py:157} INFO - Started process (PID=797) to work on /home/airflow/.local/lib/python3.7/site-packages/airflow/example_dags/example_xcomargs.py
[2024-07-06T14:16:48.841+0000] {processor.py:826} INFO - Processing file /home/airflow/.local/lib/python3.7/site-packages/airflow/example_dags/example_xcomargs.py for tasks to queue
[2024-07-06T14:16:48.843+0000] {logging_mixin.py:150} INFO - [2024-07-06T14:16:48.843+0000] {dagbag.py:541} INFO - Filling up the DagBag from /home/airflow/.local/lib/python3.7/site-packages/airflow/example_dags/example_xcomargs.py
[2024-07-06T14:16:48.851+0000] {processor.py:836} INFO - DAG(s) dict_keys(['example_xcom_args', 'example_xcom_args_with_operators']) retrieved from /home/airflow/.local/lib/python3.7/site-packages/airflow/example_dags/example_xcomargs.py
[2024-07-06T14:16:48.875+0000] {logging_mixin.py:150} INFO - [2024-07-06T14:16:48.875+0000] {dag.py:2742} INFO - Sync 2 DAGs
[2024-07-06T14:16:48.899+0000] {logging_mixin.py:150} INFO - [2024-07-06T14:16:48.899+0000] {dag.py:3508} INFO - Setting next_dagrun for example_xcom_args to None, run_after=None
[2024-07-06T14:16:48.904+0000] {logging_mixin.py:150} INFO - [2024-07-06T14:16:48.904+0000] {dag.py:3508} INFO - Setting next_dagrun for example_xcom_args_with_operators to None, run_after=None
[2024-07-06T14:16:48.922+0000] {processor.py:179} INFO - Processing /home/airflow/.local/lib/python3.7/site-packages/airflow/example_dags/example_xcomargs.py took 0.086 seconds
[2024-07-06T14:17:18.954+0000] {processor.py:157} INFO - Started process (PID=859) to work on /home/airflow/.local/lib/python3.7/site-packages/airflow/example_dags/example_xcomargs.py
[2024-07-06T14:17:18.955+0000] {processor.py:826} INFO - Processing file /home/airflow/.local/lib/python3.7/site-packages/airflow/example_dags/example_xcomargs.py for tasks to queue
[2024-07-06T14:17:18.957+0000] {logging_mixin.py:150} INFO - [2024-07-06T14:17:18.957+0000] {dagbag.py:541} INFO - Filling up the DagBag from /home/airflow/.local/lib/python3.7/site-packages/airflow/example_dags/example_xcomargs.py
[2024-07-06T14:17:18.966+0000] {processor.py:836} INFO - DAG(s) dict_keys(['example_xcom_args_with_operators', 'example_xcom_args']) retrieved from /home/airflow/.local/lib/python3.7/site-packages/airflow/example_dags/example_xcomargs.py
[2024-07-06T14:17:18.991+0000] {logging_mixin.py:150} INFO - [2024-07-06T14:17:18.991+0000] {dag.py:2742} INFO - Sync 2 DAGs
[2024-07-06T14:17:19.008+0000] {logging_mixin.py:150} INFO - [2024-07-06T14:17:19.008+0000] {dag.py:3508} INFO - Setting next_dagrun for example_xcom_args to None, run_after=None
[2024-07-06T14:17:19.012+0000] {logging_mixin.py:150} INFO - [2024-07-06T14:17:19.012+0000] {dag.py:3508} INFO - Setting next_dagrun for example_xcom_args_with_operators to None, run_after=None
[2024-07-06T14:17:19.022+0000] {processor.py:179} INFO - Processing /home/airflow/.local/lib/python3.7/site-packages/airflow/example_dags/example_xcomargs.py took 0.071 seconds
[2024-07-06T14:17:49.286+0000] {processor.py:157} INFO - Started process (PID=921) to work on /home/airflow/.local/lib/python3.7/site-packages/airflow/example_dags/example_xcomargs.py
[2024-07-06T14:17:49.289+0000] {processor.py:826} INFO - Processing file /home/airflow/.local/lib/python3.7/site-packages/airflow/example_dags/example_xcomargs.py for tasks to queue
[2024-07-06T14:17:49.291+0000] {logging_mixin.py:150} INFO - [2024-07-06T14:17:49.290+0000] {dagbag.py:541} INFO - Filling up the DagBag from /home/airflow/.local/lib/python3.7/site-packages/airflow/example_dags/example_xcomargs.py
[2024-07-06T14:17:49.299+0000] {processor.py:836} INFO - DAG(s) dict_keys(['example_xcom_args_with_operators', 'example_xcom_args']) retrieved from /home/airflow/.local/lib/python3.7/site-packages/airflow/example_dags/example_xcomargs.py
[2024-07-06T14:17:49.322+0000] {logging_mixin.py:150} INFO - [2024-07-06T14:17:49.322+0000] {dag.py:2742} INFO - Sync 2 DAGs
[2024-07-06T14:17:49.340+0000] {logging_mixin.py:150} INFO - [2024-07-06T14:17:49.340+0000] {dag.py:3508} INFO - Setting next_dagrun for example_xcom_args to None, run_after=None
[2024-07-06T14:17:49.343+0000] {logging_mixin.py:150} INFO - [2024-07-06T14:17:49.343+0000] {dag.py:3508} INFO - Setting next_dagrun for example_xcom_args_with_operators to None, run_after=None
[2024-07-06T14:17:49.356+0000] {processor.py:179} INFO - Processing /home/airflow/.local/lib/python3.7/site-packages/airflow/example_dags/example_xcomargs.py took 0.075 seconds
[2024-07-06T14:18:19.621+0000] {processor.py:157} INFO - Started process (PID=984) to work on /home/airflow/.local/lib/python3.7/site-packages/airflow/example_dags/example_xcomargs.py
[2024-07-06T14:18:19.623+0000] {processor.py:826} INFO - Processing file /home/airflow/.local/lib/python3.7/site-packages/airflow/example_dags/example_xcomargs.py for tasks to queue
[2024-07-06T14:18:19.625+0000] {logging_mixin.py:150} INFO - [2024-07-06T14:18:19.625+0000] {dagbag.py:541} INFO - Filling up the DagBag from /home/airflow/.local/lib/python3.7/site-packages/airflow/example_dags/example_xcomargs.py
[2024-07-06T14:18:19.634+0000] {processor.py:836} INFO - DAG(s) dict_keys(['example_xcom_args_with_operators', 'example_xcom_args']) retrieved from /home/airflow/.local/lib/python3.7/site-packages/airflow/example_dags/example_xcomargs.py
[2024-07-06T14:18:19.659+0000] {logging_mixin.py:150} INFO - [2024-07-06T14:18:19.658+0000] {dag.py:2742} INFO - Sync 2 DAGs
[2024-07-06T14:18:19.675+0000] {logging_mixin.py:150} INFO - [2024-07-06T14:18:19.674+0000] {dag.py:3508} INFO - Setting next_dagrun for example_xcom_args to None, run_after=None
[2024-07-06T14:18:19.677+0000] {logging_mixin.py:150} INFO - [2024-07-06T14:18:19.677+0000] {dag.py:3508} INFO - Setting next_dagrun for example_xcom_args_with_operators to None, run_after=None
[2024-07-06T14:18:19.691+0000] {processor.py:179} INFO - Processing /home/airflow/.local/lib/python3.7/site-packages/airflow/example_dags/example_xcomargs.py took 0.075 seconds
[2024-07-06T14:18:49.930+0000] {processor.py:157} INFO - Started process (PID=1047) to work on /home/airflow/.local/lib/python3.7/site-packages/airflow/example_dags/example_xcomargs.py
[2024-07-06T14:18:49.932+0000] {processor.py:826} INFO - Processing file /home/airflow/.local/lib/python3.7/site-packages/airflow/example_dags/example_xcomargs.py for tasks to queue
[2024-07-06T14:18:49.934+0000] {logging_mixin.py:150} INFO - [2024-07-06T14:18:49.934+0000] {dagbag.py:541} INFO - Filling up the DagBag from /home/airflow/.local/lib/python3.7/site-packages/airflow/example_dags/example_xcomargs.py
[2024-07-06T14:18:49.948+0000] {processor.py:836} INFO - DAG(s) dict_keys(['example_xcom_args', 'example_xcom_args_with_operators']) retrieved from /home/airflow/.local/lib/python3.7/site-packages/airflow/example_dags/example_xcomargs.py
[2024-07-06T14:18:49.977+0000] {logging_mixin.py:150} INFO - [2024-07-06T14:18:49.977+0000] {dag.py:2742} INFO - Sync 2 DAGs
[2024-07-06T14:18:49.995+0000] {logging_mixin.py:150} INFO - [2024-07-06T14:18:49.995+0000] {dag.py:3508} INFO - Setting next_dagrun for example_xcom_args to None, run_after=None
[2024-07-06T14:18:49.998+0000] {logging_mixin.py:150} INFO - [2024-07-06T14:18:49.998+0000] {dag.py:3508} INFO - Setting next_dagrun for example_xcom_args_with_operators to None, run_after=None
[2024-07-06T14:18:50.011+0000] {processor.py:179} INFO - Processing /home/airflow/.local/lib/python3.7/site-packages/airflow/example_dags/example_xcomargs.py took 0.086 seconds
[2024-07-06T14:19:20.454+0000] {processor.py:157} INFO - Started process (PID=1111) to work on /home/airflow/.local/lib/python3.7/site-packages/airflow/example_dags/example_xcomargs.py
[2024-07-06T14:19:20.456+0000] {processor.py:826} INFO - Processing file /home/airflow/.local/lib/python3.7/site-packages/airflow/example_dags/example_xcomargs.py for tasks to queue
[2024-07-06T14:19:20.458+0000] {logging_mixin.py:150} INFO - [2024-07-06T14:19:20.457+0000] {dagbag.py:541} INFO - Filling up the DagBag from /home/airflow/.local/lib/python3.7/site-packages/airflow/example_dags/example_xcomargs.py
[2024-07-06T14:19:20.465+0000] {processor.py:836} INFO - DAG(s) dict_keys(['example_xcom_args', 'example_xcom_args_with_operators']) retrieved from /home/airflow/.local/lib/python3.7/site-packages/airflow/example_dags/example_xcomargs.py
[2024-07-06T14:19:20.490+0000] {logging_mixin.py:150} INFO - [2024-07-06T14:19:20.490+0000] {dag.py:2742} INFO - Sync 2 DAGs
[2024-07-06T14:19:20.510+0000] {logging_mixin.py:150} INFO - [2024-07-06T14:19:20.510+0000] {dag.py:3508} INFO - Setting next_dagrun for example_xcom_args to None, run_after=None
[2024-07-06T14:19:20.513+0000] {logging_mixin.py:150} INFO - [2024-07-06T14:19:20.513+0000] {dag.py:3508} INFO - Setting next_dagrun for example_xcom_args_with_operators to None, run_after=None
[2024-07-06T14:19:20.526+0000] {processor.py:179} INFO - Processing /home/airflow/.local/lib/python3.7/site-packages/airflow/example_dags/example_xcomargs.py took 0.074 seconds
[2024-07-06T14:19:50.709+0000] {processor.py:157} INFO - Started process (PID=1174) to work on /home/airflow/.local/lib/python3.7/site-packages/airflow/example_dags/example_xcomargs.py
[2024-07-06T14:19:50.711+0000] {processor.py:826} INFO - Processing file /home/airflow/.local/lib/python3.7/site-packages/airflow/example_dags/example_xcomargs.py for tasks to queue
[2024-07-06T14:19:50.713+0000] {logging_mixin.py:150} INFO - [2024-07-06T14:19:50.712+0000] {dagbag.py:541} INFO - Filling up the DagBag from /home/airflow/.local/lib/python3.7/site-packages/airflow/example_dags/example_xcomargs.py
[2024-07-06T14:19:50.720+0000] {processor.py:836} INFO - DAG(s) dict_keys(['example_xcom_args_with_operators', 'example_xcom_args']) retrieved from /home/airflow/.local/lib/python3.7/site-packages/airflow/example_dags/example_xcomargs.py
[2024-07-06T14:19:50.745+0000] {logging_mixin.py:150} INFO - [2024-07-06T14:19:50.744+0000] {dag.py:2742} INFO - Sync 2 DAGs
[2024-07-06T14:19:50.764+0000] {logging_mixin.py:150} INFO - [2024-07-06T14:19:50.764+0000] {dag.py:3508} INFO - Setting next_dagrun for example_xcom_args to None, run_after=None
[2024-07-06T14:19:50.768+0000] {logging_mixin.py:150} INFO - [2024-07-06T14:19:50.768+0000] {dag.py:3508} INFO - Setting next_dagrun for example_xcom_args_with_operators to None, run_after=None
[2024-07-06T14:19:50.780+0000] {processor.py:179} INFO - Processing /home/airflow/.local/lib/python3.7/site-packages/airflow/example_dags/example_xcomargs.py took 0.076 seconds
[2024-07-06T14:20:21.224+0000] {processor.py:157} INFO - Started process (PID=1236) to work on /home/airflow/.local/lib/python3.7/site-packages/airflow/example_dags/example_xcomargs.py
[2024-07-06T14:20:21.227+0000] {processor.py:826} INFO - Processing file /home/airflow/.local/lib/python3.7/site-packages/airflow/example_dags/example_xcomargs.py for tasks to queue
[2024-07-06T14:20:21.228+0000] {logging_mixin.py:150} INFO - [2024-07-06T14:20:21.228+0000] {dagbag.py:541} INFO - Filling up the DagBag from /home/airflow/.local/lib/python3.7/site-packages/airflow/example_dags/example_xcomargs.py
[2024-07-06T14:20:21.236+0000] {processor.py:836} INFO - DAG(s) dict_keys(['example_xcom_args', 'example_xcom_args_with_operators']) retrieved from /home/airflow/.local/lib/python3.7/site-packages/airflow/example_dags/example_xcomargs.py
[2024-07-06T14:20:21.260+0000] {logging_mixin.py:150} INFO - [2024-07-06T14:20:21.260+0000] {dag.py:2742} INFO - Sync 2 DAGs
[2024-07-06T14:20:21.277+0000] {logging_mixin.py:150} INFO - [2024-07-06T14:20:21.277+0000] {dag.py:3508} INFO - Setting next_dagrun for example_xcom_args to None, run_after=None
[2024-07-06T14:20:21.281+0000] {logging_mixin.py:150} INFO - [2024-07-06T14:20:21.281+0000] {dag.py:3508} INFO - Setting next_dagrun for example_xcom_args_with_operators to None, run_after=None
[2024-07-06T14:20:21.294+0000] {processor.py:179} INFO - Processing /home/airflow/.local/lib/python3.7/site-packages/airflow/example_dags/example_xcomargs.py took 0.073 seconds
[2024-07-06T14:20:51.773+0000] {processor.py:157} INFO - Started process (PID=1299) to work on /home/airflow/.local/lib/python3.7/site-packages/airflow/example_dags/example_xcomargs.py
[2024-07-06T14:20:51.775+0000] {processor.py:826} INFO - Processing file /home/airflow/.local/lib/python3.7/site-packages/airflow/example_dags/example_xcomargs.py for tasks to queue
[2024-07-06T14:20:51.777+0000] {logging_mixin.py:150} INFO - [2024-07-06T14:20:51.776+0000] {dagbag.py:541} INFO - Filling up the DagBag from /home/airflow/.local/lib/python3.7/site-packages/airflow/example_dags/example_xcomargs.py
[2024-07-06T14:20:51.784+0000] {processor.py:836} INFO - DAG(s) dict_keys(['example_xcom_args', 'example_xcom_args_with_operators']) retrieved from /home/airflow/.local/lib/python3.7/site-packages/airflow/example_dags/example_xcomargs.py
[2024-07-06T14:20:51.810+0000] {logging_mixin.py:150} INFO - [2024-07-06T14:20:51.810+0000] {dag.py:2742} INFO - Sync 2 DAGs
[2024-07-06T14:20:51.829+0000] {logging_mixin.py:150} INFO - [2024-07-06T14:20:51.828+0000] {dag.py:3508} INFO - Setting next_dagrun for example_xcom_args to None, run_after=None
[2024-07-06T14:20:51.832+0000] {logging_mixin.py:150} INFO - [2024-07-06T14:20:51.832+0000] {dag.py:3508} INFO - Setting next_dagrun for example_xcom_args_with_operators to None, run_after=None
[2024-07-06T14:20:51.845+0000] {processor.py:179} INFO - Processing /home/airflow/.local/lib/python3.7/site-packages/airflow/example_dags/example_xcomargs.py took 0.075 seconds
[2024-07-06T14:21:22.254+0000] {processor.py:157} INFO - Started process (PID=1362) to work on /home/airflow/.local/lib/python3.7/site-packages/airflow/example_dags/example_xcomargs.py
[2024-07-06T14:21:22.257+0000] {processor.py:826} INFO - Processing file /home/airflow/.local/lib/python3.7/site-packages/airflow/example_dags/example_xcomargs.py for tasks to queue
[2024-07-06T14:21:22.259+0000] {logging_mixin.py:150} INFO - [2024-07-06T14:21:22.259+0000] {dagbag.py:541} INFO - Filling up the DagBag from /home/airflow/.local/lib/python3.7/site-packages/airflow/example_dags/example_xcomargs.py
[2024-07-06T14:21:22.268+0000] {processor.py:836} INFO - DAG(s) dict_keys(['example_xcom_args', 'example_xcom_args_with_operators']) retrieved from /home/airflow/.local/lib/python3.7/site-packages/airflow/example_dags/example_xcomargs.py
[2024-07-06T14:21:22.298+0000] {logging_mixin.py:150} INFO - [2024-07-06T14:21:22.298+0000] {dag.py:2742} INFO - Sync 2 DAGs
[2024-07-06T14:21:22.320+0000] {logging_mixin.py:150} INFO - [2024-07-06T14:21:22.319+0000] {dag.py:3508} INFO - Setting next_dagrun for example_xcom_args to None, run_after=None
[2024-07-06T14:21:22.326+0000] {logging_mixin.py:150} INFO - [2024-07-06T14:21:22.326+0000] {dag.py:3508} INFO - Setting next_dagrun for example_xcom_args_with_operators to None, run_after=None
[2024-07-06T14:21:22.339+0000] {processor.py:179} INFO - Processing /home/airflow/.local/lib/python3.7/site-packages/airflow/example_dags/example_xcomargs.py took 0.087 seconds
[2024-07-06T14:21:52.713+0000] {processor.py:157} INFO - Started process (PID=1425) to work on /home/airflow/.local/lib/python3.7/site-packages/airflow/example_dags/example_xcomargs.py
[2024-07-06T14:21:52.716+0000] {processor.py:826} INFO - Processing file /home/airflow/.local/lib/python3.7/site-packages/airflow/example_dags/example_xcomargs.py for tasks to queue
[2024-07-06T14:21:52.722+0000] {logging_mixin.py:150} INFO - [2024-07-06T14:21:52.722+0000] {dagbag.py:541} INFO - Filling up the DagBag from /home/airflow/.local/lib/python3.7/site-packages/airflow/example_dags/example_xcomargs.py
[2024-07-06T14:21:52.733+0000] {processor.py:836} INFO - DAG(s) dict_keys(['example_xcom_args', 'example_xcom_args_with_operators']) retrieved from /home/airflow/.local/lib/python3.7/site-packages/airflow/example_dags/example_xcomargs.py
[2024-07-06T14:21:52.773+0000] {logging_mixin.py:150} INFO - [2024-07-06T14:21:52.773+0000] {dag.py:2742} INFO - Sync 2 DAGs
[2024-07-06T14:21:52.800+0000] {logging_mixin.py:150} INFO - [2024-07-06T14:21:52.800+0000] {dag.py:3508} INFO - Setting next_dagrun for example_xcom_args to None, run_after=None
[2024-07-06T14:21:52.805+0000] {logging_mixin.py:150} INFO - [2024-07-06T14:21:52.805+0000] {dag.py:3508} INFO - Setting next_dagrun for example_xcom_args_with_operators to None, run_after=None
[2024-07-06T14:21:52.820+0000] {processor.py:179} INFO - Processing /home/airflow/.local/lib/python3.7/site-packages/airflow/example_dags/example_xcomargs.py took 0.111 seconds
[2024-07-06T14:22:22.919+0000] {processor.py:157} INFO - Started process (PID=1487) to work on /home/airflow/.local/lib/python3.7/site-packages/airflow/example_dags/example_xcomargs.py
[2024-07-06T14:22:22.921+0000] {processor.py:826} INFO - Processing file /home/airflow/.local/lib/python3.7/site-packages/airflow/example_dags/example_xcomargs.py for tasks to queue
[2024-07-06T14:22:22.922+0000] {logging_mixin.py:150} INFO - [2024-07-06T14:22:22.922+0000] {dagbag.py:541} INFO - Filling up the DagBag from /home/airflow/.local/lib/python3.7/site-packages/airflow/example_dags/example_xcomargs.py
[2024-07-06T14:22:22.932+0000] {processor.py:836} INFO - DAG(s) dict_keys(['example_xcom_args', 'example_xcom_args_with_operators']) retrieved from /home/airflow/.local/lib/python3.7/site-packages/airflow/example_dags/example_xcomargs.py
[2024-07-06T14:22:22.964+0000] {logging_mixin.py:150} INFO - [2024-07-06T14:22:22.964+0000] {dag.py:2742} INFO - Sync 2 DAGs
[2024-07-06T14:22:22.986+0000] {logging_mixin.py:150} INFO - [2024-07-06T14:22:22.986+0000] {dag.py:3508} INFO - Setting next_dagrun for example_xcom_args to None, run_after=None
[2024-07-06T14:22:22.989+0000] {logging_mixin.py:150} INFO - [2024-07-06T14:22:22.989+0000] {dag.py:3508} INFO - Setting next_dagrun for example_xcom_args_with_operators to None, run_after=None
[2024-07-06T14:22:23.002+0000] {processor.py:179} INFO - Processing /home/airflow/.local/lib/python3.7/site-packages/airflow/example_dags/example_xcomargs.py took 0.087 seconds
[2024-07-06T14:22:53.249+0000] {processor.py:157} INFO - Started process (PID=1550) to work on /home/airflow/.local/lib/python3.7/site-packages/airflow/example_dags/example_xcomargs.py
[2024-07-06T14:22:53.252+0000] {processor.py:826} INFO - Processing file /home/airflow/.local/lib/python3.7/site-packages/airflow/example_dags/example_xcomargs.py for tasks to queue
[2024-07-06T14:22:53.254+0000] {logging_mixin.py:150} INFO - [2024-07-06T14:22:53.254+0000] {dagbag.py:541} INFO - Filling up the DagBag from /home/airflow/.local/lib/python3.7/site-packages/airflow/example_dags/example_xcomargs.py
[2024-07-06T14:22:53.264+0000] {processor.py:836} INFO - DAG(s) dict_keys(['example_xcom_args_with_operators', 'example_xcom_args']) retrieved from /home/airflow/.local/lib/python3.7/site-packages/airflow/example_dags/example_xcomargs.py
[2024-07-06T14:22:53.288+0000] {logging_mixin.py:150} INFO - [2024-07-06T14:22:53.288+0000] {dag.py:2742} INFO - Sync 2 DAGs
[2024-07-06T14:22:53.306+0000] {logging_mixin.py:150} INFO - [2024-07-06T14:22:53.305+0000] {dag.py:3508} INFO - Setting next_dagrun for example_xcom_args to None, run_after=None
[2024-07-06T14:22:53.309+0000] {logging_mixin.py:150} INFO - [2024-07-06T14:22:53.308+0000] {dag.py:3508} INFO - Setting next_dagrun for example_xcom_args_with_operators to None, run_after=None
[2024-07-06T14:22:53.325+0000] {processor.py:179} INFO - Processing /home/airflow/.local/lib/python3.7/site-packages/airflow/example_dags/example_xcomargs.py took 0.080 seconds
[2024-07-06T14:23:23.616+0000] {processor.py:157} INFO - Started process (PID=1613) to work on /home/airflow/.local/lib/python3.7/site-packages/airflow/example_dags/example_xcomargs.py
[2024-07-06T14:23:23.618+0000] {processor.py:826} INFO - Processing file /home/airflow/.local/lib/python3.7/site-packages/airflow/example_dags/example_xcomargs.py for tasks to queue
[2024-07-06T14:23:23.621+0000] {logging_mixin.py:150} INFO - [2024-07-06T14:23:23.621+0000] {dagbag.py:541} INFO - Filling up the DagBag from /home/airflow/.local/lib/python3.7/site-packages/airflow/example_dags/example_xcomargs.py
[2024-07-06T14:23:23.629+0000] {processor.py:836} INFO - DAG(s) dict_keys(['example_xcom_args', 'example_xcom_args_with_operators']) retrieved from /home/airflow/.local/lib/python3.7/site-packages/airflow/example_dags/example_xcomargs.py
[2024-07-06T14:23:23.653+0000] {logging_mixin.py:150} INFO - [2024-07-06T14:23:23.653+0000] {dag.py:2742} INFO - Sync 2 DAGs
[2024-07-06T14:23:23.669+0000] {logging_mixin.py:150} INFO - [2024-07-06T14:23:23.668+0000] {dag.py:3508} INFO - Setting next_dagrun for example_xcom_args to None, run_after=None
[2024-07-06T14:23:23.671+0000] {logging_mixin.py:150} INFO - [2024-07-06T14:23:23.671+0000] {dag.py:3508} INFO - Setting next_dagrun for example_xcom_args_with_operators to None, run_after=None
[2024-07-06T14:23:23.686+0000] {processor.py:179} INFO - Processing /home/airflow/.local/lib/python3.7/site-packages/airflow/example_dags/example_xcomargs.py took 0.075 seconds
[2024-07-06T14:23:54.343+0000] {processor.py:157} INFO - Started process (PID=1677) to work on /home/airflow/.local/lib/python3.7/site-packages/airflow/example_dags/example_xcomargs.py
[2024-07-06T14:23:54.345+0000] {processor.py:826} INFO - Processing file /home/airflow/.local/lib/python3.7/site-packages/airflow/example_dags/example_xcomargs.py for tasks to queue
[2024-07-06T14:23:54.347+0000] {logging_mixin.py:150} INFO - [2024-07-06T14:23:54.347+0000] {dagbag.py:541} INFO - Filling up the DagBag from /home/airflow/.local/lib/python3.7/site-packages/airflow/example_dags/example_xcomargs.py
[2024-07-06T14:23:54.355+0000] {processor.py:836} INFO - DAG(s) dict_keys(['example_xcom_args_with_operators', 'example_xcom_args']) retrieved from /home/airflow/.local/lib/python3.7/site-packages/airflow/example_dags/example_xcomargs.py
[2024-07-06T14:23:54.380+0000] {logging_mixin.py:150} INFO - [2024-07-06T14:23:54.380+0000] {dag.py:2742} INFO - Sync 2 DAGs
[2024-07-06T14:23:54.399+0000] {logging_mixin.py:150} INFO - [2024-07-06T14:23:54.399+0000] {dag.py:3508} INFO - Setting next_dagrun for example_xcom_args to None, run_after=None
[2024-07-06T14:23:54.404+0000] {logging_mixin.py:150} INFO - [2024-07-06T14:23:54.404+0000] {dag.py:3508} INFO - Setting next_dagrun for example_xcom_args_with_operators to None, run_after=None
[2024-07-06T14:23:54.417+0000] {processor.py:179} INFO - Processing /home/airflow/.local/lib/python3.7/site-packages/airflow/example_dags/example_xcomargs.py took 0.076 seconds
[2024-07-06T14:24:24.813+0000] {processor.py:157} INFO - Started process (PID=1740) to work on /home/airflow/.local/lib/python3.7/site-packages/airflow/example_dags/example_xcomargs.py
[2024-07-06T14:24:24.817+0000] {processor.py:826} INFO - Processing file /home/airflow/.local/lib/python3.7/site-packages/airflow/example_dags/example_xcomargs.py for tasks to queue
[2024-07-06T14:24:24.819+0000] {logging_mixin.py:150} INFO - [2024-07-06T14:24:24.819+0000] {dagbag.py:541} INFO - Filling up the DagBag from /home/airflow/.local/lib/python3.7/site-packages/airflow/example_dags/example_xcomargs.py
[2024-07-06T14:24:24.830+0000] {processor.py:836} INFO - DAG(s) dict_keys(['example_xcom_args_with_operators', 'example_xcom_args']) retrieved from /home/airflow/.local/lib/python3.7/site-packages/airflow/example_dags/example_xcomargs.py
[2024-07-06T14:24:24.861+0000] {logging_mixin.py:150} INFO - [2024-07-06T14:24:24.861+0000] {dag.py:2742} INFO - Sync 2 DAGs
[2024-07-06T14:24:24.881+0000] {logging_mixin.py:150} INFO - [2024-07-06T14:24:24.881+0000] {dag.py:3508} INFO - Setting next_dagrun for example_xcom_args to None, run_after=None
[2024-07-06T14:24:24.885+0000] {logging_mixin.py:150} INFO - [2024-07-06T14:24:24.885+0000] {dag.py:3508} INFO - Setting next_dagrun for example_xcom_args_with_operators to None, run_after=None
[2024-07-06T14:24:24.898+0000] {processor.py:179} INFO - Processing /home/airflow/.local/lib/python3.7/site-packages/airflow/example_dags/example_xcomargs.py took 0.089 seconds
[2024-07-06T14:24:55.799+0000] {processor.py:157} INFO - Started process (PID=1803) to work on /home/airflow/.local/lib/python3.7/site-packages/airflow/example_dags/example_xcomargs.py
[2024-07-06T14:24:55.801+0000] {processor.py:826} INFO - Processing file /home/airflow/.local/lib/python3.7/site-packages/airflow/example_dags/example_xcomargs.py for tasks to queue
[2024-07-06T14:24:55.802+0000] {logging_mixin.py:150} INFO - [2024-07-06T14:24:55.802+0000] {dagbag.py:541} INFO - Filling up the DagBag from /home/airflow/.local/lib/python3.7/site-packages/airflow/example_dags/example_xcomargs.py
[2024-07-06T14:24:55.810+0000] {processor.py:836} INFO - DAG(s) dict_keys(['example_xcom_args', 'example_xcom_args_with_operators']) retrieved from /home/airflow/.local/lib/python3.7/site-packages/airflow/example_dags/example_xcomargs.py
[2024-07-06T14:24:55.838+0000] {logging_mixin.py:150} INFO - [2024-07-06T14:24:55.838+0000] {dag.py:2742} INFO - Sync 2 DAGs
[2024-07-06T14:24:55.859+0000] {logging_mixin.py:150} INFO - [2024-07-06T14:24:55.859+0000] {dag.py:3508} INFO - Setting next_dagrun for example_xcom_args to None, run_after=None
[2024-07-06T14:24:55.863+0000] {logging_mixin.py:150} INFO - [2024-07-06T14:24:55.862+0000] {dag.py:3508} INFO - Setting next_dagrun for example_xcom_args_with_operators to None, run_after=None
[2024-07-06T14:24:55.875+0000] {processor.py:179} INFO - Processing /home/airflow/.local/lib/python3.7/site-packages/airflow/example_dags/example_xcomargs.py took 0.080 seconds
[2024-07-06T14:25:26.921+0000] {processor.py:157} INFO - Started process (PID=1867) to work on /home/airflow/.local/lib/python3.7/site-packages/airflow/example_dags/example_xcomargs.py
[2024-07-06T14:25:26.923+0000] {processor.py:826} INFO - Processing file /home/airflow/.local/lib/python3.7/site-packages/airflow/example_dags/example_xcomargs.py for tasks to queue
[2024-07-06T14:25:26.926+0000] {logging_mixin.py:150} INFO - [2024-07-06T14:25:26.926+0000] {dagbag.py:541} INFO - Filling up the DagBag from /home/airflow/.local/lib/python3.7/site-packages/airflow/example_dags/example_xcomargs.py
[2024-07-06T14:25:26.933+0000] {processor.py:836} INFO - DAG(s) dict_keys(['example_xcom_args', 'example_xcom_args_with_operators']) retrieved from /home/airflow/.local/lib/python3.7/site-packages/airflow/example_dags/example_xcomargs.py
[2024-07-06T14:25:26.961+0000] {logging_mixin.py:150} INFO - [2024-07-06T14:25:26.961+0000] {dag.py:2742} INFO - Sync 2 DAGs
[2024-07-06T14:25:26.984+0000] {logging_mixin.py:150} INFO - [2024-07-06T14:25:26.983+0000] {dag.py:3508} INFO - Setting next_dagrun for example_xcom_args to None, run_after=None
[2024-07-06T14:25:26.987+0000] {logging_mixin.py:150} INFO - [2024-07-06T14:25:26.987+0000] {dag.py:3508} INFO - Setting next_dagrun for example_xcom_args_with_operators to None, run_after=None
[2024-07-06T14:25:27.003+0000] {processor.py:179} INFO - Processing /home/airflow/.local/lib/python3.7/site-packages/airflow/example_dags/example_xcomargs.py took 0.085 seconds
[2024-07-06T14:25:57.827+0000] {processor.py:157} INFO - Started process (PID=1929) to work on /home/airflow/.local/lib/python3.7/site-packages/airflow/example_dags/example_xcomargs.py
[2024-07-06T14:25:57.829+0000] {processor.py:826} INFO - Processing file /home/airflow/.local/lib/python3.7/site-packages/airflow/example_dags/example_xcomargs.py for tasks to queue
[2024-07-06T14:25:57.831+0000] {logging_mixin.py:150} INFO - [2024-07-06T14:25:57.830+0000] {dagbag.py:541} INFO - Filling up the DagBag from /home/airflow/.local/lib/python3.7/site-packages/airflow/example_dags/example_xcomargs.py
[2024-07-06T14:25:57.837+0000] {processor.py:836} INFO - DAG(s) dict_keys(['example_xcom_args_with_operators', 'example_xcom_args']) retrieved from /home/airflow/.local/lib/python3.7/site-packages/airflow/example_dags/example_xcomargs.py
[2024-07-06T14:25:57.865+0000] {logging_mixin.py:150} INFO - [2024-07-06T14:25:57.865+0000] {dag.py:2742} INFO - Sync 2 DAGs
[2024-07-06T14:25:57.884+0000] {logging_mixin.py:150} INFO - [2024-07-06T14:25:57.884+0000] {dag.py:3508} INFO - Setting next_dagrun for example_xcom_args to None, run_after=None
[2024-07-06T14:25:57.888+0000] {logging_mixin.py:150} INFO - [2024-07-06T14:25:57.888+0000] {dag.py:3508} INFO - Setting next_dagrun for example_xcom_args_with_operators to None, run_after=None
[2024-07-06T14:25:57.899+0000] {processor.py:179} INFO - Processing /home/airflow/.local/lib/python3.7/site-packages/airflow/example_dags/example_xcomargs.py took 0.075 seconds
[2024-07-06T14:26:28.612+0000] {processor.py:157} INFO - Started process (PID=1993) to work on /home/airflow/.local/lib/python3.7/site-packages/airflow/example_dags/example_xcomargs.py
[2024-07-06T14:26:28.615+0000] {processor.py:826} INFO - Processing file /home/airflow/.local/lib/python3.7/site-packages/airflow/example_dags/example_xcomargs.py for tasks to queue
[2024-07-06T14:26:28.617+0000] {logging_mixin.py:150} INFO - [2024-07-06T14:26:28.617+0000] {dagbag.py:541} INFO - Filling up the DagBag from /home/airflow/.local/lib/python3.7/site-packages/airflow/example_dags/example_xcomargs.py
[2024-07-06T14:26:28.627+0000] {processor.py:836} INFO - DAG(s) dict_keys(['example_xcom_args', 'example_xcom_args_with_operators']) retrieved from /home/airflow/.local/lib/python3.7/site-packages/airflow/example_dags/example_xcomargs.py
[2024-07-06T14:26:28.656+0000] {logging_mixin.py:150} INFO - [2024-07-06T14:26:28.656+0000] {dag.py:2742} INFO - Sync 2 DAGs
[2024-07-06T14:26:28.676+0000] {logging_mixin.py:150} INFO - [2024-07-06T14:26:28.676+0000] {dag.py:3508} INFO - Setting next_dagrun for example_xcom_args to None, run_after=None
[2024-07-06T14:26:28.680+0000] {logging_mixin.py:150} INFO - [2024-07-06T14:26:28.680+0000] {dag.py:3508} INFO - Setting next_dagrun for example_xcom_args_with_operators to None, run_after=None
[2024-07-06T14:26:28.695+0000] {processor.py:179} INFO - Processing /home/airflow/.local/lib/python3.7/site-packages/airflow/example_dags/example_xcomargs.py took 0.086 seconds
[2024-07-06T14:26:58.969+0000] {processor.py:157} INFO - Started process (PID=2056) to work on /home/airflow/.local/lib/python3.7/site-packages/airflow/example_dags/example_xcomargs.py
[2024-07-06T14:26:58.971+0000] {processor.py:826} INFO - Processing file /home/airflow/.local/lib/python3.7/site-packages/airflow/example_dags/example_xcomargs.py for tasks to queue
[2024-07-06T14:26:58.973+0000] {logging_mixin.py:150} INFO - [2024-07-06T14:26:58.972+0000] {dagbag.py:541} INFO - Filling up the DagBag from /home/airflow/.local/lib/python3.7/site-packages/airflow/example_dags/example_xcomargs.py
[2024-07-06T14:26:58.980+0000] {processor.py:836} INFO - DAG(s) dict_keys(['example_xcom_args_with_operators', 'example_xcom_args']) retrieved from /home/airflow/.local/lib/python3.7/site-packages/airflow/example_dags/example_xcomargs.py
[2024-07-06T14:26:59.006+0000] {logging_mixin.py:150} INFO - [2024-07-06T14:26:59.005+0000] {dag.py:2742} INFO - Sync 2 DAGs
[2024-07-06T14:26:59.026+0000] {logging_mixin.py:150} INFO - [2024-07-06T14:26:59.026+0000] {dag.py:3508} INFO - Setting next_dagrun for example_xcom_args to None, run_after=None
[2024-07-06T14:26:59.031+0000] {logging_mixin.py:150} INFO - [2024-07-06T14:26:59.031+0000] {dag.py:3508} INFO - Setting next_dagrun for example_xcom_args_with_operators to None, run_after=None
[2024-07-06T14:26:59.045+0000] {processor.py:179} INFO - Processing /home/airflow/.local/lib/python3.7/site-packages/airflow/example_dags/example_xcomargs.py took 0.079 seconds
[2024-07-06T14:27:29.211+0000] {processor.py:157} INFO - Started process (PID=2117) to work on /home/airflow/.local/lib/python3.7/site-packages/airflow/example_dags/example_xcomargs.py
[2024-07-06T14:27:29.213+0000] {processor.py:826} INFO - Processing file /home/airflow/.local/lib/python3.7/site-packages/airflow/example_dags/example_xcomargs.py for tasks to queue
[2024-07-06T14:27:29.216+0000] {logging_mixin.py:150} INFO - [2024-07-06T14:27:29.215+0000] {dagbag.py:541} INFO - Filling up the DagBag from /home/airflow/.local/lib/python3.7/site-packages/airflow/example_dags/example_xcomargs.py
[2024-07-06T14:27:29.225+0000] {processor.py:836} INFO - DAG(s) dict_keys(['example_xcom_args_with_operators', 'example_xcom_args']) retrieved from /home/airflow/.local/lib/python3.7/site-packages/airflow/example_dags/example_xcomargs.py
[2024-07-06T14:27:29.249+0000] {logging_mixin.py:150} INFO - [2024-07-06T14:27:29.249+0000] {dag.py:2742} INFO - Sync 2 DAGs
[2024-07-06T14:27:29.269+0000] {logging_mixin.py:150} INFO - [2024-07-06T14:27:29.269+0000] {dag.py:3508} INFO - Setting next_dagrun for example_xcom_args to None, run_after=None
[2024-07-06T14:27:29.273+0000] {logging_mixin.py:150} INFO - [2024-07-06T14:27:29.273+0000] {dag.py:3508} INFO - Setting next_dagrun for example_xcom_args_with_operators to None, run_after=None
[2024-07-06T14:27:29.286+0000] {processor.py:179} INFO - Processing /home/airflow/.local/lib/python3.7/site-packages/airflow/example_dags/example_xcomargs.py took 0.083 seconds
[2024-07-06T14:28:00.020+0000] {processor.py:157} INFO - Started process (PID=2186) to work on /home/airflow/.local/lib/python3.7/site-packages/airflow/example_dags/example_xcomargs.py
[2024-07-06T14:28:00.022+0000] {processor.py:826} INFO - Processing file /home/airflow/.local/lib/python3.7/site-packages/airflow/example_dags/example_xcomargs.py for tasks to queue
[2024-07-06T14:28:00.024+0000] {logging_mixin.py:150} INFO - [2024-07-06T14:28:00.024+0000] {dagbag.py:541} INFO - Filling up the DagBag from /home/airflow/.local/lib/python3.7/site-packages/airflow/example_dags/example_xcomargs.py
[2024-07-06T14:28:00.033+0000] {processor.py:836} INFO - DAG(s) dict_keys(['example_xcom_args_with_operators', 'example_xcom_args']) retrieved from /home/airflow/.local/lib/python3.7/site-packages/airflow/example_dags/example_xcomargs.py
[2024-07-06T14:28:00.067+0000] {logging_mixin.py:150} INFO - [2024-07-06T14:28:00.066+0000] {dag.py:2742} INFO - Sync 2 DAGs
[2024-07-06T14:28:00.091+0000] {logging_mixin.py:150} INFO - [2024-07-06T14:28:00.091+0000] {dag.py:3508} INFO - Setting next_dagrun for example_xcom_args to None, run_after=None
[2024-07-06T14:28:00.095+0000] {logging_mixin.py:150} INFO - [2024-07-06T14:28:00.095+0000] {dag.py:3508} INFO - Setting next_dagrun for example_xcom_args_with_operators to None, run_after=None
[2024-07-06T14:28:00.110+0000] {processor.py:179} INFO - Processing /home/airflow/.local/lib/python3.7/site-packages/airflow/example_dags/example_xcomargs.py took 0.093 seconds
[2024-07-06T14:28:30.172+0000] {processor.py:157} INFO - Started process (PID=2253) to work on /home/airflow/.local/lib/python3.7/site-packages/airflow/example_dags/example_xcomargs.py
[2024-07-06T14:28:30.176+0000] {processor.py:826} INFO - Processing file /home/airflow/.local/lib/python3.7/site-packages/airflow/example_dags/example_xcomargs.py for tasks to queue
[2024-07-06T14:28:30.179+0000] {logging_mixin.py:150} INFO - [2024-07-06T14:28:30.179+0000] {dagbag.py:541} INFO - Filling up the DagBag from /home/airflow/.local/lib/python3.7/site-packages/airflow/example_dags/example_xcomargs.py
[2024-07-06T14:28:30.197+0000] {processor.py:836} INFO - DAG(s) dict_keys(['example_xcom_args', 'example_xcom_args_with_operators']) retrieved from /home/airflow/.local/lib/python3.7/site-packages/airflow/example_dags/example_xcomargs.py
[2024-07-06T14:28:30.243+0000] {logging_mixin.py:150} INFO - [2024-07-06T14:28:30.243+0000] {dag.py:2742} INFO - Sync 2 DAGs
[2024-07-06T14:28:30.278+0000] {logging_mixin.py:150} INFO - [2024-07-06T14:28:30.278+0000] {dag.py:3508} INFO - Setting next_dagrun for example_xcom_args to None, run_after=None
[2024-07-06T14:28:30.285+0000] {logging_mixin.py:150} INFO - [2024-07-06T14:28:30.285+0000] {dag.py:3508} INFO - Setting next_dagrun for example_xcom_args_with_operators to None, run_after=None
[2024-07-06T14:28:30.303+0000] {processor.py:179} INFO - Processing /home/airflow/.local/lib/python3.7/site-packages/airflow/example_dags/example_xcomargs.py took 0.135 seconds
[2024-07-06T14:29:00.474+0000] {processor.py:157} INFO - Started process (PID=2316) to work on /home/airflow/.local/lib/python3.7/site-packages/airflow/example_dags/example_xcomargs.py
[2024-07-06T14:29:00.476+0000] {processor.py:826} INFO - Processing file /home/airflow/.local/lib/python3.7/site-packages/airflow/example_dags/example_xcomargs.py for tasks to queue
[2024-07-06T14:29:00.477+0000] {logging_mixin.py:150} INFO - [2024-07-06T14:29:00.477+0000] {dagbag.py:541} INFO - Filling up the DagBag from /home/airflow/.local/lib/python3.7/site-packages/airflow/example_dags/example_xcomargs.py
[2024-07-06T14:29:00.486+0000] {processor.py:836} INFO - DAG(s) dict_keys(['example_xcom_args', 'example_xcom_args_with_operators']) retrieved from /home/airflow/.local/lib/python3.7/site-packages/airflow/example_dags/example_xcomargs.py
[2024-07-06T14:29:00.509+0000] {logging_mixin.py:150} INFO - [2024-07-06T14:29:00.509+0000] {dag.py:2742} INFO - Sync 2 DAGs
[2024-07-06T14:29:00.526+0000] {logging_mixin.py:150} INFO - [2024-07-06T14:29:00.526+0000] {dag.py:3508} INFO - Setting next_dagrun for example_xcom_args to None, run_after=None
[2024-07-06T14:29:00.529+0000] {logging_mixin.py:150} INFO - [2024-07-06T14:29:00.529+0000] {dag.py:3508} INFO - Setting next_dagrun for example_xcom_args_with_operators to None, run_after=None
[2024-07-06T14:29:00.540+0000] {processor.py:179} INFO - Processing /home/airflow/.local/lib/python3.7/site-packages/airflow/example_dags/example_xcomargs.py took 0.071 seconds
[2024-07-06T14:29:31.555+0000] {processor.py:157} INFO - Started process (PID=2379) to work on /home/airflow/.local/lib/python3.7/site-packages/airflow/example_dags/example_xcomargs.py
[2024-07-06T14:29:31.557+0000] {processor.py:826} INFO - Processing file /home/airflow/.local/lib/python3.7/site-packages/airflow/example_dags/example_xcomargs.py for tasks to queue
[2024-07-06T14:29:31.559+0000] {logging_mixin.py:150} INFO - [2024-07-06T14:29:31.558+0000] {dagbag.py:541} INFO - Filling up the DagBag from /home/airflow/.local/lib/python3.7/site-packages/airflow/example_dags/example_xcomargs.py
[2024-07-06T14:29:31.569+0000] {processor.py:836} INFO - DAG(s) dict_keys(['example_xcom_args_with_operators', 'example_xcom_args']) retrieved from /home/airflow/.local/lib/python3.7/site-packages/airflow/example_dags/example_xcomargs.py
[2024-07-06T14:29:31.608+0000] {logging_mixin.py:150} INFO - [2024-07-06T14:29:31.607+0000] {dag.py:2742} INFO - Sync 2 DAGs
[2024-07-06T14:29:31.640+0000] {logging_mixin.py:150} INFO - [2024-07-06T14:29:31.640+0000] {dag.py:3508} INFO - Setting next_dagrun for example_xcom_args to None, run_after=None
[2024-07-06T14:29:31.647+0000] {logging_mixin.py:150} INFO - [2024-07-06T14:29:31.647+0000] {dag.py:3508} INFO - Setting next_dagrun for example_xcom_args_with_operators to None, run_after=None
[2024-07-06T14:29:31.715+0000] {processor.py:179} INFO - Processing /home/airflow/.local/lib/python3.7/site-packages/airflow/example_dags/example_xcomargs.py took 0.164 seconds
[2024-07-06T14:30:01.817+0000] {processor.py:157} INFO - Started process (PID=2446) to work on /home/airflow/.local/lib/python3.7/site-packages/airflow/example_dags/example_xcomargs.py
[2024-07-06T14:30:01.819+0000] {processor.py:826} INFO - Processing file /home/airflow/.local/lib/python3.7/site-packages/airflow/example_dags/example_xcomargs.py for tasks to queue
[2024-07-06T14:30:01.821+0000] {logging_mixin.py:150} INFO - [2024-07-06T14:30:01.821+0000] {dagbag.py:541} INFO - Filling up the DagBag from /home/airflow/.local/lib/python3.7/site-packages/airflow/example_dags/example_xcomargs.py
[2024-07-06T14:30:01.829+0000] {processor.py:836} INFO - DAG(s) dict_keys(['example_xcom_args', 'example_xcom_args_with_operators']) retrieved from /home/airflow/.local/lib/python3.7/site-packages/airflow/example_dags/example_xcomargs.py
[2024-07-06T14:30:01.853+0000] {logging_mixin.py:150} INFO - [2024-07-06T14:30:01.853+0000] {dag.py:2742} INFO - Sync 2 DAGs
[2024-07-06T14:30:01.871+0000] {logging_mixin.py:150} INFO - [2024-07-06T14:30:01.871+0000] {dag.py:3508} INFO - Setting next_dagrun for example_xcom_args to None, run_after=None
[2024-07-06T14:30:01.874+0000] {logging_mixin.py:150} INFO - [2024-07-06T14:30:01.874+0000] {dag.py:3508} INFO - Setting next_dagrun for example_xcom_args_with_operators to None, run_after=None
[2024-07-06T14:30:01.892+0000] {processor.py:179} INFO - Processing /home/airflow/.local/lib/python3.7/site-packages/airflow/example_dags/example_xcomargs.py took 0.078 seconds
[2024-07-06T14:30:31.957+0000] {processor.py:157} INFO - Started process (PID=2509) to work on /home/airflow/.local/lib/python3.7/site-packages/airflow/example_dags/example_xcomargs.py
[2024-07-06T14:30:31.959+0000] {processor.py:826} INFO - Processing file /home/airflow/.local/lib/python3.7/site-packages/airflow/example_dags/example_xcomargs.py for tasks to queue
[2024-07-06T14:30:31.960+0000] {logging_mixin.py:150} INFO - [2024-07-06T14:30:31.960+0000] {dagbag.py:541} INFO - Filling up the DagBag from /home/airflow/.local/lib/python3.7/site-packages/airflow/example_dags/example_xcomargs.py
[2024-07-06T14:30:31.967+0000] {processor.py:836} INFO - DAG(s) dict_keys(['example_xcom_args', 'example_xcom_args_with_operators']) retrieved from /home/airflow/.local/lib/python3.7/site-packages/airflow/example_dags/example_xcomargs.py
[2024-07-06T14:30:31.989+0000] {logging_mixin.py:150} INFO - [2024-07-06T14:30:31.989+0000] {dag.py:2742} INFO - Sync 2 DAGs
[2024-07-06T14:30:32.012+0000] {logging_mixin.py:150} INFO - [2024-07-06T14:30:32.011+0000] {dag.py:3508} INFO - Setting next_dagrun for example_xcom_args to None, run_after=None
[2024-07-06T14:30:32.016+0000] {logging_mixin.py:150} INFO - [2024-07-06T14:30:32.016+0000] {dag.py:3508} INFO - Setting next_dagrun for example_xcom_args_with_operators to None, run_after=None
[2024-07-06T14:30:32.038+0000] {processor.py:179} INFO - Processing /home/airflow/.local/lib/python3.7/site-packages/airflow/example_dags/example_xcomargs.py took 0.084 seconds
