[2024-07-06T14:10:42.627+0000] {processor.py:157} INFO - Started process (PID=52) to work on /home/airflow/.local/lib/python3.7/site-packages/airflow/example_dags/example_datasets.py
[2024-07-06T14:10:42.634+0000] {processor.py:826} INFO - Processing file /home/airflow/.local/lib/python3.7/site-packages/airflow/example_dags/example_datasets.py for tasks to queue
[2024-07-06T14:10:42.640+0000] {logging_mixin.py:150} INFO - [2024-07-06T14:10:42.639+0000] {dagbag.py:541} INFO - Filling up the DagBag from /home/airflow/.local/lib/python3.7/site-packages/airflow/example_dags/example_datasets.py
[2024-07-06T14:10:42.674+0000] {processor.py:836} INFO - DAG(s) dict_keys(['dataset_consumes_1_never_scheduled', 'dataset_consumes_1_and_2', 'dataset_consumes_1', 'dataset_consumes_unknown_never_scheduled', 'dataset_produces_1', 'dataset_produces_2']) retrieved from /home/airflow/.local/lib/python3.7/site-packages/airflow/example_dags/example_datasets.py
[2024-07-06T14:10:42.731+0000] {logging_mixin.py:150} INFO - [2024-07-06T14:10:42.730+0000] {dag.py:2742} INFO - Sync 6 DAGs
[2024-07-06T14:10:42.794+0000] {logging_mixin.py:150} INFO - [2024-07-06T14:10:42.794+0000] {dag.py:3508} INFO - Setting next_dagrun for dataset_consumes_1 to None, run_after=None
[2024-07-06T14:10:42.801+0000] {logging_mixin.py:150} INFO - [2024-07-06T14:10:42.801+0000] {dag.py:3508} INFO - Setting next_dagrun for dataset_consumes_1_and_2 to None, run_after=None
[2024-07-06T14:10:42.806+0000] {logging_mixin.py:150} INFO - [2024-07-06T14:10:42.805+0000] {dag.py:3508} INFO - Setting next_dagrun for dataset_consumes_1_never_scheduled to None, run_after=None
[2024-07-06T14:10:42.816+0000] {logging_mixin.py:150} INFO - [2024-07-06T14:10:42.816+0000] {dag.py:3508} INFO - Setting next_dagrun for dataset_consumes_unknown_never_scheduled to None, run_after=None
[2024-07-06T14:10:42.822+0000] {logging_mixin.py:150} INFO - [2024-07-06T14:10:42.822+0000] {dag.py:3508} INFO - Setting next_dagrun for dataset_produces_1 to 2024-07-05T00:00:00+00:00, run_after=2024-07-06T00:00:00+00:00
[2024-07-06T14:10:42.825+0000] {logging_mixin.py:150} INFO - [2024-07-06T14:10:42.825+0000] {dag.py:3508} INFO - Setting next_dagrun for dataset_produces_2 to None, run_after=None
[2024-07-06T14:10:42.913+0000] {processor.py:179} INFO - Processing /home/airflow/.local/lib/python3.7/site-packages/airflow/example_dags/example_datasets.py took 0.297 seconds
[2024-07-06T14:11:13.362+0000] {processor.py:157} INFO - Started process (PID=114) to work on /home/airflow/.local/lib/python3.7/site-packages/airflow/example_dags/example_datasets.py
[2024-07-06T14:11:13.363+0000] {processor.py:826} INFO - Processing file /home/airflow/.local/lib/python3.7/site-packages/airflow/example_dags/example_datasets.py for tasks to queue
[2024-07-06T14:11:13.365+0000] {logging_mixin.py:150} INFO - [2024-07-06T14:11:13.365+0000] {dagbag.py:541} INFO - Filling up the DagBag from /home/airflow/.local/lib/python3.7/site-packages/airflow/example_dags/example_datasets.py
[2024-07-06T14:11:13.372+0000] {processor.py:836} INFO - DAG(s) dict_keys(['dataset_consumes_1', 'dataset_consumes_unknown_never_scheduled', 'dataset_produces_1', 'dataset_consumes_1_never_scheduled', 'dataset_consumes_1_and_2', 'dataset_produces_2']) retrieved from /home/airflow/.local/lib/python3.7/site-packages/airflow/example_dags/example_datasets.py
[2024-07-06T14:11:13.405+0000] {logging_mixin.py:150} INFO - [2024-07-06T14:11:13.405+0000] {dag.py:2742} INFO - Sync 6 DAGs
[2024-07-06T14:11:13.426+0000] {logging_mixin.py:150} INFO - [2024-07-06T14:11:13.426+0000] {dag.py:3508} INFO - Setting next_dagrun for dataset_consumes_1 to None, run_after=None
[2024-07-06T14:11:13.429+0000] {logging_mixin.py:150} INFO - [2024-07-06T14:11:13.429+0000] {dag.py:3508} INFO - Setting next_dagrun for dataset_consumes_1_and_2 to None, run_after=None
[2024-07-06T14:11:13.431+0000] {logging_mixin.py:150} INFO - [2024-07-06T14:11:13.431+0000] {dag.py:3508} INFO - Setting next_dagrun for dataset_consumes_1_never_scheduled to None, run_after=None
[2024-07-06T14:11:13.433+0000] {logging_mixin.py:150} INFO - [2024-07-06T14:11:13.433+0000] {dag.py:3508} INFO - Setting next_dagrun for dataset_consumes_unknown_never_scheduled to None, run_after=None
[2024-07-06T14:11:13.436+0000] {logging_mixin.py:150} INFO - [2024-07-06T14:11:13.436+0000] {dag.py:3508} INFO - Setting next_dagrun for dataset_produces_1 to 2024-07-05T00:00:00+00:00, run_after=2024-07-06T00:00:00+00:00
[2024-07-06T14:11:13.438+0000] {logging_mixin.py:150} INFO - [2024-07-06T14:11:13.437+0000] {dag.py:3508} INFO - Setting next_dagrun for dataset_produces_2 to None, run_after=None
[2024-07-06T14:11:13.460+0000] {processor.py:179} INFO - Processing /home/airflow/.local/lib/python3.7/site-packages/airflow/example_dags/example_datasets.py took 0.101 seconds
[2024-07-06T14:11:44.353+0000] {processor.py:157} INFO - Started process (PID=177) to work on /home/airflow/.local/lib/python3.7/site-packages/airflow/example_dags/example_datasets.py
[2024-07-06T14:11:44.356+0000] {processor.py:826} INFO - Processing file /home/airflow/.local/lib/python3.7/site-packages/airflow/example_dags/example_datasets.py for tasks to queue
[2024-07-06T14:11:44.358+0000] {logging_mixin.py:150} INFO - [2024-07-06T14:11:44.358+0000] {dagbag.py:541} INFO - Filling up the DagBag from /home/airflow/.local/lib/python3.7/site-packages/airflow/example_dags/example_datasets.py
[2024-07-06T14:11:44.369+0000] {processor.py:836} INFO - DAG(s) dict_keys(['dataset_produces_2', 'dataset_produces_1', 'dataset_consumes_1_never_scheduled', 'dataset_consumes_1', 'dataset_consumes_1_and_2', 'dataset_consumes_unknown_never_scheduled']) retrieved from /home/airflow/.local/lib/python3.7/site-packages/airflow/example_dags/example_datasets.py
[2024-07-06T14:11:44.403+0000] {logging_mixin.py:150} INFO - [2024-07-06T14:11:44.403+0000] {dag.py:2742} INFO - Sync 6 DAGs
[2024-07-06T14:11:44.423+0000] {logging_mixin.py:150} INFO - [2024-07-06T14:11:44.423+0000] {dag.py:3508} INFO - Setting next_dagrun for dataset_consumes_1 to None, run_after=None
[2024-07-06T14:11:44.426+0000] {logging_mixin.py:150} INFO - [2024-07-06T14:11:44.426+0000] {dag.py:3508} INFO - Setting next_dagrun for dataset_consumes_1_and_2 to None, run_after=None
[2024-07-06T14:11:44.428+0000] {logging_mixin.py:150} INFO - [2024-07-06T14:11:44.428+0000] {dag.py:3508} INFO - Setting next_dagrun for dataset_consumes_1_never_scheduled to None, run_after=None
[2024-07-06T14:11:44.430+0000] {logging_mixin.py:150} INFO - [2024-07-06T14:11:44.430+0000] {dag.py:3508} INFO - Setting next_dagrun for dataset_consumes_unknown_never_scheduled to None, run_after=None
[2024-07-06T14:11:44.434+0000] {logging_mixin.py:150} INFO - [2024-07-06T14:11:44.433+0000] {dag.py:3508} INFO - Setting next_dagrun for dataset_produces_1 to 2024-07-05T00:00:00+00:00, run_after=2024-07-06T00:00:00+00:00
[2024-07-06T14:11:44.436+0000] {logging_mixin.py:150} INFO - [2024-07-06T14:11:44.436+0000] {dag.py:3508} INFO - Setting next_dagrun for dataset_produces_2 to None, run_after=None
[2024-07-06T14:11:44.460+0000] {processor.py:179} INFO - Processing /home/airflow/.local/lib/python3.7/site-packages/airflow/example_dags/example_datasets.py took 0.111 seconds
[2024-07-06T14:12:14.848+0000] {processor.py:157} INFO - Started process (PID=240) to work on /home/airflow/.local/lib/python3.7/site-packages/airflow/example_dags/example_datasets.py
[2024-07-06T14:12:14.850+0000] {processor.py:826} INFO - Processing file /home/airflow/.local/lib/python3.7/site-packages/airflow/example_dags/example_datasets.py for tasks to queue
[2024-07-06T14:12:14.852+0000] {logging_mixin.py:150} INFO - [2024-07-06T14:12:14.852+0000] {dagbag.py:541} INFO - Filling up the DagBag from /home/airflow/.local/lib/python3.7/site-packages/airflow/example_dags/example_datasets.py
[2024-07-06T14:12:14.860+0000] {processor.py:836} INFO - DAG(s) dict_keys(['dataset_produces_1', 'dataset_produces_2', 'dataset_consumes_unknown_never_scheduled', 'dataset_consumes_1_never_scheduled', 'dataset_consumes_1_and_2', 'dataset_consumes_1']) retrieved from /home/airflow/.local/lib/python3.7/site-packages/airflow/example_dags/example_datasets.py
[2024-07-06T14:12:14.891+0000] {logging_mixin.py:150} INFO - [2024-07-06T14:12:14.891+0000] {dag.py:2742} INFO - Sync 6 DAGs
[2024-07-06T14:12:14.909+0000] {logging_mixin.py:150} INFO - [2024-07-06T14:12:14.909+0000] {dag.py:3508} INFO - Setting next_dagrun for dataset_consumes_1 to None, run_after=None
[2024-07-06T14:12:14.913+0000] {logging_mixin.py:150} INFO - [2024-07-06T14:12:14.913+0000] {dag.py:3508} INFO - Setting next_dagrun for dataset_consumes_1_and_2 to None, run_after=None
[2024-07-06T14:12:14.915+0000] {logging_mixin.py:150} INFO - [2024-07-06T14:12:14.915+0000] {dag.py:3508} INFO - Setting next_dagrun for dataset_consumes_1_never_scheduled to None, run_after=None
[2024-07-06T14:12:14.917+0000] {logging_mixin.py:150} INFO - [2024-07-06T14:12:14.917+0000] {dag.py:3508} INFO - Setting next_dagrun for dataset_consumes_unknown_never_scheduled to None, run_after=None
[2024-07-06T14:12:14.919+0000] {logging_mixin.py:150} INFO - [2024-07-06T14:12:14.919+0000] {dag.py:3508} INFO - Setting next_dagrun for dataset_produces_1 to 2024-07-05T00:00:00+00:00, run_after=2024-07-06T00:00:00+00:00
[2024-07-06T14:12:14.921+0000] {logging_mixin.py:150} INFO - [2024-07-06T14:12:14.921+0000] {dag.py:3508} INFO - Setting next_dagrun for dataset_produces_2 to None, run_after=None
[2024-07-06T14:12:14.945+0000] {processor.py:179} INFO - Processing /home/airflow/.local/lib/python3.7/site-packages/airflow/example_dags/example_datasets.py took 0.100 seconds
[2024-07-06T14:12:45.127+0000] {processor.py:157} INFO - Started process (PID=303) to work on /home/airflow/.local/lib/python3.7/site-packages/airflow/example_dags/example_datasets.py
[2024-07-06T14:12:45.129+0000] {processor.py:826} INFO - Processing file /home/airflow/.local/lib/python3.7/site-packages/airflow/example_dags/example_datasets.py for tasks to queue
[2024-07-06T14:12:45.131+0000] {logging_mixin.py:150} INFO - [2024-07-06T14:12:45.131+0000] {dagbag.py:541} INFO - Filling up the DagBag from /home/airflow/.local/lib/python3.7/site-packages/airflow/example_dags/example_datasets.py
[2024-07-06T14:12:45.140+0000] {processor.py:836} INFO - DAG(s) dict_keys(['dataset_consumes_1_and_2', 'dataset_produces_1', 'dataset_consumes_1', 'dataset_consumes_1_never_scheduled', 'dataset_produces_2', 'dataset_consumes_unknown_never_scheduled']) retrieved from /home/airflow/.local/lib/python3.7/site-packages/airflow/example_dags/example_datasets.py
[2024-07-06T14:12:45.171+0000] {logging_mixin.py:150} INFO - [2024-07-06T14:12:45.171+0000] {dag.py:2742} INFO - Sync 6 DAGs
[2024-07-06T14:12:45.197+0000] {logging_mixin.py:150} INFO - [2024-07-06T14:12:45.197+0000] {dag.py:3508} INFO - Setting next_dagrun for dataset_consumes_1 to None, run_after=None
[2024-07-06T14:12:45.202+0000] {logging_mixin.py:150} INFO - [2024-07-06T14:12:45.202+0000] {dag.py:3508} INFO - Setting next_dagrun for dataset_consumes_1_and_2 to None, run_after=None
[2024-07-06T14:12:45.204+0000] {logging_mixin.py:150} INFO - [2024-07-06T14:12:45.203+0000] {dag.py:3508} INFO - Setting next_dagrun for dataset_consumes_1_never_scheduled to None, run_after=None
[2024-07-06T14:12:45.205+0000] {logging_mixin.py:150} INFO - [2024-07-06T14:12:45.205+0000] {dag.py:3508} INFO - Setting next_dagrun for dataset_consumes_unknown_never_scheduled to None, run_after=None
[2024-07-06T14:12:45.210+0000] {logging_mixin.py:150} INFO - [2024-07-06T14:12:45.209+0000] {dag.py:3508} INFO - Setting next_dagrun for dataset_produces_1 to 2024-07-05T00:00:00+00:00, run_after=2024-07-06T00:00:00+00:00
[2024-07-06T14:12:45.212+0000] {logging_mixin.py:150} INFO - [2024-07-06T14:12:45.211+0000] {dag.py:3508} INFO - Setting next_dagrun for dataset_produces_2 to None, run_after=None
[2024-07-06T14:12:45.232+0000] {processor.py:179} INFO - Processing /home/airflow/.local/lib/python3.7/site-packages/airflow/example_dags/example_datasets.py took 0.108 seconds
[2024-07-06T14:13:16.472+0000] {processor.py:157} INFO - Started process (PID=366) to work on /home/airflow/.local/lib/python3.7/site-packages/airflow/example_dags/example_datasets.py
[2024-07-06T14:13:16.475+0000] {processor.py:826} INFO - Processing file /home/airflow/.local/lib/python3.7/site-packages/airflow/example_dags/example_datasets.py for tasks to queue
[2024-07-06T14:13:16.476+0000] {logging_mixin.py:150} INFO - [2024-07-06T14:13:16.476+0000] {dagbag.py:541} INFO - Filling up the DagBag from /home/airflow/.local/lib/python3.7/site-packages/airflow/example_dags/example_datasets.py
[2024-07-06T14:13:16.483+0000] {processor.py:836} INFO - DAG(s) dict_keys(['dataset_produces_2', 'dataset_consumes_1_and_2', 'dataset_produces_1', 'dataset_consumes_1', 'dataset_consumes_unknown_never_scheduled', 'dataset_consumes_1_never_scheduled']) retrieved from /home/airflow/.local/lib/python3.7/site-packages/airflow/example_dags/example_datasets.py
[2024-07-06T14:13:16.512+0000] {logging_mixin.py:150} INFO - [2024-07-06T14:13:16.512+0000] {dag.py:2742} INFO - Sync 6 DAGs
[2024-07-06T14:13:16.529+0000] {logging_mixin.py:150} INFO - [2024-07-06T14:13:16.529+0000] {dag.py:3508} INFO - Setting next_dagrun for dataset_consumes_1 to None, run_after=None
[2024-07-06T14:13:16.532+0000] {logging_mixin.py:150} INFO - [2024-07-06T14:13:16.532+0000] {dag.py:3508} INFO - Setting next_dagrun for dataset_consumes_1_and_2 to None, run_after=None
[2024-07-06T14:13:16.534+0000] {logging_mixin.py:150} INFO - [2024-07-06T14:13:16.534+0000] {dag.py:3508} INFO - Setting next_dagrun for dataset_consumes_1_never_scheduled to None, run_after=None
[2024-07-06T14:13:16.536+0000] {logging_mixin.py:150} INFO - [2024-07-06T14:13:16.536+0000] {dag.py:3508} INFO - Setting next_dagrun for dataset_consumes_unknown_never_scheduled to None, run_after=None
[2024-07-06T14:13:16.538+0000] {logging_mixin.py:150} INFO - [2024-07-06T14:13:16.538+0000] {dag.py:3508} INFO - Setting next_dagrun for dataset_produces_1 to 2024-07-05T00:00:00+00:00, run_after=2024-07-06T00:00:00+00:00
[2024-07-06T14:13:16.539+0000] {logging_mixin.py:150} INFO - [2024-07-06T14:13:16.539+0000] {dag.py:3508} INFO - Setting next_dagrun for dataset_produces_2 to None, run_after=None
[2024-07-06T14:13:16.562+0000] {processor.py:179} INFO - Processing /home/airflow/.local/lib/python3.7/site-packages/airflow/example_dags/example_datasets.py took 0.092 seconds
[2024-07-06T14:13:46.674+0000] {processor.py:157} INFO - Started process (PID=430) to work on /home/airflow/.local/lib/python3.7/site-packages/airflow/example_dags/example_datasets.py
[2024-07-06T14:13:46.677+0000] {processor.py:826} INFO - Processing file /home/airflow/.local/lib/python3.7/site-packages/airflow/example_dags/example_datasets.py for tasks to queue
[2024-07-06T14:13:46.678+0000] {logging_mixin.py:150} INFO - [2024-07-06T14:13:46.678+0000] {dagbag.py:541} INFO - Filling up the DagBag from /home/airflow/.local/lib/python3.7/site-packages/airflow/example_dags/example_datasets.py
[2024-07-06T14:13:46.686+0000] {processor.py:836} INFO - DAG(s) dict_keys(['dataset_consumes_unknown_never_scheduled', 'dataset_consumes_1', 'dataset_produces_2', 'dataset_produces_1', 'dataset_consumes_1_and_2', 'dataset_consumes_1_never_scheduled']) retrieved from /home/airflow/.local/lib/python3.7/site-packages/airflow/example_dags/example_datasets.py
[2024-07-06T14:13:46.714+0000] {logging_mixin.py:150} INFO - [2024-07-06T14:13:46.714+0000] {dag.py:2742} INFO - Sync 6 DAGs
[2024-07-06T14:13:46.732+0000] {logging_mixin.py:150} INFO - [2024-07-06T14:13:46.732+0000] {dag.py:3508} INFO - Setting next_dagrun for dataset_consumes_1 to None, run_after=None
[2024-07-06T14:13:46.736+0000] {logging_mixin.py:150} INFO - [2024-07-06T14:13:46.735+0000] {dag.py:3508} INFO - Setting next_dagrun for dataset_consumes_1_and_2 to None, run_after=None
[2024-07-06T14:13:46.737+0000] {logging_mixin.py:150} INFO - [2024-07-06T14:13:46.737+0000] {dag.py:3508} INFO - Setting next_dagrun for dataset_consumes_1_never_scheduled to None, run_after=None
[2024-07-06T14:13:46.739+0000] {logging_mixin.py:150} INFO - [2024-07-06T14:13:46.739+0000] {dag.py:3508} INFO - Setting next_dagrun for dataset_consumes_unknown_never_scheduled to None, run_after=None
[2024-07-06T14:13:46.741+0000] {logging_mixin.py:150} INFO - [2024-07-06T14:13:46.741+0000] {dag.py:3508} INFO - Setting next_dagrun for dataset_produces_1 to 2024-07-05T00:00:00+00:00, run_after=2024-07-06T00:00:00+00:00
[2024-07-06T14:13:46.744+0000] {logging_mixin.py:150} INFO - [2024-07-06T14:13:46.744+0000] {dag.py:3508} INFO - Setting next_dagrun for dataset_produces_2 to None, run_after=None
[2024-07-06T14:13:46.764+0000] {processor.py:179} INFO - Processing /home/airflow/.local/lib/python3.7/site-packages/airflow/example_dags/example_datasets.py took 0.093 seconds
[2024-07-06T14:14:16.991+0000] {processor.py:157} INFO - Started process (PID=488) to work on /home/airflow/.local/lib/python3.7/site-packages/airflow/example_dags/example_datasets.py
[2024-07-06T14:14:16.995+0000] {processor.py:826} INFO - Processing file /home/airflow/.local/lib/python3.7/site-packages/airflow/example_dags/example_datasets.py for tasks to queue
[2024-07-06T14:14:16.996+0000] {logging_mixin.py:150} INFO - [2024-07-06T14:14:16.996+0000] {dagbag.py:541} INFO - Filling up the DagBag from /home/airflow/.local/lib/python3.7/site-packages/airflow/example_dags/example_datasets.py
[2024-07-06T14:14:17.004+0000] {processor.py:836} INFO - DAG(s) dict_keys(['dataset_consumes_1_and_2', 'dataset_consumes_unknown_never_scheduled', 'dataset_produces_1', 'dataset_consumes_1_never_scheduled', 'dataset_consumes_1', 'dataset_produces_2']) retrieved from /home/airflow/.local/lib/python3.7/site-packages/airflow/example_dags/example_datasets.py
[2024-07-06T14:14:17.035+0000] {logging_mixin.py:150} INFO - [2024-07-06T14:14:17.035+0000] {dag.py:2742} INFO - Sync 6 DAGs
[2024-07-06T14:14:17.054+0000] {logging_mixin.py:150} INFO - [2024-07-06T14:14:17.053+0000] {dag.py:3508} INFO - Setting next_dagrun for dataset_consumes_1 to None, run_after=None
[2024-07-06T14:14:17.057+0000] {logging_mixin.py:150} INFO - [2024-07-06T14:14:17.057+0000] {dag.py:3508} INFO - Setting next_dagrun for dataset_consumes_1_and_2 to None, run_after=None
[2024-07-06T14:14:17.058+0000] {logging_mixin.py:150} INFO - [2024-07-06T14:14:17.058+0000] {dag.py:3508} INFO - Setting next_dagrun for dataset_consumes_1_never_scheduled to None, run_after=None
[2024-07-06T14:14:17.060+0000] {logging_mixin.py:150} INFO - [2024-07-06T14:14:17.060+0000] {dag.py:3508} INFO - Setting next_dagrun for dataset_consumes_unknown_never_scheduled to None, run_after=None
[2024-07-06T14:14:17.062+0000] {logging_mixin.py:150} INFO - [2024-07-06T14:14:17.062+0000] {dag.py:3508} INFO - Setting next_dagrun for dataset_produces_1 to 2024-07-05T00:00:00+00:00, run_after=2024-07-06T00:00:00+00:00
[2024-07-06T14:14:17.065+0000] {logging_mixin.py:150} INFO - [2024-07-06T14:14:17.065+0000] {dag.py:3508} INFO - Setting next_dagrun for dataset_produces_2 to None, run_after=None
[2024-07-06T14:14:17.090+0000] {processor.py:179} INFO - Processing /home/airflow/.local/lib/python3.7/site-packages/airflow/example_dags/example_datasets.py took 0.102 seconds
[2024-07-06T14:14:47.429+0000] {processor.py:157} INFO - Started process (PID=553) to work on /home/airflow/.local/lib/python3.7/site-packages/airflow/example_dags/example_datasets.py
[2024-07-06T14:14:47.431+0000] {processor.py:826} INFO - Processing file /home/airflow/.local/lib/python3.7/site-packages/airflow/example_dags/example_datasets.py for tasks to queue
[2024-07-06T14:14:47.432+0000] {logging_mixin.py:150} INFO - [2024-07-06T14:14:47.432+0000] {dagbag.py:541} INFO - Filling up the DagBag from /home/airflow/.local/lib/python3.7/site-packages/airflow/example_dags/example_datasets.py
[2024-07-06T14:14:47.441+0000] {processor.py:836} INFO - DAG(s) dict_keys(['dataset_produces_2', 'dataset_consumes_1_never_scheduled', 'dataset_consumes_unknown_never_scheduled', 'dataset_consumes_1', 'dataset_produces_1', 'dataset_consumes_1_and_2']) retrieved from /home/airflow/.local/lib/python3.7/site-packages/airflow/example_dags/example_datasets.py
[2024-07-06T14:14:47.472+0000] {logging_mixin.py:150} INFO - [2024-07-06T14:14:47.471+0000] {dag.py:2742} INFO - Sync 6 DAGs
[2024-07-06T14:14:47.492+0000] {logging_mixin.py:150} INFO - [2024-07-06T14:14:47.492+0000] {dag.py:3508} INFO - Setting next_dagrun for dataset_consumes_1 to None, run_after=None
[2024-07-06T14:14:47.497+0000] {logging_mixin.py:150} INFO - [2024-07-06T14:14:47.497+0000] {dag.py:3508} INFO - Setting next_dagrun for dataset_consumes_1_and_2 to None, run_after=None
[2024-07-06T14:14:47.499+0000] {logging_mixin.py:150} INFO - [2024-07-06T14:14:47.499+0000] {dag.py:3508} INFO - Setting next_dagrun for dataset_consumes_1_never_scheduled to None, run_after=None
[2024-07-06T14:14:47.501+0000] {logging_mixin.py:150} INFO - [2024-07-06T14:14:47.501+0000] {dag.py:3508} INFO - Setting next_dagrun for dataset_consumes_unknown_never_scheduled to None, run_after=None
[2024-07-06T14:14:47.503+0000] {logging_mixin.py:150} INFO - [2024-07-06T14:14:47.503+0000] {dag.py:3508} INFO - Setting next_dagrun for dataset_produces_1 to 2024-07-05T00:00:00+00:00, run_after=2024-07-06T00:00:00+00:00
[2024-07-06T14:14:47.505+0000] {logging_mixin.py:150} INFO - [2024-07-06T14:14:47.505+0000] {dag.py:3508} INFO - Setting next_dagrun for dataset_produces_2 to None, run_after=None
[2024-07-06T14:14:47.528+0000] {processor.py:179} INFO - Processing /home/airflow/.local/lib/python3.7/site-packages/airflow/example_dags/example_datasets.py took 0.103 seconds
[2024-07-06T14:15:18.441+0000] {processor.py:157} INFO - Started process (PID=615) to work on /home/airflow/.local/lib/python3.7/site-packages/airflow/example_dags/example_datasets.py
[2024-07-06T14:15:18.443+0000] {processor.py:826} INFO - Processing file /home/airflow/.local/lib/python3.7/site-packages/airflow/example_dags/example_datasets.py for tasks to queue
[2024-07-06T14:15:18.444+0000] {logging_mixin.py:150} INFO - [2024-07-06T14:15:18.444+0000] {dagbag.py:541} INFO - Filling up the DagBag from /home/airflow/.local/lib/python3.7/site-packages/airflow/example_dags/example_datasets.py
[2024-07-06T14:15:18.453+0000] {processor.py:836} INFO - DAG(s) dict_keys(['dataset_consumes_1_never_scheduled', 'dataset_consumes_1_and_2', 'dataset_consumes_unknown_never_scheduled', 'dataset_produces_1', 'dataset_consumes_1', 'dataset_produces_2']) retrieved from /home/airflow/.local/lib/python3.7/site-packages/airflow/example_dags/example_datasets.py
[2024-07-06T14:15:18.485+0000] {logging_mixin.py:150} INFO - [2024-07-06T14:15:18.485+0000] {dag.py:2742} INFO - Sync 6 DAGs
[2024-07-06T14:15:18.507+0000] {logging_mixin.py:150} INFO - [2024-07-06T14:15:18.507+0000] {dag.py:3508} INFO - Setting next_dagrun for dataset_consumes_1 to None, run_after=None
[2024-07-06T14:15:18.510+0000] {logging_mixin.py:150} INFO - [2024-07-06T14:15:18.510+0000] {dag.py:3508} INFO - Setting next_dagrun for dataset_consumes_1_and_2 to None, run_after=None
[2024-07-06T14:15:18.512+0000] {logging_mixin.py:150} INFO - [2024-07-06T14:15:18.512+0000] {dag.py:3508} INFO - Setting next_dagrun for dataset_consumes_1_never_scheduled to None, run_after=None
[2024-07-06T14:15:18.513+0000] {logging_mixin.py:150} INFO - [2024-07-06T14:15:18.513+0000] {dag.py:3508} INFO - Setting next_dagrun for dataset_consumes_unknown_never_scheduled to None, run_after=None
[2024-07-06T14:15:18.516+0000] {logging_mixin.py:150} INFO - [2024-07-06T14:15:18.516+0000] {dag.py:3508} INFO - Setting next_dagrun for dataset_produces_1 to 2024-07-05T00:00:00+00:00, run_after=2024-07-06T00:00:00+00:00
[2024-07-06T14:15:18.517+0000] {logging_mixin.py:150} INFO - [2024-07-06T14:15:18.517+0000] {dag.py:3508} INFO - Setting next_dagrun for dataset_produces_2 to None, run_after=None
[2024-07-06T14:15:18.549+0000] {processor.py:179} INFO - Processing /home/airflow/.local/lib/python3.7/site-packages/airflow/example_dags/example_datasets.py took 0.111 seconds
[2024-07-06T14:15:49.179+0000] {processor.py:157} INFO - Started process (PID=677) to work on /home/airflow/.local/lib/python3.7/site-packages/airflow/example_dags/example_datasets.py
[2024-07-06T14:15:49.181+0000] {processor.py:826} INFO - Processing file /home/airflow/.local/lib/python3.7/site-packages/airflow/example_dags/example_datasets.py for tasks to queue
[2024-07-06T14:15:49.183+0000] {logging_mixin.py:150} INFO - [2024-07-06T14:15:49.183+0000] {dagbag.py:541} INFO - Filling up the DagBag from /home/airflow/.local/lib/python3.7/site-packages/airflow/example_dags/example_datasets.py
[2024-07-06T14:15:49.191+0000] {processor.py:836} INFO - DAG(s) dict_keys(['dataset_consumes_1_and_2', 'dataset_consumes_unknown_never_scheduled', 'dataset_consumes_1', 'dataset_consumes_1_never_scheduled', 'dataset_produces_1', 'dataset_produces_2']) retrieved from /home/airflow/.local/lib/python3.7/site-packages/airflow/example_dags/example_datasets.py
[2024-07-06T14:15:49.219+0000] {logging_mixin.py:150} INFO - [2024-07-06T14:15:49.219+0000] {dag.py:2742} INFO - Sync 6 DAGs
[2024-07-06T14:15:49.235+0000] {logging_mixin.py:150} INFO - [2024-07-06T14:15:49.235+0000] {dag.py:3508} INFO - Setting next_dagrun for dataset_consumes_1 to None, run_after=None
[2024-07-06T14:15:49.238+0000] {logging_mixin.py:150} INFO - [2024-07-06T14:15:49.238+0000] {dag.py:3508} INFO - Setting next_dagrun for dataset_consumes_1_and_2 to None, run_after=None
[2024-07-06T14:15:49.239+0000] {logging_mixin.py:150} INFO - [2024-07-06T14:15:49.239+0000] {dag.py:3508} INFO - Setting next_dagrun for dataset_consumes_1_never_scheduled to None, run_after=None
[2024-07-06T14:15:49.241+0000] {logging_mixin.py:150} INFO - [2024-07-06T14:15:49.241+0000] {dag.py:3508} INFO - Setting next_dagrun for dataset_consumes_unknown_never_scheduled to None, run_after=None
[2024-07-06T14:15:49.243+0000] {logging_mixin.py:150} INFO - [2024-07-06T14:15:49.243+0000] {dag.py:3508} INFO - Setting next_dagrun for dataset_produces_1 to 2024-07-05T00:00:00+00:00, run_after=2024-07-06T00:00:00+00:00
[2024-07-06T14:15:49.245+0000] {logging_mixin.py:150} INFO - [2024-07-06T14:15:49.245+0000] {dag.py:3508} INFO - Setting next_dagrun for dataset_produces_2 to None, run_after=None
[2024-07-06T14:15:49.263+0000] {processor.py:179} INFO - Processing /home/airflow/.local/lib/python3.7/site-packages/airflow/example_dags/example_datasets.py took 0.086 seconds
[2024-07-06T14:16:19.758+0000] {processor.py:157} INFO - Started process (PID=740) to work on /home/airflow/.local/lib/python3.7/site-packages/airflow/example_dags/example_datasets.py
[2024-07-06T14:16:19.762+0000] {processor.py:826} INFO - Processing file /home/airflow/.local/lib/python3.7/site-packages/airflow/example_dags/example_datasets.py for tasks to queue
[2024-07-06T14:16:19.766+0000] {logging_mixin.py:150} INFO - [2024-07-06T14:16:19.766+0000] {dagbag.py:541} INFO - Filling up the DagBag from /home/airflow/.local/lib/python3.7/site-packages/airflow/example_dags/example_datasets.py
[2024-07-06T14:16:19.781+0000] {processor.py:836} INFO - DAG(s) dict_keys(['dataset_consumes_1_never_scheduled', 'dataset_consumes_1', 'dataset_produces_1', 'dataset_consumes_1_and_2', 'dataset_consumes_unknown_never_scheduled', 'dataset_produces_2']) retrieved from /home/airflow/.local/lib/python3.7/site-packages/airflow/example_dags/example_datasets.py
[2024-07-06T14:16:19.837+0000] {logging_mixin.py:150} INFO - [2024-07-06T14:16:19.836+0000] {dag.py:2742} INFO - Sync 6 DAGs
[2024-07-06T14:16:19.858+0000] {logging_mixin.py:150} INFO - [2024-07-06T14:16:19.858+0000] {dag.py:3508} INFO - Setting next_dagrun for dataset_consumes_1 to None, run_after=None
[2024-07-06T14:16:19.862+0000] {logging_mixin.py:150} INFO - [2024-07-06T14:16:19.861+0000] {dag.py:3508} INFO - Setting next_dagrun for dataset_consumes_1_and_2 to None, run_after=None
[2024-07-06T14:16:19.864+0000] {logging_mixin.py:150} INFO - [2024-07-06T14:16:19.864+0000] {dag.py:3508} INFO - Setting next_dagrun for dataset_consumes_1_never_scheduled to None, run_after=None
[2024-07-06T14:16:19.866+0000] {logging_mixin.py:150} INFO - [2024-07-06T14:16:19.865+0000] {dag.py:3508} INFO - Setting next_dagrun for dataset_consumes_unknown_never_scheduled to None, run_after=None
[2024-07-06T14:16:19.869+0000] {logging_mixin.py:150} INFO - [2024-07-06T14:16:19.868+0000] {dag.py:3508} INFO - Setting next_dagrun for dataset_produces_1 to 2024-07-05T00:00:00+00:00, run_after=2024-07-06T00:00:00+00:00
[2024-07-06T14:16:19.872+0000] {logging_mixin.py:150} INFO - [2024-07-06T14:16:19.872+0000] {dag.py:3508} INFO - Setting next_dagrun for dataset_produces_2 to None, run_after=None
[2024-07-06T14:16:19.901+0000] {processor.py:179} INFO - Processing /home/airflow/.local/lib/python3.7/site-packages/airflow/example_dags/example_datasets.py took 0.147 seconds
[2024-07-06T14:16:50.271+0000] {processor.py:157} INFO - Started process (PID=803) to work on /home/airflow/.local/lib/python3.7/site-packages/airflow/example_dags/example_datasets.py
[2024-07-06T14:16:50.273+0000] {processor.py:826} INFO - Processing file /home/airflow/.local/lib/python3.7/site-packages/airflow/example_dags/example_datasets.py for tasks to queue
[2024-07-06T14:16:50.274+0000] {logging_mixin.py:150} INFO - [2024-07-06T14:16:50.274+0000] {dagbag.py:541} INFO - Filling up the DagBag from /home/airflow/.local/lib/python3.7/site-packages/airflow/example_dags/example_datasets.py
[2024-07-06T14:16:50.284+0000] {processor.py:836} INFO - DAG(s) dict_keys(['dataset_produces_2', 'dataset_consumes_1', 'dataset_consumes_unknown_never_scheduled', 'dataset_consumes_1_and_2', 'dataset_consumes_1_never_scheduled', 'dataset_produces_1']) retrieved from /home/airflow/.local/lib/python3.7/site-packages/airflow/example_dags/example_datasets.py
[2024-07-06T14:16:50.315+0000] {logging_mixin.py:150} INFO - [2024-07-06T14:16:50.315+0000] {dag.py:2742} INFO - Sync 6 DAGs
[2024-07-06T14:16:50.333+0000] {logging_mixin.py:150} INFO - [2024-07-06T14:16:50.332+0000] {dag.py:3508} INFO - Setting next_dagrun for dataset_consumes_1 to None, run_after=None
[2024-07-06T14:16:50.336+0000] {logging_mixin.py:150} INFO - [2024-07-06T14:16:50.336+0000] {dag.py:3508} INFO - Setting next_dagrun for dataset_consumes_1_and_2 to None, run_after=None
[2024-07-06T14:16:50.338+0000] {logging_mixin.py:150} INFO - [2024-07-06T14:16:50.338+0000] {dag.py:3508} INFO - Setting next_dagrun for dataset_consumes_1_never_scheduled to None, run_after=None
[2024-07-06T14:16:50.340+0000] {logging_mixin.py:150} INFO - [2024-07-06T14:16:50.340+0000] {dag.py:3508} INFO - Setting next_dagrun for dataset_consumes_unknown_never_scheduled to None, run_after=None
[2024-07-06T14:16:50.342+0000] {logging_mixin.py:150} INFO - [2024-07-06T14:16:50.342+0000] {dag.py:3508} INFO - Setting next_dagrun for dataset_produces_1 to 2024-07-05T00:00:00+00:00, run_after=2024-07-06T00:00:00+00:00
[2024-07-06T14:16:50.344+0000] {logging_mixin.py:150} INFO - [2024-07-06T14:16:50.344+0000] {dag.py:3508} INFO - Setting next_dagrun for dataset_produces_2 to None, run_after=None
[2024-07-06T14:16:50.371+0000] {processor.py:179} INFO - Processing /home/airflow/.local/lib/python3.7/site-packages/airflow/example_dags/example_datasets.py took 0.103 seconds
[2024-07-06T14:17:20.599+0000] {processor.py:157} INFO - Started process (PID=866) to work on /home/airflow/.local/lib/python3.7/site-packages/airflow/example_dags/example_datasets.py
[2024-07-06T14:17:20.602+0000] {processor.py:826} INFO - Processing file /home/airflow/.local/lib/python3.7/site-packages/airflow/example_dags/example_datasets.py for tasks to queue
[2024-07-06T14:17:20.604+0000] {logging_mixin.py:150} INFO - [2024-07-06T14:17:20.603+0000] {dagbag.py:541} INFO - Filling up the DagBag from /home/airflow/.local/lib/python3.7/site-packages/airflow/example_dags/example_datasets.py
[2024-07-06T14:17:20.611+0000] {processor.py:836} INFO - DAG(s) dict_keys(['dataset_produces_2', 'dataset_consumes_unknown_never_scheduled', 'dataset_consumes_1_and_2', 'dataset_produces_1', 'dataset_consumes_1', 'dataset_consumes_1_never_scheduled']) retrieved from /home/airflow/.local/lib/python3.7/site-packages/airflow/example_dags/example_datasets.py
[2024-07-06T14:17:20.639+0000] {logging_mixin.py:150} INFO - [2024-07-06T14:17:20.638+0000] {dag.py:2742} INFO - Sync 6 DAGs
[2024-07-06T14:17:20.654+0000] {logging_mixin.py:150} INFO - [2024-07-06T14:17:20.654+0000] {dag.py:3508} INFO - Setting next_dagrun for dataset_consumes_1 to None, run_after=None
[2024-07-06T14:17:20.657+0000] {logging_mixin.py:150} INFO - [2024-07-06T14:17:20.657+0000] {dag.py:3508} INFO - Setting next_dagrun for dataset_consumes_1_and_2 to None, run_after=None
[2024-07-06T14:17:20.660+0000] {logging_mixin.py:150} INFO - [2024-07-06T14:17:20.660+0000] {dag.py:3508} INFO - Setting next_dagrun for dataset_consumes_1_never_scheduled to None, run_after=None
[2024-07-06T14:17:20.661+0000] {logging_mixin.py:150} INFO - [2024-07-06T14:17:20.661+0000] {dag.py:3508} INFO - Setting next_dagrun for dataset_consumes_unknown_never_scheduled to None, run_after=None
[2024-07-06T14:17:20.664+0000] {logging_mixin.py:150} INFO - [2024-07-06T14:17:20.663+0000] {dag.py:3508} INFO - Setting next_dagrun for dataset_produces_1 to 2024-07-05T00:00:00+00:00, run_after=2024-07-06T00:00:00+00:00
[2024-07-06T14:17:20.665+0000] {logging_mixin.py:150} INFO - [2024-07-06T14:17:20.665+0000] {dag.py:3508} INFO - Setting next_dagrun for dataset_produces_2 to None, run_after=None
[2024-07-06T14:17:20.683+0000] {processor.py:179} INFO - Processing /home/airflow/.local/lib/python3.7/site-packages/airflow/example_dags/example_datasets.py took 0.086 seconds
[2024-07-06T14:17:50.861+0000] {processor.py:157} INFO - Started process (PID=928) to work on /home/airflow/.local/lib/python3.7/site-packages/airflow/example_dags/example_datasets.py
[2024-07-06T14:17:50.864+0000] {processor.py:826} INFO - Processing file /home/airflow/.local/lib/python3.7/site-packages/airflow/example_dags/example_datasets.py for tasks to queue
[2024-07-06T14:17:50.865+0000] {logging_mixin.py:150} INFO - [2024-07-06T14:17:50.865+0000] {dagbag.py:541} INFO - Filling up the DagBag from /home/airflow/.local/lib/python3.7/site-packages/airflow/example_dags/example_datasets.py
[2024-07-06T14:17:50.873+0000] {processor.py:836} INFO - DAG(s) dict_keys(['dataset_consumes_unknown_never_scheduled', 'dataset_produces_2', 'dataset_consumes_1', 'dataset_produces_1', 'dataset_consumes_1_never_scheduled', 'dataset_consumes_1_and_2']) retrieved from /home/airflow/.local/lib/python3.7/site-packages/airflow/example_dags/example_datasets.py
[2024-07-06T14:17:50.904+0000] {logging_mixin.py:150} INFO - [2024-07-06T14:17:50.904+0000] {dag.py:2742} INFO - Sync 6 DAGs
[2024-07-06T14:17:50.925+0000] {logging_mixin.py:150} INFO - [2024-07-06T14:17:50.924+0000] {dag.py:3508} INFO - Setting next_dagrun for dataset_consumes_1 to None, run_after=None
[2024-07-06T14:17:50.928+0000] {logging_mixin.py:150} INFO - [2024-07-06T14:17:50.928+0000] {dag.py:3508} INFO - Setting next_dagrun for dataset_consumes_1_and_2 to None, run_after=None
[2024-07-06T14:17:50.930+0000] {logging_mixin.py:150} INFO - [2024-07-06T14:17:50.930+0000] {dag.py:3508} INFO - Setting next_dagrun for dataset_consumes_1_never_scheduled to None, run_after=None
[2024-07-06T14:17:50.931+0000] {logging_mixin.py:150} INFO - [2024-07-06T14:17:50.931+0000] {dag.py:3508} INFO - Setting next_dagrun for dataset_consumes_unknown_never_scheduled to None, run_after=None
[2024-07-06T14:17:50.934+0000] {logging_mixin.py:150} INFO - [2024-07-06T14:17:50.934+0000] {dag.py:3508} INFO - Setting next_dagrun for dataset_produces_1 to 2024-07-05T00:00:00+00:00, run_after=2024-07-06T00:00:00+00:00
[2024-07-06T14:17:50.936+0000] {logging_mixin.py:150} INFO - [2024-07-06T14:17:50.936+0000] {dag.py:3508} INFO - Setting next_dagrun for dataset_produces_2 to None, run_after=None
[2024-07-06T14:17:50.958+0000] {processor.py:179} INFO - Processing /home/airflow/.local/lib/python3.7/site-packages/airflow/example_dags/example_datasets.py took 0.103 seconds
[2024-07-06T14:18:21.186+0000] {processor.py:157} INFO - Started process (PID=991) to work on /home/airflow/.local/lib/python3.7/site-packages/airflow/example_dags/example_datasets.py
[2024-07-06T14:18:21.188+0000] {processor.py:826} INFO - Processing file /home/airflow/.local/lib/python3.7/site-packages/airflow/example_dags/example_datasets.py for tasks to queue
[2024-07-06T14:18:21.190+0000] {logging_mixin.py:150} INFO - [2024-07-06T14:18:21.189+0000] {dagbag.py:541} INFO - Filling up the DagBag from /home/airflow/.local/lib/python3.7/site-packages/airflow/example_dags/example_datasets.py
[2024-07-06T14:18:21.198+0000] {processor.py:836} INFO - DAG(s) dict_keys(['dataset_consumes_1', 'dataset_produces_2', 'dataset_produces_1', 'dataset_consumes_1_and_2', 'dataset_consumes_unknown_never_scheduled', 'dataset_consumes_1_never_scheduled']) retrieved from /home/airflow/.local/lib/python3.7/site-packages/airflow/example_dags/example_datasets.py
[2024-07-06T14:18:21.227+0000] {logging_mixin.py:150} INFO - [2024-07-06T14:18:21.227+0000] {dag.py:2742} INFO - Sync 6 DAGs
[2024-07-06T14:18:21.245+0000] {logging_mixin.py:150} INFO - [2024-07-06T14:18:21.245+0000] {dag.py:3508} INFO - Setting next_dagrun for dataset_consumes_1 to None, run_after=None
[2024-07-06T14:18:21.248+0000] {logging_mixin.py:150} INFO - [2024-07-06T14:18:21.248+0000] {dag.py:3508} INFO - Setting next_dagrun for dataset_consumes_1_and_2 to None, run_after=None
[2024-07-06T14:18:21.252+0000] {logging_mixin.py:150} INFO - [2024-07-06T14:18:21.251+0000] {dag.py:3508} INFO - Setting next_dagrun for dataset_consumes_1_never_scheduled to None, run_after=None
[2024-07-06T14:18:21.254+0000] {logging_mixin.py:150} INFO - [2024-07-06T14:18:21.254+0000] {dag.py:3508} INFO - Setting next_dagrun for dataset_consumes_unknown_never_scheduled to None, run_after=None
[2024-07-06T14:18:21.256+0000] {logging_mixin.py:150} INFO - [2024-07-06T14:18:21.256+0000] {dag.py:3508} INFO - Setting next_dagrun for dataset_produces_1 to 2024-07-05T00:00:00+00:00, run_after=2024-07-06T00:00:00+00:00
[2024-07-06T14:18:21.258+0000] {logging_mixin.py:150} INFO - [2024-07-06T14:18:21.258+0000] {dag.py:3508} INFO - Setting next_dagrun for dataset_produces_2 to None, run_after=None
[2024-07-06T14:18:21.281+0000] {processor.py:179} INFO - Processing /home/airflow/.local/lib/python3.7/site-packages/airflow/example_dags/example_datasets.py took 0.098 seconds
[2024-07-06T14:18:51.625+0000] {processor.py:157} INFO - Started process (PID=1054) to work on /home/airflow/.local/lib/python3.7/site-packages/airflow/example_dags/example_datasets.py
[2024-07-06T14:18:51.627+0000] {processor.py:826} INFO - Processing file /home/airflow/.local/lib/python3.7/site-packages/airflow/example_dags/example_datasets.py for tasks to queue
[2024-07-06T14:18:51.629+0000] {logging_mixin.py:150} INFO - [2024-07-06T14:18:51.628+0000] {dagbag.py:541} INFO - Filling up the DagBag from /home/airflow/.local/lib/python3.7/site-packages/airflow/example_dags/example_datasets.py
[2024-07-06T14:18:51.637+0000] {processor.py:836} INFO - DAG(s) dict_keys(['dataset_consumes_1', 'dataset_consumes_1_never_scheduled', 'dataset_consumes_1_and_2', 'dataset_produces_2', 'dataset_consumes_unknown_never_scheduled', 'dataset_produces_1']) retrieved from /home/airflow/.local/lib/python3.7/site-packages/airflow/example_dags/example_datasets.py
[2024-07-06T14:18:51.668+0000] {logging_mixin.py:150} INFO - [2024-07-06T14:18:51.668+0000] {dag.py:2742} INFO - Sync 6 DAGs
[2024-07-06T14:18:51.686+0000] {logging_mixin.py:150} INFO - [2024-07-06T14:18:51.685+0000] {dag.py:3508} INFO - Setting next_dagrun for dataset_consumes_1 to None, run_after=None
[2024-07-06T14:18:51.688+0000] {logging_mixin.py:150} INFO - [2024-07-06T14:18:51.688+0000] {dag.py:3508} INFO - Setting next_dagrun for dataset_consumes_1_and_2 to None, run_after=None
[2024-07-06T14:18:51.691+0000] {logging_mixin.py:150} INFO - [2024-07-06T14:18:51.691+0000] {dag.py:3508} INFO - Setting next_dagrun for dataset_consumes_1_never_scheduled to None, run_after=None
[2024-07-06T14:18:51.693+0000] {logging_mixin.py:150} INFO - [2024-07-06T14:18:51.693+0000] {dag.py:3508} INFO - Setting next_dagrun for dataset_consumes_unknown_never_scheduled to None, run_after=None
[2024-07-06T14:18:51.695+0000] {logging_mixin.py:150} INFO - [2024-07-06T14:18:51.695+0000] {dag.py:3508} INFO - Setting next_dagrun for dataset_produces_1 to 2024-07-05T00:00:00+00:00, run_after=2024-07-06T00:00:00+00:00
[2024-07-06T14:18:51.696+0000] {logging_mixin.py:150} INFO - [2024-07-06T14:18:51.696+0000] {dag.py:3508} INFO - Setting next_dagrun for dataset_produces_2 to None, run_after=None
[2024-07-06T14:18:51.717+0000] {processor.py:179} INFO - Processing /home/airflow/.local/lib/python3.7/site-packages/airflow/example_dags/example_datasets.py took 0.095 seconds
[2024-07-06T14:19:21.852+0000] {processor.py:157} INFO - Started process (PID=1117) to work on /home/airflow/.local/lib/python3.7/site-packages/airflow/example_dags/example_datasets.py
[2024-07-06T14:19:21.853+0000] {processor.py:826} INFO - Processing file /home/airflow/.local/lib/python3.7/site-packages/airflow/example_dags/example_datasets.py for tasks to queue
[2024-07-06T14:19:21.855+0000] {logging_mixin.py:150} INFO - [2024-07-06T14:19:21.855+0000] {dagbag.py:541} INFO - Filling up the DagBag from /home/airflow/.local/lib/python3.7/site-packages/airflow/example_dags/example_datasets.py
[2024-07-06T14:19:21.862+0000] {processor.py:836} INFO - DAG(s) dict_keys(['dataset_produces_1', 'dataset_consumes_1', 'dataset_consumes_1_and_2', 'dataset_consumes_unknown_never_scheduled', 'dataset_consumes_1_never_scheduled', 'dataset_produces_2']) retrieved from /home/airflow/.local/lib/python3.7/site-packages/airflow/example_dags/example_datasets.py
[2024-07-06T14:19:21.888+0000] {logging_mixin.py:150} INFO - [2024-07-06T14:19:21.888+0000] {dag.py:2742} INFO - Sync 6 DAGs
[2024-07-06T14:19:21.904+0000] {logging_mixin.py:150} INFO - [2024-07-06T14:19:21.904+0000] {dag.py:3508} INFO - Setting next_dagrun for dataset_consumes_1 to None, run_after=None
[2024-07-06T14:19:21.907+0000] {logging_mixin.py:150} INFO - [2024-07-06T14:19:21.907+0000] {dag.py:3508} INFO - Setting next_dagrun for dataset_consumes_1_and_2 to None, run_after=None
[2024-07-06T14:19:21.909+0000] {logging_mixin.py:150} INFO - [2024-07-06T14:19:21.908+0000] {dag.py:3508} INFO - Setting next_dagrun for dataset_consumes_1_never_scheduled to None, run_after=None
[2024-07-06T14:19:21.910+0000] {logging_mixin.py:150} INFO - [2024-07-06T14:19:21.910+0000] {dag.py:3508} INFO - Setting next_dagrun for dataset_consumes_unknown_never_scheduled to None, run_after=None
[2024-07-06T14:19:21.912+0000] {logging_mixin.py:150} INFO - [2024-07-06T14:19:21.912+0000] {dag.py:3508} INFO - Setting next_dagrun for dataset_produces_1 to 2024-07-05T00:00:00+00:00, run_after=2024-07-06T00:00:00+00:00
[2024-07-06T14:19:21.914+0000] {logging_mixin.py:150} INFO - [2024-07-06T14:19:21.914+0000] {dag.py:3508} INFO - Setting next_dagrun for dataset_produces_2 to None, run_after=None
[2024-07-06T14:19:21.932+0000] {processor.py:179} INFO - Processing /home/airflow/.local/lib/python3.7/site-packages/airflow/example_dags/example_datasets.py took 0.084 seconds
[2024-07-06T14:19:52.034+0000] {processor.py:157} INFO - Started process (PID=1180) to work on /home/airflow/.local/lib/python3.7/site-packages/airflow/example_dags/example_datasets.py
[2024-07-06T14:19:52.036+0000] {processor.py:826} INFO - Processing file /home/airflow/.local/lib/python3.7/site-packages/airflow/example_dags/example_datasets.py for tasks to queue
[2024-07-06T14:19:52.037+0000] {logging_mixin.py:150} INFO - [2024-07-06T14:19:52.037+0000] {dagbag.py:541} INFO - Filling up the DagBag from /home/airflow/.local/lib/python3.7/site-packages/airflow/example_dags/example_datasets.py
[2024-07-06T14:19:52.044+0000] {processor.py:836} INFO - DAG(s) dict_keys(['dataset_produces_1', 'dataset_consumes_1_and_2', 'dataset_produces_2', 'dataset_consumes_1', 'dataset_consumes_1_never_scheduled', 'dataset_consumes_unknown_never_scheduled']) retrieved from /home/airflow/.local/lib/python3.7/site-packages/airflow/example_dags/example_datasets.py
[2024-07-06T14:19:52.074+0000] {logging_mixin.py:150} INFO - [2024-07-06T14:19:52.074+0000] {dag.py:2742} INFO - Sync 6 DAGs
[2024-07-06T14:19:52.093+0000] {logging_mixin.py:150} INFO - [2024-07-06T14:19:52.093+0000] {dag.py:3508} INFO - Setting next_dagrun for dataset_consumes_1 to None, run_after=None
[2024-07-06T14:19:52.096+0000] {logging_mixin.py:150} INFO - [2024-07-06T14:19:52.096+0000] {dag.py:3508} INFO - Setting next_dagrun for dataset_consumes_1_and_2 to None, run_after=None
[2024-07-06T14:19:52.099+0000] {logging_mixin.py:150} INFO - [2024-07-06T14:19:52.099+0000] {dag.py:3508} INFO - Setting next_dagrun for dataset_consumes_1_never_scheduled to None, run_after=None
[2024-07-06T14:19:52.100+0000] {logging_mixin.py:150} INFO - [2024-07-06T14:19:52.100+0000] {dag.py:3508} INFO - Setting next_dagrun for dataset_consumes_unknown_never_scheduled to None, run_after=None
[2024-07-06T14:19:52.104+0000] {logging_mixin.py:150} INFO - [2024-07-06T14:19:52.104+0000] {dag.py:3508} INFO - Setting next_dagrun for dataset_produces_1 to 2024-07-05T00:00:00+00:00, run_after=2024-07-06T00:00:00+00:00
[2024-07-06T14:19:52.106+0000] {logging_mixin.py:150} INFO - [2024-07-06T14:19:52.106+0000] {dag.py:3508} INFO - Setting next_dagrun for dataset_produces_2 to None, run_after=None
[2024-07-06T14:19:52.128+0000] {processor.py:179} INFO - Processing /home/airflow/.local/lib/python3.7/site-packages/airflow/example_dags/example_datasets.py took 0.097 seconds
[2024-07-06T14:20:22.639+0000] {processor.py:157} INFO - Started process (PID=1242) to work on /home/airflow/.local/lib/python3.7/site-packages/airflow/example_dags/example_datasets.py
[2024-07-06T14:20:22.641+0000] {processor.py:826} INFO - Processing file /home/airflow/.local/lib/python3.7/site-packages/airflow/example_dags/example_datasets.py for tasks to queue
[2024-07-06T14:20:22.643+0000] {logging_mixin.py:150} INFO - [2024-07-06T14:20:22.643+0000] {dagbag.py:541} INFO - Filling up the DagBag from /home/airflow/.local/lib/python3.7/site-packages/airflow/example_dags/example_datasets.py
[2024-07-06T14:20:22.651+0000] {processor.py:836} INFO - DAG(s) dict_keys(['dataset_produces_2', 'dataset_consumes_1', 'dataset_produces_1', 'dataset_consumes_1_never_scheduled', 'dataset_consumes_unknown_never_scheduled', 'dataset_consumes_1_and_2']) retrieved from /home/airflow/.local/lib/python3.7/site-packages/airflow/example_dags/example_datasets.py
[2024-07-06T14:20:22.680+0000] {logging_mixin.py:150} INFO - [2024-07-06T14:20:22.680+0000] {dag.py:2742} INFO - Sync 6 DAGs
[2024-07-06T14:20:22.699+0000] {logging_mixin.py:150} INFO - [2024-07-06T14:20:22.699+0000] {dag.py:3508} INFO - Setting next_dagrun for dataset_consumes_1 to None, run_after=None
[2024-07-06T14:20:22.702+0000] {logging_mixin.py:150} INFO - [2024-07-06T14:20:22.702+0000] {dag.py:3508} INFO - Setting next_dagrun for dataset_consumes_1_and_2 to None, run_after=None
[2024-07-06T14:20:22.704+0000] {logging_mixin.py:150} INFO - [2024-07-06T14:20:22.704+0000] {dag.py:3508} INFO - Setting next_dagrun for dataset_consumes_1_never_scheduled to None, run_after=None
[2024-07-06T14:20:22.707+0000] {logging_mixin.py:150} INFO - [2024-07-06T14:20:22.706+0000] {dag.py:3508} INFO - Setting next_dagrun for dataset_consumes_unknown_never_scheduled to None, run_after=None
[2024-07-06T14:20:22.709+0000] {logging_mixin.py:150} INFO - [2024-07-06T14:20:22.709+0000] {dag.py:3508} INFO - Setting next_dagrun for dataset_produces_1 to 2024-07-05T00:00:00+00:00, run_after=2024-07-06T00:00:00+00:00
[2024-07-06T14:20:22.711+0000] {logging_mixin.py:150} INFO - [2024-07-06T14:20:22.711+0000] {dag.py:3508} INFO - Setting next_dagrun for dataset_produces_2 to None, run_after=None
[2024-07-06T14:20:22.732+0000] {processor.py:179} INFO - Processing /home/airflow/.local/lib/python3.7/site-packages/airflow/example_dags/example_datasets.py took 0.095 seconds
[2024-07-06T14:20:53.190+0000] {processor.py:157} INFO - Started process (PID=1305) to work on /home/airflow/.local/lib/python3.7/site-packages/airflow/example_dags/example_datasets.py
[2024-07-06T14:20:53.192+0000] {processor.py:826} INFO - Processing file /home/airflow/.local/lib/python3.7/site-packages/airflow/example_dags/example_datasets.py for tasks to queue
[2024-07-06T14:20:53.194+0000] {logging_mixin.py:150} INFO - [2024-07-06T14:20:53.194+0000] {dagbag.py:541} INFO - Filling up the DagBag from /home/airflow/.local/lib/python3.7/site-packages/airflow/example_dags/example_datasets.py
[2024-07-06T14:20:53.201+0000] {processor.py:836} INFO - DAG(s) dict_keys(['dataset_consumes_1', 'dataset_produces_1', 'dataset_consumes_1_and_2', 'dataset_consumes_1_never_scheduled', 'dataset_produces_2', 'dataset_consumes_unknown_never_scheduled']) retrieved from /home/airflow/.local/lib/python3.7/site-packages/airflow/example_dags/example_datasets.py
[2024-07-06T14:20:53.231+0000] {logging_mixin.py:150} INFO - [2024-07-06T14:20:53.231+0000] {dag.py:2742} INFO - Sync 6 DAGs
[2024-07-06T14:20:53.249+0000] {logging_mixin.py:150} INFO - [2024-07-06T14:20:53.249+0000] {dag.py:3508} INFO - Setting next_dagrun for dataset_consumes_1 to None, run_after=None
[2024-07-06T14:20:53.252+0000] {logging_mixin.py:150} INFO - [2024-07-06T14:20:53.252+0000] {dag.py:3508} INFO - Setting next_dagrun for dataset_consumes_1_and_2 to None, run_after=None
[2024-07-06T14:20:53.254+0000] {logging_mixin.py:150} INFO - [2024-07-06T14:20:53.254+0000] {dag.py:3508} INFO - Setting next_dagrun for dataset_consumes_1_never_scheduled to None, run_after=None
[2024-07-06T14:20:53.255+0000] {logging_mixin.py:150} INFO - [2024-07-06T14:20:53.255+0000] {dag.py:3508} INFO - Setting next_dagrun for dataset_consumes_unknown_never_scheduled to None, run_after=None
[2024-07-06T14:20:53.258+0000] {logging_mixin.py:150} INFO - [2024-07-06T14:20:53.258+0000] {dag.py:3508} INFO - Setting next_dagrun for dataset_produces_1 to 2024-07-05T00:00:00+00:00, run_after=2024-07-06T00:00:00+00:00
[2024-07-06T14:20:53.259+0000] {logging_mixin.py:150} INFO - [2024-07-06T14:20:53.259+0000] {dag.py:3508} INFO - Setting next_dagrun for dataset_produces_2 to None, run_after=None
[2024-07-06T14:20:53.282+0000] {processor.py:179} INFO - Processing /home/airflow/.local/lib/python3.7/site-packages/airflow/example_dags/example_datasets.py took 0.095 seconds
[2024-07-06T14:21:23.777+0000] {processor.py:157} INFO - Started process (PID=1368) to work on /home/airflow/.local/lib/python3.7/site-packages/airflow/example_dags/example_datasets.py
[2024-07-06T14:21:23.779+0000] {processor.py:826} INFO - Processing file /home/airflow/.local/lib/python3.7/site-packages/airflow/example_dags/example_datasets.py for tasks to queue
[2024-07-06T14:21:23.780+0000] {logging_mixin.py:150} INFO - [2024-07-06T14:21:23.780+0000] {dagbag.py:541} INFO - Filling up the DagBag from /home/airflow/.local/lib/python3.7/site-packages/airflow/example_dags/example_datasets.py
[2024-07-06T14:21:23.791+0000] {processor.py:836} INFO - DAG(s) dict_keys(['dataset_produces_1', 'dataset_produces_2', 'dataset_consumes_unknown_never_scheduled', 'dataset_consumes_1_and_2', 'dataset_consumes_1_never_scheduled', 'dataset_consumes_1']) retrieved from /home/airflow/.local/lib/python3.7/site-packages/airflow/example_dags/example_datasets.py
[2024-07-06T14:21:23.828+0000] {logging_mixin.py:150} INFO - [2024-07-06T14:21:23.828+0000] {dag.py:2742} INFO - Sync 6 DAGs
[2024-07-06T14:21:23.846+0000] {logging_mixin.py:150} INFO - [2024-07-06T14:21:23.846+0000] {dag.py:3508} INFO - Setting next_dagrun for dataset_consumes_1 to None, run_after=None
[2024-07-06T14:21:23.849+0000] {logging_mixin.py:150} INFO - [2024-07-06T14:21:23.849+0000] {dag.py:3508} INFO - Setting next_dagrun for dataset_consumes_1_and_2 to None, run_after=None
[2024-07-06T14:21:23.851+0000] {logging_mixin.py:150} INFO - [2024-07-06T14:21:23.851+0000] {dag.py:3508} INFO - Setting next_dagrun for dataset_consumes_1_never_scheduled to None, run_after=None
[2024-07-06T14:21:23.852+0000] {logging_mixin.py:150} INFO - [2024-07-06T14:21:23.852+0000] {dag.py:3508} INFO - Setting next_dagrun for dataset_consumes_unknown_never_scheduled to None, run_after=None
[2024-07-06T14:21:23.855+0000] {logging_mixin.py:150} INFO - [2024-07-06T14:21:23.854+0000] {dag.py:3508} INFO - Setting next_dagrun for dataset_produces_1 to 2024-07-05T00:00:00+00:00, run_after=2024-07-06T00:00:00+00:00
[2024-07-06T14:21:23.856+0000] {logging_mixin.py:150} INFO - [2024-07-06T14:21:23.856+0000] {dag.py:3508} INFO - Setting next_dagrun for dataset_produces_2 to None, run_after=None
[2024-07-06T14:21:23.879+0000] {processor.py:179} INFO - Processing /home/airflow/.local/lib/python3.7/site-packages/airflow/example_dags/example_datasets.py took 0.107 seconds
[2024-07-06T14:21:54.169+0000] {processor.py:157} INFO - Started process (PID=1431) to work on /home/airflow/.local/lib/python3.7/site-packages/airflow/example_dags/example_datasets.py
[2024-07-06T14:21:54.171+0000] {processor.py:826} INFO - Processing file /home/airflow/.local/lib/python3.7/site-packages/airflow/example_dags/example_datasets.py for tasks to queue
[2024-07-06T14:21:54.172+0000] {logging_mixin.py:150} INFO - [2024-07-06T14:21:54.172+0000] {dagbag.py:541} INFO - Filling up the DagBag from /home/airflow/.local/lib/python3.7/site-packages/airflow/example_dags/example_datasets.py
[2024-07-06T14:21:54.179+0000] {processor.py:836} INFO - DAG(s) dict_keys(['dataset_consumes_unknown_never_scheduled', 'dataset_consumes_1', 'dataset_consumes_1_never_scheduled', 'dataset_produces_1', 'dataset_consumes_1_and_2', 'dataset_produces_2']) retrieved from /home/airflow/.local/lib/python3.7/site-packages/airflow/example_dags/example_datasets.py
[2024-07-06T14:21:54.207+0000] {logging_mixin.py:150} INFO - [2024-07-06T14:21:54.207+0000] {dag.py:2742} INFO - Sync 6 DAGs
[2024-07-06T14:21:54.223+0000] {logging_mixin.py:150} INFO - [2024-07-06T14:21:54.223+0000] {dag.py:3508} INFO - Setting next_dagrun for dataset_consumes_1 to None, run_after=None
[2024-07-06T14:21:54.227+0000] {logging_mixin.py:150} INFO - [2024-07-06T14:21:54.227+0000] {dag.py:3508} INFO - Setting next_dagrun for dataset_consumes_1_and_2 to None, run_after=None
[2024-07-06T14:21:54.228+0000] {logging_mixin.py:150} INFO - [2024-07-06T14:21:54.228+0000] {dag.py:3508} INFO - Setting next_dagrun for dataset_consumes_1_never_scheduled to None, run_after=None
[2024-07-06T14:21:54.229+0000] {logging_mixin.py:150} INFO - [2024-07-06T14:21:54.229+0000] {dag.py:3508} INFO - Setting next_dagrun for dataset_consumes_unknown_never_scheduled to None, run_after=None
[2024-07-06T14:21:54.231+0000] {logging_mixin.py:150} INFO - [2024-07-06T14:21:54.231+0000] {dag.py:3508} INFO - Setting next_dagrun for dataset_produces_1 to 2024-07-05T00:00:00+00:00, run_after=2024-07-06T00:00:00+00:00
[2024-07-06T14:21:54.233+0000] {logging_mixin.py:150} INFO - [2024-07-06T14:21:54.233+0000] {dag.py:3508} INFO - Setting next_dagrun for dataset_produces_2 to None, run_after=None
[2024-07-06T14:21:54.255+0000] {processor.py:179} INFO - Processing /home/airflow/.local/lib/python3.7/site-packages/airflow/example_dags/example_datasets.py took 0.088 seconds
[2024-07-06T14:22:24.409+0000] {processor.py:157} INFO - Started process (PID=1494) to work on /home/airflow/.local/lib/python3.7/site-packages/airflow/example_dags/example_datasets.py
[2024-07-06T14:22:24.411+0000] {processor.py:826} INFO - Processing file /home/airflow/.local/lib/python3.7/site-packages/airflow/example_dags/example_datasets.py for tasks to queue
[2024-07-06T14:22:24.413+0000] {logging_mixin.py:150} INFO - [2024-07-06T14:22:24.413+0000] {dagbag.py:541} INFO - Filling up the DagBag from /home/airflow/.local/lib/python3.7/site-packages/airflow/example_dags/example_datasets.py
[2024-07-06T14:22:24.420+0000] {processor.py:836} INFO - DAG(s) dict_keys(['dataset_produces_2', 'dataset_consumes_unknown_never_scheduled', 'dataset_consumes_1_never_scheduled', 'dataset_consumes_1_and_2', 'dataset_produces_1', 'dataset_consumes_1']) retrieved from /home/airflow/.local/lib/python3.7/site-packages/airflow/example_dags/example_datasets.py
[2024-07-06T14:22:24.448+0000] {logging_mixin.py:150} INFO - [2024-07-06T14:22:24.448+0000] {dag.py:2742} INFO - Sync 6 DAGs
[2024-07-06T14:22:24.465+0000] {logging_mixin.py:150} INFO - [2024-07-06T14:22:24.465+0000] {dag.py:3508} INFO - Setting next_dagrun for dataset_consumes_1 to None, run_after=None
[2024-07-06T14:22:24.469+0000] {logging_mixin.py:150} INFO - [2024-07-06T14:22:24.469+0000] {dag.py:3508} INFO - Setting next_dagrun for dataset_consumes_1_and_2 to None, run_after=None
[2024-07-06T14:22:24.471+0000] {logging_mixin.py:150} INFO - [2024-07-06T14:22:24.471+0000] {dag.py:3508} INFO - Setting next_dagrun for dataset_consumes_1_never_scheduled to None, run_after=None
[2024-07-06T14:22:24.474+0000] {logging_mixin.py:150} INFO - [2024-07-06T14:22:24.474+0000] {dag.py:3508} INFO - Setting next_dagrun for dataset_consumes_unknown_never_scheduled to None, run_after=None
[2024-07-06T14:22:24.476+0000] {logging_mixin.py:150} INFO - [2024-07-06T14:22:24.476+0000] {dag.py:3508} INFO - Setting next_dagrun for dataset_produces_1 to 2024-07-05T00:00:00+00:00, run_after=2024-07-06T00:00:00+00:00
[2024-07-06T14:22:24.478+0000] {logging_mixin.py:150} INFO - [2024-07-06T14:22:24.478+0000] {dag.py:3508} INFO - Setting next_dagrun for dataset_produces_2 to None, run_after=None
[2024-07-06T14:22:24.506+0000] {processor.py:179} INFO - Processing /home/airflow/.local/lib/python3.7/site-packages/airflow/example_dags/example_datasets.py took 0.100 seconds
[2024-07-06T14:22:54.887+0000] {processor.py:157} INFO - Started process (PID=1557) to work on /home/airflow/.local/lib/python3.7/site-packages/airflow/example_dags/example_datasets.py
[2024-07-06T14:22:54.889+0000] {processor.py:826} INFO - Processing file /home/airflow/.local/lib/python3.7/site-packages/airflow/example_dags/example_datasets.py for tasks to queue
[2024-07-06T14:22:54.892+0000] {logging_mixin.py:150} INFO - [2024-07-06T14:22:54.891+0000] {dagbag.py:541} INFO - Filling up the DagBag from /home/airflow/.local/lib/python3.7/site-packages/airflow/example_dags/example_datasets.py
[2024-07-06T14:22:54.901+0000] {processor.py:836} INFO - DAG(s) dict_keys(['dataset_produces_2', 'dataset_consumes_1_never_scheduled', 'dataset_consumes_1_and_2', 'dataset_consumes_unknown_never_scheduled', 'dataset_consumes_1', 'dataset_produces_1']) retrieved from /home/airflow/.local/lib/python3.7/site-packages/airflow/example_dags/example_datasets.py
[2024-07-06T14:22:54.929+0000] {logging_mixin.py:150} INFO - [2024-07-06T14:22:54.929+0000] {dag.py:2742} INFO - Sync 6 DAGs
[2024-07-06T14:22:54.947+0000] {logging_mixin.py:150} INFO - [2024-07-06T14:22:54.946+0000] {dag.py:3508} INFO - Setting next_dagrun for dataset_consumes_1 to None, run_after=None
[2024-07-06T14:22:54.949+0000] {logging_mixin.py:150} INFO - [2024-07-06T14:22:54.949+0000] {dag.py:3508} INFO - Setting next_dagrun for dataset_consumes_1_and_2 to None, run_after=None
[2024-07-06T14:22:54.951+0000] {logging_mixin.py:150} INFO - [2024-07-06T14:22:54.951+0000] {dag.py:3508} INFO - Setting next_dagrun for dataset_consumes_1_never_scheduled to None, run_after=None
[2024-07-06T14:22:54.952+0000] {logging_mixin.py:150} INFO - [2024-07-06T14:22:54.952+0000] {dag.py:3508} INFO - Setting next_dagrun for dataset_consumes_unknown_never_scheduled to None, run_after=None
[2024-07-06T14:22:54.954+0000] {logging_mixin.py:150} INFO - [2024-07-06T14:22:54.954+0000] {dag.py:3508} INFO - Setting next_dagrun for dataset_produces_1 to 2024-07-05T00:00:00+00:00, run_after=2024-07-06T00:00:00+00:00
[2024-07-06T14:22:54.956+0000] {logging_mixin.py:150} INFO - [2024-07-06T14:22:54.956+0000] {dag.py:3508} INFO - Setting next_dagrun for dataset_produces_2 to None, run_after=None
[2024-07-06T14:22:54.974+0000] {processor.py:179} INFO - Processing /home/airflow/.local/lib/python3.7/site-packages/airflow/example_dags/example_datasets.py took 0.091 seconds
[2024-07-06T14:23:25.144+0000] {processor.py:157} INFO - Started process (PID=1620) to work on /home/airflow/.local/lib/python3.7/site-packages/airflow/example_dags/example_datasets.py
[2024-07-06T14:23:25.146+0000] {processor.py:826} INFO - Processing file /home/airflow/.local/lib/python3.7/site-packages/airflow/example_dags/example_datasets.py for tasks to queue
[2024-07-06T14:23:25.148+0000] {logging_mixin.py:150} INFO - [2024-07-06T14:23:25.147+0000] {dagbag.py:541} INFO - Filling up the DagBag from /home/airflow/.local/lib/python3.7/site-packages/airflow/example_dags/example_datasets.py
[2024-07-06T14:23:25.156+0000] {processor.py:836} INFO - DAG(s) dict_keys(['dataset_consumes_unknown_never_scheduled', 'dataset_produces_1', 'dataset_consumes_1_and_2', 'dataset_consumes_1', 'dataset_consumes_1_never_scheduled', 'dataset_produces_2']) retrieved from /home/airflow/.local/lib/python3.7/site-packages/airflow/example_dags/example_datasets.py
[2024-07-06T14:23:25.188+0000] {logging_mixin.py:150} INFO - [2024-07-06T14:23:25.188+0000] {dag.py:2742} INFO - Sync 6 DAGs
[2024-07-06T14:23:25.207+0000] {logging_mixin.py:150} INFO - [2024-07-06T14:23:25.207+0000] {dag.py:3508} INFO - Setting next_dagrun for dataset_consumes_1 to None, run_after=None
[2024-07-06T14:23:25.210+0000] {logging_mixin.py:150} INFO - [2024-07-06T14:23:25.210+0000] {dag.py:3508} INFO - Setting next_dagrun for dataset_consumes_1_and_2 to None, run_after=None
[2024-07-06T14:23:25.212+0000] {logging_mixin.py:150} INFO - [2024-07-06T14:23:25.212+0000] {dag.py:3508} INFO - Setting next_dagrun for dataset_consumes_1_never_scheduled to None, run_after=None
[2024-07-06T14:23:25.215+0000] {logging_mixin.py:150} INFO - [2024-07-06T14:23:25.215+0000] {dag.py:3508} INFO - Setting next_dagrun for dataset_consumes_unknown_never_scheduled to None, run_after=None
[2024-07-06T14:23:25.219+0000] {logging_mixin.py:150} INFO - [2024-07-06T14:23:25.218+0000] {dag.py:3508} INFO - Setting next_dagrun for dataset_produces_1 to 2024-07-05T00:00:00+00:00, run_after=2024-07-06T00:00:00+00:00
[2024-07-06T14:23:25.221+0000] {logging_mixin.py:150} INFO - [2024-07-06T14:23:25.221+0000] {dag.py:3508} INFO - Setting next_dagrun for dataset_produces_2 to None, run_after=None
[2024-07-06T14:23:25.245+0000] {processor.py:179} INFO - Processing /home/airflow/.local/lib/python3.7/site-packages/airflow/example_dags/example_datasets.py took 0.103 seconds
[2024-07-06T14:23:55.687+0000] {processor.py:157} INFO - Started process (PID=1683) to work on /home/airflow/.local/lib/python3.7/site-packages/airflow/example_dags/example_datasets.py
[2024-07-06T14:23:55.689+0000] {processor.py:826} INFO - Processing file /home/airflow/.local/lib/python3.7/site-packages/airflow/example_dags/example_datasets.py for tasks to queue
[2024-07-06T14:23:55.690+0000] {logging_mixin.py:150} INFO - [2024-07-06T14:23:55.690+0000] {dagbag.py:541} INFO - Filling up the DagBag from /home/airflow/.local/lib/python3.7/site-packages/airflow/example_dags/example_datasets.py
[2024-07-06T14:23:55.699+0000] {processor.py:836} INFO - DAG(s) dict_keys(['dataset_produces_1', 'dataset_consumes_unknown_never_scheduled', 'dataset_consumes_1_and_2', 'dataset_consumes_1_never_scheduled', 'dataset_produces_2', 'dataset_consumes_1']) retrieved from /home/airflow/.local/lib/python3.7/site-packages/airflow/example_dags/example_datasets.py
[2024-07-06T14:23:55.728+0000] {logging_mixin.py:150} INFO - [2024-07-06T14:23:55.728+0000] {dag.py:2742} INFO - Sync 6 DAGs
[2024-07-06T14:23:55.745+0000] {logging_mixin.py:150} INFO - [2024-07-06T14:23:55.745+0000] {dag.py:3508} INFO - Setting next_dagrun for dataset_consumes_1 to None, run_after=None
[2024-07-06T14:23:55.748+0000] {logging_mixin.py:150} INFO - [2024-07-06T14:23:55.748+0000] {dag.py:3508} INFO - Setting next_dagrun for dataset_consumes_1_and_2 to None, run_after=None
[2024-07-06T14:23:55.751+0000] {logging_mixin.py:150} INFO - [2024-07-06T14:23:55.750+0000] {dag.py:3508} INFO - Setting next_dagrun for dataset_consumes_1_never_scheduled to None, run_after=None
[2024-07-06T14:23:55.753+0000] {logging_mixin.py:150} INFO - [2024-07-06T14:23:55.753+0000] {dag.py:3508} INFO - Setting next_dagrun for dataset_consumes_unknown_never_scheduled to None, run_after=None
[2024-07-06T14:23:55.756+0000] {logging_mixin.py:150} INFO - [2024-07-06T14:23:55.756+0000] {dag.py:3508} INFO - Setting next_dagrun for dataset_produces_1 to 2024-07-05T00:00:00+00:00, run_after=2024-07-06T00:00:00+00:00
[2024-07-06T14:23:55.758+0000] {logging_mixin.py:150} INFO - [2024-07-06T14:23:55.757+0000] {dag.py:3508} INFO - Setting next_dagrun for dataset_produces_2 to None, run_after=None
[2024-07-06T14:23:55.782+0000] {processor.py:179} INFO - Processing /home/airflow/.local/lib/python3.7/site-packages/airflow/example_dags/example_datasets.py took 0.098 seconds
[2024-07-06T14:24:26.214+0000] {processor.py:157} INFO - Started process (PID=1746) to work on /home/airflow/.local/lib/python3.7/site-packages/airflow/example_dags/example_datasets.py
[2024-07-06T14:24:26.216+0000] {processor.py:826} INFO - Processing file /home/airflow/.local/lib/python3.7/site-packages/airflow/example_dags/example_datasets.py for tasks to queue
[2024-07-06T14:24:26.218+0000] {logging_mixin.py:150} INFO - [2024-07-06T14:24:26.217+0000] {dagbag.py:541} INFO - Filling up the DagBag from /home/airflow/.local/lib/python3.7/site-packages/airflow/example_dags/example_datasets.py
[2024-07-06T14:24:26.225+0000] {processor.py:836} INFO - DAG(s) dict_keys(['dataset_produces_1', 'dataset_consumes_1_never_scheduled', 'dataset_consumes_unknown_never_scheduled', 'dataset_produces_2', 'dataset_consumes_1', 'dataset_consumes_1_and_2']) retrieved from /home/airflow/.local/lib/python3.7/site-packages/airflow/example_dags/example_datasets.py
[2024-07-06T14:24:26.255+0000] {logging_mixin.py:150} INFO - [2024-07-06T14:24:26.255+0000] {dag.py:2742} INFO - Sync 6 DAGs
[2024-07-06T14:24:26.273+0000] {logging_mixin.py:150} INFO - [2024-07-06T14:24:26.273+0000] {dag.py:3508} INFO - Setting next_dagrun for dataset_consumes_1 to None, run_after=None
[2024-07-06T14:24:26.276+0000] {logging_mixin.py:150} INFO - [2024-07-06T14:24:26.276+0000] {dag.py:3508} INFO - Setting next_dagrun for dataset_consumes_1_and_2 to None, run_after=None
[2024-07-06T14:24:26.278+0000] {logging_mixin.py:150} INFO - [2024-07-06T14:24:26.278+0000] {dag.py:3508} INFO - Setting next_dagrun for dataset_consumes_1_never_scheduled to None, run_after=None
[2024-07-06T14:24:26.280+0000] {logging_mixin.py:150} INFO - [2024-07-06T14:24:26.280+0000] {dag.py:3508} INFO - Setting next_dagrun for dataset_consumes_unknown_never_scheduled to None, run_after=None
[2024-07-06T14:24:26.282+0000] {logging_mixin.py:150} INFO - [2024-07-06T14:24:26.282+0000] {dag.py:3508} INFO - Setting next_dagrun for dataset_produces_1 to 2024-07-05T00:00:00+00:00, run_after=2024-07-06T00:00:00+00:00
[2024-07-06T14:24:26.284+0000] {logging_mixin.py:150} INFO - [2024-07-06T14:24:26.284+0000] {dag.py:3508} INFO - Setting next_dagrun for dataset_produces_2 to None, run_after=None
[2024-07-06T14:24:26.306+0000] {processor.py:179} INFO - Processing /home/airflow/.local/lib/python3.7/site-packages/airflow/example_dags/example_datasets.py took 0.095 seconds
[2024-07-06T14:24:57.220+0000] {processor.py:157} INFO - Started process (PID=1809) to work on /home/airflow/.local/lib/python3.7/site-packages/airflow/example_dags/example_datasets.py
[2024-07-06T14:24:57.222+0000] {processor.py:826} INFO - Processing file /home/airflow/.local/lib/python3.7/site-packages/airflow/example_dags/example_datasets.py for tasks to queue
[2024-07-06T14:24:57.223+0000] {logging_mixin.py:150} INFO - [2024-07-06T14:24:57.223+0000] {dagbag.py:541} INFO - Filling up the DagBag from /home/airflow/.local/lib/python3.7/site-packages/airflow/example_dags/example_datasets.py
[2024-07-06T14:24:57.231+0000] {processor.py:836} INFO - DAG(s) dict_keys(['dataset_consumes_unknown_never_scheduled', 'dataset_consumes_1', 'dataset_consumes_1_and_2', 'dataset_consumes_1_never_scheduled', 'dataset_produces_2', 'dataset_produces_1']) retrieved from /home/airflow/.local/lib/python3.7/site-packages/airflow/example_dags/example_datasets.py
[2024-07-06T14:24:57.260+0000] {logging_mixin.py:150} INFO - [2024-07-06T14:24:57.260+0000] {dag.py:2742} INFO - Sync 6 DAGs
[2024-07-06T14:24:57.278+0000] {logging_mixin.py:150} INFO - [2024-07-06T14:24:57.278+0000] {dag.py:3508} INFO - Setting next_dagrun for dataset_consumes_1 to None, run_after=None
[2024-07-06T14:24:57.281+0000] {logging_mixin.py:150} INFO - [2024-07-06T14:24:57.281+0000] {dag.py:3508} INFO - Setting next_dagrun for dataset_consumes_1_and_2 to None, run_after=None
[2024-07-06T14:24:57.283+0000] {logging_mixin.py:150} INFO - [2024-07-06T14:24:57.283+0000] {dag.py:3508} INFO - Setting next_dagrun for dataset_consumes_1_never_scheduled to None, run_after=None
[2024-07-06T14:24:57.284+0000] {logging_mixin.py:150} INFO - [2024-07-06T14:24:57.284+0000] {dag.py:3508} INFO - Setting next_dagrun for dataset_consumes_unknown_never_scheduled to None, run_after=None
[2024-07-06T14:24:57.288+0000] {logging_mixin.py:150} INFO - [2024-07-06T14:24:57.288+0000] {dag.py:3508} INFO - Setting next_dagrun for dataset_produces_1 to 2024-07-05T00:00:00+00:00, run_after=2024-07-06T00:00:00+00:00
[2024-07-06T14:24:57.289+0000] {logging_mixin.py:150} INFO - [2024-07-06T14:24:57.289+0000] {dag.py:3508} INFO - Setting next_dagrun for dataset_produces_2 to None, run_after=None
[2024-07-06T14:24:57.313+0000] {processor.py:179} INFO - Processing /home/airflow/.local/lib/python3.7/site-packages/airflow/example_dags/example_datasets.py took 0.095 seconds
[2024-07-06T14:25:27.460+0000] {processor.py:157} INFO - Started process (PID=1873) to work on /home/airflow/.local/lib/python3.7/site-packages/airflow/example_dags/example_datasets.py
[2024-07-06T14:25:27.462+0000] {processor.py:826} INFO - Processing file /home/airflow/.local/lib/python3.7/site-packages/airflow/example_dags/example_datasets.py for tasks to queue
[2024-07-06T14:25:27.464+0000] {logging_mixin.py:150} INFO - [2024-07-06T14:25:27.463+0000] {dagbag.py:541} INFO - Filling up the DagBag from /home/airflow/.local/lib/python3.7/site-packages/airflow/example_dags/example_datasets.py
[2024-07-06T14:25:27.471+0000] {processor.py:836} INFO - DAG(s) dict_keys(['dataset_produces_2', 'dataset_consumes_1', 'dataset_produces_1', 'dataset_consumes_1_never_scheduled', 'dataset_consumes_unknown_never_scheduled', 'dataset_consumes_1_and_2']) retrieved from /home/airflow/.local/lib/python3.7/site-packages/airflow/example_dags/example_datasets.py
[2024-07-06T14:25:27.506+0000] {logging_mixin.py:150} INFO - [2024-07-06T14:25:27.506+0000] {dag.py:2742} INFO - Sync 6 DAGs
[2024-07-06T14:25:27.527+0000] {logging_mixin.py:150} INFO - [2024-07-06T14:25:27.527+0000] {dag.py:3508} INFO - Setting next_dagrun for dataset_consumes_1 to None, run_after=None
[2024-07-06T14:25:27.531+0000] {logging_mixin.py:150} INFO - [2024-07-06T14:25:27.531+0000] {dag.py:3508} INFO - Setting next_dagrun for dataset_consumes_1_and_2 to None, run_after=None
[2024-07-06T14:25:27.533+0000] {logging_mixin.py:150} INFO - [2024-07-06T14:25:27.533+0000] {dag.py:3508} INFO - Setting next_dagrun for dataset_consumes_1_never_scheduled to None, run_after=None
[2024-07-06T14:25:27.534+0000] {logging_mixin.py:150} INFO - [2024-07-06T14:25:27.534+0000] {dag.py:3508} INFO - Setting next_dagrun for dataset_consumes_unknown_never_scheduled to None, run_after=None
[2024-07-06T14:25:27.537+0000] {logging_mixin.py:150} INFO - [2024-07-06T14:25:27.537+0000] {dag.py:3508} INFO - Setting next_dagrun for dataset_produces_1 to 2024-07-05T00:00:00+00:00, run_after=2024-07-06T00:00:00+00:00
[2024-07-06T14:25:27.540+0000] {logging_mixin.py:150} INFO - [2024-07-06T14:25:27.540+0000] {dag.py:3508} INFO - Setting next_dagrun for dataset_produces_2 to None, run_after=None
[2024-07-06T14:25:27.565+0000] {processor.py:179} INFO - Processing /home/airflow/.local/lib/python3.7/site-packages/airflow/example_dags/example_datasets.py took 0.108 seconds
[2024-07-06T14:25:58.311+0000] {processor.py:157} INFO - Started process (PID=1935) to work on /home/airflow/.local/lib/python3.7/site-packages/airflow/example_dags/example_datasets.py
[2024-07-06T14:25:58.313+0000] {processor.py:826} INFO - Processing file /home/airflow/.local/lib/python3.7/site-packages/airflow/example_dags/example_datasets.py for tasks to queue
[2024-07-06T14:25:58.314+0000] {logging_mixin.py:150} INFO - [2024-07-06T14:25:58.314+0000] {dagbag.py:541} INFO - Filling up the DagBag from /home/airflow/.local/lib/python3.7/site-packages/airflow/example_dags/example_datasets.py
[2024-07-06T14:25:58.322+0000] {processor.py:836} INFO - DAG(s) dict_keys(['dataset_consumes_1', 'dataset_produces_2', 'dataset_consumes_1_never_scheduled', 'dataset_consumes_1_and_2', 'dataset_produces_1', 'dataset_consumes_unknown_never_scheduled']) retrieved from /home/airflow/.local/lib/python3.7/site-packages/airflow/example_dags/example_datasets.py
[2024-07-06T14:25:58.354+0000] {logging_mixin.py:150} INFO - [2024-07-06T14:25:58.354+0000] {dag.py:2742} INFO - Sync 6 DAGs
[2024-07-06T14:25:58.375+0000] {logging_mixin.py:150} INFO - [2024-07-06T14:25:58.375+0000] {dag.py:3508} INFO - Setting next_dagrun for dataset_consumes_1 to None, run_after=None
[2024-07-06T14:25:58.379+0000] {logging_mixin.py:150} INFO - [2024-07-06T14:25:58.379+0000] {dag.py:3508} INFO - Setting next_dagrun for dataset_consumes_1_and_2 to None, run_after=None
[2024-07-06T14:25:58.380+0000] {logging_mixin.py:150} INFO - [2024-07-06T14:25:58.380+0000] {dag.py:3508} INFO - Setting next_dagrun for dataset_consumes_1_never_scheduled to None, run_after=None
[2024-07-06T14:25:58.382+0000] {logging_mixin.py:150} INFO - [2024-07-06T14:25:58.381+0000] {dag.py:3508} INFO - Setting next_dagrun for dataset_consumes_unknown_never_scheduled to None, run_after=None
[2024-07-06T14:25:58.384+0000] {logging_mixin.py:150} INFO - [2024-07-06T14:25:58.384+0000] {dag.py:3508} INFO - Setting next_dagrun for dataset_produces_1 to 2024-07-05T00:00:00+00:00, run_after=2024-07-06T00:00:00+00:00
[2024-07-06T14:25:58.386+0000] {logging_mixin.py:150} INFO - [2024-07-06T14:25:58.386+0000] {dag.py:3508} INFO - Setting next_dagrun for dataset_produces_2 to None, run_after=None
[2024-07-06T14:25:58.406+0000] {processor.py:179} INFO - Processing /home/airflow/.local/lib/python3.7/site-packages/airflow/example_dags/example_datasets.py took 0.098 seconds
[2024-07-06T14:26:29.026+0000] {processor.py:157} INFO - Started process (PID=1999) to work on /home/airflow/.local/lib/python3.7/site-packages/airflow/example_dags/example_datasets.py
[2024-07-06T14:26:29.028+0000] {processor.py:826} INFO - Processing file /home/airflow/.local/lib/python3.7/site-packages/airflow/example_dags/example_datasets.py for tasks to queue
[2024-07-06T14:26:29.030+0000] {logging_mixin.py:150} INFO - [2024-07-06T14:26:29.029+0000] {dagbag.py:541} INFO - Filling up the DagBag from /home/airflow/.local/lib/python3.7/site-packages/airflow/example_dags/example_datasets.py
[2024-07-06T14:26:29.038+0000] {processor.py:836} INFO - DAG(s) dict_keys(['dataset_consumes_1_and_2', 'dataset_consumes_unknown_never_scheduled', 'dataset_consumes_1', 'dataset_consumes_1_never_scheduled', 'dataset_produces_2', 'dataset_produces_1']) retrieved from /home/airflow/.local/lib/python3.7/site-packages/airflow/example_dags/example_datasets.py
[2024-07-06T14:26:29.069+0000] {logging_mixin.py:150} INFO - [2024-07-06T14:26:29.069+0000] {dag.py:2742} INFO - Sync 6 DAGs
[2024-07-06T14:26:29.087+0000] {logging_mixin.py:150} INFO - [2024-07-06T14:26:29.087+0000] {dag.py:3508} INFO - Setting next_dagrun for dataset_consumes_1 to None, run_after=None
[2024-07-06T14:26:29.090+0000] {logging_mixin.py:150} INFO - [2024-07-06T14:26:29.090+0000] {dag.py:3508} INFO - Setting next_dagrun for dataset_consumes_1_and_2 to None, run_after=None
[2024-07-06T14:26:29.092+0000] {logging_mixin.py:150} INFO - [2024-07-06T14:26:29.092+0000] {dag.py:3508} INFO - Setting next_dagrun for dataset_consumes_1_never_scheduled to None, run_after=None
[2024-07-06T14:26:29.093+0000] {logging_mixin.py:150} INFO - [2024-07-06T14:26:29.093+0000] {dag.py:3508} INFO - Setting next_dagrun for dataset_consumes_unknown_never_scheduled to None, run_after=None
[2024-07-06T14:26:29.096+0000] {logging_mixin.py:150} INFO - [2024-07-06T14:26:29.096+0000] {dag.py:3508} INFO - Setting next_dagrun for dataset_produces_1 to 2024-07-05T00:00:00+00:00, run_after=2024-07-06T00:00:00+00:00
[2024-07-06T14:26:29.098+0000] {logging_mixin.py:150} INFO - [2024-07-06T14:26:29.098+0000] {dag.py:3508} INFO - Setting next_dagrun for dataset_produces_2 to None, run_after=None
[2024-07-06T14:26:29.118+0000] {processor.py:179} INFO - Processing /home/airflow/.local/lib/python3.7/site-packages/airflow/example_dags/example_datasets.py took 0.095 seconds
[2024-07-06T14:26:59.438+0000] {processor.py:157} INFO - Started process (PID=2062) to work on /home/airflow/.local/lib/python3.7/site-packages/airflow/example_dags/example_datasets.py
[2024-07-06T14:26:59.440+0000] {processor.py:826} INFO - Processing file /home/airflow/.local/lib/python3.7/site-packages/airflow/example_dags/example_datasets.py for tasks to queue
[2024-07-06T14:26:59.442+0000] {logging_mixin.py:150} INFO - [2024-07-06T14:26:59.442+0000] {dagbag.py:541} INFO - Filling up the DagBag from /home/airflow/.local/lib/python3.7/site-packages/airflow/example_dags/example_datasets.py
[2024-07-06T14:26:59.449+0000] {processor.py:836} INFO - DAG(s) dict_keys(['dataset_produces_1', 'dataset_consumes_1', 'dataset_consumes_1_never_scheduled', 'dataset_consumes_1_and_2', 'dataset_produces_2', 'dataset_consumes_unknown_never_scheduled']) retrieved from /home/airflow/.local/lib/python3.7/site-packages/airflow/example_dags/example_datasets.py
[2024-07-06T14:26:59.480+0000] {logging_mixin.py:150} INFO - [2024-07-06T14:26:59.480+0000] {dag.py:2742} INFO - Sync 6 DAGs
[2024-07-06T14:26:59.503+0000] {logging_mixin.py:150} INFO - [2024-07-06T14:26:59.502+0000] {dag.py:3508} INFO - Setting next_dagrun for dataset_consumes_1 to None, run_after=None
[2024-07-06T14:26:59.506+0000] {logging_mixin.py:150} INFO - [2024-07-06T14:26:59.506+0000] {dag.py:3508} INFO - Setting next_dagrun for dataset_consumes_1_and_2 to None, run_after=None
[2024-07-06T14:26:59.508+0000] {logging_mixin.py:150} INFO - [2024-07-06T14:26:59.508+0000] {dag.py:3508} INFO - Setting next_dagrun for dataset_consumes_1_never_scheduled to None, run_after=None
[2024-07-06T14:26:59.509+0000] {logging_mixin.py:150} INFO - [2024-07-06T14:26:59.509+0000] {dag.py:3508} INFO - Setting next_dagrun for dataset_consumes_unknown_never_scheduled to None, run_after=None
[2024-07-06T14:26:59.511+0000] {logging_mixin.py:150} INFO - [2024-07-06T14:26:59.511+0000] {dag.py:3508} INFO - Setting next_dagrun for dataset_produces_1 to 2024-07-05T00:00:00+00:00, run_after=2024-07-06T00:00:00+00:00
[2024-07-06T14:26:59.513+0000] {logging_mixin.py:150} INFO - [2024-07-06T14:26:59.513+0000] {dag.py:3508} INFO - Setting next_dagrun for dataset_produces_2 to None, run_after=None
[2024-07-06T14:26:59.535+0000] {processor.py:179} INFO - Processing /home/airflow/.local/lib/python3.7/site-packages/airflow/example_dags/example_datasets.py took 0.100 seconds
[2024-07-06T14:27:29.850+0000] {processor.py:157} INFO - Started process (PID=2124) to work on /home/airflow/.local/lib/python3.7/site-packages/airflow/example_dags/example_datasets.py
[2024-07-06T14:27:29.852+0000] {processor.py:826} INFO - Processing file /home/airflow/.local/lib/python3.7/site-packages/airflow/example_dags/example_datasets.py for tasks to queue
[2024-07-06T14:27:29.853+0000] {logging_mixin.py:150} INFO - [2024-07-06T14:27:29.853+0000] {dagbag.py:541} INFO - Filling up the DagBag from /home/airflow/.local/lib/python3.7/site-packages/airflow/example_dags/example_datasets.py
[2024-07-06T14:27:29.860+0000] {processor.py:836} INFO - DAG(s) dict_keys(['dataset_consumes_1_and_2', 'dataset_consumes_unknown_never_scheduled', 'dataset_consumes_1', 'dataset_consumes_1_never_scheduled', 'dataset_produces_1', 'dataset_produces_2']) retrieved from /home/airflow/.local/lib/python3.7/site-packages/airflow/example_dags/example_datasets.py
[2024-07-06T14:27:29.887+0000] {logging_mixin.py:150} INFO - [2024-07-06T14:27:29.887+0000] {dag.py:2742} INFO - Sync 6 DAGs
[2024-07-06T14:27:29.903+0000] {logging_mixin.py:150} INFO - [2024-07-06T14:27:29.903+0000] {dag.py:3508} INFO - Setting next_dagrun for dataset_consumes_1 to None, run_after=None
[2024-07-06T14:27:29.906+0000] {logging_mixin.py:150} INFO - [2024-07-06T14:27:29.906+0000] {dag.py:3508} INFO - Setting next_dagrun for dataset_consumes_1_and_2 to None, run_after=None
[2024-07-06T14:27:29.908+0000] {logging_mixin.py:150} INFO - [2024-07-06T14:27:29.908+0000] {dag.py:3508} INFO - Setting next_dagrun for dataset_consumes_1_never_scheduled to None, run_after=None
[2024-07-06T14:27:29.909+0000] {logging_mixin.py:150} INFO - [2024-07-06T14:27:29.909+0000] {dag.py:3508} INFO - Setting next_dagrun for dataset_consumes_unknown_never_scheduled to None, run_after=None
[2024-07-06T14:27:29.911+0000] {logging_mixin.py:150} INFO - [2024-07-06T14:27:29.911+0000] {dag.py:3508} INFO - Setting next_dagrun for dataset_produces_1 to 2024-07-05T00:00:00+00:00, run_after=2024-07-06T00:00:00+00:00
[2024-07-06T14:27:29.913+0000] {logging_mixin.py:150} INFO - [2024-07-06T14:27:29.913+0000] {dag.py:3508} INFO - Setting next_dagrun for dataset_produces_2 to None, run_after=None
[2024-07-06T14:27:29.932+0000] {processor.py:179} INFO - Processing /home/airflow/.local/lib/python3.7/site-packages/airflow/example_dags/example_datasets.py took 0.085 seconds
[2024-07-06T14:28:00.573+0000] {processor.py:157} INFO - Started process (PID=2192) to work on /home/airflow/.local/lib/python3.7/site-packages/airflow/example_dags/example_datasets.py
[2024-07-06T14:28:00.575+0000] {processor.py:826} INFO - Processing file /home/airflow/.local/lib/python3.7/site-packages/airflow/example_dags/example_datasets.py for tasks to queue
[2024-07-06T14:28:00.577+0000] {logging_mixin.py:150} INFO - [2024-07-06T14:28:00.576+0000] {dagbag.py:541} INFO - Filling up the DagBag from /home/airflow/.local/lib/python3.7/site-packages/airflow/example_dags/example_datasets.py
[2024-07-06T14:28:00.585+0000] {processor.py:836} INFO - DAG(s) dict_keys(['dataset_produces_1', 'dataset_consumes_1_never_scheduled', 'dataset_produces_2', 'dataset_consumes_unknown_never_scheduled', 'dataset_consumes_1_and_2', 'dataset_consumes_1']) retrieved from /home/airflow/.local/lib/python3.7/site-packages/airflow/example_dags/example_datasets.py
[2024-07-06T14:28:00.614+0000] {logging_mixin.py:150} INFO - [2024-07-06T14:28:00.614+0000] {dag.py:2742} INFO - Sync 6 DAGs
[2024-07-06T14:28:00.633+0000] {logging_mixin.py:150} INFO - [2024-07-06T14:28:00.633+0000] {dag.py:3508} INFO - Setting next_dagrun for dataset_consumes_1 to None, run_after=None
[2024-07-06T14:28:00.637+0000] {logging_mixin.py:150} INFO - [2024-07-06T14:28:00.636+0000] {dag.py:3508} INFO - Setting next_dagrun for dataset_consumes_1_and_2 to None, run_after=None
[2024-07-06T14:28:00.639+0000] {logging_mixin.py:150} INFO - [2024-07-06T14:28:00.639+0000] {dag.py:3508} INFO - Setting next_dagrun for dataset_consumes_1_never_scheduled to None, run_after=None
[2024-07-06T14:28:00.641+0000] {logging_mixin.py:150} INFO - [2024-07-06T14:28:00.641+0000] {dag.py:3508} INFO - Setting next_dagrun for dataset_consumes_unknown_never_scheduled to None, run_after=None
[2024-07-06T14:28:00.644+0000] {logging_mixin.py:150} INFO - [2024-07-06T14:28:00.643+0000] {dag.py:3508} INFO - Setting next_dagrun for dataset_produces_1 to 2024-07-05T00:00:00+00:00, run_after=2024-07-06T00:00:00+00:00
[2024-07-06T14:28:00.645+0000] {logging_mixin.py:150} INFO - [2024-07-06T14:28:00.645+0000] {dag.py:3508} INFO - Setting next_dagrun for dataset_produces_2 to None, run_after=None
[2024-07-06T14:28:00.668+0000] {processor.py:179} INFO - Processing /home/airflow/.local/lib/python3.7/site-packages/airflow/example_dags/example_datasets.py took 0.097 seconds
[2024-07-06T14:28:31.112+0000] {processor.py:157} INFO - Started process (PID=2260) to work on /home/airflow/.local/lib/python3.7/site-packages/airflow/example_dags/example_datasets.py
[2024-07-06T14:28:31.114+0000] {processor.py:826} INFO - Processing file /home/airflow/.local/lib/python3.7/site-packages/airflow/example_dags/example_datasets.py for tasks to queue
[2024-07-06T14:28:31.116+0000] {logging_mixin.py:150} INFO - [2024-07-06T14:28:31.116+0000] {dagbag.py:541} INFO - Filling up the DagBag from /home/airflow/.local/lib/python3.7/site-packages/airflow/example_dags/example_datasets.py
[2024-07-06T14:28:31.127+0000] {processor.py:836} INFO - DAG(s) dict_keys(['dataset_produces_1', 'dataset_produces_2', 'dataset_consumes_1_never_scheduled', 'dataset_consumes_1', 'dataset_consumes_1_and_2', 'dataset_consumes_unknown_never_scheduled']) retrieved from /home/airflow/.local/lib/python3.7/site-packages/airflow/example_dags/example_datasets.py
[2024-07-06T14:28:31.155+0000] {logging_mixin.py:150} INFO - [2024-07-06T14:28:31.155+0000] {dag.py:2742} INFO - Sync 6 DAGs
[2024-07-06T14:28:31.172+0000] {logging_mixin.py:150} INFO - [2024-07-06T14:28:31.172+0000] {dag.py:3508} INFO - Setting next_dagrun for dataset_consumes_1 to None, run_after=None
[2024-07-06T14:28:31.176+0000] {logging_mixin.py:150} INFO - [2024-07-06T14:28:31.176+0000] {dag.py:3508} INFO - Setting next_dagrun for dataset_consumes_1_and_2 to None, run_after=None
[2024-07-06T14:28:31.178+0000] {logging_mixin.py:150} INFO - [2024-07-06T14:28:31.178+0000] {dag.py:3508} INFO - Setting next_dagrun for dataset_consumes_1_never_scheduled to None, run_after=None
[2024-07-06T14:28:31.180+0000] {logging_mixin.py:150} INFO - [2024-07-06T14:28:31.180+0000] {dag.py:3508} INFO - Setting next_dagrun for dataset_consumes_unknown_never_scheduled to None, run_after=None
[2024-07-06T14:28:31.182+0000] {logging_mixin.py:150} INFO - [2024-07-06T14:28:31.182+0000] {dag.py:3508} INFO - Setting next_dagrun for dataset_produces_1 to 2024-07-05T00:00:00+00:00, run_after=2024-07-06T00:00:00+00:00
[2024-07-06T14:28:31.183+0000] {logging_mixin.py:150} INFO - [2024-07-06T14:28:31.183+0000] {dag.py:3508} INFO - Setting next_dagrun for dataset_produces_2 to None, run_after=None
[2024-07-06T14:28:31.201+0000] {processor.py:179} INFO - Processing /home/airflow/.local/lib/python3.7/site-packages/airflow/example_dags/example_datasets.py took 0.093 seconds
[2024-07-06T14:29:02.047+0000] {processor.py:157} INFO - Started process (PID=2323) to work on /home/airflow/.local/lib/python3.7/site-packages/airflow/example_dags/example_datasets.py
[2024-07-06T14:29:02.049+0000] {processor.py:826} INFO - Processing file /home/airflow/.local/lib/python3.7/site-packages/airflow/example_dags/example_datasets.py for tasks to queue
[2024-07-06T14:29:02.050+0000] {logging_mixin.py:150} INFO - [2024-07-06T14:29:02.050+0000] {dagbag.py:541} INFO - Filling up the DagBag from /home/airflow/.local/lib/python3.7/site-packages/airflow/example_dags/example_datasets.py
[2024-07-06T14:29:02.059+0000] {processor.py:836} INFO - DAG(s) dict_keys(['dataset_consumes_1_and_2', 'dataset_produces_2', 'dataset_consumes_1_never_scheduled', 'dataset_consumes_1', 'dataset_produces_1', 'dataset_consumes_unknown_never_scheduled']) retrieved from /home/airflow/.local/lib/python3.7/site-packages/airflow/example_dags/example_datasets.py
[2024-07-06T14:29:02.093+0000] {logging_mixin.py:150} INFO - [2024-07-06T14:29:02.092+0000] {dag.py:2742} INFO - Sync 6 DAGs
[2024-07-06T14:29:02.114+0000] {logging_mixin.py:150} INFO - [2024-07-06T14:29:02.113+0000] {dag.py:3508} INFO - Setting next_dagrun for dataset_consumes_1 to None, run_after=None
[2024-07-06T14:29:02.116+0000] {logging_mixin.py:150} INFO - [2024-07-06T14:29:02.116+0000] {dag.py:3508} INFO - Setting next_dagrun for dataset_consumes_1_and_2 to None, run_after=None
[2024-07-06T14:29:02.117+0000] {logging_mixin.py:150} INFO - [2024-07-06T14:29:02.117+0000] {dag.py:3508} INFO - Setting next_dagrun for dataset_consumes_1_never_scheduled to None, run_after=None
[2024-07-06T14:29:02.119+0000] {logging_mixin.py:150} INFO - [2024-07-06T14:29:02.119+0000] {dag.py:3508} INFO - Setting next_dagrun for dataset_consumes_unknown_never_scheduled to None, run_after=None
[2024-07-06T14:29:02.121+0000] {logging_mixin.py:150} INFO - [2024-07-06T14:29:02.121+0000] {dag.py:3508} INFO - Setting next_dagrun for dataset_produces_1 to 2024-07-05T00:00:00+00:00, run_after=2024-07-06T00:00:00+00:00
[2024-07-06T14:29:02.123+0000] {logging_mixin.py:150} INFO - [2024-07-06T14:29:02.123+0000] {dag.py:3508} INFO - Setting next_dagrun for dataset_produces_2 to None, run_after=None
[2024-07-06T14:29:02.143+0000] {processor.py:179} INFO - Processing /home/airflow/.local/lib/python3.7/site-packages/airflow/example_dags/example_datasets.py took 0.099 seconds
[2024-07-06T14:29:32.542+0000] {processor.py:157} INFO - Started process (PID=2390) to work on /home/airflow/.local/lib/python3.7/site-packages/airflow/example_dags/example_datasets.py
[2024-07-06T14:29:32.545+0000] {processor.py:826} INFO - Processing file /home/airflow/.local/lib/python3.7/site-packages/airflow/example_dags/example_datasets.py for tasks to queue
[2024-07-06T14:29:32.548+0000] {logging_mixin.py:150} INFO - [2024-07-06T14:29:32.548+0000] {dagbag.py:541} INFO - Filling up the DagBag from /home/airflow/.local/lib/python3.7/site-packages/airflow/example_dags/example_datasets.py
[2024-07-06T14:29:32.561+0000] {processor.py:836} INFO - DAG(s) dict_keys(['dataset_consumes_unknown_never_scheduled', 'dataset_consumes_1_and_2', 'dataset_consumes_1', 'dataset_produces_2', 'dataset_produces_1', 'dataset_consumes_1_never_scheduled']) retrieved from /home/airflow/.local/lib/python3.7/site-packages/airflow/example_dags/example_datasets.py
[2024-07-06T14:29:32.624+0000] {logging_mixin.py:150} INFO - [2024-07-06T14:29:32.623+0000] {dag.py:2742} INFO - Sync 6 DAGs
[2024-07-06T14:29:32.659+0000] {logging_mixin.py:150} INFO - [2024-07-06T14:29:32.658+0000] {dag.py:3508} INFO - Setting next_dagrun for dataset_consumes_1 to None, run_after=None
[2024-07-06T14:29:32.664+0000] {logging_mixin.py:150} INFO - [2024-07-06T14:29:32.664+0000] {dag.py:3508} INFO - Setting next_dagrun for dataset_consumes_1_and_2 to None, run_after=None
[2024-07-06T14:29:32.668+0000] {logging_mixin.py:150} INFO - [2024-07-06T14:29:32.668+0000] {dag.py:3508} INFO - Setting next_dagrun for dataset_consumes_1_never_scheduled to None, run_after=None
[2024-07-06T14:29:32.671+0000] {logging_mixin.py:150} INFO - [2024-07-06T14:29:32.671+0000] {dag.py:3508} INFO - Setting next_dagrun for dataset_consumes_unknown_never_scheduled to None, run_after=None
[2024-07-06T14:29:32.675+0000] {logging_mixin.py:150} INFO - [2024-07-06T14:29:32.675+0000] {dag.py:3508} INFO - Setting next_dagrun for dataset_produces_1 to 2024-07-05T00:00:00+00:00, run_after=2024-07-06T00:00:00+00:00
[2024-07-06T14:29:32.678+0000] {logging_mixin.py:150} INFO - [2024-07-06T14:29:32.678+0000] {dag.py:3508} INFO - Setting next_dagrun for dataset_produces_2 to None, run_after=None
[2024-07-06T14:29:32.733+0000] {processor.py:179} INFO - Processing /home/airflow/.local/lib/python3.7/site-packages/airflow/example_dags/example_datasets.py took 0.196 seconds
[2024-07-06T14:30:03.259+0000] {processor.py:157} INFO - Started process (PID=2452) to work on /home/airflow/.local/lib/python3.7/site-packages/airflow/example_dags/example_datasets.py
[2024-07-06T14:30:03.261+0000] {processor.py:826} INFO - Processing file /home/airflow/.local/lib/python3.7/site-packages/airflow/example_dags/example_datasets.py for tasks to queue
[2024-07-06T14:30:03.263+0000] {logging_mixin.py:150} INFO - [2024-07-06T14:30:03.262+0000] {dagbag.py:541} INFO - Filling up the DagBag from /home/airflow/.local/lib/python3.7/site-packages/airflow/example_dags/example_datasets.py
[2024-07-06T14:30:03.269+0000] {processor.py:836} INFO - DAG(s) dict_keys(['dataset_consumes_1', 'dataset_consumes_1_never_scheduled', 'dataset_consumes_1_and_2', 'dataset_produces_2', 'dataset_consumes_unknown_never_scheduled', 'dataset_produces_1']) retrieved from /home/airflow/.local/lib/python3.7/site-packages/airflow/example_dags/example_datasets.py
[2024-07-06T14:30:03.295+0000] {logging_mixin.py:150} INFO - [2024-07-06T14:30:03.295+0000] {dag.py:2742} INFO - Sync 6 DAGs
[2024-07-06T14:30:03.312+0000] {logging_mixin.py:150} INFO - [2024-07-06T14:30:03.312+0000] {dag.py:3508} INFO - Setting next_dagrun for dataset_consumes_1 to None, run_after=None
[2024-07-06T14:30:03.315+0000] {logging_mixin.py:150} INFO - [2024-07-06T14:30:03.315+0000] {dag.py:3508} INFO - Setting next_dagrun for dataset_consumes_1_and_2 to None, run_after=None
[2024-07-06T14:30:03.316+0000] {logging_mixin.py:150} INFO - [2024-07-06T14:30:03.316+0000] {dag.py:3508} INFO - Setting next_dagrun for dataset_consumes_1_never_scheduled to None, run_after=None
[2024-07-06T14:30:03.318+0000] {logging_mixin.py:150} INFO - [2024-07-06T14:30:03.318+0000] {dag.py:3508} INFO - Setting next_dagrun for dataset_consumes_unknown_never_scheduled to None, run_after=None
[2024-07-06T14:30:03.320+0000] {logging_mixin.py:150} INFO - [2024-07-06T14:30:03.320+0000] {dag.py:3508} INFO - Setting next_dagrun for dataset_produces_1 to 2024-07-05T00:00:00+00:00, run_after=2024-07-06T00:00:00+00:00
[2024-07-06T14:30:03.321+0000] {logging_mixin.py:150} INFO - [2024-07-06T14:30:03.321+0000] {dag.py:3508} INFO - Setting next_dagrun for dataset_produces_2 to None, run_after=None
[2024-07-06T14:30:03.341+0000] {processor.py:179} INFO - Processing /home/airflow/.local/lib/python3.7/site-packages/airflow/example_dags/example_datasets.py took 0.084 seconds
[2024-07-06T14:30:34.801+0000] {processor.py:157} INFO - Started process (PID=2516) to work on /home/airflow/.local/lib/python3.7/site-packages/airflow/example_dags/example_datasets.py
[2024-07-06T14:30:34.803+0000] {processor.py:826} INFO - Processing file /home/airflow/.local/lib/python3.7/site-packages/airflow/example_dags/example_datasets.py for tasks to queue
[2024-07-06T14:30:34.804+0000] {logging_mixin.py:150} INFO - [2024-07-06T14:30:34.804+0000] {dagbag.py:541} INFO - Filling up the DagBag from /home/airflow/.local/lib/python3.7/site-packages/airflow/example_dags/example_datasets.py
[2024-07-06T14:30:34.812+0000] {processor.py:836} INFO - DAG(s) dict_keys(['dataset_consumes_1_never_scheduled', 'dataset_produces_2', 'dataset_consumes_1', 'dataset_consumes_1_and_2', 'dataset_produces_1', 'dataset_consumes_unknown_never_scheduled']) retrieved from /home/airflow/.local/lib/python3.7/site-packages/airflow/example_dags/example_datasets.py
[2024-07-06T14:30:34.842+0000] {logging_mixin.py:150} INFO - [2024-07-06T14:30:34.842+0000] {dag.py:2742} INFO - Sync 6 DAGs
[2024-07-06T14:30:34.860+0000] {logging_mixin.py:150} INFO - [2024-07-06T14:30:34.860+0000] {dag.py:3508} INFO - Setting next_dagrun for dataset_consumes_1 to None, run_after=None
[2024-07-06T14:30:34.864+0000] {logging_mixin.py:150} INFO - [2024-07-06T14:30:34.864+0000] {dag.py:3508} INFO - Setting next_dagrun for dataset_consumes_1_and_2 to None, run_after=None
[2024-07-06T14:30:34.867+0000] {logging_mixin.py:150} INFO - [2024-07-06T14:30:34.867+0000] {dag.py:3508} INFO - Setting next_dagrun for dataset_consumes_1_never_scheduled to None, run_after=None
[2024-07-06T14:30:34.869+0000] {logging_mixin.py:150} INFO - [2024-07-06T14:30:34.869+0000] {dag.py:3508} INFO - Setting next_dagrun for dataset_consumes_unknown_never_scheduled to None, run_after=None
[2024-07-06T14:30:34.871+0000] {logging_mixin.py:150} INFO - [2024-07-06T14:30:34.871+0000] {dag.py:3508} INFO - Setting next_dagrun for dataset_produces_1 to 2024-07-05T00:00:00+00:00, run_after=2024-07-06T00:00:00+00:00
[2024-07-06T14:30:34.873+0000] {logging_mixin.py:150} INFO - [2024-07-06T14:30:34.873+0000] {dag.py:3508} INFO - Setting next_dagrun for dataset_produces_2 to None, run_after=None
[2024-07-06T14:30:34.897+0000] {processor.py:179} INFO - Processing /home/airflow/.local/lib/python3.7/site-packages/airflow/example_dags/example_datasets.py took 0.099 seconds
