[2024-07-06T14:10:45.465+0000] {processor.py:157} INFO - Started process (PID=69) to work on /home/airflow/.local/lib/python3.7/site-packages/airflow/example_dags/example_skip_dag.py
[2024-07-06T14:10:45.475+0000] {processor.py:826} INFO - Processing file /home/airflow/.local/lib/python3.7/site-packages/airflow/example_dags/example_skip_dag.py for tasks to queue
[2024-07-06T14:10:45.493+0000] {logging_mixin.py:150} INFO - [2024-07-06T14:10:45.482+0000] {dagbag.py:541} INFO - Filling up the DagBag from /home/airflow/.local/lib/python3.7/site-packages/airflow/example_dags/example_skip_dag.py
[2024-07-06T14:10:45.510+0000] {processor.py:836} INFO - DAG(s) dict_keys(['example_skip_dag']) retrieved from /home/airflow/.local/lib/python3.7/site-packages/airflow/example_dags/example_skip_dag.py
[2024-07-06T14:10:45.557+0000] {logging_mixin.py:150} INFO - [2024-07-06T14:10:45.557+0000] {dag.py:2742} INFO - Sync 1 DAGs
[2024-07-06T14:10:45.592+0000] {logging_mixin.py:150} INFO - [2024-07-06T14:10:45.592+0000] {dag.py:3508} INFO - Setting next_dagrun for example_skip_dag to 2024-07-05T14:10:45.592148+00:00, run_after=2024-07-06T14:10:45.592148+00:00
[2024-07-06T14:10:45.618+0000] {processor.py:179} INFO - Processing /home/airflow/.local/lib/python3.7/site-packages/airflow/example_dags/example_skip_dag.py took 0.159 seconds
[2024-07-06T14:11:15.710+0000] {processor.py:157} INFO - Started process (PID=131) to work on /home/airflow/.local/lib/python3.7/site-packages/airflow/example_dags/example_skip_dag.py
[2024-07-06T14:11:15.712+0000] {processor.py:826} INFO - Processing file /home/airflow/.local/lib/python3.7/site-packages/airflow/example_dags/example_skip_dag.py for tasks to queue
[2024-07-06T14:11:15.713+0000] {logging_mixin.py:150} INFO - [2024-07-06T14:11:15.713+0000] {dagbag.py:541} INFO - Filling up the DagBag from /home/airflow/.local/lib/python3.7/site-packages/airflow/example_dags/example_skip_dag.py
[2024-07-06T14:11:15.720+0000] {processor.py:836} INFO - DAG(s) dict_keys(['example_skip_dag']) retrieved from /home/airflow/.local/lib/python3.7/site-packages/airflow/example_dags/example_skip_dag.py
[2024-07-06T14:11:15.742+0000] {logging_mixin.py:150} INFO - [2024-07-06T14:11:15.742+0000] {dag.py:2742} INFO - Sync 1 DAGs
[2024-07-06T14:11:15.762+0000] {logging_mixin.py:150} INFO - [2024-07-06T14:11:15.762+0000] {dag.py:3508} INFO - Setting next_dagrun for example_skip_dag to 2024-07-05T14:11:15.762385+00:00, run_after=2024-07-06T14:11:15.762385+00:00
[2024-07-06T14:11:15.774+0000] {processor.py:179} INFO - Processing /home/airflow/.local/lib/python3.7/site-packages/airflow/example_dags/example_skip_dag.py took 0.067 seconds
[2024-07-06T14:11:46.397+0000] {processor.py:157} INFO - Started process (PID=194) to work on /home/airflow/.local/lib/python3.7/site-packages/airflow/example_dags/example_skip_dag.py
[2024-07-06T14:11:46.399+0000] {processor.py:826} INFO - Processing file /home/airflow/.local/lib/python3.7/site-packages/airflow/example_dags/example_skip_dag.py for tasks to queue
[2024-07-06T14:11:46.401+0000] {logging_mixin.py:150} INFO - [2024-07-06T14:11:46.401+0000] {dagbag.py:541} INFO - Filling up the DagBag from /home/airflow/.local/lib/python3.7/site-packages/airflow/example_dags/example_skip_dag.py
[2024-07-06T14:11:46.407+0000] {processor.py:836} INFO - DAG(s) dict_keys(['example_skip_dag']) retrieved from /home/airflow/.local/lib/python3.7/site-packages/airflow/example_dags/example_skip_dag.py
[2024-07-06T14:11:46.433+0000] {logging_mixin.py:150} INFO - [2024-07-06T14:11:46.433+0000] {dag.py:2742} INFO - Sync 1 DAGs
[2024-07-06T14:11:46.454+0000] {logging_mixin.py:150} INFO - [2024-07-06T14:11:46.454+0000] {dag.py:3508} INFO - Setting next_dagrun for example_skip_dag to 2024-07-05T14:11:46.453872+00:00, run_after=2024-07-06T14:11:46.453872+00:00
[2024-07-06T14:11:46.471+0000] {processor.py:179} INFO - Processing /home/airflow/.local/lib/python3.7/site-packages/airflow/example_dags/example_skip_dag.py took 0.077 seconds
[2024-07-06T14:12:16.820+0000] {processor.py:157} INFO - Started process (PID=257) to work on /home/airflow/.local/lib/python3.7/site-packages/airflow/example_dags/example_skip_dag.py
[2024-07-06T14:12:16.822+0000] {processor.py:826} INFO - Processing file /home/airflow/.local/lib/python3.7/site-packages/airflow/example_dags/example_skip_dag.py for tasks to queue
[2024-07-06T14:12:16.823+0000] {logging_mixin.py:150} INFO - [2024-07-06T14:12:16.823+0000] {dagbag.py:541} INFO - Filling up the DagBag from /home/airflow/.local/lib/python3.7/site-packages/airflow/example_dags/example_skip_dag.py
[2024-07-06T14:12:16.830+0000] {processor.py:836} INFO - DAG(s) dict_keys(['example_skip_dag']) retrieved from /home/airflow/.local/lib/python3.7/site-packages/airflow/example_dags/example_skip_dag.py
[2024-07-06T14:12:16.854+0000] {logging_mixin.py:150} INFO - [2024-07-06T14:12:16.854+0000] {dag.py:2742} INFO - Sync 1 DAGs
[2024-07-06T14:12:16.874+0000] {logging_mixin.py:150} INFO - [2024-07-06T14:12:16.874+0000] {dag.py:3508} INFO - Setting next_dagrun for example_skip_dag to 2024-07-05T14:12:16.874080+00:00, run_after=2024-07-06T14:12:16.874080+00:00
[2024-07-06T14:12:16.894+0000] {processor.py:179} INFO - Processing /home/airflow/.local/lib/python3.7/site-packages/airflow/example_dags/example_skip_dag.py took 0.077 seconds
[2024-07-06T14:12:47.071+0000] {processor.py:157} INFO - Started process (PID=320) to work on /home/airflow/.local/lib/python3.7/site-packages/airflow/example_dags/example_skip_dag.py
[2024-07-06T14:12:47.073+0000] {processor.py:826} INFO - Processing file /home/airflow/.local/lib/python3.7/site-packages/airflow/example_dags/example_skip_dag.py for tasks to queue
[2024-07-06T14:12:47.074+0000] {logging_mixin.py:150} INFO - [2024-07-06T14:12:47.074+0000] {dagbag.py:541} INFO - Filling up the DagBag from /home/airflow/.local/lib/python3.7/site-packages/airflow/example_dags/example_skip_dag.py
[2024-07-06T14:12:47.080+0000] {processor.py:836} INFO - DAG(s) dict_keys(['example_skip_dag']) retrieved from /home/airflow/.local/lib/python3.7/site-packages/airflow/example_dags/example_skip_dag.py
[2024-07-06T14:12:47.101+0000] {logging_mixin.py:150} INFO - [2024-07-06T14:12:47.101+0000] {dag.py:2742} INFO - Sync 1 DAGs
[2024-07-06T14:12:47.119+0000] {logging_mixin.py:150} INFO - [2024-07-06T14:12:47.119+0000] {dag.py:3508} INFO - Setting next_dagrun for example_skip_dag to 2024-07-05T14:12:47.119183+00:00, run_after=2024-07-06T14:12:47.119183+00:00
[2024-07-06T14:12:47.132+0000] {processor.py:179} INFO - Processing /home/airflow/.local/lib/python3.7/site-packages/airflow/example_dags/example_skip_dag.py took 0.064 seconds
[2024-07-06T14:13:17.284+0000] {processor.py:157} INFO - Started process (PID=383) to work on /home/airflow/.local/lib/python3.7/site-packages/airflow/example_dags/example_skip_dag.py
[2024-07-06T14:13:17.286+0000] {processor.py:826} INFO - Processing file /home/airflow/.local/lib/python3.7/site-packages/airflow/example_dags/example_skip_dag.py for tasks to queue
[2024-07-06T14:13:17.288+0000] {logging_mixin.py:150} INFO - [2024-07-06T14:13:17.287+0000] {dagbag.py:541} INFO - Filling up the DagBag from /home/airflow/.local/lib/python3.7/site-packages/airflow/example_dags/example_skip_dag.py
[2024-07-06T14:13:17.294+0000] {processor.py:836} INFO - DAG(s) dict_keys(['example_skip_dag']) retrieved from /home/airflow/.local/lib/python3.7/site-packages/airflow/example_dags/example_skip_dag.py
[2024-07-06T14:13:17.316+0000] {logging_mixin.py:150} INFO - [2024-07-06T14:13:17.316+0000] {dag.py:2742} INFO - Sync 1 DAGs
[2024-07-06T14:13:17.333+0000] {logging_mixin.py:150} INFO - [2024-07-06T14:13:17.333+0000] {dag.py:3508} INFO - Setting next_dagrun for example_skip_dag to 2024-07-05T14:13:17.333199+00:00, run_after=2024-07-06T14:13:17.333199+00:00
[2024-07-06T14:13:17.348+0000] {processor.py:179} INFO - Processing /home/airflow/.local/lib/python3.7/site-packages/airflow/example_dags/example_skip_dag.py took 0.067 seconds
[2024-07-06T14:13:47.691+0000] {processor.py:157} INFO - Started process (PID=447) to work on /home/airflow/.local/lib/python3.7/site-packages/airflow/example_dags/example_skip_dag.py
[2024-07-06T14:13:47.695+0000] {processor.py:826} INFO - Processing file /home/airflow/.local/lib/python3.7/site-packages/airflow/example_dags/example_skip_dag.py for tasks to queue
[2024-07-06T14:13:47.697+0000] {logging_mixin.py:150} INFO - [2024-07-06T14:13:47.697+0000] {dagbag.py:541} INFO - Filling up the DagBag from /home/airflow/.local/lib/python3.7/site-packages/airflow/example_dags/example_skip_dag.py
[2024-07-06T14:13:47.704+0000] {processor.py:836} INFO - DAG(s) dict_keys(['example_skip_dag']) retrieved from /home/airflow/.local/lib/python3.7/site-packages/airflow/example_dags/example_skip_dag.py
[2024-07-06T14:13:47.727+0000] {logging_mixin.py:150} INFO - [2024-07-06T14:13:47.727+0000] {dag.py:2742} INFO - Sync 1 DAGs
[2024-07-06T14:13:47.744+0000] {logging_mixin.py:150} INFO - [2024-07-06T14:13:47.744+0000] {dag.py:3508} INFO - Setting next_dagrun for example_skip_dag to 2024-07-05T14:13:47.744666+00:00, run_after=2024-07-06T14:13:47.744666+00:00
[2024-07-06T14:13:47.759+0000] {processor.py:179} INFO - Processing /home/airflow/.local/lib/python3.7/site-packages/airflow/example_dags/example_skip_dag.py took 0.072 seconds
[2024-07-06T14:14:18.094+0000] {processor.py:157} INFO - Started process (PID=510) to work on /home/airflow/.local/lib/python3.7/site-packages/airflow/example_dags/example_skip_dag.py
[2024-07-06T14:14:18.097+0000] {processor.py:826} INFO - Processing file /home/airflow/.local/lib/python3.7/site-packages/airflow/example_dags/example_skip_dag.py for tasks to queue
[2024-07-06T14:14:18.101+0000] {logging_mixin.py:150} INFO - [2024-07-06T14:14:18.100+0000] {dagbag.py:541} INFO - Filling up the DagBag from /home/airflow/.local/lib/python3.7/site-packages/airflow/example_dags/example_skip_dag.py
[2024-07-06T14:14:18.113+0000] {processor.py:836} INFO - DAG(s) dict_keys(['example_skip_dag']) retrieved from /home/airflow/.local/lib/python3.7/site-packages/airflow/example_dags/example_skip_dag.py
[2024-07-06T14:14:18.138+0000] {logging_mixin.py:150} INFO - [2024-07-06T14:14:18.138+0000] {dag.py:2742} INFO - Sync 1 DAGs
[2024-07-06T14:14:18.157+0000] {logging_mixin.py:150} INFO - [2024-07-06T14:14:18.157+0000] {dag.py:3508} INFO - Setting next_dagrun for example_skip_dag to 2024-07-05T14:14:18.156766+00:00, run_after=2024-07-06T14:14:18.156766+00:00
[2024-07-06T14:14:18.171+0000] {processor.py:179} INFO - Processing /home/airflow/.local/lib/python3.7/site-packages/airflow/example_dags/example_skip_dag.py took 0.082 seconds
[2024-07-06T14:14:48.549+0000] {processor.py:157} INFO - Started process (PID=574) to work on /home/airflow/.local/lib/python3.7/site-packages/airflow/example_dags/example_skip_dag.py
[2024-07-06T14:14:48.551+0000] {processor.py:826} INFO - Processing file /home/airflow/.local/lib/python3.7/site-packages/airflow/example_dags/example_skip_dag.py for tasks to queue
[2024-07-06T14:14:48.552+0000] {logging_mixin.py:150} INFO - [2024-07-06T14:14:48.552+0000] {dagbag.py:541} INFO - Filling up the DagBag from /home/airflow/.local/lib/python3.7/site-packages/airflow/example_dags/example_skip_dag.py
[2024-07-06T14:14:48.559+0000] {processor.py:836} INFO - DAG(s) dict_keys(['example_skip_dag']) retrieved from /home/airflow/.local/lib/python3.7/site-packages/airflow/example_dags/example_skip_dag.py
[2024-07-06T14:14:48.584+0000] {logging_mixin.py:150} INFO - [2024-07-06T14:14:48.584+0000] {dag.py:2742} INFO - Sync 1 DAGs
[2024-07-06T14:14:48.604+0000] {logging_mixin.py:150} INFO - [2024-07-06T14:14:48.604+0000] {dag.py:3508} INFO - Setting next_dagrun for example_skip_dag to 2024-07-05T14:14:48.604213+00:00, run_after=2024-07-06T14:14:48.604213+00:00
[2024-07-06T14:14:48.616+0000] {processor.py:179} INFO - Processing /home/airflow/.local/lib/python3.7/site-packages/airflow/example_dags/example_skip_dag.py took 0.070 seconds
[2024-07-06T14:15:19.987+0000] {processor.py:157} INFO - Started process (PID=637) to work on /home/airflow/.local/lib/python3.7/site-packages/airflow/example_dags/example_skip_dag.py
[2024-07-06T14:15:19.989+0000] {processor.py:826} INFO - Processing file /home/airflow/.local/lib/python3.7/site-packages/airflow/example_dags/example_skip_dag.py for tasks to queue
[2024-07-06T14:15:19.993+0000] {logging_mixin.py:150} INFO - [2024-07-06T14:15:19.992+0000] {dagbag.py:541} INFO - Filling up the DagBag from /home/airflow/.local/lib/python3.7/site-packages/airflow/example_dags/example_skip_dag.py
[2024-07-06T14:15:20.002+0000] {processor.py:836} INFO - DAG(s) dict_keys(['example_skip_dag']) retrieved from /home/airflow/.local/lib/python3.7/site-packages/airflow/example_dags/example_skip_dag.py
[2024-07-06T14:15:20.028+0000] {logging_mixin.py:150} INFO - [2024-07-06T14:15:20.027+0000] {dag.py:2742} INFO - Sync 1 DAGs
[2024-07-06T14:15:20.047+0000] {logging_mixin.py:150} INFO - [2024-07-06T14:15:20.047+0000] {dag.py:3508} INFO - Setting next_dagrun for example_skip_dag to 2024-07-05T14:15:20.047308+00:00, run_after=2024-07-06T14:15:20.047308+00:00
[2024-07-06T14:15:20.061+0000] {processor.py:179} INFO - Processing /home/airflow/.local/lib/python3.7/site-packages/airflow/example_dags/example_skip_dag.py took 0.077 seconds
[2024-07-06T14:15:50.422+0000] {processor.py:157} INFO - Started process (PID=699) to work on /home/airflow/.local/lib/python3.7/site-packages/airflow/example_dags/example_skip_dag.py
[2024-07-06T14:15:50.425+0000] {processor.py:826} INFO - Processing file /home/airflow/.local/lib/python3.7/site-packages/airflow/example_dags/example_skip_dag.py for tasks to queue
[2024-07-06T14:15:50.426+0000] {logging_mixin.py:150} INFO - [2024-07-06T14:15:50.426+0000] {dagbag.py:541} INFO - Filling up the DagBag from /home/airflow/.local/lib/python3.7/site-packages/airflow/example_dags/example_skip_dag.py
[2024-07-06T14:15:50.433+0000] {processor.py:836} INFO - DAG(s) dict_keys(['example_skip_dag']) retrieved from /home/airflow/.local/lib/python3.7/site-packages/airflow/example_dags/example_skip_dag.py
[2024-07-06T14:15:50.455+0000] {logging_mixin.py:150} INFO - [2024-07-06T14:15:50.455+0000] {dag.py:2742} INFO - Sync 1 DAGs
[2024-07-06T14:15:50.476+0000] {logging_mixin.py:150} INFO - [2024-07-06T14:15:50.476+0000] {dag.py:3508} INFO - Setting next_dagrun for example_skip_dag to 2024-07-05T14:15:50.475911+00:00, run_after=2024-07-06T14:15:50.475911+00:00
[2024-07-06T14:15:50.496+0000] {processor.py:179} INFO - Processing /home/airflow/.local/lib/python3.7/site-packages/airflow/example_dags/example_skip_dag.py took 0.077 seconds
[2024-07-06T14:16:21.080+0000] {processor.py:157} INFO - Started process (PID=762) to work on /home/airflow/.local/lib/python3.7/site-packages/airflow/example_dags/example_skip_dag.py
[2024-07-06T14:16:21.082+0000] {processor.py:826} INFO - Processing file /home/airflow/.local/lib/python3.7/site-packages/airflow/example_dags/example_skip_dag.py for tasks to queue
[2024-07-06T14:16:21.083+0000] {logging_mixin.py:150} INFO - [2024-07-06T14:16:21.083+0000] {dagbag.py:541} INFO - Filling up the DagBag from /home/airflow/.local/lib/python3.7/site-packages/airflow/example_dags/example_skip_dag.py
[2024-07-06T14:16:21.089+0000] {processor.py:836} INFO - DAG(s) dict_keys(['example_skip_dag']) retrieved from /home/airflow/.local/lib/python3.7/site-packages/airflow/example_dags/example_skip_dag.py
[2024-07-06T14:16:21.111+0000] {logging_mixin.py:150} INFO - [2024-07-06T14:16:21.111+0000] {dag.py:2742} INFO - Sync 1 DAGs
[2024-07-06T14:16:21.132+0000] {logging_mixin.py:150} INFO - [2024-07-06T14:16:21.132+0000] {dag.py:3508} INFO - Setting next_dagrun for example_skip_dag to 2024-07-05T14:16:21.131764+00:00, run_after=2024-07-06T14:16:21.131764+00:00
[2024-07-06T14:16:21.146+0000] {processor.py:179} INFO - Processing /home/airflow/.local/lib/python3.7/site-packages/airflow/example_dags/example_skip_dag.py took 0.069 seconds
[2024-07-06T14:16:51.659+0000] {processor.py:157} INFO - Started process (PID=825) to work on /home/airflow/.local/lib/python3.7/site-packages/airflow/example_dags/example_skip_dag.py
[2024-07-06T14:16:51.661+0000] {processor.py:826} INFO - Processing file /home/airflow/.local/lib/python3.7/site-packages/airflow/example_dags/example_skip_dag.py for tasks to queue
[2024-07-06T14:16:51.664+0000] {logging_mixin.py:150} INFO - [2024-07-06T14:16:51.664+0000] {dagbag.py:541} INFO - Filling up the DagBag from /home/airflow/.local/lib/python3.7/site-packages/airflow/example_dags/example_skip_dag.py
[2024-07-06T14:16:51.672+0000] {processor.py:836} INFO - DAG(s) dict_keys(['example_skip_dag']) retrieved from /home/airflow/.local/lib/python3.7/site-packages/airflow/example_dags/example_skip_dag.py
[2024-07-06T14:16:51.697+0000] {logging_mixin.py:150} INFO - [2024-07-06T14:16:51.697+0000] {dag.py:2742} INFO - Sync 1 DAGs
[2024-07-06T14:16:51.721+0000] {logging_mixin.py:150} INFO - [2024-07-06T14:16:51.721+0000] {dag.py:3508} INFO - Setting next_dagrun for example_skip_dag to 2024-07-05T14:16:51.720422+00:00, run_after=2024-07-06T14:16:51.720422+00:00
[2024-07-06T14:16:51.742+0000] {processor.py:179} INFO - Processing /home/airflow/.local/lib/python3.7/site-packages/airflow/example_dags/example_skip_dag.py took 0.088 seconds
[2024-07-06T14:17:22.641+0000] {processor.py:157} INFO - Started process (PID=888) to work on /home/airflow/.local/lib/python3.7/site-packages/airflow/example_dags/example_skip_dag.py
[2024-07-06T14:17:22.643+0000] {processor.py:826} INFO - Processing file /home/airflow/.local/lib/python3.7/site-packages/airflow/example_dags/example_skip_dag.py for tasks to queue
[2024-07-06T14:17:22.645+0000] {logging_mixin.py:150} INFO - [2024-07-06T14:17:22.645+0000] {dagbag.py:541} INFO - Filling up the DagBag from /home/airflow/.local/lib/python3.7/site-packages/airflow/example_dags/example_skip_dag.py
[2024-07-06T14:17:22.651+0000] {processor.py:836} INFO - DAG(s) dict_keys(['example_skip_dag']) retrieved from /home/airflow/.local/lib/python3.7/site-packages/airflow/example_dags/example_skip_dag.py
[2024-07-06T14:17:22.677+0000] {logging_mixin.py:150} INFO - [2024-07-06T14:17:22.677+0000] {dag.py:2742} INFO - Sync 1 DAGs
[2024-07-06T14:17:22.706+0000] {logging_mixin.py:150} INFO - [2024-07-06T14:17:22.706+0000] {dag.py:3508} INFO - Setting next_dagrun for example_skip_dag to 2024-07-05T14:17:22.706366+00:00, run_after=2024-07-06T14:17:22.706366+00:00
[2024-07-06T14:17:22.723+0000] {processor.py:179} INFO - Processing /home/airflow/.local/lib/python3.7/site-packages/airflow/example_dags/example_skip_dag.py took 0.085 seconds
[2024-07-06T14:17:52.783+0000] {processor.py:157} INFO - Started process (PID=945) to work on /home/airflow/.local/lib/python3.7/site-packages/airflow/example_dags/example_skip_dag.py
[2024-07-06T14:17:52.785+0000] {processor.py:826} INFO - Processing file /home/airflow/.local/lib/python3.7/site-packages/airflow/example_dags/example_skip_dag.py for tasks to queue
[2024-07-06T14:17:52.787+0000] {logging_mixin.py:150} INFO - [2024-07-06T14:17:52.787+0000] {dagbag.py:541} INFO - Filling up the DagBag from /home/airflow/.local/lib/python3.7/site-packages/airflow/example_dags/example_skip_dag.py
[2024-07-06T14:17:52.793+0000] {processor.py:836} INFO - DAG(s) dict_keys(['example_skip_dag']) retrieved from /home/airflow/.local/lib/python3.7/site-packages/airflow/example_dags/example_skip_dag.py
[2024-07-06T14:17:52.815+0000] {logging_mixin.py:150} INFO - [2024-07-06T14:17:52.815+0000] {dag.py:2742} INFO - Sync 1 DAGs
[2024-07-06T14:17:52.835+0000] {logging_mixin.py:150} INFO - [2024-07-06T14:17:52.835+0000] {dag.py:3508} INFO - Setting next_dagrun for example_skip_dag to 2024-07-05T14:17:52.835137+00:00, run_after=2024-07-06T14:17:52.835137+00:00
[2024-07-06T14:17:52.846+0000] {processor.py:179} INFO - Processing /home/airflow/.local/lib/python3.7/site-packages/airflow/example_dags/example_skip_dag.py took 0.066 seconds
[2024-07-06T14:18:23.050+0000] {processor.py:157} INFO - Started process (PID=1008) to work on /home/airflow/.local/lib/python3.7/site-packages/airflow/example_dags/example_skip_dag.py
[2024-07-06T14:18:23.053+0000] {processor.py:826} INFO - Processing file /home/airflow/.local/lib/python3.7/site-packages/airflow/example_dags/example_skip_dag.py for tasks to queue
[2024-07-06T14:18:23.054+0000] {logging_mixin.py:150} INFO - [2024-07-06T14:18:23.054+0000] {dagbag.py:541} INFO - Filling up the DagBag from /home/airflow/.local/lib/python3.7/site-packages/airflow/example_dags/example_skip_dag.py
[2024-07-06T14:18:23.063+0000] {processor.py:836} INFO - DAG(s) dict_keys(['example_skip_dag']) retrieved from /home/airflow/.local/lib/python3.7/site-packages/airflow/example_dags/example_skip_dag.py
[2024-07-06T14:18:23.085+0000] {logging_mixin.py:150} INFO - [2024-07-06T14:18:23.085+0000] {dag.py:2742} INFO - Sync 1 DAGs
[2024-07-06T14:18:23.102+0000] {logging_mixin.py:150} INFO - [2024-07-06T14:18:23.102+0000] {dag.py:3508} INFO - Setting next_dagrun for example_skip_dag to 2024-07-05T14:18:23.102452+00:00, run_after=2024-07-06T14:18:23.102452+00:00
[2024-07-06T14:18:23.115+0000] {processor.py:179} INFO - Processing /home/airflow/.local/lib/python3.7/site-packages/airflow/example_dags/example_skip_dag.py took 0.069 seconds
[2024-07-06T14:18:53.529+0000] {processor.py:157} INFO - Started process (PID=1071) to work on /home/airflow/.local/lib/python3.7/site-packages/airflow/example_dags/example_skip_dag.py
[2024-07-06T14:18:53.532+0000] {processor.py:826} INFO - Processing file /home/airflow/.local/lib/python3.7/site-packages/airflow/example_dags/example_skip_dag.py for tasks to queue
[2024-07-06T14:18:53.534+0000] {logging_mixin.py:150} INFO - [2024-07-06T14:18:53.534+0000] {dagbag.py:541} INFO - Filling up the DagBag from /home/airflow/.local/lib/python3.7/site-packages/airflow/example_dags/example_skip_dag.py
[2024-07-06T14:18:53.543+0000] {processor.py:836} INFO - DAG(s) dict_keys(['example_skip_dag']) retrieved from /home/airflow/.local/lib/python3.7/site-packages/airflow/example_dags/example_skip_dag.py
[2024-07-06T14:18:53.569+0000] {logging_mixin.py:150} INFO - [2024-07-06T14:18:53.569+0000] {dag.py:2742} INFO - Sync 1 DAGs
[2024-07-06T14:18:53.590+0000] {logging_mixin.py:150} INFO - [2024-07-06T14:18:53.590+0000] {dag.py:3508} INFO - Setting next_dagrun for example_skip_dag to 2024-07-05T14:18:53.590052+00:00, run_after=2024-07-06T14:18:53.590052+00:00
[2024-07-06T14:18:53.604+0000] {processor.py:179} INFO - Processing /home/airflow/.local/lib/python3.7/site-packages/airflow/example_dags/example_skip_dag.py took 0.079 seconds
[2024-07-06T14:19:23.764+0000] {processor.py:157} INFO - Started process (PID=1134) to work on /home/airflow/.local/lib/python3.7/site-packages/airflow/example_dags/example_skip_dag.py
[2024-07-06T14:19:23.765+0000] {processor.py:826} INFO - Processing file /home/airflow/.local/lib/python3.7/site-packages/airflow/example_dags/example_skip_dag.py for tasks to queue
[2024-07-06T14:19:23.767+0000] {logging_mixin.py:150} INFO - [2024-07-06T14:19:23.766+0000] {dagbag.py:541} INFO - Filling up the DagBag from /home/airflow/.local/lib/python3.7/site-packages/airflow/example_dags/example_skip_dag.py
[2024-07-06T14:19:23.773+0000] {processor.py:836} INFO - DAG(s) dict_keys(['example_skip_dag']) retrieved from /home/airflow/.local/lib/python3.7/site-packages/airflow/example_dags/example_skip_dag.py
[2024-07-06T14:19:23.791+0000] {logging_mixin.py:150} INFO - [2024-07-06T14:19:23.791+0000] {dag.py:2742} INFO - Sync 1 DAGs
[2024-07-06T14:19:23.809+0000] {logging_mixin.py:150} INFO - [2024-07-06T14:19:23.809+0000] {dag.py:3508} INFO - Setting next_dagrun for example_skip_dag to 2024-07-05T14:19:23.808900+00:00, run_after=2024-07-06T14:19:23.808900+00:00
[2024-07-06T14:19:23.821+0000] {processor.py:179} INFO - Processing /home/airflow/.local/lib/python3.7/site-packages/airflow/example_dags/example_skip_dag.py took 0.060 seconds
[2024-07-06T14:19:54.056+0000] {processor.py:157} INFO - Started process (PID=1197) to work on /home/airflow/.local/lib/python3.7/site-packages/airflow/example_dags/example_skip_dag.py
[2024-07-06T14:19:54.058+0000] {processor.py:826} INFO - Processing file /home/airflow/.local/lib/python3.7/site-packages/airflow/example_dags/example_skip_dag.py for tasks to queue
[2024-07-06T14:19:54.060+0000] {logging_mixin.py:150} INFO - [2024-07-06T14:19:54.060+0000] {dagbag.py:541} INFO - Filling up the DagBag from /home/airflow/.local/lib/python3.7/site-packages/airflow/example_dags/example_skip_dag.py
[2024-07-06T14:19:54.071+0000] {processor.py:836} INFO - DAG(s) dict_keys(['example_skip_dag']) retrieved from /home/airflow/.local/lib/python3.7/site-packages/airflow/example_dags/example_skip_dag.py
[2024-07-06T14:19:54.105+0000] {logging_mixin.py:150} INFO - [2024-07-06T14:19:54.105+0000] {dag.py:2742} INFO - Sync 1 DAGs
[2024-07-06T14:19:54.131+0000] {logging_mixin.py:150} INFO - [2024-07-06T14:19:54.131+0000] {dag.py:3508} INFO - Setting next_dagrun for example_skip_dag to 2024-07-05T14:19:54.131328+00:00, run_after=2024-07-06T14:19:54.131328+00:00
[2024-07-06T14:19:54.145+0000] {processor.py:179} INFO - Processing /home/airflow/.local/lib/python3.7/site-packages/airflow/example_dags/example_skip_dag.py took 0.094 seconds
[2024-07-06T14:20:24.526+0000] {processor.py:157} INFO - Started process (PID=1259) to work on /home/airflow/.local/lib/python3.7/site-packages/airflow/example_dags/example_skip_dag.py
[2024-07-06T14:20:24.528+0000] {processor.py:826} INFO - Processing file /home/airflow/.local/lib/python3.7/site-packages/airflow/example_dags/example_skip_dag.py for tasks to queue
[2024-07-06T14:20:24.530+0000] {logging_mixin.py:150} INFO - [2024-07-06T14:20:24.530+0000] {dagbag.py:541} INFO - Filling up the DagBag from /home/airflow/.local/lib/python3.7/site-packages/airflow/example_dags/example_skip_dag.py
[2024-07-06T14:20:24.540+0000] {processor.py:836} INFO - DAG(s) dict_keys(['example_skip_dag']) retrieved from /home/airflow/.local/lib/python3.7/site-packages/airflow/example_dags/example_skip_dag.py
[2024-07-06T14:20:24.565+0000] {logging_mixin.py:150} INFO - [2024-07-06T14:20:24.565+0000] {dag.py:2742} INFO - Sync 1 DAGs
[2024-07-06T14:20:24.585+0000] {logging_mixin.py:150} INFO - [2024-07-06T14:20:24.585+0000] {dag.py:3508} INFO - Setting next_dagrun for example_skip_dag to 2024-07-05T14:20:24.585551+00:00, run_after=2024-07-06T14:20:24.585551+00:00
[2024-07-06T14:20:24.600+0000] {processor.py:179} INFO - Processing /home/airflow/.local/lib/python3.7/site-packages/airflow/example_dags/example_skip_dag.py took 0.079 seconds
[2024-07-06T14:20:55.087+0000] {processor.py:157} INFO - Started process (PID=1322) to work on /home/airflow/.local/lib/python3.7/site-packages/airflow/example_dags/example_skip_dag.py
[2024-07-06T14:20:55.089+0000] {processor.py:826} INFO - Processing file /home/airflow/.local/lib/python3.7/site-packages/airflow/example_dags/example_skip_dag.py for tasks to queue
[2024-07-06T14:20:55.091+0000] {logging_mixin.py:150} INFO - [2024-07-06T14:20:55.091+0000] {dagbag.py:541} INFO - Filling up the DagBag from /home/airflow/.local/lib/python3.7/site-packages/airflow/example_dags/example_skip_dag.py
[2024-07-06T14:20:55.101+0000] {processor.py:836} INFO - DAG(s) dict_keys(['example_skip_dag']) retrieved from /home/airflow/.local/lib/python3.7/site-packages/airflow/example_dags/example_skip_dag.py
[2024-07-06T14:20:55.126+0000] {logging_mixin.py:150} INFO - [2024-07-06T14:20:55.126+0000] {dag.py:2742} INFO - Sync 1 DAGs
[2024-07-06T14:20:55.144+0000] {logging_mixin.py:150} INFO - [2024-07-06T14:20:55.144+0000] {dag.py:3508} INFO - Setting next_dagrun for example_skip_dag to 2024-07-05T14:20:55.144325+00:00, run_after=2024-07-06T14:20:55.144325+00:00
[2024-07-06T14:20:55.158+0000] {processor.py:179} INFO - Processing /home/airflow/.local/lib/python3.7/site-packages/airflow/example_dags/example_skip_dag.py took 0.076 seconds
[2024-07-06T14:21:25.735+0000] {processor.py:157} INFO - Started process (PID=1385) to work on /home/airflow/.local/lib/python3.7/site-packages/airflow/example_dags/example_skip_dag.py
[2024-07-06T14:21:25.737+0000] {processor.py:826} INFO - Processing file /home/airflow/.local/lib/python3.7/site-packages/airflow/example_dags/example_skip_dag.py for tasks to queue
[2024-07-06T14:21:25.739+0000] {logging_mixin.py:150} INFO - [2024-07-06T14:21:25.739+0000] {dagbag.py:541} INFO - Filling up the DagBag from /home/airflow/.local/lib/python3.7/site-packages/airflow/example_dags/example_skip_dag.py
[2024-07-06T14:21:25.747+0000] {processor.py:836} INFO - DAG(s) dict_keys(['example_skip_dag']) retrieved from /home/airflow/.local/lib/python3.7/site-packages/airflow/example_dags/example_skip_dag.py
[2024-07-06T14:21:25.778+0000] {logging_mixin.py:150} INFO - [2024-07-06T14:21:25.777+0000] {dag.py:2742} INFO - Sync 1 DAGs
[2024-07-06T14:21:25.798+0000] {logging_mixin.py:150} INFO - [2024-07-06T14:21:25.798+0000] {dag.py:3508} INFO - Setting next_dagrun for example_skip_dag to 2024-07-05T14:21:25.798401+00:00, run_after=2024-07-06T14:21:25.798401+00:00
[2024-07-06T14:21:25.814+0000] {processor.py:179} INFO - Processing /home/airflow/.local/lib/python3.7/site-packages/airflow/example_dags/example_skip_dag.py took 0.084 seconds
[2024-07-06T14:21:56.128+0000] {processor.py:157} INFO - Started process (PID=1448) to work on /home/airflow/.local/lib/python3.7/site-packages/airflow/example_dags/example_skip_dag.py
[2024-07-06T14:21:56.130+0000] {processor.py:826} INFO - Processing file /home/airflow/.local/lib/python3.7/site-packages/airflow/example_dags/example_skip_dag.py for tasks to queue
[2024-07-06T14:21:56.131+0000] {logging_mixin.py:150} INFO - [2024-07-06T14:21:56.131+0000] {dagbag.py:541} INFO - Filling up the DagBag from /home/airflow/.local/lib/python3.7/site-packages/airflow/example_dags/example_skip_dag.py
[2024-07-06T14:21:56.138+0000] {processor.py:836} INFO - DAG(s) dict_keys(['example_skip_dag']) retrieved from /home/airflow/.local/lib/python3.7/site-packages/airflow/example_dags/example_skip_dag.py
[2024-07-06T14:21:56.159+0000] {logging_mixin.py:150} INFO - [2024-07-06T14:21:56.159+0000] {dag.py:2742} INFO - Sync 1 DAGs
[2024-07-06T14:21:56.177+0000] {logging_mixin.py:150} INFO - [2024-07-06T14:21:56.176+0000] {dag.py:3508} INFO - Setting next_dagrun for example_skip_dag to 2024-07-05T14:21:56.176796+00:00, run_after=2024-07-06T14:21:56.176796+00:00
[2024-07-06T14:21:56.190+0000] {processor.py:179} INFO - Processing /home/airflow/.local/lib/python3.7/site-packages/airflow/example_dags/example_skip_dag.py took 0.065 seconds
[2024-07-06T14:22:26.426+0000] {processor.py:157} INFO - Started process (PID=1511) to work on /home/airflow/.local/lib/python3.7/site-packages/airflow/example_dags/example_skip_dag.py
[2024-07-06T14:22:26.428+0000] {processor.py:826} INFO - Processing file /home/airflow/.local/lib/python3.7/site-packages/airflow/example_dags/example_skip_dag.py for tasks to queue
[2024-07-06T14:22:26.430+0000] {logging_mixin.py:150} INFO - [2024-07-06T14:22:26.429+0000] {dagbag.py:541} INFO - Filling up the DagBag from /home/airflow/.local/lib/python3.7/site-packages/airflow/example_dags/example_skip_dag.py
[2024-07-06T14:22:26.439+0000] {processor.py:836} INFO - DAG(s) dict_keys(['example_skip_dag']) retrieved from /home/airflow/.local/lib/python3.7/site-packages/airflow/example_dags/example_skip_dag.py
[2024-07-06T14:22:26.463+0000] {logging_mixin.py:150} INFO - [2024-07-06T14:22:26.462+0000] {dag.py:2742} INFO - Sync 1 DAGs
[2024-07-06T14:22:26.482+0000] {logging_mixin.py:150} INFO - [2024-07-06T14:22:26.482+0000] {dag.py:3508} INFO - Setting next_dagrun for example_skip_dag to 2024-07-05T14:22:26.482452+00:00, run_after=2024-07-06T14:22:26.482452+00:00
[2024-07-06T14:22:26.496+0000] {processor.py:179} INFO - Processing /home/airflow/.local/lib/python3.7/site-packages/airflow/example_dags/example_skip_dag.py took 0.075 seconds
[2024-07-06T14:22:56.848+0000] {processor.py:157} INFO - Started process (PID=1574) to work on /home/airflow/.local/lib/python3.7/site-packages/airflow/example_dags/example_skip_dag.py
[2024-07-06T14:22:56.851+0000] {processor.py:826} INFO - Processing file /home/airflow/.local/lib/python3.7/site-packages/airflow/example_dags/example_skip_dag.py for tasks to queue
[2024-07-06T14:22:56.853+0000] {logging_mixin.py:150} INFO - [2024-07-06T14:22:56.853+0000] {dagbag.py:541} INFO - Filling up the DagBag from /home/airflow/.local/lib/python3.7/site-packages/airflow/example_dags/example_skip_dag.py
[2024-07-06T14:22:56.861+0000] {processor.py:836} INFO - DAG(s) dict_keys(['example_skip_dag']) retrieved from /home/airflow/.local/lib/python3.7/site-packages/airflow/example_dags/example_skip_dag.py
[2024-07-06T14:22:56.885+0000] {logging_mixin.py:150} INFO - [2024-07-06T14:22:56.884+0000] {dag.py:2742} INFO - Sync 1 DAGs
[2024-07-06T14:22:56.906+0000] {logging_mixin.py:150} INFO - [2024-07-06T14:22:56.906+0000] {dag.py:3508} INFO - Setting next_dagrun for example_skip_dag to 2024-07-05T14:22:56.906355+00:00, run_after=2024-07-06T14:22:56.906355+00:00
[2024-07-06T14:22:56.920+0000] {processor.py:179} INFO - Processing /home/airflow/.local/lib/python3.7/site-packages/airflow/example_dags/example_skip_dag.py took 0.075 seconds
[2024-07-06T14:23:27.100+0000] {processor.py:157} INFO - Started process (PID=1637) to work on /home/airflow/.local/lib/python3.7/site-packages/airflow/example_dags/example_skip_dag.py
[2024-07-06T14:23:27.102+0000] {processor.py:826} INFO - Processing file /home/airflow/.local/lib/python3.7/site-packages/airflow/example_dags/example_skip_dag.py for tasks to queue
[2024-07-06T14:23:27.105+0000] {logging_mixin.py:150} INFO - [2024-07-06T14:23:27.104+0000] {dagbag.py:541} INFO - Filling up the DagBag from /home/airflow/.local/lib/python3.7/site-packages/airflow/example_dags/example_skip_dag.py
[2024-07-06T14:23:27.114+0000] {processor.py:836} INFO - DAG(s) dict_keys(['example_skip_dag']) retrieved from /home/airflow/.local/lib/python3.7/site-packages/airflow/example_dags/example_skip_dag.py
[2024-07-06T14:23:27.149+0000] {logging_mixin.py:150} INFO - [2024-07-06T14:23:27.149+0000] {dag.py:2742} INFO - Sync 1 DAGs
[2024-07-06T14:23:27.173+0000] {logging_mixin.py:150} INFO - [2024-07-06T14:23:27.173+0000] {dag.py:3508} INFO - Setting next_dagrun for example_skip_dag to 2024-07-05T14:23:27.173099+00:00, run_after=2024-07-06T14:23:27.173099+00:00
[2024-07-06T14:23:27.197+0000] {processor.py:179} INFO - Processing /home/airflow/.local/lib/python3.7/site-packages/airflow/example_dags/example_skip_dag.py took 0.102 seconds
[2024-07-06T14:23:57.643+0000] {processor.py:157} INFO - Started process (PID=1700) to work on /home/airflow/.local/lib/python3.7/site-packages/airflow/example_dags/example_skip_dag.py
[2024-07-06T14:23:57.646+0000] {processor.py:826} INFO - Processing file /home/airflow/.local/lib/python3.7/site-packages/airflow/example_dags/example_skip_dag.py for tasks to queue
[2024-07-06T14:23:57.648+0000] {logging_mixin.py:150} INFO - [2024-07-06T14:23:57.648+0000] {dagbag.py:541} INFO - Filling up the DagBag from /home/airflow/.local/lib/python3.7/site-packages/airflow/example_dags/example_skip_dag.py
[2024-07-06T14:23:57.657+0000] {processor.py:836} INFO - DAG(s) dict_keys(['example_skip_dag']) retrieved from /home/airflow/.local/lib/python3.7/site-packages/airflow/example_dags/example_skip_dag.py
[2024-07-06T14:23:57.680+0000] {logging_mixin.py:150} INFO - [2024-07-06T14:23:57.680+0000] {dag.py:2742} INFO - Sync 1 DAGs
[2024-07-06T14:23:57.699+0000] {logging_mixin.py:150} INFO - [2024-07-06T14:23:57.699+0000] {dag.py:3508} INFO - Setting next_dagrun for example_skip_dag to 2024-07-05T14:23:57.699109+00:00, run_after=2024-07-06T14:23:57.699109+00:00
[2024-07-06T14:23:57.719+0000] {processor.py:179} INFO - Processing /home/airflow/.local/lib/python3.7/site-packages/airflow/example_dags/example_skip_dag.py took 0.081 seconds
[2024-07-06T14:24:28.102+0000] {processor.py:157} INFO - Started process (PID=1763) to work on /home/airflow/.local/lib/python3.7/site-packages/airflow/example_dags/example_skip_dag.py
[2024-07-06T14:24:28.104+0000] {processor.py:826} INFO - Processing file /home/airflow/.local/lib/python3.7/site-packages/airflow/example_dags/example_skip_dag.py for tasks to queue
[2024-07-06T14:24:28.107+0000] {logging_mixin.py:150} INFO - [2024-07-06T14:24:28.106+0000] {dagbag.py:541} INFO - Filling up the DagBag from /home/airflow/.local/lib/python3.7/site-packages/airflow/example_dags/example_skip_dag.py
[2024-07-06T14:24:28.116+0000] {processor.py:836} INFO - DAG(s) dict_keys(['example_skip_dag']) retrieved from /home/airflow/.local/lib/python3.7/site-packages/airflow/example_dags/example_skip_dag.py
[2024-07-06T14:24:28.145+0000] {logging_mixin.py:150} INFO - [2024-07-06T14:24:28.145+0000] {dag.py:2742} INFO - Sync 1 DAGs
[2024-07-06T14:24:28.171+0000] {logging_mixin.py:150} INFO - [2024-07-06T14:24:28.171+0000] {dag.py:3508} INFO - Setting next_dagrun for example_skip_dag to 2024-07-05T14:24:28.170657+00:00, run_after=2024-07-06T14:24:28.170657+00:00
[2024-07-06T14:24:28.186+0000] {processor.py:179} INFO - Processing /home/airflow/.local/lib/python3.7/site-packages/airflow/example_dags/example_skip_dag.py took 0.089 seconds
[2024-07-06T14:24:59.094+0000] {processor.py:157} INFO - Started process (PID=1826) to work on /home/airflow/.local/lib/python3.7/site-packages/airflow/example_dags/example_skip_dag.py
[2024-07-06T14:24:59.096+0000] {processor.py:826} INFO - Processing file /home/airflow/.local/lib/python3.7/site-packages/airflow/example_dags/example_skip_dag.py for tasks to queue
[2024-07-06T14:24:59.097+0000] {logging_mixin.py:150} INFO - [2024-07-06T14:24:59.097+0000] {dagbag.py:541} INFO - Filling up the DagBag from /home/airflow/.local/lib/python3.7/site-packages/airflow/example_dags/example_skip_dag.py
[2024-07-06T14:24:59.106+0000] {processor.py:836} INFO - DAG(s) dict_keys(['example_skip_dag']) retrieved from /home/airflow/.local/lib/python3.7/site-packages/airflow/example_dags/example_skip_dag.py
[2024-07-06T14:24:59.132+0000] {logging_mixin.py:150} INFO - [2024-07-06T14:24:59.132+0000] {dag.py:2742} INFO - Sync 1 DAGs
[2024-07-06T14:24:59.151+0000] {logging_mixin.py:150} INFO - [2024-07-06T14:24:59.151+0000] {dag.py:3508} INFO - Setting next_dagrun for example_skip_dag to 2024-07-05T14:24:59.151289+00:00, run_after=2024-07-06T14:24:59.151289+00:00
[2024-07-06T14:24:59.166+0000] {processor.py:179} INFO - Processing /home/airflow/.local/lib/python3.7/site-packages/airflow/example_dags/example_skip_dag.py took 0.076 seconds
[2024-07-06T14:25:29.381+0000] {processor.py:157} INFO - Started process (PID=1890) to work on /home/airflow/.local/lib/python3.7/site-packages/airflow/example_dags/example_skip_dag.py
[2024-07-06T14:25:29.383+0000] {processor.py:826} INFO - Processing file /home/airflow/.local/lib/python3.7/site-packages/airflow/example_dags/example_skip_dag.py for tasks to queue
[2024-07-06T14:25:29.384+0000] {logging_mixin.py:150} INFO - [2024-07-06T14:25:29.384+0000] {dagbag.py:541} INFO - Filling up the DagBag from /home/airflow/.local/lib/python3.7/site-packages/airflow/example_dags/example_skip_dag.py
[2024-07-06T14:25:29.392+0000] {processor.py:836} INFO - DAG(s) dict_keys(['example_skip_dag']) retrieved from /home/airflow/.local/lib/python3.7/site-packages/airflow/example_dags/example_skip_dag.py
[2024-07-06T14:25:29.416+0000] {logging_mixin.py:150} INFO - [2024-07-06T14:25:29.416+0000] {dag.py:2742} INFO - Sync 1 DAGs
[2024-07-06T14:25:29.436+0000] {logging_mixin.py:150} INFO - [2024-07-06T14:25:29.435+0000] {dag.py:3508} INFO - Setting next_dagrun for example_skip_dag to 2024-07-05T14:25:29.435751+00:00, run_after=2024-07-06T14:25:29.435751+00:00
[2024-07-06T14:25:29.449+0000] {processor.py:179} INFO - Processing /home/airflow/.local/lib/python3.7/site-packages/airflow/example_dags/example_skip_dag.py took 0.072 seconds
[2024-07-06T14:26:00.152+0000] {processor.py:157} INFO - Started process (PID=1952) to work on /home/airflow/.local/lib/python3.7/site-packages/airflow/example_dags/example_skip_dag.py
[2024-07-06T14:26:00.154+0000] {processor.py:826} INFO - Processing file /home/airflow/.local/lib/python3.7/site-packages/airflow/example_dags/example_skip_dag.py for tasks to queue
[2024-07-06T14:26:00.156+0000] {logging_mixin.py:150} INFO - [2024-07-06T14:26:00.156+0000] {dagbag.py:541} INFO - Filling up the DagBag from /home/airflow/.local/lib/python3.7/site-packages/airflow/example_dags/example_skip_dag.py
[2024-07-06T14:26:00.170+0000] {processor.py:836} INFO - DAG(s) dict_keys(['example_skip_dag']) retrieved from /home/airflow/.local/lib/python3.7/site-packages/airflow/example_dags/example_skip_dag.py
[2024-07-06T14:26:00.199+0000] {logging_mixin.py:150} INFO - [2024-07-06T14:26:00.199+0000] {dag.py:2742} INFO - Sync 1 DAGs
[2024-07-06T14:26:00.224+0000] {logging_mixin.py:150} INFO - [2024-07-06T14:26:00.224+0000] {dag.py:3508} INFO - Setting next_dagrun for example_skip_dag to 2024-07-05T14:26:00.223698+00:00, run_after=2024-07-06T14:26:00.223698+00:00
[2024-07-06T14:26:00.251+0000] {processor.py:179} INFO - Processing /home/airflow/.local/lib/python3.7/site-packages/airflow/example_dags/example_skip_dag.py took 0.103 seconds
[2024-07-06T14:26:31.100+0000] {processor.py:157} INFO - Started process (PID=2016) to work on /home/airflow/.local/lib/python3.7/site-packages/airflow/example_dags/example_skip_dag.py
[2024-07-06T14:26:31.102+0000] {processor.py:826} INFO - Processing file /home/airflow/.local/lib/python3.7/site-packages/airflow/example_dags/example_skip_dag.py for tasks to queue
[2024-07-06T14:26:31.104+0000] {logging_mixin.py:150} INFO - [2024-07-06T14:26:31.104+0000] {dagbag.py:541} INFO - Filling up the DagBag from /home/airflow/.local/lib/python3.7/site-packages/airflow/example_dags/example_skip_dag.py
[2024-07-06T14:26:31.110+0000] {processor.py:836} INFO - DAG(s) dict_keys(['example_skip_dag']) retrieved from /home/airflow/.local/lib/python3.7/site-packages/airflow/example_dags/example_skip_dag.py
[2024-07-06T14:26:31.133+0000] {logging_mixin.py:150} INFO - [2024-07-06T14:26:31.132+0000] {dag.py:2742} INFO - Sync 1 DAGs
[2024-07-06T14:26:31.151+0000] {logging_mixin.py:150} INFO - [2024-07-06T14:26:31.151+0000] {dag.py:3508} INFO - Setting next_dagrun for example_skip_dag to 2024-07-05T14:26:31.151331+00:00, run_after=2024-07-06T14:26:31.151331+00:00
[2024-07-06T14:26:31.164+0000] {processor.py:179} INFO - Processing /home/airflow/.local/lib/python3.7/site-packages/airflow/example_dags/example_skip_dag.py took 0.066 seconds
[2024-07-06T14:27:01.308+0000] {processor.py:157} INFO - Started process (PID=2079) to work on /home/airflow/.local/lib/python3.7/site-packages/airflow/example_dags/example_skip_dag.py
[2024-07-06T14:27:01.310+0000] {processor.py:826} INFO - Processing file /home/airflow/.local/lib/python3.7/site-packages/airflow/example_dags/example_skip_dag.py for tasks to queue
[2024-07-06T14:27:01.311+0000] {logging_mixin.py:150} INFO - [2024-07-06T14:27:01.311+0000] {dagbag.py:541} INFO - Filling up the DagBag from /home/airflow/.local/lib/python3.7/site-packages/airflow/example_dags/example_skip_dag.py
[2024-07-06T14:27:01.318+0000] {processor.py:836} INFO - DAG(s) dict_keys(['example_skip_dag']) retrieved from /home/airflow/.local/lib/python3.7/site-packages/airflow/example_dags/example_skip_dag.py
[2024-07-06T14:27:01.340+0000] {logging_mixin.py:150} INFO - [2024-07-06T14:27:01.340+0000] {dag.py:2742} INFO - Sync 1 DAGs
[2024-07-06T14:27:01.360+0000] {logging_mixin.py:150} INFO - [2024-07-06T14:27:01.360+0000] {dag.py:3508} INFO - Setting next_dagrun for example_skip_dag to 2024-07-05T14:27:01.360438+00:00, run_after=2024-07-06T14:27:01.360438+00:00
[2024-07-06T14:27:01.378+0000] {processor.py:179} INFO - Processing /home/airflow/.local/lib/python3.7/site-packages/airflow/example_dags/example_skip_dag.py took 0.073 seconds
[2024-07-06T14:27:31.786+0000] {processor.py:157} INFO - Started process (PID=2141) to work on /home/airflow/.local/lib/python3.7/site-packages/airflow/example_dags/example_skip_dag.py
[2024-07-06T14:27:31.789+0000] {processor.py:826} INFO - Processing file /home/airflow/.local/lib/python3.7/site-packages/airflow/example_dags/example_skip_dag.py for tasks to queue
[2024-07-06T14:27:31.790+0000] {logging_mixin.py:150} INFO - [2024-07-06T14:27:31.790+0000] {dagbag.py:541} INFO - Filling up the DagBag from /home/airflow/.local/lib/python3.7/site-packages/airflow/example_dags/example_skip_dag.py
[2024-07-06T14:27:31.798+0000] {processor.py:836} INFO - DAG(s) dict_keys(['example_skip_dag']) retrieved from /home/airflow/.local/lib/python3.7/site-packages/airflow/example_dags/example_skip_dag.py
[2024-07-06T14:27:31.827+0000] {logging_mixin.py:150} INFO - [2024-07-06T14:27:31.827+0000] {dag.py:2742} INFO - Sync 1 DAGs
[2024-07-06T14:27:31.852+0000] {logging_mixin.py:150} INFO - [2024-07-06T14:27:31.852+0000] {dag.py:3508} INFO - Setting next_dagrun for example_skip_dag to 2024-07-05T14:27:31.851790+00:00, run_after=2024-07-06T14:27:31.851790+00:00
[2024-07-06T14:27:31.869+0000] {processor.py:179} INFO - Processing /home/airflow/.local/lib/python3.7/site-packages/airflow/example_dags/example_skip_dag.py took 0.087 seconds
[2024-07-06T14:28:02.546+0000] {processor.py:157} INFO - Started process (PID=2209) to work on /home/airflow/.local/lib/python3.7/site-packages/airflow/example_dags/example_skip_dag.py
[2024-07-06T14:28:02.549+0000] {processor.py:826} INFO - Processing file /home/airflow/.local/lib/python3.7/site-packages/airflow/example_dags/example_skip_dag.py for tasks to queue
[2024-07-06T14:28:02.550+0000] {logging_mixin.py:150} INFO - [2024-07-06T14:28:02.550+0000] {dagbag.py:541} INFO - Filling up the DagBag from /home/airflow/.local/lib/python3.7/site-packages/airflow/example_dags/example_skip_dag.py
[2024-07-06T14:28:02.560+0000] {processor.py:836} INFO - DAG(s) dict_keys(['example_skip_dag']) retrieved from /home/airflow/.local/lib/python3.7/site-packages/airflow/example_dags/example_skip_dag.py
[2024-07-06T14:28:02.591+0000] {logging_mixin.py:150} INFO - [2024-07-06T14:28:02.591+0000] {dag.py:2742} INFO - Sync 1 DAGs
[2024-07-06T14:28:02.615+0000] {logging_mixin.py:150} INFO - [2024-07-06T14:28:02.615+0000] {dag.py:3508} INFO - Setting next_dagrun for example_skip_dag to 2024-07-05T14:28:02.615163+00:00, run_after=2024-07-06T14:28:02.615163+00:00
[2024-07-06T14:28:02.632+0000] {processor.py:179} INFO - Processing /home/airflow/.local/lib/python3.7/site-packages/airflow/example_dags/example_skip_dag.py took 0.093 seconds
[2024-07-06T14:28:33.293+0000] {processor.py:157} INFO - Started process (PID=2277) to work on /home/airflow/.local/lib/python3.7/site-packages/airflow/example_dags/example_skip_dag.py
[2024-07-06T14:28:33.295+0000] {processor.py:826} INFO - Processing file /home/airflow/.local/lib/python3.7/site-packages/airflow/example_dags/example_skip_dag.py for tasks to queue
[2024-07-06T14:28:33.297+0000] {logging_mixin.py:150} INFO - [2024-07-06T14:28:33.297+0000] {dagbag.py:541} INFO - Filling up the DagBag from /home/airflow/.local/lib/python3.7/site-packages/airflow/example_dags/example_skip_dag.py
[2024-07-06T14:28:33.306+0000] {processor.py:836} INFO - DAG(s) dict_keys(['example_skip_dag']) retrieved from /home/airflow/.local/lib/python3.7/site-packages/airflow/example_dags/example_skip_dag.py
[2024-07-06T14:28:33.332+0000] {logging_mixin.py:150} INFO - [2024-07-06T14:28:33.331+0000] {dag.py:2742} INFO - Sync 1 DAGs
[2024-07-06T14:28:33.352+0000] {logging_mixin.py:150} INFO - [2024-07-06T14:28:33.352+0000] {dag.py:3508} INFO - Setting next_dagrun for example_skip_dag to 2024-07-05T14:28:33.352387+00:00, run_after=2024-07-06T14:28:33.352387+00:00
[2024-07-06T14:28:33.366+0000] {processor.py:179} INFO - Processing /home/airflow/.local/lib/python3.7/site-packages/airflow/example_dags/example_skip_dag.py took 0.077 seconds
[2024-07-06T14:29:03.931+0000] {processor.py:157} INFO - Started process (PID=2340) to work on /home/airflow/.local/lib/python3.7/site-packages/airflow/example_dags/example_skip_dag.py
[2024-07-06T14:29:03.933+0000] {processor.py:826} INFO - Processing file /home/airflow/.local/lib/python3.7/site-packages/airflow/example_dags/example_skip_dag.py for tasks to queue
[2024-07-06T14:29:03.935+0000] {logging_mixin.py:150} INFO - [2024-07-06T14:29:03.935+0000] {dagbag.py:541} INFO - Filling up the DagBag from /home/airflow/.local/lib/python3.7/site-packages/airflow/example_dags/example_skip_dag.py
[2024-07-06T14:29:03.942+0000] {processor.py:836} INFO - DAG(s) dict_keys(['example_skip_dag']) retrieved from /home/airflow/.local/lib/python3.7/site-packages/airflow/example_dags/example_skip_dag.py
[2024-07-06T14:29:03.965+0000] {logging_mixin.py:150} INFO - [2024-07-06T14:29:03.965+0000] {dag.py:2742} INFO - Sync 1 DAGs
[2024-07-06T14:29:03.984+0000] {logging_mixin.py:150} INFO - [2024-07-06T14:29:03.984+0000] {dag.py:3508} INFO - Setting next_dagrun for example_skip_dag to 2024-07-05T14:29:03.984127+00:00, run_after=2024-07-06T14:29:03.984127+00:00
[2024-07-06T14:29:03.999+0000] {processor.py:179} INFO - Processing /home/airflow/.local/lib/python3.7/site-packages/airflow/example_dags/example_skip_dag.py took 0.073 seconds
[2024-07-06T14:29:34.516+0000] {processor.py:157} INFO - Started process (PID=2407) to work on /home/airflow/.local/lib/python3.7/site-packages/airflow/example_dags/example_skip_dag.py
[2024-07-06T14:29:34.518+0000] {processor.py:826} INFO - Processing file /home/airflow/.local/lib/python3.7/site-packages/airflow/example_dags/example_skip_dag.py for tasks to queue
[2024-07-06T14:29:34.519+0000] {logging_mixin.py:150} INFO - [2024-07-06T14:29:34.519+0000] {dagbag.py:541} INFO - Filling up the DagBag from /home/airflow/.local/lib/python3.7/site-packages/airflow/example_dags/example_skip_dag.py
[2024-07-06T14:29:34.525+0000] {processor.py:836} INFO - DAG(s) dict_keys(['example_skip_dag']) retrieved from /home/airflow/.local/lib/python3.7/site-packages/airflow/example_dags/example_skip_dag.py
[2024-07-06T14:29:34.551+0000] {logging_mixin.py:150} INFO - [2024-07-06T14:29:34.551+0000] {dag.py:2742} INFO - Sync 1 DAGs
[2024-07-06T14:29:34.570+0000] {logging_mixin.py:150} INFO - [2024-07-06T14:29:34.570+0000] {dag.py:3508} INFO - Setting next_dagrun for example_skip_dag to 2024-07-05T14:29:34.570001+00:00, run_after=2024-07-06T14:29:34.570001+00:00
[2024-07-06T14:29:34.582+0000] {processor.py:179} INFO - Processing /home/airflow/.local/lib/python3.7/site-packages/airflow/example_dags/example_skip_dag.py took 0.069 seconds
[2024-07-06T14:30:04.644+0000] {processor.py:157} INFO - Started process (PID=2470) to work on /home/airflow/.local/lib/python3.7/site-packages/airflow/example_dags/example_skip_dag.py
[2024-07-06T14:30:04.646+0000] {processor.py:826} INFO - Processing file /home/airflow/.local/lib/python3.7/site-packages/airflow/example_dags/example_skip_dag.py for tasks to queue
[2024-07-06T14:30:04.648+0000] {logging_mixin.py:150} INFO - [2024-07-06T14:30:04.648+0000] {dagbag.py:541} INFO - Filling up the DagBag from /home/airflow/.local/lib/python3.7/site-packages/airflow/example_dags/example_skip_dag.py
[2024-07-06T14:30:04.655+0000] {processor.py:836} INFO - DAG(s) dict_keys(['example_skip_dag']) retrieved from /home/airflow/.local/lib/python3.7/site-packages/airflow/example_dags/example_skip_dag.py
[2024-07-06T14:30:04.680+0000] {logging_mixin.py:150} INFO - [2024-07-06T14:30:04.680+0000] {dag.py:2742} INFO - Sync 1 DAGs
[2024-07-06T14:30:04.700+0000] {logging_mixin.py:150} INFO - [2024-07-06T14:30:04.700+0000] {dag.py:3508} INFO - Setting next_dagrun for example_skip_dag to 2024-07-05T14:30:04.699905+00:00, run_after=2024-07-06T14:30:04.699905+00:00
[2024-07-06T14:30:04.713+0000] {processor.py:179} INFO - Processing /home/airflow/.local/lib/python3.7/site-packages/airflow/example_dags/example_skip_dag.py took 0.072 seconds
[2024-07-06T14:30:35.775+0000] {processor.py:157} INFO - Started process (PID=2533) to work on /home/airflow/.local/lib/python3.7/site-packages/airflow/example_dags/example_skip_dag.py
[2024-07-06T14:30:35.778+0000] {processor.py:826} INFO - Processing file /home/airflow/.local/lib/python3.7/site-packages/airflow/example_dags/example_skip_dag.py for tasks to queue
[2024-07-06T14:30:35.779+0000] {logging_mixin.py:150} INFO - [2024-07-06T14:30:35.779+0000] {dagbag.py:541} INFO - Filling up the DagBag from /home/airflow/.local/lib/python3.7/site-packages/airflow/example_dags/example_skip_dag.py
[2024-07-06T14:30:35.786+0000] {processor.py:836} INFO - DAG(s) dict_keys(['example_skip_dag']) retrieved from /home/airflow/.local/lib/python3.7/site-packages/airflow/example_dags/example_skip_dag.py
[2024-07-06T14:30:35.807+0000] {logging_mixin.py:150} INFO - [2024-07-06T14:30:35.807+0000] {dag.py:2742} INFO - Sync 1 DAGs
[2024-07-06T14:30:35.826+0000] {logging_mixin.py:150} INFO - [2024-07-06T14:30:35.826+0000] {dag.py:3508} INFO - Setting next_dagrun for example_skip_dag to 2024-07-05T14:30:35.826377+00:00, run_after=2024-07-06T14:30:35.826377+00:00
[2024-07-06T14:30:35.838+0000] {processor.py:179} INFO - Processing /home/airflow/.local/lib/python3.7/site-packages/airflow/example_dags/example_skip_dag.py took 0.066 seconds
