[2024-07-06T14:10:46.360+0000] {processor.py:157} INFO - Started process (PID=77) to work on /home/airflow/.local/lib/python3.7/site-packages/airflow/example_dags/example_latest_only_with_trigger.py
[2024-07-06T14:10:46.362+0000] {processor.py:826} INFO - Processing file /home/airflow/.local/lib/python3.7/site-packages/airflow/example_dags/example_latest_only_with_trigger.py for tasks to queue
[2024-07-06T14:10:46.364+0000] {logging_mixin.py:150} INFO - [2024-07-06T14:10:46.364+0000] {dagbag.py:541} INFO - Filling up the DagBag from /home/airflow/.local/lib/python3.7/site-packages/airflow/example_dags/example_latest_only_with_trigger.py
[2024-07-06T14:10:46.373+0000] {processor.py:836} INFO - DAG(s) dict_keys(['latest_only_with_trigger']) retrieved from /home/airflow/.local/lib/python3.7/site-packages/airflow/example_dags/example_latest_only_with_trigger.py
[2024-07-06T14:10:46.399+0000] {logging_mixin.py:150} INFO - [2024-07-06T14:10:46.399+0000] {dag.py:2742} INFO - Sync 1 DAGs
[2024-07-06T14:10:46.422+0000] {logging_mixin.py:150} INFO - [2024-07-06T14:10:46.421+0000] {dag.py:3508} INFO - Setting next_dagrun for latest_only_with_trigger to 2024-07-06T10:10:46.421544+00:00, run_after=2024-07-06T14:10:46.421544+00:00
[2024-07-06T14:10:46.444+0000] {processor.py:179} INFO - Processing /home/airflow/.local/lib/python3.7/site-packages/airflow/example_dags/example_latest_only_with_trigger.py took 0.087 seconds
[2024-07-06T14:11:17.345+0000] {processor.py:157} INFO - Started process (PID=139) to work on /home/airflow/.local/lib/python3.7/site-packages/airflow/example_dags/example_latest_only_with_trigger.py
[2024-07-06T14:11:17.348+0000] {processor.py:826} INFO - Processing file /home/airflow/.local/lib/python3.7/site-packages/airflow/example_dags/example_latest_only_with_trigger.py for tasks to queue
[2024-07-06T14:11:17.350+0000] {logging_mixin.py:150} INFO - [2024-07-06T14:11:17.349+0000] {dagbag.py:541} INFO - Filling up the DagBag from /home/airflow/.local/lib/python3.7/site-packages/airflow/example_dags/example_latest_only_with_trigger.py
[2024-07-06T14:11:17.357+0000] {processor.py:836} INFO - DAG(s) dict_keys(['latest_only_with_trigger']) retrieved from /home/airflow/.local/lib/python3.7/site-packages/airflow/example_dags/example_latest_only_with_trigger.py
[2024-07-06T14:11:17.384+0000] {logging_mixin.py:150} INFO - [2024-07-06T14:11:17.384+0000] {dag.py:2742} INFO - Sync 1 DAGs
[2024-07-06T14:11:17.406+0000] {logging_mixin.py:150} INFO - [2024-07-06T14:11:17.406+0000] {dag.py:3508} INFO - Setting next_dagrun for latest_only_with_trigger to 2024-07-06T10:11:17.406568+00:00, run_after=2024-07-06T14:11:17.406568+00:00
[2024-07-06T14:11:17.423+0000] {processor.py:179} INFO - Processing /home/airflow/.local/lib/python3.7/site-packages/airflow/example_dags/example_latest_only_with_trigger.py took 0.082 seconds
[2024-07-06T14:11:47.966+0000] {processor.py:157} INFO - Started process (PID=202) to work on /home/airflow/.local/lib/python3.7/site-packages/airflow/example_dags/example_latest_only_with_trigger.py
[2024-07-06T14:11:47.967+0000] {processor.py:826} INFO - Processing file /home/airflow/.local/lib/python3.7/site-packages/airflow/example_dags/example_latest_only_with_trigger.py for tasks to queue
[2024-07-06T14:11:47.969+0000] {logging_mixin.py:150} INFO - [2024-07-06T14:11:47.969+0000] {dagbag.py:541} INFO - Filling up the DagBag from /home/airflow/.local/lib/python3.7/site-packages/airflow/example_dags/example_latest_only_with_trigger.py
[2024-07-06T14:11:47.975+0000] {processor.py:836} INFO - DAG(s) dict_keys(['latest_only_with_trigger']) retrieved from /home/airflow/.local/lib/python3.7/site-packages/airflow/example_dags/example_latest_only_with_trigger.py
[2024-07-06T14:11:47.998+0000] {logging_mixin.py:150} INFO - [2024-07-06T14:11:47.998+0000] {dag.py:2742} INFO - Sync 1 DAGs
[2024-07-06T14:11:48.016+0000] {logging_mixin.py:150} INFO - [2024-07-06T14:11:48.016+0000] {dag.py:3508} INFO - Setting next_dagrun for latest_only_with_trigger to 2024-07-06T10:11:48.015787+00:00, run_after=2024-07-06T14:11:48.015787+00:00
[2024-07-06T14:11:48.031+0000] {processor.py:179} INFO - Processing /home/airflow/.local/lib/python3.7/site-packages/airflow/example_dags/example_latest_only_with_trigger.py took 0.068 seconds
[2024-07-06T14:12:18.360+0000] {processor.py:157} INFO - Started process (PID=265) to work on /home/airflow/.local/lib/python3.7/site-packages/airflow/example_dags/example_latest_only_with_trigger.py
[2024-07-06T14:12:18.362+0000] {processor.py:826} INFO - Processing file /home/airflow/.local/lib/python3.7/site-packages/airflow/example_dags/example_latest_only_with_trigger.py for tasks to queue
[2024-07-06T14:12:18.364+0000] {logging_mixin.py:150} INFO - [2024-07-06T14:12:18.363+0000] {dagbag.py:541} INFO - Filling up the DagBag from /home/airflow/.local/lib/python3.7/site-packages/airflow/example_dags/example_latest_only_with_trigger.py
[2024-07-06T14:12:18.369+0000] {processor.py:836} INFO - DAG(s) dict_keys(['latest_only_with_trigger']) retrieved from /home/airflow/.local/lib/python3.7/site-packages/airflow/example_dags/example_latest_only_with_trigger.py
[2024-07-06T14:12:18.393+0000] {logging_mixin.py:150} INFO - [2024-07-06T14:12:18.393+0000] {dag.py:2742} INFO - Sync 1 DAGs
[2024-07-06T14:12:18.414+0000] {logging_mixin.py:150} INFO - [2024-07-06T14:12:18.414+0000] {dag.py:3508} INFO - Setting next_dagrun for latest_only_with_trigger to 2024-07-06T10:12:18.414251+00:00, run_after=2024-07-06T14:12:18.414251+00:00
[2024-07-06T14:12:18.428+0000] {processor.py:179} INFO - Processing /home/airflow/.local/lib/python3.7/site-packages/airflow/example_dags/example_latest_only_with_trigger.py took 0.070 seconds
[2024-07-06T14:12:48.637+0000] {processor.py:157} INFO - Started process (PID=328) to work on /home/airflow/.local/lib/python3.7/site-packages/airflow/example_dags/example_latest_only_with_trigger.py
[2024-07-06T14:12:48.641+0000] {processor.py:826} INFO - Processing file /home/airflow/.local/lib/python3.7/site-packages/airflow/example_dags/example_latest_only_with_trigger.py for tasks to queue
[2024-07-06T14:12:48.642+0000] {logging_mixin.py:150} INFO - [2024-07-06T14:12:48.642+0000] {dagbag.py:541} INFO - Filling up the DagBag from /home/airflow/.local/lib/python3.7/site-packages/airflow/example_dags/example_latest_only_with_trigger.py
[2024-07-06T14:12:48.648+0000] {processor.py:836} INFO - DAG(s) dict_keys(['latest_only_with_trigger']) retrieved from /home/airflow/.local/lib/python3.7/site-packages/airflow/example_dags/example_latest_only_with_trigger.py
[2024-07-06T14:12:48.669+0000] {logging_mixin.py:150} INFO - [2024-07-06T14:12:48.669+0000] {dag.py:2742} INFO - Sync 1 DAGs
[2024-07-06T14:12:48.687+0000] {logging_mixin.py:150} INFO - [2024-07-06T14:12:48.687+0000] {dag.py:3508} INFO - Setting next_dagrun for latest_only_with_trigger to 2024-07-06T10:12:48.686860+00:00, run_after=2024-07-06T14:12:48.686860+00:00
[2024-07-06T14:12:48.700+0000] {processor.py:179} INFO - Processing /home/airflow/.local/lib/python3.7/site-packages/airflow/example_dags/example_latest_only_with_trigger.py took 0.066 seconds
[2024-07-06T14:13:18.881+0000] {processor.py:157} INFO - Started process (PID=391) to work on /home/airflow/.local/lib/python3.7/site-packages/airflow/example_dags/example_latest_only_with_trigger.py
[2024-07-06T14:13:18.883+0000] {processor.py:826} INFO - Processing file /home/airflow/.local/lib/python3.7/site-packages/airflow/example_dags/example_latest_only_with_trigger.py for tasks to queue
[2024-07-06T14:13:18.884+0000] {logging_mixin.py:150} INFO - [2024-07-06T14:13:18.884+0000] {dagbag.py:541} INFO - Filling up the DagBag from /home/airflow/.local/lib/python3.7/site-packages/airflow/example_dags/example_latest_only_with_trigger.py
[2024-07-06T14:13:18.890+0000] {processor.py:836} INFO - DAG(s) dict_keys(['latest_only_with_trigger']) retrieved from /home/airflow/.local/lib/python3.7/site-packages/airflow/example_dags/example_latest_only_with_trigger.py
[2024-07-06T14:13:18.911+0000] {logging_mixin.py:150} INFO - [2024-07-06T14:13:18.911+0000] {dag.py:2742} INFO - Sync 1 DAGs
[2024-07-06T14:13:18.929+0000] {logging_mixin.py:150} INFO - [2024-07-06T14:13:18.928+0000] {dag.py:3508} INFO - Setting next_dagrun for latest_only_with_trigger to 2024-07-06T10:13:18.928637+00:00, run_after=2024-07-06T14:13:18.928637+00:00
[2024-07-06T14:13:18.945+0000] {processor.py:179} INFO - Processing /home/airflow/.local/lib/python3.7/site-packages/airflow/example_dags/example_latest_only_with_trigger.py took 0.067 seconds
[2024-07-06T14:13:49.263+0000] {processor.py:157} INFO - Started process (PID=455) to work on /home/airflow/.local/lib/python3.7/site-packages/airflow/example_dags/example_latest_only_with_trigger.py
[2024-07-06T14:13:49.266+0000] {processor.py:826} INFO - Processing file /home/airflow/.local/lib/python3.7/site-packages/airflow/example_dags/example_latest_only_with_trigger.py for tasks to queue
[2024-07-06T14:13:49.268+0000] {logging_mixin.py:150} INFO - [2024-07-06T14:13:49.267+0000] {dagbag.py:541} INFO - Filling up the DagBag from /home/airflow/.local/lib/python3.7/site-packages/airflow/example_dags/example_latest_only_with_trigger.py
[2024-07-06T14:13:49.277+0000] {processor.py:836} INFO - DAG(s) dict_keys(['latest_only_with_trigger']) retrieved from /home/airflow/.local/lib/python3.7/site-packages/airflow/example_dags/example_latest_only_with_trigger.py
[2024-07-06T14:13:49.309+0000] {logging_mixin.py:150} INFO - [2024-07-06T14:13:49.309+0000] {dag.py:2742} INFO - Sync 1 DAGs
[2024-07-06T14:13:49.332+0000] {logging_mixin.py:150} INFO - [2024-07-06T14:13:49.332+0000] {dag.py:3508} INFO - Setting next_dagrun for latest_only_with_trigger to 2024-07-06T10:13:49.332164+00:00, run_after=2024-07-06T14:13:49.332164+00:00
[2024-07-06T14:13:49.348+0000] {processor.py:179} INFO - Processing /home/airflow/.local/lib/python3.7/site-packages/airflow/example_dags/example_latest_only_with_trigger.py took 0.089 seconds
[2024-07-06T14:14:19.702+0000] {processor.py:157} INFO - Started process (PID=518) to work on /home/airflow/.local/lib/python3.7/site-packages/airflow/example_dags/example_latest_only_with_trigger.py
[2024-07-06T14:14:19.705+0000] {processor.py:826} INFO - Processing file /home/airflow/.local/lib/python3.7/site-packages/airflow/example_dags/example_latest_only_with_trigger.py for tasks to queue
[2024-07-06T14:14:19.707+0000] {logging_mixin.py:150} INFO - [2024-07-06T14:14:19.706+0000] {dagbag.py:541} INFO - Filling up the DagBag from /home/airflow/.local/lib/python3.7/site-packages/airflow/example_dags/example_latest_only_with_trigger.py
[2024-07-06T14:14:19.714+0000] {processor.py:836} INFO - DAG(s) dict_keys(['latest_only_with_trigger']) retrieved from /home/airflow/.local/lib/python3.7/site-packages/airflow/example_dags/example_latest_only_with_trigger.py
[2024-07-06T14:14:19.737+0000] {logging_mixin.py:150} INFO - [2024-07-06T14:14:19.737+0000] {dag.py:2742} INFO - Sync 1 DAGs
[2024-07-06T14:14:19.759+0000] {logging_mixin.py:150} INFO - [2024-07-06T14:14:19.759+0000] {dag.py:3508} INFO - Setting next_dagrun for latest_only_with_trigger to 2024-07-06T10:14:19.758909+00:00, run_after=2024-07-06T14:14:19.758909+00:00
[2024-07-06T14:14:19.774+0000] {processor.py:179} INFO - Processing /home/airflow/.local/lib/python3.7/site-packages/airflow/example_dags/example_latest_only_with_trigger.py took 0.077 seconds
[2024-07-06T14:14:50.088+0000] {processor.py:157} INFO - Started process (PID=582) to work on /home/airflow/.local/lib/python3.7/site-packages/airflow/example_dags/example_latest_only_with_trigger.py
[2024-07-06T14:14:50.090+0000] {processor.py:826} INFO - Processing file /home/airflow/.local/lib/python3.7/site-packages/airflow/example_dags/example_latest_only_with_trigger.py for tasks to queue
[2024-07-06T14:14:50.091+0000] {logging_mixin.py:150} INFO - [2024-07-06T14:14:50.091+0000] {dagbag.py:541} INFO - Filling up the DagBag from /home/airflow/.local/lib/python3.7/site-packages/airflow/example_dags/example_latest_only_with_trigger.py
[2024-07-06T14:14:50.098+0000] {processor.py:836} INFO - DAG(s) dict_keys(['latest_only_with_trigger']) retrieved from /home/airflow/.local/lib/python3.7/site-packages/airflow/example_dags/example_latest_only_with_trigger.py
[2024-07-06T14:14:50.121+0000] {logging_mixin.py:150} INFO - [2024-07-06T14:14:50.121+0000] {dag.py:2742} INFO - Sync 1 DAGs
[2024-07-06T14:14:50.141+0000] {logging_mixin.py:150} INFO - [2024-07-06T14:14:50.140+0000] {dag.py:3508} INFO - Setting next_dagrun for latest_only_with_trigger to 2024-07-06T10:14:50.140747+00:00, run_after=2024-07-06T14:14:50.140747+00:00
[2024-07-06T14:14:50.161+0000] {processor.py:179} INFO - Processing /home/airflow/.local/lib/python3.7/site-packages/airflow/example_dags/example_latest_only_with_trigger.py took 0.076 seconds
[2024-07-06T14:15:20.560+0000] {processor.py:157} INFO - Started process (PID=645) to work on /home/airflow/.local/lib/python3.7/site-packages/airflow/example_dags/example_latest_only_with_trigger.py
[2024-07-06T14:15:20.562+0000] {processor.py:826} INFO - Processing file /home/airflow/.local/lib/python3.7/site-packages/airflow/example_dags/example_latest_only_with_trigger.py for tasks to queue
[2024-07-06T14:15:20.564+0000] {logging_mixin.py:150} INFO - [2024-07-06T14:15:20.563+0000] {dagbag.py:541} INFO - Filling up the DagBag from /home/airflow/.local/lib/python3.7/site-packages/airflow/example_dags/example_latest_only_with_trigger.py
[2024-07-06T14:15:20.569+0000] {processor.py:836} INFO - DAG(s) dict_keys(['latest_only_with_trigger']) retrieved from /home/airflow/.local/lib/python3.7/site-packages/airflow/example_dags/example_latest_only_with_trigger.py
[2024-07-06T14:15:20.598+0000] {logging_mixin.py:150} INFO - [2024-07-06T14:15:20.597+0000] {dag.py:2742} INFO - Sync 1 DAGs
[2024-07-06T14:15:20.632+0000] {logging_mixin.py:150} INFO - [2024-07-06T14:15:20.632+0000] {dag.py:3508} INFO - Setting next_dagrun for latest_only_with_trigger to 2024-07-06T10:15:20.632571+00:00, run_after=2024-07-06T14:15:20.632571+00:00
[2024-07-06T14:15:20.652+0000] {processor.py:179} INFO - Processing /home/airflow/.local/lib/python3.7/site-packages/airflow/example_dags/example_latest_only_with_trigger.py took 0.095 seconds
[2024-07-06T14:15:51.018+0000] {processor.py:157} INFO - Started process (PID=707) to work on /home/airflow/.local/lib/python3.7/site-packages/airflow/example_dags/example_latest_only_with_trigger.py
[2024-07-06T14:15:51.020+0000] {processor.py:826} INFO - Processing file /home/airflow/.local/lib/python3.7/site-packages/airflow/example_dags/example_latest_only_with_trigger.py for tasks to queue
[2024-07-06T14:15:51.021+0000] {logging_mixin.py:150} INFO - [2024-07-06T14:15:51.021+0000] {dagbag.py:541} INFO - Filling up the DagBag from /home/airflow/.local/lib/python3.7/site-packages/airflow/example_dags/example_latest_only_with_trigger.py
[2024-07-06T14:15:51.027+0000] {processor.py:836} INFO - DAG(s) dict_keys(['latest_only_with_trigger']) retrieved from /home/airflow/.local/lib/python3.7/site-packages/airflow/example_dags/example_latest_only_with_trigger.py
[2024-07-06T14:15:51.049+0000] {logging_mixin.py:150} INFO - [2024-07-06T14:15:51.049+0000] {dag.py:2742} INFO - Sync 1 DAGs
[2024-07-06T14:15:51.067+0000] {logging_mixin.py:150} INFO - [2024-07-06T14:15:51.067+0000] {dag.py:3508} INFO - Setting next_dagrun for latest_only_with_trigger to 2024-07-06T10:15:51.067180+00:00, run_after=2024-07-06T14:15:51.067180+00:00
[2024-07-06T14:15:51.080+0000] {processor.py:179} INFO - Processing /home/airflow/.local/lib/python3.7/site-packages/airflow/example_dags/example_latest_only_with_trigger.py took 0.064 seconds
[2024-07-06T14:16:21.679+0000] {processor.py:157} INFO - Started process (PID=770) to work on /home/airflow/.local/lib/python3.7/site-packages/airflow/example_dags/example_latest_only_with_trigger.py
[2024-07-06T14:16:21.681+0000] {processor.py:826} INFO - Processing file /home/airflow/.local/lib/python3.7/site-packages/airflow/example_dags/example_latest_only_with_trigger.py for tasks to queue
[2024-07-06T14:16:21.682+0000] {logging_mixin.py:150} INFO - [2024-07-06T14:16:21.682+0000] {dagbag.py:541} INFO - Filling up the DagBag from /home/airflow/.local/lib/python3.7/site-packages/airflow/example_dags/example_latest_only_with_trigger.py
[2024-07-06T14:16:21.690+0000] {processor.py:836} INFO - DAG(s) dict_keys(['latest_only_with_trigger']) retrieved from /home/airflow/.local/lib/python3.7/site-packages/airflow/example_dags/example_latest_only_with_trigger.py
[2024-07-06T14:16:21.711+0000] {logging_mixin.py:150} INFO - [2024-07-06T14:16:21.711+0000] {dag.py:2742} INFO - Sync 1 DAGs
[2024-07-06T14:16:21.730+0000] {logging_mixin.py:150} INFO - [2024-07-06T14:16:21.730+0000] {dag.py:3508} INFO - Setting next_dagrun for latest_only_with_trigger to 2024-07-06T10:16:21.730239+00:00, run_after=2024-07-06T14:16:21.730239+00:00
[2024-07-06T14:16:21.742+0000] {processor.py:179} INFO - Processing /home/airflow/.local/lib/python3.7/site-packages/airflow/example_dags/example_latest_only_with_trigger.py took 0.066 seconds
[2024-07-06T14:16:52.326+0000] {processor.py:157} INFO - Started process (PID=833) to work on /home/airflow/.local/lib/python3.7/site-packages/airflow/example_dags/example_latest_only_with_trigger.py
[2024-07-06T14:16:52.328+0000] {processor.py:826} INFO - Processing file /home/airflow/.local/lib/python3.7/site-packages/airflow/example_dags/example_latest_only_with_trigger.py for tasks to queue
[2024-07-06T14:16:52.330+0000] {logging_mixin.py:150} INFO - [2024-07-06T14:16:52.330+0000] {dagbag.py:541} INFO - Filling up the DagBag from /home/airflow/.local/lib/python3.7/site-packages/airflow/example_dags/example_latest_only_with_trigger.py
[2024-07-06T14:16:52.338+0000] {processor.py:836} INFO - DAG(s) dict_keys(['latest_only_with_trigger']) retrieved from /home/airflow/.local/lib/python3.7/site-packages/airflow/example_dags/example_latest_only_with_trigger.py
[2024-07-06T14:16:52.365+0000] {logging_mixin.py:150} INFO - [2024-07-06T14:16:52.365+0000] {dag.py:2742} INFO - Sync 1 DAGs
[2024-07-06T14:16:52.391+0000] {logging_mixin.py:150} INFO - [2024-07-06T14:16:52.391+0000] {dag.py:3508} INFO - Setting next_dagrun for latest_only_with_trigger to 2024-07-06T10:16:52.390678+00:00, run_after=2024-07-06T14:16:52.390678+00:00
[2024-07-06T14:16:52.409+0000] {processor.py:179} INFO - Processing /home/airflow/.local/lib/python3.7/site-packages/airflow/example_dags/example_latest_only_with_trigger.py took 0.087 seconds
[2024-07-06T14:17:23.380+0000] {processor.py:157} INFO - Started process (PID=896) to work on /home/airflow/.local/lib/python3.7/site-packages/airflow/example_dags/example_latest_only_with_trigger.py
[2024-07-06T14:17:23.383+0000] {processor.py:826} INFO - Processing file /home/airflow/.local/lib/python3.7/site-packages/airflow/example_dags/example_latest_only_with_trigger.py for tasks to queue
[2024-07-06T14:17:23.385+0000] {logging_mixin.py:150} INFO - [2024-07-06T14:17:23.384+0000] {dagbag.py:541} INFO - Filling up the DagBag from /home/airflow/.local/lib/python3.7/site-packages/airflow/example_dags/example_latest_only_with_trigger.py
[2024-07-06T14:17:23.394+0000] {processor.py:836} INFO - DAG(s) dict_keys(['latest_only_with_trigger']) retrieved from /home/airflow/.local/lib/python3.7/site-packages/airflow/example_dags/example_latest_only_with_trigger.py
[2024-07-06T14:17:23.420+0000] {logging_mixin.py:150} INFO - [2024-07-06T14:17:23.420+0000] {dag.py:2742} INFO - Sync 1 DAGs
[2024-07-06T14:17:23.441+0000] {logging_mixin.py:150} INFO - [2024-07-06T14:17:23.441+0000] {dag.py:3508} INFO - Setting next_dagrun for latest_only_with_trigger to 2024-07-06T10:17:23.440842+00:00, run_after=2024-07-06T14:17:23.440842+00:00
[2024-07-06T14:17:23.465+0000] {processor.py:179} INFO - Processing /home/airflow/.local/lib/python3.7/site-packages/airflow/example_dags/example_latest_only_with_trigger.py took 0.090 seconds
[2024-07-06T14:17:54.642+0000] {processor.py:157} INFO - Started process (PID=958) to work on /home/airflow/.local/lib/python3.7/site-packages/airflow/example_dags/example_latest_only_with_trigger.py
[2024-07-06T14:17:54.644+0000] {processor.py:826} INFO - Processing file /home/airflow/.local/lib/python3.7/site-packages/airflow/example_dags/example_latest_only_with_trigger.py for tasks to queue
[2024-07-06T14:17:54.645+0000] {logging_mixin.py:150} INFO - [2024-07-06T14:17:54.645+0000] {dagbag.py:541} INFO - Filling up the DagBag from /home/airflow/.local/lib/python3.7/site-packages/airflow/example_dags/example_latest_only_with_trigger.py
[2024-07-06T14:17:54.657+0000] {processor.py:836} INFO - DAG(s) dict_keys(['latest_only_with_trigger']) retrieved from /home/airflow/.local/lib/python3.7/site-packages/airflow/example_dags/example_latest_only_with_trigger.py
[2024-07-06T14:17:54.680+0000] {logging_mixin.py:150} INFO - [2024-07-06T14:17:54.680+0000] {dag.py:2742} INFO - Sync 1 DAGs
[2024-07-06T14:17:54.700+0000] {logging_mixin.py:150} INFO - [2024-07-06T14:17:54.700+0000] {dag.py:3508} INFO - Setting next_dagrun for latest_only_with_trigger to 2024-07-06T10:17:54.700054+00:00, run_after=2024-07-06T14:17:54.700054+00:00
[2024-07-06T14:17:54.714+0000] {processor.py:179} INFO - Processing /home/airflow/.local/lib/python3.7/site-packages/airflow/example_dags/example_latest_only_with_trigger.py took 0.075 seconds
[2024-07-06T14:18:25.932+0000] {processor.py:157} INFO - Started process (PID=1021) to work on /home/airflow/.local/lib/python3.7/site-packages/airflow/example_dags/example_latest_only_with_trigger.py
[2024-07-06T14:18:25.934+0000] {processor.py:826} INFO - Processing file /home/airflow/.local/lib/python3.7/site-packages/airflow/example_dags/example_latest_only_with_trigger.py for tasks to queue
[2024-07-06T14:18:25.936+0000] {logging_mixin.py:150} INFO - [2024-07-06T14:18:25.935+0000] {dagbag.py:541} INFO - Filling up the DagBag from /home/airflow/.local/lib/python3.7/site-packages/airflow/example_dags/example_latest_only_with_trigger.py
[2024-07-06T14:18:25.942+0000] {processor.py:836} INFO - DAG(s) dict_keys(['latest_only_with_trigger']) retrieved from /home/airflow/.local/lib/python3.7/site-packages/airflow/example_dags/example_latest_only_with_trigger.py
[2024-07-06T14:18:25.964+0000] {logging_mixin.py:150} INFO - [2024-07-06T14:18:25.964+0000] {dag.py:2742} INFO - Sync 1 DAGs
[2024-07-06T14:18:25.983+0000] {logging_mixin.py:150} INFO - [2024-07-06T14:18:25.983+0000] {dag.py:3508} INFO - Setting next_dagrun for latest_only_with_trigger to 2024-07-06T10:18:25.982761+00:00, run_after=2024-07-06T14:18:25.982761+00:00
[2024-07-06T14:18:26.005+0000] {processor.py:179} INFO - Processing /home/airflow/.local/lib/python3.7/site-packages/airflow/example_dags/example_latest_only_with_trigger.py took 0.076 seconds
[2024-07-06T14:18:56.413+0000] {processor.py:157} INFO - Started process (PID=1084) to work on /home/airflow/.local/lib/python3.7/site-packages/airflow/example_dags/example_latest_only_with_trigger.py
[2024-07-06T14:18:56.416+0000] {processor.py:826} INFO - Processing file /home/airflow/.local/lib/python3.7/site-packages/airflow/example_dags/example_latest_only_with_trigger.py for tasks to queue
[2024-07-06T14:18:56.417+0000] {logging_mixin.py:150} INFO - [2024-07-06T14:18:56.417+0000] {dagbag.py:541} INFO - Filling up the DagBag from /home/airflow/.local/lib/python3.7/site-packages/airflow/example_dags/example_latest_only_with_trigger.py
[2024-07-06T14:18:56.423+0000] {processor.py:836} INFO - DAG(s) dict_keys(['latest_only_with_trigger']) retrieved from /home/airflow/.local/lib/python3.7/site-packages/airflow/example_dags/example_latest_only_with_trigger.py
[2024-07-06T14:18:56.448+0000] {logging_mixin.py:150} INFO - [2024-07-06T14:18:56.448+0000] {dag.py:2742} INFO - Sync 1 DAGs
[2024-07-06T14:18:56.466+0000] {logging_mixin.py:150} INFO - [2024-07-06T14:18:56.466+0000] {dag.py:3508} INFO - Setting next_dagrun for latest_only_with_trigger to 2024-07-06T10:18:56.466175+00:00, run_after=2024-07-06T14:18:56.466175+00:00
[2024-07-06T14:18:56.479+0000] {processor.py:179} INFO - Processing /home/airflow/.local/lib/python3.7/site-packages/airflow/example_dags/example_latest_only_with_trigger.py took 0.072 seconds
[2024-07-06T14:19:27.581+0000] {processor.py:157} INFO - Started process (PID=1147) to work on /home/airflow/.local/lib/python3.7/site-packages/airflow/example_dags/example_latest_only_with_trigger.py
[2024-07-06T14:19:27.583+0000] {processor.py:826} INFO - Processing file /home/airflow/.local/lib/python3.7/site-packages/airflow/example_dags/example_latest_only_with_trigger.py for tasks to queue
[2024-07-06T14:19:27.586+0000] {logging_mixin.py:150} INFO - [2024-07-06T14:19:27.586+0000] {dagbag.py:541} INFO - Filling up the DagBag from /home/airflow/.local/lib/python3.7/site-packages/airflow/example_dags/example_latest_only_with_trigger.py
[2024-07-06T14:19:27.592+0000] {processor.py:836} INFO - DAG(s) dict_keys(['latest_only_with_trigger']) retrieved from /home/airflow/.local/lib/python3.7/site-packages/airflow/example_dags/example_latest_only_with_trigger.py
[2024-07-06T14:19:27.614+0000] {logging_mixin.py:150} INFO - [2024-07-06T14:19:27.614+0000] {dag.py:2742} INFO - Sync 1 DAGs
[2024-07-06T14:19:27.634+0000] {logging_mixin.py:150} INFO - [2024-07-06T14:19:27.634+0000] {dag.py:3508} INFO - Setting next_dagrun for latest_only_with_trigger to 2024-07-06T10:19:27.634337+00:00, run_after=2024-07-06T14:19:27.634337+00:00
[2024-07-06T14:19:27.650+0000] {processor.py:179} INFO - Processing /home/airflow/.local/lib/python3.7/site-packages/airflow/example_dags/example_latest_only_with_trigger.py took 0.072 seconds
[2024-07-06T14:19:58.150+0000] {processor.py:157} INFO - Started process (PID=1210) to work on /home/airflow/.local/lib/python3.7/site-packages/airflow/example_dags/example_latest_only_with_trigger.py
[2024-07-06T14:19:58.152+0000] {processor.py:826} INFO - Processing file /home/airflow/.local/lib/python3.7/site-packages/airflow/example_dags/example_latest_only_with_trigger.py for tasks to queue
[2024-07-06T14:19:58.153+0000] {logging_mixin.py:150} INFO - [2024-07-06T14:19:58.153+0000] {dagbag.py:541} INFO - Filling up the DagBag from /home/airflow/.local/lib/python3.7/site-packages/airflow/example_dags/example_latest_only_with_trigger.py
[2024-07-06T14:19:58.159+0000] {processor.py:836} INFO - DAG(s) dict_keys(['latest_only_with_trigger']) retrieved from /home/airflow/.local/lib/python3.7/site-packages/airflow/example_dags/example_latest_only_with_trigger.py
[2024-07-06T14:19:58.179+0000] {logging_mixin.py:150} INFO - [2024-07-06T14:19:58.179+0000] {dag.py:2742} INFO - Sync 1 DAGs
[2024-07-06T14:19:58.194+0000] {logging_mixin.py:150} INFO - [2024-07-06T14:19:58.194+0000] {dag.py:3508} INFO - Setting next_dagrun for latest_only_with_trigger to 2024-07-06T10:19:58.194429+00:00, run_after=2024-07-06T14:19:58.194429+00:00
[2024-07-06T14:19:58.205+0000] {processor.py:179} INFO - Processing /home/airflow/.local/lib/python3.7/site-packages/airflow/example_dags/example_latest_only_with_trigger.py took 0.058 seconds
[2024-07-06T14:20:28.623+0000] {processor.py:157} INFO - Started process (PID=1272) to work on /home/airflow/.local/lib/python3.7/site-packages/airflow/example_dags/example_latest_only_with_trigger.py
[2024-07-06T14:20:28.626+0000] {processor.py:826} INFO - Processing file /home/airflow/.local/lib/python3.7/site-packages/airflow/example_dags/example_latest_only_with_trigger.py for tasks to queue
[2024-07-06T14:20:28.627+0000] {logging_mixin.py:150} INFO - [2024-07-06T14:20:28.627+0000] {dagbag.py:541} INFO - Filling up the DagBag from /home/airflow/.local/lib/python3.7/site-packages/airflow/example_dags/example_latest_only_with_trigger.py
[2024-07-06T14:20:28.635+0000] {processor.py:836} INFO - DAG(s) dict_keys(['latest_only_with_trigger']) retrieved from /home/airflow/.local/lib/python3.7/site-packages/airflow/example_dags/example_latest_only_with_trigger.py
[2024-07-06T14:20:28.657+0000] {logging_mixin.py:150} INFO - [2024-07-06T14:20:28.657+0000] {dag.py:2742} INFO - Sync 1 DAGs
[2024-07-06T14:20:28.674+0000] {logging_mixin.py:150} INFO - [2024-07-06T14:20:28.674+0000] {dag.py:3508} INFO - Setting next_dagrun for latest_only_with_trigger to 2024-07-06T10:20:28.674078+00:00, run_after=2024-07-06T14:20:28.674078+00:00
[2024-07-06T14:20:28.687+0000] {processor.py:179} INFO - Processing /home/airflow/.local/lib/python3.7/site-packages/airflow/example_dags/example_latest_only_with_trigger.py took 0.067 seconds
[2024-07-06T14:20:58.861+0000] {processor.py:157} INFO - Started process (PID=1334) to work on /home/airflow/.local/lib/python3.7/site-packages/airflow/example_dags/example_latest_only_with_trigger.py
[2024-07-06T14:20:58.864+0000] {processor.py:826} INFO - Processing file /home/airflow/.local/lib/python3.7/site-packages/airflow/example_dags/example_latest_only_with_trigger.py for tasks to queue
[2024-07-06T14:20:58.865+0000] {logging_mixin.py:150} INFO - [2024-07-06T14:20:58.865+0000] {dagbag.py:541} INFO - Filling up the DagBag from /home/airflow/.local/lib/python3.7/site-packages/airflow/example_dags/example_latest_only_with_trigger.py
[2024-07-06T14:20:58.872+0000] {processor.py:836} INFO - DAG(s) dict_keys(['latest_only_with_trigger']) retrieved from /home/airflow/.local/lib/python3.7/site-packages/airflow/example_dags/example_latest_only_with_trigger.py
[2024-07-06T14:20:58.895+0000] {logging_mixin.py:150} INFO - [2024-07-06T14:20:58.895+0000] {dag.py:2742} INFO - Sync 1 DAGs
[2024-07-06T14:20:58.913+0000] {logging_mixin.py:150} INFO - [2024-07-06T14:20:58.913+0000] {dag.py:3508} INFO - Setting next_dagrun for latest_only_with_trigger to 2024-07-06T10:20:58.913519+00:00, run_after=2024-07-06T14:20:58.913519+00:00
[2024-07-06T14:20:58.928+0000] {processor.py:179} INFO - Processing /home/airflow/.local/lib/python3.7/site-packages/airflow/example_dags/example_latest_only_with_trigger.py took 0.070 seconds
[2024-07-06T14:21:29.405+0000] {processor.py:157} INFO - Started process (PID=1393) to work on /home/airflow/.local/lib/python3.7/site-packages/airflow/example_dags/example_latest_only_with_trigger.py
[2024-07-06T14:21:29.407+0000] {processor.py:826} INFO - Processing file /home/airflow/.local/lib/python3.7/site-packages/airflow/example_dags/example_latest_only_with_trigger.py for tasks to queue
[2024-07-06T14:21:29.409+0000] {logging_mixin.py:150} INFO - [2024-07-06T14:21:29.409+0000] {dagbag.py:541} INFO - Filling up the DagBag from /home/airflow/.local/lib/python3.7/site-packages/airflow/example_dags/example_latest_only_with_trigger.py
[2024-07-06T14:21:29.416+0000] {processor.py:836} INFO - DAG(s) dict_keys(['latest_only_with_trigger']) retrieved from /home/airflow/.local/lib/python3.7/site-packages/airflow/example_dags/example_latest_only_with_trigger.py
[2024-07-06T14:21:29.441+0000] {logging_mixin.py:150} INFO - [2024-07-06T14:21:29.441+0000] {dag.py:2742} INFO - Sync 1 DAGs
[2024-07-06T14:21:29.463+0000] {logging_mixin.py:150} INFO - [2024-07-06T14:21:29.463+0000] {dag.py:3508} INFO - Setting next_dagrun for latest_only_with_trigger to 2024-07-06T10:21:29.462928+00:00, run_after=2024-07-06T14:21:29.462928+00:00
[2024-07-06T14:21:29.477+0000] {processor.py:179} INFO - Processing /home/airflow/.local/lib/python3.7/site-packages/airflow/example_dags/example_latest_only_with_trigger.py took 0.075 seconds
[2024-07-06T14:21:59.742+0000] {processor.py:157} INFO - Started process (PID=1456) to work on /home/airflow/.local/lib/python3.7/site-packages/airflow/example_dags/example_latest_only_with_trigger.py
[2024-07-06T14:21:59.744+0000] {processor.py:826} INFO - Processing file /home/airflow/.local/lib/python3.7/site-packages/airflow/example_dags/example_latest_only_with_trigger.py for tasks to queue
[2024-07-06T14:21:59.745+0000] {logging_mixin.py:150} INFO - [2024-07-06T14:21:59.745+0000] {dagbag.py:541} INFO - Filling up the DagBag from /home/airflow/.local/lib/python3.7/site-packages/airflow/example_dags/example_latest_only_with_trigger.py
[2024-07-06T14:21:59.751+0000] {processor.py:836} INFO - DAG(s) dict_keys(['latest_only_with_trigger']) retrieved from /home/airflow/.local/lib/python3.7/site-packages/airflow/example_dags/example_latest_only_with_trigger.py
[2024-07-06T14:21:59.773+0000] {logging_mixin.py:150} INFO - [2024-07-06T14:21:59.773+0000] {dag.py:2742} INFO - Sync 1 DAGs
[2024-07-06T14:21:59.793+0000] {logging_mixin.py:150} INFO - [2024-07-06T14:21:59.793+0000] {dag.py:3508} INFO - Setting next_dagrun for latest_only_with_trigger to 2024-07-06T10:21:59.792937+00:00, run_after=2024-07-06T14:21:59.792937+00:00
[2024-07-06T14:21:59.807+0000] {processor.py:179} INFO - Processing /home/airflow/.local/lib/python3.7/site-packages/airflow/example_dags/example_latest_only_with_trigger.py took 0.068 seconds
[2024-07-06T14:22:30.192+0000] {processor.py:157} INFO - Started process (PID=1519) to work on /home/airflow/.local/lib/python3.7/site-packages/airflow/example_dags/example_latest_only_with_trigger.py
[2024-07-06T14:22:30.194+0000] {processor.py:826} INFO - Processing file /home/airflow/.local/lib/python3.7/site-packages/airflow/example_dags/example_latest_only_with_trigger.py for tasks to queue
[2024-07-06T14:22:30.195+0000] {logging_mixin.py:150} INFO - [2024-07-06T14:22:30.195+0000] {dagbag.py:541} INFO - Filling up the DagBag from /home/airflow/.local/lib/python3.7/site-packages/airflow/example_dags/example_latest_only_with_trigger.py
[2024-07-06T14:22:30.200+0000] {processor.py:836} INFO - DAG(s) dict_keys(['latest_only_with_trigger']) retrieved from /home/airflow/.local/lib/python3.7/site-packages/airflow/example_dags/example_latest_only_with_trigger.py
[2024-07-06T14:22:30.221+0000] {logging_mixin.py:150} INFO - [2024-07-06T14:22:30.221+0000] {dag.py:2742} INFO - Sync 1 DAGs
[2024-07-06T14:22:30.237+0000] {logging_mixin.py:150} INFO - [2024-07-06T14:22:30.237+0000] {dag.py:3508} INFO - Setting next_dagrun for latest_only_with_trigger to 2024-07-06T10:22:30.237154+00:00, run_after=2024-07-06T14:22:30.237154+00:00
[2024-07-06T14:22:30.248+0000] {processor.py:179} INFO - Processing /home/airflow/.local/lib/python3.7/site-packages/airflow/example_dags/example_latest_only_with_trigger.py took 0.059 seconds
[2024-07-06T14:23:00.437+0000] {processor.py:157} INFO - Started process (PID=1582) to work on /home/airflow/.local/lib/python3.7/site-packages/airflow/example_dags/example_latest_only_with_trigger.py
[2024-07-06T14:23:00.438+0000] {processor.py:826} INFO - Processing file /home/airflow/.local/lib/python3.7/site-packages/airflow/example_dags/example_latest_only_with_trigger.py for tasks to queue
[2024-07-06T14:23:00.440+0000] {logging_mixin.py:150} INFO - [2024-07-06T14:23:00.440+0000] {dagbag.py:541} INFO - Filling up the DagBag from /home/airflow/.local/lib/python3.7/site-packages/airflow/example_dags/example_latest_only_with_trigger.py
[2024-07-06T14:23:00.447+0000] {processor.py:836} INFO - DAG(s) dict_keys(['latest_only_with_trigger']) retrieved from /home/airflow/.local/lib/python3.7/site-packages/airflow/example_dags/example_latest_only_with_trigger.py
[2024-07-06T14:23:00.470+0000] {logging_mixin.py:150} INFO - [2024-07-06T14:23:00.470+0000] {dag.py:2742} INFO - Sync 1 DAGs
[2024-07-06T14:23:00.488+0000] {logging_mixin.py:150} INFO - [2024-07-06T14:23:00.488+0000] {dag.py:3508} INFO - Setting next_dagrun for latest_only_with_trigger to 2024-07-06T10:23:00.488018+00:00, run_after=2024-07-06T14:23:00.488018+00:00
[2024-07-06T14:23:00.501+0000] {processor.py:179} INFO - Processing /home/airflow/.local/lib/python3.7/site-packages/airflow/example_dags/example_latest_only_with_trigger.py took 0.069 seconds
[2024-07-06T14:23:30.765+0000] {processor.py:157} INFO - Started process (PID=1645) to work on /home/airflow/.local/lib/python3.7/site-packages/airflow/example_dags/example_latest_only_with_trigger.py
[2024-07-06T14:23:30.767+0000] {processor.py:826} INFO - Processing file /home/airflow/.local/lib/python3.7/site-packages/airflow/example_dags/example_latest_only_with_trigger.py for tasks to queue
[2024-07-06T14:23:30.768+0000] {logging_mixin.py:150} INFO - [2024-07-06T14:23:30.768+0000] {dagbag.py:541} INFO - Filling up the DagBag from /home/airflow/.local/lib/python3.7/site-packages/airflow/example_dags/example_latest_only_with_trigger.py
[2024-07-06T14:23:30.775+0000] {processor.py:836} INFO - DAG(s) dict_keys(['latest_only_with_trigger']) retrieved from /home/airflow/.local/lib/python3.7/site-packages/airflow/example_dags/example_latest_only_with_trigger.py
[2024-07-06T14:23:30.798+0000] {logging_mixin.py:150} INFO - [2024-07-06T14:23:30.798+0000] {dag.py:2742} INFO - Sync 1 DAGs
[2024-07-06T14:23:30.823+0000] {logging_mixin.py:150} INFO - [2024-07-06T14:23:30.822+0000] {dag.py:3508} INFO - Setting next_dagrun for latest_only_with_trigger to 2024-07-06T10:23:30.822639+00:00, run_after=2024-07-06T14:23:30.822639+00:00
[2024-07-06T14:23:30.841+0000] {processor.py:179} INFO - Processing /home/airflow/.local/lib/python3.7/site-packages/airflow/example_dags/example_latest_only_with_trigger.py took 0.079 seconds
[2024-07-06T14:24:01.204+0000] {processor.py:157} INFO - Started process (PID=1708) to work on /home/airflow/.local/lib/python3.7/site-packages/airflow/example_dags/example_latest_only_with_trigger.py
[2024-07-06T14:24:01.206+0000] {processor.py:826} INFO - Processing file /home/airflow/.local/lib/python3.7/site-packages/airflow/example_dags/example_latest_only_with_trigger.py for tasks to queue
[2024-07-06T14:24:01.207+0000] {logging_mixin.py:150} INFO - [2024-07-06T14:24:01.207+0000] {dagbag.py:541} INFO - Filling up the DagBag from /home/airflow/.local/lib/python3.7/site-packages/airflow/example_dags/example_latest_only_with_trigger.py
[2024-07-06T14:24:01.214+0000] {processor.py:836} INFO - DAG(s) dict_keys(['latest_only_with_trigger']) retrieved from /home/airflow/.local/lib/python3.7/site-packages/airflow/example_dags/example_latest_only_with_trigger.py
[2024-07-06T14:24:01.243+0000] {logging_mixin.py:150} INFO - [2024-07-06T14:24:01.243+0000] {dag.py:2742} INFO - Sync 1 DAGs
[2024-07-06T14:24:01.265+0000] {logging_mixin.py:150} INFO - [2024-07-06T14:24:01.265+0000] {dag.py:3508} INFO - Setting next_dagrun for latest_only_with_trigger to 2024-07-06T10:24:01.265190+00:00, run_after=2024-07-06T14:24:01.265190+00:00
[2024-07-06T14:24:01.279+0000] {processor.py:179} INFO - Processing /home/airflow/.local/lib/python3.7/site-packages/airflow/example_dags/example_latest_only_with_trigger.py took 0.078 seconds
[2024-07-06T14:24:31.708+0000] {processor.py:157} INFO - Started process (PID=1771) to work on /home/airflow/.local/lib/python3.7/site-packages/airflow/example_dags/example_latest_only_with_trigger.py
[2024-07-06T14:24:31.710+0000] {processor.py:826} INFO - Processing file /home/airflow/.local/lib/python3.7/site-packages/airflow/example_dags/example_latest_only_with_trigger.py for tasks to queue
[2024-07-06T14:24:31.711+0000] {logging_mixin.py:150} INFO - [2024-07-06T14:24:31.711+0000] {dagbag.py:541} INFO - Filling up the DagBag from /home/airflow/.local/lib/python3.7/site-packages/airflow/example_dags/example_latest_only_with_trigger.py
[2024-07-06T14:24:31.717+0000] {processor.py:836} INFO - DAG(s) dict_keys(['latest_only_with_trigger']) retrieved from /home/airflow/.local/lib/python3.7/site-packages/airflow/example_dags/example_latest_only_with_trigger.py
[2024-07-06T14:24:31.744+0000] {logging_mixin.py:150} INFO - [2024-07-06T14:24:31.743+0000] {dag.py:2742} INFO - Sync 1 DAGs
[2024-07-06T14:24:31.764+0000] {logging_mixin.py:150} INFO - [2024-07-06T14:24:31.764+0000] {dag.py:3508} INFO - Setting next_dagrun for latest_only_with_trigger to 2024-07-06T10:24:31.764041+00:00, run_after=2024-07-06T14:24:31.764041+00:00
[2024-07-06T14:24:31.778+0000] {processor.py:179} INFO - Processing /home/airflow/.local/lib/python3.7/site-packages/airflow/example_dags/example_latest_only_with_trigger.py took 0.074 seconds
[2024-07-06T14:25:02.609+0000] {processor.py:157} INFO - Started process (PID=1834) to work on /home/airflow/.local/lib/python3.7/site-packages/airflow/example_dags/example_latest_only_with_trigger.py
[2024-07-06T14:25:02.611+0000] {processor.py:826} INFO - Processing file /home/airflow/.local/lib/python3.7/site-packages/airflow/example_dags/example_latest_only_with_trigger.py for tasks to queue
[2024-07-06T14:25:02.612+0000] {logging_mixin.py:150} INFO - [2024-07-06T14:25:02.612+0000] {dagbag.py:541} INFO - Filling up the DagBag from /home/airflow/.local/lib/python3.7/site-packages/airflow/example_dags/example_latest_only_with_trigger.py
[2024-07-06T14:25:02.618+0000] {processor.py:836} INFO - DAG(s) dict_keys(['latest_only_with_trigger']) retrieved from /home/airflow/.local/lib/python3.7/site-packages/airflow/example_dags/example_latest_only_with_trigger.py
[2024-07-06T14:25:02.648+0000] {logging_mixin.py:150} INFO - [2024-07-06T14:25:02.648+0000] {dag.py:2742} INFO - Sync 1 DAGs
[2024-07-06T14:25:02.675+0000] {logging_mixin.py:150} INFO - [2024-07-06T14:25:02.674+0000] {dag.py:3508} INFO - Setting next_dagrun for latest_only_with_trigger to 2024-07-06T10:25:02.674488+00:00, run_after=2024-07-06T14:25:02.674488+00:00
[2024-07-06T14:25:02.693+0000] {processor.py:179} INFO - Processing /home/airflow/.local/lib/python3.7/site-packages/airflow/example_dags/example_latest_only_with_trigger.py took 0.087 seconds
[2024-07-06T14:25:32.833+0000] {processor.py:157} INFO - Started process (PID=1897) to work on /home/airflow/.local/lib/python3.7/site-packages/airflow/example_dags/example_latest_only_with_trigger.py
[2024-07-06T14:25:32.835+0000] {processor.py:826} INFO - Processing file /home/airflow/.local/lib/python3.7/site-packages/airflow/example_dags/example_latest_only_with_trigger.py for tasks to queue
[2024-07-06T14:25:32.838+0000] {logging_mixin.py:150} INFO - [2024-07-06T14:25:32.837+0000] {dagbag.py:541} INFO - Filling up the DagBag from /home/airflow/.local/lib/python3.7/site-packages/airflow/example_dags/example_latest_only_with_trigger.py
[2024-07-06T14:25:32.845+0000] {processor.py:836} INFO - DAG(s) dict_keys(['latest_only_with_trigger']) retrieved from /home/airflow/.local/lib/python3.7/site-packages/airflow/example_dags/example_latest_only_with_trigger.py
[2024-07-06T14:25:32.870+0000] {logging_mixin.py:150} INFO - [2024-07-06T14:25:32.870+0000] {dag.py:2742} INFO - Sync 1 DAGs
[2024-07-06T14:25:32.890+0000] {logging_mixin.py:150} INFO - [2024-07-06T14:25:32.890+0000] {dag.py:3508} INFO - Setting next_dagrun for latest_only_with_trigger to 2024-07-06T10:25:32.890023+00:00, run_after=2024-07-06T14:25:32.890023+00:00
[2024-07-06T14:25:32.905+0000] {processor.py:179} INFO - Processing /home/airflow/.local/lib/python3.7/site-packages/airflow/example_dags/example_latest_only_with_trigger.py took 0.075 seconds
[2024-07-06T14:26:03.681+0000] {processor.py:157} INFO - Started process (PID=1960) to work on /home/airflow/.local/lib/python3.7/site-packages/airflow/example_dags/example_latest_only_with_trigger.py
[2024-07-06T14:26:03.683+0000] {processor.py:826} INFO - Processing file /home/airflow/.local/lib/python3.7/site-packages/airflow/example_dags/example_latest_only_with_trigger.py for tasks to queue
[2024-07-06T14:26:03.685+0000] {logging_mixin.py:150} INFO - [2024-07-06T14:26:03.684+0000] {dagbag.py:541} INFO - Filling up the DagBag from /home/airflow/.local/lib/python3.7/site-packages/airflow/example_dags/example_latest_only_with_trigger.py
[2024-07-06T14:26:03.709+0000] {processor.py:836} INFO - DAG(s) dict_keys(['latest_only_with_trigger']) retrieved from /home/airflow/.local/lib/python3.7/site-packages/airflow/example_dags/example_latest_only_with_trigger.py
[2024-07-06T14:26:03.748+0000] {logging_mixin.py:150} INFO - [2024-07-06T14:26:03.747+0000] {dag.py:2742} INFO - Sync 1 DAGs
[2024-07-06T14:26:03.774+0000] {logging_mixin.py:150} INFO - [2024-07-06T14:26:03.774+0000] {dag.py:3508} INFO - Setting next_dagrun for latest_only_with_trigger to 2024-07-06T10:26:03.773844+00:00, run_after=2024-07-06T14:26:03.773844+00:00
[2024-07-06T14:26:03.792+0000] {processor.py:179} INFO - Processing /home/airflow/.local/lib/python3.7/site-packages/airflow/example_dags/example_latest_only_with_trigger.py took 0.113 seconds
[2024-07-06T14:26:34.630+0000] {processor.py:157} INFO - Started process (PID=2024) to work on /home/airflow/.local/lib/python3.7/site-packages/airflow/example_dags/example_latest_only_with_trigger.py
[2024-07-06T14:26:34.632+0000] {processor.py:826} INFO - Processing file /home/airflow/.local/lib/python3.7/site-packages/airflow/example_dags/example_latest_only_with_trigger.py for tasks to queue
[2024-07-06T14:26:34.634+0000] {logging_mixin.py:150} INFO - [2024-07-06T14:26:34.633+0000] {dagbag.py:541} INFO - Filling up the DagBag from /home/airflow/.local/lib/python3.7/site-packages/airflow/example_dags/example_latest_only_with_trigger.py
[2024-07-06T14:26:34.640+0000] {processor.py:836} INFO - DAG(s) dict_keys(['latest_only_with_trigger']) retrieved from /home/airflow/.local/lib/python3.7/site-packages/airflow/example_dags/example_latest_only_with_trigger.py
[2024-07-06T14:26:34.667+0000] {logging_mixin.py:150} INFO - [2024-07-06T14:26:34.667+0000] {dag.py:2742} INFO - Sync 1 DAGs
[2024-07-06T14:26:34.692+0000] {logging_mixin.py:150} INFO - [2024-07-06T14:26:34.692+0000] {dag.py:3508} INFO - Setting next_dagrun for latest_only_with_trigger to 2024-07-06T10:26:34.692099+00:00, run_after=2024-07-06T14:26:34.692099+00:00
[2024-07-06T14:26:34.713+0000] {processor.py:179} INFO - Processing /home/airflow/.local/lib/python3.7/site-packages/airflow/example_dags/example_latest_only_with_trigger.py took 0.087 seconds
[2024-07-06T14:27:04.814+0000] {processor.py:157} INFO - Started process (PID=2086) to work on /home/airflow/.local/lib/python3.7/site-packages/airflow/example_dags/example_latest_only_with_trigger.py
[2024-07-06T14:27:04.817+0000] {processor.py:826} INFO - Processing file /home/airflow/.local/lib/python3.7/site-packages/airflow/example_dags/example_latest_only_with_trigger.py for tasks to queue
[2024-07-06T14:27:04.819+0000] {logging_mixin.py:150} INFO - [2024-07-06T14:27:04.818+0000] {dagbag.py:541} INFO - Filling up the DagBag from /home/airflow/.local/lib/python3.7/site-packages/airflow/example_dags/example_latest_only_with_trigger.py
[2024-07-06T14:27:04.829+0000] {processor.py:836} INFO - DAG(s) dict_keys(['latest_only_with_trigger']) retrieved from /home/airflow/.local/lib/python3.7/site-packages/airflow/example_dags/example_latest_only_with_trigger.py
[2024-07-06T14:27:04.856+0000] {logging_mixin.py:150} INFO - [2024-07-06T14:27:04.856+0000] {dag.py:2742} INFO - Sync 1 DAGs
[2024-07-06T14:27:04.873+0000] {logging_mixin.py:150} INFO - [2024-07-06T14:27:04.873+0000] {dag.py:3508} INFO - Setting next_dagrun for latest_only_with_trigger to 2024-07-06T10:27:04.873154+00:00, run_after=2024-07-06T14:27:04.873154+00:00
[2024-07-06T14:27:04.887+0000] {processor.py:179} INFO - Processing /home/airflow/.local/lib/python3.7/site-packages/airflow/example_dags/example_latest_only_with_trigger.py took 0.079 seconds
[2024-07-06T14:27:35.271+0000] {processor.py:157} INFO - Started process (PID=2148) to work on /home/airflow/.local/lib/python3.7/site-packages/airflow/example_dags/example_latest_only_with_trigger.py
[2024-07-06T14:27:35.273+0000] {processor.py:826} INFO - Processing file /home/airflow/.local/lib/python3.7/site-packages/airflow/example_dags/example_latest_only_with_trigger.py for tasks to queue
[2024-07-06T14:27:35.274+0000] {logging_mixin.py:150} INFO - [2024-07-06T14:27:35.274+0000] {dagbag.py:541} INFO - Filling up the DagBag from /home/airflow/.local/lib/python3.7/site-packages/airflow/example_dags/example_latest_only_with_trigger.py
[2024-07-06T14:27:35.280+0000] {processor.py:836} INFO - DAG(s) dict_keys(['latest_only_with_trigger']) retrieved from /home/airflow/.local/lib/python3.7/site-packages/airflow/example_dags/example_latest_only_with_trigger.py
[2024-07-06T14:27:35.303+0000] {logging_mixin.py:150} INFO - [2024-07-06T14:27:35.302+0000] {dag.py:2742} INFO - Sync 1 DAGs
[2024-07-06T14:27:35.320+0000] {logging_mixin.py:150} INFO - [2024-07-06T14:27:35.320+0000] {dag.py:3508} INFO - Setting next_dagrun for latest_only_with_trigger to 2024-07-06T10:27:35.320036+00:00, run_after=2024-07-06T14:27:35.320036+00:00
[2024-07-06T14:27:35.333+0000] {processor.py:179} INFO - Processing /home/airflow/.local/lib/python3.7/site-packages/airflow/example_dags/example_latest_only_with_trigger.py took 0.065 seconds
[2024-07-06T14:28:06.116+0000] {processor.py:157} INFO - Started process (PID=2224) to work on /home/airflow/.local/lib/python3.7/site-packages/airflow/example_dags/example_latest_only_with_trigger.py
[2024-07-06T14:28:06.117+0000] {processor.py:826} INFO - Processing file /home/airflow/.local/lib/python3.7/site-packages/airflow/example_dags/example_latest_only_with_trigger.py for tasks to queue
[2024-07-06T14:28:06.119+0000] {logging_mixin.py:150} INFO - [2024-07-06T14:28:06.118+0000] {dagbag.py:541} INFO - Filling up the DagBag from /home/airflow/.local/lib/python3.7/site-packages/airflow/example_dags/example_latest_only_with_trigger.py
[2024-07-06T14:28:06.127+0000] {processor.py:836} INFO - DAG(s) dict_keys(['latest_only_with_trigger']) retrieved from /home/airflow/.local/lib/python3.7/site-packages/airflow/example_dags/example_latest_only_with_trigger.py
[2024-07-06T14:28:06.151+0000] {logging_mixin.py:150} INFO - [2024-07-06T14:28:06.151+0000] {dag.py:2742} INFO - Sync 1 DAGs
[2024-07-06T14:28:06.171+0000] {logging_mixin.py:150} INFO - [2024-07-06T14:28:06.171+0000] {dag.py:3508} INFO - Setting next_dagrun for latest_only_with_trigger to 2024-07-06T10:28:06.170809+00:00, run_after=2024-07-06T14:28:06.170809+00:00
[2024-07-06T14:28:06.187+0000] {processor.py:179} INFO - Processing /home/airflow/.local/lib/python3.7/site-packages/airflow/example_dags/example_latest_only_with_trigger.py took 0.074 seconds
[2024-07-06T14:28:36.869+0000] {processor.py:157} INFO - Started process (PID=2292) to work on /home/airflow/.local/lib/python3.7/site-packages/airflow/example_dags/example_latest_only_with_trigger.py
[2024-07-06T14:28:36.872+0000] {processor.py:826} INFO - Processing file /home/airflow/.local/lib/python3.7/site-packages/airflow/example_dags/example_latest_only_with_trigger.py for tasks to queue
[2024-07-06T14:28:36.874+0000] {logging_mixin.py:150} INFO - [2024-07-06T14:28:36.873+0000] {dagbag.py:541} INFO - Filling up the DagBag from /home/airflow/.local/lib/python3.7/site-packages/airflow/example_dags/example_latest_only_with_trigger.py
[2024-07-06T14:28:36.883+0000] {processor.py:836} INFO - DAG(s) dict_keys(['latest_only_with_trigger']) retrieved from /home/airflow/.local/lib/python3.7/site-packages/airflow/example_dags/example_latest_only_with_trigger.py
[2024-07-06T14:28:36.924+0000] {logging_mixin.py:150} INFO - [2024-07-06T14:28:36.924+0000] {dag.py:2742} INFO - Sync 1 DAGs
[2024-07-06T14:28:36.951+0000] {logging_mixin.py:150} INFO - [2024-07-06T14:28:36.951+0000] {dag.py:3508} INFO - Setting next_dagrun for latest_only_with_trigger to 2024-07-06T10:28:36.951296+00:00, run_after=2024-07-06T14:28:36.951296+00:00
[2024-07-06T14:28:36.971+0000] {processor.py:179} INFO - Processing /home/airflow/.local/lib/python3.7/site-packages/airflow/example_dags/example_latest_only_with_trigger.py took 0.106 seconds
[2024-07-06T14:29:07.549+0000] {processor.py:157} INFO - Started process (PID=2355) to work on /home/airflow/.local/lib/python3.7/site-packages/airflow/example_dags/example_latest_only_with_trigger.py
[2024-07-06T14:29:07.552+0000] {processor.py:826} INFO - Processing file /home/airflow/.local/lib/python3.7/site-packages/airflow/example_dags/example_latest_only_with_trigger.py for tasks to queue
[2024-07-06T14:29:07.555+0000] {logging_mixin.py:150} INFO - [2024-07-06T14:29:07.554+0000] {dagbag.py:541} INFO - Filling up the DagBag from /home/airflow/.local/lib/python3.7/site-packages/airflow/example_dags/example_latest_only_with_trigger.py
[2024-07-06T14:29:07.564+0000] {processor.py:836} INFO - DAG(s) dict_keys(['latest_only_with_trigger']) retrieved from /home/airflow/.local/lib/python3.7/site-packages/airflow/example_dags/example_latest_only_with_trigger.py
[2024-07-06T14:29:07.597+0000] {logging_mixin.py:150} INFO - [2024-07-06T14:29:07.596+0000] {dag.py:2742} INFO - Sync 1 DAGs
[2024-07-06T14:29:07.622+0000] {logging_mixin.py:150} INFO - [2024-07-06T14:29:07.621+0000] {dag.py:3508} INFO - Setting next_dagrun for latest_only_with_trigger to 2024-07-06T10:29:07.621657+00:00, run_after=2024-07-06T14:29:07.621657+00:00
[2024-07-06T14:29:07.646+0000] {processor.py:179} INFO - Processing /home/airflow/.local/lib/python3.7/site-packages/airflow/example_dags/example_latest_only_with_trigger.py took 0.103 seconds
[2024-07-06T14:29:37.962+0000] {processor.py:157} INFO - Started process (PID=2421) to work on /home/airflow/.local/lib/python3.7/site-packages/airflow/example_dags/example_latest_only_with_trigger.py
[2024-07-06T14:29:37.964+0000] {processor.py:826} INFO - Processing file /home/airflow/.local/lib/python3.7/site-packages/airflow/example_dags/example_latest_only_with_trigger.py for tasks to queue
[2024-07-06T14:29:37.968+0000] {logging_mixin.py:150} INFO - [2024-07-06T14:29:37.968+0000] {dagbag.py:541} INFO - Filling up the DagBag from /home/airflow/.local/lib/python3.7/site-packages/airflow/example_dags/example_latest_only_with_trigger.py
[2024-07-06T14:29:37.977+0000] {processor.py:836} INFO - DAG(s) dict_keys(['latest_only_with_trigger']) retrieved from /home/airflow/.local/lib/python3.7/site-packages/airflow/example_dags/example_latest_only_with_trigger.py
[2024-07-06T14:29:38.005+0000] {logging_mixin.py:150} INFO - [2024-07-06T14:29:38.005+0000] {dag.py:2742} INFO - Sync 1 DAGs
[2024-07-06T14:29:38.023+0000] {logging_mixin.py:150} INFO - [2024-07-06T14:29:38.023+0000] {dag.py:3508} INFO - Setting next_dagrun for latest_only_with_trigger to 2024-07-06T10:29:38.023094+00:00, run_after=2024-07-06T14:29:38.023094+00:00
[2024-07-06T14:29:38.039+0000] {processor.py:179} INFO - Processing /home/airflow/.local/lib/python3.7/site-packages/airflow/example_dags/example_latest_only_with_trigger.py took 0.082 seconds
[2024-07-06T14:30:08.295+0000] {processor.py:157} INFO - Started process (PID=2484) to work on /home/airflow/.local/lib/python3.7/site-packages/airflow/example_dags/example_latest_only_with_trigger.py
[2024-07-06T14:30:08.296+0000] {processor.py:826} INFO - Processing file /home/airflow/.local/lib/python3.7/site-packages/airflow/example_dags/example_latest_only_with_trigger.py for tasks to queue
[2024-07-06T14:30:08.297+0000] {logging_mixin.py:150} INFO - [2024-07-06T14:30:08.297+0000] {dagbag.py:541} INFO - Filling up the DagBag from /home/airflow/.local/lib/python3.7/site-packages/airflow/example_dags/example_latest_only_with_trigger.py
[2024-07-06T14:30:08.304+0000] {processor.py:836} INFO - DAG(s) dict_keys(['latest_only_with_trigger']) retrieved from /home/airflow/.local/lib/python3.7/site-packages/airflow/example_dags/example_latest_only_with_trigger.py
[2024-07-06T14:30:08.331+0000] {logging_mixin.py:150} INFO - [2024-07-06T14:30:08.331+0000] {dag.py:2742} INFO - Sync 1 DAGs
[2024-07-06T14:30:08.351+0000] {logging_mixin.py:150} INFO - [2024-07-06T14:30:08.350+0000] {dag.py:3508} INFO - Setting next_dagrun for latest_only_with_trigger to 2024-07-06T10:30:08.350373+00:00, run_after=2024-07-06T14:30:08.350373+00:00
[2024-07-06T14:30:08.364+0000] {processor.py:179} INFO - Processing /home/airflow/.local/lib/python3.7/site-packages/airflow/example_dags/example_latest_only_with_trigger.py took 0.073 seconds
[2024-07-06T14:30:39.277+0000] {processor.py:157} INFO - Started process (PID=2548) to work on /home/airflow/.local/lib/python3.7/site-packages/airflow/example_dags/example_latest_only_with_trigger.py
[2024-07-06T14:30:39.279+0000] {processor.py:826} INFO - Processing file /home/airflow/.local/lib/python3.7/site-packages/airflow/example_dags/example_latest_only_with_trigger.py for tasks to queue
[2024-07-06T14:30:39.282+0000] {logging_mixin.py:150} INFO - [2024-07-06T14:30:39.281+0000] {dagbag.py:541} INFO - Filling up the DagBag from /home/airflow/.local/lib/python3.7/site-packages/airflow/example_dags/example_latest_only_with_trigger.py
[2024-07-06T14:30:39.295+0000] {processor.py:836} INFO - DAG(s) dict_keys(['latest_only_with_trigger']) retrieved from /home/airflow/.local/lib/python3.7/site-packages/airflow/example_dags/example_latest_only_with_trigger.py
[2024-07-06T14:30:39.328+0000] {logging_mixin.py:150} INFO - [2024-07-06T14:30:39.328+0000] {dag.py:2742} INFO - Sync 1 DAGs
[2024-07-06T14:30:39.350+0000] {logging_mixin.py:150} INFO - [2024-07-06T14:30:39.350+0000] {dag.py:3508} INFO - Setting next_dagrun for latest_only_with_trigger to 2024-07-06T10:30:39.350383+00:00, run_after=2024-07-06T14:30:39.350383+00:00
[2024-07-06T14:30:39.368+0000] {processor.py:179} INFO - Processing /home/airflow/.local/lib/python3.7/site-packages/airflow/example_dags/example_latest_only_with_trigger.py took 0.095 seconds
