[2024-07-06T14:10:41.705+0000] {processor.py:157} INFO - Started process (PID=43) to work on /home/airflow/.local/lib/python3.7/site-packages/airflow/example_dags/example_sla_dag.py
[2024-07-06T14:10:41.709+0000] {processor.py:826} INFO - Processing file /home/airflow/.local/lib/python3.7/site-packages/airflow/example_dags/example_sla_dag.py for tasks to queue
[2024-07-06T14:10:41.711+0000] {logging_mixin.py:150} INFO - [2024-07-06T14:10:41.710+0000] {dagbag.py:541} INFO - Filling up the DagBag from /home/airflow/.local/lib/python3.7/site-packages/airflow/example_dags/example_sla_dag.py
[2024-07-06T14:10:41.723+0000] {processor.py:836} INFO - DAG(s) dict_keys(['example_sla_dag']) retrieved from /home/airflow/.local/lib/python3.7/site-packages/airflow/example_dags/example_sla_dag.py
[2024-07-06T14:10:41.741+0000] {logging_mixin.py:150} INFO - [2024-07-06T14:10:41.741+0000] {dag.py:2742} INFO - Sync 1 DAGs
[2024-07-06T14:10:41.769+0000] {logging_mixin.py:150} INFO - [2024-07-06T14:10:41.769+0000] {dag.py:3508} INFO - Setting next_dagrun for example_sla_dag to 2024-07-06T14:08:00+00:00, run_after=2024-07-06T14:10:00+00:00
[2024-07-06T14:10:41.799+0000] {processor.py:179} INFO - Processing /home/airflow/.local/lib/python3.7/site-packages/airflow/example_dags/example_sla_dag.py took 0.097 seconds
[2024-07-06T14:11:12.895+0000] {processor.py:157} INFO - Started process (PID=105) to work on /home/airflow/.local/lib/python3.7/site-packages/airflow/example_dags/example_sla_dag.py
[2024-07-06T14:11:12.897+0000] {processor.py:826} INFO - Processing file /home/airflow/.local/lib/python3.7/site-packages/airflow/example_dags/example_sla_dag.py for tasks to queue
[2024-07-06T14:11:12.899+0000] {logging_mixin.py:150} INFO - [2024-07-06T14:11:12.898+0000] {dagbag.py:541} INFO - Filling up the DagBag from /home/airflow/.local/lib/python3.7/site-packages/airflow/example_dags/example_sla_dag.py
[2024-07-06T14:11:12.908+0000] {processor.py:836} INFO - DAG(s) dict_keys(['example_sla_dag']) retrieved from /home/airflow/.local/lib/python3.7/site-packages/airflow/example_dags/example_sla_dag.py
[2024-07-06T14:11:12.948+0000] {logging_mixin.py:150} INFO - [2024-07-06T14:11:12.948+0000] {dag.py:2742} INFO - Sync 1 DAGs
[2024-07-06T14:11:12.970+0000] {logging_mixin.py:150} INFO - [2024-07-06T14:11:12.970+0000] {dag.py:3508} INFO - Setting next_dagrun for example_sla_dag to 2024-07-06T14:08:00+00:00, run_after=2024-07-06T14:10:00+00:00
[2024-07-06T14:11:12.984+0000] {processor.py:179} INFO - Processing /home/airflow/.local/lib/python3.7/site-packages/airflow/example_dags/example_sla_dag.py took 0.092 seconds
[2024-07-06T14:11:43.843+0000] {processor.py:157} INFO - Started process (PID=168) to work on /home/airflow/.local/lib/python3.7/site-packages/airflow/example_dags/example_sla_dag.py
[2024-07-06T14:11:43.845+0000] {processor.py:826} INFO - Processing file /home/airflow/.local/lib/python3.7/site-packages/airflow/example_dags/example_sla_dag.py for tasks to queue
[2024-07-06T14:11:43.846+0000] {logging_mixin.py:150} INFO - [2024-07-06T14:11:43.846+0000] {dagbag.py:541} INFO - Filling up the DagBag from /home/airflow/.local/lib/python3.7/site-packages/airflow/example_dags/example_sla_dag.py
[2024-07-06T14:11:43.854+0000] {processor.py:836} INFO - DAG(s) dict_keys(['example_sla_dag']) retrieved from /home/airflow/.local/lib/python3.7/site-packages/airflow/example_dags/example_sla_dag.py
[2024-07-06T14:11:43.883+0000] {logging_mixin.py:150} INFO - [2024-07-06T14:11:43.883+0000] {dag.py:2742} INFO - Sync 1 DAGs
[2024-07-06T14:11:43.906+0000] {logging_mixin.py:150} INFO - [2024-07-06T14:11:43.906+0000] {dag.py:3508} INFO - Setting next_dagrun for example_sla_dag to 2024-07-06T14:08:00+00:00, run_after=2024-07-06T14:10:00+00:00
[2024-07-06T14:11:43.922+0000] {processor.py:179} INFO - Processing /home/airflow/.local/lib/python3.7/site-packages/airflow/example_dags/example_sla_dag.py took 0.082 seconds
[2024-07-06T14:12:14.155+0000] {processor.py:157} INFO - Started process (PID=231) to work on /home/airflow/.local/lib/python3.7/site-packages/airflow/example_dags/example_sla_dag.py
[2024-07-06T14:12:14.158+0000] {processor.py:826} INFO - Processing file /home/airflow/.local/lib/python3.7/site-packages/airflow/example_dags/example_sla_dag.py for tasks to queue
[2024-07-06T14:12:14.159+0000] {logging_mixin.py:150} INFO - [2024-07-06T14:12:14.159+0000] {dagbag.py:541} INFO - Filling up the DagBag from /home/airflow/.local/lib/python3.7/site-packages/airflow/example_dags/example_sla_dag.py
[2024-07-06T14:12:14.166+0000] {processor.py:836} INFO - DAG(s) dict_keys(['example_sla_dag']) retrieved from /home/airflow/.local/lib/python3.7/site-packages/airflow/example_dags/example_sla_dag.py
[2024-07-06T14:12:14.189+0000] {logging_mixin.py:150} INFO - [2024-07-06T14:12:14.189+0000] {dag.py:2742} INFO - Sync 1 DAGs
[2024-07-06T14:12:14.207+0000] {logging_mixin.py:150} INFO - [2024-07-06T14:12:14.207+0000] {dag.py:3508} INFO - Setting next_dagrun for example_sla_dag to 2024-07-06T14:10:00+00:00, run_after=2024-07-06T14:12:00+00:00
[2024-07-06T14:12:14.220+0000] {processor.py:179} INFO - Processing /home/airflow/.local/lib/python3.7/site-packages/airflow/example_dags/example_sla_dag.py took 0.068 seconds
[2024-07-06T14:12:44.486+0000] {processor.py:157} INFO - Started process (PID=289) to work on /home/airflow/.local/lib/python3.7/site-packages/airflow/example_dags/example_sla_dag.py
[2024-07-06T14:12:44.487+0000] {processor.py:826} INFO - Processing file /home/airflow/.local/lib/python3.7/site-packages/airflow/example_dags/example_sla_dag.py for tasks to queue
[2024-07-06T14:12:44.489+0000] {logging_mixin.py:150} INFO - [2024-07-06T14:12:44.489+0000] {dagbag.py:541} INFO - Filling up the DagBag from /home/airflow/.local/lib/python3.7/site-packages/airflow/example_dags/example_sla_dag.py
[2024-07-06T14:12:44.496+0000] {processor.py:836} INFO - DAG(s) dict_keys(['example_sla_dag']) retrieved from /home/airflow/.local/lib/python3.7/site-packages/airflow/example_dags/example_sla_dag.py
[2024-07-06T14:12:44.517+0000] {logging_mixin.py:150} INFO - [2024-07-06T14:12:44.517+0000] {dag.py:2742} INFO - Sync 1 DAGs
[2024-07-06T14:12:44.538+0000] {logging_mixin.py:150} INFO - [2024-07-06T14:12:44.538+0000] {dag.py:3508} INFO - Setting next_dagrun for example_sla_dag to 2024-07-06T14:10:00+00:00, run_after=2024-07-06T14:12:00+00:00
[2024-07-06T14:12:44.554+0000] {processor.py:179} INFO - Processing /home/airflow/.local/lib/python3.7/site-packages/airflow/example_dags/example_sla_dag.py took 0.070 seconds
[2024-07-06T14:13:14.642+0000] {processor.py:157} INFO - Started process (PID=352) to work on /home/airflow/.local/lib/python3.7/site-packages/airflow/example_dags/example_sla_dag.py
[2024-07-06T14:13:14.644+0000] {processor.py:826} INFO - Processing file /home/airflow/.local/lib/python3.7/site-packages/airflow/example_dags/example_sla_dag.py for tasks to queue
[2024-07-06T14:13:14.645+0000] {logging_mixin.py:150} INFO - [2024-07-06T14:13:14.645+0000] {dagbag.py:541} INFO - Filling up the DagBag from /home/airflow/.local/lib/python3.7/site-packages/airflow/example_dags/example_sla_dag.py
[2024-07-06T14:13:14.653+0000] {processor.py:836} INFO - DAG(s) dict_keys(['example_sla_dag']) retrieved from /home/airflow/.local/lib/python3.7/site-packages/airflow/example_dags/example_sla_dag.py
[2024-07-06T14:13:14.682+0000] {logging_mixin.py:150} INFO - [2024-07-06T14:13:14.682+0000] {dag.py:2742} INFO - Sync 1 DAGs
[2024-07-06T14:13:14.705+0000] {logging_mixin.py:150} INFO - [2024-07-06T14:13:14.704+0000] {dag.py:3508} INFO - Setting next_dagrun for example_sla_dag to 2024-07-06T14:10:00+00:00, run_after=2024-07-06T14:12:00+00:00
[2024-07-06T14:13:14.717+0000] {processor.py:179} INFO - Processing /home/airflow/.local/lib/python3.7/site-packages/airflow/example_dags/example_sla_dag.py took 0.078 seconds
[2024-07-06T14:13:44.931+0000] {processor.py:157} INFO - Started process (PID=416) to work on /home/airflow/.local/lib/python3.7/site-packages/airflow/example_dags/example_sla_dag.py
[2024-07-06T14:13:44.932+0000] {processor.py:826} INFO - Processing file /home/airflow/.local/lib/python3.7/site-packages/airflow/example_dags/example_sla_dag.py for tasks to queue
[2024-07-06T14:13:44.934+0000] {logging_mixin.py:150} INFO - [2024-07-06T14:13:44.934+0000] {dagbag.py:541} INFO - Filling up the DagBag from /home/airflow/.local/lib/python3.7/site-packages/airflow/example_dags/example_sla_dag.py
[2024-07-06T14:13:44.941+0000] {processor.py:836} INFO - DAG(s) dict_keys(['example_sla_dag']) retrieved from /home/airflow/.local/lib/python3.7/site-packages/airflow/example_dags/example_sla_dag.py
[2024-07-06T14:13:44.965+0000] {logging_mixin.py:150} INFO - [2024-07-06T14:13:44.965+0000] {dag.py:2742} INFO - Sync 1 DAGs
[2024-07-06T14:13:44.988+0000] {logging_mixin.py:150} INFO - [2024-07-06T14:13:44.988+0000] {dag.py:3508} INFO - Setting next_dagrun for example_sla_dag to 2024-07-06T14:10:00+00:00, run_after=2024-07-06T14:12:00+00:00
[2024-07-06T14:13:45.002+0000] {processor.py:179} INFO - Processing /home/airflow/.local/lib/python3.7/site-packages/airflow/example_dags/example_sla_dag.py took 0.075 seconds
[2024-07-06T14:14:15.295+0000] {processor.py:157} INFO - Started process (PID=478) to work on /home/airflow/.local/lib/python3.7/site-packages/airflow/example_dags/example_sla_dag.py
[2024-07-06T14:14:15.297+0000] {processor.py:826} INFO - Processing file /home/airflow/.local/lib/python3.7/site-packages/airflow/example_dags/example_sla_dag.py for tasks to queue
[2024-07-06T14:14:15.299+0000] {logging_mixin.py:150} INFO - [2024-07-06T14:14:15.299+0000] {dagbag.py:541} INFO - Filling up the DagBag from /home/airflow/.local/lib/python3.7/site-packages/airflow/example_dags/example_sla_dag.py
[2024-07-06T14:14:15.306+0000] {processor.py:836} INFO - DAG(s) dict_keys(['example_sla_dag']) retrieved from /home/airflow/.local/lib/python3.7/site-packages/airflow/example_dags/example_sla_dag.py
[2024-07-06T14:14:15.326+0000] {logging_mixin.py:150} INFO - [2024-07-06T14:14:15.326+0000] {dag.py:2742} INFO - Sync 1 DAGs
[2024-07-06T14:14:15.345+0000] {logging_mixin.py:150} INFO - [2024-07-06T14:14:15.345+0000] {dag.py:3508} INFO - Setting next_dagrun for example_sla_dag to 2024-07-06T14:12:00+00:00, run_after=2024-07-06T14:14:00+00:00
[2024-07-06T14:14:15.361+0000] {processor.py:179} INFO - Processing /home/airflow/.local/lib/python3.7/site-packages/airflow/example_dags/example_sla_dag.py took 0.069 seconds
[2024-07-06T14:14:45.783+0000] {processor.py:157} INFO - Started process (PID=542) to work on /home/airflow/.local/lib/python3.7/site-packages/airflow/example_dags/example_sla_dag.py
[2024-07-06T14:14:45.785+0000] {processor.py:826} INFO - Processing file /home/airflow/.local/lib/python3.7/site-packages/airflow/example_dags/example_sla_dag.py for tasks to queue
[2024-07-06T14:14:45.786+0000] {logging_mixin.py:150} INFO - [2024-07-06T14:14:45.786+0000] {dagbag.py:541} INFO - Filling up the DagBag from /home/airflow/.local/lib/python3.7/site-packages/airflow/example_dags/example_sla_dag.py
[2024-07-06T14:14:45.793+0000] {processor.py:836} INFO - DAG(s) dict_keys(['example_sla_dag']) retrieved from /home/airflow/.local/lib/python3.7/site-packages/airflow/example_dags/example_sla_dag.py
[2024-07-06T14:14:45.818+0000] {logging_mixin.py:150} INFO - [2024-07-06T14:14:45.817+0000] {dag.py:2742} INFO - Sync 1 DAGs
[2024-07-06T14:14:45.838+0000] {logging_mixin.py:150} INFO - [2024-07-06T14:14:45.838+0000] {dag.py:3508} INFO - Setting next_dagrun for example_sla_dag to 2024-07-06T14:12:00+00:00, run_after=2024-07-06T14:14:00+00:00
[2024-07-06T14:14:45.850+0000] {processor.py:179} INFO - Processing /home/airflow/.local/lib/python3.7/site-packages/airflow/example_dags/example_sla_dag.py took 0.071 seconds
[2024-07-06T14:15:16.096+0000] {processor.py:157} INFO - Started process (PID=605) to work on /home/airflow/.local/lib/python3.7/site-packages/airflow/example_dags/example_sla_dag.py
[2024-07-06T14:15:16.104+0000] {processor.py:826} INFO - Processing file /home/airflow/.local/lib/python3.7/site-packages/airflow/example_dags/example_sla_dag.py for tasks to queue
[2024-07-06T14:15:16.113+0000] {logging_mixin.py:150} INFO - [2024-07-06T14:15:16.112+0000] {dagbag.py:541} INFO - Filling up the DagBag from /home/airflow/.local/lib/python3.7/site-packages/airflow/example_dags/example_sla_dag.py
[2024-07-06T14:15:16.163+0000] {processor.py:836} INFO - DAG(s) dict_keys(['example_sla_dag']) retrieved from /home/airflow/.local/lib/python3.7/site-packages/airflow/example_dags/example_sla_dag.py
[2024-07-06T14:15:16.212+0000] {logging_mixin.py:150} INFO - [2024-07-06T14:15:16.212+0000] {dag.py:2742} INFO - Sync 1 DAGs
[2024-07-06T14:15:16.239+0000] {logging_mixin.py:150} INFO - [2024-07-06T14:15:16.239+0000] {dag.py:3508} INFO - Setting next_dagrun for example_sla_dag to 2024-07-06T14:12:00+00:00, run_after=2024-07-06T14:14:00+00:00
[2024-07-06T14:15:16.261+0000] {processor.py:179} INFO - Processing /home/airflow/.local/lib/python3.7/site-packages/airflow/example_dags/example_sla_dag.py took 0.190 seconds
[2024-07-06T14:15:46.553+0000] {processor.py:157} INFO - Started process (PID=667) to work on /home/airflow/.local/lib/python3.7/site-packages/airflow/example_dags/example_sla_dag.py
[2024-07-06T14:15:46.555+0000] {processor.py:826} INFO - Processing file /home/airflow/.local/lib/python3.7/site-packages/airflow/example_dags/example_sla_dag.py for tasks to queue
[2024-07-06T14:15:46.557+0000] {logging_mixin.py:150} INFO - [2024-07-06T14:15:46.557+0000] {dagbag.py:541} INFO - Filling up the DagBag from /home/airflow/.local/lib/python3.7/site-packages/airflow/example_dags/example_sla_dag.py
[2024-07-06T14:15:46.565+0000] {processor.py:836} INFO - DAG(s) dict_keys(['example_sla_dag']) retrieved from /home/airflow/.local/lib/python3.7/site-packages/airflow/example_dags/example_sla_dag.py
[2024-07-06T14:15:46.588+0000] {logging_mixin.py:150} INFO - [2024-07-06T14:15:46.588+0000] {dag.py:2742} INFO - Sync 1 DAGs
[2024-07-06T14:15:46.612+0000] {logging_mixin.py:150} INFO - [2024-07-06T14:15:46.612+0000] {dag.py:3508} INFO - Setting next_dagrun for example_sla_dag to 2024-07-06T14:12:00+00:00, run_after=2024-07-06T14:14:00+00:00
[2024-07-06T14:15:46.628+0000] {processor.py:179} INFO - Processing /home/airflow/.local/lib/python3.7/site-packages/airflow/example_dags/example_sla_dag.py took 0.078 seconds
[2024-07-06T14:16:16.987+0000] {processor.py:157} INFO - Started process (PID=730) to work on /home/airflow/.local/lib/python3.7/site-packages/airflow/example_dags/example_sla_dag.py
[2024-07-06T14:16:16.989+0000] {processor.py:826} INFO - Processing file /home/airflow/.local/lib/python3.7/site-packages/airflow/example_dags/example_sla_dag.py for tasks to queue
[2024-07-06T14:16:16.990+0000] {logging_mixin.py:150} INFO - [2024-07-06T14:16:16.990+0000] {dagbag.py:541} INFO - Filling up the DagBag from /home/airflow/.local/lib/python3.7/site-packages/airflow/example_dags/example_sla_dag.py
[2024-07-06T14:16:16.998+0000] {processor.py:836} INFO - DAG(s) dict_keys(['example_sla_dag']) retrieved from /home/airflow/.local/lib/python3.7/site-packages/airflow/example_dags/example_sla_dag.py
[2024-07-06T14:16:17.020+0000] {logging_mixin.py:150} INFO - [2024-07-06T14:16:17.020+0000] {dag.py:2742} INFO - Sync 1 DAGs
[2024-07-06T14:16:17.038+0000] {logging_mixin.py:150} INFO - [2024-07-06T14:16:17.038+0000] {dag.py:3508} INFO - Setting next_dagrun for example_sla_dag to 2024-07-06T14:14:00+00:00, run_after=2024-07-06T14:16:00+00:00
[2024-07-06T14:16:17.053+0000] {processor.py:179} INFO - Processing /home/airflow/.local/lib/python3.7/site-packages/airflow/example_dags/example_sla_dag.py took 0.070 seconds
[2024-07-06T14:16:47.598+0000] {processor.py:157} INFO - Started process (PID=793) to work on /home/airflow/.local/lib/python3.7/site-packages/airflow/example_dags/example_sla_dag.py
[2024-07-06T14:16:47.600+0000] {processor.py:826} INFO - Processing file /home/airflow/.local/lib/python3.7/site-packages/airflow/example_dags/example_sla_dag.py for tasks to queue
[2024-07-06T14:16:47.601+0000] {logging_mixin.py:150} INFO - [2024-07-06T14:16:47.601+0000] {dagbag.py:541} INFO - Filling up the DagBag from /home/airflow/.local/lib/python3.7/site-packages/airflow/example_dags/example_sla_dag.py
[2024-07-06T14:16:47.609+0000] {processor.py:836} INFO - DAG(s) dict_keys(['example_sla_dag']) retrieved from /home/airflow/.local/lib/python3.7/site-packages/airflow/example_dags/example_sla_dag.py
[2024-07-06T14:16:47.634+0000] {logging_mixin.py:150} INFO - [2024-07-06T14:16:47.634+0000] {dag.py:2742} INFO - Sync 1 DAGs
[2024-07-06T14:16:47.658+0000] {logging_mixin.py:150} INFO - [2024-07-06T14:16:47.658+0000] {dag.py:3508} INFO - Setting next_dagrun for example_sla_dag to 2024-07-06T14:14:00+00:00, run_after=2024-07-06T14:16:00+00:00
[2024-07-06T14:16:47.672+0000] {processor.py:179} INFO - Processing /home/airflow/.local/lib/python3.7/site-packages/airflow/example_dags/example_sla_dag.py took 0.077 seconds
[2024-07-06T14:17:17.743+0000] {processor.py:157} INFO - Started process (PID=856) to work on /home/airflow/.local/lib/python3.7/site-packages/airflow/example_dags/example_sla_dag.py
[2024-07-06T14:17:17.746+0000] {processor.py:826} INFO - Processing file /home/airflow/.local/lib/python3.7/site-packages/airflow/example_dags/example_sla_dag.py for tasks to queue
[2024-07-06T14:17:17.748+0000] {logging_mixin.py:150} INFO - [2024-07-06T14:17:17.748+0000] {dagbag.py:541} INFO - Filling up the DagBag from /home/airflow/.local/lib/python3.7/site-packages/airflow/example_dags/example_sla_dag.py
[2024-07-06T14:17:17.757+0000] {processor.py:836} INFO - DAG(s) dict_keys(['example_sla_dag']) retrieved from /home/airflow/.local/lib/python3.7/site-packages/airflow/example_dags/example_sla_dag.py
[2024-07-06T14:17:17.781+0000] {logging_mixin.py:150} INFO - [2024-07-06T14:17:17.781+0000] {dag.py:2742} INFO - Sync 1 DAGs
[2024-07-06T14:17:17.802+0000] {logging_mixin.py:150} INFO - [2024-07-06T14:17:17.802+0000] {dag.py:3508} INFO - Setting next_dagrun for example_sla_dag to 2024-07-06T14:14:00+00:00, run_after=2024-07-06T14:16:00+00:00
[2024-07-06T14:17:17.816+0000] {processor.py:179} INFO - Processing /home/airflow/.local/lib/python3.7/site-packages/airflow/example_dags/example_sla_dag.py took 0.077 seconds
[2024-07-06T14:17:48.157+0000] {processor.py:157} INFO - Started process (PID=918) to work on /home/airflow/.local/lib/python3.7/site-packages/airflow/example_dags/example_sla_dag.py
[2024-07-06T14:17:48.158+0000] {processor.py:826} INFO - Processing file /home/airflow/.local/lib/python3.7/site-packages/airflow/example_dags/example_sla_dag.py for tasks to queue
[2024-07-06T14:17:48.160+0000] {logging_mixin.py:150} INFO - [2024-07-06T14:17:48.160+0000] {dagbag.py:541} INFO - Filling up the DagBag from /home/airflow/.local/lib/python3.7/site-packages/airflow/example_dags/example_sla_dag.py
[2024-07-06T14:17:48.167+0000] {processor.py:836} INFO - DAG(s) dict_keys(['example_sla_dag']) retrieved from /home/airflow/.local/lib/python3.7/site-packages/airflow/example_dags/example_sla_dag.py
[2024-07-06T14:17:48.189+0000] {logging_mixin.py:150} INFO - [2024-07-06T14:17:48.189+0000] {dag.py:2742} INFO - Sync 1 DAGs
[2024-07-06T14:17:48.207+0000] {logging_mixin.py:150} INFO - [2024-07-06T14:17:48.207+0000] {dag.py:3508} INFO - Setting next_dagrun for example_sla_dag to 2024-07-06T14:14:00+00:00, run_after=2024-07-06T14:16:00+00:00
[2024-07-06T14:17:48.221+0000] {processor.py:179} INFO - Processing /home/airflow/.local/lib/python3.7/site-packages/airflow/example_dags/example_sla_dag.py took 0.067 seconds
[2024-07-06T14:18:18.494+0000] {processor.py:157} INFO - Started process (PID=981) to work on /home/airflow/.local/lib/python3.7/site-packages/airflow/example_dags/example_sla_dag.py
[2024-07-06T14:18:18.495+0000] {processor.py:826} INFO - Processing file /home/airflow/.local/lib/python3.7/site-packages/airflow/example_dags/example_sla_dag.py for tasks to queue
[2024-07-06T14:18:18.497+0000] {logging_mixin.py:150} INFO - [2024-07-06T14:18:18.497+0000] {dagbag.py:541} INFO - Filling up the DagBag from /home/airflow/.local/lib/python3.7/site-packages/airflow/example_dags/example_sla_dag.py
[2024-07-06T14:18:18.504+0000] {processor.py:836} INFO - DAG(s) dict_keys(['example_sla_dag']) retrieved from /home/airflow/.local/lib/python3.7/site-packages/airflow/example_dags/example_sla_dag.py
[2024-07-06T14:18:18.524+0000] {logging_mixin.py:150} INFO - [2024-07-06T14:18:18.524+0000] {dag.py:2742} INFO - Sync 1 DAGs
[2024-07-06T14:18:18.542+0000] {logging_mixin.py:150} INFO - [2024-07-06T14:18:18.542+0000] {dag.py:3508} INFO - Setting next_dagrun for example_sla_dag to 2024-07-06T14:16:00+00:00, run_after=2024-07-06T14:18:00+00:00
[2024-07-06T14:18:18.556+0000] {processor.py:179} INFO - Processing /home/airflow/.local/lib/python3.7/site-packages/airflow/example_dags/example_sla_dag.py took 0.065 seconds
[2024-07-06T14:18:48.796+0000] {processor.py:157} INFO - Started process (PID=1044) to work on /home/airflow/.local/lib/python3.7/site-packages/airflow/example_dags/example_sla_dag.py
[2024-07-06T14:18:48.798+0000] {processor.py:826} INFO - Processing file /home/airflow/.local/lib/python3.7/site-packages/airflow/example_dags/example_sla_dag.py for tasks to queue
[2024-07-06T14:18:48.799+0000] {logging_mixin.py:150} INFO - [2024-07-06T14:18:48.799+0000] {dagbag.py:541} INFO - Filling up the DagBag from /home/airflow/.local/lib/python3.7/site-packages/airflow/example_dags/example_sla_dag.py
[2024-07-06T14:18:48.806+0000] {processor.py:836} INFO - DAG(s) dict_keys(['example_sla_dag']) retrieved from /home/airflow/.local/lib/python3.7/site-packages/airflow/example_dags/example_sla_dag.py
[2024-07-06T14:18:48.826+0000] {logging_mixin.py:150} INFO - [2024-07-06T14:18:48.826+0000] {dag.py:2742} INFO - Sync 1 DAGs
[2024-07-06T14:18:48.846+0000] {logging_mixin.py:150} INFO - [2024-07-06T14:18:48.846+0000] {dag.py:3508} INFO - Setting next_dagrun for example_sla_dag to 2024-07-06T14:16:00+00:00, run_after=2024-07-06T14:18:00+00:00
[2024-07-06T14:18:48.858+0000] {processor.py:179} INFO - Processing /home/airflow/.local/lib/python3.7/site-packages/airflow/example_dags/example_sla_dag.py took 0.065 seconds
[2024-07-06T14:19:19.230+0000] {processor.py:157} INFO - Started process (PID=1107) to work on /home/airflow/.local/lib/python3.7/site-packages/airflow/example_dags/example_sla_dag.py
[2024-07-06T14:19:19.232+0000] {processor.py:826} INFO - Processing file /home/airflow/.local/lib/python3.7/site-packages/airflow/example_dags/example_sla_dag.py for tasks to queue
[2024-07-06T14:19:19.233+0000] {logging_mixin.py:150} INFO - [2024-07-06T14:19:19.233+0000] {dagbag.py:541} INFO - Filling up the DagBag from /home/airflow/.local/lib/python3.7/site-packages/airflow/example_dags/example_sla_dag.py
[2024-07-06T14:19:19.241+0000] {processor.py:836} INFO - DAG(s) dict_keys(['example_sla_dag']) retrieved from /home/airflow/.local/lib/python3.7/site-packages/airflow/example_dags/example_sla_dag.py
[2024-07-06T14:19:19.264+0000] {logging_mixin.py:150} INFO - [2024-07-06T14:19:19.264+0000] {dag.py:2742} INFO - Sync 1 DAGs
[2024-07-06T14:19:19.286+0000] {logging_mixin.py:150} INFO - [2024-07-06T14:19:19.285+0000] {dag.py:3508} INFO - Setting next_dagrun for example_sla_dag to 2024-07-06T14:16:00+00:00, run_after=2024-07-06T14:18:00+00:00
[2024-07-06T14:19:19.299+0000] {processor.py:179} INFO - Processing /home/airflow/.local/lib/python3.7/site-packages/airflow/example_dags/example_sla_dag.py took 0.072 seconds
[2024-07-06T14:19:49.454+0000] {processor.py:157} INFO - Started process (PID=1170) to work on /home/airflow/.local/lib/python3.7/site-packages/airflow/example_dags/example_sla_dag.py
[2024-07-06T14:19:49.456+0000] {processor.py:826} INFO - Processing file /home/airflow/.local/lib/python3.7/site-packages/airflow/example_dags/example_sla_dag.py for tasks to queue
[2024-07-06T14:19:49.457+0000] {logging_mixin.py:150} INFO - [2024-07-06T14:19:49.457+0000] {dagbag.py:541} INFO - Filling up the DagBag from /home/airflow/.local/lib/python3.7/site-packages/airflow/example_dags/example_sla_dag.py
[2024-07-06T14:19:49.464+0000] {processor.py:836} INFO - DAG(s) dict_keys(['example_sla_dag']) retrieved from /home/airflow/.local/lib/python3.7/site-packages/airflow/example_dags/example_sla_dag.py
[2024-07-06T14:19:49.484+0000] {logging_mixin.py:150} INFO - [2024-07-06T14:19:49.484+0000] {dag.py:2742} INFO - Sync 1 DAGs
[2024-07-06T14:19:49.501+0000] {logging_mixin.py:150} INFO - [2024-07-06T14:19:49.501+0000] {dag.py:3508} INFO - Setting next_dagrun for example_sla_dag to 2024-07-06T14:16:00+00:00, run_after=2024-07-06T14:18:00+00:00
[2024-07-06T14:19:49.514+0000] {processor.py:179} INFO - Processing /home/airflow/.local/lib/python3.7/site-packages/airflow/example_dags/example_sla_dag.py took 0.062 seconds
[2024-07-06T14:20:20.002+0000] {processor.py:157} INFO - Started process (PID=1232) to work on /home/airflow/.local/lib/python3.7/site-packages/airflow/example_dags/example_sla_dag.py
[2024-07-06T14:20:20.003+0000] {processor.py:826} INFO - Processing file /home/airflow/.local/lib/python3.7/site-packages/airflow/example_dags/example_sla_dag.py for tasks to queue
[2024-07-06T14:20:20.005+0000] {logging_mixin.py:150} INFO - [2024-07-06T14:20:20.005+0000] {dagbag.py:541} INFO - Filling up the DagBag from /home/airflow/.local/lib/python3.7/site-packages/airflow/example_dags/example_sla_dag.py
[2024-07-06T14:20:20.015+0000] {processor.py:836} INFO - DAG(s) dict_keys(['example_sla_dag']) retrieved from /home/airflow/.local/lib/python3.7/site-packages/airflow/example_dags/example_sla_dag.py
[2024-07-06T14:20:20.039+0000] {logging_mixin.py:150} INFO - [2024-07-06T14:20:20.039+0000] {dag.py:2742} INFO - Sync 1 DAGs
[2024-07-06T14:20:20.062+0000] {logging_mixin.py:150} INFO - [2024-07-06T14:20:20.062+0000] {dag.py:3508} INFO - Setting next_dagrun for example_sla_dag to 2024-07-06T14:18:00+00:00, run_after=2024-07-06T14:20:00+00:00
[2024-07-06T14:20:20.076+0000] {processor.py:179} INFO - Processing /home/airflow/.local/lib/python3.7/site-packages/airflow/example_dags/example_sla_dag.py took 0.078 seconds
[2024-07-06T14:20:50.513+0000] {processor.py:157} INFO - Started process (PID=1295) to work on /home/airflow/.local/lib/python3.7/site-packages/airflow/example_dags/example_sla_dag.py
[2024-07-06T14:20:50.514+0000] {processor.py:826} INFO - Processing file /home/airflow/.local/lib/python3.7/site-packages/airflow/example_dags/example_sla_dag.py for tasks to queue
[2024-07-06T14:20:50.516+0000] {logging_mixin.py:150} INFO - [2024-07-06T14:20:50.516+0000] {dagbag.py:541} INFO - Filling up the DagBag from /home/airflow/.local/lib/python3.7/site-packages/airflow/example_dags/example_sla_dag.py
[2024-07-06T14:20:50.523+0000] {processor.py:836} INFO - DAG(s) dict_keys(['example_sla_dag']) retrieved from /home/airflow/.local/lib/python3.7/site-packages/airflow/example_dags/example_sla_dag.py
[2024-07-06T14:20:50.553+0000] {logging_mixin.py:150} INFO - [2024-07-06T14:20:50.553+0000] {dag.py:2742} INFO - Sync 1 DAGs
[2024-07-06T14:20:50.579+0000] {logging_mixin.py:150} INFO - [2024-07-06T14:20:50.578+0000] {dag.py:3508} INFO - Setting next_dagrun for example_sla_dag to 2024-07-06T14:18:00+00:00, run_after=2024-07-06T14:20:00+00:00
[2024-07-06T14:20:50.593+0000] {processor.py:179} INFO - Processing /home/airflow/.local/lib/python3.7/site-packages/airflow/example_dags/example_sla_dag.py took 0.084 seconds
[2024-07-06T14:21:21.001+0000] {processor.py:157} INFO - Started process (PID=1358) to work on /home/airflow/.local/lib/python3.7/site-packages/airflow/example_dags/example_sla_dag.py
[2024-07-06T14:21:21.004+0000] {processor.py:826} INFO - Processing file /home/airflow/.local/lib/python3.7/site-packages/airflow/example_dags/example_sla_dag.py for tasks to queue
[2024-07-06T14:21:21.011+0000] {logging_mixin.py:150} INFO - [2024-07-06T14:21:21.010+0000] {dagbag.py:541} INFO - Filling up the DagBag from /home/airflow/.local/lib/python3.7/site-packages/airflow/example_dags/example_sla_dag.py
[2024-07-06T14:21:21.020+0000] {processor.py:836} INFO - DAG(s) dict_keys(['example_sla_dag']) retrieved from /home/airflow/.local/lib/python3.7/site-packages/airflow/example_dags/example_sla_dag.py
[2024-07-06T14:21:21.044+0000] {logging_mixin.py:150} INFO - [2024-07-06T14:21:21.044+0000] {dag.py:2742} INFO - Sync 1 DAGs
[2024-07-06T14:21:21.074+0000] {logging_mixin.py:150} INFO - [2024-07-06T14:21:21.074+0000] {dag.py:3508} INFO - Setting next_dagrun for example_sla_dag to 2024-07-06T14:18:00+00:00, run_after=2024-07-06T14:20:00+00:00
[2024-07-06T14:21:21.098+0000] {processor.py:179} INFO - Processing /home/airflow/.local/lib/python3.7/site-packages/airflow/example_dags/example_sla_dag.py took 0.100 seconds
[2024-07-06T14:21:51.456+0000] {processor.py:157} INFO - Started process (PID=1421) to work on /home/airflow/.local/lib/python3.7/site-packages/airflow/example_dags/example_sla_dag.py
[2024-07-06T14:21:51.458+0000] {processor.py:826} INFO - Processing file /home/airflow/.local/lib/python3.7/site-packages/airflow/example_dags/example_sla_dag.py for tasks to queue
[2024-07-06T14:21:51.460+0000] {logging_mixin.py:150} INFO - [2024-07-06T14:21:51.460+0000] {dagbag.py:541} INFO - Filling up the DagBag from /home/airflow/.local/lib/python3.7/site-packages/airflow/example_dags/example_sla_dag.py
[2024-07-06T14:21:51.473+0000] {processor.py:836} INFO - DAG(s) dict_keys(['example_sla_dag']) retrieved from /home/airflow/.local/lib/python3.7/site-packages/airflow/example_dags/example_sla_dag.py
[2024-07-06T14:21:51.499+0000] {logging_mixin.py:150} INFO - [2024-07-06T14:21:51.499+0000] {dag.py:2742} INFO - Sync 1 DAGs
[2024-07-06T14:21:51.534+0000] {logging_mixin.py:150} INFO - [2024-07-06T14:21:51.534+0000] {dag.py:3508} INFO - Setting next_dagrun for example_sla_dag to 2024-07-06T14:18:00+00:00, run_after=2024-07-06T14:20:00+00:00
[2024-07-06T14:21:51.548+0000] {processor.py:179} INFO - Processing /home/airflow/.local/lib/python3.7/site-packages/airflow/example_dags/example_sla_dag.py took 0.095 seconds
[2024-07-06T14:22:21.672+0000] {processor.py:157} INFO - Started process (PID=1484) to work on /home/airflow/.local/lib/python3.7/site-packages/airflow/example_dags/example_sla_dag.py
[2024-07-06T14:22:21.675+0000] {processor.py:826} INFO - Processing file /home/airflow/.local/lib/python3.7/site-packages/airflow/example_dags/example_sla_dag.py for tasks to queue
[2024-07-06T14:22:21.676+0000] {logging_mixin.py:150} INFO - [2024-07-06T14:22:21.676+0000] {dagbag.py:541} INFO - Filling up the DagBag from /home/airflow/.local/lib/python3.7/site-packages/airflow/example_dags/example_sla_dag.py
[2024-07-06T14:22:21.685+0000] {processor.py:836} INFO - DAG(s) dict_keys(['example_sla_dag']) retrieved from /home/airflow/.local/lib/python3.7/site-packages/airflow/example_dags/example_sla_dag.py
[2024-07-06T14:22:21.712+0000] {logging_mixin.py:150} INFO - [2024-07-06T14:22:21.711+0000] {dag.py:2742} INFO - Sync 1 DAGs
[2024-07-06T14:22:21.733+0000] {logging_mixin.py:150} INFO - [2024-07-06T14:22:21.733+0000] {dag.py:3508} INFO - Setting next_dagrun for example_sla_dag to 2024-07-06T14:20:00+00:00, run_after=2024-07-06T14:22:00+00:00
[2024-07-06T14:22:21.746+0000] {processor.py:179} INFO - Processing /home/airflow/.local/lib/python3.7/site-packages/airflow/example_dags/example_sla_dag.py took 0.080 seconds
[2024-07-06T14:22:52.088+0000] {processor.py:157} INFO - Started process (PID=1547) to work on /home/airflow/.local/lib/python3.7/site-packages/airflow/example_dags/example_sla_dag.py
[2024-07-06T14:22:52.090+0000] {processor.py:826} INFO - Processing file /home/airflow/.local/lib/python3.7/site-packages/airflow/example_dags/example_sla_dag.py for tasks to queue
[2024-07-06T14:22:52.092+0000] {logging_mixin.py:150} INFO - [2024-07-06T14:22:52.092+0000] {dagbag.py:541} INFO - Filling up the DagBag from /home/airflow/.local/lib/python3.7/site-packages/airflow/example_dags/example_sla_dag.py
[2024-07-06T14:22:52.100+0000] {processor.py:836} INFO - DAG(s) dict_keys(['example_sla_dag']) retrieved from /home/airflow/.local/lib/python3.7/site-packages/airflow/example_dags/example_sla_dag.py
[2024-07-06T14:22:52.125+0000] {logging_mixin.py:150} INFO - [2024-07-06T14:22:52.125+0000] {dag.py:2742} INFO - Sync 1 DAGs
[2024-07-06T14:22:52.151+0000] {logging_mixin.py:150} INFO - [2024-07-06T14:22:52.151+0000] {dag.py:3508} INFO - Setting next_dagrun for example_sla_dag to 2024-07-06T14:20:00+00:00, run_after=2024-07-06T14:22:00+00:00
[2024-07-06T14:22:52.166+0000] {processor.py:179} INFO - Processing /home/airflow/.local/lib/python3.7/site-packages/airflow/example_dags/example_sla_dag.py took 0.081 seconds
[2024-07-06T14:23:22.461+0000] {processor.py:157} INFO - Started process (PID=1610) to work on /home/airflow/.local/lib/python3.7/site-packages/airflow/example_dags/example_sla_dag.py
[2024-07-06T14:23:22.464+0000] {processor.py:826} INFO - Processing file /home/airflow/.local/lib/python3.7/site-packages/airflow/example_dags/example_sla_dag.py for tasks to queue
[2024-07-06T14:23:22.465+0000] {logging_mixin.py:150} INFO - [2024-07-06T14:23:22.465+0000] {dagbag.py:541} INFO - Filling up the DagBag from /home/airflow/.local/lib/python3.7/site-packages/airflow/example_dags/example_sla_dag.py
[2024-07-06T14:23:22.474+0000] {processor.py:836} INFO - DAG(s) dict_keys(['example_sla_dag']) retrieved from /home/airflow/.local/lib/python3.7/site-packages/airflow/example_dags/example_sla_dag.py
[2024-07-06T14:23:22.497+0000] {logging_mixin.py:150} INFO - [2024-07-06T14:23:22.497+0000] {dag.py:2742} INFO - Sync 1 DAGs
[2024-07-06T14:23:22.527+0000] {logging_mixin.py:150} INFO - [2024-07-06T14:23:22.527+0000] {dag.py:3508} INFO - Setting next_dagrun for example_sla_dag to 2024-07-06T14:20:00+00:00, run_after=2024-07-06T14:22:00+00:00
[2024-07-06T14:23:22.545+0000] {processor.py:179} INFO - Processing /home/airflow/.local/lib/python3.7/site-packages/airflow/example_dags/example_sla_dag.py took 0.088 seconds
[2024-07-06T14:23:53.095+0000] {processor.py:157} INFO - Started process (PID=1673) to work on /home/airflow/.local/lib/python3.7/site-packages/airflow/example_dags/example_sla_dag.py
[2024-07-06T14:23:53.097+0000] {processor.py:826} INFO - Processing file /home/airflow/.local/lib/python3.7/site-packages/airflow/example_dags/example_sla_dag.py for tasks to queue
[2024-07-06T14:23:53.099+0000] {logging_mixin.py:150} INFO - [2024-07-06T14:23:53.098+0000] {dagbag.py:541} INFO - Filling up the DagBag from /home/airflow/.local/lib/python3.7/site-packages/airflow/example_dags/example_sla_dag.py
[2024-07-06T14:23:53.106+0000] {processor.py:836} INFO - DAG(s) dict_keys(['example_sla_dag']) retrieved from /home/airflow/.local/lib/python3.7/site-packages/airflow/example_dags/example_sla_dag.py
[2024-07-06T14:23:53.129+0000] {logging_mixin.py:150} INFO - [2024-07-06T14:23:53.129+0000] {dag.py:2742} INFO - Sync 1 DAGs
[2024-07-06T14:23:53.149+0000] {logging_mixin.py:150} INFO - [2024-07-06T14:23:53.149+0000] {dag.py:3508} INFO - Setting next_dagrun for example_sla_dag to 2024-07-06T14:20:00+00:00, run_after=2024-07-06T14:22:00+00:00
[2024-07-06T14:23:53.162+0000] {processor.py:179} INFO - Processing /home/airflow/.local/lib/python3.7/site-packages/airflow/example_dags/example_sla_dag.py took 0.070 seconds
[2024-07-06T14:24:23.548+0000] {processor.py:157} INFO - Started process (PID=1736) to work on /home/airflow/.local/lib/python3.7/site-packages/airflow/example_dags/example_sla_dag.py
[2024-07-06T14:24:23.550+0000] {processor.py:826} INFO - Processing file /home/airflow/.local/lib/python3.7/site-packages/airflow/example_dags/example_sla_dag.py for tasks to queue
[2024-07-06T14:24:23.551+0000] {logging_mixin.py:150} INFO - [2024-07-06T14:24:23.551+0000] {dagbag.py:541} INFO - Filling up the DagBag from /home/airflow/.local/lib/python3.7/site-packages/airflow/example_dags/example_sla_dag.py
[2024-07-06T14:24:23.559+0000] {processor.py:836} INFO - DAG(s) dict_keys(['example_sla_dag']) retrieved from /home/airflow/.local/lib/python3.7/site-packages/airflow/example_dags/example_sla_dag.py
[2024-07-06T14:24:23.585+0000] {logging_mixin.py:150} INFO - [2024-07-06T14:24:23.585+0000] {dag.py:2742} INFO - Sync 1 DAGs
[2024-07-06T14:24:23.614+0000] {logging_mixin.py:150} INFO - [2024-07-06T14:24:23.614+0000] {dag.py:3508} INFO - Setting next_dagrun for example_sla_dag to 2024-07-06T14:22:00+00:00, run_after=2024-07-06T14:24:00+00:00
[2024-07-06T14:24:23.633+0000] {processor.py:179} INFO - Processing /home/airflow/.local/lib/python3.7/site-packages/airflow/example_dags/example_sla_dag.py took 0.088 seconds
[2024-07-06T14:24:54.569+0000] {processor.py:157} INFO - Started process (PID=1799) to work on /home/airflow/.local/lib/python3.7/site-packages/airflow/example_dags/example_sla_dag.py
[2024-07-06T14:24:54.573+0000] {processor.py:826} INFO - Processing file /home/airflow/.local/lib/python3.7/site-packages/airflow/example_dags/example_sla_dag.py for tasks to queue
[2024-07-06T14:24:54.574+0000] {logging_mixin.py:150} INFO - [2024-07-06T14:24:54.574+0000] {dagbag.py:541} INFO - Filling up the DagBag from /home/airflow/.local/lib/python3.7/site-packages/airflow/example_dags/example_sla_dag.py
[2024-07-06T14:24:54.582+0000] {processor.py:836} INFO - DAG(s) dict_keys(['example_sla_dag']) retrieved from /home/airflow/.local/lib/python3.7/site-packages/airflow/example_dags/example_sla_dag.py
[2024-07-06T14:24:54.611+0000] {logging_mixin.py:150} INFO - [2024-07-06T14:24:54.611+0000] {dag.py:2742} INFO - Sync 1 DAGs
[2024-07-06T14:24:54.639+0000] {logging_mixin.py:150} INFO - [2024-07-06T14:24:54.639+0000] {dag.py:3508} INFO - Setting next_dagrun for example_sla_dag to 2024-07-06T14:22:00+00:00, run_after=2024-07-06T14:24:00+00:00
[2024-07-06T14:24:54.657+0000] {processor.py:179} INFO - Processing /home/airflow/.local/lib/python3.7/site-packages/airflow/example_dags/example_sla_dag.py took 0.092 seconds
[2024-07-06T14:25:25.665+0000] {processor.py:157} INFO - Started process (PID=1863) to work on /home/airflow/.local/lib/python3.7/site-packages/airflow/example_dags/example_sla_dag.py
[2024-07-06T14:25:25.667+0000] {processor.py:826} INFO - Processing file /home/airflow/.local/lib/python3.7/site-packages/airflow/example_dags/example_sla_dag.py for tasks to queue
[2024-07-06T14:25:25.669+0000] {logging_mixin.py:150} INFO - [2024-07-06T14:25:25.669+0000] {dagbag.py:541} INFO - Filling up the DagBag from /home/airflow/.local/lib/python3.7/site-packages/airflow/example_dags/example_sla_dag.py
[2024-07-06T14:25:25.677+0000] {processor.py:836} INFO - DAG(s) dict_keys(['example_sla_dag']) retrieved from /home/airflow/.local/lib/python3.7/site-packages/airflow/example_dags/example_sla_dag.py
[2024-07-06T14:25:25.698+0000] {logging_mixin.py:150} INFO - [2024-07-06T14:25:25.698+0000] {dag.py:2742} INFO - Sync 1 DAGs
[2024-07-06T14:25:25.718+0000] {logging_mixin.py:150} INFO - [2024-07-06T14:25:25.717+0000] {dag.py:3508} INFO - Setting next_dagrun for example_sla_dag to 2024-07-06T14:22:00+00:00, run_after=2024-07-06T14:24:00+00:00
[2024-07-06T14:25:25.730+0000] {processor.py:179} INFO - Processing /home/airflow/.local/lib/python3.7/site-packages/airflow/example_dags/example_sla_dag.py took 0.068 seconds
[2024-07-06T14:25:56.596+0000] {processor.py:157} INFO - Started process (PID=1925) to work on /home/airflow/.local/lib/python3.7/site-packages/airflow/example_dags/example_sla_dag.py
[2024-07-06T14:25:56.598+0000] {processor.py:826} INFO - Processing file /home/airflow/.local/lib/python3.7/site-packages/airflow/example_dags/example_sla_dag.py for tasks to queue
[2024-07-06T14:25:56.599+0000] {logging_mixin.py:150} INFO - [2024-07-06T14:25:56.599+0000] {dagbag.py:541} INFO - Filling up the DagBag from /home/airflow/.local/lib/python3.7/site-packages/airflow/example_dags/example_sla_dag.py
[2024-07-06T14:25:56.607+0000] {processor.py:836} INFO - DAG(s) dict_keys(['example_sla_dag']) retrieved from /home/airflow/.local/lib/python3.7/site-packages/airflow/example_dags/example_sla_dag.py
[2024-07-06T14:25:56.627+0000] {logging_mixin.py:150} INFO - [2024-07-06T14:25:56.627+0000] {dag.py:2742} INFO - Sync 1 DAGs
[2024-07-06T14:25:56.646+0000] {logging_mixin.py:150} INFO - [2024-07-06T14:25:56.646+0000] {dag.py:3508} INFO - Setting next_dagrun for example_sla_dag to 2024-07-06T14:22:00+00:00, run_after=2024-07-06T14:24:00+00:00
[2024-07-06T14:25:56.659+0000] {processor.py:179} INFO - Processing /home/airflow/.local/lib/python3.7/site-packages/airflow/example_dags/example_sla_dag.py took 0.065 seconds
[2024-07-06T14:26:27.371+0000] {processor.py:157} INFO - Started process (PID=1989) to work on /home/airflow/.local/lib/python3.7/site-packages/airflow/example_dags/example_sla_dag.py
[2024-07-06T14:26:27.373+0000] {processor.py:826} INFO - Processing file /home/airflow/.local/lib/python3.7/site-packages/airflow/example_dags/example_sla_dag.py for tasks to queue
[2024-07-06T14:26:27.376+0000] {logging_mixin.py:150} INFO - [2024-07-06T14:26:27.375+0000] {dagbag.py:541} INFO - Filling up the DagBag from /home/airflow/.local/lib/python3.7/site-packages/airflow/example_dags/example_sla_dag.py
[2024-07-06T14:26:27.383+0000] {processor.py:836} INFO - DAG(s) dict_keys(['example_sla_dag']) retrieved from /home/airflow/.local/lib/python3.7/site-packages/airflow/example_dags/example_sla_dag.py
[2024-07-06T14:26:27.403+0000] {logging_mixin.py:150} INFO - [2024-07-06T14:26:27.403+0000] {dag.py:2742} INFO - Sync 1 DAGs
[2024-07-06T14:26:27.423+0000] {logging_mixin.py:150} INFO - [2024-07-06T14:26:27.423+0000] {dag.py:3508} INFO - Setting next_dagrun for example_sla_dag to 2024-07-06T14:24:00+00:00, run_after=2024-07-06T14:26:00+00:00
[2024-07-06T14:26:27.436+0000] {processor.py:179} INFO - Processing /home/airflow/.local/lib/python3.7/site-packages/airflow/example_dags/example_sla_dag.py took 0.068 seconds
[2024-07-06T14:26:57.728+0000] {processor.py:157} INFO - Started process (PID=2052) to work on /home/airflow/.local/lib/python3.7/site-packages/airflow/example_dags/example_sla_dag.py
[2024-07-06T14:26:57.730+0000] {processor.py:826} INFO - Processing file /home/airflow/.local/lib/python3.7/site-packages/airflow/example_dags/example_sla_dag.py for tasks to queue
[2024-07-06T14:26:57.731+0000] {logging_mixin.py:150} INFO - [2024-07-06T14:26:57.731+0000] {dagbag.py:541} INFO - Filling up the DagBag from /home/airflow/.local/lib/python3.7/site-packages/airflow/example_dags/example_sla_dag.py
[2024-07-06T14:26:57.739+0000] {processor.py:836} INFO - DAG(s) dict_keys(['example_sla_dag']) retrieved from /home/airflow/.local/lib/python3.7/site-packages/airflow/example_dags/example_sla_dag.py
[2024-07-06T14:26:57.773+0000] {logging_mixin.py:150} INFO - [2024-07-06T14:26:57.773+0000] {dag.py:2742} INFO - Sync 1 DAGs
[2024-07-06T14:26:57.796+0000] {logging_mixin.py:150} INFO - [2024-07-06T14:26:57.796+0000] {dag.py:3508} INFO - Setting next_dagrun for example_sla_dag to 2024-07-06T14:24:00+00:00, run_after=2024-07-06T14:26:00+00:00
[2024-07-06T14:26:57.812+0000] {processor.py:179} INFO - Processing /home/airflow/.local/lib/python3.7/site-packages/airflow/example_dags/example_sla_dag.py took 0.087 seconds
[2024-07-06T14:27:28.056+0000] {processor.py:157} INFO - Started process (PID=2114) to work on /home/airflow/.local/lib/python3.7/site-packages/airflow/example_dags/example_sla_dag.py
[2024-07-06T14:27:28.058+0000] {processor.py:826} INFO - Processing file /home/airflow/.local/lib/python3.7/site-packages/airflow/example_dags/example_sla_dag.py for tasks to queue
[2024-07-06T14:27:28.059+0000] {logging_mixin.py:150} INFO - [2024-07-06T14:27:28.059+0000] {dagbag.py:541} INFO - Filling up the DagBag from /home/airflow/.local/lib/python3.7/site-packages/airflow/example_dags/example_sla_dag.py
[2024-07-06T14:27:28.066+0000] {processor.py:836} INFO - DAG(s) dict_keys(['example_sla_dag']) retrieved from /home/airflow/.local/lib/python3.7/site-packages/airflow/example_dags/example_sla_dag.py
[2024-07-06T14:27:28.101+0000] {logging_mixin.py:150} INFO - [2024-07-06T14:27:28.101+0000] {dag.py:2742} INFO - Sync 1 DAGs
[2024-07-06T14:27:28.128+0000] {logging_mixin.py:150} INFO - [2024-07-06T14:27:28.128+0000] {dag.py:3508} INFO - Setting next_dagrun for example_sla_dag to 2024-07-06T14:24:00+00:00, run_after=2024-07-06T14:26:00+00:00
[2024-07-06T14:27:28.142+0000] {processor.py:179} INFO - Processing /home/airflow/.local/lib/python3.7/site-packages/airflow/example_dags/example_sla_dag.py took 0.089 seconds
[2024-07-06T14:27:58.844+0000] {processor.py:157} INFO - Started process (PID=2182) to work on /home/airflow/.local/lib/python3.7/site-packages/airflow/example_dags/example_sla_dag.py
[2024-07-06T14:27:58.846+0000] {processor.py:826} INFO - Processing file /home/airflow/.local/lib/python3.7/site-packages/airflow/example_dags/example_sla_dag.py for tasks to queue
[2024-07-06T14:27:58.849+0000] {logging_mixin.py:150} INFO - [2024-07-06T14:27:58.849+0000] {dagbag.py:541} INFO - Filling up the DagBag from /home/airflow/.local/lib/python3.7/site-packages/airflow/example_dags/example_sla_dag.py
[2024-07-06T14:27:58.856+0000] {processor.py:836} INFO - DAG(s) dict_keys(['example_sla_dag']) retrieved from /home/airflow/.local/lib/python3.7/site-packages/airflow/example_dags/example_sla_dag.py
[2024-07-06T14:27:58.878+0000] {logging_mixin.py:150} INFO - [2024-07-06T14:27:58.878+0000] {dag.py:2742} INFO - Sync 1 DAGs
[2024-07-06T14:27:58.897+0000] {logging_mixin.py:150} INFO - [2024-07-06T14:27:58.897+0000] {dag.py:3508} INFO - Setting next_dagrun for example_sla_dag to 2024-07-06T14:24:00+00:00, run_after=2024-07-06T14:26:00+00:00
[2024-07-06T14:27:58.910+0000] {processor.py:179} INFO - Processing /home/airflow/.local/lib/python3.7/site-packages/airflow/example_dags/example_sla_dag.py took 0.069 seconds
[2024-07-06T14:28:29.041+0000] {processor.py:157} INFO - Started process (PID=2250) to work on /home/airflow/.local/lib/python3.7/site-packages/airflow/example_dags/example_sla_dag.py
[2024-07-06T14:28:29.045+0000] {processor.py:826} INFO - Processing file /home/airflow/.local/lib/python3.7/site-packages/airflow/example_dags/example_sla_dag.py for tasks to queue
[2024-07-06T14:28:29.046+0000] {logging_mixin.py:150} INFO - [2024-07-06T14:28:29.046+0000] {dagbag.py:541} INFO - Filling up the DagBag from /home/airflow/.local/lib/python3.7/site-packages/airflow/example_dags/example_sla_dag.py
[2024-07-06T14:28:29.053+0000] {processor.py:836} INFO - DAG(s) dict_keys(['example_sla_dag']) retrieved from /home/airflow/.local/lib/python3.7/site-packages/airflow/example_dags/example_sla_dag.py
[2024-07-06T14:28:29.084+0000] {logging_mixin.py:150} INFO - [2024-07-06T14:28:29.084+0000] {dag.py:2742} INFO - Sync 1 DAGs
[2024-07-06T14:28:29.106+0000] {logging_mixin.py:150} INFO - [2024-07-06T14:28:29.106+0000] {dag.py:3508} INFO - Setting next_dagrun for example_sla_dag to 2024-07-06T14:26:00+00:00, run_after=2024-07-06T14:28:00+00:00
[2024-07-06T14:28:29.125+0000] {processor.py:179} INFO - Processing /home/airflow/.local/lib/python3.7/site-packages/airflow/example_dags/example_sla_dag.py took 0.089 seconds
[2024-07-06T14:28:59.349+0000] {processor.py:157} INFO - Started process (PID=2313) to work on /home/airflow/.local/lib/python3.7/site-packages/airflow/example_dags/example_sla_dag.py
[2024-07-06T14:28:59.351+0000] {processor.py:826} INFO - Processing file /home/airflow/.local/lib/python3.7/site-packages/airflow/example_dags/example_sla_dag.py for tasks to queue
[2024-07-06T14:28:59.352+0000] {logging_mixin.py:150} INFO - [2024-07-06T14:28:59.352+0000] {dagbag.py:541} INFO - Filling up the DagBag from /home/airflow/.local/lib/python3.7/site-packages/airflow/example_dags/example_sla_dag.py
[2024-07-06T14:28:59.358+0000] {processor.py:836} INFO - DAG(s) dict_keys(['example_sla_dag']) retrieved from /home/airflow/.local/lib/python3.7/site-packages/airflow/example_dags/example_sla_dag.py
[2024-07-06T14:28:59.377+0000] {logging_mixin.py:150} INFO - [2024-07-06T14:28:59.377+0000] {dag.py:2742} INFO - Sync 1 DAGs
[2024-07-06T14:28:59.396+0000] {logging_mixin.py:150} INFO - [2024-07-06T14:28:59.396+0000] {dag.py:3508} INFO - Setting next_dagrun for example_sla_dag to 2024-07-06T14:26:00+00:00, run_after=2024-07-06T14:28:00+00:00
[2024-07-06T14:28:59.407+0000] {processor.py:179} INFO - Processing /home/airflow/.local/lib/python3.7/site-packages/airflow/example_dags/example_sla_dag.py took 0.061 seconds
[2024-07-06T14:29:30.370+0000] {processor.py:157} INFO - Started process (PID=2376) to work on /home/airflow/.local/lib/python3.7/site-packages/airflow/example_dags/example_sla_dag.py
[2024-07-06T14:29:30.372+0000] {processor.py:826} INFO - Processing file /home/airflow/.local/lib/python3.7/site-packages/airflow/example_dags/example_sla_dag.py for tasks to queue
[2024-07-06T14:29:30.375+0000] {logging_mixin.py:150} INFO - [2024-07-06T14:29:30.374+0000] {dagbag.py:541} INFO - Filling up the DagBag from /home/airflow/.local/lib/python3.7/site-packages/airflow/example_dags/example_sla_dag.py
[2024-07-06T14:29:30.385+0000] {processor.py:836} INFO - DAG(s) dict_keys(['example_sla_dag']) retrieved from /home/airflow/.local/lib/python3.7/site-packages/airflow/example_dags/example_sla_dag.py
[2024-07-06T14:29:30.416+0000] {logging_mixin.py:150} INFO - [2024-07-06T14:29:30.415+0000] {dag.py:2742} INFO - Sync 1 DAGs
[2024-07-06T14:29:30.440+0000] {logging_mixin.py:150} INFO - [2024-07-06T14:29:30.440+0000] {dag.py:3508} INFO - Setting next_dagrun for example_sla_dag to 2024-07-06T14:26:00+00:00, run_after=2024-07-06T14:28:00+00:00
[2024-07-06T14:29:30.456+0000] {processor.py:179} INFO - Processing /home/airflow/.local/lib/python3.7/site-packages/airflow/example_dags/example_sla_dag.py took 0.089 seconds
[2024-07-06T14:30:00.642+0000] {processor.py:157} INFO - Started process (PID=2443) to work on /home/airflow/.local/lib/python3.7/site-packages/airflow/example_dags/example_sla_dag.py
[2024-07-06T14:30:00.644+0000] {processor.py:826} INFO - Processing file /home/airflow/.local/lib/python3.7/site-packages/airflow/example_dags/example_sla_dag.py for tasks to queue
[2024-07-06T14:30:00.646+0000] {logging_mixin.py:150} INFO - [2024-07-06T14:30:00.645+0000] {dagbag.py:541} INFO - Filling up the DagBag from /home/airflow/.local/lib/python3.7/site-packages/airflow/example_dags/example_sla_dag.py
[2024-07-06T14:30:00.659+0000] {processor.py:836} INFO - DAG(s) dict_keys(['example_sla_dag']) retrieved from /home/airflow/.local/lib/python3.7/site-packages/airflow/example_dags/example_sla_dag.py
[2024-07-06T14:30:00.700+0000] {logging_mixin.py:150} INFO - [2024-07-06T14:30:00.700+0000] {dag.py:2742} INFO - Sync 1 DAGs
[2024-07-06T14:30:00.723+0000] {logging_mixin.py:150} INFO - [2024-07-06T14:30:00.723+0000] {dag.py:3508} INFO - Setting next_dagrun for example_sla_dag to 2024-07-06T14:28:00+00:00, run_after=2024-07-06T14:30:00+00:00
[2024-07-06T14:30:00.740+0000] {processor.py:179} INFO - Processing /home/airflow/.local/lib/python3.7/site-packages/airflow/example_dags/example_sla_dag.py took 0.102 seconds
[2024-07-06T14:30:30.850+0000] {processor.py:157} INFO - Started process (PID=2506) to work on /home/airflow/.local/lib/python3.7/site-packages/airflow/example_dags/example_sla_dag.py
[2024-07-06T14:30:30.852+0000] {processor.py:826} INFO - Processing file /home/airflow/.local/lib/python3.7/site-packages/airflow/example_dags/example_sla_dag.py for tasks to queue
[2024-07-06T14:30:30.855+0000] {logging_mixin.py:150} INFO - [2024-07-06T14:30:30.854+0000] {dagbag.py:541} INFO - Filling up the DagBag from /home/airflow/.local/lib/python3.7/site-packages/airflow/example_dags/example_sla_dag.py
[2024-07-06T14:30:30.862+0000] {processor.py:836} INFO - DAG(s) dict_keys(['example_sla_dag']) retrieved from /home/airflow/.local/lib/python3.7/site-packages/airflow/example_dags/example_sla_dag.py
[2024-07-06T14:30:30.883+0000] {logging_mixin.py:150} INFO - [2024-07-06T14:30:30.883+0000] {dag.py:2742} INFO - Sync 1 DAGs
[2024-07-06T14:30:30.903+0000] {logging_mixin.py:150} INFO - [2024-07-06T14:30:30.903+0000] {dag.py:3508} INFO - Setting next_dagrun for example_sla_dag to 2024-07-06T14:28:00+00:00, run_after=2024-07-06T14:30:00+00:00
[2024-07-06T14:30:30.919+0000] {processor.py:179} INFO - Processing /home/airflow/.local/lib/python3.7/site-packages/airflow/example_dags/example_sla_dag.py took 0.073 seconds
