[2024-07-06T14:10:43.479+0000] {processor.py:157} INFO - Started process (PID=58) to work on /home/airflow/.local/lib/python3.7/site-packages/airflow/example_dags/example_params_trigger_ui.py
[2024-07-06T14:10:43.489+0000] {processor.py:826} INFO - Processing file /home/airflow/.local/lib/python3.7/site-packages/airflow/example_dags/example_params_trigger_ui.py for tasks to queue
[2024-07-06T14:10:43.503+0000] {logging_mixin.py:150} INFO - [2024-07-06T14:10:43.497+0000] {dagbag.py:541} INFO - Filling up the DagBag from /home/airflow/.local/lib/python3.7/site-packages/airflow/example_dags/example_params_trigger_ui.py
[2024-07-06T14:10:43.555+0000] {processor.py:836} INFO - DAG(s) dict_keys(['example_params_trigger_ui']) retrieved from /home/airflow/.local/lib/python3.7/site-packages/airflow/example_dags/example_params_trigger_ui.py
[2024-07-06T14:10:43.810+0000] {logging_mixin.py:150} INFO - [2024-07-06T14:10:43.810+0000] {dag.py:2742} INFO - Sync 1 DAGs
[2024-07-06T14:10:43.871+0000] {logging_mixin.py:150} INFO - [2024-07-06T14:10:43.871+0000] {dag.py:3508} INFO - Setting next_dagrun for example_params_trigger_ui to None, run_after=None
[2024-07-06T14:10:43.963+0000] {processor.py:179} INFO - Processing /home/airflow/.local/lib/python3.7/site-packages/airflow/example_dags/example_params_trigger_ui.py took 0.490 seconds
[2024-07-06T14:11:14.789+0000] {processor.py:157} INFO - Started process (PID=120) to work on /home/airflow/.local/lib/python3.7/site-packages/airflow/example_dags/example_params_trigger_ui.py
[2024-07-06T14:11:14.797+0000] {processor.py:826} INFO - Processing file /home/airflow/.local/lib/python3.7/site-packages/airflow/example_dags/example_params_trigger_ui.py for tasks to queue
[2024-07-06T14:11:14.801+0000] {logging_mixin.py:150} INFO - [2024-07-06T14:11:14.801+0000] {dagbag.py:541} INFO - Filling up the DagBag from /home/airflow/.local/lib/python3.7/site-packages/airflow/example_dags/example_params_trigger_ui.py
[2024-07-06T14:11:14.870+0000] {processor.py:836} INFO - DAG(s) dict_keys(['example_params_trigger_ui']) retrieved from /home/airflow/.local/lib/python3.7/site-packages/airflow/example_dags/example_params_trigger_ui.py
[2024-07-06T14:11:15.057+0000] {logging_mixin.py:150} INFO - [2024-07-06T14:11:15.057+0000] {dag.py:2742} INFO - Sync 1 DAGs
[2024-07-06T14:11:15.092+0000] {logging_mixin.py:150} INFO - [2024-07-06T14:11:15.092+0000] {dag.py:3508} INFO - Setting next_dagrun for example_params_trigger_ui to None, run_after=None
[2024-07-06T14:11:15.109+0000] {processor.py:179} INFO - Processing /home/airflow/.local/lib/python3.7/site-packages/airflow/example_dags/example_params_trigger_ui.py took 0.355 seconds
[2024-07-06T14:11:45.777+0000] {processor.py:157} INFO - Started process (PID=183) to work on /home/airflow/.local/lib/python3.7/site-packages/airflow/example_dags/example_params_trigger_ui.py
[2024-07-06T14:11:45.783+0000] {processor.py:826} INFO - Processing file /home/airflow/.local/lib/python3.7/site-packages/airflow/example_dags/example_params_trigger_ui.py for tasks to queue
[2024-07-06T14:11:45.786+0000] {logging_mixin.py:150} INFO - [2024-07-06T14:11:45.786+0000] {dagbag.py:541} INFO - Filling up the DagBag from /home/airflow/.local/lib/python3.7/site-packages/airflow/example_dags/example_params_trigger_ui.py
[2024-07-06T14:11:45.814+0000] {processor.py:836} INFO - DAG(s) dict_keys(['example_params_trigger_ui']) retrieved from /home/airflow/.local/lib/python3.7/site-packages/airflow/example_dags/example_params_trigger_ui.py
[2024-07-06T14:11:45.882+0000] {logging_mixin.py:150} INFO - [2024-07-06T14:11:45.882+0000] {dag.py:2742} INFO - Sync 1 DAGs
[2024-07-06T14:11:45.903+0000] {logging_mixin.py:150} INFO - [2024-07-06T14:11:45.903+0000] {dag.py:3508} INFO - Setting next_dagrun for example_params_trigger_ui to None, run_after=None
[2024-07-06T14:11:45.923+0000] {processor.py:179} INFO - Processing /home/airflow/.local/lib/python3.7/site-packages/airflow/example_dags/example_params_trigger_ui.py took 0.158 seconds
[2024-07-06T14:12:16.211+0000] {processor.py:157} INFO - Started process (PID=246) to work on /home/airflow/.local/lib/python3.7/site-packages/airflow/example_dags/example_params_trigger_ui.py
[2024-07-06T14:12:16.217+0000] {processor.py:826} INFO - Processing file /home/airflow/.local/lib/python3.7/site-packages/airflow/example_dags/example_params_trigger_ui.py for tasks to queue
[2024-07-06T14:12:16.219+0000] {logging_mixin.py:150} INFO - [2024-07-06T14:12:16.219+0000] {dagbag.py:541} INFO - Filling up the DagBag from /home/airflow/.local/lib/python3.7/site-packages/airflow/example_dags/example_params_trigger_ui.py
[2024-07-06T14:12:16.241+0000] {processor.py:836} INFO - DAG(s) dict_keys(['example_params_trigger_ui']) retrieved from /home/airflow/.local/lib/python3.7/site-packages/airflow/example_dags/example_params_trigger_ui.py
[2024-07-06T14:12:16.290+0000] {logging_mixin.py:150} INFO - [2024-07-06T14:12:16.290+0000] {dag.py:2742} INFO - Sync 1 DAGs
[2024-07-06T14:12:16.307+0000] {logging_mixin.py:150} INFO - [2024-07-06T14:12:16.306+0000] {dag.py:3508} INFO - Setting next_dagrun for example_params_trigger_ui to None, run_after=None
[2024-07-06T14:12:16.320+0000] {processor.py:179} INFO - Processing /home/airflow/.local/lib/python3.7/site-packages/airflow/example_dags/example_params_trigger_ui.py took 0.115 seconds
[2024-07-06T14:12:46.497+0000] {processor.py:157} INFO - Started process (PID=309) to work on /home/airflow/.local/lib/python3.7/site-packages/airflow/example_dags/example_params_trigger_ui.py
[2024-07-06T14:12:46.501+0000] {processor.py:826} INFO - Processing file /home/airflow/.local/lib/python3.7/site-packages/airflow/example_dags/example_params_trigger_ui.py for tasks to queue
[2024-07-06T14:12:46.503+0000] {logging_mixin.py:150} INFO - [2024-07-06T14:12:46.502+0000] {dagbag.py:541} INFO - Filling up the DagBag from /home/airflow/.local/lib/python3.7/site-packages/airflow/example_dags/example_params_trigger_ui.py
[2024-07-06T14:12:46.527+0000] {processor.py:836} INFO - DAG(s) dict_keys(['example_params_trigger_ui']) retrieved from /home/airflow/.local/lib/python3.7/site-packages/airflow/example_dags/example_params_trigger_ui.py
[2024-07-06T14:12:46.578+0000] {logging_mixin.py:150} INFO - [2024-07-06T14:12:46.578+0000] {dag.py:2742} INFO - Sync 1 DAGs
[2024-07-06T14:12:46.596+0000] {logging_mixin.py:150} INFO - [2024-07-06T14:12:46.595+0000] {dag.py:3508} INFO - Setting next_dagrun for example_params_trigger_ui to None, run_after=None
[2024-07-06T14:12:46.608+0000] {processor.py:179} INFO - Processing /home/airflow/.local/lib/python3.7/site-packages/airflow/example_dags/example_params_trigger_ui.py took 0.116 seconds
[2024-07-06T14:13:16.762+0000] {processor.py:157} INFO - Started process (PID=372) to work on /home/airflow/.local/lib/python3.7/site-packages/airflow/example_dags/example_params_trigger_ui.py
[2024-07-06T14:13:16.764+0000] {processor.py:826} INFO - Processing file /home/airflow/.local/lib/python3.7/site-packages/airflow/example_dags/example_params_trigger_ui.py for tasks to queue
[2024-07-06T14:13:16.765+0000] {logging_mixin.py:150} INFO - [2024-07-06T14:13:16.765+0000] {dagbag.py:541} INFO - Filling up the DagBag from /home/airflow/.local/lib/python3.7/site-packages/airflow/example_dags/example_params_trigger_ui.py
[2024-07-06T14:13:16.782+0000] {processor.py:836} INFO - DAG(s) dict_keys(['example_params_trigger_ui']) retrieved from /home/airflow/.local/lib/python3.7/site-packages/airflow/example_dags/example_params_trigger_ui.py
[2024-07-06T14:13:16.836+0000] {logging_mixin.py:150} INFO - [2024-07-06T14:13:16.836+0000] {dag.py:2742} INFO - Sync 1 DAGs
[2024-07-06T14:13:16.853+0000] {logging_mixin.py:150} INFO - [2024-07-06T14:13:16.853+0000] {dag.py:3508} INFO - Setting next_dagrun for example_params_trigger_ui to None, run_after=None
[2024-07-06T14:13:16.866+0000] {processor.py:179} INFO - Processing /home/airflow/.local/lib/python3.7/site-packages/airflow/example_dags/example_params_trigger_ui.py took 0.107 seconds
[2024-07-06T14:13:47.134+0000] {processor.py:157} INFO - Started process (PID=436) to work on /home/airflow/.local/lib/python3.7/site-packages/airflow/example_dags/example_params_trigger_ui.py
[2024-07-06T14:13:47.138+0000] {processor.py:826} INFO - Processing file /home/airflow/.local/lib/python3.7/site-packages/airflow/example_dags/example_params_trigger_ui.py for tasks to queue
[2024-07-06T14:13:47.139+0000] {logging_mixin.py:150} INFO - [2024-07-06T14:13:47.139+0000] {dagbag.py:541} INFO - Filling up the DagBag from /home/airflow/.local/lib/python3.7/site-packages/airflow/example_dags/example_params_trigger_ui.py
[2024-07-06T14:13:47.154+0000] {processor.py:836} INFO - DAG(s) dict_keys(['example_params_trigger_ui']) retrieved from /home/airflow/.local/lib/python3.7/site-packages/airflow/example_dags/example_params_trigger_ui.py
[2024-07-06T14:13:47.211+0000] {logging_mixin.py:150} INFO - [2024-07-06T14:13:47.211+0000] {dag.py:2742} INFO - Sync 1 DAGs
[2024-07-06T14:13:47.228+0000] {logging_mixin.py:150} INFO - [2024-07-06T14:13:47.228+0000] {dag.py:3508} INFO - Setting next_dagrun for example_params_trigger_ui to None, run_after=None
[2024-07-06T14:13:47.241+0000] {processor.py:179} INFO - Processing /home/airflow/.local/lib/python3.7/site-packages/airflow/example_dags/example_params_trigger_ui.py took 0.110 seconds
[2024-07-06T14:14:17.473+0000] {processor.py:157} INFO - Started process (PID=499) to work on /home/airflow/.local/lib/python3.7/site-packages/airflow/example_dags/example_params_trigger_ui.py
[2024-07-06T14:14:17.475+0000] {processor.py:826} INFO - Processing file /home/airflow/.local/lib/python3.7/site-packages/airflow/example_dags/example_params_trigger_ui.py for tasks to queue
[2024-07-06T14:14:17.477+0000] {logging_mixin.py:150} INFO - [2024-07-06T14:14:17.477+0000] {dagbag.py:541} INFO - Filling up the DagBag from /home/airflow/.local/lib/python3.7/site-packages/airflow/example_dags/example_params_trigger_ui.py
[2024-07-06T14:14:17.493+0000] {processor.py:836} INFO - DAG(s) dict_keys(['example_params_trigger_ui']) retrieved from /home/airflow/.local/lib/python3.7/site-packages/airflow/example_dags/example_params_trigger_ui.py
[2024-07-06T14:14:17.547+0000] {logging_mixin.py:150} INFO - [2024-07-06T14:14:17.546+0000] {dag.py:2742} INFO - Sync 1 DAGs
[2024-07-06T14:14:17.565+0000] {logging_mixin.py:150} INFO - [2024-07-06T14:14:17.565+0000] {dag.py:3508} INFO - Setting next_dagrun for example_params_trigger_ui to None, run_after=None
[2024-07-06T14:14:17.579+0000] {processor.py:179} INFO - Processing /home/airflow/.local/lib/python3.7/site-packages/airflow/example_dags/example_params_trigger_ui.py took 0.109 seconds
[2024-07-06T14:14:47.878+0000] {processor.py:157} INFO - Started process (PID=563) to work on /home/airflow/.local/lib/python3.7/site-packages/airflow/example_dags/example_params_trigger_ui.py
[2024-07-06T14:14:47.880+0000] {processor.py:826} INFO - Processing file /home/airflow/.local/lib/python3.7/site-packages/airflow/example_dags/example_params_trigger_ui.py for tasks to queue
[2024-07-06T14:14:47.881+0000] {logging_mixin.py:150} INFO - [2024-07-06T14:14:47.881+0000] {dagbag.py:541} INFO - Filling up the DagBag from /home/airflow/.local/lib/python3.7/site-packages/airflow/example_dags/example_params_trigger_ui.py
[2024-07-06T14:14:47.897+0000] {processor.py:836} INFO - DAG(s) dict_keys(['example_params_trigger_ui']) retrieved from /home/airflow/.local/lib/python3.7/site-packages/airflow/example_dags/example_params_trigger_ui.py
[2024-07-06T14:14:47.954+0000] {logging_mixin.py:150} INFO - [2024-07-06T14:14:47.954+0000] {dag.py:2742} INFO - Sync 1 DAGs
[2024-07-06T14:14:47.981+0000] {logging_mixin.py:150} INFO - [2024-07-06T14:14:47.981+0000] {dag.py:3508} INFO - Setting next_dagrun for example_params_trigger_ui to None, run_after=None
[2024-07-06T14:14:48.004+0000] {processor.py:179} INFO - Processing /home/airflow/.local/lib/python3.7/site-packages/airflow/example_dags/example_params_trigger_ui.py took 0.129 seconds
[2024-07-06T14:15:18.880+0000] {processor.py:157} INFO - Started process (PID=625) to work on /home/airflow/.local/lib/python3.7/site-packages/airflow/example_dags/example_params_trigger_ui.py
[2024-07-06T14:15:18.882+0000] {processor.py:826} INFO - Processing file /home/airflow/.local/lib/python3.7/site-packages/airflow/example_dags/example_params_trigger_ui.py for tasks to queue
[2024-07-06T14:15:18.886+0000] {logging_mixin.py:150} INFO - [2024-07-06T14:15:18.886+0000] {dagbag.py:541} INFO - Filling up the DagBag from /home/airflow/.local/lib/python3.7/site-packages/airflow/example_dags/example_params_trigger_ui.py
[2024-07-06T14:15:18.939+0000] {processor.py:836} INFO - DAG(s) dict_keys(['example_params_trigger_ui']) retrieved from /home/airflow/.local/lib/python3.7/site-packages/airflow/example_dags/example_params_trigger_ui.py
[2024-07-06T14:15:18.993+0000] {logging_mixin.py:150} INFO - [2024-07-06T14:15:18.992+0000] {dag.py:2742} INFO - Sync 1 DAGs
[2024-07-06T14:15:19.013+0000] {logging_mixin.py:150} INFO - [2024-07-06T14:15:19.013+0000] {dag.py:3508} INFO - Setting next_dagrun for example_params_trigger_ui to None, run_after=None
[2024-07-06T14:15:19.029+0000] {processor.py:179} INFO - Processing /home/airflow/.local/lib/python3.7/site-packages/airflow/example_dags/example_params_trigger_ui.py took 0.153 seconds
[2024-07-06T14:15:49.515+0000] {processor.py:157} INFO - Started process (PID=683) to work on /home/airflow/.local/lib/python3.7/site-packages/airflow/example_dags/example_params_trigger_ui.py
[2024-07-06T14:15:49.516+0000] {processor.py:826} INFO - Processing file /home/airflow/.local/lib/python3.7/site-packages/airflow/example_dags/example_params_trigger_ui.py for tasks to queue
[2024-07-06T14:15:49.518+0000] {logging_mixin.py:150} INFO - [2024-07-06T14:15:49.517+0000] {dagbag.py:541} INFO - Filling up the DagBag from /home/airflow/.local/lib/python3.7/site-packages/airflow/example_dags/example_params_trigger_ui.py
[2024-07-06T14:15:49.536+0000] {processor.py:836} INFO - DAG(s) dict_keys(['example_params_trigger_ui']) retrieved from /home/airflow/.local/lib/python3.7/site-packages/airflow/example_dags/example_params_trigger_ui.py
[2024-07-06T14:15:49.588+0000] {logging_mixin.py:150} INFO - [2024-07-06T14:15:49.588+0000] {dag.py:2742} INFO - Sync 1 DAGs
[2024-07-06T14:15:49.607+0000] {logging_mixin.py:150} INFO - [2024-07-06T14:15:49.606+0000] {dag.py:3508} INFO - Setting next_dagrun for example_params_trigger_ui to None, run_after=None
[2024-07-06T14:15:49.620+0000] {processor.py:179} INFO - Processing /home/airflow/.local/lib/python3.7/site-packages/airflow/example_dags/example_params_trigger_ui.py took 0.108 seconds
[2024-07-06T14:16:20.152+0000] {processor.py:157} INFO - Started process (PID=746) to work on /home/airflow/.local/lib/python3.7/site-packages/airflow/example_dags/example_params_trigger_ui.py
[2024-07-06T14:16:20.155+0000] {processor.py:826} INFO - Processing file /home/airflow/.local/lib/python3.7/site-packages/airflow/example_dags/example_params_trigger_ui.py for tasks to queue
[2024-07-06T14:16:20.158+0000] {logging_mixin.py:150} INFO - [2024-07-06T14:16:20.158+0000] {dagbag.py:541} INFO - Filling up the DagBag from /home/airflow/.local/lib/python3.7/site-packages/airflow/example_dags/example_params_trigger_ui.py
[2024-07-06T14:16:20.181+0000] {processor.py:836} INFO - DAG(s) dict_keys(['example_params_trigger_ui']) retrieved from /home/airflow/.local/lib/python3.7/site-packages/airflow/example_dags/example_params_trigger_ui.py
[2024-07-06T14:16:20.243+0000] {logging_mixin.py:150} INFO - [2024-07-06T14:16:20.242+0000] {dag.py:2742} INFO - Sync 1 DAGs
[2024-07-06T14:16:20.264+0000] {logging_mixin.py:150} INFO - [2024-07-06T14:16:20.264+0000] {dag.py:3508} INFO - Setting next_dagrun for example_params_trigger_ui to None, run_after=None
[2024-07-06T14:16:20.279+0000] {processor.py:179} INFO - Processing /home/airflow/.local/lib/python3.7/site-packages/airflow/example_dags/example_params_trigger_ui.py took 0.130 seconds
[2024-07-06T14:16:50.588+0000] {processor.py:157} INFO - Started process (PID=809) to work on /home/airflow/.local/lib/python3.7/site-packages/airflow/example_dags/example_params_trigger_ui.py
[2024-07-06T14:16:50.590+0000] {processor.py:826} INFO - Processing file /home/airflow/.local/lib/python3.7/site-packages/airflow/example_dags/example_params_trigger_ui.py for tasks to queue
[2024-07-06T14:16:50.593+0000] {logging_mixin.py:150} INFO - [2024-07-06T14:16:50.592+0000] {dagbag.py:541} INFO - Filling up the DagBag from /home/airflow/.local/lib/python3.7/site-packages/airflow/example_dags/example_params_trigger_ui.py
[2024-07-06T14:16:50.612+0000] {processor.py:836} INFO - DAG(s) dict_keys(['example_params_trigger_ui']) retrieved from /home/airflow/.local/lib/python3.7/site-packages/airflow/example_dags/example_params_trigger_ui.py
[2024-07-06T14:16:50.670+0000] {logging_mixin.py:150} INFO - [2024-07-06T14:16:50.670+0000] {dag.py:2742} INFO - Sync 1 DAGs
[2024-07-06T14:16:50.690+0000] {logging_mixin.py:150} INFO - [2024-07-06T14:16:50.690+0000] {dag.py:3508} INFO - Setting next_dagrun for example_params_trigger_ui to None, run_after=None
[2024-07-06T14:16:50.704+0000] {processor.py:179} INFO - Processing /home/airflow/.local/lib/python3.7/site-packages/airflow/example_dags/example_params_trigger_ui.py took 0.124 seconds
[2024-07-06T14:17:20.911+0000] {processor.py:157} INFO - Started process (PID=872) to work on /home/airflow/.local/lib/python3.7/site-packages/airflow/example_dags/example_params_trigger_ui.py
[2024-07-06T14:17:20.913+0000] {processor.py:826} INFO - Processing file /home/airflow/.local/lib/python3.7/site-packages/airflow/example_dags/example_params_trigger_ui.py for tasks to queue
[2024-07-06T14:17:20.915+0000] {logging_mixin.py:150} INFO - [2024-07-06T14:17:20.914+0000] {dagbag.py:541} INFO - Filling up the DagBag from /home/airflow/.local/lib/python3.7/site-packages/airflow/example_dags/example_params_trigger_ui.py
[2024-07-06T14:17:20.931+0000] {processor.py:836} INFO - DAG(s) dict_keys(['example_params_trigger_ui']) retrieved from /home/airflow/.local/lib/python3.7/site-packages/airflow/example_dags/example_params_trigger_ui.py
[2024-07-06T14:17:20.982+0000] {logging_mixin.py:150} INFO - [2024-07-06T14:17:20.982+0000] {dag.py:2742} INFO - Sync 1 DAGs
[2024-07-06T14:17:21.001+0000] {logging_mixin.py:150} INFO - [2024-07-06T14:17:21.001+0000] {dag.py:3508} INFO - Setting next_dagrun for example_params_trigger_ui to None, run_after=None
[2024-07-06T14:17:21.016+0000] {processor.py:179} INFO - Processing /home/airflow/.local/lib/python3.7/site-packages/airflow/example_dags/example_params_trigger_ui.py took 0.108 seconds
[2024-07-06T14:17:51.178+0000] {processor.py:157} INFO - Started process (PID=934) to work on /home/airflow/.local/lib/python3.7/site-packages/airflow/example_dags/example_params_trigger_ui.py
[2024-07-06T14:17:51.179+0000] {processor.py:826} INFO - Processing file /home/airflow/.local/lib/python3.7/site-packages/airflow/example_dags/example_params_trigger_ui.py for tasks to queue
[2024-07-06T14:17:51.181+0000] {logging_mixin.py:150} INFO - [2024-07-06T14:17:51.181+0000] {dagbag.py:541} INFO - Filling up the DagBag from /home/airflow/.local/lib/python3.7/site-packages/airflow/example_dags/example_params_trigger_ui.py
[2024-07-06T14:17:51.197+0000] {processor.py:836} INFO - DAG(s) dict_keys(['example_params_trigger_ui']) retrieved from /home/airflow/.local/lib/python3.7/site-packages/airflow/example_dags/example_params_trigger_ui.py
[2024-07-06T14:17:51.251+0000] {logging_mixin.py:150} INFO - [2024-07-06T14:17:51.251+0000] {dag.py:2742} INFO - Sync 1 DAGs
[2024-07-06T14:17:51.267+0000] {logging_mixin.py:150} INFO - [2024-07-06T14:17:51.267+0000] {dag.py:3508} INFO - Setting next_dagrun for example_params_trigger_ui to None, run_after=None
[2024-07-06T14:17:51.280+0000] {processor.py:179} INFO - Processing /home/airflow/.local/lib/python3.7/site-packages/airflow/example_dags/example_params_trigger_ui.py took 0.105 seconds
[2024-07-06T14:18:21.507+0000] {processor.py:157} INFO - Started process (PID=997) to work on /home/airflow/.local/lib/python3.7/site-packages/airflow/example_dags/example_params_trigger_ui.py
[2024-07-06T14:18:21.509+0000] {processor.py:826} INFO - Processing file /home/airflow/.local/lib/python3.7/site-packages/airflow/example_dags/example_params_trigger_ui.py for tasks to queue
[2024-07-06T14:18:21.511+0000] {logging_mixin.py:150} INFO - [2024-07-06T14:18:21.510+0000] {dagbag.py:541} INFO - Filling up the DagBag from /home/airflow/.local/lib/python3.7/site-packages/airflow/example_dags/example_params_trigger_ui.py
[2024-07-06T14:18:21.526+0000] {processor.py:836} INFO - DAG(s) dict_keys(['example_params_trigger_ui']) retrieved from /home/airflow/.local/lib/python3.7/site-packages/airflow/example_dags/example_params_trigger_ui.py
[2024-07-06T14:18:21.583+0000] {logging_mixin.py:150} INFO - [2024-07-06T14:18:21.583+0000] {dag.py:2742} INFO - Sync 1 DAGs
[2024-07-06T14:18:21.600+0000] {logging_mixin.py:150} INFO - [2024-07-06T14:18:21.600+0000] {dag.py:3508} INFO - Setting next_dagrun for example_params_trigger_ui to None, run_after=None
[2024-07-06T14:18:21.613+0000] {processor.py:179} INFO - Processing /home/airflow/.local/lib/python3.7/site-packages/airflow/example_dags/example_params_trigger_ui.py took 0.109 seconds
[2024-07-06T14:18:51.943+0000] {processor.py:157} INFO - Started process (PID=1060) to work on /home/airflow/.local/lib/python3.7/site-packages/airflow/example_dags/example_params_trigger_ui.py
[2024-07-06T14:18:51.945+0000] {processor.py:826} INFO - Processing file /home/airflow/.local/lib/python3.7/site-packages/airflow/example_dags/example_params_trigger_ui.py for tasks to queue
[2024-07-06T14:18:51.947+0000] {logging_mixin.py:150} INFO - [2024-07-06T14:18:51.947+0000] {dagbag.py:541} INFO - Filling up the DagBag from /home/airflow/.local/lib/python3.7/site-packages/airflow/example_dags/example_params_trigger_ui.py
[2024-07-06T14:18:51.964+0000] {processor.py:836} INFO - DAG(s) dict_keys(['example_params_trigger_ui']) retrieved from /home/airflow/.local/lib/python3.7/site-packages/airflow/example_dags/example_params_trigger_ui.py
[2024-07-06T14:18:52.021+0000] {logging_mixin.py:150} INFO - [2024-07-06T14:18:52.021+0000] {dag.py:2742} INFO - Sync 1 DAGs
[2024-07-06T14:18:52.038+0000] {logging_mixin.py:150} INFO - [2024-07-06T14:18:52.038+0000] {dag.py:3508} INFO - Setting next_dagrun for example_params_trigger_ui to None, run_after=None
[2024-07-06T14:18:52.051+0000] {processor.py:179} INFO - Processing /home/airflow/.local/lib/python3.7/site-packages/airflow/example_dags/example_params_trigger_ui.py took 0.111 seconds
[2024-07-06T14:19:22.237+0000] {processor.py:157} INFO - Started process (PID=1123) to work on /home/airflow/.local/lib/python3.7/site-packages/airflow/example_dags/example_params_trigger_ui.py
[2024-07-06T14:19:22.239+0000] {processor.py:826} INFO - Processing file /home/airflow/.local/lib/python3.7/site-packages/airflow/example_dags/example_params_trigger_ui.py for tasks to queue
[2024-07-06T14:19:22.241+0000] {logging_mixin.py:150} INFO - [2024-07-06T14:19:22.240+0000] {dagbag.py:541} INFO - Filling up the DagBag from /home/airflow/.local/lib/python3.7/site-packages/airflow/example_dags/example_params_trigger_ui.py
[2024-07-06T14:19:22.258+0000] {processor.py:836} INFO - DAG(s) dict_keys(['example_params_trigger_ui']) retrieved from /home/airflow/.local/lib/python3.7/site-packages/airflow/example_dags/example_params_trigger_ui.py
[2024-07-06T14:19:22.308+0000] {logging_mixin.py:150} INFO - [2024-07-06T14:19:22.308+0000] {dag.py:2742} INFO - Sync 1 DAGs
[2024-07-06T14:19:22.326+0000] {logging_mixin.py:150} INFO - [2024-07-06T14:19:22.326+0000] {dag.py:3508} INFO - Setting next_dagrun for example_params_trigger_ui to None, run_after=None
[2024-07-06T14:19:22.338+0000] {processor.py:179} INFO - Processing /home/airflow/.local/lib/python3.7/site-packages/airflow/example_dags/example_params_trigger_ui.py took 0.105 seconds
[2024-07-06T14:19:52.402+0000] {processor.py:157} INFO - Started process (PID=1186) to work on /home/airflow/.local/lib/python3.7/site-packages/airflow/example_dags/example_params_trigger_ui.py
[2024-07-06T14:19:52.404+0000] {processor.py:826} INFO - Processing file /home/airflow/.local/lib/python3.7/site-packages/airflow/example_dags/example_params_trigger_ui.py for tasks to queue
[2024-07-06T14:19:52.405+0000] {logging_mixin.py:150} INFO - [2024-07-06T14:19:52.405+0000] {dagbag.py:541} INFO - Filling up the DagBag from /home/airflow/.local/lib/python3.7/site-packages/airflow/example_dags/example_params_trigger_ui.py
[2024-07-06T14:19:52.423+0000] {processor.py:836} INFO - DAG(s) dict_keys(['example_params_trigger_ui']) retrieved from /home/airflow/.local/lib/python3.7/site-packages/airflow/example_dags/example_params_trigger_ui.py
[2024-07-06T14:19:52.479+0000] {logging_mixin.py:150} INFO - [2024-07-06T14:19:52.479+0000] {dag.py:2742} INFO - Sync 1 DAGs
[2024-07-06T14:19:52.498+0000] {logging_mixin.py:150} INFO - [2024-07-06T14:19:52.498+0000] {dag.py:3508} INFO - Setting next_dagrun for example_params_trigger_ui to None, run_after=None
[2024-07-06T14:19:52.513+0000] {processor.py:179} INFO - Processing /home/airflow/.local/lib/python3.7/site-packages/airflow/example_dags/example_params_trigger_ui.py took 0.114 seconds
[2024-07-06T14:20:22.940+0000] {processor.py:157} INFO - Started process (PID=1248) to work on /home/airflow/.local/lib/python3.7/site-packages/airflow/example_dags/example_params_trigger_ui.py
[2024-07-06T14:20:22.942+0000] {processor.py:826} INFO - Processing file /home/airflow/.local/lib/python3.7/site-packages/airflow/example_dags/example_params_trigger_ui.py for tasks to queue
[2024-07-06T14:20:22.943+0000] {logging_mixin.py:150} INFO - [2024-07-06T14:20:22.943+0000] {dagbag.py:541} INFO - Filling up the DagBag from /home/airflow/.local/lib/python3.7/site-packages/airflow/example_dags/example_params_trigger_ui.py
[2024-07-06T14:20:22.960+0000] {processor.py:836} INFO - DAG(s) dict_keys(['example_params_trigger_ui']) retrieved from /home/airflow/.local/lib/python3.7/site-packages/airflow/example_dags/example_params_trigger_ui.py
[2024-07-06T14:20:23.012+0000] {logging_mixin.py:150} INFO - [2024-07-06T14:20:23.012+0000] {dag.py:2742} INFO - Sync 1 DAGs
[2024-07-06T14:20:23.030+0000] {logging_mixin.py:150} INFO - [2024-07-06T14:20:23.030+0000] {dag.py:3508} INFO - Setting next_dagrun for example_params_trigger_ui to None, run_after=None
[2024-07-06T14:20:23.043+0000] {processor.py:179} INFO - Processing /home/airflow/.local/lib/python3.7/site-packages/airflow/example_dags/example_params_trigger_ui.py took 0.106 seconds
[2024-07-06T14:20:53.519+0000] {processor.py:157} INFO - Started process (PID=1311) to work on /home/airflow/.local/lib/python3.7/site-packages/airflow/example_dags/example_params_trigger_ui.py
[2024-07-06T14:20:53.520+0000] {processor.py:826} INFO - Processing file /home/airflow/.local/lib/python3.7/site-packages/airflow/example_dags/example_params_trigger_ui.py for tasks to queue
[2024-07-06T14:20:53.522+0000] {logging_mixin.py:150} INFO - [2024-07-06T14:20:53.521+0000] {dagbag.py:541} INFO - Filling up the DagBag from /home/airflow/.local/lib/python3.7/site-packages/airflow/example_dags/example_params_trigger_ui.py
[2024-07-06T14:20:53.539+0000] {processor.py:836} INFO - DAG(s) dict_keys(['example_params_trigger_ui']) retrieved from /home/airflow/.local/lib/python3.7/site-packages/airflow/example_dags/example_params_trigger_ui.py
[2024-07-06T14:20:53.591+0000] {logging_mixin.py:150} INFO - [2024-07-06T14:20:53.591+0000] {dag.py:2742} INFO - Sync 1 DAGs
[2024-07-06T14:20:53.608+0000] {logging_mixin.py:150} INFO - [2024-07-06T14:20:53.608+0000] {dag.py:3508} INFO - Setting next_dagrun for example_params_trigger_ui to None, run_after=None
[2024-07-06T14:20:53.621+0000] {processor.py:179} INFO - Processing /home/airflow/.local/lib/python3.7/site-packages/airflow/example_dags/example_params_trigger_ui.py took 0.105 seconds
[2024-07-06T14:21:24.080+0000] {processor.py:157} INFO - Started process (PID=1374) to work on /home/airflow/.local/lib/python3.7/site-packages/airflow/example_dags/example_params_trigger_ui.py
[2024-07-06T14:21:24.082+0000] {processor.py:826} INFO - Processing file /home/airflow/.local/lib/python3.7/site-packages/airflow/example_dags/example_params_trigger_ui.py for tasks to queue
[2024-07-06T14:21:24.083+0000] {logging_mixin.py:150} INFO - [2024-07-06T14:21:24.083+0000] {dagbag.py:541} INFO - Filling up the DagBag from /home/airflow/.local/lib/python3.7/site-packages/airflow/example_dags/example_params_trigger_ui.py
[2024-07-06T14:21:24.101+0000] {processor.py:836} INFO - DAG(s) dict_keys(['example_params_trigger_ui']) retrieved from /home/airflow/.local/lib/python3.7/site-packages/airflow/example_dags/example_params_trigger_ui.py
[2024-07-06T14:21:24.153+0000] {logging_mixin.py:150} INFO - [2024-07-06T14:21:24.153+0000] {dag.py:2742} INFO - Sync 1 DAGs
[2024-07-06T14:21:24.171+0000] {logging_mixin.py:150} INFO - [2024-07-06T14:21:24.171+0000] {dag.py:3508} INFO - Setting next_dagrun for example_params_trigger_ui to None, run_after=None
[2024-07-06T14:21:24.185+0000] {processor.py:179} INFO - Processing /home/airflow/.local/lib/python3.7/site-packages/airflow/example_dags/example_params_trigger_ui.py took 0.108 seconds
[2024-07-06T14:21:54.598+0000] {processor.py:157} INFO - Started process (PID=1437) to work on /home/airflow/.local/lib/python3.7/site-packages/airflow/example_dags/example_params_trigger_ui.py
[2024-07-06T14:21:54.601+0000] {processor.py:826} INFO - Processing file /home/airflow/.local/lib/python3.7/site-packages/airflow/example_dags/example_params_trigger_ui.py for tasks to queue
[2024-07-06T14:21:54.602+0000] {logging_mixin.py:150} INFO - [2024-07-06T14:21:54.602+0000] {dagbag.py:541} INFO - Filling up the DagBag from /home/airflow/.local/lib/python3.7/site-packages/airflow/example_dags/example_params_trigger_ui.py
[2024-07-06T14:21:54.620+0000] {processor.py:836} INFO - DAG(s) dict_keys(['example_params_trigger_ui']) retrieved from /home/airflow/.local/lib/python3.7/site-packages/airflow/example_dags/example_params_trigger_ui.py
[2024-07-06T14:21:54.670+0000] {logging_mixin.py:150} INFO - [2024-07-06T14:21:54.669+0000] {dag.py:2742} INFO - Sync 1 DAGs
[2024-07-06T14:21:54.686+0000] {logging_mixin.py:150} INFO - [2024-07-06T14:21:54.686+0000] {dag.py:3508} INFO - Setting next_dagrun for example_params_trigger_ui to None, run_after=None
[2024-07-06T14:21:54.699+0000] {processor.py:179} INFO - Processing /home/airflow/.local/lib/python3.7/site-packages/airflow/example_dags/example_params_trigger_ui.py took 0.104 seconds
[2024-07-06T14:22:24.870+0000] {processor.py:157} INFO - Started process (PID=1500) to work on /home/airflow/.local/lib/python3.7/site-packages/airflow/example_dags/example_params_trigger_ui.py
[2024-07-06T14:22:24.872+0000] {processor.py:826} INFO - Processing file /home/airflow/.local/lib/python3.7/site-packages/airflow/example_dags/example_params_trigger_ui.py for tasks to queue
[2024-07-06T14:22:24.873+0000] {logging_mixin.py:150} INFO - [2024-07-06T14:22:24.873+0000] {dagbag.py:541} INFO - Filling up the DagBag from /home/airflow/.local/lib/python3.7/site-packages/airflow/example_dags/example_params_trigger_ui.py
[2024-07-06T14:22:24.892+0000] {processor.py:836} INFO - DAG(s) dict_keys(['example_params_trigger_ui']) retrieved from /home/airflow/.local/lib/python3.7/site-packages/airflow/example_dags/example_params_trigger_ui.py
[2024-07-06T14:22:24.944+0000] {logging_mixin.py:150} INFO - [2024-07-06T14:22:24.944+0000] {dag.py:2742} INFO - Sync 1 DAGs
[2024-07-06T14:22:24.962+0000] {logging_mixin.py:150} INFO - [2024-07-06T14:22:24.962+0000] {dag.py:3508} INFO - Setting next_dagrun for example_params_trigger_ui to None, run_after=None
[2024-07-06T14:22:24.976+0000] {processor.py:179} INFO - Processing /home/airflow/.local/lib/python3.7/site-packages/airflow/example_dags/example_params_trigger_ui.py took 0.110 seconds
[2024-07-06T14:22:55.282+0000] {processor.py:157} INFO - Started process (PID=1563) to work on /home/airflow/.local/lib/python3.7/site-packages/airflow/example_dags/example_params_trigger_ui.py
[2024-07-06T14:22:55.284+0000] {processor.py:826} INFO - Processing file /home/airflow/.local/lib/python3.7/site-packages/airflow/example_dags/example_params_trigger_ui.py for tasks to queue
[2024-07-06T14:22:55.286+0000] {logging_mixin.py:150} INFO - [2024-07-06T14:22:55.286+0000] {dagbag.py:541} INFO - Filling up the DagBag from /home/airflow/.local/lib/python3.7/site-packages/airflow/example_dags/example_params_trigger_ui.py
[2024-07-06T14:22:55.313+0000] {processor.py:836} INFO - DAG(s) dict_keys(['example_params_trigger_ui']) retrieved from /home/airflow/.local/lib/python3.7/site-packages/airflow/example_dags/example_params_trigger_ui.py
[2024-07-06T14:22:55.365+0000] {logging_mixin.py:150} INFO - [2024-07-06T14:22:55.365+0000] {dag.py:2742} INFO - Sync 1 DAGs
[2024-07-06T14:22:55.386+0000] {logging_mixin.py:150} INFO - [2024-07-06T14:22:55.386+0000] {dag.py:3508} INFO - Setting next_dagrun for example_params_trigger_ui to None, run_after=None
[2024-07-06T14:22:55.400+0000] {processor.py:179} INFO - Processing /home/airflow/.local/lib/python3.7/site-packages/airflow/example_dags/example_params_trigger_ui.py took 0.121 seconds
[2024-07-06T14:23:25.484+0000] {processor.py:157} INFO - Started process (PID=1626) to work on /home/airflow/.local/lib/python3.7/site-packages/airflow/example_dags/example_params_trigger_ui.py
[2024-07-06T14:23:25.486+0000] {processor.py:826} INFO - Processing file /home/airflow/.local/lib/python3.7/site-packages/airflow/example_dags/example_params_trigger_ui.py for tasks to queue
[2024-07-06T14:23:25.487+0000] {logging_mixin.py:150} INFO - [2024-07-06T14:23:25.487+0000] {dagbag.py:541} INFO - Filling up the DagBag from /home/airflow/.local/lib/python3.7/site-packages/airflow/example_dags/example_params_trigger_ui.py
[2024-07-06T14:23:25.506+0000] {processor.py:836} INFO - DAG(s) dict_keys(['example_params_trigger_ui']) retrieved from /home/airflow/.local/lib/python3.7/site-packages/airflow/example_dags/example_params_trigger_ui.py
[2024-07-06T14:23:25.566+0000] {logging_mixin.py:150} INFO - [2024-07-06T14:23:25.565+0000] {dag.py:2742} INFO - Sync 1 DAGs
[2024-07-06T14:23:25.589+0000] {logging_mixin.py:150} INFO - [2024-07-06T14:23:25.589+0000] {dag.py:3508} INFO - Setting next_dagrun for example_params_trigger_ui to None, run_after=None
[2024-07-06T14:23:25.610+0000] {processor.py:179} INFO - Processing /home/airflow/.local/lib/python3.7/site-packages/airflow/example_dags/example_params_trigger_ui.py took 0.129 seconds
[2024-07-06T14:23:56.030+0000] {processor.py:157} INFO - Started process (PID=1689) to work on /home/airflow/.local/lib/python3.7/site-packages/airflow/example_dags/example_params_trigger_ui.py
[2024-07-06T14:23:56.032+0000] {processor.py:826} INFO - Processing file /home/airflow/.local/lib/python3.7/site-packages/airflow/example_dags/example_params_trigger_ui.py for tasks to queue
[2024-07-06T14:23:56.035+0000] {logging_mixin.py:150} INFO - [2024-07-06T14:23:56.035+0000] {dagbag.py:541} INFO - Filling up the DagBag from /home/airflow/.local/lib/python3.7/site-packages/airflow/example_dags/example_params_trigger_ui.py
[2024-07-06T14:23:56.054+0000] {processor.py:836} INFO - DAG(s) dict_keys(['example_params_trigger_ui']) retrieved from /home/airflow/.local/lib/python3.7/site-packages/airflow/example_dags/example_params_trigger_ui.py
[2024-07-06T14:23:56.109+0000] {logging_mixin.py:150} INFO - [2024-07-06T14:23:56.109+0000] {dag.py:2742} INFO - Sync 1 DAGs
[2024-07-06T14:23:56.130+0000] {logging_mixin.py:150} INFO - [2024-07-06T14:23:56.130+0000] {dag.py:3508} INFO - Setting next_dagrun for example_params_trigger_ui to None, run_after=None
[2024-07-06T14:23:56.144+0000] {processor.py:179} INFO - Processing /home/airflow/.local/lib/python3.7/site-packages/airflow/example_dags/example_params_trigger_ui.py took 0.118 seconds
[2024-07-06T14:24:26.513+0000] {processor.py:157} INFO - Started process (PID=1752) to work on /home/airflow/.local/lib/python3.7/site-packages/airflow/example_dags/example_params_trigger_ui.py
[2024-07-06T14:24:26.515+0000] {processor.py:826} INFO - Processing file /home/airflow/.local/lib/python3.7/site-packages/airflow/example_dags/example_params_trigger_ui.py for tasks to queue
[2024-07-06T14:24:26.517+0000] {logging_mixin.py:150} INFO - [2024-07-06T14:24:26.517+0000] {dagbag.py:541} INFO - Filling up the DagBag from /home/airflow/.local/lib/python3.7/site-packages/airflow/example_dags/example_params_trigger_ui.py
[2024-07-06T14:24:26.537+0000] {processor.py:836} INFO - DAG(s) dict_keys(['example_params_trigger_ui']) retrieved from /home/airflow/.local/lib/python3.7/site-packages/airflow/example_dags/example_params_trigger_ui.py
[2024-07-06T14:24:26.586+0000] {logging_mixin.py:150} INFO - [2024-07-06T14:24:26.586+0000] {dag.py:2742} INFO - Sync 1 DAGs
[2024-07-06T14:24:26.604+0000] {logging_mixin.py:150} INFO - [2024-07-06T14:24:26.604+0000] {dag.py:3508} INFO - Setting next_dagrun for example_params_trigger_ui to None, run_after=None
[2024-07-06T14:24:26.617+0000] {processor.py:179} INFO - Processing /home/airflow/.local/lib/python3.7/site-packages/airflow/example_dags/example_params_trigger_ui.py took 0.107 seconds
[2024-07-06T14:24:57.519+0000] {processor.py:157} INFO - Started process (PID=1815) to work on /home/airflow/.local/lib/python3.7/site-packages/airflow/example_dags/example_params_trigger_ui.py
[2024-07-06T14:24:57.521+0000] {processor.py:826} INFO - Processing file /home/airflow/.local/lib/python3.7/site-packages/airflow/example_dags/example_params_trigger_ui.py for tasks to queue
[2024-07-06T14:24:57.522+0000] {logging_mixin.py:150} INFO - [2024-07-06T14:24:57.522+0000] {dagbag.py:541} INFO - Filling up the DagBag from /home/airflow/.local/lib/python3.7/site-packages/airflow/example_dags/example_params_trigger_ui.py
[2024-07-06T14:24:57.540+0000] {processor.py:836} INFO - DAG(s) dict_keys(['example_params_trigger_ui']) retrieved from /home/airflow/.local/lib/python3.7/site-packages/airflow/example_dags/example_params_trigger_ui.py
[2024-07-06T14:24:57.590+0000] {logging_mixin.py:150} INFO - [2024-07-06T14:24:57.590+0000] {dag.py:2742} INFO - Sync 1 DAGs
[2024-07-06T14:24:57.608+0000] {logging_mixin.py:150} INFO - [2024-07-06T14:24:57.608+0000] {dag.py:3508} INFO - Setting next_dagrun for example_params_trigger_ui to None, run_after=None
[2024-07-06T14:24:57.621+0000] {processor.py:179} INFO - Processing /home/airflow/.local/lib/python3.7/site-packages/airflow/example_dags/example_params_trigger_ui.py took 0.105 seconds
[2024-07-06T14:25:27.807+0000] {processor.py:157} INFO - Started process (PID=1879) to work on /home/airflow/.local/lib/python3.7/site-packages/airflow/example_dags/example_params_trigger_ui.py
[2024-07-06T14:25:27.809+0000] {processor.py:826} INFO - Processing file /home/airflow/.local/lib/python3.7/site-packages/airflow/example_dags/example_params_trigger_ui.py for tasks to queue
[2024-07-06T14:25:27.811+0000] {logging_mixin.py:150} INFO - [2024-07-06T14:25:27.810+0000] {dagbag.py:541} INFO - Filling up the DagBag from /home/airflow/.local/lib/python3.7/site-packages/airflow/example_dags/example_params_trigger_ui.py
[2024-07-06T14:25:27.835+0000] {processor.py:836} INFO - DAG(s) dict_keys(['example_params_trigger_ui']) retrieved from /home/airflow/.local/lib/python3.7/site-packages/airflow/example_dags/example_params_trigger_ui.py
[2024-07-06T14:25:27.889+0000] {logging_mixin.py:150} INFO - [2024-07-06T14:25:27.888+0000] {dag.py:2742} INFO - Sync 1 DAGs
[2024-07-06T14:25:27.906+0000] {logging_mixin.py:150} INFO - [2024-07-06T14:25:27.906+0000] {dag.py:3508} INFO - Setting next_dagrun for example_params_trigger_ui to None, run_after=None
[2024-07-06T14:25:27.920+0000] {processor.py:179} INFO - Processing /home/airflow/.local/lib/python3.7/site-packages/airflow/example_dags/example_params_trigger_ui.py took 0.116 seconds
[2024-07-06T14:25:58.620+0000] {processor.py:157} INFO - Started process (PID=1941) to work on /home/airflow/.local/lib/python3.7/site-packages/airflow/example_dags/example_params_trigger_ui.py
[2024-07-06T14:25:58.622+0000] {processor.py:826} INFO - Processing file /home/airflow/.local/lib/python3.7/site-packages/airflow/example_dags/example_params_trigger_ui.py for tasks to queue
[2024-07-06T14:25:58.623+0000] {logging_mixin.py:150} INFO - [2024-07-06T14:25:58.623+0000] {dagbag.py:541} INFO - Filling up the DagBag from /home/airflow/.local/lib/python3.7/site-packages/airflow/example_dags/example_params_trigger_ui.py
[2024-07-06T14:25:58.638+0000] {processor.py:836} INFO - DAG(s) dict_keys(['example_params_trigger_ui']) retrieved from /home/airflow/.local/lib/python3.7/site-packages/airflow/example_dags/example_params_trigger_ui.py
[2024-07-06T14:25:58.699+0000] {logging_mixin.py:150} INFO - [2024-07-06T14:25:58.699+0000] {dag.py:2742} INFO - Sync 1 DAGs
[2024-07-06T14:25:58.719+0000] {logging_mixin.py:150} INFO - [2024-07-06T14:25:58.719+0000] {dag.py:3508} INFO - Setting next_dagrun for example_params_trigger_ui to None, run_after=None
[2024-07-06T14:25:58.743+0000] {processor.py:179} INFO - Processing /home/airflow/.local/lib/python3.7/site-packages/airflow/example_dags/example_params_trigger_ui.py took 0.126 seconds
[2024-07-06T14:26:29.425+0000] {processor.py:157} INFO - Started process (PID=2005) to work on /home/airflow/.local/lib/python3.7/site-packages/airflow/example_dags/example_params_trigger_ui.py
[2024-07-06T14:26:29.428+0000] {processor.py:826} INFO - Processing file /home/airflow/.local/lib/python3.7/site-packages/airflow/example_dags/example_params_trigger_ui.py for tasks to queue
[2024-07-06T14:26:29.430+0000] {logging_mixin.py:150} INFO - [2024-07-06T14:26:29.429+0000] {dagbag.py:541} INFO - Filling up the DagBag from /home/airflow/.local/lib/python3.7/site-packages/airflow/example_dags/example_params_trigger_ui.py
[2024-07-06T14:26:29.453+0000] {processor.py:836} INFO - DAG(s) dict_keys(['example_params_trigger_ui']) retrieved from /home/airflow/.local/lib/python3.7/site-packages/airflow/example_dags/example_params_trigger_ui.py
[2024-07-06T14:26:29.533+0000] {logging_mixin.py:150} INFO - [2024-07-06T14:26:29.533+0000] {dag.py:2742} INFO - Sync 1 DAGs
[2024-07-06T14:26:29.559+0000] {logging_mixin.py:150} INFO - [2024-07-06T14:26:29.559+0000] {dag.py:3508} INFO - Setting next_dagrun for example_params_trigger_ui to None, run_after=None
[2024-07-06T14:26:29.582+0000] {processor.py:179} INFO - Processing /home/airflow/.local/lib/python3.7/site-packages/airflow/example_dags/example_params_trigger_ui.py took 0.160 seconds
[2024-07-06T14:26:59.756+0000] {processor.py:157} INFO - Started process (PID=2068) to work on /home/airflow/.local/lib/python3.7/site-packages/airflow/example_dags/example_params_trigger_ui.py
[2024-07-06T14:26:59.758+0000] {processor.py:826} INFO - Processing file /home/airflow/.local/lib/python3.7/site-packages/airflow/example_dags/example_params_trigger_ui.py for tasks to queue
[2024-07-06T14:26:59.760+0000] {logging_mixin.py:150} INFO - [2024-07-06T14:26:59.759+0000] {dagbag.py:541} INFO - Filling up the DagBag from /home/airflow/.local/lib/python3.7/site-packages/airflow/example_dags/example_params_trigger_ui.py
[2024-07-06T14:26:59.775+0000] {processor.py:836} INFO - DAG(s) dict_keys(['example_params_trigger_ui']) retrieved from /home/airflow/.local/lib/python3.7/site-packages/airflow/example_dags/example_params_trigger_ui.py
[2024-07-06T14:26:59.829+0000] {logging_mixin.py:150} INFO - [2024-07-06T14:26:59.828+0000] {dag.py:2742} INFO - Sync 1 DAGs
[2024-07-06T14:26:59.847+0000] {logging_mixin.py:150} INFO - [2024-07-06T14:26:59.847+0000] {dag.py:3508} INFO - Setting next_dagrun for example_params_trigger_ui to None, run_after=None
[2024-07-06T14:26:59.860+0000] {processor.py:179} INFO - Processing /home/airflow/.local/lib/python3.7/site-packages/airflow/example_dags/example_params_trigger_ui.py took 0.106 seconds
[2024-07-06T14:27:30.170+0000] {processor.py:157} INFO - Started process (PID=2130) to work on /home/airflow/.local/lib/python3.7/site-packages/airflow/example_dags/example_params_trigger_ui.py
[2024-07-06T14:27:30.172+0000] {processor.py:826} INFO - Processing file /home/airflow/.local/lib/python3.7/site-packages/airflow/example_dags/example_params_trigger_ui.py for tasks to queue
[2024-07-06T14:27:30.174+0000] {logging_mixin.py:150} INFO - [2024-07-06T14:27:30.173+0000] {dagbag.py:541} INFO - Filling up the DagBag from /home/airflow/.local/lib/python3.7/site-packages/airflow/example_dags/example_params_trigger_ui.py
[2024-07-06T14:27:30.191+0000] {processor.py:836} INFO - DAG(s) dict_keys(['example_params_trigger_ui']) retrieved from /home/airflow/.local/lib/python3.7/site-packages/airflow/example_dags/example_params_trigger_ui.py
[2024-07-06T14:27:30.246+0000] {logging_mixin.py:150} INFO - [2024-07-06T14:27:30.246+0000] {dag.py:2742} INFO - Sync 1 DAGs
[2024-07-06T14:27:30.264+0000] {logging_mixin.py:150} INFO - [2024-07-06T14:27:30.264+0000] {dag.py:3508} INFO - Setting next_dagrun for example_params_trigger_ui to None, run_after=None
[2024-07-06T14:27:30.278+0000] {processor.py:179} INFO - Processing /home/airflow/.local/lib/python3.7/site-packages/airflow/example_dags/example_params_trigger_ui.py took 0.111 seconds
[2024-07-06T14:28:00.878+0000] {processor.py:157} INFO - Started process (PID=2198) to work on /home/airflow/.local/lib/python3.7/site-packages/airflow/example_dags/example_params_trigger_ui.py
[2024-07-06T14:28:00.880+0000] {processor.py:826} INFO - Processing file /home/airflow/.local/lib/python3.7/site-packages/airflow/example_dags/example_params_trigger_ui.py for tasks to queue
[2024-07-06T14:28:00.881+0000] {logging_mixin.py:150} INFO - [2024-07-06T14:28:00.881+0000] {dagbag.py:541} INFO - Filling up the DagBag from /home/airflow/.local/lib/python3.7/site-packages/airflow/example_dags/example_params_trigger_ui.py
[2024-07-06T14:28:00.899+0000] {processor.py:836} INFO - DAG(s) dict_keys(['example_params_trigger_ui']) retrieved from /home/airflow/.local/lib/python3.7/site-packages/airflow/example_dags/example_params_trigger_ui.py
[2024-07-06T14:28:00.975+0000] {logging_mixin.py:150} INFO - [2024-07-06T14:28:00.975+0000] {dag.py:2742} INFO - Sync 1 DAGs
[2024-07-06T14:28:00.999+0000] {logging_mixin.py:150} INFO - [2024-07-06T14:28:00.999+0000] {dag.py:3508} INFO - Setting next_dagrun for example_params_trigger_ui to None, run_after=None
[2024-07-06T14:28:01.016+0000] {processor.py:179} INFO - Processing /home/airflow/.local/lib/python3.7/site-packages/airflow/example_dags/example_params_trigger_ui.py took 0.141 seconds
[2024-07-06T14:28:31.630+0000] {processor.py:157} INFO - Started process (PID=2266) to work on /home/airflow/.local/lib/python3.7/site-packages/airflow/example_dags/example_params_trigger_ui.py
[2024-07-06T14:28:31.632+0000] {processor.py:826} INFO - Processing file /home/airflow/.local/lib/python3.7/site-packages/airflow/example_dags/example_params_trigger_ui.py for tasks to queue
[2024-07-06T14:28:31.634+0000] {logging_mixin.py:150} INFO - [2024-07-06T14:28:31.633+0000] {dagbag.py:541} INFO - Filling up the DagBag from /home/airflow/.local/lib/python3.7/site-packages/airflow/example_dags/example_params_trigger_ui.py
[2024-07-06T14:28:31.653+0000] {processor.py:836} INFO - DAG(s) dict_keys(['example_params_trigger_ui']) retrieved from /home/airflow/.local/lib/python3.7/site-packages/airflow/example_dags/example_params_trigger_ui.py
[2024-07-06T14:28:31.707+0000] {logging_mixin.py:150} INFO - [2024-07-06T14:28:31.707+0000] {dag.py:2742} INFO - Sync 1 DAGs
[2024-07-06T14:28:31.725+0000] {logging_mixin.py:150} INFO - [2024-07-06T14:28:31.725+0000] {dag.py:3508} INFO - Setting next_dagrun for example_params_trigger_ui to None, run_after=None
[2024-07-06T14:28:31.739+0000] {processor.py:179} INFO - Processing /home/airflow/.local/lib/python3.7/site-packages/airflow/example_dags/example_params_trigger_ui.py took 0.112 seconds
[2024-07-06T14:29:02.357+0000] {processor.py:157} INFO - Started process (PID=2329) to work on /home/airflow/.local/lib/python3.7/site-packages/airflow/example_dags/example_params_trigger_ui.py
[2024-07-06T14:29:02.359+0000] {processor.py:826} INFO - Processing file /home/airflow/.local/lib/python3.7/site-packages/airflow/example_dags/example_params_trigger_ui.py for tasks to queue
[2024-07-06T14:29:02.361+0000] {logging_mixin.py:150} INFO - [2024-07-06T14:29:02.360+0000] {dagbag.py:541} INFO - Filling up the DagBag from /home/airflow/.local/lib/python3.7/site-packages/airflow/example_dags/example_params_trigger_ui.py
[2024-07-06T14:29:02.377+0000] {processor.py:836} INFO - DAG(s) dict_keys(['example_params_trigger_ui']) retrieved from /home/airflow/.local/lib/python3.7/site-packages/airflow/example_dags/example_params_trigger_ui.py
[2024-07-06T14:29:02.441+0000] {logging_mixin.py:150} INFO - [2024-07-06T14:29:02.440+0000] {dag.py:2742} INFO - Sync 1 DAGs
[2024-07-06T14:29:02.460+0000] {logging_mixin.py:150} INFO - [2024-07-06T14:29:02.459+0000] {dag.py:3508} INFO - Setting next_dagrun for example_params_trigger_ui to None, run_after=None
[2024-07-06T14:29:02.473+0000] {processor.py:179} INFO - Processing /home/airflow/.local/lib/python3.7/site-packages/airflow/example_dags/example_params_trigger_ui.py took 0.119 seconds
[2024-07-06T14:29:33.447+0000] {processor.py:157} INFO - Started process (PID=2396) to work on /home/airflow/.local/lib/python3.7/site-packages/airflow/example_dags/example_params_trigger_ui.py
[2024-07-06T14:29:33.450+0000] {processor.py:826} INFO - Processing file /home/airflow/.local/lib/python3.7/site-packages/airflow/example_dags/example_params_trigger_ui.py for tasks to queue
[2024-07-06T14:29:33.451+0000] {logging_mixin.py:150} INFO - [2024-07-06T14:29:33.451+0000] {dagbag.py:541} INFO - Filling up the DagBag from /home/airflow/.local/lib/python3.7/site-packages/airflow/example_dags/example_params_trigger_ui.py
[2024-07-06T14:29:33.480+0000] {processor.py:836} INFO - DAG(s) dict_keys(['example_params_trigger_ui']) retrieved from /home/airflow/.local/lib/python3.7/site-packages/airflow/example_dags/example_params_trigger_ui.py
[2024-07-06T14:29:33.565+0000] {logging_mixin.py:150} INFO - [2024-07-06T14:29:33.565+0000] {dag.py:2742} INFO - Sync 1 DAGs
[2024-07-06T14:29:33.599+0000] {logging_mixin.py:150} INFO - [2024-07-06T14:29:33.598+0000] {dag.py:3508} INFO - Setting next_dagrun for example_params_trigger_ui to None, run_after=None
[2024-07-06T14:29:33.628+0000] {processor.py:179} INFO - Processing /home/airflow/.local/lib/python3.7/site-packages/airflow/example_dags/example_params_trigger_ui.py took 0.184 seconds
[2024-07-06T14:30:03.931+0000] {processor.py:157} INFO - Started process (PID=2459) to work on /home/airflow/.local/lib/python3.7/site-packages/airflow/example_dags/example_params_trigger_ui.py
[2024-07-06T14:30:03.932+0000] {processor.py:826} INFO - Processing file /home/airflow/.local/lib/python3.7/site-packages/airflow/example_dags/example_params_trigger_ui.py for tasks to queue
[2024-07-06T14:30:03.934+0000] {logging_mixin.py:150} INFO - [2024-07-06T14:30:03.934+0000] {dagbag.py:541} INFO - Filling up the DagBag from /home/airflow/.local/lib/python3.7/site-packages/airflow/example_dags/example_params_trigger_ui.py
[2024-07-06T14:30:03.949+0000] {processor.py:836} INFO - DAG(s) dict_keys(['example_params_trigger_ui']) retrieved from /home/airflow/.local/lib/python3.7/site-packages/airflow/example_dags/example_params_trigger_ui.py
[2024-07-06T14:30:04.004+0000] {logging_mixin.py:150} INFO - [2024-07-06T14:30:04.004+0000] {dag.py:2742} INFO - Sync 1 DAGs
[2024-07-06T14:30:04.020+0000] {logging_mixin.py:150} INFO - [2024-07-06T14:30:04.020+0000] {dag.py:3508} INFO - Setting next_dagrun for example_params_trigger_ui to None, run_after=None
[2024-07-06T14:30:04.034+0000] {processor.py:179} INFO - Processing /home/airflow/.local/lib/python3.7/site-packages/airflow/example_dags/example_params_trigger_ui.py took 0.106 seconds
[2024-07-06T14:30:35.154+0000] {processor.py:157} INFO - Started process (PID=2522) to work on /home/airflow/.local/lib/python3.7/site-packages/airflow/example_dags/example_params_trigger_ui.py
[2024-07-06T14:30:35.156+0000] {processor.py:826} INFO - Processing file /home/airflow/.local/lib/python3.7/site-packages/airflow/example_dags/example_params_trigger_ui.py for tasks to queue
[2024-07-06T14:30:35.157+0000] {logging_mixin.py:150} INFO - [2024-07-06T14:30:35.157+0000] {dagbag.py:541} INFO - Filling up the DagBag from /home/airflow/.local/lib/python3.7/site-packages/airflow/example_dags/example_params_trigger_ui.py
[2024-07-06T14:30:35.173+0000] {processor.py:836} INFO - DAG(s) dict_keys(['example_params_trigger_ui']) retrieved from /home/airflow/.local/lib/python3.7/site-packages/airflow/example_dags/example_params_trigger_ui.py
[2024-07-06T14:30:35.228+0000] {logging_mixin.py:150} INFO - [2024-07-06T14:30:35.228+0000] {dag.py:2742} INFO - Sync 1 DAGs
[2024-07-06T14:30:35.246+0000] {logging_mixin.py:150} INFO - [2024-07-06T14:30:35.246+0000] {dag.py:3508} INFO - Setting next_dagrun for example_params_trigger_ui to None, run_after=None
[2024-07-06T14:30:35.259+0000] {processor.py:179} INFO - Processing /home/airflow/.local/lib/python3.7/site-packages/airflow/example_dags/example_params_trigger_ui.py took 0.108 seconds
