[2024-07-06T14:10:43.232+0000] {processor.py:157} INFO - Started process (PID=56) to work on /home/airflow/.local/lib/python3.7/site-packages/airflow/example_dags/example_time_delta_sensor_async.py
[2024-07-06T14:10:43.235+0000] {processor.py:826} INFO - Processing file /home/airflow/.local/lib/python3.7/site-packages/airflow/example_dags/example_time_delta_sensor_async.py for tasks to queue
[2024-07-06T14:10:43.237+0000] {logging_mixin.py:150} INFO - [2024-07-06T14:10:43.237+0000] {dagbag.py:541} INFO - Filling up the DagBag from /home/airflow/.local/lib/python3.7/site-packages/airflow/example_dags/example_time_delta_sensor_async.py
[2024-07-06T14:10:43.248+0000] {processor.py:836} INFO - DAG(s) dict_keys(['example_time_delta_sensor_async']) retrieved from /home/airflow/.local/lib/python3.7/site-packages/airflow/example_dags/example_time_delta_sensor_async.py
[2024-07-06T14:10:43.277+0000] {logging_mixin.py:150} INFO - [2024-07-06T14:10:43.276+0000] {dag.py:2742} INFO - Sync 1 DAGs
[2024-07-06T14:10:43.365+0000] {logging_mixin.py:150} INFO - [2024-07-06T14:10:43.363+0000] {dag.py:3508} INFO - Setting next_dagrun for example_time_delta_sensor_async to None, run_after=None
[2024-07-06T14:10:43.406+0000] {processor.py:179} INFO - Processing /home/airflow/.local/lib/python3.7/site-packages/airflow/example_dags/example_time_delta_sensor_async.py took 0.181 seconds
[2024-07-06T14:11:13.598+0000] {processor.py:157} INFO - Started process (PID=118) to work on /home/airflow/.local/lib/python3.7/site-packages/airflow/example_dags/example_time_delta_sensor_async.py
[2024-07-06T14:11:13.600+0000] {processor.py:826} INFO - Processing file /home/airflow/.local/lib/python3.7/site-packages/airflow/example_dags/example_time_delta_sensor_async.py for tasks to queue
[2024-07-06T14:11:13.602+0000] {logging_mixin.py:150} INFO - [2024-07-06T14:11:13.602+0000] {dagbag.py:541} INFO - Filling up the DagBag from /home/airflow/.local/lib/python3.7/site-packages/airflow/example_dags/example_time_delta_sensor_async.py
[2024-07-06T14:11:13.607+0000] {processor.py:836} INFO - DAG(s) dict_keys(['example_time_delta_sensor_async']) retrieved from /home/airflow/.local/lib/python3.7/site-packages/airflow/example_dags/example_time_delta_sensor_async.py
[2024-07-06T14:11:13.637+0000] {logging_mixin.py:150} INFO - [2024-07-06T14:11:13.637+0000] {dag.py:2742} INFO - Sync 1 DAGs
[2024-07-06T14:11:13.656+0000] {logging_mixin.py:150} INFO - [2024-07-06T14:11:13.655+0000] {dag.py:3508} INFO - Setting next_dagrun for example_time_delta_sensor_async to None, run_after=None
[2024-07-06T14:11:13.670+0000] {processor.py:179} INFO - Processing /home/airflow/.local/lib/python3.7/site-packages/airflow/example_dags/example_time_delta_sensor_async.py took 0.076 seconds
[2024-07-06T14:11:44.602+0000] {processor.py:157} INFO - Started process (PID=181) to work on /home/airflow/.local/lib/python3.7/site-packages/airflow/example_dags/example_time_delta_sensor_async.py
[2024-07-06T14:11:44.604+0000] {processor.py:826} INFO - Processing file /home/airflow/.local/lib/python3.7/site-packages/airflow/example_dags/example_time_delta_sensor_async.py for tasks to queue
[2024-07-06T14:11:44.605+0000] {logging_mixin.py:150} INFO - [2024-07-06T14:11:44.605+0000] {dagbag.py:541} INFO - Filling up the DagBag from /home/airflow/.local/lib/python3.7/site-packages/airflow/example_dags/example_time_delta_sensor_async.py
[2024-07-06T14:11:44.610+0000] {processor.py:836} INFO - DAG(s) dict_keys(['example_time_delta_sensor_async']) retrieved from /home/airflow/.local/lib/python3.7/site-packages/airflow/example_dags/example_time_delta_sensor_async.py
[2024-07-06T14:11:44.633+0000] {logging_mixin.py:150} INFO - [2024-07-06T14:11:44.632+0000] {dag.py:2742} INFO - Sync 1 DAGs
[2024-07-06T14:11:44.651+0000] {logging_mixin.py:150} INFO - [2024-07-06T14:11:44.651+0000] {dag.py:3508} INFO - Setting next_dagrun for example_time_delta_sensor_async to None, run_after=None
[2024-07-06T14:11:44.665+0000] {processor.py:179} INFO - Processing /home/airflow/.local/lib/python3.7/site-packages/airflow/example_dags/example_time_delta_sensor_async.py took 0.067 seconds
[2024-07-06T14:12:15.078+0000] {processor.py:157} INFO - Started process (PID=244) to work on /home/airflow/.local/lib/python3.7/site-packages/airflow/example_dags/example_time_delta_sensor_async.py
[2024-07-06T14:12:15.080+0000] {processor.py:826} INFO - Processing file /home/airflow/.local/lib/python3.7/site-packages/airflow/example_dags/example_time_delta_sensor_async.py for tasks to queue
[2024-07-06T14:12:15.082+0000] {logging_mixin.py:150} INFO - [2024-07-06T14:12:15.082+0000] {dagbag.py:541} INFO - Filling up the DagBag from /home/airflow/.local/lib/python3.7/site-packages/airflow/example_dags/example_time_delta_sensor_async.py
[2024-07-06T14:12:15.087+0000] {processor.py:836} INFO - DAG(s) dict_keys(['example_time_delta_sensor_async']) retrieved from /home/airflow/.local/lib/python3.7/site-packages/airflow/example_dags/example_time_delta_sensor_async.py
[2024-07-06T14:12:15.110+0000] {logging_mixin.py:150} INFO - [2024-07-06T14:12:15.109+0000] {dag.py:2742} INFO - Sync 1 DAGs
[2024-07-06T14:12:15.130+0000] {logging_mixin.py:150} INFO - [2024-07-06T14:12:15.129+0000] {dag.py:3508} INFO - Setting next_dagrun for example_time_delta_sensor_async to None, run_after=None
[2024-07-06T14:12:15.142+0000] {processor.py:179} INFO - Processing /home/airflow/.local/lib/python3.7/site-packages/airflow/example_dags/example_time_delta_sensor_async.py took 0.067 seconds
[2024-07-06T14:12:45.360+0000] {processor.py:157} INFO - Started process (PID=307) to work on /home/airflow/.local/lib/python3.7/site-packages/airflow/example_dags/example_time_delta_sensor_async.py
[2024-07-06T14:12:45.362+0000] {processor.py:826} INFO - Processing file /home/airflow/.local/lib/python3.7/site-packages/airflow/example_dags/example_time_delta_sensor_async.py for tasks to queue
[2024-07-06T14:12:45.363+0000] {logging_mixin.py:150} INFO - [2024-07-06T14:12:45.363+0000] {dagbag.py:541} INFO - Filling up the DagBag from /home/airflow/.local/lib/python3.7/site-packages/airflow/example_dags/example_time_delta_sensor_async.py
[2024-07-06T14:12:45.368+0000] {processor.py:836} INFO - DAG(s) dict_keys(['example_time_delta_sensor_async']) retrieved from /home/airflow/.local/lib/python3.7/site-packages/airflow/example_dags/example_time_delta_sensor_async.py
[2024-07-06T14:12:45.391+0000] {logging_mixin.py:150} INFO - [2024-07-06T14:12:45.390+0000] {dag.py:2742} INFO - Sync 1 DAGs
[2024-07-06T14:12:45.408+0000] {logging_mixin.py:150} INFO - [2024-07-06T14:12:45.408+0000] {dag.py:3508} INFO - Setting next_dagrun for example_time_delta_sensor_async to None, run_after=None
[2024-07-06T14:12:45.422+0000] {processor.py:179} INFO - Processing /home/airflow/.local/lib/python3.7/site-packages/airflow/example_dags/example_time_delta_sensor_async.py took 0.065 seconds
[2024-07-06T14:13:16.674+0000] {processor.py:157} INFO - Started process (PID=370) to work on /home/airflow/.local/lib/python3.7/site-packages/airflow/example_dags/example_time_delta_sensor_async.py
[2024-07-06T14:13:16.675+0000] {processor.py:826} INFO - Processing file /home/airflow/.local/lib/python3.7/site-packages/airflow/example_dags/example_time_delta_sensor_async.py for tasks to queue
[2024-07-06T14:13:16.677+0000] {logging_mixin.py:150} INFO - [2024-07-06T14:13:16.676+0000] {dagbag.py:541} INFO - Filling up the DagBag from /home/airflow/.local/lib/python3.7/site-packages/airflow/example_dags/example_time_delta_sensor_async.py
[2024-07-06T14:13:16.681+0000] {processor.py:836} INFO - DAG(s) dict_keys(['example_time_delta_sensor_async']) retrieved from /home/airflow/.local/lib/python3.7/site-packages/airflow/example_dags/example_time_delta_sensor_async.py
[2024-07-06T14:13:16.703+0000] {logging_mixin.py:150} INFO - [2024-07-06T14:13:16.703+0000] {dag.py:2742} INFO - Sync 1 DAGs
[2024-07-06T14:13:16.721+0000] {logging_mixin.py:150} INFO - [2024-07-06T14:13:16.721+0000] {dag.py:3508} INFO - Setting next_dagrun for example_time_delta_sensor_async to None, run_after=None
[2024-07-06T14:13:16.734+0000] {processor.py:179} INFO - Processing /home/airflow/.local/lib/python3.7/site-packages/airflow/example_dags/example_time_delta_sensor_async.py took 0.063 seconds
[2024-07-06T14:13:47.030+0000] {processor.py:157} INFO - Started process (PID=434) to work on /home/airflow/.local/lib/python3.7/site-packages/airflow/example_dags/example_time_delta_sensor_async.py
[2024-07-06T14:13:47.032+0000] {processor.py:826} INFO - Processing file /home/airflow/.local/lib/python3.7/site-packages/airflow/example_dags/example_time_delta_sensor_async.py for tasks to queue
[2024-07-06T14:13:47.034+0000] {logging_mixin.py:150} INFO - [2024-07-06T14:13:47.034+0000] {dagbag.py:541} INFO - Filling up the DagBag from /home/airflow/.local/lib/python3.7/site-packages/airflow/example_dags/example_time_delta_sensor_async.py
[2024-07-06T14:13:47.040+0000] {processor.py:836} INFO - DAG(s) dict_keys(['example_time_delta_sensor_async']) retrieved from /home/airflow/.local/lib/python3.7/site-packages/airflow/example_dags/example_time_delta_sensor_async.py
[2024-07-06T14:13:47.067+0000] {logging_mixin.py:150} INFO - [2024-07-06T14:13:47.067+0000] {dag.py:2742} INFO - Sync 1 DAGs
[2024-07-06T14:13:47.086+0000] {logging_mixin.py:150} INFO - [2024-07-06T14:13:47.086+0000] {dag.py:3508} INFO - Setting next_dagrun for example_time_delta_sensor_async to None, run_after=None
[2024-07-06T14:13:47.099+0000] {processor.py:179} INFO - Processing /home/airflow/.local/lib/python3.7/site-packages/airflow/example_dags/example_time_delta_sensor_async.py took 0.072 seconds
[2024-07-06T14:14:17.377+0000] {processor.py:157} INFO - Started process (PID=497) to work on /home/airflow/.local/lib/python3.7/site-packages/airflow/example_dags/example_time_delta_sensor_async.py
[2024-07-06T14:14:17.380+0000] {processor.py:826} INFO - Processing file /home/airflow/.local/lib/python3.7/site-packages/airflow/example_dags/example_time_delta_sensor_async.py for tasks to queue
[2024-07-06T14:14:17.381+0000] {logging_mixin.py:150} INFO - [2024-07-06T14:14:17.381+0000] {dagbag.py:541} INFO - Filling up the DagBag from /home/airflow/.local/lib/python3.7/site-packages/airflow/example_dags/example_time_delta_sensor_async.py
[2024-07-06T14:14:17.385+0000] {processor.py:836} INFO - DAG(s) dict_keys(['example_time_delta_sensor_async']) retrieved from /home/airflow/.local/lib/python3.7/site-packages/airflow/example_dags/example_time_delta_sensor_async.py
[2024-07-06T14:14:17.407+0000] {logging_mixin.py:150} INFO - [2024-07-06T14:14:17.406+0000] {dag.py:2742} INFO - Sync 1 DAGs
[2024-07-06T14:14:17.428+0000] {logging_mixin.py:150} INFO - [2024-07-06T14:14:17.428+0000] {dag.py:3508} INFO - Setting next_dagrun for example_time_delta_sensor_async to None, run_after=None
[2024-07-06T14:14:17.444+0000] {processor.py:179} INFO - Processing /home/airflow/.local/lib/python3.7/site-packages/airflow/example_dags/example_time_delta_sensor_async.py took 0.070 seconds
[2024-07-06T14:14:47.683+0000] {processor.py:157} INFO - Started process (PID=560) to work on /home/airflow/.local/lib/python3.7/site-packages/airflow/example_dags/example_time_delta_sensor_async.py
[2024-07-06T14:14:47.692+0000] {processor.py:826} INFO - Processing file /home/airflow/.local/lib/python3.7/site-packages/airflow/example_dags/example_time_delta_sensor_async.py for tasks to queue
[2024-07-06T14:14:47.695+0000] {logging_mixin.py:150} INFO - [2024-07-06T14:14:47.695+0000] {dagbag.py:541} INFO - Filling up the DagBag from /home/airflow/.local/lib/python3.7/site-packages/airflow/example_dags/example_time_delta_sensor_async.py
[2024-07-06T14:14:47.701+0000] {processor.py:836} INFO - DAG(s) dict_keys(['example_time_delta_sensor_async']) retrieved from /home/airflow/.local/lib/python3.7/site-packages/airflow/example_dags/example_time_delta_sensor_async.py
[2024-07-06T14:14:47.727+0000] {logging_mixin.py:150} INFO - [2024-07-06T14:14:47.727+0000] {dag.py:2742} INFO - Sync 1 DAGs
[2024-07-06T14:14:47.746+0000] {logging_mixin.py:150} INFO - [2024-07-06T14:14:47.746+0000] {dag.py:3508} INFO - Setting next_dagrun for example_time_delta_sensor_async to None, run_after=None
[2024-07-06T14:14:47.758+0000] {processor.py:179} INFO - Processing /home/airflow/.local/lib/python3.7/site-packages/airflow/example_dags/example_time_delta_sensor_async.py took 0.079 seconds
[2024-07-06T14:15:18.677+0000] {processor.py:157} INFO - Started process (PID=619) to work on /home/airflow/.local/lib/python3.7/site-packages/airflow/example_dags/example_time_delta_sensor_async.py
[2024-07-06T14:15:18.679+0000] {processor.py:826} INFO - Processing file /home/airflow/.local/lib/python3.7/site-packages/airflow/example_dags/example_time_delta_sensor_async.py for tasks to queue
[2024-07-06T14:15:18.681+0000] {logging_mixin.py:150} INFO - [2024-07-06T14:15:18.680+0000] {dagbag.py:541} INFO - Filling up the DagBag from /home/airflow/.local/lib/python3.7/site-packages/airflow/example_dags/example_time_delta_sensor_async.py
[2024-07-06T14:15:18.688+0000] {processor.py:836} INFO - DAG(s) dict_keys(['example_time_delta_sensor_async']) retrieved from /home/airflow/.local/lib/python3.7/site-packages/airflow/example_dags/example_time_delta_sensor_async.py
[2024-07-06T14:15:18.722+0000] {logging_mixin.py:150} INFO - [2024-07-06T14:15:18.722+0000] {dag.py:2742} INFO - Sync 1 DAGs
[2024-07-06T14:15:18.766+0000] {logging_mixin.py:150} INFO - [2024-07-06T14:15:18.765+0000] {dag.py:3508} INFO - Setting next_dagrun for example_time_delta_sensor_async to None, run_after=None
[2024-07-06T14:15:18.785+0000] {processor.py:179} INFO - Processing /home/airflow/.local/lib/python3.7/site-packages/airflow/example_dags/example_time_delta_sensor_async.py took 0.111 seconds
[2024-07-06T14:15:49.419+0000] {processor.py:157} INFO - Started process (PID=681) to work on /home/airflow/.local/lib/python3.7/site-packages/airflow/example_dags/example_time_delta_sensor_async.py
[2024-07-06T14:15:49.420+0000] {processor.py:826} INFO - Processing file /home/airflow/.local/lib/python3.7/site-packages/airflow/example_dags/example_time_delta_sensor_async.py for tasks to queue
[2024-07-06T14:15:49.422+0000] {logging_mixin.py:150} INFO - [2024-07-06T14:15:49.421+0000] {dagbag.py:541} INFO - Filling up the DagBag from /home/airflow/.local/lib/python3.7/site-packages/airflow/example_dags/example_time_delta_sensor_async.py
[2024-07-06T14:15:49.426+0000] {processor.py:836} INFO - DAG(s) dict_keys(['example_time_delta_sensor_async']) retrieved from /home/airflow/.local/lib/python3.7/site-packages/airflow/example_dags/example_time_delta_sensor_async.py
[2024-07-06T14:15:49.448+0000] {logging_mixin.py:150} INFO - [2024-07-06T14:15:49.448+0000] {dag.py:2742} INFO - Sync 1 DAGs
[2024-07-06T14:15:49.465+0000] {logging_mixin.py:150} INFO - [2024-07-06T14:15:49.465+0000] {dag.py:3508} INFO - Setting next_dagrun for example_time_delta_sensor_async to None, run_after=None
[2024-07-06T14:15:49.479+0000] {processor.py:179} INFO - Processing /home/airflow/.local/lib/python3.7/site-packages/airflow/example_dags/example_time_delta_sensor_async.py took 0.063 seconds
[2024-07-06T14:16:20.037+0000] {processor.py:157} INFO - Started process (PID=744) to work on /home/airflow/.local/lib/python3.7/site-packages/airflow/example_dags/example_time_delta_sensor_async.py
[2024-07-06T14:16:20.039+0000] {processor.py:826} INFO - Processing file /home/airflow/.local/lib/python3.7/site-packages/airflow/example_dags/example_time_delta_sensor_async.py for tasks to queue
[2024-07-06T14:16:20.041+0000] {logging_mixin.py:150} INFO - [2024-07-06T14:16:20.040+0000] {dagbag.py:541} INFO - Filling up the DagBag from /home/airflow/.local/lib/python3.7/site-packages/airflow/example_dags/example_time_delta_sensor_async.py
[2024-07-06T14:16:20.046+0000] {processor.py:836} INFO - DAG(s) dict_keys(['example_time_delta_sensor_async']) retrieved from /home/airflow/.local/lib/python3.7/site-packages/airflow/example_dags/example_time_delta_sensor_async.py
[2024-07-06T14:16:20.075+0000] {logging_mixin.py:150} INFO - [2024-07-06T14:16:20.074+0000] {dag.py:2742} INFO - Sync 1 DAGs
[2024-07-06T14:16:20.099+0000] {logging_mixin.py:150} INFO - [2024-07-06T14:16:20.099+0000] {dag.py:3508} INFO - Setting next_dagrun for example_time_delta_sensor_async to None, run_after=None
[2024-07-06T14:16:20.121+0000] {processor.py:179} INFO - Processing /home/airflow/.local/lib/python3.7/site-packages/airflow/example_dags/example_time_delta_sensor_async.py took 0.088 seconds
[2024-07-06T14:16:50.483+0000] {processor.py:157} INFO - Started process (PID=807) to work on /home/airflow/.local/lib/python3.7/site-packages/airflow/example_dags/example_time_delta_sensor_async.py
[2024-07-06T14:16:50.485+0000] {processor.py:826} INFO - Processing file /home/airflow/.local/lib/python3.7/site-packages/airflow/example_dags/example_time_delta_sensor_async.py for tasks to queue
[2024-07-06T14:16:50.486+0000] {logging_mixin.py:150} INFO - [2024-07-06T14:16:50.486+0000] {dagbag.py:541} INFO - Filling up the DagBag from /home/airflow/.local/lib/python3.7/site-packages/airflow/example_dags/example_time_delta_sensor_async.py
[2024-07-06T14:16:50.490+0000] {processor.py:836} INFO - DAG(s) dict_keys(['example_time_delta_sensor_async']) retrieved from /home/airflow/.local/lib/python3.7/site-packages/airflow/example_dags/example_time_delta_sensor_async.py
[2024-07-06T14:16:50.512+0000] {logging_mixin.py:150} INFO - [2024-07-06T14:16:50.512+0000] {dag.py:2742} INFO - Sync 1 DAGs
[2024-07-06T14:16:50.530+0000] {logging_mixin.py:150} INFO - [2024-07-06T14:16:50.530+0000] {dag.py:3508} INFO - Setting next_dagrun for example_time_delta_sensor_async to None, run_after=None
[2024-07-06T14:16:50.549+0000] {processor.py:179} INFO - Processing /home/airflow/.local/lib/python3.7/site-packages/airflow/example_dags/example_time_delta_sensor_async.py took 0.069 seconds
[2024-07-06T14:17:20.809+0000] {processor.py:157} INFO - Started process (PID=870) to work on /home/airflow/.local/lib/python3.7/site-packages/airflow/example_dags/example_time_delta_sensor_async.py
[2024-07-06T14:17:20.811+0000] {processor.py:826} INFO - Processing file /home/airflow/.local/lib/python3.7/site-packages/airflow/example_dags/example_time_delta_sensor_async.py for tasks to queue
[2024-07-06T14:17:20.813+0000] {logging_mixin.py:150} INFO - [2024-07-06T14:17:20.812+0000] {dagbag.py:541} INFO - Filling up the DagBag from /home/airflow/.local/lib/python3.7/site-packages/airflow/example_dags/example_time_delta_sensor_async.py
[2024-07-06T14:17:20.818+0000] {processor.py:836} INFO - DAG(s) dict_keys(['example_time_delta_sensor_async']) retrieved from /home/airflow/.local/lib/python3.7/site-packages/airflow/example_dags/example_time_delta_sensor_async.py
[2024-07-06T14:17:20.839+0000] {logging_mixin.py:150} INFO - [2024-07-06T14:17:20.838+0000] {dag.py:2742} INFO - Sync 1 DAGs
[2024-07-06T14:17:20.855+0000] {logging_mixin.py:150} INFO - [2024-07-06T14:17:20.855+0000] {dag.py:3508} INFO - Setting next_dagrun for example_time_delta_sensor_async to None, run_after=None
[2024-07-06T14:17:20.868+0000] {processor.py:179} INFO - Processing /home/airflow/.local/lib/python3.7/site-packages/airflow/example_dags/example_time_delta_sensor_async.py took 0.062 seconds
[2024-07-06T14:17:51.089+0000] {processor.py:157} INFO - Started process (PID=932) to work on /home/airflow/.local/lib/python3.7/site-packages/airflow/example_dags/example_time_delta_sensor_async.py
[2024-07-06T14:17:51.091+0000] {processor.py:826} INFO - Processing file /home/airflow/.local/lib/python3.7/site-packages/airflow/example_dags/example_time_delta_sensor_async.py for tasks to queue
[2024-07-06T14:17:51.092+0000] {logging_mixin.py:150} INFO - [2024-07-06T14:17:51.092+0000] {dagbag.py:541} INFO - Filling up the DagBag from /home/airflow/.local/lib/python3.7/site-packages/airflow/example_dags/example_time_delta_sensor_async.py
[2024-07-06T14:17:51.097+0000] {processor.py:836} INFO - DAG(s) dict_keys(['example_time_delta_sensor_async']) retrieved from /home/airflow/.local/lib/python3.7/site-packages/airflow/example_dags/example_time_delta_sensor_async.py
[2024-07-06T14:17:51.118+0000] {logging_mixin.py:150} INFO - [2024-07-06T14:17:51.118+0000] {dag.py:2742} INFO - Sync 1 DAGs
[2024-07-06T14:17:51.137+0000] {logging_mixin.py:150} INFO - [2024-07-06T14:17:51.137+0000] {dag.py:3508} INFO - Setting next_dagrun for example_time_delta_sensor_async to None, run_after=None
[2024-07-06T14:17:51.150+0000] {processor.py:179} INFO - Processing /home/airflow/.local/lib/python3.7/site-packages/airflow/example_dags/example_time_delta_sensor_async.py took 0.064 seconds
[2024-07-06T14:18:21.416+0000] {processor.py:157} INFO - Started process (PID=995) to work on /home/airflow/.local/lib/python3.7/site-packages/airflow/example_dags/example_time_delta_sensor_async.py
[2024-07-06T14:18:21.418+0000] {processor.py:826} INFO - Processing file /home/airflow/.local/lib/python3.7/site-packages/airflow/example_dags/example_time_delta_sensor_async.py for tasks to queue
[2024-07-06T14:18:21.419+0000] {logging_mixin.py:150} INFO - [2024-07-06T14:18:21.419+0000] {dagbag.py:541} INFO - Filling up the DagBag from /home/airflow/.local/lib/python3.7/site-packages/airflow/example_dags/example_time_delta_sensor_async.py
[2024-07-06T14:18:21.423+0000] {processor.py:836} INFO - DAG(s) dict_keys(['example_time_delta_sensor_async']) retrieved from /home/airflow/.local/lib/python3.7/site-packages/airflow/example_dags/example_time_delta_sensor_async.py
[2024-07-06T14:18:21.445+0000] {logging_mixin.py:150} INFO - [2024-07-06T14:18:21.445+0000] {dag.py:2742} INFO - Sync 1 DAGs
[2024-07-06T14:18:21.463+0000] {logging_mixin.py:150} INFO - [2024-07-06T14:18:21.463+0000] {dag.py:3508} INFO - Setting next_dagrun for example_time_delta_sensor_async to None, run_after=None
[2024-07-06T14:18:21.478+0000] {processor.py:179} INFO - Processing /home/airflow/.local/lib/python3.7/site-packages/airflow/example_dags/example_time_delta_sensor_async.py took 0.065 seconds
[2024-07-06T14:18:51.837+0000] {processor.py:157} INFO - Started process (PID=1058) to work on /home/airflow/.local/lib/python3.7/site-packages/airflow/example_dags/example_time_delta_sensor_async.py
[2024-07-06T14:18:51.839+0000] {processor.py:826} INFO - Processing file /home/airflow/.local/lib/python3.7/site-packages/airflow/example_dags/example_time_delta_sensor_async.py for tasks to queue
[2024-07-06T14:18:51.841+0000] {logging_mixin.py:150} INFO - [2024-07-06T14:18:51.840+0000] {dagbag.py:541} INFO - Filling up the DagBag from /home/airflow/.local/lib/python3.7/site-packages/airflow/example_dags/example_time_delta_sensor_async.py
[2024-07-06T14:18:51.845+0000] {processor.py:836} INFO - DAG(s) dict_keys(['example_time_delta_sensor_async']) retrieved from /home/airflow/.local/lib/python3.7/site-packages/airflow/example_dags/example_time_delta_sensor_async.py
[2024-07-06T14:18:51.866+0000] {logging_mixin.py:150} INFO - [2024-07-06T14:18:51.865+0000] {dag.py:2742} INFO - Sync 1 DAGs
[2024-07-06T14:18:51.883+0000] {logging_mixin.py:150} INFO - [2024-07-06T14:18:51.883+0000] {dag.py:3508} INFO - Setting next_dagrun for example_time_delta_sensor_async to None, run_after=None
[2024-07-06T14:18:51.896+0000] {processor.py:179} INFO - Processing /home/airflow/.local/lib/python3.7/site-packages/airflow/example_dags/example_time_delta_sensor_async.py took 0.063 seconds
[2024-07-06T14:19:22.142+0000] {processor.py:157} INFO - Started process (PID=1121) to work on /home/airflow/.local/lib/python3.7/site-packages/airflow/example_dags/example_time_delta_sensor_async.py
[2024-07-06T14:19:22.145+0000] {processor.py:826} INFO - Processing file /home/airflow/.local/lib/python3.7/site-packages/airflow/example_dags/example_time_delta_sensor_async.py for tasks to queue
[2024-07-06T14:19:22.147+0000] {logging_mixin.py:150} INFO - [2024-07-06T14:19:22.147+0000] {dagbag.py:541} INFO - Filling up the DagBag from /home/airflow/.local/lib/python3.7/site-packages/airflow/example_dags/example_time_delta_sensor_async.py
[2024-07-06T14:19:22.151+0000] {processor.py:836} INFO - DAG(s) dict_keys(['example_time_delta_sensor_async']) retrieved from /home/airflow/.local/lib/python3.7/site-packages/airflow/example_dags/example_time_delta_sensor_async.py
[2024-07-06T14:19:22.178+0000] {logging_mixin.py:150} INFO - [2024-07-06T14:19:22.178+0000] {dag.py:2742} INFO - Sync 1 DAGs
[2024-07-06T14:19:22.195+0000] {logging_mixin.py:150} INFO - [2024-07-06T14:19:22.195+0000] {dag.py:3508} INFO - Setting next_dagrun for example_time_delta_sensor_async to None, run_after=None
[2024-07-06T14:19:22.208+0000] {processor.py:179} INFO - Processing /home/airflow/.local/lib/python3.7/site-packages/airflow/example_dags/example_time_delta_sensor_async.py took 0.069 seconds
[2024-07-06T14:19:52.256+0000] {processor.py:157} INFO - Started process (PID=1184) to work on /home/airflow/.local/lib/python3.7/site-packages/airflow/example_dags/example_time_delta_sensor_async.py
[2024-07-06T14:19:52.258+0000] {processor.py:826} INFO - Processing file /home/airflow/.local/lib/python3.7/site-packages/airflow/example_dags/example_time_delta_sensor_async.py for tasks to queue
[2024-07-06T14:19:52.259+0000] {logging_mixin.py:150} INFO - [2024-07-06T14:19:52.259+0000] {dagbag.py:541} INFO - Filling up the DagBag from /home/airflow/.local/lib/python3.7/site-packages/airflow/example_dags/example_time_delta_sensor_async.py
[2024-07-06T14:19:52.263+0000] {processor.py:836} INFO - DAG(s) dict_keys(['example_time_delta_sensor_async']) retrieved from /home/airflow/.local/lib/python3.7/site-packages/airflow/example_dags/example_time_delta_sensor_async.py
[2024-07-06T14:19:52.285+0000] {logging_mixin.py:150} INFO - [2024-07-06T14:19:52.285+0000] {dag.py:2742} INFO - Sync 1 DAGs
[2024-07-06T14:19:52.304+0000] {logging_mixin.py:150} INFO - [2024-07-06T14:19:52.304+0000] {dag.py:3508} INFO - Setting next_dagrun for example_time_delta_sensor_async to None, run_after=None
[2024-07-06T14:19:52.321+0000] {processor.py:179} INFO - Processing /home/airflow/.local/lib/python3.7/site-packages/airflow/example_dags/example_time_delta_sensor_async.py took 0.068 seconds
[2024-07-06T14:20:22.849+0000] {processor.py:157} INFO - Started process (PID=1246) to work on /home/airflow/.local/lib/python3.7/site-packages/airflow/example_dags/example_time_delta_sensor_async.py
[2024-07-06T14:20:22.851+0000] {processor.py:826} INFO - Processing file /home/airflow/.local/lib/python3.7/site-packages/airflow/example_dags/example_time_delta_sensor_async.py for tasks to queue
[2024-07-06T14:20:22.852+0000] {logging_mixin.py:150} INFO - [2024-07-06T14:20:22.852+0000] {dagbag.py:541} INFO - Filling up the DagBag from /home/airflow/.local/lib/python3.7/site-packages/airflow/example_dags/example_time_delta_sensor_async.py
[2024-07-06T14:20:22.857+0000] {processor.py:836} INFO - DAG(s) dict_keys(['example_time_delta_sensor_async']) retrieved from /home/airflow/.local/lib/python3.7/site-packages/airflow/example_dags/example_time_delta_sensor_async.py
[2024-07-06T14:20:22.880+0000] {logging_mixin.py:150} INFO - [2024-07-06T14:20:22.880+0000] {dag.py:2742} INFO - Sync 1 DAGs
[2024-07-06T14:20:22.897+0000] {logging_mixin.py:150} INFO - [2024-07-06T14:20:22.897+0000] {dag.py:3508} INFO - Setting next_dagrun for example_time_delta_sensor_async to None, run_after=None
[2024-07-06T14:20:22.911+0000] {processor.py:179} INFO - Processing /home/airflow/.local/lib/python3.7/site-packages/airflow/example_dags/example_time_delta_sensor_async.py took 0.065 seconds
[2024-07-06T14:20:53.404+0000] {processor.py:157} INFO - Started process (PID=1309) to work on /home/airflow/.local/lib/python3.7/site-packages/airflow/example_dags/example_time_delta_sensor_async.py
[2024-07-06T14:20:53.406+0000] {processor.py:826} INFO - Processing file /home/airflow/.local/lib/python3.7/site-packages/airflow/example_dags/example_time_delta_sensor_async.py for tasks to queue
[2024-07-06T14:20:53.409+0000] {logging_mixin.py:150} INFO - [2024-07-06T14:20:53.408+0000] {dagbag.py:541} INFO - Filling up the DagBag from /home/airflow/.local/lib/python3.7/site-packages/airflow/example_dags/example_time_delta_sensor_async.py
[2024-07-06T14:20:53.417+0000] {processor.py:836} INFO - DAG(s) dict_keys(['example_time_delta_sensor_async']) retrieved from /home/airflow/.local/lib/python3.7/site-packages/airflow/example_dags/example_time_delta_sensor_async.py
[2024-07-06T14:20:53.449+0000] {logging_mixin.py:150} INFO - [2024-07-06T14:20:53.448+0000] {dag.py:2742} INFO - Sync 1 DAGs
[2024-07-06T14:20:53.471+0000] {logging_mixin.py:150} INFO - [2024-07-06T14:20:53.471+0000] {dag.py:3508} INFO - Setting next_dagrun for example_time_delta_sensor_async to None, run_after=None
[2024-07-06T14:20:53.486+0000] {processor.py:179} INFO - Processing /home/airflow/.local/lib/python3.7/site-packages/airflow/example_dags/example_time_delta_sensor_async.py took 0.086 seconds
[2024-07-06T14:21:23.987+0000] {processor.py:157} INFO - Started process (PID=1372) to work on /home/airflow/.local/lib/python3.7/site-packages/airflow/example_dags/example_time_delta_sensor_async.py
[2024-07-06T14:21:23.989+0000] {processor.py:826} INFO - Processing file /home/airflow/.local/lib/python3.7/site-packages/airflow/example_dags/example_time_delta_sensor_async.py for tasks to queue
[2024-07-06T14:21:23.990+0000] {logging_mixin.py:150} INFO - [2024-07-06T14:21:23.990+0000] {dagbag.py:541} INFO - Filling up the DagBag from /home/airflow/.local/lib/python3.7/site-packages/airflow/example_dags/example_time_delta_sensor_async.py
[2024-07-06T14:21:23.994+0000] {processor.py:836} INFO - DAG(s) dict_keys(['example_time_delta_sensor_async']) retrieved from /home/airflow/.local/lib/python3.7/site-packages/airflow/example_dags/example_time_delta_sensor_async.py
[2024-07-06T14:21:24.021+0000] {logging_mixin.py:150} INFO - [2024-07-06T14:21:24.021+0000] {dag.py:2742} INFO - Sync 1 DAGs
[2024-07-06T14:21:24.041+0000] {logging_mixin.py:150} INFO - [2024-07-06T14:21:24.040+0000] {dag.py:3508} INFO - Setting next_dagrun for example_time_delta_sensor_async to None, run_after=None
[2024-07-06T14:21:24.054+0000] {processor.py:179} INFO - Processing /home/airflow/.local/lib/python3.7/site-packages/airflow/example_dags/example_time_delta_sensor_async.py took 0.069 seconds
[2024-07-06T14:21:54.424+0000] {processor.py:157} INFO - Started process (PID=1435) to work on /home/airflow/.local/lib/python3.7/site-packages/airflow/example_dags/example_time_delta_sensor_async.py
[2024-07-06T14:21:54.426+0000] {processor.py:826} INFO - Processing file /home/airflow/.local/lib/python3.7/site-packages/airflow/example_dags/example_time_delta_sensor_async.py for tasks to queue
[2024-07-06T14:21:54.427+0000] {logging_mixin.py:150} INFO - [2024-07-06T14:21:54.427+0000] {dagbag.py:541} INFO - Filling up the DagBag from /home/airflow/.local/lib/python3.7/site-packages/airflow/example_dags/example_time_delta_sensor_async.py
[2024-07-06T14:21:54.432+0000] {processor.py:836} INFO - DAG(s) dict_keys(['example_time_delta_sensor_async']) retrieved from /home/airflow/.local/lib/python3.7/site-packages/airflow/example_dags/example_time_delta_sensor_async.py
[2024-07-06T14:21:54.455+0000] {logging_mixin.py:150} INFO - [2024-07-06T14:21:54.455+0000] {dag.py:2742} INFO - Sync 1 DAGs
[2024-07-06T14:21:54.474+0000] {logging_mixin.py:150} INFO - [2024-07-06T14:21:54.474+0000] {dag.py:3508} INFO - Setting next_dagrun for example_time_delta_sensor_async to None, run_after=None
[2024-07-06T14:21:54.487+0000] {processor.py:179} INFO - Processing /home/airflow/.local/lib/python3.7/site-packages/airflow/example_dags/example_time_delta_sensor_async.py took 0.066 seconds
[2024-07-06T14:22:24.765+0000] {processor.py:157} INFO - Started process (PID=1498) to work on /home/airflow/.local/lib/python3.7/site-packages/airflow/example_dags/example_time_delta_sensor_async.py
[2024-07-06T14:22:24.767+0000] {processor.py:826} INFO - Processing file /home/airflow/.local/lib/python3.7/site-packages/airflow/example_dags/example_time_delta_sensor_async.py for tasks to queue
[2024-07-06T14:22:24.770+0000] {logging_mixin.py:150} INFO - [2024-07-06T14:22:24.770+0000] {dagbag.py:541} INFO - Filling up the DagBag from /home/airflow/.local/lib/python3.7/site-packages/airflow/example_dags/example_time_delta_sensor_async.py
[2024-07-06T14:22:24.775+0000] {processor.py:836} INFO - DAG(s) dict_keys(['example_time_delta_sensor_async']) retrieved from /home/airflow/.local/lib/python3.7/site-packages/airflow/example_dags/example_time_delta_sensor_async.py
[2024-07-06T14:22:24.797+0000] {logging_mixin.py:150} INFO - [2024-07-06T14:22:24.797+0000] {dag.py:2742} INFO - Sync 1 DAGs
[2024-07-06T14:22:24.819+0000] {logging_mixin.py:150} INFO - [2024-07-06T14:22:24.819+0000] {dag.py:3508} INFO - Setting next_dagrun for example_time_delta_sensor_async to None, run_after=None
[2024-07-06T14:22:24.831+0000] {processor.py:179} INFO - Processing /home/airflow/.local/lib/python3.7/site-packages/airflow/example_dags/example_time_delta_sensor_async.py took 0.068 seconds
[2024-07-06T14:22:55.191+0000] {processor.py:157} INFO - Started process (PID=1561) to work on /home/airflow/.local/lib/python3.7/site-packages/airflow/example_dags/example_time_delta_sensor_async.py
[2024-07-06T14:22:55.193+0000] {processor.py:826} INFO - Processing file /home/airflow/.local/lib/python3.7/site-packages/airflow/example_dags/example_time_delta_sensor_async.py for tasks to queue
[2024-07-06T14:22:55.194+0000] {logging_mixin.py:150} INFO - [2024-07-06T14:22:55.194+0000] {dagbag.py:541} INFO - Filling up the DagBag from /home/airflow/.local/lib/python3.7/site-packages/airflow/example_dags/example_time_delta_sensor_async.py
[2024-07-06T14:22:55.198+0000] {processor.py:836} INFO - DAG(s) dict_keys(['example_time_delta_sensor_async']) retrieved from /home/airflow/.local/lib/python3.7/site-packages/airflow/example_dags/example_time_delta_sensor_async.py
[2024-07-06T14:22:55.220+0000] {logging_mixin.py:150} INFO - [2024-07-06T14:22:55.220+0000] {dag.py:2742} INFO - Sync 1 DAGs
[2024-07-06T14:22:55.237+0000] {logging_mixin.py:150} INFO - [2024-07-06T14:22:55.237+0000] {dag.py:3508} INFO - Setting next_dagrun for example_time_delta_sensor_async to None, run_after=None
[2024-07-06T14:22:55.255+0000] {processor.py:179} INFO - Processing /home/airflow/.local/lib/python3.7/site-packages/airflow/example_dags/example_time_delta_sensor_async.py took 0.067 seconds
[2024-07-06T14:23:25.385+0000] {processor.py:157} INFO - Started process (PID=1624) to work on /home/airflow/.local/lib/python3.7/site-packages/airflow/example_dags/example_time_delta_sensor_async.py
[2024-07-06T14:23:25.387+0000] {processor.py:826} INFO - Processing file /home/airflow/.local/lib/python3.7/site-packages/airflow/example_dags/example_time_delta_sensor_async.py for tasks to queue
[2024-07-06T14:23:25.389+0000] {logging_mixin.py:150} INFO - [2024-07-06T14:23:25.389+0000] {dagbag.py:541} INFO - Filling up the DagBag from /home/airflow/.local/lib/python3.7/site-packages/airflow/example_dags/example_time_delta_sensor_async.py
[2024-07-06T14:23:25.394+0000] {processor.py:836} INFO - DAG(s) dict_keys(['example_time_delta_sensor_async']) retrieved from /home/airflow/.local/lib/python3.7/site-packages/airflow/example_dags/example_time_delta_sensor_async.py
[2024-07-06T14:23:25.419+0000] {logging_mixin.py:150} INFO - [2024-07-06T14:23:25.419+0000] {dag.py:2742} INFO - Sync 1 DAGs
[2024-07-06T14:23:25.438+0000] {logging_mixin.py:150} INFO - [2024-07-06T14:23:25.437+0000] {dag.py:3508} INFO - Setting next_dagrun for example_time_delta_sensor_async to None, run_after=None
[2024-07-06T14:23:25.455+0000] {processor.py:179} INFO - Processing /home/airflow/.local/lib/python3.7/site-packages/airflow/example_dags/example_time_delta_sensor_async.py took 0.074 seconds
[2024-07-06T14:23:55.922+0000] {processor.py:157} INFO - Started process (PID=1687) to work on /home/airflow/.local/lib/python3.7/site-packages/airflow/example_dags/example_time_delta_sensor_async.py
[2024-07-06T14:23:55.924+0000] {processor.py:826} INFO - Processing file /home/airflow/.local/lib/python3.7/site-packages/airflow/example_dags/example_time_delta_sensor_async.py for tasks to queue
[2024-07-06T14:23:55.925+0000] {logging_mixin.py:150} INFO - [2024-07-06T14:23:55.925+0000] {dagbag.py:541} INFO - Filling up the DagBag from /home/airflow/.local/lib/python3.7/site-packages/airflow/example_dags/example_time_delta_sensor_async.py
[2024-07-06T14:23:55.930+0000] {processor.py:836} INFO - DAG(s) dict_keys(['example_time_delta_sensor_async']) retrieved from /home/airflow/.local/lib/python3.7/site-packages/airflow/example_dags/example_time_delta_sensor_async.py
[2024-07-06T14:23:55.955+0000] {logging_mixin.py:150} INFO - [2024-07-06T14:23:55.955+0000] {dag.py:2742} INFO - Sync 1 DAGs
[2024-07-06T14:23:55.976+0000] {logging_mixin.py:150} INFO - [2024-07-06T14:23:55.976+0000] {dag.py:3508} INFO - Setting next_dagrun for example_time_delta_sensor_async to None, run_after=None
[2024-07-06T14:23:55.994+0000] {processor.py:179} INFO - Processing /home/airflow/.local/lib/python3.7/site-packages/airflow/example_dags/example_time_delta_sensor_async.py took 0.079 seconds
[2024-07-06T14:24:26.421+0000] {processor.py:157} INFO - Started process (PID=1750) to work on /home/airflow/.local/lib/python3.7/site-packages/airflow/example_dags/example_time_delta_sensor_async.py
[2024-07-06T14:24:26.424+0000] {processor.py:826} INFO - Processing file /home/airflow/.local/lib/python3.7/site-packages/airflow/example_dags/example_time_delta_sensor_async.py for tasks to queue
[2024-07-06T14:24:26.426+0000] {logging_mixin.py:150} INFO - [2024-07-06T14:24:26.426+0000] {dagbag.py:541} INFO - Filling up the DagBag from /home/airflow/.local/lib/python3.7/site-packages/airflow/example_dags/example_time_delta_sensor_async.py
[2024-07-06T14:24:26.431+0000] {processor.py:836} INFO - DAG(s) dict_keys(['example_time_delta_sensor_async']) retrieved from /home/airflow/.local/lib/python3.7/site-packages/airflow/example_dags/example_time_delta_sensor_async.py
[2024-07-06T14:24:26.454+0000] {logging_mixin.py:150} INFO - [2024-07-06T14:24:26.453+0000] {dag.py:2742} INFO - Sync 1 DAGs
[2024-07-06T14:24:26.471+0000] {logging_mixin.py:150} INFO - [2024-07-06T14:24:26.471+0000] {dag.py:3508} INFO - Setting next_dagrun for example_time_delta_sensor_async to None, run_after=None
[2024-07-06T14:24:26.485+0000] {processor.py:179} INFO - Processing /home/airflow/.local/lib/python3.7/site-packages/airflow/example_dags/example_time_delta_sensor_async.py took 0.068 seconds
[2024-07-06T14:24:57.432+0000] {processor.py:157} INFO - Started process (PID=1813) to work on /home/airflow/.local/lib/python3.7/site-packages/airflow/example_dags/example_time_delta_sensor_async.py
[2024-07-06T14:24:57.434+0000] {processor.py:826} INFO - Processing file /home/airflow/.local/lib/python3.7/site-packages/airflow/example_dags/example_time_delta_sensor_async.py for tasks to queue
[2024-07-06T14:24:57.435+0000] {logging_mixin.py:150} INFO - [2024-07-06T14:24:57.435+0000] {dagbag.py:541} INFO - Filling up the DagBag from /home/airflow/.local/lib/python3.7/site-packages/airflow/example_dags/example_time_delta_sensor_async.py
[2024-07-06T14:24:57.440+0000] {processor.py:836} INFO - DAG(s) dict_keys(['example_time_delta_sensor_async']) retrieved from /home/airflow/.local/lib/python3.7/site-packages/airflow/example_dags/example_time_delta_sensor_async.py
[2024-07-06T14:24:57.463+0000] {logging_mixin.py:150} INFO - [2024-07-06T14:24:57.463+0000] {dag.py:2742} INFO - Sync 1 DAGs
[2024-07-06T14:24:57.481+0000] {logging_mixin.py:150} INFO - [2024-07-06T14:24:57.481+0000] {dag.py:3508} INFO - Setting next_dagrun for example_time_delta_sensor_async to None, run_after=None
[2024-07-06T14:24:57.493+0000] {processor.py:179} INFO - Processing /home/airflow/.local/lib/python3.7/site-packages/airflow/example_dags/example_time_delta_sensor_async.py took 0.064 seconds
[2024-07-06T14:25:27.699+0000] {processor.py:157} INFO - Started process (PID=1877) to work on /home/airflow/.local/lib/python3.7/site-packages/airflow/example_dags/example_time_delta_sensor_async.py
[2024-07-06T14:25:27.700+0000] {processor.py:826} INFO - Processing file /home/airflow/.local/lib/python3.7/site-packages/airflow/example_dags/example_time_delta_sensor_async.py for tasks to queue
[2024-07-06T14:25:27.702+0000] {logging_mixin.py:150} INFO - [2024-07-06T14:25:27.701+0000] {dagbag.py:541} INFO - Filling up the DagBag from /home/airflow/.local/lib/python3.7/site-packages/airflow/example_dags/example_time_delta_sensor_async.py
[2024-07-06T14:25:27.706+0000] {processor.py:836} INFO - DAG(s) dict_keys(['example_time_delta_sensor_async']) retrieved from /home/airflow/.local/lib/python3.7/site-packages/airflow/example_dags/example_time_delta_sensor_async.py
[2024-07-06T14:25:27.730+0000] {logging_mixin.py:150} INFO - [2024-07-06T14:25:27.730+0000] {dag.py:2742} INFO - Sync 1 DAGs
[2024-07-06T14:25:27.753+0000] {logging_mixin.py:150} INFO - [2024-07-06T14:25:27.752+0000] {dag.py:3508} INFO - Setting next_dagrun for example_time_delta_sensor_async to None, run_after=None
[2024-07-06T14:25:27.770+0000] {processor.py:179} INFO - Processing /home/airflow/.local/lib/python3.7/site-packages/airflow/example_dags/example_time_delta_sensor_async.py took 0.074 seconds
[2024-07-06T14:25:58.534+0000] {processor.py:157} INFO - Started process (PID=1939) to work on /home/airflow/.local/lib/python3.7/site-packages/airflow/example_dags/example_time_delta_sensor_async.py
[2024-07-06T14:25:58.535+0000] {processor.py:826} INFO - Processing file /home/airflow/.local/lib/python3.7/site-packages/airflow/example_dags/example_time_delta_sensor_async.py for tasks to queue
[2024-07-06T14:25:58.537+0000] {logging_mixin.py:150} INFO - [2024-07-06T14:25:58.536+0000] {dagbag.py:541} INFO - Filling up the DagBag from /home/airflow/.local/lib/python3.7/site-packages/airflow/example_dags/example_time_delta_sensor_async.py
[2024-07-06T14:25:58.541+0000] {processor.py:836} INFO - DAG(s) dict_keys(['example_time_delta_sensor_async']) retrieved from /home/airflow/.local/lib/python3.7/site-packages/airflow/example_dags/example_time_delta_sensor_async.py
[2024-07-06T14:25:58.563+0000] {logging_mixin.py:150} INFO - [2024-07-06T14:25:58.563+0000] {dag.py:2742} INFO - Sync 1 DAGs
[2024-07-06T14:25:58.581+0000] {logging_mixin.py:150} INFO - [2024-07-06T14:25:58.581+0000] {dag.py:3508} INFO - Setting next_dagrun for example_time_delta_sensor_async to None, run_after=None
[2024-07-06T14:25:58.593+0000] {processor.py:179} INFO - Processing /home/airflow/.local/lib/python3.7/site-packages/airflow/example_dags/example_time_delta_sensor_async.py took 0.062 seconds
[2024-07-06T14:26:29.334+0000] {processor.py:157} INFO - Started process (PID=2003) to work on /home/airflow/.local/lib/python3.7/site-packages/airflow/example_dags/example_time_delta_sensor_async.py
[2024-07-06T14:26:29.336+0000] {processor.py:826} INFO - Processing file /home/airflow/.local/lib/python3.7/site-packages/airflow/example_dags/example_time_delta_sensor_async.py for tasks to queue
[2024-07-06T14:26:29.338+0000] {logging_mixin.py:150} INFO - [2024-07-06T14:26:29.338+0000] {dagbag.py:541} INFO - Filling up the DagBag from /home/airflow/.local/lib/python3.7/site-packages/airflow/example_dags/example_time_delta_sensor_async.py
[2024-07-06T14:26:29.342+0000] {processor.py:836} INFO - DAG(s) dict_keys(['example_time_delta_sensor_async']) retrieved from /home/airflow/.local/lib/python3.7/site-packages/airflow/example_dags/example_time_delta_sensor_async.py
[2024-07-06T14:26:29.366+0000] {logging_mixin.py:150} INFO - [2024-07-06T14:26:29.366+0000] {dag.py:2742} INFO - Sync 1 DAGs
[2024-07-06T14:26:29.384+0000] {logging_mixin.py:150} INFO - [2024-07-06T14:26:29.384+0000] {dag.py:3508} INFO - Setting next_dagrun for example_time_delta_sensor_async to None, run_after=None
[2024-07-06T14:26:29.397+0000] {processor.py:179} INFO - Processing /home/airflow/.local/lib/python3.7/site-packages/airflow/example_dags/example_time_delta_sensor_async.py took 0.066 seconds
[2024-07-06T14:26:59.661+0000] {processor.py:157} INFO - Started process (PID=2066) to work on /home/airflow/.local/lib/python3.7/site-packages/airflow/example_dags/example_time_delta_sensor_async.py
[2024-07-06T14:26:59.663+0000] {processor.py:826} INFO - Processing file /home/airflow/.local/lib/python3.7/site-packages/airflow/example_dags/example_time_delta_sensor_async.py for tasks to queue
[2024-07-06T14:26:59.664+0000] {logging_mixin.py:150} INFO - [2024-07-06T14:26:59.664+0000] {dagbag.py:541} INFO - Filling up the DagBag from /home/airflow/.local/lib/python3.7/site-packages/airflow/example_dags/example_time_delta_sensor_async.py
[2024-07-06T14:26:59.669+0000] {processor.py:836} INFO - DAG(s) dict_keys(['example_time_delta_sensor_async']) retrieved from /home/airflow/.local/lib/python3.7/site-packages/airflow/example_dags/example_time_delta_sensor_async.py
[2024-07-06T14:26:59.692+0000] {logging_mixin.py:150} INFO - [2024-07-06T14:26:59.692+0000] {dag.py:2742} INFO - Sync 1 DAGs
[2024-07-06T14:26:59.711+0000] {logging_mixin.py:150} INFO - [2024-07-06T14:26:59.711+0000] {dag.py:3508} INFO - Setting next_dagrun for example_time_delta_sensor_async to None, run_after=None
[2024-07-06T14:26:59.728+0000] {processor.py:179} INFO - Processing /home/airflow/.local/lib/python3.7/site-packages/airflow/example_dags/example_time_delta_sensor_async.py took 0.070 seconds
[2024-07-06T14:27:30.067+0000] {processor.py:157} INFO - Started process (PID=2128) to work on /home/airflow/.local/lib/python3.7/site-packages/airflow/example_dags/example_time_delta_sensor_async.py
[2024-07-06T14:27:30.069+0000] {processor.py:826} INFO - Processing file /home/airflow/.local/lib/python3.7/site-packages/airflow/example_dags/example_time_delta_sensor_async.py for tasks to queue
[2024-07-06T14:27:30.070+0000] {logging_mixin.py:150} INFO - [2024-07-06T14:27:30.070+0000] {dagbag.py:541} INFO - Filling up the DagBag from /home/airflow/.local/lib/python3.7/site-packages/airflow/example_dags/example_time_delta_sensor_async.py
[2024-07-06T14:27:30.075+0000] {processor.py:836} INFO - DAG(s) dict_keys(['example_time_delta_sensor_async']) retrieved from /home/airflow/.local/lib/python3.7/site-packages/airflow/example_dags/example_time_delta_sensor_async.py
[2024-07-06T14:27:30.096+0000] {logging_mixin.py:150} INFO - [2024-07-06T14:27:30.096+0000] {dag.py:2742} INFO - Sync 1 DAGs
[2024-07-06T14:27:30.113+0000] {logging_mixin.py:150} INFO - [2024-07-06T14:27:30.113+0000] {dag.py:3508} INFO - Setting next_dagrun for example_time_delta_sensor_async to None, run_after=None
[2024-07-06T14:27:30.128+0000] {processor.py:179} INFO - Processing /home/airflow/.local/lib/python3.7/site-packages/airflow/example_dags/example_time_delta_sensor_async.py took 0.064 seconds
[2024-07-06T14:28:00.787+0000] {processor.py:157} INFO - Started process (PID=2196) to work on /home/airflow/.local/lib/python3.7/site-packages/airflow/example_dags/example_time_delta_sensor_async.py
[2024-07-06T14:28:00.789+0000] {processor.py:826} INFO - Processing file /home/airflow/.local/lib/python3.7/site-packages/airflow/example_dags/example_time_delta_sensor_async.py for tasks to queue
[2024-07-06T14:28:00.790+0000] {logging_mixin.py:150} INFO - [2024-07-06T14:28:00.790+0000] {dagbag.py:541} INFO - Filling up the DagBag from /home/airflow/.local/lib/python3.7/site-packages/airflow/example_dags/example_time_delta_sensor_async.py
[2024-07-06T14:28:00.795+0000] {processor.py:836} INFO - DAG(s) dict_keys(['example_time_delta_sensor_async']) retrieved from /home/airflow/.local/lib/python3.7/site-packages/airflow/example_dags/example_time_delta_sensor_async.py
[2024-07-06T14:28:00.819+0000] {logging_mixin.py:150} INFO - [2024-07-06T14:28:00.819+0000] {dag.py:2742} INFO - Sync 1 DAGs
[2024-07-06T14:28:00.837+0000] {logging_mixin.py:150} INFO - [2024-07-06T14:28:00.837+0000] {dag.py:3508} INFO - Setting next_dagrun for example_time_delta_sensor_async to None, run_after=None
[2024-07-06T14:28:00.850+0000] {processor.py:179} INFO - Processing /home/airflow/.local/lib/python3.7/site-packages/airflow/example_dags/example_time_delta_sensor_async.py took 0.067 seconds
[2024-07-06T14:28:31.434+0000] {processor.py:157} INFO - Started process (PID=2264) to work on /home/airflow/.local/lib/python3.7/site-packages/airflow/example_dags/example_time_delta_sensor_async.py
[2024-07-06T14:28:31.436+0000] {processor.py:826} INFO - Processing file /home/airflow/.local/lib/python3.7/site-packages/airflow/example_dags/example_time_delta_sensor_async.py for tasks to queue
[2024-07-06T14:28:31.438+0000] {logging_mixin.py:150} INFO - [2024-07-06T14:28:31.438+0000] {dagbag.py:541} INFO - Filling up the DagBag from /home/airflow/.local/lib/python3.7/site-packages/airflow/example_dags/example_time_delta_sensor_async.py
[2024-07-06T14:28:31.444+0000] {processor.py:836} INFO - DAG(s) dict_keys(['example_time_delta_sensor_async']) retrieved from /home/airflow/.local/lib/python3.7/site-packages/airflow/example_dags/example_time_delta_sensor_async.py
[2024-07-06T14:28:31.478+0000] {logging_mixin.py:150} INFO - [2024-07-06T14:28:31.478+0000] {dag.py:2742} INFO - Sync 1 DAGs
[2024-07-06T14:28:31.498+0000] {logging_mixin.py:150} INFO - [2024-07-06T14:28:31.498+0000] {dag.py:3508} INFO - Setting next_dagrun for example_time_delta_sensor_async to None, run_after=None
[2024-07-06T14:28:31.514+0000] {processor.py:179} INFO - Processing /home/airflow/.local/lib/python3.7/site-packages/airflow/example_dags/example_time_delta_sensor_async.py took 0.084 seconds
[2024-07-06T14:29:02.271+0000] {processor.py:157} INFO - Started process (PID=2327) to work on /home/airflow/.local/lib/python3.7/site-packages/airflow/example_dags/example_time_delta_sensor_async.py
[2024-07-06T14:29:02.272+0000] {processor.py:826} INFO - Processing file /home/airflow/.local/lib/python3.7/site-packages/airflow/example_dags/example_time_delta_sensor_async.py for tasks to queue
[2024-07-06T14:29:02.273+0000] {logging_mixin.py:150} INFO - [2024-07-06T14:29:02.273+0000] {dagbag.py:541} INFO - Filling up the DagBag from /home/airflow/.local/lib/python3.7/site-packages/airflow/example_dags/example_time_delta_sensor_async.py
[2024-07-06T14:29:02.278+0000] {processor.py:836} INFO - DAG(s) dict_keys(['example_time_delta_sensor_async']) retrieved from /home/airflow/.local/lib/python3.7/site-packages/airflow/example_dags/example_time_delta_sensor_async.py
[2024-07-06T14:29:02.299+0000] {logging_mixin.py:150} INFO - [2024-07-06T14:29:02.299+0000] {dag.py:2742} INFO - Sync 1 DAGs
[2024-07-06T14:29:02.318+0000] {logging_mixin.py:150} INFO - [2024-07-06T14:29:02.318+0000] {dag.py:3508} INFO - Setting next_dagrun for example_time_delta_sensor_async to None, run_after=None
[2024-07-06T14:29:02.331+0000] {processor.py:179} INFO - Processing /home/airflow/.local/lib/python3.7/site-packages/airflow/example_dags/example_time_delta_sensor_async.py took 0.063 seconds
[2024-07-06T14:29:33.267+0000] {processor.py:157} INFO - Started process (PID=2394) to work on /home/airflow/.local/lib/python3.7/site-packages/airflow/example_dags/example_time_delta_sensor_async.py
[2024-07-06T14:29:33.274+0000] {processor.py:826} INFO - Processing file /home/airflow/.local/lib/python3.7/site-packages/airflow/example_dags/example_time_delta_sensor_async.py for tasks to queue
[2024-07-06T14:29:33.281+0000] {logging_mixin.py:150} INFO - [2024-07-06T14:29:33.279+0000] {dagbag.py:541} INFO - Filling up the DagBag from /home/airflow/.local/lib/python3.7/site-packages/airflow/example_dags/example_time_delta_sensor_async.py
[2024-07-06T14:29:33.300+0000] {processor.py:836} INFO - DAG(s) dict_keys(['example_time_delta_sensor_async']) retrieved from /home/airflow/.local/lib/python3.7/site-packages/airflow/example_dags/example_time_delta_sensor_async.py
[2024-07-06T14:29:33.344+0000] {logging_mixin.py:150} INFO - [2024-07-06T14:29:33.344+0000] {dag.py:2742} INFO - Sync 1 DAGs
[2024-07-06T14:29:33.368+0000] {logging_mixin.py:150} INFO - [2024-07-06T14:29:33.368+0000] {dag.py:3508} INFO - Setting next_dagrun for example_time_delta_sensor_async to None, run_after=None
[2024-07-06T14:29:33.396+0000] {processor.py:179} INFO - Processing /home/airflow/.local/lib/python3.7/site-packages/airflow/example_dags/example_time_delta_sensor_async.py took 0.135 seconds
[2024-07-06T14:30:03.837+0000] {processor.py:157} INFO - Started process (PID=2457) to work on /home/airflow/.local/lib/python3.7/site-packages/airflow/example_dags/example_time_delta_sensor_async.py
[2024-07-06T14:30:03.839+0000] {processor.py:826} INFO - Processing file /home/airflow/.local/lib/python3.7/site-packages/airflow/example_dags/example_time_delta_sensor_async.py for tasks to queue
[2024-07-06T14:30:03.840+0000] {logging_mixin.py:150} INFO - [2024-07-06T14:30:03.840+0000] {dagbag.py:541} INFO - Filling up the DagBag from /home/airflow/.local/lib/python3.7/site-packages/airflow/example_dags/example_time_delta_sensor_async.py
[2024-07-06T14:30:03.845+0000] {processor.py:836} INFO - DAG(s) dict_keys(['example_time_delta_sensor_async']) retrieved from /home/airflow/.local/lib/python3.7/site-packages/airflow/example_dags/example_time_delta_sensor_async.py
[2024-07-06T14:30:03.871+0000] {logging_mixin.py:150} INFO - [2024-07-06T14:30:03.871+0000] {dag.py:2742} INFO - Sync 1 DAGs
[2024-07-06T14:30:03.891+0000] {logging_mixin.py:150} INFO - [2024-07-06T14:30:03.891+0000] {dag.py:3508} INFO - Setting next_dagrun for example_time_delta_sensor_async to None, run_after=None
[2024-07-06T14:30:03.904+0000] {processor.py:179} INFO - Processing /home/airflow/.local/lib/python3.7/site-packages/airflow/example_dags/example_time_delta_sensor_async.py took 0.070 seconds
[2024-07-06T14:30:35.048+0000] {processor.py:157} INFO - Started process (PID=2520) to work on /home/airflow/.local/lib/python3.7/site-packages/airflow/example_dags/example_time_delta_sensor_async.py
[2024-07-06T14:30:35.049+0000] {processor.py:826} INFO - Processing file /home/airflow/.local/lib/python3.7/site-packages/airflow/example_dags/example_time_delta_sensor_async.py for tasks to queue
[2024-07-06T14:30:35.051+0000] {logging_mixin.py:150} INFO - [2024-07-06T14:30:35.050+0000] {dagbag.py:541} INFO - Filling up the DagBag from /home/airflow/.local/lib/python3.7/site-packages/airflow/example_dags/example_time_delta_sensor_async.py
[2024-07-06T14:30:35.056+0000] {processor.py:836} INFO - DAG(s) dict_keys(['example_time_delta_sensor_async']) retrieved from /home/airflow/.local/lib/python3.7/site-packages/airflow/example_dags/example_time_delta_sensor_async.py
[2024-07-06T14:30:35.079+0000] {logging_mixin.py:150} INFO - [2024-07-06T14:30:35.079+0000] {dag.py:2742} INFO - Sync 1 DAGs
[2024-07-06T14:30:35.102+0000] {logging_mixin.py:150} INFO - [2024-07-06T14:30:35.102+0000] {dag.py:3508} INFO - Setting next_dagrun for example_time_delta_sensor_async to None, run_after=None
[2024-07-06T14:30:35.120+0000] {processor.py:179} INFO - Processing /home/airflow/.local/lib/python3.7/site-packages/airflow/example_dags/example_time_delta_sensor_async.py took 0.075 seconds
