[2024-07-06T14:10:46.013+0000] {processor.py:157} INFO - Started process (PID=74) to work on /home/airflow/.local/lib/python3.7/site-packages/airflow/example_dags/example_local_kubernetes_executor.py
[2024-07-06T14:10:46.015+0000] {processor.py:826} INFO - Processing file /home/airflow/.local/lib/python3.7/site-packages/airflow/example_dags/example_local_kubernetes_executor.py for tasks to queue
[2024-07-06T14:10:46.017+0000] {logging_mixin.py:150} INFO - [2024-07-06T14:10:46.016+0000] {dagbag.py:541} INFO - Filling up the DagBag from /home/airflow/.local/lib/python3.7/site-packages/airflow/example_dags/example_local_kubernetes_executor.py
[2024-07-06T14:10:46.259+0000] {processor.py:836} INFO - DAG(s) dict_keys(['example_local_kubernetes_executor']) retrieved from /home/airflow/.local/lib/python3.7/site-packages/airflow/example_dags/example_local_kubernetes_executor.py
[2024-07-06T14:10:46.280+0000] {logging_mixin.py:150} INFO - [2024-07-06T14:10:46.280+0000] {dag.py:2742} INFO - Sync 1 DAGs
[2024-07-06T14:10:46.304+0000] {logging_mixin.py:150} INFO - [2024-07-06T14:10:46.304+0000] {dag.py:3508} INFO - Setting next_dagrun for example_local_kubernetes_executor to None, run_after=None
[2024-07-06T14:10:46.319+0000] {processor.py:179} INFO - Processing /home/airflow/.local/lib/python3.7/site-packages/airflow/example_dags/example_local_kubernetes_executor.py took 0.309 seconds
[2024-07-06T14:11:17.009+0000] {processor.py:157} INFO - Started process (PID=136) to work on /home/airflow/.local/lib/python3.7/site-packages/airflow/example_dags/example_local_kubernetes_executor.py
[2024-07-06T14:11:17.011+0000] {processor.py:826} INFO - Processing file /home/airflow/.local/lib/python3.7/site-packages/airflow/example_dags/example_local_kubernetes_executor.py for tasks to queue
[2024-07-06T14:11:17.013+0000] {logging_mixin.py:150} INFO - [2024-07-06T14:11:17.013+0000] {dagbag.py:541} INFO - Filling up the DagBag from /home/airflow/.local/lib/python3.7/site-packages/airflow/example_dags/example_local_kubernetes_executor.py
[2024-07-06T14:11:17.217+0000] {processor.py:836} INFO - DAG(s) dict_keys(['example_local_kubernetes_executor']) retrieved from /home/airflow/.local/lib/python3.7/site-packages/airflow/example_dags/example_local_kubernetes_executor.py
[2024-07-06T14:11:17.263+0000] {logging_mixin.py:150} INFO - [2024-07-06T14:11:17.262+0000] {dag.py:2742} INFO - Sync 1 DAGs
[2024-07-06T14:11:17.285+0000] {logging_mixin.py:150} INFO - [2024-07-06T14:11:17.285+0000] {dag.py:3508} INFO - Setting next_dagrun for example_local_kubernetes_executor to None, run_after=None
[2024-07-06T14:11:17.302+0000] {processor.py:179} INFO - Processing /home/airflow/.local/lib/python3.7/site-packages/airflow/example_dags/example_local_kubernetes_executor.py took 0.297 seconds
[2024-07-06T14:11:47.680+0000] {processor.py:157} INFO - Started process (PID=199) to work on /home/airflow/.local/lib/python3.7/site-packages/airflow/example_dags/example_local_kubernetes_executor.py
[2024-07-06T14:11:47.682+0000] {processor.py:826} INFO - Processing file /home/airflow/.local/lib/python3.7/site-packages/airflow/example_dags/example_local_kubernetes_executor.py for tasks to queue
[2024-07-06T14:11:47.684+0000] {logging_mixin.py:150} INFO - [2024-07-06T14:11:47.683+0000] {dagbag.py:541} INFO - Filling up the DagBag from /home/airflow/.local/lib/python3.7/site-packages/airflow/example_dags/example_local_kubernetes_executor.py
[2024-07-06T14:11:47.868+0000] {processor.py:836} INFO - DAG(s) dict_keys(['example_local_kubernetes_executor']) retrieved from /home/airflow/.local/lib/python3.7/site-packages/airflow/example_dags/example_local_kubernetes_executor.py
[2024-07-06T14:11:47.897+0000] {logging_mixin.py:150} INFO - [2024-07-06T14:11:47.897+0000] {dag.py:2742} INFO - Sync 1 DAGs
[2024-07-06T14:11:47.915+0000] {logging_mixin.py:150} INFO - [2024-07-06T14:11:47.915+0000] {dag.py:3508} INFO - Setting next_dagrun for example_local_kubernetes_executor to None, run_after=None
[2024-07-06T14:11:47.930+0000] {processor.py:179} INFO - Processing /home/airflow/.local/lib/python3.7/site-packages/airflow/example_dags/example_local_kubernetes_executor.py took 0.254 seconds
[2024-07-06T14:12:18.132+0000] {processor.py:157} INFO - Started process (PID=262) to work on /home/airflow/.local/lib/python3.7/site-packages/airflow/example_dags/example_local_kubernetes_executor.py
[2024-07-06T14:12:18.135+0000] {processor.py:826} INFO - Processing file /home/airflow/.local/lib/python3.7/site-packages/airflow/example_dags/example_local_kubernetes_executor.py for tasks to queue
[2024-07-06T14:12:18.137+0000] {logging_mixin.py:150} INFO - [2024-07-06T14:12:18.136+0000] {dagbag.py:541} INFO - Filling up the DagBag from /home/airflow/.local/lib/python3.7/site-packages/airflow/example_dags/example_local_kubernetes_executor.py
[2024-07-06T14:12:18.317+0000] {processor.py:836} INFO - DAG(s) dict_keys(['example_local_kubernetes_executor']) retrieved from /home/airflow/.local/lib/python3.7/site-packages/airflow/example_dags/example_local_kubernetes_executor.py
[2024-07-06T14:12:18.351+0000] {logging_mixin.py:150} INFO - [2024-07-06T14:12:18.351+0000] {dag.py:2742} INFO - Sync 1 DAGs
[2024-07-06T14:12:18.370+0000] {logging_mixin.py:150} INFO - [2024-07-06T14:12:18.370+0000] {dag.py:3508} INFO - Setting next_dagrun for example_local_kubernetes_executor to None, run_after=None
[2024-07-06T14:12:18.383+0000] {processor.py:179} INFO - Processing /home/airflow/.local/lib/python3.7/site-packages/airflow/example_dags/example_local_kubernetes_executor.py took 0.256 seconds
[2024-07-06T14:12:48.446+0000] {processor.py:157} INFO - Started process (PID=327) to work on /home/airflow/.local/lib/python3.7/site-packages/airflow/example_dags/example_local_kubernetes_executor.py
[2024-07-06T14:12:48.448+0000] {processor.py:826} INFO - Processing file /home/airflow/.local/lib/python3.7/site-packages/airflow/example_dags/example_local_kubernetes_executor.py for tasks to queue
[2024-07-06T14:12:48.450+0000] {logging_mixin.py:150} INFO - [2024-07-06T14:12:48.450+0000] {dagbag.py:541} INFO - Filling up the DagBag from /home/airflow/.local/lib/python3.7/site-packages/airflow/example_dags/example_local_kubernetes_executor.py
[2024-07-06T14:12:48.551+0000] {processor.py:836} INFO - DAG(s) dict_keys(['example_local_kubernetes_executor']) retrieved from /home/airflow/.local/lib/python3.7/site-packages/airflow/example_dags/example_local_kubernetes_executor.py
[2024-07-06T14:12:48.578+0000] {logging_mixin.py:150} INFO - [2024-07-06T14:12:48.578+0000] {dag.py:2742} INFO - Sync 1 DAGs
[2024-07-06T14:12:48.593+0000] {logging_mixin.py:150} INFO - [2024-07-06T14:12:48.593+0000] {dag.py:3508} INFO - Setting next_dagrun for example_local_kubernetes_executor to None, run_after=None
[2024-07-06T14:12:48.605+0000] {processor.py:179} INFO - Processing /home/airflow/.local/lib/python3.7/site-packages/airflow/example_dags/example_local_kubernetes_executor.py took 0.162 seconds
[2024-07-06T14:13:18.776+0000] {processor.py:157} INFO - Started process (PID=389) to work on /home/airflow/.local/lib/python3.7/site-packages/airflow/example_dags/example_local_kubernetes_executor.py
[2024-07-06T14:13:18.778+0000] {processor.py:826} INFO - Processing file /home/airflow/.local/lib/python3.7/site-packages/airflow/example_dags/example_local_kubernetes_executor.py for tasks to queue
[2024-07-06T14:13:18.780+0000] {logging_mixin.py:150} INFO - [2024-07-06T14:13:18.780+0000] {dagbag.py:541} INFO - Filling up the DagBag from /home/airflow/.local/lib/python3.7/site-packages/airflow/example_dags/example_local_kubernetes_executor.py
[2024-07-06T14:13:18.911+0000] {processor.py:836} INFO - DAG(s) dict_keys(['example_local_kubernetes_executor']) retrieved from /home/airflow/.local/lib/python3.7/site-packages/airflow/example_dags/example_local_kubernetes_executor.py
[2024-07-06T14:13:18.938+0000] {logging_mixin.py:150} INFO - [2024-07-06T14:13:18.938+0000] {dag.py:2742} INFO - Sync 1 DAGs
[2024-07-06T14:13:18.956+0000] {logging_mixin.py:150} INFO - [2024-07-06T14:13:18.956+0000] {dag.py:3508} INFO - Setting next_dagrun for example_local_kubernetes_executor to None, run_after=None
[2024-07-06T14:13:18.971+0000] {processor.py:179} INFO - Processing /home/airflow/.local/lib/python3.7/site-packages/airflow/example_dags/example_local_kubernetes_executor.py took 0.198 seconds
[2024-07-06T14:13:49.136+0000] {processor.py:157} INFO - Started process (PID=453) to work on /home/airflow/.local/lib/python3.7/site-packages/airflow/example_dags/example_local_kubernetes_executor.py
[2024-07-06T14:13:49.138+0000] {processor.py:826} INFO - Processing file /home/airflow/.local/lib/python3.7/site-packages/airflow/example_dags/example_local_kubernetes_executor.py for tasks to queue
[2024-07-06T14:13:49.140+0000] {logging_mixin.py:150} INFO - [2024-07-06T14:13:49.139+0000] {dagbag.py:541} INFO - Filling up the DagBag from /home/airflow/.local/lib/python3.7/site-packages/airflow/example_dags/example_local_kubernetes_executor.py
[2024-07-06T14:13:49.315+0000] {processor.py:836} INFO - DAG(s) dict_keys(['example_local_kubernetes_executor']) retrieved from /home/airflow/.local/lib/python3.7/site-packages/airflow/example_dags/example_local_kubernetes_executor.py
[2024-07-06T14:13:49.351+0000] {logging_mixin.py:150} INFO - [2024-07-06T14:13:49.351+0000] {dag.py:2742} INFO - Sync 1 DAGs
[2024-07-06T14:13:49.371+0000] {logging_mixin.py:150} INFO - [2024-07-06T14:13:49.371+0000] {dag.py:3508} INFO - Setting next_dagrun for example_local_kubernetes_executor to None, run_after=None
[2024-07-06T14:13:49.385+0000] {processor.py:179} INFO - Processing /home/airflow/.local/lib/python3.7/site-packages/airflow/example_dags/example_local_kubernetes_executor.py took 0.252 seconds
[2024-07-06T14:14:19.551+0000] {processor.py:157} INFO - Started process (PID=516) to work on /home/airflow/.local/lib/python3.7/site-packages/airflow/example_dags/example_local_kubernetes_executor.py
[2024-07-06T14:14:19.552+0000] {processor.py:826} INFO - Processing file /home/airflow/.local/lib/python3.7/site-packages/airflow/example_dags/example_local_kubernetes_executor.py for tasks to queue
[2024-07-06T14:14:19.554+0000] {logging_mixin.py:150} INFO - [2024-07-06T14:14:19.554+0000] {dagbag.py:541} INFO - Filling up the DagBag from /home/airflow/.local/lib/python3.7/site-packages/airflow/example_dags/example_local_kubernetes_executor.py
[2024-07-06T14:14:19.742+0000] {processor.py:836} INFO - DAG(s) dict_keys(['example_local_kubernetes_executor']) retrieved from /home/airflow/.local/lib/python3.7/site-packages/airflow/example_dags/example_local_kubernetes_executor.py
[2024-07-06T14:14:19.773+0000] {logging_mixin.py:150} INFO - [2024-07-06T14:14:19.772+0000] {dag.py:2742} INFO - Sync 1 DAGs
[2024-07-06T14:14:19.794+0000] {logging_mixin.py:150} INFO - [2024-07-06T14:14:19.794+0000] {dag.py:3508} INFO - Setting next_dagrun for example_local_kubernetes_executor to None, run_after=None
[2024-07-06T14:14:19.809+0000] {processor.py:179} INFO - Processing /home/airflow/.local/lib/python3.7/site-packages/airflow/example_dags/example_local_kubernetes_executor.py took 0.262 seconds
[2024-07-06T14:14:49.991+0000] {processor.py:157} INFO - Started process (PID=580) to work on /home/airflow/.local/lib/python3.7/site-packages/airflow/example_dags/example_local_kubernetes_executor.py
[2024-07-06T14:14:49.993+0000] {processor.py:826} INFO - Processing file /home/airflow/.local/lib/python3.7/site-packages/airflow/example_dags/example_local_kubernetes_executor.py for tasks to queue
[2024-07-06T14:14:49.995+0000] {logging_mixin.py:150} INFO - [2024-07-06T14:14:49.994+0000] {dagbag.py:541} INFO - Filling up the DagBag from /home/airflow/.local/lib/python3.7/site-packages/airflow/example_dags/example_local_kubernetes_executor.py
[2024-07-06T14:14:50.125+0000] {processor.py:836} INFO - DAG(s) dict_keys(['example_local_kubernetes_executor']) retrieved from /home/airflow/.local/lib/python3.7/site-packages/airflow/example_dags/example_local_kubernetes_executor.py
[2024-07-06T14:14:50.159+0000] {logging_mixin.py:150} INFO - [2024-07-06T14:14:50.159+0000] {dag.py:2742} INFO - Sync 1 DAGs
[2024-07-06T14:14:50.181+0000] {logging_mixin.py:150} INFO - [2024-07-06T14:14:50.180+0000] {dag.py:3508} INFO - Setting next_dagrun for example_local_kubernetes_executor to None, run_after=None
[2024-07-06T14:14:50.197+0000] {processor.py:179} INFO - Processing /home/airflow/.local/lib/python3.7/site-packages/airflow/example_dags/example_local_kubernetes_executor.py took 0.209 seconds
[2024-07-06T14:15:20.387+0000] {processor.py:157} INFO - Started process (PID=643) to work on /home/airflow/.local/lib/python3.7/site-packages/airflow/example_dags/example_local_kubernetes_executor.py
[2024-07-06T14:15:20.389+0000] {processor.py:826} INFO - Processing file /home/airflow/.local/lib/python3.7/site-packages/airflow/example_dags/example_local_kubernetes_executor.py for tasks to queue
[2024-07-06T14:15:20.391+0000] {logging_mixin.py:150} INFO - [2024-07-06T14:15:20.391+0000] {dagbag.py:541} INFO - Filling up the DagBag from /home/airflow/.local/lib/python3.7/site-packages/airflow/example_dags/example_local_kubernetes_executor.py
[2024-07-06T14:15:20.586+0000] {processor.py:836} INFO - DAG(s) dict_keys(['example_local_kubernetes_executor']) retrieved from /home/airflow/.local/lib/python3.7/site-packages/airflow/example_dags/example_local_kubernetes_executor.py
[2024-07-06T14:15:20.645+0000] {logging_mixin.py:150} INFO - [2024-07-06T14:15:20.644+0000] {dag.py:2742} INFO - Sync 1 DAGs
[2024-07-06T14:15:20.670+0000] {logging_mixin.py:150} INFO - [2024-07-06T14:15:20.670+0000] {dag.py:3508} INFO - Setting next_dagrun for example_local_kubernetes_executor to None, run_after=None
[2024-07-06T14:15:20.698+0000] {processor.py:179} INFO - Processing /home/airflow/.local/lib/python3.7/site-packages/airflow/example_dags/example_local_kubernetes_executor.py took 0.316 seconds
[2024-07-06T14:15:50.762+0000] {processor.py:157} INFO - Started process (PID=705) to work on /home/airflow/.local/lib/python3.7/site-packages/airflow/example_dags/example_local_kubernetes_executor.py
[2024-07-06T14:15:50.765+0000] {processor.py:826} INFO - Processing file /home/airflow/.local/lib/python3.7/site-packages/airflow/example_dags/example_local_kubernetes_executor.py for tasks to queue
[2024-07-06T14:15:50.766+0000] {logging_mixin.py:150} INFO - [2024-07-06T14:15:50.766+0000] {dagbag.py:541} INFO - Filling up the DagBag from /home/airflow/.local/lib/python3.7/site-packages/airflow/example_dags/example_local_kubernetes_executor.py
[2024-07-06T14:15:50.901+0000] {processor.py:836} INFO - DAG(s) dict_keys(['example_local_kubernetes_executor']) retrieved from /home/airflow/.local/lib/python3.7/site-packages/airflow/example_dags/example_local_kubernetes_executor.py
[2024-07-06T14:15:50.943+0000] {logging_mixin.py:150} INFO - [2024-07-06T14:15:50.942+0000] {dag.py:2742} INFO - Sync 1 DAGs
[2024-07-06T14:15:50.966+0000] {logging_mixin.py:150} INFO - [2024-07-06T14:15:50.966+0000] {dag.py:3508} INFO - Setting next_dagrun for example_local_kubernetes_executor to None, run_after=None
[2024-07-06T14:15:50.979+0000] {processor.py:179} INFO - Processing /home/airflow/.local/lib/python3.7/site-packages/airflow/example_dags/example_local_kubernetes_executor.py took 0.220 seconds
[2024-07-06T14:16:21.411+0000] {processor.py:157} INFO - Started process (PID=767) to work on /home/airflow/.local/lib/python3.7/site-packages/airflow/example_dags/example_local_kubernetes_executor.py
[2024-07-06T14:16:21.413+0000] {processor.py:826} INFO - Processing file /home/airflow/.local/lib/python3.7/site-packages/airflow/example_dags/example_local_kubernetes_executor.py for tasks to queue
[2024-07-06T14:16:21.414+0000] {logging_mixin.py:150} INFO - [2024-07-06T14:16:21.413+0000] {dagbag.py:541} INFO - Filling up the DagBag from /home/airflow/.local/lib/python3.7/site-packages/airflow/example_dags/example_local_kubernetes_executor.py
[2024-07-06T14:16:21.590+0000] {processor.py:836} INFO - DAG(s) dict_keys(['example_local_kubernetes_executor']) retrieved from /home/airflow/.local/lib/python3.7/site-packages/airflow/example_dags/example_local_kubernetes_executor.py
[2024-07-06T14:16:21.620+0000] {logging_mixin.py:150} INFO - [2024-07-06T14:16:21.620+0000] {dag.py:2742} INFO - Sync 1 DAGs
[2024-07-06T14:16:21.639+0000] {logging_mixin.py:150} INFO - [2024-07-06T14:16:21.639+0000] {dag.py:3508} INFO - Setting next_dagrun for example_local_kubernetes_executor to None, run_after=None
[2024-07-06T14:16:21.652+0000] {processor.py:179} INFO - Processing /home/airflow/.local/lib/python3.7/site-packages/airflow/example_dags/example_local_kubernetes_executor.py took 0.244 seconds
[2024-07-06T14:16:52.067+0000] {processor.py:157} INFO - Started process (PID=830) to work on /home/airflow/.local/lib/python3.7/site-packages/airflow/example_dags/example_local_kubernetes_executor.py
[2024-07-06T14:16:52.069+0000] {processor.py:826} INFO - Processing file /home/airflow/.local/lib/python3.7/site-packages/airflow/example_dags/example_local_kubernetes_executor.py for tasks to queue
[2024-07-06T14:16:52.072+0000] {logging_mixin.py:150} INFO - [2024-07-06T14:16:52.071+0000] {dagbag.py:541} INFO - Filling up the DagBag from /home/airflow/.local/lib/python3.7/site-packages/airflow/example_dags/example_local_kubernetes_executor.py
[2024-07-06T14:16:52.228+0000] {processor.py:836} INFO - DAG(s) dict_keys(['example_local_kubernetes_executor']) retrieved from /home/airflow/.local/lib/python3.7/site-packages/airflow/example_dags/example_local_kubernetes_executor.py
[2024-07-06T14:16:52.263+0000] {logging_mixin.py:150} INFO - [2024-07-06T14:16:52.263+0000] {dag.py:2742} INFO - Sync 1 DAGs
[2024-07-06T14:16:52.283+0000] {logging_mixin.py:150} INFO - [2024-07-06T14:16:52.283+0000] {dag.py:3508} INFO - Setting next_dagrun for example_local_kubernetes_executor to None, run_after=None
[2024-07-06T14:16:52.304+0000] {processor.py:179} INFO - Processing /home/airflow/.local/lib/python3.7/site-packages/airflow/example_dags/example_local_kubernetes_executor.py took 0.241 seconds
[2024-07-06T14:17:23.175+0000] {processor.py:157} INFO - Started process (PID=893) to work on /home/airflow/.local/lib/python3.7/site-packages/airflow/example_dags/example_local_kubernetes_executor.py
[2024-07-06T14:17:23.177+0000] {processor.py:826} INFO - Processing file /home/airflow/.local/lib/python3.7/site-packages/airflow/example_dags/example_local_kubernetes_executor.py for tasks to queue
[2024-07-06T14:17:23.178+0000] {logging_mixin.py:150} INFO - [2024-07-06T14:17:23.178+0000] {dagbag.py:541} INFO - Filling up the DagBag from /home/airflow/.local/lib/python3.7/site-packages/airflow/example_dags/example_local_kubernetes_executor.py
[2024-07-06T14:17:23.307+0000] {processor.py:836} INFO - DAG(s) dict_keys(['example_local_kubernetes_executor']) retrieved from /home/airflow/.local/lib/python3.7/site-packages/airflow/example_dags/example_local_kubernetes_executor.py
[2024-07-06T14:17:23.337+0000] {logging_mixin.py:150} INFO - [2024-07-06T14:17:23.337+0000] {dag.py:2742} INFO - Sync 1 DAGs
[2024-07-06T14:17:23.358+0000] {logging_mixin.py:150} INFO - [2024-07-06T14:17:23.358+0000] {dag.py:3508} INFO - Setting next_dagrun for example_local_kubernetes_executor to None, run_after=None
[2024-07-06T14:17:23.376+0000] {processor.py:179} INFO - Processing /home/airflow/.local/lib/python3.7/site-packages/airflow/example_dags/example_local_kubernetes_executor.py took 0.206 seconds
[2024-07-06T14:17:54.360+0000] {processor.py:157} INFO - Started process (PID=955) to work on /home/airflow/.local/lib/python3.7/site-packages/airflow/example_dags/example_local_kubernetes_executor.py
[2024-07-06T14:17:54.362+0000] {processor.py:826} INFO - Processing file /home/airflow/.local/lib/python3.7/site-packages/airflow/example_dags/example_local_kubernetes_executor.py for tasks to queue
[2024-07-06T14:17:54.364+0000] {logging_mixin.py:150} INFO - [2024-07-06T14:17:54.364+0000] {dagbag.py:541} INFO - Filling up the DagBag from /home/airflow/.local/lib/python3.7/site-packages/airflow/example_dags/example_local_kubernetes_executor.py
[2024-07-06T14:17:54.531+0000] {processor.py:836} INFO - DAG(s) dict_keys(['example_local_kubernetes_executor']) retrieved from /home/airflow/.local/lib/python3.7/site-packages/airflow/example_dags/example_local_kubernetes_executor.py
[2024-07-06T14:17:54.559+0000] {logging_mixin.py:150} INFO - [2024-07-06T14:17:54.559+0000] {dag.py:2742} INFO - Sync 1 DAGs
[2024-07-06T14:17:54.580+0000] {logging_mixin.py:150} INFO - [2024-07-06T14:17:54.580+0000] {dag.py:3508} INFO - Setting next_dagrun for example_local_kubernetes_executor to None, run_after=None
[2024-07-06T14:17:54.599+0000] {processor.py:179} INFO - Processing /home/airflow/.local/lib/python3.7/site-packages/airflow/example_dags/example_local_kubernetes_executor.py took 0.242 seconds
[2024-07-06T14:18:25.508+0000] {processor.py:157} INFO - Started process (PID=1018) to work on /home/airflow/.local/lib/python3.7/site-packages/airflow/example_dags/example_local_kubernetes_executor.py
[2024-07-06T14:18:25.510+0000] {processor.py:826} INFO - Processing file /home/airflow/.local/lib/python3.7/site-packages/airflow/example_dags/example_local_kubernetes_executor.py for tasks to queue
[2024-07-06T14:18:25.512+0000] {logging_mixin.py:150} INFO - [2024-07-06T14:18:25.512+0000] {dagbag.py:541} INFO - Filling up the DagBag from /home/airflow/.local/lib/python3.7/site-packages/airflow/example_dags/example_local_kubernetes_executor.py
[2024-07-06T14:18:25.666+0000] {processor.py:836} INFO - DAG(s) dict_keys(['example_local_kubernetes_executor']) retrieved from /home/airflow/.local/lib/python3.7/site-packages/airflow/example_dags/example_local_kubernetes_executor.py
[2024-07-06T14:18:25.724+0000] {logging_mixin.py:150} INFO - [2024-07-06T14:18:25.724+0000] {dag.py:2742} INFO - Sync 1 DAGs
[2024-07-06T14:18:25.755+0000] {logging_mixin.py:150} INFO - [2024-07-06T14:18:25.755+0000] {dag.py:3508} INFO - Setting next_dagrun for example_local_kubernetes_executor to None, run_after=None
[2024-07-06T14:18:25.774+0000] {processor.py:179} INFO - Processing /home/airflow/.local/lib/python3.7/site-packages/airflow/example_dags/example_local_kubernetes_executor.py took 0.269 seconds
[2024-07-06T14:18:55.849+0000] {processor.py:157} INFO - Started process (PID=1076) to work on /home/airflow/.local/lib/python3.7/site-packages/airflow/example_dags/example_local_kubernetes_executor.py
[2024-07-06T14:18:55.852+0000] {processor.py:826} INFO - Processing file /home/airflow/.local/lib/python3.7/site-packages/airflow/example_dags/example_local_kubernetes_executor.py for tasks to queue
[2024-07-06T14:18:55.854+0000] {logging_mixin.py:150} INFO - [2024-07-06T14:18:55.854+0000] {dagbag.py:541} INFO - Filling up the DagBag from /home/airflow/.local/lib/python3.7/site-packages/airflow/example_dags/example_local_kubernetes_executor.py
[2024-07-06T14:18:56.038+0000] {processor.py:836} INFO - DAG(s) dict_keys(['example_local_kubernetes_executor']) retrieved from /home/airflow/.local/lib/python3.7/site-packages/airflow/example_dags/example_local_kubernetes_executor.py
[2024-07-06T14:18:56.096+0000] {logging_mixin.py:150} INFO - [2024-07-06T14:18:56.096+0000] {dag.py:2742} INFO - Sync 1 DAGs
[2024-07-06T14:18:56.120+0000] {logging_mixin.py:150} INFO - [2024-07-06T14:18:56.120+0000] {dag.py:3508} INFO - Setting next_dagrun for example_local_kubernetes_executor to None, run_after=None
[2024-07-06T14:18:56.141+0000] {processor.py:179} INFO - Processing /home/airflow/.local/lib/python3.7/site-packages/airflow/example_dags/example_local_kubernetes_executor.py took 0.297 seconds
[2024-07-06T14:19:27.114+0000] {processor.py:157} INFO - Started process (PID=1140) to work on /home/airflow/.local/lib/python3.7/site-packages/airflow/example_dags/example_local_kubernetes_executor.py
[2024-07-06T14:19:27.117+0000] {processor.py:826} INFO - Processing file /home/airflow/.local/lib/python3.7/site-packages/airflow/example_dags/example_local_kubernetes_executor.py for tasks to queue
[2024-07-06T14:19:27.119+0000] {logging_mixin.py:150} INFO - [2024-07-06T14:19:27.119+0000] {dagbag.py:541} INFO - Filling up the DagBag from /home/airflow/.local/lib/python3.7/site-packages/airflow/example_dags/example_local_kubernetes_executor.py
[2024-07-06T14:19:27.255+0000] {processor.py:836} INFO - DAG(s) dict_keys(['example_local_kubernetes_executor']) retrieved from /home/airflow/.local/lib/python3.7/site-packages/airflow/example_dags/example_local_kubernetes_executor.py
[2024-07-06T14:19:27.288+0000] {logging_mixin.py:150} INFO - [2024-07-06T14:19:27.288+0000] {dag.py:2742} INFO - Sync 1 DAGs
[2024-07-06T14:19:27.311+0000] {logging_mixin.py:150} INFO - [2024-07-06T14:19:27.310+0000] {dag.py:3508} INFO - Setting next_dagrun for example_local_kubernetes_executor to None, run_after=None
[2024-07-06T14:19:27.327+0000] {processor.py:179} INFO - Processing /home/airflow/.local/lib/python3.7/site-packages/airflow/example_dags/example_local_kubernetes_executor.py took 0.220 seconds
[2024-07-06T14:19:57.460+0000] {processor.py:157} INFO - Started process (PID=1202) to work on /home/airflow/.local/lib/python3.7/site-packages/airflow/example_dags/example_local_kubernetes_executor.py
[2024-07-06T14:19:57.464+0000] {processor.py:826} INFO - Processing file /home/airflow/.local/lib/python3.7/site-packages/airflow/example_dags/example_local_kubernetes_executor.py for tasks to queue
[2024-07-06T14:19:57.466+0000] {logging_mixin.py:150} INFO - [2024-07-06T14:19:57.466+0000] {dagbag.py:541} INFO - Filling up the DagBag from /home/airflow/.local/lib/python3.7/site-packages/airflow/example_dags/example_local_kubernetes_executor.py
[2024-07-06T14:19:57.608+0000] {processor.py:836} INFO - DAG(s) dict_keys(['example_local_kubernetes_executor']) retrieved from /home/airflow/.local/lib/python3.7/site-packages/airflow/example_dags/example_local_kubernetes_executor.py
[2024-07-06T14:19:57.640+0000] {logging_mixin.py:150} INFO - [2024-07-06T14:19:57.640+0000] {dag.py:2742} INFO - Sync 1 DAGs
[2024-07-06T14:19:57.660+0000] {logging_mixin.py:150} INFO - [2024-07-06T14:19:57.660+0000] {dag.py:3508} INFO - Setting next_dagrun for example_local_kubernetes_executor to None, run_after=None
[2024-07-06T14:19:57.680+0000] {processor.py:179} INFO - Processing /home/airflow/.local/lib/python3.7/site-packages/airflow/example_dags/example_local_kubernetes_executor.py took 0.226 seconds
[2024-07-06T14:20:27.929+0000] {processor.py:157} INFO - Started process (PID=1264) to work on /home/airflow/.local/lib/python3.7/site-packages/airflow/example_dags/example_local_kubernetes_executor.py
[2024-07-06T14:20:27.937+0000] {processor.py:826} INFO - Processing file /home/airflow/.local/lib/python3.7/site-packages/airflow/example_dags/example_local_kubernetes_executor.py for tasks to queue
[2024-07-06T14:20:27.940+0000] {logging_mixin.py:150} INFO - [2024-07-06T14:20:27.940+0000] {dagbag.py:541} INFO - Filling up the DagBag from /home/airflow/.local/lib/python3.7/site-packages/airflow/example_dags/example_local_kubernetes_executor.py
[2024-07-06T14:20:28.117+0000] {processor.py:836} INFO - DAG(s) dict_keys(['example_local_kubernetes_executor']) retrieved from /home/airflow/.local/lib/python3.7/site-packages/airflow/example_dags/example_local_kubernetes_executor.py
[2024-07-06T14:20:28.148+0000] {logging_mixin.py:150} INFO - [2024-07-06T14:20:28.148+0000] {dag.py:2742} INFO - Sync 1 DAGs
[2024-07-06T14:20:28.168+0000] {logging_mixin.py:150} INFO - [2024-07-06T14:20:28.168+0000] {dag.py:3508} INFO - Setting next_dagrun for example_local_kubernetes_executor to None, run_after=None
[2024-07-06T14:20:28.182+0000] {processor.py:179} INFO - Processing /home/airflow/.local/lib/python3.7/site-packages/airflow/example_dags/example_local_kubernetes_executor.py took 0.262 seconds
[2024-07-06T14:20:58.493+0000] {processor.py:157} INFO - Started process (PID=1327) to work on /home/airflow/.local/lib/python3.7/site-packages/airflow/example_dags/example_local_kubernetes_executor.py
[2024-07-06T14:20:58.501+0000] {processor.py:826} INFO - Processing file /home/airflow/.local/lib/python3.7/site-packages/airflow/example_dags/example_local_kubernetes_executor.py for tasks to queue
[2024-07-06T14:20:58.505+0000] {logging_mixin.py:150} INFO - [2024-07-06T14:20:58.504+0000] {dagbag.py:541} INFO - Filling up the DagBag from /home/airflow/.local/lib/python3.7/site-packages/airflow/example_dags/example_local_kubernetes_executor.py
[2024-07-06T14:20:58.690+0000] {processor.py:836} INFO - DAG(s) dict_keys(['example_local_kubernetes_executor']) retrieved from /home/airflow/.local/lib/python3.7/site-packages/airflow/example_dags/example_local_kubernetes_executor.py
[2024-07-06T14:20:58.735+0000] {logging_mixin.py:150} INFO - [2024-07-06T14:20:58.735+0000] {dag.py:2742} INFO - Sync 1 DAGs
[2024-07-06T14:20:58.764+0000] {logging_mixin.py:150} INFO - [2024-07-06T14:20:58.764+0000] {dag.py:3508} INFO - Setting next_dagrun for example_local_kubernetes_executor to None, run_after=None
[2024-07-06T14:20:58.779+0000] {processor.py:179} INFO - Processing /home/airflow/.local/lib/python3.7/site-packages/airflow/example_dags/example_local_kubernetes_executor.py took 0.296 seconds
[2024-07-06T14:21:29.140+0000] {processor.py:157} INFO - Started process (PID=1390) to work on /home/airflow/.local/lib/python3.7/site-packages/airflow/example_dags/example_local_kubernetes_executor.py
[2024-07-06T14:21:29.143+0000] {processor.py:826} INFO - Processing file /home/airflow/.local/lib/python3.7/site-packages/airflow/example_dags/example_local_kubernetes_executor.py for tasks to queue
[2024-07-06T14:21:29.145+0000] {logging_mixin.py:150} INFO - [2024-07-06T14:21:29.145+0000] {dagbag.py:541} INFO - Filling up the DagBag from /home/airflow/.local/lib/python3.7/site-packages/airflow/example_dags/example_local_kubernetes_executor.py
[2024-07-06T14:21:29.342+0000] {processor.py:836} INFO - DAG(s) dict_keys(['example_local_kubernetes_executor']) retrieved from /home/airflow/.local/lib/python3.7/site-packages/airflow/example_dags/example_local_kubernetes_executor.py
[2024-07-06T14:21:29.378+0000] {logging_mixin.py:150} INFO - [2024-07-06T14:21:29.377+0000] {dag.py:2742} INFO - Sync 1 DAGs
[2024-07-06T14:21:29.399+0000] {logging_mixin.py:150} INFO - [2024-07-06T14:21:29.399+0000] {dag.py:3508} INFO - Setting next_dagrun for example_local_kubernetes_executor to None, run_after=None
[2024-07-06T14:21:29.415+0000] {processor.py:179} INFO - Processing /home/airflow/.local/lib/python3.7/site-packages/airflow/example_dags/example_local_kubernetes_executor.py took 0.281 seconds
[2024-07-06T14:21:59.505+0000] {processor.py:157} INFO - Started process (PID=1453) to work on /home/airflow/.local/lib/python3.7/site-packages/airflow/example_dags/example_local_kubernetes_executor.py
[2024-07-06T14:21:59.508+0000] {processor.py:826} INFO - Processing file /home/airflow/.local/lib/python3.7/site-packages/airflow/example_dags/example_local_kubernetes_executor.py for tasks to queue
[2024-07-06T14:21:59.512+0000] {logging_mixin.py:150} INFO - [2024-07-06T14:21:59.512+0000] {dagbag.py:541} INFO - Filling up the DagBag from /home/airflow/.local/lib/python3.7/site-packages/airflow/example_dags/example_local_kubernetes_executor.py
[2024-07-06T14:21:59.698+0000] {processor.py:836} INFO - DAG(s) dict_keys(['example_local_kubernetes_executor']) retrieved from /home/airflow/.local/lib/python3.7/site-packages/airflow/example_dags/example_local_kubernetes_executor.py
[2024-07-06T14:21:59.734+0000] {logging_mixin.py:150} INFO - [2024-07-06T14:21:59.734+0000] {dag.py:2742} INFO - Sync 1 DAGs
[2024-07-06T14:21:59.756+0000] {logging_mixin.py:150} INFO - [2024-07-06T14:21:59.755+0000] {dag.py:3508} INFO - Setting next_dagrun for example_local_kubernetes_executor to None, run_after=None
[2024-07-06T14:21:59.768+0000] {processor.py:179} INFO - Processing /home/airflow/.local/lib/python3.7/site-packages/airflow/example_dags/example_local_kubernetes_executor.py took 0.271 seconds
[2024-07-06T14:22:29.938+0000] {processor.py:157} INFO - Started process (PID=1518) to work on /home/airflow/.local/lib/python3.7/site-packages/airflow/example_dags/example_local_kubernetes_executor.py
[2024-07-06T14:22:29.940+0000] {processor.py:826} INFO - Processing file /home/airflow/.local/lib/python3.7/site-packages/airflow/example_dags/example_local_kubernetes_executor.py for tasks to queue
[2024-07-06T14:22:29.941+0000] {logging_mixin.py:150} INFO - [2024-07-06T14:22:29.941+0000] {dagbag.py:541} INFO - Filling up the DagBag from /home/airflow/.local/lib/python3.7/site-packages/airflow/example_dags/example_local_kubernetes_executor.py
[2024-07-06T14:22:30.093+0000] {processor.py:836} INFO - DAG(s) dict_keys(['example_local_kubernetes_executor']) retrieved from /home/airflow/.local/lib/python3.7/site-packages/airflow/example_dags/example_local_kubernetes_executor.py
[2024-07-06T14:22:30.126+0000] {logging_mixin.py:150} INFO - [2024-07-06T14:22:30.125+0000] {dag.py:2742} INFO - Sync 1 DAGs
[2024-07-06T14:22:30.143+0000] {logging_mixin.py:150} INFO - [2024-07-06T14:22:30.143+0000] {dag.py:3508} INFO - Setting next_dagrun for example_local_kubernetes_executor to None, run_after=None
[2024-07-06T14:22:30.156+0000] {processor.py:179} INFO - Processing /home/airflow/.local/lib/python3.7/site-packages/airflow/example_dags/example_local_kubernetes_executor.py took 0.221 seconds
[2024-07-06T14:23:00.201+0000] {processor.py:157} INFO - Started process (PID=1581) to work on /home/airflow/.local/lib/python3.7/site-packages/airflow/example_dags/example_local_kubernetes_executor.py
[2024-07-06T14:23:00.203+0000] {processor.py:826} INFO - Processing file /home/airflow/.local/lib/python3.7/site-packages/airflow/example_dags/example_local_kubernetes_executor.py for tasks to queue
[2024-07-06T14:23:00.206+0000] {logging_mixin.py:150} INFO - [2024-07-06T14:23:00.206+0000] {dagbag.py:541} INFO - Filling up the DagBag from /home/airflow/.local/lib/python3.7/site-packages/airflow/example_dags/example_local_kubernetes_executor.py
[2024-07-06T14:23:00.342+0000] {processor.py:836} INFO - DAG(s) dict_keys(['example_local_kubernetes_executor']) retrieved from /home/airflow/.local/lib/python3.7/site-packages/airflow/example_dags/example_local_kubernetes_executor.py
[2024-07-06T14:23:00.374+0000] {logging_mixin.py:150} INFO - [2024-07-06T14:23:00.374+0000] {dag.py:2742} INFO - Sync 1 DAGs
[2024-07-06T14:23:00.390+0000] {logging_mixin.py:150} INFO - [2024-07-06T14:23:00.390+0000] {dag.py:3508} INFO - Setting next_dagrun for example_local_kubernetes_executor to None, run_after=None
[2024-07-06T14:23:00.402+0000] {processor.py:179} INFO - Processing /home/airflow/.local/lib/python3.7/site-packages/airflow/example_dags/example_local_kubernetes_executor.py took 0.203 seconds
[2024-07-06T14:23:30.550+0000] {processor.py:157} INFO - Started process (PID=1642) to work on /home/airflow/.local/lib/python3.7/site-packages/airflow/example_dags/example_local_kubernetes_executor.py
[2024-07-06T14:23:30.554+0000] {processor.py:826} INFO - Processing file /home/airflow/.local/lib/python3.7/site-packages/airflow/example_dags/example_local_kubernetes_executor.py for tasks to queue
[2024-07-06T14:23:30.558+0000] {logging_mixin.py:150} INFO - [2024-07-06T14:23:30.557+0000] {dagbag.py:541} INFO - Filling up the DagBag from /home/airflow/.local/lib/python3.7/site-packages/airflow/example_dags/example_local_kubernetes_executor.py
[2024-07-06T14:23:30.714+0000] {processor.py:836} INFO - DAG(s) dict_keys(['example_local_kubernetes_executor']) retrieved from /home/airflow/.local/lib/python3.7/site-packages/airflow/example_dags/example_local_kubernetes_executor.py
[2024-07-06T14:23:30.741+0000] {logging_mixin.py:150} INFO - [2024-07-06T14:23:30.741+0000] {dag.py:2742} INFO - Sync 1 DAGs
[2024-07-06T14:23:30.761+0000] {logging_mixin.py:150} INFO - [2024-07-06T14:23:30.761+0000] {dag.py:3508} INFO - Setting next_dagrun for example_local_kubernetes_executor to None, run_after=None
[2024-07-06T14:23:30.907+0000] {processor.py:179} INFO - Processing /home/airflow/.local/lib/python3.7/site-packages/airflow/example_dags/example_local_kubernetes_executor.py took 0.366 seconds
[2024-07-06T14:24:01.000+0000] {processor.py:157} INFO - Started process (PID=1705) to work on /home/airflow/.local/lib/python3.7/site-packages/airflow/example_dags/example_local_kubernetes_executor.py
[2024-07-06T14:24:01.005+0000] {processor.py:826} INFO - Processing file /home/airflow/.local/lib/python3.7/site-packages/airflow/example_dags/example_local_kubernetes_executor.py for tasks to queue
[2024-07-06T14:24:01.007+0000] {logging_mixin.py:150} INFO - [2024-07-06T14:24:01.006+0000] {dagbag.py:541} INFO - Filling up the DagBag from /home/airflow/.local/lib/python3.7/site-packages/airflow/example_dags/example_local_kubernetes_executor.py
[2024-07-06T14:24:01.146+0000] {processor.py:836} INFO - DAG(s) dict_keys(['example_local_kubernetes_executor']) retrieved from /home/airflow/.local/lib/python3.7/site-packages/airflow/example_dags/example_local_kubernetes_executor.py
[2024-07-06T14:24:01.175+0000] {logging_mixin.py:150} INFO - [2024-07-06T14:24:01.175+0000] {dag.py:2742} INFO - Sync 1 DAGs
[2024-07-06T14:24:01.196+0000] {logging_mixin.py:150} INFO - [2024-07-06T14:24:01.196+0000] {dag.py:3508} INFO - Setting next_dagrun for example_local_kubernetes_executor to None, run_after=None
[2024-07-06T14:24:01.211+0000] {processor.py:179} INFO - Processing /home/airflow/.local/lib/python3.7/site-packages/airflow/example_dags/example_local_kubernetes_executor.py took 0.218 seconds
[2024-07-06T14:24:31.490+0000] {processor.py:157} INFO - Started process (PID=1768) to work on /home/airflow/.local/lib/python3.7/site-packages/airflow/example_dags/example_local_kubernetes_executor.py
[2024-07-06T14:24:31.493+0000] {processor.py:826} INFO - Processing file /home/airflow/.local/lib/python3.7/site-packages/airflow/example_dags/example_local_kubernetes_executor.py for tasks to queue
[2024-07-06T14:24:31.495+0000] {logging_mixin.py:150} INFO - [2024-07-06T14:24:31.494+0000] {dagbag.py:541} INFO - Filling up the DagBag from /home/airflow/.local/lib/python3.7/site-packages/airflow/example_dags/example_local_kubernetes_executor.py
[2024-07-06T14:24:31.661+0000] {processor.py:836} INFO - DAG(s) dict_keys(['example_local_kubernetes_executor']) retrieved from /home/airflow/.local/lib/python3.7/site-packages/airflow/example_dags/example_local_kubernetes_executor.py
[2024-07-06T14:24:31.705+0000] {logging_mixin.py:150} INFO - [2024-07-06T14:24:31.705+0000] {dag.py:2742} INFO - Sync 1 DAGs
[2024-07-06T14:24:31.724+0000] {logging_mixin.py:150} INFO - [2024-07-06T14:24:31.723+0000] {dag.py:3508} INFO - Setting next_dagrun for example_local_kubernetes_executor to None, run_after=None
[2024-07-06T14:24:31.738+0000] {processor.py:179} INFO - Processing /home/airflow/.local/lib/python3.7/site-packages/airflow/example_dags/example_local_kubernetes_executor.py took 0.254 seconds
[2024-07-06T14:25:02.417+0000] {processor.py:157} INFO - Started process (PID=1831) to work on /home/airflow/.local/lib/python3.7/site-packages/airflow/example_dags/example_local_kubernetes_executor.py
[2024-07-06T14:25:02.420+0000] {processor.py:826} INFO - Processing file /home/airflow/.local/lib/python3.7/site-packages/airflow/example_dags/example_local_kubernetes_executor.py for tasks to queue
[2024-07-06T14:25:02.422+0000] {logging_mixin.py:150} INFO - [2024-07-06T14:25:02.422+0000] {dagbag.py:541} INFO - Filling up the DagBag from /home/airflow/.local/lib/python3.7/site-packages/airflow/example_dags/example_local_kubernetes_executor.py
[2024-07-06T14:25:02.556+0000] {processor.py:836} INFO - DAG(s) dict_keys(['example_local_kubernetes_executor']) retrieved from /home/airflow/.local/lib/python3.7/site-packages/airflow/example_dags/example_local_kubernetes_executor.py
[2024-07-06T14:25:02.587+0000] {logging_mixin.py:150} INFO - [2024-07-06T14:25:02.587+0000] {dag.py:2742} INFO - Sync 1 DAGs
[2024-07-06T14:25:02.610+0000] {logging_mixin.py:150} INFO - [2024-07-06T14:25:02.610+0000] {dag.py:3508} INFO - Setting next_dagrun for example_local_kubernetes_executor to None, run_after=None
[2024-07-06T14:25:02.774+0000] {processor.py:179} INFO - Processing /home/airflow/.local/lib/python3.7/site-packages/airflow/example_dags/example_local_kubernetes_executor.py took 0.362 seconds
[2024-07-06T14:25:32.852+0000] {processor.py:157} INFO - Started process (PID=1898) to work on /home/airflow/.local/lib/python3.7/site-packages/airflow/example_dags/example_local_kubernetes_executor.py
[2024-07-06T14:25:32.855+0000] {processor.py:826} INFO - Processing file /home/airflow/.local/lib/python3.7/site-packages/airflow/example_dags/example_local_kubernetes_executor.py for tasks to queue
[2024-07-06T14:25:32.857+0000] {logging_mixin.py:150} INFO - [2024-07-06T14:25:32.856+0000] {dagbag.py:541} INFO - Filling up the DagBag from /home/airflow/.local/lib/python3.7/site-packages/airflow/example_dags/example_local_kubernetes_executor.py
[2024-07-06T14:25:33.055+0000] {processor.py:836} INFO - DAG(s) dict_keys(['example_local_kubernetes_executor']) retrieved from /home/airflow/.local/lib/python3.7/site-packages/airflow/example_dags/example_local_kubernetes_executor.py
[2024-07-06T14:25:33.092+0000] {logging_mixin.py:150} INFO - [2024-07-06T14:25:33.092+0000] {dag.py:2742} INFO - Sync 1 DAGs
[2024-07-06T14:25:33.121+0000] {logging_mixin.py:150} INFO - [2024-07-06T14:25:33.120+0000] {dag.py:3508} INFO - Setting next_dagrun for example_local_kubernetes_executor to None, run_after=None
[2024-07-06T14:25:33.134+0000] {processor.py:179} INFO - Processing /home/airflow/.local/lib/python3.7/site-packages/airflow/example_dags/example_local_kubernetes_executor.py took 0.285 seconds
[2024-07-06T14:26:03.441+0000] {processor.py:157} INFO - Started process (PID=1957) to work on /home/airflow/.local/lib/python3.7/site-packages/airflow/example_dags/example_local_kubernetes_executor.py
[2024-07-06T14:26:03.445+0000] {processor.py:826} INFO - Processing file /home/airflow/.local/lib/python3.7/site-packages/airflow/example_dags/example_local_kubernetes_executor.py for tasks to queue
[2024-07-06T14:26:03.447+0000] {logging_mixin.py:150} INFO - [2024-07-06T14:26:03.447+0000] {dagbag.py:541} INFO - Filling up the DagBag from /home/airflow/.local/lib/python3.7/site-packages/airflow/example_dags/example_local_kubernetes_executor.py
[2024-07-06T14:26:03.653+0000] {processor.py:836} INFO - DAG(s) dict_keys(['example_local_kubernetes_executor']) retrieved from /home/airflow/.local/lib/python3.7/site-packages/airflow/example_dags/example_local_kubernetes_executor.py
[2024-07-06T14:26:03.687+0000] {logging_mixin.py:150} INFO - [2024-07-06T14:26:03.687+0000] {dag.py:2742} INFO - Sync 1 DAGs
[2024-07-06T14:26:03.893+0000] {logging_mixin.py:150} INFO - [2024-07-06T14:26:03.893+0000] {dag.py:3508} INFO - Setting next_dagrun for example_local_kubernetes_executor to None, run_after=None
[2024-07-06T14:26:03.906+0000] {processor.py:179} INFO - Processing /home/airflow/.local/lib/python3.7/site-packages/airflow/example_dags/example_local_kubernetes_executor.py took 0.471 seconds
[2024-07-06T14:26:34.411+0000] {processor.py:157} INFO - Started process (PID=2021) to work on /home/airflow/.local/lib/python3.7/site-packages/airflow/example_dags/example_local_kubernetes_executor.py
[2024-07-06T14:26:34.414+0000] {processor.py:826} INFO - Processing file /home/airflow/.local/lib/python3.7/site-packages/airflow/example_dags/example_local_kubernetes_executor.py for tasks to queue
[2024-07-06T14:26:34.416+0000] {logging_mixin.py:150} INFO - [2024-07-06T14:26:34.416+0000] {dagbag.py:541} INFO - Filling up the DagBag from /home/airflow/.local/lib/python3.7/site-packages/airflow/example_dags/example_local_kubernetes_executor.py
[2024-07-06T14:26:34.596+0000] {processor.py:836} INFO - DAG(s) dict_keys(['example_local_kubernetes_executor']) retrieved from /home/airflow/.local/lib/python3.7/site-packages/airflow/example_dags/example_local_kubernetes_executor.py
[2024-07-06T14:26:34.627+0000] {logging_mixin.py:150} INFO - [2024-07-06T14:26:34.627+0000] {dag.py:2742} INFO - Sync 1 DAGs
[2024-07-06T14:26:34.646+0000] {logging_mixin.py:150} INFO - [2024-07-06T14:26:34.646+0000] {dag.py:3508} INFO - Setting next_dagrun for example_local_kubernetes_executor to None, run_after=None
[2024-07-06T14:26:34.806+0000] {processor.py:179} INFO - Processing /home/airflow/.local/lib/python3.7/site-packages/airflow/example_dags/example_local_kubernetes_executor.py took 0.402 seconds
[2024-07-06T14:27:04.916+0000] {processor.py:157} INFO - Started process (PID=2087) to work on /home/airflow/.local/lib/python3.7/site-packages/airflow/example_dags/example_local_kubernetes_executor.py
[2024-07-06T14:27:04.918+0000] {processor.py:826} INFO - Processing file /home/airflow/.local/lib/python3.7/site-packages/airflow/example_dags/example_local_kubernetes_executor.py for tasks to queue
[2024-07-06T14:27:04.920+0000] {logging_mixin.py:150} INFO - [2024-07-06T14:27:04.919+0000] {dagbag.py:541} INFO - Filling up the DagBag from /home/airflow/.local/lib/python3.7/site-packages/airflow/example_dags/example_local_kubernetes_executor.py
[2024-07-06T14:27:05.089+0000] {processor.py:836} INFO - DAG(s) dict_keys(['example_local_kubernetes_executor']) retrieved from /home/airflow/.local/lib/python3.7/site-packages/airflow/example_dags/example_local_kubernetes_executor.py
[2024-07-06T14:27:05.285+0000] {logging_mixin.py:150} INFO - [2024-07-06T14:27:05.285+0000] {dag.py:2742} INFO - Sync 1 DAGs
[2024-07-06T14:27:05.300+0000] {logging_mixin.py:150} INFO - [2024-07-06T14:27:05.300+0000] {dag.py:3508} INFO - Setting next_dagrun for example_local_kubernetes_executor to None, run_after=None
[2024-07-06T14:27:05.311+0000] {processor.py:179} INFO - Processing /home/airflow/.local/lib/python3.7/site-packages/airflow/example_dags/example_local_kubernetes_executor.py took 0.398 seconds
[2024-07-06T14:27:35.374+0000] {processor.py:157} INFO - Started process (PID=2151) to work on /home/airflow/.local/lib/python3.7/site-packages/airflow/example_dags/example_local_kubernetes_executor.py
[2024-07-06T14:27:35.376+0000] {processor.py:826} INFO - Processing file /home/airflow/.local/lib/python3.7/site-packages/airflow/example_dags/example_local_kubernetes_executor.py for tasks to queue
[2024-07-06T14:27:35.377+0000] {logging_mixin.py:150} INFO - [2024-07-06T14:27:35.377+0000] {dagbag.py:541} INFO - Filling up the DagBag from /home/airflow/.local/lib/python3.7/site-packages/airflow/example_dags/example_local_kubernetes_executor.py
[2024-07-06T14:27:35.527+0000] {processor.py:836} INFO - DAG(s) dict_keys(['example_local_kubernetes_executor']) retrieved from /home/airflow/.local/lib/python3.7/site-packages/airflow/example_dags/example_local_kubernetes_executor.py
[2024-07-06T14:27:35.707+0000] {logging_mixin.py:150} INFO - [2024-07-06T14:27:35.706+0000] {dag.py:2742} INFO - Sync 1 DAGs
[2024-07-06T14:27:35.729+0000] {logging_mixin.py:150} INFO - [2024-07-06T14:27:35.729+0000] {dag.py:3508} INFO - Setting next_dagrun for example_local_kubernetes_executor to None, run_after=None
[2024-07-06T14:27:35.746+0000] {processor.py:179} INFO - Processing /home/airflow/.local/lib/python3.7/site-packages/airflow/example_dags/example_local_kubernetes_executor.py took 0.375 seconds
[2024-07-06T14:28:05.916+0000] {processor.py:157} INFO - Started process (PID=2221) to work on /home/airflow/.local/lib/python3.7/site-packages/airflow/example_dags/example_local_kubernetes_executor.py
[2024-07-06T14:28:05.917+0000] {processor.py:826} INFO - Processing file /home/airflow/.local/lib/python3.7/site-packages/airflow/example_dags/example_local_kubernetes_executor.py for tasks to queue
[2024-07-06T14:28:05.919+0000] {logging_mixin.py:150} INFO - [2024-07-06T14:28:05.918+0000] {dagbag.py:541} INFO - Filling up the DagBag from /home/airflow/.local/lib/python3.7/site-packages/airflow/example_dags/example_local_kubernetes_executor.py
[2024-07-06T14:28:06.093+0000] {processor.py:836} INFO - DAG(s) dict_keys(['example_local_kubernetes_executor']) retrieved from /home/airflow/.local/lib/python3.7/site-packages/airflow/example_dags/example_local_kubernetes_executor.py
[2024-07-06T14:28:06.125+0000] {logging_mixin.py:150} INFO - [2024-07-06T14:28:06.125+0000] {dag.py:2742} INFO - Sync 1 DAGs
[2024-07-06T14:28:06.145+0000] {logging_mixin.py:150} INFO - [2024-07-06T14:28:06.145+0000] {dag.py:3508} INFO - Setting next_dagrun for example_local_kubernetes_executor to None, run_after=None
[2024-07-06T14:28:06.308+0000] {processor.py:179} INFO - Processing /home/airflow/.local/lib/python3.7/site-packages/airflow/example_dags/example_local_kubernetes_executor.py took 0.395 seconds
[2024-07-06T14:28:36.644+0000] {processor.py:157} INFO - Started process (PID=2289) to work on /home/airflow/.local/lib/python3.7/site-packages/airflow/example_dags/example_local_kubernetes_executor.py
[2024-07-06T14:28:36.646+0000] {processor.py:826} INFO - Processing file /home/airflow/.local/lib/python3.7/site-packages/airflow/example_dags/example_local_kubernetes_executor.py for tasks to queue
[2024-07-06T14:28:36.650+0000] {logging_mixin.py:150} INFO - [2024-07-06T14:28:36.649+0000] {dagbag.py:541} INFO - Filling up the DagBag from /home/airflow/.local/lib/python3.7/site-packages/airflow/example_dags/example_local_kubernetes_executor.py
[2024-07-06T14:28:36.826+0000] {processor.py:836} INFO - DAG(s) dict_keys(['example_local_kubernetes_executor']) retrieved from /home/airflow/.local/lib/python3.7/site-packages/airflow/example_dags/example_local_kubernetes_executor.py
[2024-07-06T14:28:37.025+0000] {logging_mixin.py:150} INFO - [2024-07-06T14:28:37.025+0000] {dag.py:2742} INFO - Sync 1 DAGs
[2024-07-06T14:28:37.041+0000] {logging_mixin.py:150} INFO - [2024-07-06T14:28:37.041+0000] {dag.py:3508} INFO - Setting next_dagrun for example_local_kubernetes_executor to None, run_after=None
[2024-07-06T14:28:37.053+0000] {processor.py:179} INFO - Processing /home/airflow/.local/lib/python3.7/site-packages/airflow/example_dags/example_local_kubernetes_executor.py took 0.414 seconds
[2024-07-06T14:29:07.197+0000] {processor.py:157} INFO - Started process (PID=2352) to work on /home/airflow/.local/lib/python3.7/site-packages/airflow/example_dags/example_local_kubernetes_executor.py
[2024-07-06T14:29:07.200+0000] {processor.py:826} INFO - Processing file /home/airflow/.local/lib/python3.7/site-packages/airflow/example_dags/example_local_kubernetes_executor.py for tasks to queue
[2024-07-06T14:29:07.203+0000] {logging_mixin.py:150} INFO - [2024-07-06T14:29:07.203+0000] {dagbag.py:541} INFO - Filling up the DagBag from /home/airflow/.local/lib/python3.7/site-packages/airflow/example_dags/example_local_kubernetes_executor.py
[2024-07-06T14:29:07.655+0000] {processor.py:836} INFO - DAG(s) dict_keys(['example_local_kubernetes_executor']) retrieved from /home/airflow/.local/lib/python3.7/site-packages/airflow/example_dags/example_local_kubernetes_executor.py
[2024-07-06T14:29:07.700+0000] {logging_mixin.py:150} INFO - [2024-07-06T14:29:07.700+0000] {dag.py:2742} INFO - Sync 1 DAGs
[2024-07-06T14:29:07.739+0000] {logging_mixin.py:150} INFO - [2024-07-06T14:29:07.739+0000] {dag.py:3508} INFO - Setting next_dagrun for example_local_kubernetes_executor to None, run_after=None
[2024-07-06T14:29:07.765+0000] {processor.py:179} INFO - Processing /home/airflow/.local/lib/python3.7/site-packages/airflow/example_dags/example_local_kubernetes_executor.py took 0.573 seconds
[2024-07-06T14:29:38.070+0000] {processor.py:157} INFO - Started process (PID=2422) to work on /home/airflow/.local/lib/python3.7/site-packages/airflow/example_dags/example_local_kubernetes_executor.py
[2024-07-06T14:29:38.073+0000] {processor.py:826} INFO - Processing file /home/airflow/.local/lib/python3.7/site-packages/airflow/example_dags/example_local_kubernetes_executor.py for tasks to queue
[2024-07-06T14:29:38.074+0000] {logging_mixin.py:150} INFO - [2024-07-06T14:29:38.074+0000] {dagbag.py:541} INFO - Filling up the DagBag from /home/airflow/.local/lib/python3.7/site-packages/airflow/example_dags/example_local_kubernetes_executor.py
[2024-07-06T14:29:38.263+0000] {processor.py:836} INFO - DAG(s) dict_keys(['example_local_kubernetes_executor']) retrieved from /home/airflow/.local/lib/python3.7/site-packages/airflow/example_dags/example_local_kubernetes_executor.py
[2024-07-06T14:29:38.471+0000] {logging_mixin.py:150} INFO - [2024-07-06T14:29:38.471+0000] {dag.py:2742} INFO - Sync 1 DAGs
[2024-07-06T14:29:38.490+0000] {logging_mixin.py:150} INFO - [2024-07-06T14:29:38.490+0000] {dag.py:3508} INFO - Setting next_dagrun for example_local_kubernetes_executor to None, run_after=None
[2024-07-06T14:29:38.503+0000] {processor.py:179} INFO - Processing /home/airflow/.local/lib/python3.7/site-packages/airflow/example_dags/example_local_kubernetes_executor.py took 0.436 seconds
[2024-07-06T14:30:08.559+0000] {processor.py:157} INFO - Started process (PID=2490) to work on /home/airflow/.local/lib/python3.7/site-packages/airflow/example_dags/example_local_kubernetes_executor.py
[2024-07-06T14:30:08.564+0000] {processor.py:826} INFO - Processing file /home/airflow/.local/lib/python3.7/site-packages/airflow/example_dags/example_local_kubernetes_executor.py for tasks to queue
[2024-07-06T14:30:08.568+0000] {logging_mixin.py:150} INFO - [2024-07-06T14:30:08.567+0000] {dagbag.py:541} INFO - Filling up the DagBag from /home/airflow/.local/lib/python3.7/site-packages/airflow/example_dags/example_local_kubernetes_executor.py
[2024-07-06T14:30:08.901+0000] {processor.py:836} INFO - DAG(s) dict_keys(['example_local_kubernetes_executor']) retrieved from /home/airflow/.local/lib/python3.7/site-packages/airflow/example_dags/example_local_kubernetes_executor.py
[2024-07-06T14:30:08.933+0000] {logging_mixin.py:150} INFO - [2024-07-06T14:30:08.933+0000] {dag.py:2742} INFO - Sync 1 DAGs
[2024-07-06T14:30:08.948+0000] {logging_mixin.py:150} INFO - [2024-07-06T14:30:08.948+0000] {dag.py:3508} INFO - Setting next_dagrun for example_local_kubernetes_executor to None, run_after=None
[2024-07-06T14:30:08.960+0000] {processor.py:179} INFO - Processing /home/airflow/.local/lib/python3.7/site-packages/airflow/example_dags/example_local_kubernetes_executor.py took 0.405 seconds
[2024-07-06T14:30:39.067+0000] {processor.py:157} INFO - Started process (PID=2545) to work on /home/airflow/.local/lib/python3.7/site-packages/airflow/example_dags/example_local_kubernetes_executor.py
[2024-07-06T14:30:39.070+0000] {processor.py:826} INFO - Processing file /home/airflow/.local/lib/python3.7/site-packages/airflow/example_dags/example_local_kubernetes_executor.py for tasks to queue
[2024-07-06T14:30:39.072+0000] {logging_mixin.py:150} INFO - [2024-07-06T14:30:39.071+0000] {dagbag.py:541} INFO - Filling up the DagBag from /home/airflow/.local/lib/python3.7/site-packages/airflow/example_dags/example_local_kubernetes_executor.py
[2024-07-06T14:30:39.372+0000] {processor.py:836} INFO - DAG(s) dict_keys(['example_local_kubernetes_executor']) retrieved from /home/airflow/.local/lib/python3.7/site-packages/airflow/example_dags/example_local_kubernetes_executor.py
[2024-07-06T14:30:39.402+0000] {logging_mixin.py:150} INFO - [2024-07-06T14:30:39.401+0000] {dag.py:2742} INFO - Sync 1 DAGs
[2024-07-06T14:30:39.424+0000] {logging_mixin.py:150} INFO - [2024-07-06T14:30:39.423+0000] {dag.py:3508} INFO - Setting next_dagrun for example_local_kubernetes_executor to None, run_after=None
[2024-07-06T14:30:39.441+0000] {processor.py:179} INFO - Processing /home/airflow/.local/lib/python3.7/site-packages/airflow/example_dags/example_local_kubernetes_executor.py took 0.381 seconds
