[2024-07-06T14:10:42.189+0000] {processor.py:157} INFO - Started process (PID=48) to work on /home/airflow/.local/lib/python3.7/site-packages/airflow/example_dags/example_branch_python_dop_operator_3.py
[2024-07-06T14:10:42.192+0000] {processor.py:826} INFO - Processing file /home/airflow/.local/lib/python3.7/site-packages/airflow/example_dags/example_branch_python_dop_operator_3.py for tasks to queue
[2024-07-06T14:10:42.194+0000] {logging_mixin.py:150} INFO - [2024-07-06T14:10:42.194+0000] {dagbag.py:541} INFO - Filling up the DagBag from /home/airflow/.local/lib/python3.7/site-packages/airflow/example_dags/example_branch_python_dop_operator_3.py
[2024-07-06T14:10:42.206+0000] {processor.py:836} INFO - DAG(s) dict_keys(['example_branch_dop_operator_v3']) retrieved from /home/airflow/.local/lib/python3.7/site-packages/airflow/example_dags/example_branch_python_dop_operator_3.py
[2024-07-06T14:10:42.236+0000] {logging_mixin.py:150} INFO - [2024-07-06T14:10:42.236+0000] {dag.py:2742} INFO - Sync 1 DAGs
[2024-07-06T14:10:42.332+0000] {logging_mixin.py:150} INFO - [2024-07-06T14:10:42.332+0000] {dag.py:3508} INFO - Setting next_dagrun for example_branch_dop_operator_v3 to 2024-07-06T14:09:00+00:00, run_after=2024-07-06T14:10:00+00:00
[2024-07-06T14:10:42.393+0000] {processor.py:179} INFO - Processing /home/airflow/.local/lib/python3.7/site-packages/airflow/example_dags/example_branch_python_dop_operator_3.py took 0.218 seconds
[2024-07-06T14:11:13.165+0000] {processor.py:157} INFO - Started process (PID=110) to work on /home/airflow/.local/lib/python3.7/site-packages/airflow/example_dags/example_branch_python_dop_operator_3.py
[2024-07-06T14:11:13.166+0000] {processor.py:826} INFO - Processing file /home/airflow/.local/lib/python3.7/site-packages/airflow/example_dags/example_branch_python_dop_operator_3.py for tasks to queue
[2024-07-06T14:11:13.167+0000] {logging_mixin.py:150} INFO - [2024-07-06T14:11:13.167+0000] {dagbag.py:541} INFO - Filling up the DagBag from /home/airflow/.local/lib/python3.7/site-packages/airflow/example_dags/example_branch_python_dop_operator_3.py
[2024-07-06T14:11:13.175+0000] {processor.py:836} INFO - DAG(s) dict_keys(['example_branch_dop_operator_v3']) retrieved from /home/airflow/.local/lib/python3.7/site-packages/airflow/example_dags/example_branch_python_dop_operator_3.py
[2024-07-06T14:11:13.199+0000] {logging_mixin.py:150} INFO - [2024-07-06T14:11:13.198+0000] {dag.py:2742} INFO - Sync 1 DAGs
[2024-07-06T14:11:13.222+0000] {logging_mixin.py:150} INFO - [2024-07-06T14:11:13.222+0000] {dag.py:3508} INFO - Setting next_dagrun for example_branch_dop_operator_v3 to 2024-07-06T14:10:00+00:00, run_after=2024-07-06T14:11:00+00:00
[2024-07-06T14:11:13.238+0000] {processor.py:179} INFO - Processing /home/airflow/.local/lib/python3.7/site-packages/airflow/example_dags/example_branch_python_dop_operator_3.py took 0.076 seconds
[2024-07-06T14:11:44.130+0000] {processor.py:157} INFO - Started process (PID=173) to work on /home/airflow/.local/lib/python3.7/site-packages/airflow/example_dags/example_branch_python_dop_operator_3.py
[2024-07-06T14:11:44.132+0000] {processor.py:826} INFO - Processing file /home/airflow/.local/lib/python3.7/site-packages/airflow/example_dags/example_branch_python_dop_operator_3.py for tasks to queue
[2024-07-06T14:11:44.134+0000] {logging_mixin.py:150} INFO - [2024-07-06T14:11:44.134+0000] {dagbag.py:541} INFO - Filling up the DagBag from /home/airflow/.local/lib/python3.7/site-packages/airflow/example_dags/example_branch_python_dop_operator_3.py
[2024-07-06T14:11:44.143+0000] {processor.py:836} INFO - DAG(s) dict_keys(['example_branch_dop_operator_v3']) retrieved from /home/airflow/.local/lib/python3.7/site-packages/airflow/example_dags/example_branch_python_dop_operator_3.py
[2024-07-06T14:11:44.172+0000] {logging_mixin.py:150} INFO - [2024-07-06T14:11:44.172+0000] {dag.py:2742} INFO - Sync 1 DAGs
[2024-07-06T14:11:44.198+0000] {logging_mixin.py:150} INFO - [2024-07-06T14:11:44.198+0000] {dag.py:3508} INFO - Setting next_dagrun for example_branch_dop_operator_v3 to 2024-07-06T14:10:00+00:00, run_after=2024-07-06T14:11:00+00:00
[2024-07-06T14:11:44.213+0000] {processor.py:179} INFO - Processing /home/airflow/.local/lib/python3.7/site-packages/airflow/example_dags/example_branch_python_dop_operator_3.py took 0.086 seconds
[2024-07-06T14:12:14.654+0000] {processor.py:157} INFO - Started process (PID=236) to work on /home/airflow/.local/lib/python3.7/site-packages/airflow/example_dags/example_branch_python_dop_operator_3.py
[2024-07-06T14:12:14.656+0000] {processor.py:826} INFO - Processing file /home/airflow/.local/lib/python3.7/site-packages/airflow/example_dags/example_branch_python_dop_operator_3.py for tasks to queue
[2024-07-06T14:12:14.658+0000] {logging_mixin.py:150} INFO - [2024-07-06T14:12:14.657+0000] {dagbag.py:541} INFO - Filling up the DagBag from /home/airflow/.local/lib/python3.7/site-packages/airflow/example_dags/example_branch_python_dop_operator_3.py
[2024-07-06T14:12:14.664+0000] {processor.py:836} INFO - DAG(s) dict_keys(['example_branch_dop_operator_v3']) retrieved from /home/airflow/.local/lib/python3.7/site-packages/airflow/example_dags/example_branch_python_dop_operator_3.py
[2024-07-06T14:12:14.685+0000] {logging_mixin.py:150} INFO - [2024-07-06T14:12:14.684+0000] {dag.py:2742} INFO - Sync 1 DAGs
[2024-07-06T14:12:14.702+0000] {logging_mixin.py:150} INFO - [2024-07-06T14:12:14.702+0000] {dag.py:3508} INFO - Setting next_dagrun for example_branch_dop_operator_v3 to 2024-07-06T14:11:00+00:00, run_after=2024-07-06T14:12:00+00:00
[2024-07-06T14:12:14.714+0000] {processor.py:179} INFO - Processing /home/airflow/.local/lib/python3.7/site-packages/airflow/example_dags/example_branch_python_dop_operator_3.py took 0.062 seconds
[2024-07-06T14:12:44.937+0000] {processor.py:157} INFO - Started process (PID=299) to work on /home/airflow/.local/lib/python3.7/site-packages/airflow/example_dags/example_branch_python_dop_operator_3.py
[2024-07-06T14:12:44.939+0000] {processor.py:826} INFO - Processing file /home/airflow/.local/lib/python3.7/site-packages/airflow/example_dags/example_branch_python_dop_operator_3.py for tasks to queue
[2024-07-06T14:12:44.941+0000] {logging_mixin.py:150} INFO - [2024-07-06T14:12:44.940+0000] {dagbag.py:541} INFO - Filling up the DagBag from /home/airflow/.local/lib/python3.7/site-packages/airflow/example_dags/example_branch_python_dop_operator_3.py
[2024-07-06T14:12:44.949+0000] {processor.py:836} INFO - DAG(s) dict_keys(['example_branch_dop_operator_v3']) retrieved from /home/airflow/.local/lib/python3.7/site-packages/airflow/example_dags/example_branch_python_dop_operator_3.py
[2024-07-06T14:12:44.973+0000] {logging_mixin.py:150} INFO - [2024-07-06T14:12:44.973+0000] {dag.py:2742} INFO - Sync 1 DAGs
[2024-07-06T14:12:44.993+0000] {logging_mixin.py:150} INFO - [2024-07-06T14:12:44.993+0000] {dag.py:3508} INFO - Setting next_dagrun for example_branch_dop_operator_v3 to 2024-07-06T14:11:00+00:00, run_after=2024-07-06T14:12:00+00:00
[2024-07-06T14:12:45.006+0000] {processor.py:179} INFO - Processing /home/airflow/.local/lib/python3.7/site-packages/airflow/example_dags/example_branch_python_dop_operator_3.py took 0.073 seconds
[2024-07-06T14:13:16.048+0000] {processor.py:157} INFO - Started process (PID=361) to work on /home/airflow/.local/lib/python3.7/site-packages/airflow/example_dags/example_branch_python_dop_operator_3.py
[2024-07-06T14:13:16.051+0000] {processor.py:826} INFO - Processing file /home/airflow/.local/lib/python3.7/site-packages/airflow/example_dags/example_branch_python_dop_operator_3.py for tasks to queue
[2024-07-06T14:13:16.052+0000] {logging_mixin.py:150} INFO - [2024-07-06T14:13:16.052+0000] {dagbag.py:541} INFO - Filling up the DagBag from /home/airflow/.local/lib/python3.7/site-packages/airflow/example_dags/example_branch_python_dop_operator_3.py
[2024-07-06T14:13:16.060+0000] {processor.py:836} INFO - DAG(s) dict_keys(['example_branch_dop_operator_v3']) retrieved from /home/airflow/.local/lib/python3.7/site-packages/airflow/example_dags/example_branch_python_dop_operator_3.py
[2024-07-06T14:13:16.086+0000] {logging_mixin.py:150} INFO - [2024-07-06T14:13:16.086+0000] {dag.py:2742} INFO - Sync 1 DAGs
[2024-07-06T14:13:16.110+0000] {logging_mixin.py:150} INFO - [2024-07-06T14:13:16.110+0000] {dag.py:3508} INFO - Setting next_dagrun for example_branch_dop_operator_v3 to 2024-07-06T14:12:00+00:00, run_after=2024-07-06T14:13:00+00:00
[2024-07-06T14:13:16.123+0000] {processor.py:179} INFO - Processing /home/airflow/.local/lib/python3.7/site-packages/airflow/example_dags/example_branch_python_dop_operator_3.py took 0.079 seconds
[2024-07-06T14:13:46.273+0000] {processor.py:157} INFO - Started process (PID=421) to work on /home/airflow/.local/lib/python3.7/site-packages/airflow/example_dags/example_branch_python_dop_operator_3.py
[2024-07-06T14:13:46.275+0000] {processor.py:826} INFO - Processing file /home/airflow/.local/lib/python3.7/site-packages/airflow/example_dags/example_branch_python_dop_operator_3.py for tasks to queue
[2024-07-06T14:13:46.277+0000] {logging_mixin.py:150} INFO - [2024-07-06T14:13:46.277+0000] {dagbag.py:541} INFO - Filling up the DagBag from /home/airflow/.local/lib/python3.7/site-packages/airflow/example_dags/example_branch_python_dop_operator_3.py
[2024-07-06T14:13:46.287+0000] {processor.py:836} INFO - DAG(s) dict_keys(['example_branch_dop_operator_v3']) retrieved from /home/airflow/.local/lib/python3.7/site-packages/airflow/example_dags/example_branch_python_dop_operator_3.py
[2024-07-06T14:13:46.309+0000] {logging_mixin.py:150} INFO - [2024-07-06T14:13:46.309+0000] {dag.py:2742} INFO - Sync 1 DAGs
[2024-07-06T14:13:46.329+0000] {logging_mixin.py:150} INFO - [2024-07-06T14:13:46.329+0000] {dag.py:3508} INFO - Setting next_dagrun for example_branch_dop_operator_v3 to 2024-07-06T14:12:00+00:00, run_after=2024-07-06T14:13:00+00:00
[2024-07-06T14:13:46.341+0000] {processor.py:179} INFO - Processing /home/airflow/.local/lib/python3.7/site-packages/airflow/example_dags/example_branch_python_dop_operator_3.py took 0.073 seconds
[2024-07-06T14:14:16.705+0000] {processor.py:157} INFO - Started process (PID=484) to work on /home/airflow/.local/lib/python3.7/site-packages/airflow/example_dags/example_branch_python_dop_operator_3.py
[2024-07-06T14:14:16.708+0000] {processor.py:826} INFO - Processing file /home/airflow/.local/lib/python3.7/site-packages/airflow/example_dags/example_branch_python_dop_operator_3.py for tasks to queue
[2024-07-06T14:14:16.710+0000] {logging_mixin.py:150} INFO - [2024-07-06T14:14:16.709+0000] {dagbag.py:541} INFO - Filling up the DagBag from /home/airflow/.local/lib/python3.7/site-packages/airflow/example_dags/example_branch_python_dop_operator_3.py
[2024-07-06T14:14:16.720+0000] {processor.py:836} INFO - DAG(s) dict_keys(['example_branch_dop_operator_v3']) retrieved from /home/airflow/.local/lib/python3.7/site-packages/airflow/example_dags/example_branch_python_dop_operator_3.py
[2024-07-06T14:14:16.745+0000] {logging_mixin.py:150} INFO - [2024-07-06T14:14:16.745+0000] {dag.py:2742} INFO - Sync 1 DAGs
[2024-07-06T14:14:16.766+0000] {logging_mixin.py:150} INFO - [2024-07-06T14:14:16.766+0000] {dag.py:3508} INFO - Setting next_dagrun for example_branch_dop_operator_v3 to 2024-07-06T14:13:00+00:00, run_after=2024-07-06T14:14:00+00:00
[2024-07-06T14:14:16.780+0000] {processor.py:179} INFO - Processing /home/airflow/.local/lib/python3.7/site-packages/airflow/example_dags/example_branch_python_dop_operator_3.py took 0.080 seconds
[2024-07-06T14:14:47.140+0000] {processor.py:157} INFO - Started process (PID=548) to work on /home/airflow/.local/lib/python3.7/site-packages/airflow/example_dags/example_branch_python_dop_operator_3.py
[2024-07-06T14:14:47.142+0000] {processor.py:826} INFO - Processing file /home/airflow/.local/lib/python3.7/site-packages/airflow/example_dags/example_branch_python_dop_operator_3.py for tasks to queue
[2024-07-06T14:14:47.144+0000] {logging_mixin.py:150} INFO - [2024-07-06T14:14:47.144+0000] {dagbag.py:541} INFO - Filling up the DagBag from /home/airflow/.local/lib/python3.7/site-packages/airflow/example_dags/example_branch_python_dop_operator_3.py
[2024-07-06T14:14:47.154+0000] {processor.py:836} INFO - DAG(s) dict_keys(['example_branch_dop_operator_v3']) retrieved from /home/airflow/.local/lib/python3.7/site-packages/airflow/example_dags/example_branch_python_dop_operator_3.py
[2024-07-06T14:14:47.180+0000] {logging_mixin.py:150} INFO - [2024-07-06T14:14:47.180+0000] {dag.py:2742} INFO - Sync 1 DAGs
[2024-07-06T14:14:47.199+0000] {logging_mixin.py:150} INFO - [2024-07-06T14:14:47.199+0000] {dag.py:3508} INFO - Setting next_dagrun for example_branch_dop_operator_v3 to 2024-07-06T14:13:00+00:00, run_after=2024-07-06T14:14:00+00:00
[2024-07-06T14:14:47.211+0000] {processor.py:179} INFO - Processing /home/airflow/.local/lib/python3.7/site-packages/airflow/example_dags/example_branch_python_dop_operator_3.py took 0.076 seconds
[2024-07-06T14:15:18.056+0000] {processor.py:157} INFO - Started process (PID=611) to work on /home/airflow/.local/lib/python3.7/site-packages/airflow/example_dags/example_branch_python_dop_operator_3.py
[2024-07-06T14:15:18.058+0000] {processor.py:826} INFO - Processing file /home/airflow/.local/lib/python3.7/site-packages/airflow/example_dags/example_branch_python_dop_operator_3.py for tasks to queue
[2024-07-06T14:15:18.060+0000] {logging_mixin.py:150} INFO - [2024-07-06T14:15:18.060+0000] {dagbag.py:541} INFO - Filling up the DagBag from /home/airflow/.local/lib/python3.7/site-packages/airflow/example_dags/example_branch_python_dop_operator_3.py
[2024-07-06T14:15:18.078+0000] {processor.py:836} INFO - DAG(s) dict_keys(['example_branch_dop_operator_v3']) retrieved from /home/airflow/.local/lib/python3.7/site-packages/airflow/example_dags/example_branch_python_dop_operator_3.py
[2024-07-06T14:15:18.107+0000] {logging_mixin.py:150} INFO - [2024-07-06T14:15:18.107+0000] {dag.py:2742} INFO - Sync 1 DAGs
[2024-07-06T14:15:18.131+0000] {logging_mixin.py:150} INFO - [2024-07-06T14:15:18.131+0000] {dag.py:3508} INFO - Setting next_dagrun for example_branch_dop_operator_v3 to 2024-07-06T14:14:00+00:00, run_after=2024-07-06T14:15:00+00:00
[2024-07-06T14:15:18.145+0000] {processor.py:179} INFO - Processing /home/airflow/.local/lib/python3.7/site-packages/airflow/example_dags/example_branch_python_dop_operator_3.py took 0.093 seconds
[2024-07-06T14:15:48.900+0000] {processor.py:157} INFO - Started process (PID=673) to work on /home/airflow/.local/lib/python3.7/site-packages/airflow/example_dags/example_branch_python_dop_operator_3.py
[2024-07-06T14:15:48.902+0000] {processor.py:826} INFO - Processing file /home/airflow/.local/lib/python3.7/site-packages/airflow/example_dags/example_branch_python_dop_operator_3.py for tasks to queue
[2024-07-06T14:15:48.904+0000] {logging_mixin.py:150} INFO - [2024-07-06T14:15:48.904+0000] {dagbag.py:541} INFO - Filling up the DagBag from /home/airflow/.local/lib/python3.7/site-packages/airflow/example_dags/example_branch_python_dop_operator_3.py
[2024-07-06T14:15:48.912+0000] {processor.py:836} INFO - DAG(s) dict_keys(['example_branch_dop_operator_v3']) retrieved from /home/airflow/.local/lib/python3.7/site-packages/airflow/example_dags/example_branch_python_dop_operator_3.py
[2024-07-06T14:15:48.934+0000] {logging_mixin.py:150} INFO - [2024-07-06T14:15:48.933+0000] {dag.py:2742} INFO - Sync 1 DAGs
[2024-07-06T14:15:48.955+0000] {logging_mixin.py:150} INFO - [2024-07-06T14:15:48.955+0000] {dag.py:3508} INFO - Setting next_dagrun for example_branch_dop_operator_v3 to 2024-07-06T14:14:00+00:00, run_after=2024-07-06T14:15:00+00:00
[2024-07-06T14:15:48.968+0000] {processor.py:179} INFO - Processing /home/airflow/.local/lib/python3.7/site-packages/airflow/example_dags/example_branch_python_dop_operator_3.py took 0.071 seconds
[2024-07-06T14:16:19.407+0000] {processor.py:157} INFO - Started process (PID=736) to work on /home/airflow/.local/lib/python3.7/site-packages/airflow/example_dags/example_branch_python_dop_operator_3.py
[2024-07-06T14:16:19.409+0000] {processor.py:826} INFO - Processing file /home/airflow/.local/lib/python3.7/site-packages/airflow/example_dags/example_branch_python_dop_operator_3.py for tasks to queue
[2024-07-06T14:16:19.411+0000] {logging_mixin.py:150} INFO - [2024-07-06T14:16:19.411+0000] {dagbag.py:541} INFO - Filling up the DagBag from /home/airflow/.local/lib/python3.7/site-packages/airflow/example_dags/example_branch_python_dop_operator_3.py
[2024-07-06T14:16:19.421+0000] {processor.py:836} INFO - DAG(s) dict_keys(['example_branch_dop_operator_v3']) retrieved from /home/airflow/.local/lib/python3.7/site-packages/airflow/example_dags/example_branch_python_dop_operator_3.py
[2024-07-06T14:16:19.452+0000] {logging_mixin.py:150} INFO - [2024-07-06T14:16:19.452+0000] {dag.py:2742} INFO - Sync 1 DAGs
[2024-07-06T14:16:19.480+0000] {logging_mixin.py:150} INFO - [2024-07-06T14:16:19.480+0000] {dag.py:3508} INFO - Setting next_dagrun for example_branch_dop_operator_v3 to 2024-07-06T14:15:00+00:00, run_after=2024-07-06T14:16:00+00:00
[2024-07-06T14:16:19.498+0000] {processor.py:179} INFO - Processing /home/airflow/.local/lib/python3.7/site-packages/airflow/example_dags/example_branch_python_dop_operator_3.py took 0.094 seconds
[2024-07-06T14:16:49.994+0000] {processor.py:157} INFO - Started process (PID=799) to work on /home/airflow/.local/lib/python3.7/site-packages/airflow/example_dags/example_branch_python_dop_operator_3.py
[2024-07-06T14:16:49.997+0000] {processor.py:826} INFO - Processing file /home/airflow/.local/lib/python3.7/site-packages/airflow/example_dags/example_branch_python_dop_operator_3.py for tasks to queue
[2024-07-06T14:16:49.998+0000] {logging_mixin.py:150} INFO - [2024-07-06T14:16:49.998+0000] {dagbag.py:541} INFO - Filling up the DagBag from /home/airflow/.local/lib/python3.7/site-packages/airflow/example_dags/example_branch_python_dop_operator_3.py
[2024-07-06T14:16:50.008+0000] {processor.py:836} INFO - DAG(s) dict_keys(['example_branch_dop_operator_v3']) retrieved from /home/airflow/.local/lib/python3.7/site-packages/airflow/example_dags/example_branch_python_dop_operator_3.py
[2024-07-06T14:16:50.032+0000] {logging_mixin.py:150} INFO - [2024-07-06T14:16:50.031+0000] {dag.py:2742} INFO - Sync 1 DAGs
[2024-07-06T14:16:50.051+0000] {logging_mixin.py:150} INFO - [2024-07-06T14:16:50.051+0000] {dag.py:3508} INFO - Setting next_dagrun for example_branch_dop_operator_v3 to 2024-07-06T14:15:00+00:00, run_after=2024-07-06T14:16:00+00:00
[2024-07-06T14:16:50.063+0000] {processor.py:179} INFO - Processing /home/airflow/.local/lib/python3.7/site-packages/airflow/example_dags/example_branch_python_dop_operator_3.py took 0.074 seconds
[2024-07-06T14:17:20.328+0000] {processor.py:157} INFO - Started process (PID=862) to work on /home/airflow/.local/lib/python3.7/site-packages/airflow/example_dags/example_branch_python_dop_operator_3.py
[2024-07-06T14:17:20.330+0000] {processor.py:826} INFO - Processing file /home/airflow/.local/lib/python3.7/site-packages/airflow/example_dags/example_branch_python_dop_operator_3.py for tasks to queue
[2024-07-06T14:17:20.332+0000] {logging_mixin.py:150} INFO - [2024-07-06T14:17:20.331+0000] {dagbag.py:541} INFO - Filling up the DagBag from /home/airflow/.local/lib/python3.7/site-packages/airflow/example_dags/example_branch_python_dop_operator_3.py
[2024-07-06T14:17:20.340+0000] {processor.py:836} INFO - DAG(s) dict_keys(['example_branch_dop_operator_v3']) retrieved from /home/airflow/.local/lib/python3.7/site-packages/airflow/example_dags/example_branch_python_dop_operator_3.py
[2024-07-06T14:17:20.365+0000] {logging_mixin.py:150} INFO - [2024-07-06T14:17:20.365+0000] {dag.py:2742} INFO - Sync 1 DAGs
[2024-07-06T14:17:20.387+0000] {logging_mixin.py:150} INFO - [2024-07-06T14:17:20.386+0000] {dag.py:3508} INFO - Setting next_dagrun for example_branch_dop_operator_v3 to 2024-07-06T14:16:00+00:00, run_after=2024-07-06T14:17:00+00:00
[2024-07-06T14:17:20.399+0000] {processor.py:179} INFO - Processing /home/airflow/.local/lib/python3.7/site-packages/airflow/example_dags/example_branch_python_dop_operator_3.py took 0.075 seconds
[2024-07-06T14:17:50.656+0000] {processor.py:157} INFO - Started process (PID=924) to work on /home/airflow/.local/lib/python3.7/site-packages/airflow/example_dags/example_branch_python_dop_operator_3.py
[2024-07-06T14:17:50.660+0000] {processor.py:826} INFO - Processing file /home/airflow/.local/lib/python3.7/site-packages/airflow/example_dags/example_branch_python_dop_operator_3.py for tasks to queue
[2024-07-06T14:17:50.663+0000] {logging_mixin.py:150} INFO - [2024-07-06T14:17:50.662+0000] {dagbag.py:541} INFO - Filling up the DagBag from /home/airflow/.local/lib/python3.7/site-packages/airflow/example_dags/example_branch_python_dop_operator_3.py
[2024-07-06T14:17:50.672+0000] {processor.py:836} INFO - DAG(s) dict_keys(['example_branch_dop_operator_v3']) retrieved from /home/airflow/.local/lib/python3.7/site-packages/airflow/example_dags/example_branch_python_dop_operator_3.py
[2024-07-06T14:17:50.695+0000] {logging_mixin.py:150} INFO - [2024-07-06T14:17:50.695+0000] {dag.py:2742} INFO - Sync 1 DAGs
[2024-07-06T14:17:50.715+0000] {logging_mixin.py:150} INFO - [2024-07-06T14:17:50.715+0000] {dag.py:3508} INFO - Setting next_dagrun for example_branch_dop_operator_v3 to 2024-07-06T14:16:00+00:00, run_after=2024-07-06T14:17:00+00:00
[2024-07-06T14:17:50.730+0000] {processor.py:179} INFO - Processing /home/airflow/.local/lib/python3.7/site-packages/airflow/example_dags/example_branch_python_dop_operator_3.py took 0.079 seconds
[2024-07-06T14:18:20.991+0000] {processor.py:157} INFO - Started process (PID=987) to work on /home/airflow/.local/lib/python3.7/site-packages/airflow/example_dags/example_branch_python_dop_operator_3.py
[2024-07-06T14:18:20.993+0000] {processor.py:826} INFO - Processing file /home/airflow/.local/lib/python3.7/site-packages/airflow/example_dags/example_branch_python_dop_operator_3.py for tasks to queue
[2024-07-06T14:18:20.995+0000] {logging_mixin.py:150} INFO - [2024-07-06T14:18:20.995+0000] {dagbag.py:541} INFO - Filling up the DagBag from /home/airflow/.local/lib/python3.7/site-packages/airflow/example_dags/example_branch_python_dop_operator_3.py
[2024-07-06T14:18:21.004+0000] {processor.py:836} INFO - DAG(s) dict_keys(['example_branch_dop_operator_v3']) retrieved from /home/airflow/.local/lib/python3.7/site-packages/airflow/example_dags/example_branch_python_dop_operator_3.py
[2024-07-06T14:18:21.028+0000] {logging_mixin.py:150} INFO - [2024-07-06T14:18:21.028+0000] {dag.py:2742} INFO - Sync 1 DAGs
[2024-07-06T14:18:21.048+0000] {logging_mixin.py:150} INFO - [2024-07-06T14:18:21.048+0000] {dag.py:3508} INFO - Setting next_dagrun for example_branch_dop_operator_v3 to 2024-07-06T14:17:00+00:00, run_after=2024-07-06T14:18:00+00:00
[2024-07-06T14:18:21.061+0000] {processor.py:179} INFO - Processing /home/airflow/.local/lib/python3.7/site-packages/airflow/example_dags/example_branch_python_dop_operator_3.py took 0.074 seconds
[2024-07-06T14:18:51.304+0000] {processor.py:157} INFO - Started process (PID=1050) to work on /home/airflow/.local/lib/python3.7/site-packages/airflow/example_dags/example_branch_python_dop_operator_3.py
[2024-07-06T14:18:51.306+0000] {processor.py:826} INFO - Processing file /home/airflow/.local/lib/python3.7/site-packages/airflow/example_dags/example_branch_python_dop_operator_3.py for tasks to queue
[2024-07-06T14:18:51.310+0000] {logging_mixin.py:150} INFO - [2024-07-06T14:18:51.309+0000] {dagbag.py:541} INFO - Filling up the DagBag from /home/airflow/.local/lib/python3.7/site-packages/airflow/example_dags/example_branch_python_dop_operator_3.py
[2024-07-06T14:18:51.323+0000] {processor.py:836} INFO - DAG(s) dict_keys(['example_branch_dop_operator_v3']) retrieved from /home/airflow/.local/lib/python3.7/site-packages/airflow/example_dags/example_branch_python_dop_operator_3.py
[2024-07-06T14:18:51.355+0000] {logging_mixin.py:150} INFO - [2024-07-06T14:18:51.354+0000] {dag.py:2742} INFO - Sync 1 DAGs
[2024-07-06T14:18:51.381+0000] {logging_mixin.py:150} INFO - [2024-07-06T14:18:51.381+0000] {dag.py:3508} INFO - Setting next_dagrun for example_branch_dop_operator_v3 to 2024-07-06T14:17:00+00:00, run_after=2024-07-06T14:18:00+00:00
[2024-07-06T14:18:51.399+0000] {processor.py:179} INFO - Processing /home/airflow/.local/lib/python3.7/site-packages/airflow/example_dags/example_branch_python_dop_operator_3.py took 0.100 seconds
[2024-07-06T14:19:21.589+0000] {processor.py:157} INFO - Started process (PID=1113) to work on /home/airflow/.local/lib/python3.7/site-packages/airflow/example_dags/example_branch_python_dop_operator_3.py
[2024-07-06T14:19:21.591+0000] {processor.py:826} INFO - Processing file /home/airflow/.local/lib/python3.7/site-packages/airflow/example_dags/example_branch_python_dop_operator_3.py for tasks to queue
[2024-07-06T14:19:21.593+0000] {logging_mixin.py:150} INFO - [2024-07-06T14:19:21.592+0000] {dagbag.py:541} INFO - Filling up the DagBag from /home/airflow/.local/lib/python3.7/site-packages/airflow/example_dags/example_branch_python_dop_operator_3.py
[2024-07-06T14:19:21.602+0000] {processor.py:836} INFO - DAG(s) dict_keys(['example_branch_dop_operator_v3']) retrieved from /home/airflow/.local/lib/python3.7/site-packages/airflow/example_dags/example_branch_python_dop_operator_3.py
[2024-07-06T14:19:21.625+0000] {logging_mixin.py:150} INFO - [2024-07-06T14:19:21.625+0000] {dag.py:2742} INFO - Sync 1 DAGs
[2024-07-06T14:19:21.645+0000] {logging_mixin.py:150} INFO - [2024-07-06T14:19:21.645+0000] {dag.py:3508} INFO - Setting next_dagrun for example_branch_dop_operator_v3 to 2024-07-06T14:18:00+00:00, run_after=2024-07-06T14:19:00+00:00
[2024-07-06T14:19:21.657+0000] {processor.py:179} INFO - Processing /home/airflow/.local/lib/python3.7/site-packages/airflow/example_dags/example_branch_python_dop_operator_3.py took 0.073 seconds
[2024-07-06T14:19:51.843+0000] {processor.py:157} INFO - Started process (PID=1176) to work on /home/airflow/.local/lib/python3.7/site-packages/airflow/example_dags/example_branch_python_dop_operator_3.py
[2024-07-06T14:19:51.845+0000] {processor.py:826} INFO - Processing file /home/airflow/.local/lib/python3.7/site-packages/airflow/example_dags/example_branch_python_dop_operator_3.py for tasks to queue
[2024-07-06T14:19:51.846+0000] {logging_mixin.py:150} INFO - [2024-07-06T14:19:51.846+0000] {dagbag.py:541} INFO - Filling up the DagBag from /home/airflow/.local/lib/python3.7/site-packages/airflow/example_dags/example_branch_python_dop_operator_3.py
[2024-07-06T14:19:51.854+0000] {processor.py:836} INFO - DAG(s) dict_keys(['example_branch_dop_operator_v3']) retrieved from /home/airflow/.local/lib/python3.7/site-packages/airflow/example_dags/example_branch_python_dop_operator_3.py
[2024-07-06T14:19:51.875+0000] {logging_mixin.py:150} INFO - [2024-07-06T14:19:51.875+0000] {dag.py:2742} INFO - Sync 1 DAGs
[2024-07-06T14:19:51.895+0000] {logging_mixin.py:150} INFO - [2024-07-06T14:19:51.895+0000] {dag.py:3508} INFO - Setting next_dagrun for example_branch_dop_operator_v3 to 2024-07-06T14:18:00+00:00, run_after=2024-07-06T14:19:00+00:00
[2024-07-06T14:19:51.909+0000] {processor.py:179} INFO - Processing /home/airflow/.local/lib/python3.7/site-packages/airflow/example_dags/example_branch_python_dop_operator_3.py took 0.070 seconds
[2024-07-06T14:20:22.371+0000] {processor.py:157} INFO - Started process (PID=1238) to work on /home/airflow/.local/lib/python3.7/site-packages/airflow/example_dags/example_branch_python_dop_operator_3.py
[2024-07-06T14:20:22.373+0000] {processor.py:826} INFO - Processing file /home/airflow/.local/lib/python3.7/site-packages/airflow/example_dags/example_branch_python_dop_operator_3.py for tasks to queue
[2024-07-06T14:20:22.376+0000] {logging_mixin.py:150} INFO - [2024-07-06T14:20:22.375+0000] {dagbag.py:541} INFO - Filling up the DagBag from /home/airflow/.local/lib/python3.7/site-packages/airflow/example_dags/example_branch_python_dop_operator_3.py
[2024-07-06T14:20:22.385+0000] {processor.py:836} INFO - DAG(s) dict_keys(['example_branch_dop_operator_v3']) retrieved from /home/airflow/.local/lib/python3.7/site-packages/airflow/example_dags/example_branch_python_dop_operator_3.py
[2024-07-06T14:20:22.407+0000] {logging_mixin.py:150} INFO - [2024-07-06T14:20:22.407+0000] {dag.py:2742} INFO - Sync 1 DAGs
[2024-07-06T14:20:22.426+0000] {logging_mixin.py:150} INFO - [2024-07-06T14:20:22.426+0000] {dag.py:3508} INFO - Setting next_dagrun for example_branch_dop_operator_v3 to 2024-07-06T14:19:00+00:00, run_after=2024-07-06T14:20:00+00:00
[2024-07-06T14:20:22.440+0000] {processor.py:179} INFO - Processing /home/airflow/.local/lib/python3.7/site-packages/airflow/example_dags/example_branch_python_dop_operator_3.py took 0.075 seconds
[2024-07-06T14:20:52.919+0000] {processor.py:157} INFO - Started process (PID=1301) to work on /home/airflow/.local/lib/python3.7/site-packages/airflow/example_dags/example_branch_python_dop_operator_3.py
[2024-07-06T14:20:52.922+0000] {processor.py:826} INFO - Processing file /home/airflow/.local/lib/python3.7/site-packages/airflow/example_dags/example_branch_python_dop_operator_3.py for tasks to queue
[2024-07-06T14:20:52.924+0000] {logging_mixin.py:150} INFO - [2024-07-06T14:20:52.923+0000] {dagbag.py:541} INFO - Filling up the DagBag from /home/airflow/.local/lib/python3.7/site-packages/airflow/example_dags/example_branch_python_dop_operator_3.py
[2024-07-06T14:20:52.933+0000] {processor.py:836} INFO - DAG(s) dict_keys(['example_branch_dop_operator_v3']) retrieved from /home/airflow/.local/lib/python3.7/site-packages/airflow/example_dags/example_branch_python_dop_operator_3.py
[2024-07-06T14:20:52.955+0000] {logging_mixin.py:150} INFO - [2024-07-06T14:20:52.955+0000] {dag.py:2742} INFO - Sync 1 DAGs
[2024-07-06T14:20:52.975+0000] {logging_mixin.py:150} INFO - [2024-07-06T14:20:52.975+0000] {dag.py:3508} INFO - Setting next_dagrun for example_branch_dop_operator_v3 to 2024-07-06T14:19:00+00:00, run_after=2024-07-06T14:20:00+00:00
[2024-07-06T14:20:52.990+0000] {processor.py:179} INFO - Processing /home/airflow/.local/lib/python3.7/site-packages/airflow/example_dags/example_branch_python_dop_operator_3.py took 0.076 seconds
[2024-07-06T14:21:23.414+0000] {processor.py:157} INFO - Started process (PID=1364) to work on /home/airflow/.local/lib/python3.7/site-packages/airflow/example_dags/example_branch_python_dop_operator_3.py
[2024-07-06T14:21:23.417+0000] {processor.py:826} INFO - Processing file /home/airflow/.local/lib/python3.7/site-packages/airflow/example_dags/example_branch_python_dop_operator_3.py for tasks to queue
[2024-07-06T14:21:23.419+0000] {logging_mixin.py:150} INFO - [2024-07-06T14:21:23.419+0000] {dagbag.py:541} INFO - Filling up the DagBag from /home/airflow/.local/lib/python3.7/site-packages/airflow/example_dags/example_branch_python_dop_operator_3.py
[2024-07-06T14:21:23.427+0000] {processor.py:836} INFO - DAG(s) dict_keys(['example_branch_dop_operator_v3']) retrieved from /home/airflow/.local/lib/python3.7/site-packages/airflow/example_dags/example_branch_python_dop_operator_3.py
[2024-07-06T14:21:23.450+0000] {logging_mixin.py:150} INFO - [2024-07-06T14:21:23.450+0000] {dag.py:2742} INFO - Sync 1 DAGs
[2024-07-06T14:21:23.469+0000] {logging_mixin.py:150} INFO - [2024-07-06T14:21:23.469+0000] {dag.py:3508} INFO - Setting next_dagrun for example_branch_dop_operator_v3 to 2024-07-06T14:20:00+00:00, run_after=2024-07-06T14:21:00+00:00
[2024-07-06T14:21:23.481+0000] {processor.py:179} INFO - Processing /home/airflow/.local/lib/python3.7/site-packages/airflow/example_dags/example_branch_python_dop_operator_3.py took 0.073 seconds
[2024-07-06T14:21:53.876+0000] {processor.py:157} INFO - Started process (PID=1427) to work on /home/airflow/.local/lib/python3.7/site-packages/airflow/example_dags/example_branch_python_dop_operator_3.py
[2024-07-06T14:21:53.878+0000] {processor.py:826} INFO - Processing file /home/airflow/.local/lib/python3.7/site-packages/airflow/example_dags/example_branch_python_dop_operator_3.py for tasks to queue
[2024-07-06T14:21:53.880+0000] {logging_mixin.py:150} INFO - [2024-07-06T14:21:53.879+0000] {dagbag.py:541} INFO - Filling up the DagBag from /home/airflow/.local/lib/python3.7/site-packages/airflow/example_dags/example_branch_python_dop_operator_3.py
[2024-07-06T14:21:53.890+0000] {processor.py:836} INFO - DAG(s) dict_keys(['example_branch_dop_operator_v3']) retrieved from /home/airflow/.local/lib/python3.7/site-packages/airflow/example_dags/example_branch_python_dop_operator_3.py
[2024-07-06T14:21:53.914+0000] {logging_mixin.py:150} INFO - [2024-07-06T14:21:53.914+0000] {dag.py:2742} INFO - Sync 1 DAGs
[2024-07-06T14:21:53.934+0000] {logging_mixin.py:150} INFO - [2024-07-06T14:21:53.934+0000] {dag.py:3508} INFO - Setting next_dagrun for example_branch_dop_operator_v3 to 2024-07-06T14:20:00+00:00, run_after=2024-07-06T14:21:00+00:00
[2024-07-06T14:21:53.949+0000] {processor.py:179} INFO - Processing /home/airflow/.local/lib/python3.7/site-packages/airflow/example_dags/example_branch_python_dop_operator_3.py took 0.078 seconds
[2024-07-06T14:22:24.060+0000] {processor.py:157} INFO - Started process (PID=1490) to work on /home/airflow/.local/lib/python3.7/site-packages/airflow/example_dags/example_branch_python_dop_operator_3.py
[2024-07-06T14:22:24.063+0000] {processor.py:826} INFO - Processing file /home/airflow/.local/lib/python3.7/site-packages/airflow/example_dags/example_branch_python_dop_operator_3.py for tasks to queue
[2024-07-06T14:22:24.065+0000] {logging_mixin.py:150} INFO - [2024-07-06T14:22:24.065+0000] {dagbag.py:541} INFO - Filling up the DagBag from /home/airflow/.local/lib/python3.7/site-packages/airflow/example_dags/example_branch_python_dop_operator_3.py
[2024-07-06T14:22:24.076+0000] {processor.py:836} INFO - DAG(s) dict_keys(['example_branch_dop_operator_v3']) retrieved from /home/airflow/.local/lib/python3.7/site-packages/airflow/example_dags/example_branch_python_dop_operator_3.py
[2024-07-06T14:22:24.112+0000] {logging_mixin.py:150} INFO - [2024-07-06T14:22:24.111+0000] {dag.py:2742} INFO - Sync 1 DAGs
[2024-07-06T14:22:24.138+0000] {logging_mixin.py:150} INFO - [2024-07-06T14:22:24.137+0000] {dag.py:3508} INFO - Setting next_dagrun for example_branch_dop_operator_v3 to 2024-07-06T14:21:00+00:00, run_after=2024-07-06T14:22:00+00:00
[2024-07-06T14:22:24.150+0000] {processor.py:179} INFO - Processing /home/airflow/.local/lib/python3.7/site-packages/airflow/example_dags/example_branch_python_dop_operator_3.py took 0.095 seconds
[2024-07-06T14:22:54.381+0000] {processor.py:157} INFO - Started process (PID=1553) to work on /home/airflow/.local/lib/python3.7/site-packages/airflow/example_dags/example_branch_python_dop_operator_3.py
[2024-07-06T14:22:54.383+0000] {processor.py:826} INFO - Processing file /home/airflow/.local/lib/python3.7/site-packages/airflow/example_dags/example_branch_python_dop_operator_3.py for tasks to queue
[2024-07-06T14:22:54.385+0000] {logging_mixin.py:150} INFO - [2024-07-06T14:22:54.385+0000] {dagbag.py:541} INFO - Filling up the DagBag from /home/airflow/.local/lib/python3.7/site-packages/airflow/example_dags/example_branch_python_dop_operator_3.py
[2024-07-06T14:22:54.394+0000] {processor.py:836} INFO - DAG(s) dict_keys(['example_branch_dop_operator_v3']) retrieved from /home/airflow/.local/lib/python3.7/site-packages/airflow/example_dags/example_branch_python_dop_operator_3.py
[2024-07-06T14:22:54.433+0000] {logging_mixin.py:150} INFO - [2024-07-06T14:22:54.433+0000] {dag.py:2742} INFO - Sync 1 DAGs
[2024-07-06T14:22:54.517+0000] {logging_mixin.py:150} INFO - [2024-07-06T14:22:54.516+0000] {dag.py:3508} INFO - Setting next_dagrun for example_branch_dop_operator_v3 to 2024-07-06T14:21:00+00:00, run_after=2024-07-06T14:22:00+00:00
[2024-07-06T14:22:54.544+0000] {processor.py:179} INFO - Processing /home/airflow/.local/lib/python3.7/site-packages/airflow/example_dags/example_branch_python_dop_operator_3.py took 0.167 seconds
[2024-07-06T14:23:24.769+0000] {processor.py:157} INFO - Started process (PID=1616) to work on /home/airflow/.local/lib/python3.7/site-packages/airflow/example_dags/example_branch_python_dop_operator_3.py
[2024-07-06T14:23:24.772+0000] {processor.py:826} INFO - Processing file /home/airflow/.local/lib/python3.7/site-packages/airflow/example_dags/example_branch_python_dop_operator_3.py for tasks to queue
[2024-07-06T14:23:24.774+0000] {logging_mixin.py:150} INFO - [2024-07-06T14:23:24.774+0000] {dagbag.py:541} INFO - Filling up the DagBag from /home/airflow/.local/lib/python3.7/site-packages/airflow/example_dags/example_branch_python_dop_operator_3.py
[2024-07-06T14:23:24.786+0000] {processor.py:836} INFO - DAG(s) dict_keys(['example_branch_dop_operator_v3']) retrieved from /home/airflow/.local/lib/python3.7/site-packages/airflow/example_dags/example_branch_python_dop_operator_3.py
[2024-07-06T14:23:24.820+0000] {logging_mixin.py:150} INFO - [2024-07-06T14:23:24.819+0000] {dag.py:2742} INFO - Sync 1 DAGs
[2024-07-06T14:23:24.850+0000] {logging_mixin.py:150} INFO - [2024-07-06T14:23:24.850+0000] {dag.py:3508} INFO - Setting next_dagrun for example_branch_dop_operator_v3 to 2024-07-06T14:22:00+00:00, run_after=2024-07-06T14:23:00+00:00
[2024-07-06T14:23:24.876+0000] {processor.py:179} INFO - Processing /home/airflow/.local/lib/python3.7/site-packages/airflow/example_dags/example_branch_python_dop_operator_3.py took 0.113 seconds
[2024-07-06T14:23:55.495+0000] {processor.py:157} INFO - Started process (PID=1679) to work on /home/airflow/.local/lib/python3.7/site-packages/airflow/example_dags/example_branch_python_dop_operator_3.py
[2024-07-06T14:23:55.498+0000] {processor.py:826} INFO - Processing file /home/airflow/.local/lib/python3.7/site-packages/airflow/example_dags/example_branch_python_dop_operator_3.py for tasks to queue
[2024-07-06T14:23:55.500+0000] {logging_mixin.py:150} INFO - [2024-07-06T14:23:55.499+0000] {dagbag.py:541} INFO - Filling up the DagBag from /home/airflow/.local/lib/python3.7/site-packages/airflow/example_dags/example_branch_python_dop_operator_3.py
[2024-07-06T14:23:55.509+0000] {processor.py:836} INFO - DAG(s) dict_keys(['example_branch_dop_operator_v3']) retrieved from /home/airflow/.local/lib/python3.7/site-packages/airflow/example_dags/example_branch_python_dop_operator_3.py
[2024-07-06T14:23:55.531+0000] {logging_mixin.py:150} INFO - [2024-07-06T14:23:55.531+0000] {dag.py:2742} INFO - Sync 1 DAGs
[2024-07-06T14:23:55.550+0000] {logging_mixin.py:150} INFO - [2024-07-06T14:23:55.550+0000] {dag.py:3508} INFO - Setting next_dagrun for example_branch_dop_operator_v3 to 2024-07-06T14:22:00+00:00, run_after=2024-07-06T14:23:00+00:00
[2024-07-06T14:23:55.562+0000] {processor.py:179} INFO - Processing /home/airflow/.local/lib/python3.7/site-packages/airflow/example_dags/example_branch_python_dop_operator_3.py took 0.072 seconds
[2024-07-06T14:24:25.945+0000] {processor.py:157} INFO - Started process (PID=1742) to work on /home/airflow/.local/lib/python3.7/site-packages/airflow/example_dags/example_branch_python_dop_operator_3.py
[2024-07-06T14:24:25.946+0000] {processor.py:826} INFO - Processing file /home/airflow/.local/lib/python3.7/site-packages/airflow/example_dags/example_branch_python_dop_operator_3.py for tasks to queue
[2024-07-06T14:24:25.948+0000] {logging_mixin.py:150} INFO - [2024-07-06T14:24:25.947+0000] {dagbag.py:541} INFO - Filling up the DagBag from /home/airflow/.local/lib/python3.7/site-packages/airflow/example_dags/example_branch_python_dop_operator_3.py
[2024-07-06T14:24:25.955+0000] {processor.py:836} INFO - DAG(s) dict_keys(['example_branch_dop_operator_v3']) retrieved from /home/airflow/.local/lib/python3.7/site-packages/airflow/example_dags/example_branch_python_dop_operator_3.py
[2024-07-06T14:24:25.977+0000] {logging_mixin.py:150} INFO - [2024-07-06T14:24:25.977+0000] {dag.py:2742} INFO - Sync 1 DAGs
[2024-07-06T14:24:25.997+0000] {logging_mixin.py:150} INFO - [2024-07-06T14:24:25.997+0000] {dag.py:3508} INFO - Setting next_dagrun for example_branch_dop_operator_v3 to 2024-07-06T14:23:00+00:00, run_after=2024-07-06T14:24:00+00:00
[2024-07-06T14:24:26.010+0000] {processor.py:179} INFO - Processing /home/airflow/.local/lib/python3.7/site-packages/airflow/example_dags/example_branch_python_dop_operator_3.py took 0.070 seconds
[2024-07-06T14:24:56.950+0000] {processor.py:157} INFO - Started process (PID=1805) to work on /home/airflow/.local/lib/python3.7/site-packages/airflow/example_dags/example_branch_python_dop_operator_3.py
[2024-07-06T14:24:56.953+0000] {processor.py:826} INFO - Processing file /home/airflow/.local/lib/python3.7/site-packages/airflow/example_dags/example_branch_python_dop_operator_3.py for tasks to queue
[2024-07-06T14:24:56.956+0000] {logging_mixin.py:150} INFO - [2024-07-06T14:24:56.955+0000] {dagbag.py:541} INFO - Filling up the DagBag from /home/airflow/.local/lib/python3.7/site-packages/airflow/example_dags/example_branch_python_dop_operator_3.py
[2024-07-06T14:24:56.966+0000] {processor.py:836} INFO - DAG(s) dict_keys(['example_branch_dop_operator_v3']) retrieved from /home/airflow/.local/lib/python3.7/site-packages/airflow/example_dags/example_branch_python_dop_operator_3.py
[2024-07-06T14:24:56.989+0000] {logging_mixin.py:150} INFO - [2024-07-06T14:24:56.989+0000] {dag.py:2742} INFO - Sync 1 DAGs
[2024-07-06T14:24:57.007+0000] {logging_mixin.py:150} INFO - [2024-07-06T14:24:57.007+0000] {dag.py:3508} INFO - Setting next_dagrun for example_branch_dop_operator_v3 to 2024-07-06T14:23:00+00:00, run_after=2024-07-06T14:24:00+00:00
[2024-07-06T14:24:57.020+0000] {processor.py:179} INFO - Processing /home/airflow/.local/lib/python3.7/site-packages/airflow/example_dags/example_branch_python_dop_operator_3.py took 0.075 seconds
[2024-07-06T14:25:27.270+0000] {processor.py:157} INFO - Started process (PID=1869) to work on /home/airflow/.local/lib/python3.7/site-packages/airflow/example_dags/example_branch_python_dop_operator_3.py
[2024-07-06T14:25:27.272+0000] {processor.py:826} INFO - Processing file /home/airflow/.local/lib/python3.7/site-packages/airflow/example_dags/example_branch_python_dop_operator_3.py for tasks to queue
[2024-07-06T14:25:27.274+0000] {logging_mixin.py:150} INFO - [2024-07-06T14:25:27.273+0000] {dagbag.py:541} INFO - Filling up the DagBag from /home/airflow/.local/lib/python3.7/site-packages/airflow/example_dags/example_branch_python_dop_operator_3.py
[2024-07-06T14:25:27.280+0000] {processor.py:836} INFO - DAG(s) dict_keys(['example_branch_dop_operator_v3']) retrieved from /home/airflow/.local/lib/python3.7/site-packages/airflow/example_dags/example_branch_python_dop_operator_3.py
[2024-07-06T14:25:27.303+0000] {logging_mixin.py:150} INFO - [2024-07-06T14:25:27.303+0000] {dag.py:2742} INFO - Sync 1 DAGs
[2024-07-06T14:25:27.323+0000] {logging_mixin.py:150} INFO - [2024-07-06T14:25:27.323+0000] {dag.py:3508} INFO - Setting next_dagrun for example_branch_dop_operator_v3 to 2024-07-06T14:24:00+00:00, run_after=2024-07-06T14:25:00+00:00
[2024-07-06T14:25:27.337+0000] {processor.py:179} INFO - Processing /home/airflow/.local/lib/python3.7/site-packages/airflow/example_dags/example_branch_python_dop_operator_3.py took 0.071 seconds
[2024-07-06T14:25:58.046+0000] {processor.py:157} INFO - Started process (PID=1931) to work on /home/airflow/.local/lib/python3.7/site-packages/airflow/example_dags/example_branch_python_dop_operator_3.py
[2024-07-06T14:25:58.049+0000] {processor.py:826} INFO - Processing file /home/airflow/.local/lib/python3.7/site-packages/airflow/example_dags/example_branch_python_dop_operator_3.py for tasks to queue
[2024-07-06T14:25:58.051+0000] {logging_mixin.py:150} INFO - [2024-07-06T14:25:58.051+0000] {dagbag.py:541} INFO - Filling up the DagBag from /home/airflow/.local/lib/python3.7/site-packages/airflow/example_dags/example_branch_python_dop_operator_3.py
[2024-07-06T14:25:58.063+0000] {processor.py:836} INFO - DAG(s) dict_keys(['example_branch_dop_operator_v3']) retrieved from /home/airflow/.local/lib/python3.7/site-packages/airflow/example_dags/example_branch_python_dop_operator_3.py
[2024-07-06T14:25:58.096+0000] {logging_mixin.py:150} INFO - [2024-07-06T14:25:58.096+0000] {dag.py:2742} INFO - Sync 1 DAGs
[2024-07-06T14:25:58.124+0000] {logging_mixin.py:150} INFO - [2024-07-06T14:25:58.123+0000] {dag.py:3508} INFO - Setting next_dagrun for example_branch_dop_operator_v3 to 2024-07-06T14:24:00+00:00, run_after=2024-07-06T14:25:00+00:00
[2024-07-06T14:25:58.149+0000] {processor.py:179} INFO - Processing /home/airflow/.local/lib/python3.7/site-packages/airflow/example_dags/example_branch_python_dop_operator_3.py took 0.107 seconds
[2024-07-06T14:26:28.828+0000] {processor.py:157} INFO - Started process (PID=1995) to work on /home/airflow/.local/lib/python3.7/site-packages/airflow/example_dags/example_branch_python_dop_operator_3.py
[2024-07-06T14:26:28.830+0000] {processor.py:826} INFO - Processing file /home/airflow/.local/lib/python3.7/site-packages/airflow/example_dags/example_branch_python_dop_operator_3.py for tasks to queue
[2024-07-06T14:26:28.832+0000] {logging_mixin.py:150} INFO - [2024-07-06T14:26:28.831+0000] {dagbag.py:541} INFO - Filling up the DagBag from /home/airflow/.local/lib/python3.7/site-packages/airflow/example_dags/example_branch_python_dop_operator_3.py
[2024-07-06T14:26:28.839+0000] {processor.py:836} INFO - DAG(s) dict_keys(['example_branch_dop_operator_v3']) retrieved from /home/airflow/.local/lib/python3.7/site-packages/airflow/example_dags/example_branch_python_dop_operator_3.py
[2024-07-06T14:26:28.864+0000] {logging_mixin.py:150} INFO - [2024-07-06T14:26:28.864+0000] {dag.py:2742} INFO - Sync 1 DAGs
[2024-07-06T14:26:28.885+0000] {logging_mixin.py:150} INFO - [2024-07-06T14:26:28.885+0000] {dag.py:3508} INFO - Setting next_dagrun for example_branch_dop_operator_v3 to 2024-07-06T14:25:00+00:00, run_after=2024-07-06T14:26:00+00:00
[2024-07-06T14:26:28.905+0000] {processor.py:179} INFO - Processing /home/airflow/.local/lib/python3.7/site-packages/airflow/example_dags/example_branch_python_dop_operator_3.py took 0.080 seconds
[2024-07-06T14:26:59.228+0000] {processor.py:157} INFO - Started process (PID=2058) to work on /home/airflow/.local/lib/python3.7/site-packages/airflow/example_dags/example_branch_python_dop_operator_3.py
[2024-07-06T14:26:59.231+0000] {processor.py:826} INFO - Processing file /home/airflow/.local/lib/python3.7/site-packages/airflow/example_dags/example_branch_python_dop_operator_3.py for tasks to queue
[2024-07-06T14:26:59.233+0000] {logging_mixin.py:150} INFO - [2024-07-06T14:26:59.233+0000] {dagbag.py:541} INFO - Filling up the DagBag from /home/airflow/.local/lib/python3.7/site-packages/airflow/example_dags/example_branch_python_dop_operator_3.py
[2024-07-06T14:26:59.244+0000] {processor.py:836} INFO - DAG(s) dict_keys(['example_branch_dop_operator_v3']) retrieved from /home/airflow/.local/lib/python3.7/site-packages/airflow/example_dags/example_branch_python_dop_operator_3.py
[2024-07-06T14:26:59.266+0000] {logging_mixin.py:150} INFO - [2024-07-06T14:26:59.266+0000] {dag.py:2742} INFO - Sync 1 DAGs
[2024-07-06T14:26:59.288+0000] {logging_mixin.py:150} INFO - [2024-07-06T14:26:59.288+0000] {dag.py:3508} INFO - Setting next_dagrun for example_branch_dop_operator_v3 to 2024-07-06T14:25:00+00:00, run_after=2024-07-06T14:26:00+00:00
[2024-07-06T14:26:59.304+0000] {processor.py:179} INFO - Processing /home/airflow/.local/lib/python3.7/site-packages/airflow/example_dags/example_branch_python_dop_operator_3.py took 0.081 seconds
[2024-07-06T14:27:29.393+0000] {processor.py:157} INFO - Started process (PID=2120) to work on /home/airflow/.local/lib/python3.7/site-packages/airflow/example_dags/example_branch_python_dop_operator_3.py
[2024-07-06T14:27:29.395+0000] {processor.py:826} INFO - Processing file /home/airflow/.local/lib/python3.7/site-packages/airflow/example_dags/example_branch_python_dop_operator_3.py for tasks to queue
[2024-07-06T14:27:29.396+0000] {logging_mixin.py:150} INFO - [2024-07-06T14:27:29.396+0000] {dagbag.py:541} INFO - Filling up the DagBag from /home/airflow/.local/lib/python3.7/site-packages/airflow/example_dags/example_branch_python_dop_operator_3.py
[2024-07-06T14:27:29.403+0000] {processor.py:836} INFO - DAG(s) dict_keys(['example_branch_dop_operator_v3']) retrieved from /home/airflow/.local/lib/python3.7/site-packages/airflow/example_dags/example_branch_python_dop_operator_3.py
[2024-07-06T14:27:29.426+0000] {logging_mixin.py:150} INFO - [2024-07-06T14:27:29.425+0000] {dag.py:2742} INFO - Sync 1 DAGs
[2024-07-06T14:27:29.446+0000] {logging_mixin.py:150} INFO - [2024-07-06T14:27:29.446+0000] {dag.py:3508} INFO - Setting next_dagrun for example_branch_dop_operator_v3 to 2024-07-06T14:26:00+00:00, run_after=2024-07-06T14:27:00+00:00
[2024-07-06T14:27:29.460+0000] {processor.py:179} INFO - Processing /home/airflow/.local/lib/python3.7/site-packages/airflow/example_dags/example_branch_python_dop_operator_3.py took 0.070 seconds
[2024-07-06T14:28:00.281+0000] {processor.py:157} INFO - Started process (PID=2188) to work on /home/airflow/.local/lib/python3.7/site-packages/airflow/example_dags/example_branch_python_dop_operator_3.py
[2024-07-06T14:28:00.283+0000] {processor.py:826} INFO - Processing file /home/airflow/.local/lib/python3.7/site-packages/airflow/example_dags/example_branch_python_dop_operator_3.py for tasks to queue
[2024-07-06T14:28:00.285+0000] {logging_mixin.py:150} INFO - [2024-07-06T14:28:00.285+0000] {dagbag.py:541} INFO - Filling up the DagBag from /home/airflow/.local/lib/python3.7/site-packages/airflow/example_dags/example_branch_python_dop_operator_3.py
[2024-07-06T14:28:00.295+0000] {processor.py:836} INFO - DAG(s) dict_keys(['example_branch_dop_operator_v3']) retrieved from /home/airflow/.local/lib/python3.7/site-packages/airflow/example_dags/example_branch_python_dop_operator_3.py
[2024-07-06T14:28:00.322+0000] {logging_mixin.py:150} INFO - [2024-07-06T14:28:00.322+0000] {dag.py:2742} INFO - Sync 1 DAGs
[2024-07-06T14:28:00.345+0000] {logging_mixin.py:150} INFO - [2024-07-06T14:28:00.345+0000] {dag.py:3508} INFO - Setting next_dagrun for example_branch_dop_operator_v3 to 2024-07-06T14:27:00+00:00, run_after=2024-07-06T14:28:00+00:00
[2024-07-06T14:28:00.361+0000] {processor.py:179} INFO - Processing /home/airflow/.local/lib/python3.7/site-packages/airflow/example_dags/example_branch_python_dop_operator_3.py took 0.084 seconds
[2024-07-06T14:28:30.467+0000] {processor.py:157} INFO - Started process (PID=2256) to work on /home/airflow/.local/lib/python3.7/site-packages/airflow/example_dags/example_branch_python_dop_operator_3.py
[2024-07-06T14:28:30.470+0000] {processor.py:826} INFO - Processing file /home/airflow/.local/lib/python3.7/site-packages/airflow/example_dags/example_branch_python_dop_operator_3.py for tasks to queue
[2024-07-06T14:28:30.471+0000] {logging_mixin.py:150} INFO - [2024-07-06T14:28:30.471+0000] {dagbag.py:541} INFO - Filling up the DagBag from /home/airflow/.local/lib/python3.7/site-packages/airflow/example_dags/example_branch_python_dop_operator_3.py
[2024-07-06T14:28:30.480+0000] {processor.py:836} INFO - DAG(s) dict_keys(['example_branch_dop_operator_v3']) retrieved from /home/airflow/.local/lib/python3.7/site-packages/airflow/example_dags/example_branch_python_dop_operator_3.py
[2024-07-06T14:28:30.511+0000] {logging_mixin.py:150} INFO - [2024-07-06T14:28:30.511+0000] {dag.py:2742} INFO - Sync 1 DAGs
[2024-07-06T14:28:30.549+0000] {logging_mixin.py:150} INFO - [2024-07-06T14:28:30.549+0000] {dag.py:3508} INFO - Setting next_dagrun for example_branch_dop_operator_v3 to 2024-07-06T14:27:00+00:00, run_after=2024-07-06T14:28:00+00:00
[2024-07-06T14:28:30.566+0000] {processor.py:179} INFO - Processing /home/airflow/.local/lib/python3.7/site-packages/airflow/example_dags/example_branch_python_dop_operator_3.py took 0.103 seconds
[2024-07-06T14:29:00.648+0000] {processor.py:157} INFO - Started process (PID=2318) to work on /home/airflow/.local/lib/python3.7/site-packages/airflow/example_dags/example_branch_python_dop_operator_3.py
[2024-07-06T14:29:00.651+0000] {processor.py:826} INFO - Processing file /home/airflow/.local/lib/python3.7/site-packages/airflow/example_dags/example_branch_python_dop_operator_3.py for tasks to queue
[2024-07-06T14:29:00.652+0000] {logging_mixin.py:150} INFO - [2024-07-06T14:29:00.652+0000] {dagbag.py:541} INFO - Filling up the DagBag from /home/airflow/.local/lib/python3.7/site-packages/airflow/example_dags/example_branch_python_dop_operator_3.py
[2024-07-06T14:29:00.659+0000] {processor.py:836} INFO - DAG(s) dict_keys(['example_branch_dop_operator_v3']) retrieved from /home/airflow/.local/lib/python3.7/site-packages/airflow/example_dags/example_branch_python_dop_operator_3.py
[2024-07-06T14:29:00.680+0000] {logging_mixin.py:150} INFO - [2024-07-06T14:29:00.680+0000] {dag.py:2742} INFO - Sync 1 DAGs
[2024-07-06T14:29:00.698+0000] {logging_mixin.py:150} INFO - [2024-07-06T14:29:00.698+0000] {dag.py:3508} INFO - Setting next_dagrun for example_branch_dop_operator_v3 to 2024-07-06T14:28:00+00:00, run_after=2024-07-06T14:29:00+00:00
[2024-07-06T14:29:00.711+0000] {processor.py:179} INFO - Processing /home/airflow/.local/lib/python3.7/site-packages/airflow/example_dags/example_branch_python_dop_operator_3.py took 0.065 seconds
[2024-07-06T14:29:31.797+0000] {processor.py:157} INFO - Started process (PID=2385) to work on /home/airflow/.local/lib/python3.7/site-packages/airflow/example_dags/example_branch_python_dop_operator_3.py
[2024-07-06T14:29:31.800+0000] {processor.py:826} INFO - Processing file /home/airflow/.local/lib/python3.7/site-packages/airflow/example_dags/example_branch_python_dop_operator_3.py for tasks to queue
[2024-07-06T14:29:31.803+0000] {logging_mixin.py:150} INFO - [2024-07-06T14:29:31.803+0000] {dagbag.py:541} INFO - Filling up the DagBag from /home/airflow/.local/lib/python3.7/site-packages/airflow/example_dags/example_branch_python_dop_operator_3.py
[2024-07-06T14:29:31.819+0000] {processor.py:836} INFO - DAG(s) dict_keys(['example_branch_dop_operator_v3']) retrieved from /home/airflow/.local/lib/python3.7/site-packages/airflow/example_dags/example_branch_python_dop_operator_3.py
[2024-07-06T14:29:31.891+0000] {logging_mixin.py:150} INFO - [2024-07-06T14:29:31.891+0000] {dag.py:2742} INFO - Sync 1 DAGs
[2024-07-06T14:29:31.968+0000] {logging_mixin.py:150} INFO - [2024-07-06T14:29:31.968+0000] {dag.py:3508} INFO - Setting next_dagrun for example_branch_dop_operator_v3 to 2024-07-06T14:28:00+00:00, run_after=2024-07-06T14:29:00+00:00
[2024-07-06T14:29:32.005+0000] {processor.py:179} INFO - Processing /home/airflow/.local/lib/python3.7/site-packages/airflow/example_dags/example_branch_python_dop_operator_3.py took 0.221 seconds
[2024-07-06T14:30:02.970+0000] {processor.py:157} INFO - Started process (PID=2448) to work on /home/airflow/.local/lib/python3.7/site-packages/airflow/example_dags/example_branch_python_dop_operator_3.py
[2024-07-06T14:30:02.973+0000] {processor.py:826} INFO - Processing file /home/airflow/.local/lib/python3.7/site-packages/airflow/example_dags/example_branch_python_dop_operator_3.py for tasks to queue
[2024-07-06T14:30:02.975+0000] {logging_mixin.py:150} INFO - [2024-07-06T14:30:02.975+0000] {dagbag.py:541} INFO - Filling up the DagBag from /home/airflow/.local/lib/python3.7/site-packages/airflow/example_dags/example_branch_python_dop_operator_3.py
[2024-07-06T14:30:02.988+0000] {processor.py:836} INFO - DAG(s) dict_keys(['example_branch_dop_operator_v3']) retrieved from /home/airflow/.local/lib/python3.7/site-packages/airflow/example_dags/example_branch_python_dop_operator_3.py
[2024-07-06T14:30:03.017+0000] {logging_mixin.py:150} INFO - [2024-07-06T14:30:03.017+0000] {dag.py:2742} INFO - Sync 1 DAGs
[2024-07-06T14:30:03.043+0000] {logging_mixin.py:150} INFO - [2024-07-06T14:30:03.042+0000] {dag.py:3508} INFO - Setting next_dagrun for example_branch_dop_operator_v3 to 2024-07-06T14:29:00+00:00, run_after=2024-07-06T14:30:00+00:00
[2024-07-06T14:30:03.056+0000] {processor.py:179} INFO - Processing /home/airflow/.local/lib/python3.7/site-packages/airflow/example_dags/example_branch_python_dop_operator_3.py took 0.091 seconds
[2024-07-06T14:30:34.323+0000] {processor.py:157} INFO - Started process (PID=2512) to work on /home/airflow/.local/lib/python3.7/site-packages/airflow/example_dags/example_branch_python_dop_operator_3.py
[2024-07-06T14:30:34.325+0000] {processor.py:826} INFO - Processing file /home/airflow/.local/lib/python3.7/site-packages/airflow/example_dags/example_branch_python_dop_operator_3.py for tasks to queue
[2024-07-06T14:30:34.327+0000] {logging_mixin.py:150} INFO - [2024-07-06T14:30:34.327+0000] {dagbag.py:541} INFO - Filling up the DagBag from /home/airflow/.local/lib/python3.7/site-packages/airflow/example_dags/example_branch_python_dop_operator_3.py
[2024-07-06T14:30:34.335+0000] {processor.py:836} INFO - DAG(s) dict_keys(['example_branch_dop_operator_v3']) retrieved from /home/airflow/.local/lib/python3.7/site-packages/airflow/example_dags/example_branch_python_dop_operator_3.py
[2024-07-06T14:30:34.362+0000] {logging_mixin.py:150} INFO - [2024-07-06T14:30:34.362+0000] {dag.py:2742} INFO - Sync 1 DAGs
[2024-07-06T14:30:34.390+0000] {logging_mixin.py:150} INFO - [2024-07-06T14:30:34.390+0000] {dag.py:3508} INFO - Setting next_dagrun for example_branch_dop_operator_v3 to 2024-07-06T14:29:00+00:00, run_after=2024-07-06T14:30:00+00:00
[2024-07-06T14:30:34.408+0000] {processor.py:179} INFO - Processing /home/airflow/.local/lib/python3.7/site-packages/airflow/example_dags/example_branch_python_dop_operator_3.py took 0.089 seconds
