[2024-07-06T14:10:42.581+0000] {processor.py:157} INFO - Started process (PID=51) to work on /home/airflow/.local/lib/python3.7/site-packages/airflow/example_dags/example_task_group_decorator.py
[2024-07-06T14:10:42.590+0000] {processor.py:826} INFO - Processing file /home/airflow/.local/lib/python3.7/site-packages/airflow/example_dags/example_task_group_decorator.py for tasks to queue
[2024-07-06T14:10:42.592+0000] {logging_mixin.py:150} INFO - [2024-07-06T14:10:42.591+0000] {dagbag.py:541} INFO - Filling up the DagBag from /home/airflow/.local/lib/python3.7/site-packages/airflow/example_dags/example_task_group_decorator.py
[2024-07-06T14:10:42.626+0000] {processor.py:836} INFO - DAG(s) dict_keys(['example_task_group_decorator']) retrieved from /home/airflow/.local/lib/python3.7/site-packages/airflow/example_dags/example_task_group_decorator.py
[2024-07-06T14:10:42.671+0000] {logging_mixin.py:150} INFO - [2024-07-06T14:10:42.670+0000] {dag.py:2742} INFO - Sync 1 DAGs
[2024-07-06T14:10:42.757+0000] {logging_mixin.py:150} INFO - [2024-07-06T14:10:42.757+0000] {dag.py:3508} INFO - Setting next_dagrun for example_task_group_decorator to 2024-07-05T14:10:42.756967+00:00, run_after=2024-07-06T14:10:42.756967+00:00
[2024-07-06T14:10:42.799+0000] {processor.py:179} INFO - Processing /home/airflow/.local/lib/python3.7/site-packages/airflow/example_dags/example_task_group_decorator.py took 0.223 seconds
[2024-07-06T14:11:13.303+0000] {processor.py:157} INFO - Started process (PID=113) to work on /home/airflow/.local/lib/python3.7/site-packages/airflow/example_dags/example_task_group_decorator.py
[2024-07-06T14:11:13.305+0000] {processor.py:826} INFO - Processing file /home/airflow/.local/lib/python3.7/site-packages/airflow/example_dags/example_task_group_decorator.py for tasks to queue
[2024-07-06T14:11:13.306+0000] {logging_mixin.py:150} INFO - [2024-07-06T14:11:13.306+0000] {dagbag.py:541} INFO - Filling up the DagBag from /home/airflow/.local/lib/python3.7/site-packages/airflow/example_dags/example_task_group_decorator.py
[2024-07-06T14:11:13.318+0000] {processor.py:836} INFO - DAG(s) dict_keys(['example_task_group_decorator']) retrieved from /home/airflow/.local/lib/python3.7/site-packages/airflow/example_dags/example_task_group_decorator.py
[2024-07-06T14:11:13.343+0000] {logging_mixin.py:150} INFO - [2024-07-06T14:11:13.343+0000] {dag.py:2742} INFO - Sync 1 DAGs
[2024-07-06T14:11:13.362+0000] {logging_mixin.py:150} INFO - [2024-07-06T14:11:13.362+0000] {dag.py:3508} INFO - Setting next_dagrun for example_task_group_decorator to 2024-07-05T14:11:13.362565+00:00, run_after=2024-07-06T14:11:13.362565+00:00
[2024-07-06T14:11:13.375+0000] {processor.py:179} INFO - Processing /home/airflow/.local/lib/python3.7/site-packages/airflow/example_dags/example_task_group_decorator.py took 0.075 seconds
[2024-07-06T14:11:44.270+0000] {processor.py:157} INFO - Started process (PID=176) to work on /home/airflow/.local/lib/python3.7/site-packages/airflow/example_dags/example_task_group_decorator.py
[2024-07-06T14:11:44.272+0000] {processor.py:826} INFO - Processing file /home/airflow/.local/lib/python3.7/site-packages/airflow/example_dags/example_task_group_decorator.py for tasks to queue
[2024-07-06T14:11:44.273+0000] {logging_mixin.py:150} INFO - [2024-07-06T14:11:44.273+0000] {dagbag.py:541} INFO - Filling up the DagBag from /home/airflow/.local/lib/python3.7/site-packages/airflow/example_dags/example_task_group_decorator.py
[2024-07-06T14:11:44.287+0000] {processor.py:836} INFO - DAG(s) dict_keys(['example_task_group_decorator']) retrieved from /home/airflow/.local/lib/python3.7/site-packages/airflow/example_dags/example_task_group_decorator.py
[2024-07-06T14:11:44.311+0000] {logging_mixin.py:150} INFO - [2024-07-06T14:11:44.311+0000] {dag.py:2742} INFO - Sync 1 DAGs
[2024-07-06T14:11:44.338+0000] {logging_mixin.py:150} INFO - [2024-07-06T14:11:44.338+0000] {dag.py:3508} INFO - Setting next_dagrun for example_task_group_decorator to 2024-07-05T14:11:44.338332+00:00, run_after=2024-07-06T14:11:44.338332+00:00
[2024-07-06T14:11:44.355+0000] {processor.py:179} INFO - Processing /home/airflow/.local/lib/python3.7/site-packages/airflow/example_dags/example_task_group_decorator.py took 0.087 seconds
[2024-07-06T14:12:14.833+0000] {processor.py:157} INFO - Started process (PID=239) to work on /home/airflow/.local/lib/python3.7/site-packages/airflow/example_dags/example_task_group_decorator.py
[2024-07-06T14:12:14.835+0000] {processor.py:826} INFO - Processing file /home/airflow/.local/lib/python3.7/site-packages/airflow/example_dags/example_task_group_decorator.py for tasks to queue
[2024-07-06T14:12:14.836+0000] {logging_mixin.py:150} INFO - [2024-07-06T14:12:14.836+0000] {dagbag.py:541} INFO - Filling up the DagBag from /home/airflow/.local/lib/python3.7/site-packages/airflow/example_dags/example_task_group_decorator.py
[2024-07-06T14:12:14.850+0000] {processor.py:836} INFO - DAG(s) dict_keys(['example_task_group_decorator']) retrieved from /home/airflow/.local/lib/python3.7/site-packages/airflow/example_dags/example_task_group_decorator.py
[2024-07-06T14:12:14.873+0000] {logging_mixin.py:150} INFO - [2024-07-06T14:12:14.873+0000] {dag.py:2742} INFO - Sync 1 DAGs
[2024-07-06T14:12:14.891+0000] {logging_mixin.py:150} INFO - [2024-07-06T14:12:14.891+0000] {dag.py:3508} INFO - Setting next_dagrun for example_task_group_decorator to 2024-07-05T14:12:14.890745+00:00, run_after=2024-07-06T14:12:14.890745+00:00
[2024-07-06T14:12:14.903+0000] {processor.py:179} INFO - Processing /home/airflow/.local/lib/python3.7/site-packages/airflow/example_dags/example_task_group_decorator.py took 0.073 seconds
[2024-07-06T14:12:45.063+0000] {processor.py:157} INFO - Started process (PID=302) to work on /home/airflow/.local/lib/python3.7/site-packages/airflow/example_dags/example_task_group_decorator.py
[2024-07-06T14:12:45.066+0000] {processor.py:826} INFO - Processing file /home/airflow/.local/lib/python3.7/site-packages/airflow/example_dags/example_task_group_decorator.py for tasks to queue
[2024-07-06T14:12:45.067+0000] {logging_mixin.py:150} INFO - [2024-07-06T14:12:45.067+0000] {dagbag.py:541} INFO - Filling up the DagBag from /home/airflow/.local/lib/python3.7/site-packages/airflow/example_dags/example_task_group_decorator.py
[2024-07-06T14:12:45.078+0000] {processor.py:836} INFO - DAG(s) dict_keys(['example_task_group_decorator']) retrieved from /home/airflow/.local/lib/python3.7/site-packages/airflow/example_dags/example_task_group_decorator.py
[2024-07-06T14:12:45.103+0000] {logging_mixin.py:150} INFO - [2024-07-06T14:12:45.103+0000] {dag.py:2742} INFO - Sync 1 DAGs
[2024-07-06T14:12:45.123+0000] {logging_mixin.py:150} INFO - [2024-07-06T14:12:45.122+0000] {dag.py:3508} INFO - Setting next_dagrun for example_task_group_decorator to 2024-07-05T14:12:45.122705+00:00, run_after=2024-07-06T14:12:45.122705+00:00
[2024-07-06T14:12:45.135+0000] {processor.py:179} INFO - Processing /home/airflow/.local/lib/python3.7/site-packages/airflow/example_dags/example_task_group_decorator.py took 0.075 seconds
[2024-07-06T14:13:16.370+0000] {processor.py:157} INFO - Started process (PID=365) to work on /home/airflow/.local/lib/python3.7/site-packages/airflow/example_dags/example_task_group_decorator.py
[2024-07-06T14:13:16.373+0000] {processor.py:826} INFO - Processing file /home/airflow/.local/lib/python3.7/site-packages/airflow/example_dags/example_task_group_decorator.py for tasks to queue
[2024-07-06T14:13:16.375+0000] {logging_mixin.py:150} INFO - [2024-07-06T14:13:16.374+0000] {dagbag.py:541} INFO - Filling up the DagBag from /home/airflow/.local/lib/python3.7/site-packages/airflow/example_dags/example_task_group_decorator.py
[2024-07-06T14:13:16.387+0000] {processor.py:836} INFO - DAG(s) dict_keys(['example_task_group_decorator']) retrieved from /home/airflow/.local/lib/python3.7/site-packages/airflow/example_dags/example_task_group_decorator.py
[2024-07-06T14:13:16.414+0000] {logging_mixin.py:150} INFO - [2024-07-06T14:13:16.414+0000] {dag.py:2742} INFO - Sync 1 DAGs
[2024-07-06T14:13:16.435+0000] {logging_mixin.py:150} INFO - [2024-07-06T14:13:16.435+0000] {dag.py:3508} INFO - Setting next_dagrun for example_task_group_decorator to 2024-07-05T14:13:16.435329+00:00, run_after=2024-07-06T14:13:16.435329+00:00
[2024-07-06T14:13:16.452+0000] {processor.py:179} INFO - Processing /home/airflow/.local/lib/python3.7/site-packages/airflow/example_dags/example_task_group_decorator.py took 0.086 seconds
[2024-07-06T14:13:46.542+0000] {processor.py:157} INFO - Started process (PID=425) to work on /home/airflow/.local/lib/python3.7/site-packages/airflow/example_dags/example_task_group_decorator.py
[2024-07-06T14:13:46.544+0000] {processor.py:826} INFO - Processing file /home/airflow/.local/lib/python3.7/site-packages/airflow/example_dags/example_task_group_decorator.py for tasks to queue
[2024-07-06T14:13:46.547+0000] {logging_mixin.py:150} INFO - [2024-07-06T14:13:46.546+0000] {dagbag.py:541} INFO - Filling up the DagBag from /home/airflow/.local/lib/python3.7/site-packages/airflow/example_dags/example_task_group_decorator.py
[2024-07-06T14:13:46.558+0000] {processor.py:836} INFO - DAG(s) dict_keys(['example_task_group_decorator']) retrieved from /home/airflow/.local/lib/python3.7/site-packages/airflow/example_dags/example_task_group_decorator.py
[2024-07-06T14:13:46.595+0000] {logging_mixin.py:150} INFO - [2024-07-06T14:13:46.595+0000] {dag.py:2742} INFO - Sync 1 DAGs
[2024-07-06T14:13:46.630+0000] {logging_mixin.py:150} INFO - [2024-07-06T14:13:46.630+0000] {dag.py:3508} INFO - Setting next_dagrun for example_task_group_decorator to 2024-07-05T14:13:46.630616+00:00, run_after=2024-07-06T14:13:46.630616+00:00
[2024-07-06T14:13:46.644+0000] {processor.py:179} INFO - Processing /home/airflow/.local/lib/python3.7/site-packages/airflow/example_dags/example_task_group_decorator.py took 0.107 seconds
[2024-07-06T14:14:16.901+0000] {processor.py:157} INFO - Started process (PID=487) to work on /home/airflow/.local/lib/python3.7/site-packages/airflow/example_dags/example_task_group_decorator.py
[2024-07-06T14:14:16.903+0000] {processor.py:826} INFO - Processing file /home/airflow/.local/lib/python3.7/site-packages/airflow/example_dags/example_task_group_decorator.py for tasks to queue
[2024-07-06T14:14:16.904+0000] {logging_mixin.py:150} INFO - [2024-07-06T14:14:16.904+0000] {dagbag.py:541} INFO - Filling up the DagBag from /home/airflow/.local/lib/python3.7/site-packages/airflow/example_dags/example_task_group_decorator.py
[2024-07-06T14:14:16.914+0000] {processor.py:836} INFO - DAG(s) dict_keys(['example_task_group_decorator']) retrieved from /home/airflow/.local/lib/python3.7/site-packages/airflow/example_dags/example_task_group_decorator.py
[2024-07-06T14:14:16.936+0000] {logging_mixin.py:150} INFO - [2024-07-06T14:14:16.936+0000] {dag.py:2742} INFO - Sync 1 DAGs
[2024-07-06T14:14:16.952+0000] {logging_mixin.py:150} INFO - [2024-07-06T14:14:16.952+0000] {dag.py:3508} INFO - Setting next_dagrun for example_task_group_decorator to 2024-07-05T14:14:16.952275+00:00, run_after=2024-07-06T14:14:16.952275+00:00
[2024-07-06T14:14:16.965+0000] {processor.py:179} INFO - Processing /home/airflow/.local/lib/python3.7/site-packages/airflow/example_dags/example_task_group_decorator.py took 0.066 seconds
[2024-07-06T14:14:47.326+0000] {processor.py:157} INFO - Started process (PID=551) to work on /home/airflow/.local/lib/python3.7/site-packages/airflow/example_dags/example_task_group_decorator.py
[2024-07-06T14:14:47.328+0000] {processor.py:826} INFO - Processing file /home/airflow/.local/lib/python3.7/site-packages/airflow/example_dags/example_task_group_decorator.py for tasks to queue
[2024-07-06T14:14:47.329+0000] {logging_mixin.py:150} INFO - [2024-07-06T14:14:47.329+0000] {dagbag.py:541} INFO - Filling up the DagBag from /home/airflow/.local/lib/python3.7/site-packages/airflow/example_dags/example_task_group_decorator.py
[2024-07-06T14:14:47.340+0000] {processor.py:836} INFO - DAG(s) dict_keys(['example_task_group_decorator']) retrieved from /home/airflow/.local/lib/python3.7/site-packages/airflow/example_dags/example_task_group_decorator.py
[2024-07-06T14:14:47.365+0000] {logging_mixin.py:150} INFO - [2024-07-06T14:14:47.365+0000] {dag.py:2742} INFO - Sync 1 DAGs
[2024-07-06T14:14:47.384+0000] {logging_mixin.py:150} INFO - [2024-07-06T14:14:47.384+0000] {dag.py:3508} INFO - Setting next_dagrun for example_task_group_decorator to 2024-07-05T14:14:47.384405+00:00, run_after=2024-07-06T14:14:47.384405+00:00
[2024-07-06T14:14:47.399+0000] {processor.py:179} INFO - Processing /home/airflow/.local/lib/python3.7/site-packages/airflow/example_dags/example_task_group_decorator.py took 0.076 seconds
[2024-07-06T14:15:18.324+0000] {processor.py:157} INFO - Started process (PID=614) to work on /home/airflow/.local/lib/python3.7/site-packages/airflow/example_dags/example_task_group_decorator.py
[2024-07-06T14:15:18.329+0000] {processor.py:826} INFO - Processing file /home/airflow/.local/lib/python3.7/site-packages/airflow/example_dags/example_task_group_decorator.py for tasks to queue
[2024-07-06T14:15:18.333+0000] {logging_mixin.py:150} INFO - [2024-07-06T14:15:18.332+0000] {dagbag.py:541} INFO - Filling up the DagBag from /home/airflow/.local/lib/python3.7/site-packages/airflow/example_dags/example_task_group_decorator.py
[2024-07-06T14:15:18.352+0000] {processor.py:836} INFO - DAG(s) dict_keys(['example_task_group_decorator']) retrieved from /home/airflow/.local/lib/python3.7/site-packages/airflow/example_dags/example_task_group_decorator.py
[2024-07-06T14:15:18.382+0000] {logging_mixin.py:150} INFO - [2024-07-06T14:15:18.382+0000] {dag.py:2742} INFO - Sync 1 DAGs
[2024-07-06T14:15:18.406+0000] {logging_mixin.py:150} INFO - [2024-07-06T14:15:18.406+0000] {dag.py:3508} INFO - Setting next_dagrun for example_task_group_decorator to 2024-07-05T14:15:18.406110+00:00, run_after=2024-07-06T14:15:18.406110+00:00
[2024-07-06T14:15:18.424+0000] {processor.py:179} INFO - Processing /home/airflow/.local/lib/python3.7/site-packages/airflow/example_dags/example_task_group_decorator.py took 0.114 seconds
[2024-07-06T14:15:49.083+0000] {processor.py:157} INFO - Started process (PID=676) to work on /home/airflow/.local/lib/python3.7/site-packages/airflow/example_dags/example_task_group_decorator.py
[2024-07-06T14:15:49.085+0000] {processor.py:826} INFO - Processing file /home/airflow/.local/lib/python3.7/site-packages/airflow/example_dags/example_task_group_decorator.py for tasks to queue
[2024-07-06T14:15:49.086+0000] {logging_mixin.py:150} INFO - [2024-07-06T14:15:49.086+0000] {dagbag.py:541} INFO - Filling up the DagBag from /home/airflow/.local/lib/python3.7/site-packages/airflow/example_dags/example_task_group_decorator.py
[2024-07-06T14:15:49.100+0000] {processor.py:836} INFO - DAG(s) dict_keys(['example_task_group_decorator']) retrieved from /home/airflow/.local/lib/python3.7/site-packages/airflow/example_dags/example_task_group_decorator.py
[2024-07-06T14:15:49.124+0000] {logging_mixin.py:150} INFO - [2024-07-06T14:15:49.123+0000] {dag.py:2742} INFO - Sync 1 DAGs
[2024-07-06T14:15:49.142+0000] {logging_mixin.py:150} INFO - [2024-07-06T14:15:49.142+0000] {dag.py:3508} INFO - Setting next_dagrun for example_task_group_decorator to 2024-07-05T14:15:49.142178+00:00, run_after=2024-07-06T14:15:49.142178+00:00
[2024-07-06T14:15:49.155+0000] {processor.py:179} INFO - Processing /home/airflow/.local/lib/python3.7/site-packages/airflow/example_dags/example_task_group_decorator.py took 0.078 seconds
[2024-07-06T14:16:19.627+0000] {processor.py:157} INFO - Started process (PID=739) to work on /home/airflow/.local/lib/python3.7/site-packages/airflow/example_dags/example_task_group_decorator.py
[2024-07-06T14:16:19.629+0000] {processor.py:826} INFO - Processing file /home/airflow/.local/lib/python3.7/site-packages/airflow/example_dags/example_task_group_decorator.py for tasks to queue
[2024-07-06T14:16:19.631+0000] {logging_mixin.py:150} INFO - [2024-07-06T14:16:19.631+0000] {dagbag.py:541} INFO - Filling up the DagBag from /home/airflow/.local/lib/python3.7/site-packages/airflow/example_dags/example_task_group_decorator.py
[2024-07-06T14:16:19.643+0000] {processor.py:836} INFO - DAG(s) dict_keys(['example_task_group_decorator']) retrieved from /home/airflow/.local/lib/python3.7/site-packages/airflow/example_dags/example_task_group_decorator.py
[2024-07-06T14:16:19.671+0000] {logging_mixin.py:150} INFO - [2024-07-06T14:16:19.670+0000] {dag.py:2742} INFO - Sync 1 DAGs
[2024-07-06T14:16:19.694+0000] {logging_mixin.py:150} INFO - [2024-07-06T14:16:19.694+0000] {dag.py:3508} INFO - Setting next_dagrun for example_task_group_decorator to 2024-07-05T14:16:19.694546+00:00, run_after=2024-07-06T14:16:19.694546+00:00
[2024-07-06T14:16:19.723+0000] {processor.py:179} INFO - Processing /home/airflow/.local/lib/python3.7/site-packages/airflow/example_dags/example_task_group_decorator.py took 0.099 seconds
[2024-07-06T14:16:50.173+0000] {processor.py:157} INFO - Started process (PID=802) to work on /home/airflow/.local/lib/python3.7/site-packages/airflow/example_dags/example_task_group_decorator.py
[2024-07-06T14:16:50.175+0000] {processor.py:826} INFO - Processing file /home/airflow/.local/lib/python3.7/site-packages/airflow/example_dags/example_task_group_decorator.py for tasks to queue
[2024-07-06T14:16:50.176+0000] {logging_mixin.py:150} INFO - [2024-07-06T14:16:50.176+0000] {dagbag.py:541} INFO - Filling up the DagBag from /home/airflow/.local/lib/python3.7/site-packages/airflow/example_dags/example_task_group_decorator.py
[2024-07-06T14:16:50.189+0000] {processor.py:836} INFO - DAG(s) dict_keys(['example_task_group_decorator']) retrieved from /home/airflow/.local/lib/python3.7/site-packages/airflow/example_dags/example_task_group_decorator.py
[2024-07-06T14:16:50.219+0000] {logging_mixin.py:150} INFO - [2024-07-06T14:16:50.219+0000] {dag.py:2742} INFO - Sync 1 DAGs
[2024-07-06T14:16:50.239+0000] {logging_mixin.py:150} INFO - [2024-07-06T14:16:50.239+0000] {dag.py:3508} INFO - Setting next_dagrun for example_task_group_decorator to 2024-07-05T14:16:50.239161+00:00, run_after=2024-07-06T14:16:50.239161+00:00
[2024-07-06T14:16:50.253+0000] {processor.py:179} INFO - Processing /home/airflow/.local/lib/python3.7/site-packages/airflow/example_dags/example_task_group_decorator.py took 0.082 seconds
[2024-07-06T14:17:20.506+0000] {processor.py:157} INFO - Started process (PID=865) to work on /home/airflow/.local/lib/python3.7/site-packages/airflow/example_dags/example_task_group_decorator.py
[2024-07-06T14:17:20.508+0000] {processor.py:826} INFO - Processing file /home/airflow/.local/lib/python3.7/site-packages/airflow/example_dags/example_task_group_decorator.py for tasks to queue
[2024-07-06T14:17:20.509+0000] {logging_mixin.py:150} INFO - [2024-07-06T14:17:20.509+0000] {dagbag.py:541} INFO - Filling up the DagBag from /home/airflow/.local/lib/python3.7/site-packages/airflow/example_dags/example_task_group_decorator.py
[2024-07-06T14:17:20.521+0000] {processor.py:836} INFO - DAG(s) dict_keys(['example_task_group_decorator']) retrieved from /home/airflow/.local/lib/python3.7/site-packages/airflow/example_dags/example_task_group_decorator.py
[2024-07-06T14:17:20.545+0000] {logging_mixin.py:150} INFO - [2024-07-06T14:17:20.545+0000] {dag.py:2742} INFO - Sync 1 DAGs
[2024-07-06T14:17:20.564+0000] {logging_mixin.py:150} INFO - [2024-07-06T14:17:20.563+0000] {dag.py:3508} INFO - Setting next_dagrun for example_task_group_decorator to 2024-07-05T14:17:20.563664+00:00, run_after=2024-07-06T14:17:20.563664+00:00
[2024-07-06T14:17:20.577+0000] {processor.py:179} INFO - Processing /home/airflow/.local/lib/python3.7/site-packages/airflow/example_dags/example_task_group_decorator.py took 0.074 seconds
[2024-07-06T14:17:50.832+0000] {processor.py:157} INFO - Started process (PID=927) to work on /home/airflow/.local/lib/python3.7/site-packages/airflow/example_dags/example_task_group_decorator.py
[2024-07-06T14:17:50.834+0000] {processor.py:826} INFO - Processing file /home/airflow/.local/lib/python3.7/site-packages/airflow/example_dags/example_task_group_decorator.py for tasks to queue
[2024-07-06T14:17:50.835+0000] {logging_mixin.py:150} INFO - [2024-07-06T14:17:50.835+0000] {dagbag.py:541} INFO - Filling up the DagBag from /home/airflow/.local/lib/python3.7/site-packages/airflow/example_dags/example_task_group_decorator.py
[2024-07-06T14:17:50.847+0000] {processor.py:836} INFO - DAG(s) dict_keys(['example_task_group_decorator']) retrieved from /home/airflow/.local/lib/python3.7/site-packages/airflow/example_dags/example_task_group_decorator.py
[2024-07-06T14:17:50.878+0000] {logging_mixin.py:150} INFO - [2024-07-06T14:17:50.878+0000] {dag.py:2742} INFO - Sync 1 DAGs
[2024-07-06T14:17:50.896+0000] {logging_mixin.py:150} INFO - [2024-07-06T14:17:50.896+0000] {dag.py:3508} INFO - Setting next_dagrun for example_task_group_decorator to 2024-07-05T14:17:50.896558+00:00, run_after=2024-07-06T14:17:50.896558+00:00
[2024-07-06T14:17:50.910+0000] {processor.py:179} INFO - Processing /home/airflow/.local/lib/python3.7/site-packages/airflow/example_dags/example_task_group_decorator.py took 0.081 seconds
[2024-07-06T14:18:21.175+0000] {processor.py:157} INFO - Started process (PID=990) to work on /home/airflow/.local/lib/python3.7/site-packages/airflow/example_dags/example_task_group_decorator.py
[2024-07-06T14:18:21.177+0000] {processor.py:826} INFO - Processing file /home/airflow/.local/lib/python3.7/site-packages/airflow/example_dags/example_task_group_decorator.py for tasks to queue
[2024-07-06T14:18:21.179+0000] {logging_mixin.py:150} INFO - [2024-07-06T14:18:21.179+0000] {dagbag.py:541} INFO - Filling up the DagBag from /home/airflow/.local/lib/python3.7/site-packages/airflow/example_dags/example_task_group_decorator.py
[2024-07-06T14:18:21.191+0000] {processor.py:836} INFO - DAG(s) dict_keys(['example_task_group_decorator']) retrieved from /home/airflow/.local/lib/python3.7/site-packages/airflow/example_dags/example_task_group_decorator.py
[2024-07-06T14:18:21.213+0000] {logging_mixin.py:150} INFO - [2024-07-06T14:18:21.213+0000] {dag.py:2742} INFO - Sync 1 DAGs
[2024-07-06T14:18:21.231+0000] {logging_mixin.py:150} INFO - [2024-07-06T14:18:21.231+0000] {dag.py:3508} INFO - Setting next_dagrun for example_task_group_decorator to 2024-07-05T14:18:21.230828+00:00, run_after=2024-07-06T14:18:21.230828+00:00
[2024-07-06T14:18:21.243+0000] {processor.py:179} INFO - Processing /home/airflow/.local/lib/python3.7/site-packages/airflow/example_dags/example_task_group_decorator.py took 0.070 seconds
[2024-07-06T14:18:51.529+0000] {processor.py:157} INFO - Started process (PID=1053) to work on /home/airflow/.local/lib/python3.7/site-packages/airflow/example_dags/example_task_group_decorator.py
[2024-07-06T14:18:51.531+0000] {processor.py:826} INFO - Processing file /home/airflow/.local/lib/python3.7/site-packages/airflow/example_dags/example_task_group_decorator.py for tasks to queue
[2024-07-06T14:18:51.533+0000] {logging_mixin.py:150} INFO - [2024-07-06T14:18:51.533+0000] {dagbag.py:541} INFO - Filling up the DagBag from /home/airflow/.local/lib/python3.7/site-packages/airflow/example_dags/example_task_group_decorator.py
[2024-07-06T14:18:51.548+0000] {processor.py:836} INFO - DAG(s) dict_keys(['example_task_group_decorator']) retrieved from /home/airflow/.local/lib/python3.7/site-packages/airflow/example_dags/example_task_group_decorator.py
[2024-07-06T14:18:51.577+0000] {logging_mixin.py:150} INFO - [2024-07-06T14:18:51.577+0000] {dag.py:2742} INFO - Sync 1 DAGs
[2024-07-06T14:18:51.598+0000] {logging_mixin.py:150} INFO - [2024-07-06T14:18:51.598+0000] {dag.py:3508} INFO - Setting next_dagrun for example_task_group_decorator to 2024-07-05T14:18:51.598138+00:00, run_after=2024-07-06T14:18:51.598138+00:00
[2024-07-06T14:18:51.615+0000] {processor.py:179} INFO - Processing /home/airflow/.local/lib/python3.7/site-packages/airflow/example_dags/example_task_group_decorator.py took 0.091 seconds
[2024-07-06T14:19:21.762+0000] {processor.py:157} INFO - Started process (PID=1116) to work on /home/airflow/.local/lib/python3.7/site-packages/airflow/example_dags/example_task_group_decorator.py
[2024-07-06T14:19:21.764+0000] {processor.py:826} INFO - Processing file /home/airflow/.local/lib/python3.7/site-packages/airflow/example_dags/example_task_group_decorator.py for tasks to queue
[2024-07-06T14:19:21.765+0000] {logging_mixin.py:150} INFO - [2024-07-06T14:19:21.765+0000] {dagbag.py:541} INFO - Filling up the DagBag from /home/airflow/.local/lib/python3.7/site-packages/airflow/example_dags/example_task_group_decorator.py
[2024-07-06T14:19:21.776+0000] {processor.py:836} INFO - DAG(s) dict_keys(['example_task_group_decorator']) retrieved from /home/airflow/.local/lib/python3.7/site-packages/airflow/example_dags/example_task_group_decorator.py
[2024-07-06T14:19:21.797+0000] {logging_mixin.py:150} INFO - [2024-07-06T14:19:21.797+0000] {dag.py:2742} INFO - Sync 1 DAGs
[2024-07-06T14:19:21.813+0000] {logging_mixin.py:150} INFO - [2024-07-06T14:19:21.813+0000] {dag.py:3508} INFO - Setting next_dagrun for example_task_group_decorator to 2024-07-05T14:19:21.813097+00:00, run_after=2024-07-06T14:19:21.813097+00:00
[2024-07-06T14:19:21.825+0000] {processor.py:179} INFO - Processing /home/airflow/.local/lib/python3.7/site-packages/airflow/example_dags/example_task_group_decorator.py took 0.066 seconds
[2024-07-06T14:19:52.012+0000] {processor.py:157} INFO - Started process (PID=1179) to work on /home/airflow/.local/lib/python3.7/site-packages/airflow/example_dags/example_task_group_decorator.py
[2024-07-06T14:19:52.014+0000] {processor.py:826} INFO - Processing file /home/airflow/.local/lib/python3.7/site-packages/airflow/example_dags/example_task_group_decorator.py for tasks to queue
[2024-07-06T14:19:52.016+0000] {logging_mixin.py:150} INFO - [2024-07-06T14:19:52.016+0000] {dagbag.py:541} INFO - Filling up the DagBag from /home/airflow/.local/lib/python3.7/site-packages/airflow/example_dags/example_task_group_decorator.py
[2024-07-06T14:19:52.028+0000] {processor.py:836} INFO - DAG(s) dict_keys(['example_task_group_decorator']) retrieved from /home/airflow/.local/lib/python3.7/site-packages/airflow/example_dags/example_task_group_decorator.py
[2024-07-06T14:19:52.050+0000] {logging_mixin.py:150} INFO - [2024-07-06T14:19:52.050+0000] {dag.py:2742} INFO - Sync 1 DAGs
[2024-07-06T14:19:52.067+0000] {logging_mixin.py:150} INFO - [2024-07-06T14:19:52.067+0000] {dag.py:3508} INFO - Setting next_dagrun for example_task_group_decorator to 2024-07-05T14:19:52.067086+00:00, run_after=2024-07-06T14:19:52.067086+00:00
[2024-07-06T14:19:52.080+0000] {processor.py:179} INFO - Processing /home/airflow/.local/lib/python3.7/site-packages/airflow/example_dags/example_task_group_decorator.py took 0.070 seconds
[2024-07-06T14:20:22.551+0000] {processor.py:157} INFO - Started process (PID=1241) to work on /home/airflow/.local/lib/python3.7/site-packages/airflow/example_dags/example_task_group_decorator.py
[2024-07-06T14:20:22.554+0000] {processor.py:826} INFO - Processing file /home/airflow/.local/lib/python3.7/site-packages/airflow/example_dags/example_task_group_decorator.py for tasks to queue
[2024-07-06T14:20:22.556+0000] {logging_mixin.py:150} INFO - [2024-07-06T14:20:22.555+0000] {dagbag.py:541} INFO - Filling up the DagBag from /home/airflow/.local/lib/python3.7/site-packages/airflow/example_dags/example_task_group_decorator.py
[2024-07-06T14:20:22.567+0000] {processor.py:836} INFO - DAG(s) dict_keys(['example_task_group_decorator']) retrieved from /home/airflow/.local/lib/python3.7/site-packages/airflow/example_dags/example_task_group_decorator.py
[2024-07-06T14:20:22.589+0000] {logging_mixin.py:150} INFO - [2024-07-06T14:20:22.588+0000] {dag.py:2742} INFO - Sync 1 DAGs
[2024-07-06T14:20:22.605+0000] {logging_mixin.py:150} INFO - [2024-07-06T14:20:22.605+0000] {dag.py:3508} INFO - Setting next_dagrun for example_task_group_decorator to 2024-07-05T14:20:22.604978+00:00, run_after=2024-07-06T14:20:22.604978+00:00
[2024-07-06T14:20:22.619+0000] {processor.py:179} INFO - Processing /home/airflow/.local/lib/python3.7/site-packages/airflow/example_dags/example_task_group_decorator.py took 0.072 seconds
[2024-07-06T14:20:53.102+0000] {processor.py:157} INFO - Started process (PID=1304) to work on /home/airflow/.local/lib/python3.7/site-packages/airflow/example_dags/example_task_group_decorator.py
[2024-07-06T14:20:53.103+0000] {processor.py:826} INFO - Processing file /home/airflow/.local/lib/python3.7/site-packages/airflow/example_dags/example_task_group_decorator.py for tasks to queue
[2024-07-06T14:20:53.106+0000] {logging_mixin.py:150} INFO - [2024-07-06T14:20:53.105+0000] {dagbag.py:541} INFO - Filling up the DagBag from /home/airflow/.local/lib/python3.7/site-packages/airflow/example_dags/example_task_group_decorator.py
[2024-07-06T14:20:53.117+0000] {processor.py:836} INFO - DAG(s) dict_keys(['example_task_group_decorator']) retrieved from /home/airflow/.local/lib/python3.7/site-packages/airflow/example_dags/example_task_group_decorator.py
[2024-07-06T14:20:53.143+0000] {logging_mixin.py:150} INFO - [2024-07-06T14:20:53.143+0000] {dag.py:2742} INFO - Sync 1 DAGs
[2024-07-06T14:20:53.160+0000] {logging_mixin.py:150} INFO - [2024-07-06T14:20:53.160+0000] {dag.py:3508} INFO - Setting next_dagrun for example_task_group_decorator to 2024-07-05T14:20:53.160625+00:00, run_after=2024-07-06T14:20:53.160625+00:00
[2024-07-06T14:20:53.175+0000] {processor.py:179} INFO - Processing /home/airflow/.local/lib/python3.7/site-packages/airflow/example_dags/example_task_group_decorator.py took 0.077 seconds
[2024-07-06T14:21:23.606+0000] {processor.py:157} INFO - Started process (PID=1367) to work on /home/airflow/.local/lib/python3.7/site-packages/airflow/example_dags/example_task_group_decorator.py
[2024-07-06T14:21:23.609+0000] {processor.py:826} INFO - Processing file /home/airflow/.local/lib/python3.7/site-packages/airflow/example_dags/example_task_group_decorator.py for tasks to queue
[2024-07-06T14:21:23.612+0000] {logging_mixin.py:150} INFO - [2024-07-06T14:21:23.612+0000] {dagbag.py:541} INFO - Filling up the DagBag from /home/airflow/.local/lib/python3.7/site-packages/airflow/example_dags/example_task_group_decorator.py
[2024-07-06T14:21:23.629+0000] {processor.py:836} INFO - DAG(s) dict_keys(['example_task_group_decorator']) retrieved from /home/airflow/.local/lib/python3.7/site-packages/airflow/example_dags/example_task_group_decorator.py
[2024-07-06T14:21:23.667+0000] {logging_mixin.py:150} INFO - [2024-07-06T14:21:23.667+0000] {dag.py:2742} INFO - Sync 1 DAGs
[2024-07-06T14:21:23.710+0000] {logging_mixin.py:150} INFO - [2024-07-06T14:21:23.710+0000] {dag.py:3508} INFO - Setting next_dagrun for example_task_group_decorator to 2024-07-05T14:21:23.710339+00:00, run_after=2024-07-06T14:21:23.710339+00:00
[2024-07-06T14:21:23.747+0000] {processor.py:179} INFO - Processing /home/airflow/.local/lib/python3.7/site-packages/airflow/example_dags/example_task_group_decorator.py took 0.146 seconds
[2024-07-06T14:21:54.078+0000] {processor.py:157} INFO - Started process (PID=1430) to work on /home/airflow/.local/lib/python3.7/site-packages/airflow/example_dags/example_task_group_decorator.py
[2024-07-06T14:21:54.080+0000] {processor.py:826} INFO - Processing file /home/airflow/.local/lib/python3.7/site-packages/airflow/example_dags/example_task_group_decorator.py for tasks to queue
[2024-07-06T14:21:54.082+0000] {logging_mixin.py:150} INFO - [2024-07-06T14:21:54.081+0000] {dagbag.py:541} INFO - Filling up the DagBag from /home/airflow/.local/lib/python3.7/site-packages/airflow/example_dags/example_task_group_decorator.py
[2024-07-06T14:21:54.093+0000] {processor.py:836} INFO - DAG(s) dict_keys(['example_task_group_decorator']) retrieved from /home/airflow/.local/lib/python3.7/site-packages/airflow/example_dags/example_task_group_decorator.py
[2024-07-06T14:21:54.115+0000] {logging_mixin.py:150} INFO - [2024-07-06T14:21:54.115+0000] {dag.py:2742} INFO - Sync 1 DAGs
[2024-07-06T14:21:54.132+0000] {logging_mixin.py:150} INFO - [2024-07-06T14:21:54.132+0000] {dag.py:3508} INFO - Setting next_dagrun for example_task_group_decorator to 2024-07-05T14:21:54.132000+00:00, run_after=2024-07-06T14:21:54.132000+00:00
[2024-07-06T14:21:54.148+0000] {processor.py:179} INFO - Processing /home/airflow/.local/lib/python3.7/site-packages/airflow/example_dags/example_task_group_decorator.py took 0.073 seconds
[2024-07-06T14:22:24.289+0000] {processor.py:157} INFO - Started process (PID=1493) to work on /home/airflow/.local/lib/python3.7/site-packages/airflow/example_dags/example_task_group_decorator.py
[2024-07-06T14:22:24.292+0000] {processor.py:826} INFO - Processing file /home/airflow/.local/lib/python3.7/site-packages/airflow/example_dags/example_task_group_decorator.py for tasks to queue
[2024-07-06T14:22:24.293+0000] {logging_mixin.py:150} INFO - [2024-07-06T14:22:24.293+0000] {dagbag.py:541} INFO - Filling up the DagBag from /home/airflow/.local/lib/python3.7/site-packages/airflow/example_dags/example_task_group_decorator.py
[2024-07-06T14:22:24.305+0000] {processor.py:836} INFO - DAG(s) dict_keys(['example_task_group_decorator']) retrieved from /home/airflow/.local/lib/python3.7/site-packages/airflow/example_dags/example_task_group_decorator.py
[2024-07-06T14:22:24.330+0000] {logging_mixin.py:150} INFO - [2024-07-06T14:22:24.330+0000] {dag.py:2742} INFO - Sync 1 DAGs
[2024-07-06T14:22:24.361+0000] {logging_mixin.py:150} INFO - [2024-07-06T14:22:24.360+0000] {dag.py:3508} INFO - Setting next_dagrun for example_task_group_decorator to 2024-07-05T14:22:24.360699+00:00, run_after=2024-07-06T14:22:24.360699+00:00
[2024-07-06T14:22:24.381+0000] {processor.py:179} INFO - Processing /home/airflow/.local/lib/python3.7/site-packages/airflow/example_dags/example_task_group_decorator.py took 0.096 seconds
[2024-07-06T14:22:54.778+0000] {processor.py:157} INFO - Started process (PID=1556) to work on /home/airflow/.local/lib/python3.7/site-packages/airflow/example_dags/example_task_group_decorator.py
[2024-07-06T14:22:54.780+0000] {processor.py:826} INFO - Processing file /home/airflow/.local/lib/python3.7/site-packages/airflow/example_dags/example_task_group_decorator.py for tasks to queue
[2024-07-06T14:22:54.782+0000] {logging_mixin.py:150} INFO - [2024-07-06T14:22:54.782+0000] {dagbag.py:541} INFO - Filling up the DagBag from /home/airflow/.local/lib/python3.7/site-packages/airflow/example_dags/example_task_group_decorator.py
[2024-07-06T14:22:54.797+0000] {processor.py:836} INFO - DAG(s) dict_keys(['example_task_group_decorator']) retrieved from /home/airflow/.local/lib/python3.7/site-packages/airflow/example_dags/example_task_group_decorator.py
[2024-07-06T14:22:54.827+0000] {logging_mixin.py:150} INFO - [2024-07-06T14:22:54.827+0000] {dag.py:2742} INFO - Sync 1 DAGs
[2024-07-06T14:22:54.850+0000] {logging_mixin.py:150} INFO - [2024-07-06T14:22:54.850+0000] {dag.py:3508} INFO - Setting next_dagrun for example_task_group_decorator to 2024-07-05T14:22:54.850332+00:00, run_after=2024-07-06T14:22:54.850332+00:00
[2024-07-06T14:22:54.865+0000] {processor.py:179} INFO - Processing /home/airflow/.local/lib/python3.7/site-packages/airflow/example_dags/example_task_group_decorator.py took 0.094 seconds
[2024-07-06T14:23:25.043+0000] {processor.py:157} INFO - Started process (PID=1619) to work on /home/airflow/.local/lib/python3.7/site-packages/airflow/example_dags/example_task_group_decorator.py
[2024-07-06T14:23:25.045+0000] {processor.py:826} INFO - Processing file /home/airflow/.local/lib/python3.7/site-packages/airflow/example_dags/example_task_group_decorator.py for tasks to queue
[2024-07-06T14:23:25.047+0000] {logging_mixin.py:150} INFO - [2024-07-06T14:23:25.047+0000] {dagbag.py:541} INFO - Filling up the DagBag from /home/airflow/.local/lib/python3.7/site-packages/airflow/example_dags/example_task_group_decorator.py
[2024-07-06T14:23:25.060+0000] {processor.py:836} INFO - DAG(s) dict_keys(['example_task_group_decorator']) retrieved from /home/airflow/.local/lib/python3.7/site-packages/airflow/example_dags/example_task_group_decorator.py
[2024-07-06T14:23:25.087+0000] {logging_mixin.py:150} INFO - [2024-07-06T14:23:25.087+0000] {dag.py:2742} INFO - Sync 1 DAGs
[2024-07-06T14:23:25.106+0000] {logging_mixin.py:150} INFO - [2024-07-06T14:23:25.106+0000] {dag.py:3508} INFO - Setting next_dagrun for example_task_group_decorator to 2024-07-05T14:23:25.106513+00:00, run_after=2024-07-06T14:23:25.106513+00:00
[2024-07-06T14:23:25.122+0000] {processor.py:179} INFO - Processing /home/airflow/.local/lib/python3.7/site-packages/airflow/example_dags/example_task_group_decorator.py took 0.082 seconds
[2024-07-06T14:23:55.674+0000] {processor.py:157} INFO - Started process (PID=1682) to work on /home/airflow/.local/lib/python3.7/site-packages/airflow/example_dags/example_task_group_decorator.py
[2024-07-06T14:23:55.678+0000] {processor.py:826} INFO - Processing file /home/airflow/.local/lib/python3.7/site-packages/airflow/example_dags/example_task_group_decorator.py for tasks to queue
[2024-07-06T14:23:55.680+0000] {logging_mixin.py:150} INFO - [2024-07-06T14:23:55.679+0000] {dagbag.py:541} INFO - Filling up the DagBag from /home/airflow/.local/lib/python3.7/site-packages/airflow/example_dags/example_task_group_decorator.py
[2024-07-06T14:23:55.692+0000] {processor.py:836} INFO - DAG(s) dict_keys(['example_task_group_decorator']) retrieved from /home/airflow/.local/lib/python3.7/site-packages/airflow/example_dags/example_task_group_decorator.py
[2024-07-06T14:23:55.715+0000] {logging_mixin.py:150} INFO - [2024-07-06T14:23:55.715+0000] {dag.py:2742} INFO - Sync 1 DAGs
[2024-07-06T14:23:55.733+0000] {logging_mixin.py:150} INFO - [2024-07-06T14:23:55.733+0000] {dag.py:3508} INFO - Setting next_dagrun for example_task_group_decorator to 2024-07-05T14:23:55.732949+00:00, run_after=2024-07-06T14:23:55.732949+00:00
[2024-07-06T14:23:55.745+0000] {processor.py:179} INFO - Processing /home/airflow/.local/lib/python3.7/site-packages/airflow/example_dags/example_task_group_decorator.py took 0.073 seconds
[2024-07-06T14:24:26.126+0000] {processor.py:157} INFO - Started process (PID=1745) to work on /home/airflow/.local/lib/python3.7/site-packages/airflow/example_dags/example_task_group_decorator.py
[2024-07-06T14:24:26.128+0000] {processor.py:826} INFO - Processing file /home/airflow/.local/lib/python3.7/site-packages/airflow/example_dags/example_task_group_decorator.py for tasks to queue
[2024-07-06T14:24:26.130+0000] {logging_mixin.py:150} INFO - [2024-07-06T14:24:26.129+0000] {dagbag.py:541} INFO - Filling up the DagBag from /home/airflow/.local/lib/python3.7/site-packages/airflow/example_dags/example_task_group_decorator.py
[2024-07-06T14:24:26.140+0000] {processor.py:836} INFO - DAG(s) dict_keys(['example_task_group_decorator']) retrieved from /home/airflow/.local/lib/python3.7/site-packages/airflow/example_dags/example_task_group_decorator.py
[2024-07-06T14:24:26.163+0000] {logging_mixin.py:150} INFO - [2024-07-06T14:24:26.163+0000] {dag.py:2742} INFO - Sync 1 DAGs
[2024-07-06T14:24:26.181+0000] {logging_mixin.py:150} INFO - [2024-07-06T14:24:26.181+0000] {dag.py:3508} INFO - Setting next_dagrun for example_task_group_decorator to 2024-07-05T14:24:26.181413+00:00, run_after=2024-07-06T14:24:26.181413+00:00
[2024-07-06T14:24:26.195+0000] {processor.py:179} INFO - Processing /home/airflow/.local/lib/python3.7/site-packages/airflow/example_dags/example_task_group_decorator.py took 0.073 seconds
[2024-07-06T14:24:57.134+0000] {processor.py:157} INFO - Started process (PID=1808) to work on /home/airflow/.local/lib/python3.7/site-packages/airflow/example_dags/example_task_group_decorator.py
[2024-07-06T14:24:57.136+0000] {processor.py:826} INFO - Processing file /home/airflow/.local/lib/python3.7/site-packages/airflow/example_dags/example_task_group_decorator.py for tasks to queue
[2024-07-06T14:24:57.137+0000] {logging_mixin.py:150} INFO - [2024-07-06T14:24:57.137+0000] {dagbag.py:541} INFO - Filling up the DagBag from /home/airflow/.local/lib/python3.7/site-packages/airflow/example_dags/example_task_group_decorator.py
[2024-07-06T14:24:57.148+0000] {processor.py:836} INFO - DAG(s) dict_keys(['example_task_group_decorator']) retrieved from /home/airflow/.local/lib/python3.7/site-packages/airflow/example_dags/example_task_group_decorator.py
[2024-07-06T14:24:57.171+0000] {logging_mixin.py:150} INFO - [2024-07-06T14:24:57.171+0000] {dag.py:2742} INFO - Sync 1 DAGs
[2024-07-06T14:24:57.188+0000] {logging_mixin.py:150} INFO - [2024-07-06T14:24:57.188+0000] {dag.py:3508} INFO - Setting next_dagrun for example_task_group_decorator to 2024-07-05T14:24:57.187981+00:00, run_after=2024-07-06T14:24:57.187981+00:00
[2024-07-06T14:24:57.202+0000] {processor.py:179} INFO - Processing /home/airflow/.local/lib/python3.7/site-packages/airflow/example_dags/example_task_group_decorator.py took 0.071 seconds
[2024-07-06T14:25:27.446+0000] {processor.py:157} INFO - Started process (PID=1872) to work on /home/airflow/.local/lib/python3.7/site-packages/airflow/example_dags/example_task_group_decorator.py
[2024-07-06T14:25:27.447+0000] {processor.py:826} INFO - Processing file /home/airflow/.local/lib/python3.7/site-packages/airflow/example_dags/example_task_group_decorator.py for tasks to queue
[2024-07-06T14:25:27.448+0000] {logging_mixin.py:150} INFO - [2024-07-06T14:25:27.448+0000] {dagbag.py:541} INFO - Filling up the DagBag from /home/airflow/.local/lib/python3.7/site-packages/airflow/example_dags/example_task_group_decorator.py
[2024-07-06T14:25:27.460+0000] {processor.py:836} INFO - DAG(s) dict_keys(['example_task_group_decorator']) retrieved from /home/airflow/.local/lib/python3.7/site-packages/airflow/example_dags/example_task_group_decorator.py
[2024-07-06T14:25:27.483+0000] {logging_mixin.py:150} INFO - [2024-07-06T14:25:27.483+0000] {dag.py:2742} INFO - Sync 1 DAGs
[2024-07-06T14:25:27.501+0000] {logging_mixin.py:150} INFO - [2024-07-06T14:25:27.501+0000] {dag.py:3508} INFO - Setting next_dagrun for example_task_group_decorator to 2024-07-05T14:25:27.500999+00:00, run_after=2024-07-06T14:25:27.500999+00:00
[2024-07-06T14:25:27.517+0000] {processor.py:179} INFO - Processing /home/airflow/.local/lib/python3.7/site-packages/airflow/example_dags/example_task_group_decorator.py took 0.074 seconds
[2024-07-06T14:25:58.268+0000] {processor.py:157} INFO - Started process (PID=1934) to work on /home/airflow/.local/lib/python3.7/site-packages/airflow/example_dags/example_task_group_decorator.py
[2024-07-06T14:25:58.270+0000] {processor.py:826} INFO - Processing file /home/airflow/.local/lib/python3.7/site-packages/airflow/example_dags/example_task_group_decorator.py for tasks to queue
[2024-07-06T14:25:58.272+0000] {logging_mixin.py:150} INFO - [2024-07-06T14:25:58.271+0000] {dagbag.py:541} INFO - Filling up the DagBag from /home/airflow/.local/lib/python3.7/site-packages/airflow/example_dags/example_task_group_decorator.py
[2024-07-06T14:25:58.282+0000] {processor.py:836} INFO - DAG(s) dict_keys(['example_task_group_decorator']) retrieved from /home/airflow/.local/lib/python3.7/site-packages/airflow/example_dags/example_task_group_decorator.py
[2024-07-06T14:25:58.308+0000] {logging_mixin.py:150} INFO - [2024-07-06T14:25:58.308+0000] {dag.py:2742} INFO - Sync 1 DAGs
[2024-07-06T14:25:58.325+0000] {logging_mixin.py:150} INFO - [2024-07-06T14:25:58.325+0000] {dag.py:3508} INFO - Setting next_dagrun for example_task_group_decorator to 2024-07-05T14:25:58.324975+00:00, run_after=2024-07-06T14:25:58.324975+00:00
[2024-07-06T14:25:58.337+0000] {processor.py:179} INFO - Processing /home/airflow/.local/lib/python3.7/site-packages/airflow/example_dags/example_task_group_decorator.py took 0.072 seconds
[2024-07-06T14:26:28.959+0000] {processor.py:157} INFO - Started process (PID=1998) to work on /home/airflow/.local/lib/python3.7/site-packages/airflow/example_dags/example_task_group_decorator.py
[2024-07-06T14:26:28.961+0000] {processor.py:826} INFO - Processing file /home/airflow/.local/lib/python3.7/site-packages/airflow/example_dags/example_task_group_decorator.py for tasks to queue
[2024-07-06T14:26:28.962+0000] {logging_mixin.py:150} INFO - [2024-07-06T14:26:28.962+0000] {dagbag.py:541} INFO - Filling up the DagBag from /home/airflow/.local/lib/python3.7/site-packages/airflow/example_dags/example_task_group_decorator.py
[2024-07-06T14:26:28.972+0000] {processor.py:836} INFO - DAG(s) dict_keys(['example_task_group_decorator']) retrieved from /home/airflow/.local/lib/python3.7/site-packages/airflow/example_dags/example_task_group_decorator.py
[2024-07-06T14:26:28.995+0000] {logging_mixin.py:150} INFO - [2024-07-06T14:26:28.995+0000] {dag.py:2742} INFO - Sync 1 DAGs
[2024-07-06T14:26:29.016+0000] {logging_mixin.py:150} INFO - [2024-07-06T14:26:29.016+0000] {dag.py:3508} INFO - Setting next_dagrun for example_task_group_decorator to 2024-07-05T14:26:29.016307+00:00, run_after=2024-07-06T14:26:29.016307+00:00
[2024-07-06T14:26:29.032+0000] {processor.py:179} INFO - Processing /home/airflow/.local/lib/python3.7/site-packages/airflow/example_dags/example_task_group_decorator.py took 0.076 seconds
[2024-07-06T14:26:59.410+0000] {processor.py:157} INFO - Started process (PID=2061) to work on /home/airflow/.local/lib/python3.7/site-packages/airflow/example_dags/example_task_group_decorator.py
[2024-07-06T14:26:59.412+0000] {processor.py:826} INFO - Processing file /home/airflow/.local/lib/python3.7/site-packages/airflow/example_dags/example_task_group_decorator.py for tasks to queue
[2024-07-06T14:26:59.413+0000] {logging_mixin.py:150} INFO - [2024-07-06T14:26:59.413+0000] {dagbag.py:541} INFO - Filling up the DagBag from /home/airflow/.local/lib/python3.7/site-packages/airflow/example_dags/example_task_group_decorator.py
[2024-07-06T14:26:59.426+0000] {processor.py:836} INFO - DAG(s) dict_keys(['example_task_group_decorator']) retrieved from /home/airflow/.local/lib/python3.7/site-packages/airflow/example_dags/example_task_group_decorator.py
[2024-07-06T14:26:59.450+0000] {logging_mixin.py:150} INFO - [2024-07-06T14:26:59.450+0000] {dag.py:2742} INFO - Sync 1 DAGs
[2024-07-06T14:26:59.469+0000] {logging_mixin.py:150} INFO - [2024-07-06T14:26:59.469+0000] {dag.py:3508} INFO - Setting next_dagrun for example_task_group_decorator to 2024-07-05T14:26:59.469228+00:00, run_after=2024-07-06T14:26:59.469228+00:00
[2024-07-06T14:26:59.482+0000] {processor.py:179} INFO - Processing /home/airflow/.local/lib/python3.7/site-packages/airflow/example_dags/example_task_group_decorator.py took 0.076 seconds
[2024-07-06T14:27:29.737+0000] {processor.py:157} INFO - Started process (PID=2123) to work on /home/airflow/.local/lib/python3.7/site-packages/airflow/example_dags/example_task_group_decorator.py
[2024-07-06T14:27:29.739+0000] {processor.py:826} INFO - Processing file /home/airflow/.local/lib/python3.7/site-packages/airflow/example_dags/example_task_group_decorator.py for tasks to queue
[2024-07-06T14:27:29.742+0000] {logging_mixin.py:150} INFO - [2024-07-06T14:27:29.742+0000] {dagbag.py:541} INFO - Filling up the DagBag from /home/airflow/.local/lib/python3.7/site-packages/airflow/example_dags/example_task_group_decorator.py
[2024-07-06T14:27:29.757+0000] {processor.py:836} INFO - DAG(s) dict_keys(['example_task_group_decorator']) retrieved from /home/airflow/.local/lib/python3.7/site-packages/airflow/example_dags/example_task_group_decorator.py
[2024-07-06T14:27:29.789+0000] {logging_mixin.py:150} INFO - [2024-07-06T14:27:29.788+0000] {dag.py:2742} INFO - Sync 1 DAGs
[2024-07-06T14:27:29.808+0000] {logging_mixin.py:150} INFO - [2024-07-06T14:27:29.808+0000] {dag.py:3508} INFO - Setting next_dagrun for example_task_group_decorator to 2024-07-05T14:27:29.807772+00:00, run_after=2024-07-06T14:27:29.807772+00:00
[2024-07-06T14:27:29.823+0000] {processor.py:179} INFO - Processing /home/airflow/.local/lib/python3.7/site-packages/airflow/example_dags/example_task_group_decorator.py took 0.091 seconds
[2024-07-06T14:28:00.481+0000] {processor.py:157} INFO - Started process (PID=2191) to work on /home/airflow/.local/lib/python3.7/site-packages/airflow/example_dags/example_task_group_decorator.py
[2024-07-06T14:28:00.483+0000] {processor.py:826} INFO - Processing file /home/airflow/.local/lib/python3.7/site-packages/airflow/example_dags/example_task_group_decorator.py for tasks to queue
[2024-07-06T14:28:00.484+0000] {logging_mixin.py:150} INFO - [2024-07-06T14:28:00.484+0000] {dagbag.py:541} INFO - Filling up the DagBag from /home/airflow/.local/lib/python3.7/site-packages/airflow/example_dags/example_task_group_decorator.py
[2024-07-06T14:28:00.494+0000] {processor.py:836} INFO - DAG(s) dict_keys(['example_task_group_decorator']) retrieved from /home/airflow/.local/lib/python3.7/site-packages/airflow/example_dags/example_task_group_decorator.py
[2024-07-06T14:28:00.520+0000] {logging_mixin.py:150} INFO - [2024-07-06T14:28:00.519+0000] {dag.py:2742} INFO - Sync 1 DAGs
[2024-07-06T14:28:00.538+0000] {logging_mixin.py:150} INFO - [2024-07-06T14:28:00.538+0000] {dag.py:3508} INFO - Setting next_dagrun for example_task_group_decorator to 2024-07-05T14:28:00.538516+00:00, run_after=2024-07-06T14:28:00.538516+00:00
[2024-07-06T14:28:00.553+0000] {processor.py:179} INFO - Processing /home/airflow/.local/lib/python3.7/site-packages/airflow/example_dags/example_task_group_decorator.py took 0.076 seconds
[2024-07-06T14:28:30.981+0000] {processor.py:157} INFO - Started process (PID=2259) to work on /home/airflow/.local/lib/python3.7/site-packages/airflow/example_dags/example_task_group_decorator.py
[2024-07-06T14:28:30.985+0000] {processor.py:826} INFO - Processing file /home/airflow/.local/lib/python3.7/site-packages/airflow/example_dags/example_task_group_decorator.py for tasks to queue
[2024-07-06T14:28:30.988+0000] {logging_mixin.py:150} INFO - [2024-07-06T14:28:30.988+0000] {dagbag.py:541} INFO - Filling up the DagBag from /home/airflow/.local/lib/python3.7/site-packages/airflow/example_dags/example_task_group_decorator.py
[2024-07-06T14:28:31.008+0000] {processor.py:836} INFO - DAG(s) dict_keys(['example_task_group_decorator']) retrieved from /home/airflow/.local/lib/python3.7/site-packages/airflow/example_dags/example_task_group_decorator.py
[2024-07-06T14:28:31.041+0000] {logging_mixin.py:150} INFO - [2024-07-06T14:28:31.040+0000] {dag.py:2742} INFO - Sync 1 DAGs
[2024-07-06T14:28:31.070+0000] {logging_mixin.py:150} INFO - [2024-07-06T14:28:31.070+0000] {dag.py:3508} INFO - Setting next_dagrun for example_task_group_decorator to 2024-07-05T14:28:31.070194+00:00, run_after=2024-07-06T14:28:31.070194+00:00
[2024-07-06T14:28:31.088+0000] {processor.py:179} INFO - Processing /home/airflow/.local/lib/python3.7/site-packages/airflow/example_dags/example_task_group_decorator.py took 0.111 seconds
[2024-07-06T14:29:01.938+0000] {processor.py:157} INFO - Started process (PID=2322) to work on /home/airflow/.local/lib/python3.7/site-packages/airflow/example_dags/example_task_group_decorator.py
[2024-07-06T14:29:01.941+0000] {processor.py:826} INFO - Processing file /home/airflow/.local/lib/python3.7/site-packages/airflow/example_dags/example_task_group_decorator.py for tasks to queue
[2024-07-06T14:29:01.942+0000] {logging_mixin.py:150} INFO - [2024-07-06T14:29:01.942+0000] {dagbag.py:541} INFO - Filling up the DagBag from /home/airflow/.local/lib/python3.7/site-packages/airflow/example_dags/example_task_group_decorator.py
[2024-07-06T14:29:01.956+0000] {processor.py:836} INFO - DAG(s) dict_keys(['example_task_group_decorator']) retrieved from /home/airflow/.local/lib/python3.7/site-packages/airflow/example_dags/example_task_group_decorator.py
[2024-07-06T14:29:01.981+0000] {logging_mixin.py:150} INFO - [2024-07-06T14:29:01.981+0000] {dag.py:2742} INFO - Sync 1 DAGs
[2024-07-06T14:29:02.004+0000] {logging_mixin.py:150} INFO - [2024-07-06T14:29:02.004+0000] {dag.py:3508} INFO - Setting next_dagrun for example_task_group_decorator to 2024-07-05T14:29:02.004087+00:00, run_after=2024-07-06T14:29:02.004087+00:00
[2024-07-06T14:29:02.019+0000] {processor.py:179} INFO - Processing /home/airflow/.local/lib/python3.7/site-packages/airflow/example_dags/example_task_group_decorator.py took 0.084 seconds
[2024-07-06T14:29:32.347+0000] {processor.py:157} INFO - Started process (PID=2389) to work on /home/airflow/.local/lib/python3.7/site-packages/airflow/example_dags/example_task_group_decorator.py
[2024-07-06T14:29:32.351+0000] {processor.py:826} INFO - Processing file /home/airflow/.local/lib/python3.7/site-packages/airflow/example_dags/example_task_group_decorator.py for tasks to queue
[2024-07-06T14:29:32.353+0000] {logging_mixin.py:150} INFO - [2024-07-06T14:29:32.353+0000] {dagbag.py:541} INFO - Filling up the DagBag from /home/airflow/.local/lib/python3.7/site-packages/airflow/example_dags/example_task_group_decorator.py
[2024-07-06T14:29:32.382+0000] {processor.py:836} INFO - DAG(s) dict_keys(['example_task_group_decorator']) retrieved from /home/airflow/.local/lib/python3.7/site-packages/airflow/example_dags/example_task_group_decorator.py
[2024-07-06T14:29:32.421+0000] {logging_mixin.py:150} INFO - [2024-07-06T14:29:32.421+0000] {dag.py:2742} INFO - Sync 1 DAGs
[2024-07-06T14:29:32.461+0000] {logging_mixin.py:150} INFO - [2024-07-06T14:29:32.461+0000] {dag.py:3508} INFO - Setting next_dagrun for example_task_group_decorator to 2024-07-05T14:29:32.460903+00:00, run_after=2024-07-06T14:29:32.460903+00:00
[2024-07-06T14:29:32.493+0000] {processor.py:179} INFO - Processing /home/airflow/.local/lib/python3.7/site-packages/airflow/example_dags/example_task_group_decorator.py took 0.149 seconds
[2024-07-06T14:30:03.167+0000] {processor.py:157} INFO - Started process (PID=2451) to work on /home/airflow/.local/lib/python3.7/site-packages/airflow/example_dags/example_task_group_decorator.py
[2024-07-06T14:30:03.169+0000] {processor.py:826} INFO - Processing file /home/airflow/.local/lib/python3.7/site-packages/airflow/example_dags/example_task_group_decorator.py for tasks to queue
[2024-07-06T14:30:03.170+0000] {logging_mixin.py:150} INFO - [2024-07-06T14:30:03.170+0000] {dagbag.py:541} INFO - Filling up the DagBag from /home/airflow/.local/lib/python3.7/site-packages/airflow/example_dags/example_task_group_decorator.py
[2024-07-06T14:30:03.181+0000] {processor.py:836} INFO - DAG(s) dict_keys(['example_task_group_decorator']) retrieved from /home/airflow/.local/lib/python3.7/site-packages/airflow/example_dags/example_task_group_decorator.py
[2024-07-06T14:30:03.205+0000] {logging_mixin.py:150} INFO - [2024-07-06T14:30:03.205+0000] {dag.py:2742} INFO - Sync 1 DAGs
[2024-07-06T14:30:03.222+0000] {logging_mixin.py:150} INFO - [2024-07-06T14:30:03.222+0000] {dag.py:3508} INFO - Setting next_dagrun for example_task_group_decorator to 2024-07-05T14:30:03.222058+00:00, run_after=2024-07-06T14:30:03.222058+00:00
[2024-07-06T14:30:03.235+0000] {processor.py:179} INFO - Processing /home/airflow/.local/lib/python3.7/site-packages/airflow/example_dags/example_task_group_decorator.py took 0.070 seconds
[2024-07-06T14:30:34.785+0000] {processor.py:157} INFO - Started process (PID=2515) to work on /home/airflow/.local/lib/python3.7/site-packages/airflow/example_dags/example_task_group_decorator.py
[2024-07-06T14:30:34.787+0000] {processor.py:826} INFO - Processing file /home/airflow/.local/lib/python3.7/site-packages/airflow/example_dags/example_task_group_decorator.py for tasks to queue
[2024-07-06T14:30:34.789+0000] {logging_mixin.py:150} INFO - [2024-07-06T14:30:34.788+0000] {dagbag.py:541} INFO - Filling up the DagBag from /home/airflow/.local/lib/python3.7/site-packages/airflow/example_dags/example_task_group_decorator.py
[2024-07-06T14:30:34.803+0000] {processor.py:836} INFO - DAG(s) dict_keys(['example_task_group_decorator']) retrieved from /home/airflow/.local/lib/python3.7/site-packages/airflow/example_dags/example_task_group_decorator.py
[2024-07-06T14:30:34.827+0000] {logging_mixin.py:150} INFO - [2024-07-06T14:30:34.827+0000] {dag.py:2742} INFO - Sync 1 DAGs
[2024-07-06T14:30:34.844+0000] {logging_mixin.py:150} INFO - [2024-07-06T14:30:34.844+0000] {dag.py:3508} INFO - Setting next_dagrun for example_task_group_decorator to 2024-07-05T14:30:34.844271+00:00, run_after=2024-07-06T14:30:34.844271+00:00
[2024-07-06T14:30:34.857+0000] {processor.py:179} INFO - Processing /home/airflow/.local/lib/python3.7/site-packages/airflow/example_dags/example_task_group_decorator.py took 0.076 seconds
