[2024-07-06T14:10:42.458+0000] {processor.py:157} INFO - Started process (PID=50) to work on /home/airflow/.local/lib/python3.7/site-packages/airflow/example_dags/example_branch_operator.py
[2024-07-06T14:10:42.469+0000] {processor.py:826} INFO - Processing file /home/airflow/.local/lib/python3.7/site-packages/airflow/example_dags/example_branch_operator.py for tasks to queue
[2024-07-06T14:10:42.473+0000] {logging_mixin.py:150} INFO - [2024-07-06T14:10:42.472+0000] {dagbag.py:541} INFO - Filling up the DagBag from /home/airflow/.local/lib/python3.7/site-packages/airflow/example_dags/example_branch_operator.py
[2024-07-06T14:10:42.492+0000] {processor.py:836} INFO - DAG(s) dict_keys(['example_branch_operator']) retrieved from /home/airflow/.local/lib/python3.7/site-packages/airflow/example_dags/example_branch_operator.py
[2024-07-06T14:10:42.517+0000] {logging_mixin.py:150} INFO - [2024-07-06T14:10:42.517+0000] {dag.py:2742} INFO - Sync 1 DAGs
[2024-07-06T14:10:42.549+0000] {logging_mixin.py:150} INFO - [2024-07-06T14:10:42.549+0000] {dag.py:3508} INFO - Setting next_dagrun for example_branch_operator to 2024-07-05T00:00:00+00:00, run_after=2024-07-06T00:00:00+00:00
[2024-07-06T14:10:42.572+0000] {processor.py:179} INFO - Processing /home/airflow/.local/lib/python3.7/site-packages/airflow/example_dags/example_branch_operator.py took 0.123 seconds
[2024-07-06T14:11:13.267+0000] {processor.py:157} INFO - Started process (PID=112) to work on /home/airflow/.local/lib/python3.7/site-packages/airflow/example_dags/example_branch_operator.py
[2024-07-06T14:11:13.269+0000] {processor.py:826} INFO - Processing file /home/airflow/.local/lib/python3.7/site-packages/airflow/example_dags/example_branch_operator.py for tasks to queue
[2024-07-06T14:11:13.271+0000] {logging_mixin.py:150} INFO - [2024-07-06T14:11:13.270+0000] {dagbag.py:541} INFO - Filling up the DagBag from /home/airflow/.local/lib/python3.7/site-packages/airflow/example_dags/example_branch_operator.py
[2024-07-06T14:11:13.278+0000] {processor.py:836} INFO - DAG(s) dict_keys(['example_branch_operator']) retrieved from /home/airflow/.local/lib/python3.7/site-packages/airflow/example_dags/example_branch_operator.py
[2024-07-06T14:11:13.302+0000] {logging_mixin.py:150} INFO - [2024-07-06T14:11:13.302+0000] {dag.py:2742} INFO - Sync 1 DAGs
[2024-07-06T14:11:13.322+0000] {logging_mixin.py:150} INFO - [2024-07-06T14:11:13.322+0000] {dag.py:3508} INFO - Setting next_dagrun for example_branch_operator to 2024-07-05T00:00:00+00:00, run_after=2024-07-06T00:00:00+00:00
[2024-07-06T14:11:13.335+0000] {processor.py:179} INFO - Processing /home/airflow/.local/lib/python3.7/site-packages/airflow/example_dags/example_branch_operator.py took 0.070 seconds
[2024-07-06T14:11:44.244+0000] {processor.py:157} INFO - Started process (PID=175) to work on /home/airflow/.local/lib/python3.7/site-packages/airflow/example_dags/example_branch_operator.py
[2024-07-06T14:11:44.246+0000] {processor.py:826} INFO - Processing file /home/airflow/.local/lib/python3.7/site-packages/airflow/example_dags/example_branch_operator.py for tasks to queue
[2024-07-06T14:11:44.248+0000] {logging_mixin.py:150} INFO - [2024-07-06T14:11:44.247+0000] {dagbag.py:541} INFO - Filling up the DagBag from /home/airflow/.local/lib/python3.7/site-packages/airflow/example_dags/example_branch_operator.py
[2024-07-06T14:11:44.257+0000] {processor.py:836} INFO - DAG(s) dict_keys(['example_branch_operator']) retrieved from /home/airflow/.local/lib/python3.7/site-packages/airflow/example_dags/example_branch_operator.py
[2024-07-06T14:11:44.282+0000] {logging_mixin.py:150} INFO - [2024-07-06T14:11:44.282+0000] {dag.py:2742} INFO - Sync 1 DAGs
[2024-07-06T14:11:44.302+0000] {logging_mixin.py:150} INFO - [2024-07-06T14:11:44.302+0000] {dag.py:3508} INFO - Setting next_dagrun for example_branch_operator to 2024-07-05T00:00:00+00:00, run_after=2024-07-06T00:00:00+00:00
[2024-07-06T14:11:44.320+0000] {processor.py:179} INFO - Processing /home/airflow/.local/lib/python3.7/site-packages/airflow/example_dags/example_branch_operator.py took 0.080 seconds
[2024-07-06T14:12:14.743+0000] {processor.py:157} INFO - Started process (PID=238) to work on /home/airflow/.local/lib/python3.7/site-packages/airflow/example_dags/example_branch_operator.py
[2024-07-06T14:12:14.746+0000] {processor.py:826} INFO - Processing file /home/airflow/.local/lib/python3.7/site-packages/airflow/example_dags/example_branch_operator.py for tasks to queue
[2024-07-06T14:12:14.747+0000] {logging_mixin.py:150} INFO - [2024-07-06T14:12:14.747+0000] {dagbag.py:541} INFO - Filling up the DagBag from /home/airflow/.local/lib/python3.7/site-packages/airflow/example_dags/example_branch_operator.py
[2024-07-06T14:12:14.756+0000] {processor.py:836} INFO - DAG(s) dict_keys(['example_branch_operator']) retrieved from /home/airflow/.local/lib/python3.7/site-packages/airflow/example_dags/example_branch_operator.py
[2024-07-06T14:12:14.777+0000] {logging_mixin.py:150} INFO - [2024-07-06T14:12:14.777+0000] {dag.py:2742} INFO - Sync 1 DAGs
[2024-07-06T14:12:14.795+0000] {logging_mixin.py:150} INFO - [2024-07-06T14:12:14.795+0000] {dag.py:3508} INFO - Setting next_dagrun for example_branch_operator to 2024-07-05T00:00:00+00:00, run_after=2024-07-06T00:00:00+00:00
[2024-07-06T14:12:14.811+0000] {processor.py:179} INFO - Processing /home/airflow/.local/lib/python3.7/site-packages/airflow/example_dags/example_branch_operator.py took 0.070 seconds
[2024-07-06T14:12:45.034+0000] {processor.py:157} INFO - Started process (PID=301) to work on /home/airflow/.local/lib/python3.7/site-packages/airflow/example_dags/example_branch_operator.py
[2024-07-06T14:12:45.037+0000] {processor.py:826} INFO - Processing file /home/airflow/.local/lib/python3.7/site-packages/airflow/example_dags/example_branch_operator.py for tasks to queue
[2024-07-06T14:12:45.038+0000] {logging_mixin.py:150} INFO - [2024-07-06T14:12:45.038+0000] {dagbag.py:541} INFO - Filling up the DagBag from /home/airflow/.local/lib/python3.7/site-packages/airflow/example_dags/example_branch_operator.py
[2024-07-06T14:12:45.047+0000] {processor.py:836} INFO - DAG(s) dict_keys(['example_branch_operator']) retrieved from /home/airflow/.local/lib/python3.7/site-packages/airflow/example_dags/example_branch_operator.py
[2024-07-06T14:12:45.069+0000] {logging_mixin.py:150} INFO - [2024-07-06T14:12:45.069+0000] {dag.py:2742} INFO - Sync 1 DAGs
[2024-07-06T14:12:45.088+0000] {logging_mixin.py:150} INFO - [2024-07-06T14:12:45.088+0000] {dag.py:3508} INFO - Setting next_dagrun for example_branch_operator to 2024-07-05T00:00:00+00:00, run_after=2024-07-06T00:00:00+00:00
[2024-07-06T14:12:45.101+0000] {processor.py:179} INFO - Processing /home/airflow/.local/lib/python3.7/site-packages/airflow/example_dags/example_branch_operator.py took 0.070 seconds
[2024-07-06T14:13:16.239+0000] {processor.py:157} INFO - Started process (PID=364) to work on /home/airflow/.local/lib/python3.7/site-packages/airflow/example_dags/example_branch_operator.py
[2024-07-06T14:13:16.241+0000] {processor.py:826} INFO - Processing file /home/airflow/.local/lib/python3.7/site-packages/airflow/example_dags/example_branch_operator.py for tasks to queue
[2024-07-06T14:13:16.242+0000] {logging_mixin.py:150} INFO - [2024-07-06T14:13:16.242+0000] {dagbag.py:541} INFO - Filling up the DagBag from /home/airflow/.local/lib/python3.7/site-packages/airflow/example_dags/example_branch_operator.py
[2024-07-06T14:13:16.251+0000] {processor.py:836} INFO - DAG(s) dict_keys(['example_branch_operator']) retrieved from /home/airflow/.local/lib/python3.7/site-packages/airflow/example_dags/example_branch_operator.py
[2024-07-06T14:13:16.280+0000] {logging_mixin.py:150} INFO - [2024-07-06T14:13:16.280+0000] {dag.py:2742} INFO - Sync 1 DAGs
[2024-07-06T14:13:16.315+0000] {logging_mixin.py:150} INFO - [2024-07-06T14:13:16.314+0000] {dag.py:3508} INFO - Setting next_dagrun for example_branch_operator to 2024-07-05T00:00:00+00:00, run_after=2024-07-06T00:00:00+00:00
[2024-07-06T14:13:16.334+0000] {processor.py:179} INFO - Processing /home/airflow/.local/lib/python3.7/site-packages/airflow/example_dags/example_branch_operator.py took 0.099 seconds
[2024-07-06T14:13:46.448+0000] {processor.py:157} INFO - Started process (PID=423) to work on /home/airflow/.local/lib/python3.7/site-packages/airflow/example_dags/example_branch_operator.py
[2024-07-06T14:13:46.449+0000] {processor.py:826} INFO - Processing file /home/airflow/.local/lib/python3.7/site-packages/airflow/example_dags/example_branch_operator.py for tasks to queue
[2024-07-06T14:13:46.451+0000] {logging_mixin.py:150} INFO - [2024-07-06T14:13:46.450+0000] {dagbag.py:541} INFO - Filling up the DagBag from /home/airflow/.local/lib/python3.7/site-packages/airflow/example_dags/example_branch_operator.py
[2024-07-06T14:13:46.459+0000] {processor.py:836} INFO - DAG(s) dict_keys(['example_branch_operator']) retrieved from /home/airflow/.local/lib/python3.7/site-packages/airflow/example_dags/example_branch_operator.py
[2024-07-06T14:13:46.479+0000] {logging_mixin.py:150} INFO - [2024-07-06T14:13:46.479+0000] {dag.py:2742} INFO - Sync 1 DAGs
[2024-07-06T14:13:46.495+0000] {logging_mixin.py:150} INFO - [2024-07-06T14:13:46.495+0000] {dag.py:3508} INFO - Setting next_dagrun for example_branch_operator to 2024-07-05T00:00:00+00:00, run_after=2024-07-06T00:00:00+00:00
[2024-07-06T14:13:46.507+0000] {processor.py:179} INFO - Processing /home/airflow/.local/lib/python3.7/site-packages/airflow/example_dags/example_branch_operator.py took 0.063 seconds
[2024-07-06T14:14:16.812+0000] {processor.py:157} INFO - Started process (PID=486) to work on /home/airflow/.local/lib/python3.7/site-packages/airflow/example_dags/example_branch_operator.py
[2024-07-06T14:14:16.813+0000] {processor.py:826} INFO - Processing file /home/airflow/.local/lib/python3.7/site-packages/airflow/example_dags/example_branch_operator.py for tasks to queue
[2024-07-06T14:14:16.814+0000] {logging_mixin.py:150} INFO - [2024-07-06T14:14:16.814+0000] {dagbag.py:541} INFO - Filling up the DagBag from /home/airflow/.local/lib/python3.7/site-packages/airflow/example_dags/example_branch_operator.py
[2024-07-06T14:14:16.822+0000] {processor.py:836} INFO - DAG(s) dict_keys(['example_branch_operator']) retrieved from /home/airflow/.local/lib/python3.7/site-packages/airflow/example_dags/example_branch_operator.py
[2024-07-06T14:14:16.845+0000] {logging_mixin.py:150} INFO - [2024-07-06T14:14:16.845+0000] {dag.py:2742} INFO - Sync 1 DAGs
[2024-07-06T14:14:16.864+0000] {logging_mixin.py:150} INFO - [2024-07-06T14:14:16.864+0000] {dag.py:3508} INFO - Setting next_dagrun for example_branch_operator to 2024-07-05T00:00:00+00:00, run_after=2024-07-06T00:00:00+00:00
[2024-07-06T14:14:16.877+0000] {processor.py:179} INFO - Processing /home/airflow/.local/lib/python3.7/site-packages/airflow/example_dags/example_branch_operator.py took 0.069 seconds
[2024-07-06T14:14:47.317+0000] {processor.py:157} INFO - Started process (PID=550) to work on /home/airflow/.local/lib/python3.7/site-packages/airflow/example_dags/example_branch_operator.py
[2024-07-06T14:14:47.319+0000] {processor.py:826} INFO - Processing file /home/airflow/.local/lib/python3.7/site-packages/airflow/example_dags/example_branch_operator.py for tasks to queue
[2024-07-06T14:14:47.320+0000] {logging_mixin.py:150} INFO - [2024-07-06T14:14:47.320+0000] {dagbag.py:541} INFO - Filling up the DagBag from /home/airflow/.local/lib/python3.7/site-packages/airflow/example_dags/example_branch_operator.py
[2024-07-06T14:14:47.329+0000] {processor.py:836} INFO - DAG(s) dict_keys(['example_branch_operator']) retrieved from /home/airflow/.local/lib/python3.7/site-packages/airflow/example_dags/example_branch_operator.py
[2024-07-06T14:14:47.358+0000] {logging_mixin.py:150} INFO - [2024-07-06T14:14:47.358+0000] {dag.py:2742} INFO - Sync 1 DAGs
[2024-07-06T14:14:47.377+0000] {logging_mixin.py:150} INFO - [2024-07-06T14:14:47.377+0000] {dag.py:3508} INFO - Setting next_dagrun for example_branch_operator to 2024-07-05T00:00:00+00:00, run_after=2024-07-06T00:00:00+00:00
[2024-07-06T14:14:47.391+0000] {processor.py:179} INFO - Processing /home/airflow/.local/lib/python3.7/site-packages/airflow/example_dags/example_branch_operator.py took 0.077 seconds
[2024-07-06T14:15:18.297+0000] {processor.py:157} INFO - Started process (PID=613) to work on /home/airflow/.local/lib/python3.7/site-packages/airflow/example_dags/example_branch_operator.py
[2024-07-06T14:15:18.301+0000] {processor.py:826} INFO - Processing file /home/airflow/.local/lib/python3.7/site-packages/airflow/example_dags/example_branch_operator.py for tasks to queue
[2024-07-06T14:15:18.305+0000] {logging_mixin.py:150} INFO - [2024-07-06T14:15:18.305+0000] {dagbag.py:541} INFO - Filling up the DagBag from /home/airflow/.local/lib/python3.7/site-packages/airflow/example_dags/example_branch_operator.py
[2024-07-06T14:15:18.332+0000] {processor.py:836} INFO - DAG(s) dict_keys(['example_branch_operator']) retrieved from /home/airflow/.local/lib/python3.7/site-packages/airflow/example_dags/example_branch_operator.py
[2024-07-06T14:15:18.367+0000] {logging_mixin.py:150} INFO - [2024-07-06T14:15:18.367+0000] {dag.py:2742} INFO - Sync 1 DAGs
[2024-07-06T14:15:18.392+0000] {logging_mixin.py:150} INFO - [2024-07-06T14:15:18.392+0000] {dag.py:3508} INFO - Setting next_dagrun for example_branch_operator to 2024-07-05T00:00:00+00:00, run_after=2024-07-06T00:00:00+00:00
[2024-07-06T14:15:18.408+0000] {processor.py:179} INFO - Processing /home/airflow/.local/lib/python3.7/site-packages/airflow/example_dags/example_branch_operator.py took 0.116 seconds
[2024-07-06T14:15:49.076+0000] {processor.py:157} INFO - Started process (PID=675) to work on /home/airflow/.local/lib/python3.7/site-packages/airflow/example_dags/example_branch_operator.py
[2024-07-06T14:15:49.078+0000] {processor.py:826} INFO - Processing file /home/airflow/.local/lib/python3.7/site-packages/airflow/example_dags/example_branch_operator.py for tasks to queue
[2024-07-06T14:15:49.081+0000] {logging_mixin.py:150} INFO - [2024-07-06T14:15:49.080+0000] {dagbag.py:541} INFO - Filling up the DagBag from /home/airflow/.local/lib/python3.7/site-packages/airflow/example_dags/example_branch_operator.py
[2024-07-06T14:15:49.091+0000] {processor.py:836} INFO - DAG(s) dict_keys(['example_branch_operator']) retrieved from /home/airflow/.local/lib/python3.7/site-packages/airflow/example_dags/example_branch_operator.py
[2024-07-06T14:15:49.116+0000] {logging_mixin.py:150} INFO - [2024-07-06T14:15:49.116+0000] {dag.py:2742} INFO - Sync 1 DAGs
[2024-07-06T14:15:49.137+0000] {logging_mixin.py:150} INFO - [2024-07-06T14:15:49.137+0000] {dag.py:3508} INFO - Setting next_dagrun for example_branch_operator to 2024-07-05T00:00:00+00:00, run_after=2024-07-06T00:00:00+00:00
[2024-07-06T14:15:49.151+0000] {processor.py:179} INFO - Processing /home/airflow/.local/lib/python3.7/site-packages/airflow/example_dags/example_branch_operator.py took 0.079 seconds
[2024-07-06T14:16:19.623+0000] {processor.py:157} INFO - Started process (PID=738) to work on /home/airflow/.local/lib/python3.7/site-packages/airflow/example_dags/example_branch_operator.py
[2024-07-06T14:16:19.625+0000] {processor.py:826} INFO - Processing file /home/airflow/.local/lib/python3.7/site-packages/airflow/example_dags/example_branch_operator.py for tasks to queue
[2024-07-06T14:16:19.626+0000] {logging_mixin.py:150} INFO - [2024-07-06T14:16:19.626+0000] {dagbag.py:541} INFO - Filling up the DagBag from /home/airflow/.local/lib/python3.7/site-packages/airflow/example_dags/example_branch_operator.py
[2024-07-06T14:16:19.634+0000] {processor.py:836} INFO - DAG(s) dict_keys(['example_branch_operator']) retrieved from /home/airflow/.local/lib/python3.7/site-packages/airflow/example_dags/example_branch_operator.py
[2024-07-06T14:16:19.660+0000] {logging_mixin.py:150} INFO - [2024-07-06T14:16:19.660+0000] {dag.py:2742} INFO - Sync 1 DAGs
[2024-07-06T14:16:19.683+0000] {logging_mixin.py:150} INFO - [2024-07-06T14:16:19.683+0000] {dag.py:3508} INFO - Setting next_dagrun for example_branch_operator to 2024-07-05T00:00:00+00:00, run_after=2024-07-06T00:00:00+00:00
[2024-07-06T14:16:19.703+0000] {processor.py:179} INFO - Processing /home/airflow/.local/lib/python3.7/site-packages/airflow/example_dags/example_branch_operator.py took 0.083 seconds
[2024-07-06T14:16:50.168+0000] {processor.py:157} INFO - Started process (PID=801) to work on /home/airflow/.local/lib/python3.7/site-packages/airflow/example_dags/example_branch_operator.py
[2024-07-06T14:16:50.170+0000] {processor.py:826} INFO - Processing file /home/airflow/.local/lib/python3.7/site-packages/airflow/example_dags/example_branch_operator.py for tasks to queue
[2024-07-06T14:16:50.171+0000] {logging_mixin.py:150} INFO - [2024-07-06T14:16:50.171+0000] {dagbag.py:541} INFO - Filling up the DagBag from /home/airflow/.local/lib/python3.7/site-packages/airflow/example_dags/example_branch_operator.py
[2024-07-06T14:16:50.178+0000] {processor.py:836} INFO - DAG(s) dict_keys(['example_branch_operator']) retrieved from /home/airflow/.local/lib/python3.7/site-packages/airflow/example_dags/example_branch_operator.py
[2024-07-06T14:16:50.207+0000] {logging_mixin.py:150} INFO - [2024-07-06T14:16:50.207+0000] {dag.py:2742} INFO - Sync 1 DAGs
[2024-07-06T14:16:50.230+0000] {logging_mixin.py:150} INFO - [2024-07-06T14:16:50.230+0000] {dag.py:3508} INFO - Setting next_dagrun for example_branch_operator to 2024-07-05T00:00:00+00:00, run_after=2024-07-06T00:00:00+00:00
[2024-07-06T14:16:50.244+0000] {processor.py:179} INFO - Processing /home/airflow/.local/lib/python3.7/site-packages/airflow/example_dags/example_branch_operator.py took 0.079 seconds
[2024-07-06T14:17:20.504+0000] {processor.py:157} INFO - Started process (PID=864) to work on /home/airflow/.local/lib/python3.7/site-packages/airflow/example_dags/example_branch_operator.py
[2024-07-06T14:17:20.507+0000] {processor.py:826} INFO - Processing file /home/airflow/.local/lib/python3.7/site-packages/airflow/example_dags/example_branch_operator.py for tasks to queue
[2024-07-06T14:17:20.508+0000] {logging_mixin.py:150} INFO - [2024-07-06T14:17:20.508+0000] {dagbag.py:541} INFO - Filling up the DagBag from /home/airflow/.local/lib/python3.7/site-packages/airflow/example_dags/example_branch_operator.py
[2024-07-06T14:17:20.516+0000] {processor.py:836} INFO - DAG(s) dict_keys(['example_branch_operator']) retrieved from /home/airflow/.local/lib/python3.7/site-packages/airflow/example_dags/example_branch_operator.py
[2024-07-06T14:17:20.538+0000] {logging_mixin.py:150} INFO - [2024-07-06T14:17:20.538+0000] {dag.py:2742} INFO - Sync 1 DAGs
[2024-07-06T14:17:20.558+0000] {logging_mixin.py:150} INFO - [2024-07-06T14:17:20.558+0000] {dag.py:3508} INFO - Setting next_dagrun for example_branch_operator to 2024-07-05T00:00:00+00:00, run_after=2024-07-06T00:00:00+00:00
[2024-07-06T14:17:20.572+0000] {processor.py:179} INFO - Processing /home/airflow/.local/lib/python3.7/site-packages/airflow/example_dags/example_branch_operator.py took 0.072 seconds
[2024-07-06T14:17:50.759+0000] {processor.py:157} INFO - Started process (PID=926) to work on /home/airflow/.local/lib/python3.7/site-packages/airflow/example_dags/example_branch_operator.py
[2024-07-06T14:17:50.760+0000] {processor.py:826} INFO - Processing file /home/airflow/.local/lib/python3.7/site-packages/airflow/example_dags/example_branch_operator.py for tasks to queue
[2024-07-06T14:17:50.762+0000] {logging_mixin.py:150} INFO - [2024-07-06T14:17:50.762+0000] {dagbag.py:541} INFO - Filling up the DagBag from /home/airflow/.local/lib/python3.7/site-packages/airflow/example_dags/example_branch_operator.py
[2024-07-06T14:17:50.770+0000] {processor.py:836} INFO - DAG(s) dict_keys(['example_branch_operator']) retrieved from /home/airflow/.local/lib/python3.7/site-packages/airflow/example_dags/example_branch_operator.py
[2024-07-06T14:17:50.792+0000] {logging_mixin.py:150} INFO - [2024-07-06T14:17:50.792+0000] {dag.py:2742} INFO - Sync 1 DAGs
[2024-07-06T14:17:50.810+0000] {logging_mixin.py:150} INFO - [2024-07-06T14:17:50.810+0000] {dag.py:3508} INFO - Setting next_dagrun for example_branch_operator to 2024-07-05T00:00:00+00:00, run_after=2024-07-06T00:00:00+00:00
[2024-07-06T14:17:50.824+0000] {processor.py:179} INFO - Processing /home/airflow/.local/lib/python3.7/site-packages/airflow/example_dags/example_branch_operator.py took 0.069 seconds
[2024-07-06T14:18:21.093+0000] {processor.py:157} INFO - Started process (PID=989) to work on /home/airflow/.local/lib/python3.7/site-packages/airflow/example_dags/example_branch_operator.py
[2024-07-06T14:18:21.094+0000] {processor.py:826} INFO - Processing file /home/airflow/.local/lib/python3.7/site-packages/airflow/example_dags/example_branch_operator.py for tasks to queue
[2024-07-06T14:18:21.096+0000] {logging_mixin.py:150} INFO - [2024-07-06T14:18:21.096+0000] {dagbag.py:541} INFO - Filling up the DagBag from /home/airflow/.local/lib/python3.7/site-packages/airflow/example_dags/example_branch_operator.py
[2024-07-06T14:18:21.104+0000] {processor.py:836} INFO - DAG(s) dict_keys(['example_branch_operator']) retrieved from /home/airflow/.local/lib/python3.7/site-packages/airflow/example_dags/example_branch_operator.py
[2024-07-06T14:18:21.125+0000] {logging_mixin.py:150} INFO - [2024-07-06T14:18:21.125+0000] {dag.py:2742} INFO - Sync 1 DAGs
[2024-07-06T14:18:21.143+0000] {logging_mixin.py:150} INFO - [2024-07-06T14:18:21.143+0000] {dag.py:3508} INFO - Setting next_dagrun for example_branch_operator to 2024-07-05T00:00:00+00:00, run_after=2024-07-06T00:00:00+00:00
[2024-07-06T14:18:21.155+0000] {processor.py:179} INFO - Processing /home/airflow/.local/lib/python3.7/site-packages/airflow/example_dags/example_branch_operator.py took 0.065 seconds
[2024-07-06T14:18:51.519+0000] {processor.py:157} INFO - Started process (PID=1052) to work on /home/airflow/.local/lib/python3.7/site-packages/airflow/example_dags/example_branch_operator.py
[2024-07-06T14:18:51.521+0000] {processor.py:826} INFO - Processing file /home/airflow/.local/lib/python3.7/site-packages/airflow/example_dags/example_branch_operator.py for tasks to queue
[2024-07-06T14:18:51.524+0000] {logging_mixin.py:150} INFO - [2024-07-06T14:18:51.523+0000] {dagbag.py:541} INFO - Filling up the DagBag from /home/airflow/.local/lib/python3.7/site-packages/airflow/example_dags/example_branch_operator.py
[2024-07-06T14:18:51.534+0000] {processor.py:836} INFO - DAG(s) dict_keys(['example_branch_operator']) retrieved from /home/airflow/.local/lib/python3.7/site-packages/airflow/example_dags/example_branch_operator.py
[2024-07-06T14:18:51.562+0000] {logging_mixin.py:150} INFO - [2024-07-06T14:18:51.562+0000] {dag.py:2742} INFO - Sync 1 DAGs
[2024-07-06T14:18:51.585+0000] {logging_mixin.py:150} INFO - [2024-07-06T14:18:51.585+0000] {dag.py:3508} INFO - Setting next_dagrun for example_branch_operator to 2024-07-05T00:00:00+00:00, run_after=2024-07-06T00:00:00+00:00
[2024-07-06T14:18:51.599+0000] {processor.py:179} INFO - Processing /home/airflow/.local/lib/python3.7/site-packages/airflow/example_dags/example_branch_operator.py took 0.084 seconds
[2024-07-06T14:19:21.760+0000] {processor.py:157} INFO - Started process (PID=1115) to work on /home/airflow/.local/lib/python3.7/site-packages/airflow/example_dags/example_branch_operator.py
[2024-07-06T14:19:21.762+0000] {processor.py:826} INFO - Processing file /home/airflow/.local/lib/python3.7/site-packages/airflow/example_dags/example_branch_operator.py for tasks to queue
[2024-07-06T14:19:21.764+0000] {logging_mixin.py:150} INFO - [2024-07-06T14:19:21.763+0000] {dagbag.py:541} INFO - Filling up the DagBag from /home/airflow/.local/lib/python3.7/site-packages/airflow/example_dags/example_branch_operator.py
[2024-07-06T14:19:21.771+0000] {processor.py:836} INFO - DAG(s) dict_keys(['example_branch_operator']) retrieved from /home/airflow/.local/lib/python3.7/site-packages/airflow/example_dags/example_branch_operator.py
[2024-07-06T14:19:21.793+0000] {logging_mixin.py:150} INFO - [2024-07-06T14:19:21.793+0000] {dag.py:2742} INFO - Sync 1 DAGs
[2024-07-06T14:19:21.811+0000] {logging_mixin.py:150} INFO - [2024-07-06T14:19:21.810+0000] {dag.py:3508} INFO - Setting next_dagrun for example_branch_operator to 2024-07-05T00:00:00+00:00, run_after=2024-07-06T00:00:00+00:00
[2024-07-06T14:19:21.823+0000] {processor.py:179} INFO - Processing /home/airflow/.local/lib/python3.7/site-packages/airflow/example_dags/example_branch_operator.py took 0.066 seconds
[2024-07-06T14:19:51.939+0000] {processor.py:157} INFO - Started process (PID=1178) to work on /home/airflow/.local/lib/python3.7/site-packages/airflow/example_dags/example_branch_operator.py
[2024-07-06T14:19:51.941+0000] {processor.py:826} INFO - Processing file /home/airflow/.local/lib/python3.7/site-packages/airflow/example_dags/example_branch_operator.py for tasks to queue
[2024-07-06T14:19:51.943+0000] {logging_mixin.py:150} INFO - [2024-07-06T14:19:51.943+0000] {dagbag.py:541} INFO - Filling up the DagBag from /home/airflow/.local/lib/python3.7/site-packages/airflow/example_dags/example_branch_operator.py
[2024-07-06T14:19:51.950+0000] {processor.py:836} INFO - DAG(s) dict_keys(['example_branch_operator']) retrieved from /home/airflow/.local/lib/python3.7/site-packages/airflow/example_dags/example_branch_operator.py
[2024-07-06T14:19:51.973+0000] {logging_mixin.py:150} INFO - [2024-07-06T14:19:51.972+0000] {dag.py:2742} INFO - Sync 1 DAGs
[2024-07-06T14:19:51.991+0000] {logging_mixin.py:150} INFO - [2024-07-06T14:19:51.991+0000] {dag.py:3508} INFO - Setting next_dagrun for example_branch_operator to 2024-07-05T00:00:00+00:00, run_after=2024-07-06T00:00:00+00:00
[2024-07-06T14:19:52.005+0000] {processor.py:179} INFO - Processing /home/airflow/.local/lib/python3.7/site-packages/airflow/example_dags/example_branch_operator.py took 0.069 seconds
[2024-07-06T14:20:22.548+0000] {processor.py:157} INFO - Started process (PID=1240) to work on /home/airflow/.local/lib/python3.7/site-packages/airflow/example_dags/example_branch_operator.py
[2024-07-06T14:20:22.550+0000] {processor.py:826} INFO - Processing file /home/airflow/.local/lib/python3.7/site-packages/airflow/example_dags/example_branch_operator.py for tasks to queue
[2024-07-06T14:20:22.551+0000] {logging_mixin.py:150} INFO - [2024-07-06T14:20:22.551+0000] {dagbag.py:541} INFO - Filling up the DagBag from /home/airflow/.local/lib/python3.7/site-packages/airflow/example_dags/example_branch_operator.py
[2024-07-06T14:20:22.559+0000] {processor.py:836} INFO - DAG(s) dict_keys(['example_branch_operator']) retrieved from /home/airflow/.local/lib/python3.7/site-packages/airflow/example_dags/example_branch_operator.py
[2024-07-06T14:20:22.581+0000] {logging_mixin.py:150} INFO - [2024-07-06T14:20:22.581+0000] {dag.py:2742} INFO - Sync 1 DAGs
[2024-07-06T14:20:22.599+0000] {logging_mixin.py:150} INFO - [2024-07-06T14:20:22.599+0000] {dag.py:3508} INFO - Setting next_dagrun for example_branch_operator to 2024-07-05T00:00:00+00:00, run_after=2024-07-06T00:00:00+00:00
[2024-07-06T14:20:22.613+0000] {processor.py:179} INFO - Processing /home/airflow/.local/lib/python3.7/site-packages/airflow/example_dags/example_branch_operator.py took 0.068 seconds
[2024-07-06T14:20:53.096+0000] {processor.py:157} INFO - Started process (PID=1303) to work on /home/airflow/.local/lib/python3.7/site-packages/airflow/example_dags/example_branch_operator.py
[2024-07-06T14:20:53.098+0000] {processor.py:826} INFO - Processing file /home/airflow/.local/lib/python3.7/site-packages/airflow/example_dags/example_branch_operator.py for tasks to queue
[2024-07-06T14:20:53.099+0000] {logging_mixin.py:150} INFO - [2024-07-06T14:20:53.099+0000] {dagbag.py:541} INFO - Filling up the DagBag from /home/airflow/.local/lib/python3.7/site-packages/airflow/example_dags/example_branch_operator.py
[2024-07-06T14:20:53.107+0000] {processor.py:836} INFO - DAG(s) dict_keys(['example_branch_operator']) retrieved from /home/airflow/.local/lib/python3.7/site-packages/airflow/example_dags/example_branch_operator.py
[2024-07-06T14:20:53.129+0000] {logging_mixin.py:150} INFO - [2024-07-06T14:20:53.129+0000] {dag.py:2742} INFO - Sync 1 DAGs
[2024-07-06T14:20:53.151+0000] {logging_mixin.py:150} INFO - [2024-07-06T14:20:53.151+0000] {dag.py:3508} INFO - Setting next_dagrun for example_branch_operator to 2024-07-05T00:00:00+00:00, run_after=2024-07-06T00:00:00+00:00
[2024-07-06T14:20:53.163+0000] {processor.py:179} INFO - Processing /home/airflow/.local/lib/python3.7/site-packages/airflow/example_dags/example_branch_operator.py took 0.070 seconds
[2024-07-06T14:21:23.602+0000] {processor.py:157} INFO - Started process (PID=1366) to work on /home/airflow/.local/lib/python3.7/site-packages/airflow/example_dags/example_branch_operator.py
[2024-07-06T14:21:23.605+0000] {processor.py:826} INFO - Processing file /home/airflow/.local/lib/python3.7/site-packages/airflow/example_dags/example_branch_operator.py for tasks to queue
[2024-07-06T14:21:23.609+0000] {logging_mixin.py:150} INFO - [2024-07-06T14:21:23.608+0000] {dagbag.py:541} INFO - Filling up the DagBag from /home/airflow/.local/lib/python3.7/site-packages/airflow/example_dags/example_branch_operator.py
[2024-07-06T14:21:23.621+0000] {processor.py:836} INFO - DAG(s) dict_keys(['example_branch_operator']) retrieved from /home/airflow/.local/lib/python3.7/site-packages/airflow/example_dags/example_branch_operator.py
[2024-07-06T14:21:23.655+0000] {logging_mixin.py:150} INFO - [2024-07-06T14:21:23.655+0000] {dag.py:2742} INFO - Sync 1 DAGs
[2024-07-06T14:21:23.694+0000] {logging_mixin.py:150} INFO - [2024-07-06T14:21:23.693+0000] {dag.py:3508} INFO - Setting next_dagrun for example_branch_operator to 2024-07-05T00:00:00+00:00, run_after=2024-07-06T00:00:00+00:00
[2024-07-06T14:21:23.723+0000] {processor.py:179} INFO - Processing /home/airflow/.local/lib/python3.7/site-packages/airflow/example_dags/example_branch_operator.py took 0.129 seconds
[2024-07-06T14:21:54.074+0000] {processor.py:157} INFO - Started process (PID=1429) to work on /home/airflow/.local/lib/python3.7/site-packages/airflow/example_dags/example_branch_operator.py
[2024-07-06T14:21:54.079+0000] {processor.py:826} INFO - Processing file /home/airflow/.local/lib/python3.7/site-packages/airflow/example_dags/example_branch_operator.py for tasks to queue
[2024-07-06T14:21:54.081+0000] {logging_mixin.py:150} INFO - [2024-07-06T14:21:54.081+0000] {dagbag.py:541} INFO - Filling up the DagBag from /home/airflow/.local/lib/python3.7/site-packages/airflow/example_dags/example_branch_operator.py
[2024-07-06T14:21:54.089+0000] {processor.py:836} INFO - DAG(s) dict_keys(['example_branch_operator']) retrieved from /home/airflow/.local/lib/python3.7/site-packages/airflow/example_dags/example_branch_operator.py
[2024-07-06T14:21:54.111+0000] {logging_mixin.py:150} INFO - [2024-07-06T14:21:54.110+0000] {dag.py:2742} INFO - Sync 1 DAGs
[2024-07-06T14:21:54.128+0000] {logging_mixin.py:150} INFO - [2024-07-06T14:21:54.128+0000] {dag.py:3508} INFO - Setting next_dagrun for example_branch_operator to 2024-07-05T00:00:00+00:00, run_after=2024-07-06T00:00:00+00:00
[2024-07-06T14:21:54.142+0000] {processor.py:179} INFO - Processing /home/airflow/.local/lib/python3.7/site-packages/airflow/example_dags/example_branch_operator.py took 0.070 seconds
[2024-07-06T14:22:24.284+0000] {processor.py:157} INFO - Started process (PID=1492) to work on /home/airflow/.local/lib/python3.7/site-packages/airflow/example_dags/example_branch_operator.py
[2024-07-06T14:22:24.286+0000] {processor.py:826} INFO - Processing file /home/airflow/.local/lib/python3.7/site-packages/airflow/example_dags/example_branch_operator.py for tasks to queue
[2024-07-06T14:22:24.288+0000] {logging_mixin.py:150} INFO - [2024-07-06T14:22:24.288+0000] {dagbag.py:541} INFO - Filling up the DagBag from /home/airflow/.local/lib/python3.7/site-packages/airflow/example_dags/example_branch_operator.py
[2024-07-06T14:22:24.297+0000] {processor.py:836} INFO - DAG(s) dict_keys(['example_branch_operator']) retrieved from /home/airflow/.local/lib/python3.7/site-packages/airflow/example_dags/example_branch_operator.py
[2024-07-06T14:22:24.322+0000] {logging_mixin.py:150} INFO - [2024-07-06T14:22:24.322+0000] {dag.py:2742} INFO - Sync 1 DAGs
[2024-07-06T14:22:24.355+0000] {logging_mixin.py:150} INFO - [2024-07-06T14:22:24.355+0000] {dag.py:3508} INFO - Setting next_dagrun for example_branch_operator to 2024-07-05T00:00:00+00:00, run_after=2024-07-06T00:00:00+00:00
[2024-07-06T14:22:24.373+0000] {processor.py:179} INFO - Processing /home/airflow/.local/lib/python3.7/site-packages/airflow/example_dags/example_branch_operator.py took 0.093 seconds
[2024-07-06T14:22:54.771+0000] {processor.py:157} INFO - Started process (PID=1555) to work on /home/airflow/.local/lib/python3.7/site-packages/airflow/example_dags/example_branch_operator.py
[2024-07-06T14:22:54.774+0000] {processor.py:826} INFO - Processing file /home/airflow/.local/lib/python3.7/site-packages/airflow/example_dags/example_branch_operator.py for tasks to queue
[2024-07-06T14:22:54.776+0000] {logging_mixin.py:150} INFO - [2024-07-06T14:22:54.776+0000] {dagbag.py:541} INFO - Filling up the DagBag from /home/airflow/.local/lib/python3.7/site-packages/airflow/example_dags/example_branch_operator.py
[2024-07-06T14:22:54.788+0000] {processor.py:836} INFO - DAG(s) dict_keys(['example_branch_operator']) retrieved from /home/airflow/.local/lib/python3.7/site-packages/airflow/example_dags/example_branch_operator.py
[2024-07-06T14:22:54.816+0000] {logging_mixin.py:150} INFO - [2024-07-06T14:22:54.816+0000] {dag.py:2742} INFO - Sync 1 DAGs
[2024-07-06T14:22:54.844+0000] {logging_mixin.py:150} INFO - [2024-07-06T14:22:54.844+0000] {dag.py:3508} INFO - Setting next_dagrun for example_branch_operator to 2024-07-05T00:00:00+00:00, run_after=2024-07-06T00:00:00+00:00
[2024-07-06T14:22:54.859+0000] {processor.py:179} INFO - Processing /home/airflow/.local/lib/python3.7/site-packages/airflow/example_dags/example_branch_operator.py took 0.094 seconds
[2024-07-06T14:23:25.036+0000] {processor.py:157} INFO - Started process (PID=1618) to work on /home/airflow/.local/lib/python3.7/site-packages/airflow/example_dags/example_branch_operator.py
[2024-07-06T14:23:25.039+0000] {processor.py:826} INFO - Processing file /home/airflow/.local/lib/python3.7/site-packages/airflow/example_dags/example_branch_operator.py for tasks to queue
[2024-07-06T14:23:25.041+0000] {logging_mixin.py:150} INFO - [2024-07-06T14:23:25.040+0000] {dagbag.py:541} INFO - Filling up the DagBag from /home/airflow/.local/lib/python3.7/site-packages/airflow/example_dags/example_branch_operator.py
[2024-07-06T14:23:25.050+0000] {processor.py:836} INFO - DAG(s) dict_keys(['example_branch_operator']) retrieved from /home/airflow/.local/lib/python3.7/site-packages/airflow/example_dags/example_branch_operator.py
[2024-07-06T14:23:25.075+0000] {logging_mixin.py:150} INFO - [2024-07-06T14:23:25.075+0000] {dag.py:2742} INFO - Sync 1 DAGs
[2024-07-06T14:23:25.097+0000] {logging_mixin.py:150} INFO - [2024-07-06T14:23:25.097+0000] {dag.py:3508} INFO - Setting next_dagrun for example_branch_operator to 2024-07-05T00:00:00+00:00, run_after=2024-07-06T00:00:00+00:00
[2024-07-06T14:23:25.112+0000] {processor.py:179} INFO - Processing /home/airflow/.local/lib/python3.7/site-packages/airflow/example_dags/example_branch_operator.py took 0.081 seconds
[2024-07-06T14:23:55.593+0000] {processor.py:157} INFO - Started process (PID=1681) to work on /home/airflow/.local/lib/python3.7/site-packages/airflow/example_dags/example_branch_operator.py
[2024-07-06T14:23:55.595+0000] {processor.py:826} INFO - Processing file /home/airflow/.local/lib/python3.7/site-packages/airflow/example_dags/example_branch_operator.py for tasks to queue
[2024-07-06T14:23:55.596+0000] {logging_mixin.py:150} INFO - [2024-07-06T14:23:55.596+0000] {dagbag.py:541} INFO - Filling up the DagBag from /home/airflow/.local/lib/python3.7/site-packages/airflow/example_dags/example_branch_operator.py
[2024-07-06T14:23:55.603+0000] {processor.py:836} INFO - DAG(s) dict_keys(['example_branch_operator']) retrieved from /home/airflow/.local/lib/python3.7/site-packages/airflow/example_dags/example_branch_operator.py
[2024-07-06T14:23:55.626+0000] {logging_mixin.py:150} INFO - [2024-07-06T14:23:55.625+0000] {dag.py:2742} INFO - Sync 1 DAGs
[2024-07-06T14:23:55.643+0000] {logging_mixin.py:150} INFO - [2024-07-06T14:23:55.643+0000] {dag.py:3508} INFO - Setting next_dagrun for example_branch_operator to 2024-07-05T00:00:00+00:00, run_after=2024-07-06T00:00:00+00:00
[2024-07-06T14:23:55.657+0000] {processor.py:179} INFO - Processing /home/airflow/.local/lib/python3.7/site-packages/airflow/example_dags/example_branch_operator.py took 0.068 seconds
[2024-07-06T14:24:26.123+0000] {processor.py:157} INFO - Started process (PID=1744) to work on /home/airflow/.local/lib/python3.7/site-packages/airflow/example_dags/example_branch_operator.py
[2024-07-06T14:24:26.125+0000] {processor.py:826} INFO - Processing file /home/airflow/.local/lib/python3.7/site-packages/airflow/example_dags/example_branch_operator.py for tasks to queue
[2024-07-06T14:24:26.126+0000] {logging_mixin.py:150} INFO - [2024-07-06T14:24:26.126+0000] {dagbag.py:541} INFO - Filling up the DagBag from /home/airflow/.local/lib/python3.7/site-packages/airflow/example_dags/example_branch_operator.py
[2024-07-06T14:24:26.133+0000] {processor.py:836} INFO - DAG(s) dict_keys(['example_branch_operator']) retrieved from /home/airflow/.local/lib/python3.7/site-packages/airflow/example_dags/example_branch_operator.py
[2024-07-06T14:24:26.156+0000] {logging_mixin.py:150} INFO - [2024-07-06T14:24:26.156+0000] {dag.py:2742} INFO - Sync 1 DAGs
[2024-07-06T14:24:26.174+0000] {logging_mixin.py:150} INFO - [2024-07-06T14:24:26.174+0000] {dag.py:3508} INFO - Setting next_dagrun for example_branch_operator to 2024-07-05T00:00:00+00:00, run_after=2024-07-06T00:00:00+00:00
[2024-07-06T14:24:26.187+0000] {processor.py:179} INFO - Processing /home/airflow/.local/lib/python3.7/site-packages/airflow/example_dags/example_branch_operator.py took 0.067 seconds
[2024-07-06T14:24:57.129+0000] {processor.py:157} INFO - Started process (PID=1807) to work on /home/airflow/.local/lib/python3.7/site-packages/airflow/example_dags/example_branch_operator.py
[2024-07-06T14:24:57.130+0000] {processor.py:826} INFO - Processing file /home/airflow/.local/lib/python3.7/site-packages/airflow/example_dags/example_branch_operator.py for tasks to queue
[2024-07-06T14:24:57.132+0000] {logging_mixin.py:150} INFO - [2024-07-06T14:24:57.132+0000] {dagbag.py:541} INFO - Filling up the DagBag from /home/airflow/.local/lib/python3.7/site-packages/airflow/example_dags/example_branch_operator.py
[2024-07-06T14:24:57.141+0000] {processor.py:836} INFO - DAG(s) dict_keys(['example_branch_operator']) retrieved from /home/airflow/.local/lib/python3.7/site-packages/airflow/example_dags/example_branch_operator.py
[2024-07-06T14:24:57.163+0000] {logging_mixin.py:150} INFO - [2024-07-06T14:24:57.163+0000] {dag.py:2742} INFO - Sync 1 DAGs
[2024-07-06T14:24:57.181+0000] {logging_mixin.py:150} INFO - [2024-07-06T14:24:57.181+0000] {dag.py:3508} INFO - Setting next_dagrun for example_branch_operator to 2024-07-05T00:00:00+00:00, run_after=2024-07-06T00:00:00+00:00
[2024-07-06T14:24:57.194+0000] {processor.py:179} INFO - Processing /home/airflow/.local/lib/python3.7/site-packages/airflow/example_dags/example_branch_operator.py took 0.068 seconds
[2024-07-06T14:25:27.367+0000] {processor.py:157} INFO - Started process (PID=1871) to work on /home/airflow/.local/lib/python3.7/site-packages/airflow/example_dags/example_branch_operator.py
[2024-07-06T14:25:27.368+0000] {processor.py:826} INFO - Processing file /home/airflow/.local/lib/python3.7/site-packages/airflow/example_dags/example_branch_operator.py for tasks to queue
[2024-07-06T14:25:27.369+0000] {logging_mixin.py:150} INFO - [2024-07-06T14:25:27.369+0000] {dagbag.py:541} INFO - Filling up the DagBag from /home/airflow/.local/lib/python3.7/site-packages/airflow/example_dags/example_branch_operator.py
[2024-07-06T14:25:27.377+0000] {processor.py:836} INFO - DAG(s) dict_keys(['example_branch_operator']) retrieved from /home/airflow/.local/lib/python3.7/site-packages/airflow/example_dags/example_branch_operator.py
[2024-07-06T14:25:27.400+0000] {logging_mixin.py:150} INFO - [2024-07-06T14:25:27.400+0000] {dag.py:2742} INFO - Sync 1 DAGs
[2024-07-06T14:25:27.417+0000] {logging_mixin.py:150} INFO - [2024-07-06T14:25:27.417+0000] {dag.py:3508} INFO - Setting next_dagrun for example_branch_operator to 2024-07-05T00:00:00+00:00, run_after=2024-07-06T00:00:00+00:00
[2024-07-06T14:25:27.431+0000] {processor.py:179} INFO - Processing /home/airflow/.local/lib/python3.7/site-packages/airflow/example_dags/example_branch_operator.py took 0.067 seconds
[2024-07-06T14:25:58.215+0000] {processor.py:157} INFO - Started process (PID=1933) to work on /home/airflow/.local/lib/python3.7/site-packages/airflow/example_dags/example_branch_operator.py
[2024-07-06T14:25:58.216+0000] {processor.py:826} INFO - Processing file /home/airflow/.local/lib/python3.7/site-packages/airflow/example_dags/example_branch_operator.py for tasks to queue
[2024-07-06T14:25:58.218+0000] {logging_mixin.py:150} INFO - [2024-07-06T14:25:58.218+0000] {dagbag.py:541} INFO - Filling up the DagBag from /home/airflow/.local/lib/python3.7/site-packages/airflow/example_dags/example_branch_operator.py
[2024-07-06T14:25:58.225+0000] {processor.py:836} INFO - DAG(s) dict_keys(['example_branch_operator']) retrieved from /home/airflow/.local/lib/python3.7/site-packages/airflow/example_dags/example_branch_operator.py
[2024-07-06T14:25:58.248+0000] {logging_mixin.py:150} INFO - [2024-07-06T14:25:58.248+0000] {dag.py:2742} INFO - Sync 1 DAGs
[2024-07-06T14:25:58.273+0000] {logging_mixin.py:150} INFO - [2024-07-06T14:25:58.273+0000] {dag.py:3508} INFO - Setting next_dagrun for example_branch_operator to 2024-07-05T00:00:00+00:00, run_after=2024-07-06T00:00:00+00:00
[2024-07-06T14:25:58.285+0000] {processor.py:179} INFO - Processing /home/airflow/.local/lib/python3.7/site-packages/airflow/example_dags/example_branch_operator.py took 0.073 seconds
[2024-07-06T14:26:28.933+0000] {processor.py:157} INFO - Started process (PID=1997) to work on /home/airflow/.local/lib/python3.7/site-packages/airflow/example_dags/example_branch_operator.py
[2024-07-06T14:26:28.935+0000] {processor.py:826} INFO - Processing file /home/airflow/.local/lib/python3.7/site-packages/airflow/example_dags/example_branch_operator.py for tasks to queue
[2024-07-06T14:26:28.937+0000] {logging_mixin.py:150} INFO - [2024-07-06T14:26:28.936+0000] {dagbag.py:541} INFO - Filling up the DagBag from /home/airflow/.local/lib/python3.7/site-packages/airflow/example_dags/example_branch_operator.py
[2024-07-06T14:26:28.944+0000] {processor.py:836} INFO - DAG(s) dict_keys(['example_branch_operator']) retrieved from /home/airflow/.local/lib/python3.7/site-packages/airflow/example_dags/example_branch_operator.py
[2024-07-06T14:26:28.968+0000] {logging_mixin.py:150} INFO - [2024-07-06T14:26:28.968+0000] {dag.py:2742} INFO - Sync 1 DAGs
[2024-07-06T14:26:28.986+0000] {logging_mixin.py:150} INFO - [2024-07-06T14:26:28.986+0000] {dag.py:3508} INFO - Setting next_dagrun for example_branch_operator to 2024-07-05T00:00:00+00:00, run_after=2024-07-06T00:00:00+00:00
[2024-07-06T14:26:29.000+0000] {processor.py:179} INFO - Processing /home/airflow/.local/lib/python3.7/site-packages/airflow/example_dags/example_branch_operator.py took 0.070 seconds
[2024-07-06T14:26:59.336+0000] {processor.py:157} INFO - Started process (PID=2060) to work on /home/airflow/.local/lib/python3.7/site-packages/airflow/example_dags/example_branch_operator.py
[2024-07-06T14:26:59.339+0000] {processor.py:826} INFO - Processing file /home/airflow/.local/lib/python3.7/site-packages/airflow/example_dags/example_branch_operator.py for tasks to queue
[2024-07-06T14:26:59.341+0000] {logging_mixin.py:150} INFO - [2024-07-06T14:26:59.340+0000] {dagbag.py:541} INFO - Filling up the DagBag from /home/airflow/.local/lib/python3.7/site-packages/airflow/example_dags/example_branch_operator.py
[2024-07-06T14:26:59.348+0000] {processor.py:836} INFO - DAG(s) dict_keys(['example_branch_operator']) retrieved from /home/airflow/.local/lib/python3.7/site-packages/airflow/example_dags/example_branch_operator.py
[2024-07-06T14:26:59.371+0000] {logging_mixin.py:150} INFO - [2024-07-06T14:26:59.371+0000] {dag.py:2742} INFO - Sync 1 DAGs
[2024-07-06T14:26:59.390+0000] {logging_mixin.py:150} INFO - [2024-07-06T14:26:59.390+0000] {dag.py:3508} INFO - Setting next_dagrun for example_branch_operator to 2024-07-05T00:00:00+00:00, run_after=2024-07-06T00:00:00+00:00
[2024-07-06T14:26:59.407+0000] {processor.py:179} INFO - Processing /home/airflow/.local/lib/python3.7/site-packages/airflow/example_dags/example_branch_operator.py took 0.074 seconds
[2024-07-06T14:27:29.592+0000] {processor.py:157} INFO - Started process (PID=2122) to work on /home/airflow/.local/lib/python3.7/site-packages/airflow/example_dags/example_branch_operator.py
[2024-07-06T14:27:29.594+0000] {processor.py:826} INFO - Processing file /home/airflow/.local/lib/python3.7/site-packages/airflow/example_dags/example_branch_operator.py for tasks to queue
[2024-07-06T14:27:29.596+0000] {logging_mixin.py:150} INFO - [2024-07-06T14:27:29.595+0000] {dagbag.py:541} INFO - Filling up the DagBag from /home/airflow/.local/lib/python3.7/site-packages/airflow/example_dags/example_branch_operator.py
[2024-07-06T14:27:29.604+0000] {processor.py:836} INFO - DAG(s) dict_keys(['example_branch_operator']) retrieved from /home/airflow/.local/lib/python3.7/site-packages/airflow/example_dags/example_branch_operator.py
[2024-07-06T14:27:29.642+0000] {logging_mixin.py:150} INFO - [2024-07-06T14:27:29.642+0000] {dag.py:2742} INFO - Sync 1 DAGs
[2024-07-06T14:27:29.673+0000] {logging_mixin.py:150} INFO - [2024-07-06T14:27:29.672+0000] {dag.py:3508} INFO - Setting next_dagrun for example_branch_operator to 2024-07-05T00:00:00+00:00, run_after=2024-07-06T00:00:00+00:00
[2024-07-06T14:27:29.697+0000] {processor.py:179} INFO - Processing /home/airflow/.local/lib/python3.7/site-packages/airflow/example_dags/example_branch_operator.py took 0.108 seconds
[2024-07-06T14:28:00.477+0000] {processor.py:157} INFO - Started process (PID=2190) to work on /home/airflow/.local/lib/python3.7/site-packages/airflow/example_dags/example_branch_operator.py
[2024-07-06T14:28:00.479+0000] {processor.py:826} INFO - Processing file /home/airflow/.local/lib/python3.7/site-packages/airflow/example_dags/example_branch_operator.py for tasks to queue
[2024-07-06T14:28:00.480+0000] {logging_mixin.py:150} INFO - [2024-07-06T14:28:00.480+0000] {dagbag.py:541} INFO - Filling up the DagBag from /home/airflow/.local/lib/python3.7/site-packages/airflow/example_dags/example_branch_operator.py
[2024-07-06T14:28:00.489+0000] {processor.py:836} INFO - DAG(s) dict_keys(['example_branch_operator']) retrieved from /home/airflow/.local/lib/python3.7/site-packages/airflow/example_dags/example_branch_operator.py
[2024-07-06T14:28:00.511+0000] {logging_mixin.py:150} INFO - [2024-07-06T14:28:00.511+0000] {dag.py:2742} INFO - Sync 1 DAGs
[2024-07-06T14:28:00.531+0000] {logging_mixin.py:150} INFO - [2024-07-06T14:28:00.531+0000] {dag.py:3508} INFO - Setting next_dagrun for example_branch_operator to 2024-07-05T00:00:00+00:00, run_after=2024-07-06T00:00:00+00:00
[2024-07-06T14:28:00.545+0000] {processor.py:179} INFO - Processing /home/airflow/.local/lib/python3.7/site-packages/airflow/example_dags/example_branch_operator.py took 0.071 seconds
[2024-07-06T14:28:30.805+0000] {processor.py:157} INFO - Started process (PID=2258) to work on /home/airflow/.local/lib/python3.7/site-packages/airflow/example_dags/example_branch_operator.py
[2024-07-06T14:28:30.808+0000] {processor.py:826} INFO - Processing file /home/airflow/.local/lib/python3.7/site-packages/airflow/example_dags/example_branch_operator.py for tasks to queue
[2024-07-06T14:28:30.809+0000] {logging_mixin.py:150} INFO - [2024-07-06T14:28:30.809+0000] {dagbag.py:541} INFO - Filling up the DagBag from /home/airflow/.local/lib/python3.7/site-packages/airflow/example_dags/example_branch_operator.py
[2024-07-06T14:28:30.821+0000] {processor.py:836} INFO - DAG(s) dict_keys(['example_branch_operator']) retrieved from /home/airflow/.local/lib/python3.7/site-packages/airflow/example_dags/example_branch_operator.py
[2024-07-06T14:28:30.868+0000] {logging_mixin.py:150} INFO - [2024-07-06T14:28:30.868+0000] {dag.py:2742} INFO - Sync 1 DAGs
[2024-07-06T14:28:30.906+0000] {logging_mixin.py:150} INFO - [2024-07-06T14:28:30.906+0000] {dag.py:3508} INFO - Setting next_dagrun for example_branch_operator to 2024-07-05T00:00:00+00:00, run_after=2024-07-06T00:00:00+00:00
[2024-07-06T14:28:30.928+0000] {processor.py:179} INFO - Processing /home/airflow/.local/lib/python3.7/site-packages/airflow/example_dags/example_branch_operator.py took 0.128 seconds
[2024-07-06T14:29:01.822+0000] {processor.py:157} INFO - Started process (PID=2321) to work on /home/airflow/.local/lib/python3.7/site-packages/airflow/example_dags/example_branch_operator.py
[2024-07-06T14:29:01.824+0000] {processor.py:826} INFO - Processing file /home/airflow/.local/lib/python3.7/site-packages/airflow/example_dags/example_branch_operator.py for tasks to queue
[2024-07-06T14:29:01.825+0000] {logging_mixin.py:150} INFO - [2024-07-06T14:29:01.825+0000] {dagbag.py:541} INFO - Filling up the DagBag from /home/airflow/.local/lib/python3.7/site-packages/airflow/example_dags/example_branch_operator.py
[2024-07-06T14:29:01.835+0000] {processor.py:836} INFO - DAG(s) dict_keys(['example_branch_operator']) retrieved from /home/airflow/.local/lib/python3.7/site-packages/airflow/example_dags/example_branch_operator.py
[2024-07-06T14:29:01.864+0000] {logging_mixin.py:150} INFO - [2024-07-06T14:29:01.864+0000] {dag.py:2742} INFO - Sync 1 DAGs
[2024-07-06T14:29:01.887+0000] {logging_mixin.py:150} INFO - [2024-07-06T14:29:01.886+0000] {dag.py:3508} INFO - Setting next_dagrun for example_branch_operator to 2024-07-05T00:00:00+00:00, run_after=2024-07-06T00:00:00+00:00
[2024-07-06T14:29:01.904+0000] {processor.py:179} INFO - Processing /home/airflow/.local/lib/python3.7/site-packages/airflow/example_dags/example_branch_operator.py took 0.085 seconds
[2024-07-06T14:29:32.143+0000] {processor.py:157} INFO - Started process (PID=2387) to work on /home/airflow/.local/lib/python3.7/site-packages/airflow/example_dags/example_branch_operator.py
[2024-07-06T14:29:32.145+0000] {processor.py:826} INFO - Processing file /home/airflow/.local/lib/python3.7/site-packages/airflow/example_dags/example_branch_operator.py for tasks to queue
[2024-07-06T14:29:32.147+0000] {logging_mixin.py:150} INFO - [2024-07-06T14:29:32.147+0000] {dagbag.py:541} INFO - Filling up the DagBag from /home/airflow/.local/lib/python3.7/site-packages/airflow/example_dags/example_branch_operator.py
[2024-07-06T14:29:32.187+0000] {processor.py:836} INFO - DAG(s) dict_keys(['example_branch_operator']) retrieved from /home/airflow/.local/lib/python3.7/site-packages/airflow/example_dags/example_branch_operator.py
[2024-07-06T14:29:32.237+0000] {logging_mixin.py:150} INFO - [2024-07-06T14:29:32.237+0000] {dag.py:2742} INFO - Sync 1 DAGs
[2024-07-06T14:29:32.271+0000] {logging_mixin.py:150} INFO - [2024-07-06T14:29:32.270+0000] {dag.py:3508} INFO - Setting next_dagrun for example_branch_operator to 2024-07-05T00:00:00+00:00, run_after=2024-07-06T00:00:00+00:00
[2024-07-06T14:29:32.308+0000] {processor.py:179} INFO - Processing /home/airflow/.local/lib/python3.7/site-packages/airflow/example_dags/example_branch_operator.py took 0.177 seconds
[2024-07-06T14:30:03.163+0000] {processor.py:157} INFO - Started process (PID=2450) to work on /home/airflow/.local/lib/python3.7/site-packages/airflow/example_dags/example_branch_operator.py
[2024-07-06T14:30:03.167+0000] {processor.py:826} INFO - Processing file /home/airflow/.local/lib/python3.7/site-packages/airflow/example_dags/example_branch_operator.py for tasks to queue
[2024-07-06T14:30:03.168+0000] {logging_mixin.py:150} INFO - [2024-07-06T14:30:03.168+0000] {dagbag.py:541} INFO - Filling up the DagBag from /home/airflow/.local/lib/python3.7/site-packages/airflow/example_dags/example_branch_operator.py
[2024-07-06T14:30:03.176+0000] {processor.py:836} INFO - DAG(s) dict_keys(['example_branch_operator']) retrieved from /home/airflow/.local/lib/python3.7/site-packages/airflow/example_dags/example_branch_operator.py
[2024-07-06T14:30:03.199+0000] {logging_mixin.py:150} INFO - [2024-07-06T14:30:03.199+0000] {dag.py:2742} INFO - Sync 1 DAGs
[2024-07-06T14:30:03.217+0000] {logging_mixin.py:150} INFO - [2024-07-06T14:30:03.217+0000] {dag.py:3508} INFO - Setting next_dagrun for example_branch_operator to 2024-07-05T00:00:00+00:00, run_after=2024-07-06T00:00:00+00:00
[2024-07-06T14:30:03.231+0000] {processor.py:179} INFO - Processing /home/airflow/.local/lib/python3.7/site-packages/airflow/example_dags/example_branch_operator.py took 0.071 seconds
[2024-07-06T14:30:34.686+0000] {processor.py:157} INFO - Started process (PID=2514) to work on /home/airflow/.local/lib/python3.7/site-packages/airflow/example_dags/example_branch_operator.py
[2024-07-06T14:30:34.688+0000] {processor.py:826} INFO - Processing file /home/airflow/.local/lib/python3.7/site-packages/airflow/example_dags/example_branch_operator.py for tasks to queue
[2024-07-06T14:30:34.689+0000] {logging_mixin.py:150} INFO - [2024-07-06T14:30:34.688+0000] {dagbag.py:541} INFO - Filling up the DagBag from /home/airflow/.local/lib/python3.7/site-packages/airflow/example_dags/example_branch_operator.py
[2024-07-06T14:30:34.697+0000] {processor.py:836} INFO - DAG(s) dict_keys(['example_branch_operator']) retrieved from /home/airflow/.local/lib/python3.7/site-packages/airflow/example_dags/example_branch_operator.py
[2024-07-06T14:30:34.735+0000] {logging_mixin.py:150} INFO - [2024-07-06T14:30:34.734+0000] {dag.py:2742} INFO - Sync 1 DAGs
[2024-07-06T14:30:34.757+0000] {logging_mixin.py:150} INFO - [2024-07-06T14:30:34.757+0000] {dag.py:3508} INFO - Setting next_dagrun for example_branch_operator to 2024-07-05T00:00:00+00:00, run_after=2024-07-06T00:00:00+00:00
[2024-07-06T14:30:34.773+0000] {processor.py:179} INFO - Processing /home/airflow/.local/lib/python3.7/site-packages/airflow/example_dags/example_branch_operator.py took 0.091 seconds
