[2024-07-06T14:10:42.853+0000] {processor.py:157} INFO - Started process (PID=53) to work on /home/airflow/.local/lib/python3.7/site-packages/airflow/example_dags/example_sensors.py
[2024-07-06T14:10:42.865+0000] {processor.py:826} INFO - Processing file /home/airflow/.local/lib/python3.7/site-packages/airflow/example_dags/example_sensors.py for tasks to queue
[2024-07-06T14:10:42.872+0000] {logging_mixin.py:150} INFO - [2024-07-06T14:10:42.871+0000] {dagbag.py:541} INFO - Filling up the DagBag from /home/airflow/.local/lib/python3.7/site-packages/airflow/example_dags/example_sensors.py
[2024-07-06T14:10:42.912+0000] {processor.py:836} INFO - DAG(s) dict_keys(['example_sensors']) retrieved from /home/airflow/.local/lib/python3.7/site-packages/airflow/example_dags/example_sensors.py
[2024-07-06T14:10:42.942+0000] {logging_mixin.py:150} INFO - [2024-07-06T14:10:42.942+0000] {dag.py:2742} INFO - Sync 1 DAGs
[2024-07-06T14:10:42.978+0000] {logging_mixin.py:150} INFO - [2024-07-06T14:10:42.978+0000] {dag.py:3508} INFO - Setting next_dagrun for example_sensors to None, run_after=None
[2024-07-06T14:10:43.007+0000] {processor.py:179} INFO - Processing /home/airflow/.local/lib/python3.7/site-packages/airflow/example_dags/example_sensors.py took 0.160 seconds
[2024-07-06T14:11:13.404+0000] {processor.py:157} INFO - Started process (PID=115) to work on /home/airflow/.local/lib/python3.7/site-packages/airflow/example_dags/example_sensors.py
[2024-07-06T14:11:13.406+0000] {processor.py:826} INFO - Processing file /home/airflow/.local/lib/python3.7/site-packages/airflow/example_dags/example_sensors.py for tasks to queue
[2024-07-06T14:11:13.407+0000] {logging_mixin.py:150} INFO - [2024-07-06T14:11:13.407+0000] {dagbag.py:541} INFO - Filling up the DagBag from /home/airflow/.local/lib/python3.7/site-packages/airflow/example_dags/example_sensors.py
[2024-07-06T14:11:13.416+0000] {processor.py:836} INFO - DAG(s) dict_keys(['example_sensors']) retrieved from /home/airflow/.local/lib/python3.7/site-packages/airflow/example_dags/example_sensors.py
[2024-07-06T14:11:13.440+0000] {logging_mixin.py:150} INFO - [2024-07-06T14:11:13.440+0000] {dag.py:2742} INFO - Sync 1 DAGs
[2024-07-06T14:11:13.457+0000] {logging_mixin.py:150} INFO - [2024-07-06T14:11:13.457+0000] {dag.py:3508} INFO - Setting next_dagrun for example_sensors to None, run_after=None
[2024-07-06T14:11:13.471+0000] {processor.py:179} INFO - Processing /home/airflow/.local/lib/python3.7/site-packages/airflow/example_dags/example_sensors.py took 0.070 seconds
[2024-07-06T14:11:44.385+0000] {processor.py:157} INFO - Started process (PID=178) to work on /home/airflow/.local/lib/python3.7/site-packages/airflow/example_dags/example_sensors.py
[2024-07-06T14:11:44.386+0000] {processor.py:826} INFO - Processing file /home/airflow/.local/lib/python3.7/site-packages/airflow/example_dags/example_sensors.py for tasks to queue
[2024-07-06T14:11:44.388+0000] {logging_mixin.py:150} INFO - [2024-07-06T14:11:44.387+0000] {dagbag.py:541} INFO - Filling up the DagBag from /home/airflow/.local/lib/python3.7/site-packages/airflow/example_dags/example_sensors.py
[2024-07-06T14:11:44.397+0000] {processor.py:836} INFO - DAG(s) dict_keys(['example_sensors']) retrieved from /home/airflow/.local/lib/python3.7/site-packages/airflow/example_dags/example_sensors.py
[2024-07-06T14:11:44.421+0000] {logging_mixin.py:150} INFO - [2024-07-06T14:11:44.421+0000] {dag.py:2742} INFO - Sync 1 DAGs
[2024-07-06T14:11:44.441+0000] {logging_mixin.py:150} INFO - [2024-07-06T14:11:44.441+0000] {dag.py:3508} INFO - Setting next_dagrun for example_sensors to None, run_after=None
[2024-07-06T14:11:44.455+0000] {processor.py:179} INFO - Processing /home/airflow/.local/lib/python3.7/site-packages/airflow/example_dags/example_sensors.py took 0.073 seconds
[2024-07-06T14:12:14.931+0000] {processor.py:157} INFO - Started process (PID=241) to work on /home/airflow/.local/lib/python3.7/site-packages/airflow/example_dags/example_sensors.py
[2024-07-06T14:12:14.933+0000] {processor.py:826} INFO - Processing file /home/airflow/.local/lib/python3.7/site-packages/airflow/example_dags/example_sensors.py for tasks to queue
[2024-07-06T14:12:14.935+0000] {logging_mixin.py:150} INFO - [2024-07-06T14:12:14.935+0000] {dagbag.py:541} INFO - Filling up the DagBag from /home/airflow/.local/lib/python3.7/site-packages/airflow/example_dags/example_sensors.py
[2024-07-06T14:12:14.943+0000] {processor.py:836} INFO - DAG(s) dict_keys(['example_sensors']) retrieved from /home/airflow/.local/lib/python3.7/site-packages/airflow/example_dags/example_sensors.py
[2024-07-06T14:12:14.967+0000] {logging_mixin.py:150} INFO - [2024-07-06T14:12:14.967+0000] {dag.py:2742} INFO - Sync 1 DAGs
[2024-07-06T14:12:14.986+0000] {logging_mixin.py:150} INFO - [2024-07-06T14:12:14.986+0000] {dag.py:3508} INFO - Setting next_dagrun for example_sensors to None, run_after=None
[2024-07-06T14:12:14.999+0000] {processor.py:179} INFO - Processing /home/airflow/.local/lib/python3.7/site-packages/airflow/example_dags/example_sensors.py took 0.071 seconds
[2024-07-06T14:12:45.162+0000] {processor.py:157} INFO - Started process (PID=304) to work on /home/airflow/.local/lib/python3.7/site-packages/airflow/example_dags/example_sensors.py
[2024-07-06T14:12:45.164+0000] {processor.py:826} INFO - Processing file /home/airflow/.local/lib/python3.7/site-packages/airflow/example_dags/example_sensors.py for tasks to queue
[2024-07-06T14:12:45.165+0000] {logging_mixin.py:150} INFO - [2024-07-06T14:12:45.165+0000] {dagbag.py:541} INFO - Filling up the DagBag from /home/airflow/.local/lib/python3.7/site-packages/airflow/example_dags/example_sensors.py
[2024-07-06T14:12:45.174+0000] {processor.py:836} INFO - DAG(s) dict_keys(['example_sensors']) retrieved from /home/airflow/.local/lib/python3.7/site-packages/airflow/example_dags/example_sensors.py
[2024-07-06T14:12:45.204+0000] {logging_mixin.py:150} INFO - [2024-07-06T14:12:45.204+0000] {dag.py:2742} INFO - Sync 1 DAGs
[2024-07-06T14:12:45.222+0000] {logging_mixin.py:150} INFO - [2024-07-06T14:12:45.221+0000] {dag.py:3508} INFO - Setting next_dagrun for example_sensors to None, run_after=None
[2024-07-06T14:12:45.234+0000] {processor.py:179} INFO - Processing /home/airflow/.local/lib/python3.7/site-packages/airflow/example_dags/example_sensors.py took 0.075 seconds
[2024-07-06T14:13:16.483+0000] {processor.py:157} INFO - Started process (PID=367) to work on /home/airflow/.local/lib/python3.7/site-packages/airflow/example_dags/example_sensors.py
[2024-07-06T14:13:16.485+0000] {processor.py:826} INFO - Processing file /home/airflow/.local/lib/python3.7/site-packages/airflow/example_dags/example_sensors.py for tasks to queue
[2024-07-06T14:13:16.486+0000] {logging_mixin.py:150} INFO - [2024-07-06T14:13:16.486+0000] {dagbag.py:541} INFO - Filling up the DagBag from /home/airflow/.local/lib/python3.7/site-packages/airflow/example_dags/example_sensors.py
[2024-07-06T14:13:16.494+0000] {processor.py:836} INFO - DAG(s) dict_keys(['example_sensors']) retrieved from /home/airflow/.local/lib/python3.7/site-packages/airflow/example_dags/example_sensors.py
[2024-07-06T14:13:16.518+0000] {logging_mixin.py:150} INFO - [2024-07-06T14:13:16.517+0000] {dag.py:2742} INFO - Sync 1 DAGs
[2024-07-06T14:13:16.534+0000] {logging_mixin.py:150} INFO - [2024-07-06T14:13:16.534+0000] {dag.py:3508} INFO - Setting next_dagrun for example_sensors to None, run_after=None
[2024-07-06T14:13:16.547+0000] {processor.py:179} INFO - Processing /home/airflow/.local/lib/python3.7/site-packages/airflow/example_dags/example_sensors.py took 0.067 seconds
[2024-07-06T14:13:46.793+0000] {processor.py:157} INFO - Started process (PID=431) to work on /home/airflow/.local/lib/python3.7/site-packages/airflow/example_dags/example_sensors.py
[2024-07-06T14:13:46.795+0000] {processor.py:826} INFO - Processing file /home/airflow/.local/lib/python3.7/site-packages/airflow/example_dags/example_sensors.py for tasks to queue
[2024-07-06T14:13:46.796+0000] {logging_mixin.py:150} INFO - [2024-07-06T14:13:46.796+0000] {dagbag.py:541} INFO - Filling up the DagBag from /home/airflow/.local/lib/python3.7/site-packages/airflow/example_dags/example_sensors.py
[2024-07-06T14:13:46.805+0000] {processor.py:836} INFO - DAG(s) dict_keys(['example_sensors']) retrieved from /home/airflow/.local/lib/python3.7/site-packages/airflow/example_dags/example_sensors.py
[2024-07-06T14:13:46.828+0000] {logging_mixin.py:150} INFO - [2024-07-06T14:13:46.828+0000] {dag.py:2742} INFO - Sync 1 DAGs
[2024-07-06T14:13:46.849+0000] {logging_mixin.py:150} INFO - [2024-07-06T14:13:46.849+0000] {dag.py:3508} INFO - Setting next_dagrun for example_sensors to None, run_after=None
[2024-07-06T14:13:46.866+0000] {processor.py:179} INFO - Processing /home/airflow/.local/lib/python3.7/site-packages/airflow/example_dags/example_sensors.py took 0.075 seconds
[2024-07-06T14:14:16.995+0000] {processor.py:157} INFO - Started process (PID=489) to work on /home/airflow/.local/lib/python3.7/site-packages/airflow/example_dags/example_sensors.py
[2024-07-06T14:14:16.996+0000] {processor.py:826} INFO - Processing file /home/airflow/.local/lib/python3.7/site-packages/airflow/example_dags/example_sensors.py for tasks to queue
[2024-07-06T14:14:16.998+0000] {logging_mixin.py:150} INFO - [2024-07-06T14:14:16.998+0000] {dagbag.py:541} INFO - Filling up the DagBag from /home/airflow/.local/lib/python3.7/site-packages/airflow/example_dags/example_sensors.py
[2024-07-06T14:14:17.005+0000] {processor.py:836} INFO - DAG(s) dict_keys(['example_sensors']) retrieved from /home/airflow/.local/lib/python3.7/site-packages/airflow/example_dags/example_sensors.py
[2024-07-06T14:14:17.028+0000] {logging_mixin.py:150} INFO - [2024-07-06T14:14:17.028+0000] {dag.py:2742} INFO - Sync 1 DAGs
[2024-07-06T14:14:17.046+0000] {logging_mixin.py:150} INFO - [2024-07-06T14:14:17.046+0000] {dag.py:3508} INFO - Setting next_dagrun for example_sensors to None, run_after=None
[2024-07-06T14:14:17.059+0000] {processor.py:179} INFO - Processing /home/airflow/.local/lib/python3.7/site-packages/airflow/example_dags/example_sensors.py took 0.067 seconds
[2024-07-06T14:14:47.418+0000] {processor.py:157} INFO - Started process (PID=552) to work on /home/airflow/.local/lib/python3.7/site-packages/airflow/example_dags/example_sensors.py
[2024-07-06T14:14:47.420+0000] {processor.py:826} INFO - Processing file /home/airflow/.local/lib/python3.7/site-packages/airflow/example_dags/example_sensors.py for tasks to queue
[2024-07-06T14:14:47.422+0000] {logging_mixin.py:150} INFO - [2024-07-06T14:14:47.422+0000] {dagbag.py:541} INFO - Filling up the DagBag from /home/airflow/.local/lib/python3.7/site-packages/airflow/example_dags/example_sensors.py
[2024-07-06T14:14:47.431+0000] {processor.py:836} INFO - DAG(s) dict_keys(['example_sensors']) retrieved from /home/airflow/.local/lib/python3.7/site-packages/airflow/example_dags/example_sensors.py
[2024-07-06T14:14:47.456+0000] {logging_mixin.py:150} INFO - [2024-07-06T14:14:47.455+0000] {dag.py:2742} INFO - Sync 1 DAGs
[2024-07-06T14:14:47.473+0000] {logging_mixin.py:150} INFO - [2024-07-06T14:14:47.473+0000] {dag.py:3508} INFO - Setting next_dagrun for example_sensors to None, run_after=None
[2024-07-06T14:14:47.485+0000] {processor.py:179} INFO - Processing /home/airflow/.local/lib/python3.7/site-packages/airflow/example_dags/example_sensors.py took 0.069 seconds
[2024-07-06T14:15:18.459+0000] {processor.py:157} INFO - Started process (PID=616) to work on /home/airflow/.local/lib/python3.7/site-packages/airflow/example_dags/example_sensors.py
[2024-07-06T14:15:18.461+0000] {processor.py:826} INFO - Processing file /home/airflow/.local/lib/python3.7/site-packages/airflow/example_dags/example_sensors.py for tasks to queue
[2024-07-06T14:15:18.462+0000] {logging_mixin.py:150} INFO - [2024-07-06T14:15:18.462+0000] {dagbag.py:541} INFO - Filling up the DagBag from /home/airflow/.local/lib/python3.7/site-packages/airflow/example_dags/example_sensors.py
[2024-07-06T14:15:18.471+0000] {processor.py:836} INFO - DAG(s) dict_keys(['example_sensors']) retrieved from /home/airflow/.local/lib/python3.7/site-packages/airflow/example_dags/example_sensors.py
[2024-07-06T14:15:18.496+0000] {logging_mixin.py:150} INFO - [2024-07-06T14:15:18.496+0000] {dag.py:2742} INFO - Sync 1 DAGs
[2024-07-06T14:15:18.517+0000] {logging_mixin.py:150} INFO - [2024-07-06T14:15:18.517+0000] {dag.py:3508} INFO - Setting next_dagrun for example_sensors to None, run_after=None
[2024-07-06T14:15:18.530+0000] {processor.py:179} INFO - Processing /home/airflow/.local/lib/python3.7/site-packages/airflow/example_dags/example_sensors.py took 0.074 seconds
[2024-07-06T14:15:49.288+0000] {processor.py:157} INFO - Started process (PID=678) to work on /home/airflow/.local/lib/python3.7/site-packages/airflow/example_dags/example_sensors.py
[2024-07-06T14:15:49.290+0000] {processor.py:826} INFO - Processing file /home/airflow/.local/lib/python3.7/site-packages/airflow/example_dags/example_sensors.py for tasks to queue
[2024-07-06T14:15:49.292+0000] {logging_mixin.py:150} INFO - [2024-07-06T14:15:49.291+0000] {dagbag.py:541} INFO - Filling up the DagBag from /home/airflow/.local/lib/python3.7/site-packages/airflow/example_dags/example_sensors.py
[2024-07-06T14:15:49.300+0000] {processor.py:836} INFO - DAG(s) dict_keys(['example_sensors']) retrieved from /home/airflow/.local/lib/python3.7/site-packages/airflow/example_dags/example_sensors.py
[2024-07-06T14:15:49.332+0000] {logging_mixin.py:150} INFO - [2024-07-06T14:15:49.332+0000] {dag.py:2742} INFO - Sync 1 DAGs
[2024-07-06T14:15:49.354+0000] {logging_mixin.py:150} INFO - [2024-07-06T14:15:49.354+0000] {dag.py:3508} INFO - Setting next_dagrun for example_sensors to None, run_after=None
[2024-07-06T14:15:49.368+0000] {processor.py:179} INFO - Processing /home/airflow/.local/lib/python3.7/site-packages/airflow/example_dags/example_sensors.py took 0.082 seconds
[2024-07-06T14:16:19.784+0000] {processor.py:157} INFO - Started process (PID=741) to work on /home/airflow/.local/lib/python3.7/site-packages/airflow/example_dags/example_sensors.py
[2024-07-06T14:16:19.788+0000] {processor.py:826} INFO - Processing file /home/airflow/.local/lib/python3.7/site-packages/airflow/example_dags/example_sensors.py for tasks to queue
[2024-07-06T14:16:19.791+0000] {logging_mixin.py:150} INFO - [2024-07-06T14:16:19.791+0000] {dagbag.py:541} INFO - Filling up the DagBag from /home/airflow/.local/lib/python3.7/site-packages/airflow/example_dags/example_sensors.py
[2024-07-06T14:16:19.807+0000] {processor.py:836} INFO - DAG(s) dict_keys(['example_sensors']) retrieved from /home/airflow/.local/lib/python3.7/site-packages/airflow/example_dags/example_sensors.py
[2024-07-06T14:16:19.843+0000] {logging_mixin.py:150} INFO - [2024-07-06T14:16:19.843+0000] {dag.py:2742} INFO - Sync 1 DAGs
[2024-07-06T14:16:19.866+0000] {logging_mixin.py:150} INFO - [2024-07-06T14:16:19.866+0000] {dag.py:3508} INFO - Setting next_dagrun for example_sensors to None, run_after=None
[2024-07-06T14:16:19.883+0000] {processor.py:179} INFO - Processing /home/airflow/.local/lib/python3.7/site-packages/airflow/example_dags/example_sensors.py took 0.104 seconds
[2024-07-06T14:16:50.282+0000] {processor.py:157} INFO - Started process (PID=804) to work on /home/airflow/.local/lib/python3.7/site-packages/airflow/example_dags/example_sensors.py
[2024-07-06T14:16:50.284+0000] {processor.py:826} INFO - Processing file /home/airflow/.local/lib/python3.7/site-packages/airflow/example_dags/example_sensors.py for tasks to queue
[2024-07-06T14:16:50.285+0000] {logging_mixin.py:150} INFO - [2024-07-06T14:16:50.284+0000] {dagbag.py:541} INFO - Filling up the DagBag from /home/airflow/.local/lib/python3.7/site-packages/airflow/example_dags/example_sensors.py
[2024-07-06T14:16:50.293+0000] {processor.py:836} INFO - DAG(s) dict_keys(['example_sensors']) retrieved from /home/airflow/.local/lib/python3.7/site-packages/airflow/example_dags/example_sensors.py
[2024-07-06T14:16:50.317+0000] {logging_mixin.py:150} INFO - [2024-07-06T14:16:50.317+0000] {dag.py:2742} INFO - Sync 1 DAGs
[2024-07-06T14:16:50.333+0000] {logging_mixin.py:150} INFO - [2024-07-06T14:16:50.332+0000] {dag.py:3508} INFO - Setting next_dagrun for example_sensors to None, run_after=None
[2024-07-06T14:16:50.350+0000] {processor.py:179} INFO - Processing /home/airflow/.local/lib/python3.7/site-packages/airflow/example_dags/example_sensors.py took 0.071 seconds
[2024-07-06T14:17:20.709+0000] {processor.py:157} INFO - Started process (PID=867) to work on /home/airflow/.local/lib/python3.7/site-packages/airflow/example_dags/example_sensors.py
[2024-07-06T14:17:20.710+0000] {processor.py:826} INFO - Processing file /home/airflow/.local/lib/python3.7/site-packages/airflow/example_dags/example_sensors.py for tasks to queue
[2024-07-06T14:17:20.712+0000] {logging_mixin.py:150} INFO - [2024-07-06T14:17:20.711+0000] {dagbag.py:541} INFO - Filling up the DagBag from /home/airflow/.local/lib/python3.7/site-packages/airflow/example_dags/example_sensors.py
[2024-07-06T14:17:20.719+0000] {processor.py:836} INFO - DAG(s) dict_keys(['example_sensors']) retrieved from /home/airflow/.local/lib/python3.7/site-packages/airflow/example_dags/example_sensors.py
[2024-07-06T14:17:20.743+0000] {logging_mixin.py:150} INFO - [2024-07-06T14:17:20.743+0000] {dag.py:2742} INFO - Sync 1 DAGs
[2024-07-06T14:17:20.760+0000] {logging_mixin.py:150} INFO - [2024-07-06T14:17:20.760+0000] {dag.py:3508} INFO - Setting next_dagrun for example_sensors to None, run_after=None
[2024-07-06T14:17:20.774+0000] {processor.py:179} INFO - Processing /home/airflow/.local/lib/python3.7/site-packages/airflow/example_dags/example_sensors.py took 0.068 seconds
[2024-07-06T14:17:50.938+0000] {processor.py:157} INFO - Started process (PID=929) to work on /home/airflow/.local/lib/python3.7/site-packages/airflow/example_dags/example_sensors.py
[2024-07-06T14:17:50.940+0000] {processor.py:826} INFO - Processing file /home/airflow/.local/lib/python3.7/site-packages/airflow/example_dags/example_sensors.py for tasks to queue
[2024-07-06T14:17:50.941+0000] {logging_mixin.py:150} INFO - [2024-07-06T14:17:50.941+0000] {dagbag.py:541} INFO - Filling up the DagBag from /home/airflow/.local/lib/python3.7/site-packages/airflow/example_dags/example_sensors.py
[2024-07-06T14:17:50.949+0000] {processor.py:836} INFO - DAG(s) dict_keys(['example_sensors']) retrieved from /home/airflow/.local/lib/python3.7/site-packages/airflow/example_dags/example_sensors.py
[2024-07-06T14:17:50.978+0000] {logging_mixin.py:150} INFO - [2024-07-06T14:17:50.978+0000] {dag.py:2742} INFO - Sync 1 DAGs
[2024-07-06T14:17:50.994+0000] {logging_mixin.py:150} INFO - [2024-07-06T14:17:50.994+0000] {dag.py:3508} INFO - Setting next_dagrun for example_sensors to None, run_after=None
[2024-07-06T14:17:51.007+0000] {processor.py:179} INFO - Processing /home/airflow/.local/lib/python3.7/site-packages/airflow/example_dags/example_sensors.py took 0.074 seconds
[2024-07-06T14:18:21.270+0000] {processor.py:157} INFO - Started process (PID=992) to work on /home/airflow/.local/lib/python3.7/site-packages/airflow/example_dags/example_sensors.py
[2024-07-06T14:18:21.272+0000] {processor.py:826} INFO - Processing file /home/airflow/.local/lib/python3.7/site-packages/airflow/example_dags/example_sensors.py for tasks to queue
[2024-07-06T14:18:21.273+0000] {logging_mixin.py:150} INFO - [2024-07-06T14:18:21.273+0000] {dagbag.py:541} INFO - Filling up the DagBag from /home/airflow/.local/lib/python3.7/site-packages/airflow/example_dags/example_sensors.py
[2024-07-06T14:18:21.281+0000] {processor.py:836} INFO - DAG(s) dict_keys(['example_sensors']) retrieved from /home/airflow/.local/lib/python3.7/site-packages/airflow/example_dags/example_sensors.py
[2024-07-06T14:18:21.310+0000] {logging_mixin.py:150} INFO - [2024-07-06T14:18:21.310+0000] {dag.py:2742} INFO - Sync 1 DAGs
[2024-07-06T14:18:21.327+0000] {logging_mixin.py:150} INFO - [2024-07-06T14:18:21.327+0000] {dag.py:3508} INFO - Setting next_dagrun for example_sensors to None, run_after=None
[2024-07-06T14:18:21.340+0000] {processor.py:179} INFO - Processing /home/airflow/.local/lib/python3.7/site-packages/airflow/example_dags/example_sensors.py took 0.073 seconds
[2024-07-06T14:18:51.648+0000] {processor.py:157} INFO - Started process (PID=1055) to work on /home/airflow/.local/lib/python3.7/site-packages/airflow/example_dags/example_sensors.py
[2024-07-06T14:18:51.651+0000] {processor.py:826} INFO - Processing file /home/airflow/.local/lib/python3.7/site-packages/airflow/example_dags/example_sensors.py for tasks to queue
[2024-07-06T14:18:51.652+0000] {logging_mixin.py:150} INFO - [2024-07-06T14:18:51.652+0000] {dagbag.py:541} INFO - Filling up the DagBag from /home/airflow/.local/lib/python3.7/site-packages/airflow/example_dags/example_sensors.py
[2024-07-06T14:18:51.660+0000] {processor.py:836} INFO - DAG(s) dict_keys(['example_sensors']) retrieved from /home/airflow/.local/lib/python3.7/site-packages/airflow/example_dags/example_sensors.py
[2024-07-06T14:18:51.684+0000] {logging_mixin.py:150} INFO - [2024-07-06T14:18:51.684+0000] {dag.py:2742} INFO - Sync 1 DAGs
[2024-07-06T14:18:51.701+0000] {logging_mixin.py:150} INFO - [2024-07-06T14:18:51.701+0000] {dag.py:3508} INFO - Setting next_dagrun for example_sensors to None, run_after=None
[2024-07-06T14:18:51.713+0000] {processor.py:179} INFO - Processing /home/airflow/.local/lib/python3.7/site-packages/airflow/example_dags/example_sensors.py took 0.067 seconds
[2024-07-06T14:19:21.959+0000] {processor.py:157} INFO - Started process (PID=1118) to work on /home/airflow/.local/lib/python3.7/site-packages/airflow/example_dags/example_sensors.py
[2024-07-06T14:19:21.961+0000] {processor.py:826} INFO - Processing file /home/airflow/.local/lib/python3.7/site-packages/airflow/example_dags/example_sensors.py for tasks to queue
[2024-07-06T14:19:21.962+0000] {logging_mixin.py:150} INFO - [2024-07-06T14:19:21.961+0000] {dagbag.py:541} INFO - Filling up the DagBag from /home/airflow/.local/lib/python3.7/site-packages/airflow/example_dags/example_sensors.py
[2024-07-06T14:19:21.969+0000] {processor.py:836} INFO - DAG(s) dict_keys(['example_sensors']) retrieved from /home/airflow/.local/lib/python3.7/site-packages/airflow/example_dags/example_sensors.py
[2024-07-06T14:19:21.990+0000] {logging_mixin.py:150} INFO - [2024-07-06T14:19:21.990+0000] {dag.py:2742} INFO - Sync 1 DAGs
[2024-07-06T14:19:22.007+0000] {logging_mixin.py:150} INFO - [2024-07-06T14:19:22.007+0000] {dag.py:3508} INFO - Setting next_dagrun for example_sensors to None, run_after=None
[2024-07-06T14:19:22.019+0000] {processor.py:179} INFO - Processing /home/airflow/.local/lib/python3.7/site-packages/airflow/example_dags/example_sensors.py took 0.063 seconds
[2024-07-06T14:19:52.110+0000] {processor.py:157} INFO - Started process (PID=1181) to work on /home/airflow/.local/lib/python3.7/site-packages/airflow/example_dags/example_sensors.py
[2024-07-06T14:19:52.112+0000] {processor.py:826} INFO - Processing file /home/airflow/.local/lib/python3.7/site-packages/airflow/example_dags/example_sensors.py for tasks to queue
[2024-07-06T14:19:52.113+0000] {logging_mixin.py:150} INFO - [2024-07-06T14:19:52.113+0000] {dagbag.py:541} INFO - Filling up the DagBag from /home/airflow/.local/lib/python3.7/site-packages/airflow/example_dags/example_sensors.py
[2024-07-06T14:19:52.121+0000] {processor.py:836} INFO - DAG(s) dict_keys(['example_sensors']) retrieved from /home/airflow/.local/lib/python3.7/site-packages/airflow/example_dags/example_sensors.py
[2024-07-06T14:19:52.145+0000] {logging_mixin.py:150} INFO - [2024-07-06T14:19:52.145+0000] {dag.py:2742} INFO - Sync 1 DAGs
[2024-07-06T14:19:52.163+0000] {logging_mixin.py:150} INFO - [2024-07-06T14:19:52.162+0000] {dag.py:3508} INFO - Setting next_dagrun for example_sensors to None, run_after=None
[2024-07-06T14:19:52.176+0000] {processor.py:179} INFO - Processing /home/airflow/.local/lib/python3.7/site-packages/airflow/example_dags/example_sensors.py took 0.069 seconds
[2024-07-06T14:20:22.653+0000] {processor.py:157} INFO - Started process (PID=1243) to work on /home/airflow/.local/lib/python3.7/site-packages/airflow/example_dags/example_sensors.py
[2024-07-06T14:20:22.655+0000] {processor.py:826} INFO - Processing file /home/airflow/.local/lib/python3.7/site-packages/airflow/example_dags/example_sensors.py for tasks to queue
[2024-07-06T14:20:22.656+0000] {logging_mixin.py:150} INFO - [2024-07-06T14:20:22.656+0000] {dagbag.py:541} INFO - Filling up the DagBag from /home/airflow/.local/lib/python3.7/site-packages/airflow/example_dags/example_sensors.py
[2024-07-06T14:20:22.664+0000] {processor.py:836} INFO - DAG(s) dict_keys(['example_sensors']) retrieved from /home/airflow/.local/lib/python3.7/site-packages/airflow/example_dags/example_sensors.py
[2024-07-06T14:20:22.687+0000] {logging_mixin.py:150} INFO - [2024-07-06T14:20:22.687+0000] {dag.py:2742} INFO - Sync 1 DAGs
[2024-07-06T14:20:22.707+0000] {logging_mixin.py:150} INFO - [2024-07-06T14:20:22.706+0000] {dag.py:3508} INFO - Setting next_dagrun for example_sensors to None, run_after=None
[2024-07-06T14:20:22.719+0000] {processor.py:179} INFO - Processing /home/airflow/.local/lib/python3.7/site-packages/airflow/example_dags/example_sensors.py took 0.069 seconds
[2024-07-06T14:20:53.203+0000] {processor.py:157} INFO - Started process (PID=1306) to work on /home/airflow/.local/lib/python3.7/site-packages/airflow/example_dags/example_sensors.py
[2024-07-06T14:20:53.205+0000] {processor.py:826} INFO - Processing file /home/airflow/.local/lib/python3.7/site-packages/airflow/example_dags/example_sensors.py for tasks to queue
[2024-07-06T14:20:53.207+0000] {logging_mixin.py:150} INFO - [2024-07-06T14:20:53.206+0000] {dagbag.py:541} INFO - Filling up the DagBag from /home/airflow/.local/lib/python3.7/site-packages/airflow/example_dags/example_sensors.py
[2024-07-06T14:20:53.215+0000] {processor.py:836} INFO - DAG(s) dict_keys(['example_sensors']) retrieved from /home/airflow/.local/lib/python3.7/site-packages/airflow/example_dags/example_sensors.py
[2024-07-06T14:20:53.238+0000] {logging_mixin.py:150} INFO - [2024-07-06T14:20:53.238+0000] {dag.py:2742} INFO - Sync 1 DAGs
[2024-07-06T14:20:53.255+0000] {logging_mixin.py:150} INFO - [2024-07-06T14:20:53.255+0000] {dag.py:3508} INFO - Setting next_dagrun for example_sensors to None, run_after=None
[2024-07-06T14:20:53.268+0000] {processor.py:179} INFO - Processing /home/airflow/.local/lib/python3.7/site-packages/airflow/example_dags/example_sensors.py took 0.068 seconds
[2024-07-06T14:21:23.787+0000] {processor.py:157} INFO - Started process (PID=1369) to work on /home/airflow/.local/lib/python3.7/site-packages/airflow/example_dags/example_sensors.py
[2024-07-06T14:21:23.789+0000] {processor.py:826} INFO - Processing file /home/airflow/.local/lib/python3.7/site-packages/airflow/example_dags/example_sensors.py for tasks to queue
[2024-07-06T14:21:23.790+0000] {logging_mixin.py:150} INFO - [2024-07-06T14:21:23.790+0000] {dagbag.py:541} INFO - Filling up the DagBag from /home/airflow/.local/lib/python3.7/site-packages/airflow/example_dags/example_sensors.py
[2024-07-06T14:21:23.803+0000] {processor.py:836} INFO - DAG(s) dict_keys(['example_sensors']) retrieved from /home/airflow/.local/lib/python3.7/site-packages/airflow/example_dags/example_sensors.py
[2024-07-06T14:21:23.827+0000] {logging_mixin.py:150} INFO - [2024-07-06T14:21:23.826+0000] {dag.py:2742} INFO - Sync 1 DAGs
[2024-07-06T14:21:23.844+0000] {logging_mixin.py:150} INFO - [2024-07-06T14:21:23.844+0000] {dag.py:3508} INFO - Setting next_dagrun for example_sensors to None, run_after=None
[2024-07-06T14:21:23.857+0000] {processor.py:179} INFO - Processing /home/airflow/.local/lib/python3.7/site-packages/airflow/example_dags/example_sensors.py took 0.074 seconds
[2024-07-06T14:21:54.283+0000] {processor.py:157} INFO - Started process (PID=1432) to work on /home/airflow/.local/lib/python3.7/site-packages/airflow/example_dags/example_sensors.py
[2024-07-06T14:21:54.285+0000] {processor.py:826} INFO - Processing file /home/airflow/.local/lib/python3.7/site-packages/airflow/example_dags/example_sensors.py for tasks to queue
[2024-07-06T14:21:54.287+0000] {logging_mixin.py:150} INFO - [2024-07-06T14:21:54.286+0000] {dagbag.py:541} INFO - Filling up the DagBag from /home/airflow/.local/lib/python3.7/site-packages/airflow/example_dags/example_sensors.py
[2024-07-06T14:21:54.296+0000] {processor.py:836} INFO - DAG(s) dict_keys(['example_sensors']) retrieved from /home/airflow/.local/lib/python3.7/site-packages/airflow/example_dags/example_sensors.py
[2024-07-06T14:21:54.335+0000] {logging_mixin.py:150} INFO - [2024-07-06T14:21:54.335+0000] {dag.py:2742} INFO - Sync 1 DAGs
[2024-07-06T14:21:54.362+0000] {logging_mixin.py:150} INFO - [2024-07-06T14:21:54.361+0000] {dag.py:3508} INFO - Setting next_dagrun for example_sensors to None, run_after=None
[2024-07-06T14:21:54.377+0000] {processor.py:179} INFO - Processing /home/airflow/.local/lib/python3.7/site-packages/airflow/example_dags/example_sensors.py took 0.098 seconds
[2024-07-06T14:22:24.543+0000] {processor.py:157} INFO - Started process (PID=1495) to work on /home/airflow/.local/lib/python3.7/site-packages/airflow/example_dags/example_sensors.py
[2024-07-06T14:22:24.544+0000] {processor.py:826} INFO - Processing file /home/airflow/.local/lib/python3.7/site-packages/airflow/example_dags/example_sensors.py for tasks to queue
[2024-07-06T14:22:24.546+0000] {logging_mixin.py:150} INFO - [2024-07-06T14:22:24.545+0000] {dagbag.py:541} INFO - Filling up the DagBag from /home/airflow/.local/lib/python3.7/site-packages/airflow/example_dags/example_sensors.py
[2024-07-06T14:22:24.555+0000] {processor.py:836} INFO - DAG(s) dict_keys(['example_sensors']) retrieved from /home/airflow/.local/lib/python3.7/site-packages/airflow/example_dags/example_sensors.py
[2024-07-06T14:22:24.581+0000] {logging_mixin.py:150} INFO - [2024-07-06T14:22:24.581+0000] {dag.py:2742} INFO - Sync 1 DAGs
[2024-07-06T14:22:24.599+0000] {logging_mixin.py:150} INFO - [2024-07-06T14:22:24.599+0000] {dag.py:3508} INFO - Setting next_dagrun for example_sensors to None, run_after=None
[2024-07-06T14:22:24.613+0000] {processor.py:179} INFO - Processing /home/airflow/.local/lib/python3.7/site-packages/airflow/example_dags/example_sensors.py took 0.073 seconds
[2024-07-06T14:22:55.001+0000] {processor.py:157} INFO - Started process (PID=1558) to work on /home/airflow/.local/lib/python3.7/site-packages/airflow/example_dags/example_sensors.py
[2024-07-06T14:22:55.002+0000] {processor.py:826} INFO - Processing file /home/airflow/.local/lib/python3.7/site-packages/airflow/example_dags/example_sensors.py for tasks to queue
[2024-07-06T14:22:55.004+0000] {logging_mixin.py:150} INFO - [2024-07-06T14:22:55.004+0000] {dagbag.py:541} INFO - Filling up the DagBag from /home/airflow/.local/lib/python3.7/site-packages/airflow/example_dags/example_sensors.py
[2024-07-06T14:22:55.012+0000] {processor.py:836} INFO - DAG(s) dict_keys(['example_sensors']) retrieved from /home/airflow/.local/lib/python3.7/site-packages/airflow/example_dags/example_sensors.py
[2024-07-06T14:22:55.034+0000] {logging_mixin.py:150} INFO - [2024-07-06T14:22:55.034+0000] {dag.py:2742} INFO - Sync 1 DAGs
[2024-07-06T14:22:55.050+0000] {logging_mixin.py:150} INFO - [2024-07-06T14:22:55.049+0000] {dag.py:3508} INFO - Setting next_dagrun for example_sensors to None, run_after=None
[2024-07-06T14:22:55.061+0000] {processor.py:179} INFO - Processing /home/airflow/.local/lib/python3.7/site-packages/airflow/example_dags/example_sensors.py took 0.063 seconds
[2024-07-06T14:23:25.156+0000] {processor.py:157} INFO - Started process (PID=1621) to work on /home/airflow/.local/lib/python3.7/site-packages/airflow/example_dags/example_sensors.py
[2024-07-06T14:23:25.158+0000] {processor.py:826} INFO - Processing file /home/airflow/.local/lib/python3.7/site-packages/airflow/example_dags/example_sensors.py for tasks to queue
[2024-07-06T14:23:25.160+0000] {logging_mixin.py:150} INFO - [2024-07-06T14:23:25.159+0000] {dagbag.py:541} INFO - Filling up the DagBag from /home/airflow/.local/lib/python3.7/site-packages/airflow/example_dags/example_sensors.py
[2024-07-06T14:23:25.168+0000] {processor.py:836} INFO - DAG(s) dict_keys(['example_sensors']) retrieved from /home/airflow/.local/lib/python3.7/site-packages/airflow/example_dags/example_sensors.py
[2024-07-06T14:23:25.194+0000] {logging_mixin.py:150} INFO - [2024-07-06T14:23:25.194+0000] {dag.py:2742} INFO - Sync 1 DAGs
[2024-07-06T14:23:25.213+0000] {logging_mixin.py:150} INFO - [2024-07-06T14:23:25.213+0000] {dag.py:3508} INFO - Setting next_dagrun for example_sensors to None, run_after=None
[2024-07-06T14:23:25.228+0000] {processor.py:179} INFO - Processing /home/airflow/.local/lib/python3.7/site-packages/airflow/example_dags/example_sensors.py took 0.075 seconds
[2024-07-06T14:23:55.772+0000] {processor.py:157} INFO - Started process (PID=1684) to work on /home/airflow/.local/lib/python3.7/site-packages/airflow/example_dags/example_sensors.py
[2024-07-06T14:23:55.774+0000] {processor.py:826} INFO - Processing file /home/airflow/.local/lib/python3.7/site-packages/airflow/example_dags/example_sensors.py for tasks to queue
[2024-07-06T14:23:55.776+0000] {logging_mixin.py:150} INFO - [2024-07-06T14:23:55.775+0000] {dagbag.py:541} INFO - Filling up the DagBag from /home/airflow/.local/lib/python3.7/site-packages/airflow/example_dags/example_sensors.py
[2024-07-06T14:23:55.783+0000] {processor.py:836} INFO - DAG(s) dict_keys(['example_sensors']) retrieved from /home/airflow/.local/lib/python3.7/site-packages/airflow/example_dags/example_sensors.py
[2024-07-06T14:23:55.811+0000] {logging_mixin.py:150} INFO - [2024-07-06T14:23:55.811+0000] {dag.py:2742} INFO - Sync 1 DAGs
[2024-07-06T14:23:55.829+0000] {logging_mixin.py:150} INFO - [2024-07-06T14:23:55.829+0000] {dag.py:3508} INFO - Setting next_dagrun for example_sensors to None, run_after=None
[2024-07-06T14:23:55.843+0000] {processor.py:179} INFO - Processing /home/airflow/.local/lib/python3.7/site-packages/airflow/example_dags/example_sensors.py took 0.073 seconds
[2024-07-06T14:24:26.226+0000] {processor.py:157} INFO - Started process (PID=1747) to work on /home/airflow/.local/lib/python3.7/site-packages/airflow/example_dags/example_sensors.py
[2024-07-06T14:24:26.228+0000] {processor.py:826} INFO - Processing file /home/airflow/.local/lib/python3.7/site-packages/airflow/example_dags/example_sensors.py for tasks to queue
[2024-07-06T14:24:26.230+0000] {logging_mixin.py:150} INFO - [2024-07-06T14:24:26.230+0000] {dagbag.py:541} INFO - Filling up the DagBag from /home/airflow/.local/lib/python3.7/site-packages/airflow/example_dags/example_sensors.py
[2024-07-06T14:24:26.238+0000] {processor.py:836} INFO - DAG(s) dict_keys(['example_sensors']) retrieved from /home/airflow/.local/lib/python3.7/site-packages/airflow/example_dags/example_sensors.py
[2024-07-06T14:24:26.261+0000] {logging_mixin.py:150} INFO - [2024-07-06T14:24:26.261+0000] {dag.py:2742} INFO - Sync 1 DAGs
[2024-07-06T14:24:26.279+0000] {logging_mixin.py:150} INFO - [2024-07-06T14:24:26.279+0000] {dag.py:3508} INFO - Setting next_dagrun for example_sensors to None, run_after=None
[2024-07-06T14:24:26.293+0000] {processor.py:179} INFO - Processing /home/airflow/.local/lib/python3.7/site-packages/airflow/example_dags/example_sensors.py took 0.070 seconds
[2024-07-06T14:24:57.235+0000] {processor.py:157} INFO - Started process (PID=1810) to work on /home/airflow/.local/lib/python3.7/site-packages/airflow/example_dags/example_sensors.py
[2024-07-06T14:24:57.237+0000] {processor.py:826} INFO - Processing file /home/airflow/.local/lib/python3.7/site-packages/airflow/example_dags/example_sensors.py for tasks to queue
[2024-07-06T14:24:57.238+0000] {logging_mixin.py:150} INFO - [2024-07-06T14:24:57.238+0000] {dagbag.py:541} INFO - Filling up the DagBag from /home/airflow/.local/lib/python3.7/site-packages/airflow/example_dags/example_sensors.py
[2024-07-06T14:24:57.246+0000] {processor.py:836} INFO - DAG(s) dict_keys(['example_sensors']) retrieved from /home/airflow/.local/lib/python3.7/site-packages/airflow/example_dags/example_sensors.py
[2024-07-06T14:24:57.269+0000] {logging_mixin.py:150} INFO - [2024-07-06T14:24:57.269+0000] {dag.py:2742} INFO - Sync 1 DAGs
[2024-07-06T14:24:57.287+0000] {logging_mixin.py:150} INFO - [2024-07-06T14:24:57.286+0000] {dag.py:3508} INFO - Setting next_dagrun for example_sensors to None, run_after=None
[2024-07-06T14:24:57.298+0000] {processor.py:179} INFO - Processing /home/airflow/.local/lib/python3.7/site-packages/airflow/example_dags/example_sensors.py took 0.067 seconds
[2024-07-06T14:25:27.547+0000] {processor.py:157} INFO - Started process (PID=1874) to work on /home/airflow/.local/lib/python3.7/site-packages/airflow/example_dags/example_sensors.py
[2024-07-06T14:25:27.549+0000] {processor.py:826} INFO - Processing file /home/airflow/.local/lib/python3.7/site-packages/airflow/example_dags/example_sensors.py for tasks to queue
[2024-07-06T14:25:27.550+0000] {logging_mixin.py:150} INFO - [2024-07-06T14:25:27.550+0000] {dagbag.py:541} INFO - Filling up the DagBag from /home/airflow/.local/lib/python3.7/site-packages/airflow/example_dags/example_sensors.py
[2024-07-06T14:25:27.560+0000] {processor.py:836} INFO - DAG(s) dict_keys(['example_sensors']) retrieved from /home/airflow/.local/lib/python3.7/site-packages/airflow/example_dags/example_sensors.py
[2024-07-06T14:25:27.594+0000] {logging_mixin.py:150} INFO - [2024-07-06T14:25:27.594+0000] {dag.py:2742} INFO - Sync 1 DAGs
[2024-07-06T14:25:27.612+0000] {logging_mixin.py:150} INFO - [2024-07-06T14:25:27.612+0000] {dag.py:3508} INFO - Setting next_dagrun for example_sensors to None, run_after=None
[2024-07-06T14:25:27.626+0000] {processor.py:179} INFO - Processing /home/airflow/.local/lib/python3.7/site-packages/airflow/example_dags/example_sensors.py took 0.082 seconds
[2024-07-06T14:25:58.363+0000] {processor.py:157} INFO - Started process (PID=1936) to work on /home/airflow/.local/lib/python3.7/site-packages/airflow/example_dags/example_sensors.py
[2024-07-06T14:25:58.365+0000] {processor.py:826} INFO - Processing file /home/airflow/.local/lib/python3.7/site-packages/airflow/example_dags/example_sensors.py for tasks to queue
[2024-07-06T14:25:58.366+0000] {logging_mixin.py:150} INFO - [2024-07-06T14:25:58.365+0000] {dagbag.py:541} INFO - Filling up the DagBag from /home/airflow/.local/lib/python3.7/site-packages/airflow/example_dags/example_sensors.py
[2024-07-06T14:25:58.373+0000] {processor.py:836} INFO - DAG(s) dict_keys(['example_sensors']) retrieved from /home/airflow/.local/lib/python3.7/site-packages/airflow/example_dags/example_sensors.py
[2024-07-06T14:25:58.396+0000] {logging_mixin.py:150} INFO - [2024-07-06T14:25:58.396+0000] {dag.py:2742} INFO - Sync 1 DAGs
[2024-07-06T14:25:58.414+0000] {logging_mixin.py:150} INFO - [2024-07-06T14:25:58.414+0000] {dag.py:3508} INFO - Setting next_dagrun for example_sensors to None, run_after=None
[2024-07-06T14:25:58.431+0000] {processor.py:179} INFO - Processing /home/airflow/.local/lib/python3.7/site-packages/airflow/example_dags/example_sensors.py took 0.071 seconds
[2024-07-06T14:26:29.060+0000] {processor.py:157} INFO - Started process (PID=2000) to work on /home/airflow/.local/lib/python3.7/site-packages/airflow/example_dags/example_sensors.py
[2024-07-06T14:26:29.062+0000] {processor.py:826} INFO - Processing file /home/airflow/.local/lib/python3.7/site-packages/airflow/example_dags/example_sensors.py for tasks to queue
[2024-07-06T14:26:29.063+0000] {logging_mixin.py:150} INFO - [2024-07-06T14:26:29.063+0000] {dagbag.py:541} INFO - Filling up the DagBag from /home/airflow/.local/lib/python3.7/site-packages/airflow/example_dags/example_sensors.py
[2024-07-06T14:26:29.071+0000] {processor.py:836} INFO - DAG(s) dict_keys(['example_sensors']) retrieved from /home/airflow/.local/lib/python3.7/site-packages/airflow/example_dags/example_sensors.py
[2024-07-06T14:26:29.096+0000] {logging_mixin.py:150} INFO - [2024-07-06T14:26:29.096+0000] {dag.py:2742} INFO - Sync 1 DAGs
[2024-07-06T14:26:29.113+0000] {logging_mixin.py:150} INFO - [2024-07-06T14:26:29.113+0000] {dag.py:3508} INFO - Setting next_dagrun for example_sensors to None, run_after=None
[2024-07-06T14:26:29.131+0000] {processor.py:179} INFO - Processing /home/airflow/.local/lib/python3.7/site-packages/airflow/example_dags/example_sensors.py took 0.074 seconds
[2024-07-06T14:26:59.509+0000] {processor.py:157} INFO - Started process (PID=2063) to work on /home/airflow/.local/lib/python3.7/site-packages/airflow/example_dags/example_sensors.py
[2024-07-06T14:26:59.511+0000] {processor.py:826} INFO - Processing file /home/airflow/.local/lib/python3.7/site-packages/airflow/example_dags/example_sensors.py for tasks to queue
[2024-07-06T14:26:59.513+0000] {logging_mixin.py:150} INFO - [2024-07-06T14:26:59.513+0000] {dagbag.py:541} INFO - Filling up the DagBag from /home/airflow/.local/lib/python3.7/site-packages/airflow/example_dags/example_sensors.py
[2024-07-06T14:26:59.521+0000] {processor.py:836} INFO - DAG(s) dict_keys(['example_sensors']) retrieved from /home/airflow/.local/lib/python3.7/site-packages/airflow/example_dags/example_sensors.py
[2024-07-06T14:26:59.547+0000] {logging_mixin.py:150} INFO - [2024-07-06T14:26:59.547+0000] {dag.py:2742} INFO - Sync 1 DAGs
[2024-07-06T14:26:59.570+0000] {logging_mixin.py:150} INFO - [2024-07-06T14:26:59.570+0000] {dag.py:3508} INFO - Setting next_dagrun for example_sensors to None, run_after=None
[2024-07-06T14:26:59.583+0000] {processor.py:179} INFO - Processing /home/airflow/.local/lib/python3.7/site-packages/airflow/example_dags/example_sensors.py took 0.077 seconds
[2024-07-06T14:27:29.959+0000] {processor.py:157} INFO - Started process (PID=2125) to work on /home/airflow/.local/lib/python3.7/site-packages/airflow/example_dags/example_sensors.py
[2024-07-06T14:27:29.961+0000] {processor.py:826} INFO - Processing file /home/airflow/.local/lib/python3.7/site-packages/airflow/example_dags/example_sensors.py for tasks to queue
[2024-07-06T14:27:29.962+0000] {logging_mixin.py:150} INFO - [2024-07-06T14:27:29.962+0000] {dagbag.py:541} INFO - Filling up the DagBag from /home/airflow/.local/lib/python3.7/site-packages/airflow/example_dags/example_sensors.py
[2024-07-06T14:27:29.971+0000] {processor.py:836} INFO - DAG(s) dict_keys(['example_sensors']) retrieved from /home/airflow/.local/lib/python3.7/site-packages/airflow/example_dags/example_sensors.py
[2024-07-06T14:27:29.993+0000] {logging_mixin.py:150} INFO - [2024-07-06T14:27:29.993+0000] {dag.py:2742} INFO - Sync 1 DAGs
[2024-07-06T14:27:30.010+0000] {logging_mixin.py:150} INFO - [2024-07-06T14:27:30.010+0000] {dag.py:3508} INFO - Setting next_dagrun for example_sensors to None, run_after=None
[2024-07-06T14:27:30.024+0000] {processor.py:179} INFO - Processing /home/airflow/.local/lib/python3.7/site-packages/airflow/example_dags/example_sensors.py took 0.070 seconds
[2024-07-06T14:28:00.585+0000] {processor.py:157} INFO - Started process (PID=2193) to work on /home/airflow/.local/lib/python3.7/site-packages/airflow/example_dags/example_sensors.py
[2024-07-06T14:28:00.587+0000] {processor.py:826} INFO - Processing file /home/airflow/.local/lib/python3.7/site-packages/airflow/example_dags/example_sensors.py for tasks to queue
[2024-07-06T14:28:00.588+0000] {logging_mixin.py:150} INFO - [2024-07-06T14:28:00.588+0000] {dagbag.py:541} INFO - Filling up the DagBag from /home/airflow/.local/lib/python3.7/site-packages/airflow/example_dags/example_sensors.py
[2024-07-06T14:28:00.597+0000] {processor.py:836} INFO - DAG(s) dict_keys(['example_sensors']) retrieved from /home/airflow/.local/lib/python3.7/site-packages/airflow/example_dags/example_sensors.py
[2024-07-06T14:28:00.623+0000] {logging_mixin.py:150} INFO - [2024-07-06T14:28:00.623+0000] {dag.py:2742} INFO - Sync 1 DAGs
[2024-07-06T14:28:00.641+0000] {logging_mixin.py:150} INFO - [2024-07-06T14:28:00.641+0000] {dag.py:3508} INFO - Setting next_dagrun for example_sensors to None, run_after=None
[2024-07-06T14:28:00.654+0000] {processor.py:179} INFO - Processing /home/airflow/.local/lib/python3.7/site-packages/airflow/example_dags/example_sensors.py took 0.072 seconds
[2024-07-06T14:28:31.241+0000] {processor.py:157} INFO - Started process (PID=2261) to work on /home/airflow/.local/lib/python3.7/site-packages/airflow/example_dags/example_sensors.py
[2024-07-06T14:28:31.243+0000] {processor.py:826} INFO - Processing file /home/airflow/.local/lib/python3.7/site-packages/airflow/example_dags/example_sensors.py for tasks to queue
[2024-07-06T14:28:31.245+0000] {logging_mixin.py:150} INFO - [2024-07-06T14:28:31.244+0000] {dagbag.py:541} INFO - Filling up the DagBag from /home/airflow/.local/lib/python3.7/site-packages/airflow/example_dags/example_sensors.py
[2024-07-06T14:28:31.254+0000] {processor.py:836} INFO - DAG(s) dict_keys(['example_sensors']) retrieved from /home/airflow/.local/lib/python3.7/site-packages/airflow/example_dags/example_sensors.py
[2024-07-06T14:28:31.299+0000] {logging_mixin.py:150} INFO - [2024-07-06T14:28:31.299+0000] {dag.py:2742} INFO - Sync 1 DAGs
[2024-07-06T14:28:31.335+0000] {logging_mixin.py:150} INFO - [2024-07-06T14:28:31.335+0000] {dag.py:3508} INFO - Setting next_dagrun for example_sensors to None, run_after=None
[2024-07-06T14:28:31.351+0000] {processor.py:179} INFO - Processing /home/airflow/.local/lib/python3.7/site-packages/airflow/example_dags/example_sensors.py took 0.114 seconds
[2024-07-06T14:29:02.109+0000] {processor.py:157} INFO - Started process (PID=2324) to work on /home/airflow/.local/lib/python3.7/site-packages/airflow/example_dags/example_sensors.py
[2024-07-06T14:29:02.111+0000] {processor.py:826} INFO - Processing file /home/airflow/.local/lib/python3.7/site-packages/airflow/example_dags/example_sensors.py for tasks to queue
[2024-07-06T14:29:02.112+0000] {logging_mixin.py:150} INFO - [2024-07-06T14:29:02.112+0000] {dagbag.py:541} INFO - Filling up the DagBag from /home/airflow/.local/lib/python3.7/site-packages/airflow/example_dags/example_sensors.py
[2024-07-06T14:29:02.122+0000] {processor.py:836} INFO - DAG(s) dict_keys(['example_sensors']) retrieved from /home/airflow/.local/lib/python3.7/site-packages/airflow/example_dags/example_sensors.py
[2024-07-06T14:29:02.144+0000] {logging_mixin.py:150} INFO - [2024-07-06T14:29:02.144+0000] {dag.py:2742} INFO - Sync 1 DAGs
[2024-07-06T14:29:02.165+0000] {logging_mixin.py:150} INFO - [2024-07-06T14:29:02.165+0000] {dag.py:3508} INFO - Setting next_dagrun for example_sensors to None, run_after=None
[2024-07-06T14:29:02.179+0000] {processor.py:179} INFO - Processing /home/airflow/.local/lib/python3.7/site-packages/airflow/example_dags/example_sensors.py took 0.073 seconds
[2024-07-06T14:29:32.781+0000] {processor.py:157} INFO - Started process (PID=2391) to work on /home/airflow/.local/lib/python3.7/site-packages/airflow/example_dags/example_sensors.py
[2024-07-06T14:29:32.785+0000] {processor.py:826} INFO - Processing file /home/airflow/.local/lib/python3.7/site-packages/airflow/example_dags/example_sensors.py for tasks to queue
[2024-07-06T14:29:32.788+0000] {logging_mixin.py:150} INFO - [2024-07-06T14:29:32.787+0000] {dagbag.py:541} INFO - Filling up the DagBag from /home/airflow/.local/lib/python3.7/site-packages/airflow/example_dags/example_sensors.py
[2024-07-06T14:29:32.802+0000] {processor.py:836} INFO - DAG(s) dict_keys(['example_sensors']) retrieved from /home/airflow/.local/lib/python3.7/site-packages/airflow/example_dags/example_sensors.py
[2024-07-06T14:29:32.848+0000] {logging_mixin.py:150} INFO - [2024-07-06T14:29:32.848+0000] {dag.py:2742} INFO - Sync 1 DAGs
[2024-07-06T14:29:32.875+0000] {logging_mixin.py:150} INFO - [2024-07-06T14:29:32.875+0000] {dag.py:3508} INFO - Setting next_dagrun for example_sensors to None, run_after=None
[2024-07-06T14:29:32.911+0000] {processor.py:179} INFO - Processing /home/airflow/.local/lib/python3.7/site-packages/airflow/example_dags/example_sensors.py took 0.134 seconds
[2024-07-06T14:30:03.372+0000] {processor.py:157} INFO - Started process (PID=2454) to work on /home/airflow/.local/lib/python3.7/site-packages/airflow/example_dags/example_sensors.py
[2024-07-06T14:30:03.374+0000] {processor.py:826} INFO - Processing file /home/airflow/.local/lib/python3.7/site-packages/airflow/example_dags/example_sensors.py for tasks to queue
[2024-07-06T14:30:03.375+0000] {logging_mixin.py:150} INFO - [2024-07-06T14:30:03.375+0000] {dagbag.py:541} INFO - Filling up the DagBag from /home/airflow/.local/lib/python3.7/site-packages/airflow/example_dags/example_sensors.py
[2024-07-06T14:30:03.384+0000] {processor.py:836} INFO - DAG(s) dict_keys(['example_sensors']) retrieved from /home/airflow/.local/lib/python3.7/site-packages/airflow/example_dags/example_sensors.py
[2024-07-06T14:30:03.410+0000] {logging_mixin.py:150} INFO - [2024-07-06T14:30:03.410+0000] {dag.py:2742} INFO - Sync 1 DAGs
[2024-07-06T14:30:03.430+0000] {logging_mixin.py:150} INFO - [2024-07-06T14:30:03.430+0000] {dag.py:3508} INFO - Setting next_dagrun for example_sensors to None, run_after=None
[2024-07-06T14:30:03.446+0000] {processor.py:179} INFO - Processing /home/airflow/.local/lib/python3.7/site-packages/airflow/example_dags/example_sensors.py took 0.077 seconds
[2024-07-06T14:30:34.885+0000] {processor.py:157} INFO - Started process (PID=2517) to work on /home/airflow/.local/lib/python3.7/site-packages/airflow/example_dags/example_sensors.py
[2024-07-06T14:30:34.887+0000] {processor.py:826} INFO - Processing file /home/airflow/.local/lib/python3.7/site-packages/airflow/example_dags/example_sensors.py for tasks to queue
[2024-07-06T14:30:34.889+0000] {logging_mixin.py:150} INFO - [2024-07-06T14:30:34.888+0000] {dagbag.py:541} INFO - Filling up the DagBag from /home/airflow/.local/lib/python3.7/site-packages/airflow/example_dags/example_sensors.py
[2024-07-06T14:30:34.896+0000] {processor.py:836} INFO - DAG(s) dict_keys(['example_sensors']) retrieved from /home/airflow/.local/lib/python3.7/site-packages/airflow/example_dags/example_sensors.py
[2024-07-06T14:30:34.921+0000] {logging_mixin.py:150} INFO - [2024-07-06T14:30:34.921+0000] {dag.py:2742} INFO - Sync 1 DAGs
[2024-07-06T14:30:34.939+0000] {logging_mixin.py:150} INFO - [2024-07-06T14:30:34.938+0000] {dag.py:3508} INFO - Setting next_dagrun for example_sensors to None, run_after=None
[2024-07-06T14:30:34.952+0000] {processor.py:179} INFO - Processing /home/airflow/.local/lib/python3.7/site-packages/airflow/example_dags/example_sensors.py took 0.070 seconds
