[2024-07-06T14:10:46.111+0000] {processor.py:157} INFO - Started process (PID=75) to work on /home/airflow/.local/lib/python3.7/site-packages/airflow/example_dags/tutorial_taskflow_api_virtualenv.py
[2024-07-06T14:10:46.114+0000] {processor.py:826} INFO - Processing file /home/airflow/.local/lib/python3.7/site-packages/airflow/example_dags/tutorial_taskflow_api_virtualenv.py for tasks to queue
[2024-07-06T14:10:46.115+0000] {logging_mixin.py:150} INFO - [2024-07-06T14:10:46.115+0000] {dagbag.py:541} INFO - Filling up the DagBag from /home/airflow/.local/lib/python3.7/site-packages/airflow/example_dags/tutorial_taskflow_api_virtualenv.py
[2024-07-06T14:10:46.124+0000] {processor.py:836} INFO - DAG(s) dict_keys(['tutorial_taskflow_api_virtualenv']) retrieved from /home/airflow/.local/lib/python3.7/site-packages/airflow/example_dags/tutorial_taskflow_api_virtualenv.py
[2024-07-06T14:10:46.148+0000] {logging_mixin.py:150} INFO - [2024-07-06T14:10:46.148+0000] {dag.py:2742} INFO - Sync 1 DAGs
[2024-07-06T14:10:46.197+0000] {logging_mixin.py:150} INFO - [2024-07-06T14:10:46.197+0000] {dag.py:3508} INFO - Setting next_dagrun for tutorial_taskflow_api_virtualenv to None, run_after=None
[2024-07-06T14:10:46.221+0000] {processor.py:179} INFO - Processing /home/airflow/.local/lib/python3.7/site-packages/airflow/example_dags/tutorial_taskflow_api_virtualenv.py took 0.115 seconds
[2024-07-06T14:11:17.106+0000] {processor.py:157} INFO - Started process (PID=137) to work on /home/airflow/.local/lib/python3.7/site-packages/airflow/example_dags/tutorial_taskflow_api_virtualenv.py
[2024-07-06T14:11:17.108+0000] {processor.py:826} INFO - Processing file /home/airflow/.local/lib/python3.7/site-packages/airflow/example_dags/tutorial_taskflow_api_virtualenv.py for tasks to queue
[2024-07-06T14:11:17.110+0000] {logging_mixin.py:150} INFO - [2024-07-06T14:11:17.110+0000] {dagbag.py:541} INFO - Filling up the DagBag from /home/airflow/.local/lib/python3.7/site-packages/airflow/example_dags/tutorial_taskflow_api_virtualenv.py
[2024-07-06T14:11:17.117+0000] {processor.py:836} INFO - DAG(s) dict_keys(['tutorial_taskflow_api_virtualenv']) retrieved from /home/airflow/.local/lib/python3.7/site-packages/airflow/example_dags/tutorial_taskflow_api_virtualenv.py
[2024-07-06T14:11:17.141+0000] {logging_mixin.py:150} INFO - [2024-07-06T14:11:17.141+0000] {dag.py:2742} INFO - Sync 1 DAGs
[2024-07-06T14:11:17.172+0000] {logging_mixin.py:150} INFO - [2024-07-06T14:11:17.171+0000] {dag.py:3508} INFO - Setting next_dagrun for tutorial_taskflow_api_virtualenv to None, run_after=None
[2024-07-06T14:11:17.210+0000] {processor.py:179} INFO - Processing /home/airflow/.local/lib/python3.7/site-packages/airflow/example_dags/tutorial_taskflow_api_virtualenv.py took 0.106 seconds
[2024-07-06T14:11:47.780+0000] {processor.py:157} INFO - Started process (PID=200) to work on /home/airflow/.local/lib/python3.7/site-packages/airflow/example_dags/tutorial_taskflow_api_virtualenv.py
[2024-07-06T14:11:47.783+0000] {processor.py:826} INFO - Processing file /home/airflow/.local/lib/python3.7/site-packages/airflow/example_dags/tutorial_taskflow_api_virtualenv.py for tasks to queue
[2024-07-06T14:11:47.785+0000] {logging_mixin.py:150} INFO - [2024-07-06T14:11:47.784+0000] {dagbag.py:541} INFO - Filling up the DagBag from /home/airflow/.local/lib/python3.7/site-packages/airflow/example_dags/tutorial_taskflow_api_virtualenv.py
[2024-07-06T14:11:47.793+0000] {processor.py:836} INFO - DAG(s) dict_keys(['tutorial_taskflow_api_virtualenv']) retrieved from /home/airflow/.local/lib/python3.7/site-packages/airflow/example_dags/tutorial_taskflow_api_virtualenv.py
[2024-07-06T14:11:47.821+0000] {logging_mixin.py:150} INFO - [2024-07-06T14:11:47.821+0000] {dag.py:2742} INFO - Sync 1 DAGs
[2024-07-06T14:11:47.844+0000] {logging_mixin.py:150} INFO - [2024-07-06T14:11:47.844+0000] {dag.py:3508} INFO - Setting next_dagrun for tutorial_taskflow_api_virtualenv to None, run_after=None
[2024-07-06T14:11:47.861+0000] {processor.py:179} INFO - Processing /home/airflow/.local/lib/python3.7/site-packages/airflow/example_dags/tutorial_taskflow_api_virtualenv.py took 0.084 seconds
[2024-07-06T14:12:18.138+0000] {processor.py:157} INFO - Started process (PID=263) to work on /home/airflow/.local/lib/python3.7/site-packages/airflow/example_dags/tutorial_taskflow_api_virtualenv.py
[2024-07-06T14:12:18.140+0000] {processor.py:826} INFO - Processing file /home/airflow/.local/lib/python3.7/site-packages/airflow/example_dags/tutorial_taskflow_api_virtualenv.py for tasks to queue
[2024-07-06T14:12:18.142+0000] {logging_mixin.py:150} INFO - [2024-07-06T14:12:18.142+0000] {dagbag.py:541} INFO - Filling up the DagBag from /home/airflow/.local/lib/python3.7/site-packages/airflow/example_dags/tutorial_taskflow_api_virtualenv.py
[2024-07-06T14:12:18.150+0000] {processor.py:836} INFO - DAG(s) dict_keys(['tutorial_taskflow_api_virtualenv']) retrieved from /home/airflow/.local/lib/python3.7/site-packages/airflow/example_dags/tutorial_taskflow_api_virtualenv.py
[2024-07-06T14:12:18.177+0000] {logging_mixin.py:150} INFO - [2024-07-06T14:12:18.177+0000] {dag.py:2742} INFO - Sync 1 DAGs
[2024-07-06T14:12:18.195+0000] {logging_mixin.py:150} INFO - [2024-07-06T14:12:18.195+0000] {dag.py:3508} INFO - Setting next_dagrun for tutorial_taskflow_api_virtualenv to None, run_after=None
[2024-07-06T14:12:18.211+0000] {processor.py:179} INFO - Processing /home/airflow/.local/lib/python3.7/site-packages/airflow/example_dags/tutorial_taskflow_api_virtualenv.py took 0.076 seconds
[2024-07-06T14:12:48.275+0000] {processor.py:157} INFO - Started process (PID=325) to work on /home/airflow/.local/lib/python3.7/site-packages/airflow/example_dags/tutorial_taskflow_api_virtualenv.py
[2024-07-06T14:12:48.276+0000] {processor.py:826} INFO - Processing file /home/airflow/.local/lib/python3.7/site-packages/airflow/example_dags/tutorial_taskflow_api_virtualenv.py for tasks to queue
[2024-07-06T14:12:48.278+0000] {logging_mixin.py:150} INFO - [2024-07-06T14:12:48.278+0000] {dagbag.py:541} INFO - Filling up the DagBag from /home/airflow/.local/lib/python3.7/site-packages/airflow/example_dags/tutorial_taskflow_api_virtualenv.py
[2024-07-06T14:12:48.284+0000] {processor.py:836} INFO - DAG(s) dict_keys(['tutorial_taskflow_api_virtualenv']) retrieved from /home/airflow/.local/lib/python3.7/site-packages/airflow/example_dags/tutorial_taskflow_api_virtualenv.py
[2024-07-06T14:12:48.306+0000] {logging_mixin.py:150} INFO - [2024-07-06T14:12:48.306+0000] {dag.py:2742} INFO - Sync 1 DAGs
[2024-07-06T14:12:48.324+0000] {logging_mixin.py:150} INFO - [2024-07-06T14:12:48.323+0000] {dag.py:3508} INFO - Setting next_dagrun for tutorial_taskflow_api_virtualenv to None, run_after=None
[2024-07-06T14:12:48.337+0000] {processor.py:179} INFO - Processing /home/airflow/.local/lib/python3.7/site-packages/airflow/example_dags/tutorial_taskflow_api_virtualenv.py took 0.065 seconds
[2024-07-06T14:13:18.655+0000] {processor.py:157} INFO - Started process (PID=388) to work on /home/airflow/.local/lib/python3.7/site-packages/airflow/example_dags/tutorial_taskflow_api_virtualenv.py
[2024-07-06T14:13:18.657+0000] {processor.py:826} INFO - Processing file /home/airflow/.local/lib/python3.7/site-packages/airflow/example_dags/tutorial_taskflow_api_virtualenv.py for tasks to queue
[2024-07-06T14:13:18.658+0000] {logging_mixin.py:150} INFO - [2024-07-06T14:13:18.658+0000] {dagbag.py:541} INFO - Filling up the DagBag from /home/airflow/.local/lib/python3.7/site-packages/airflow/example_dags/tutorial_taskflow_api_virtualenv.py
[2024-07-06T14:13:18.664+0000] {processor.py:836} INFO - DAG(s) dict_keys(['tutorial_taskflow_api_virtualenv']) retrieved from /home/airflow/.local/lib/python3.7/site-packages/airflow/example_dags/tutorial_taskflow_api_virtualenv.py
[2024-07-06T14:13:18.691+0000] {logging_mixin.py:150} INFO - [2024-07-06T14:13:18.690+0000] {dag.py:2742} INFO - Sync 1 DAGs
[2024-07-06T14:13:18.713+0000] {logging_mixin.py:150} INFO - [2024-07-06T14:13:18.713+0000] {dag.py:3508} INFO - Setting next_dagrun for tutorial_taskflow_api_virtualenv to None, run_after=None
[2024-07-06T14:13:18.736+0000] {processor.py:179} INFO - Processing /home/airflow/.local/lib/python3.7/site-packages/airflow/example_dags/tutorial_taskflow_api_virtualenv.py took 0.083 seconds
[2024-07-06T14:13:49.049+0000] {processor.py:157} INFO - Started process (PID=452) to work on /home/airflow/.local/lib/python3.7/site-packages/airflow/example_dags/tutorial_taskflow_api_virtualenv.py
[2024-07-06T14:13:49.051+0000] {processor.py:826} INFO - Processing file /home/airflow/.local/lib/python3.7/site-packages/airflow/example_dags/tutorial_taskflow_api_virtualenv.py for tasks to queue
[2024-07-06T14:13:49.053+0000] {logging_mixin.py:150} INFO - [2024-07-06T14:13:49.053+0000] {dagbag.py:541} INFO - Filling up the DagBag from /home/airflow/.local/lib/python3.7/site-packages/airflow/example_dags/tutorial_taskflow_api_virtualenv.py
[2024-07-06T14:13:49.059+0000] {processor.py:836} INFO - DAG(s) dict_keys(['tutorial_taskflow_api_virtualenv']) retrieved from /home/airflow/.local/lib/python3.7/site-packages/airflow/example_dags/tutorial_taskflow_api_virtualenv.py
[2024-07-06T14:13:49.082+0000] {logging_mixin.py:150} INFO - [2024-07-06T14:13:49.082+0000] {dag.py:2742} INFO - Sync 1 DAGs
[2024-07-06T14:13:49.099+0000] {logging_mixin.py:150} INFO - [2024-07-06T14:13:49.099+0000] {dag.py:3508} INFO - Setting next_dagrun for tutorial_taskflow_api_virtualenv to None, run_after=None
[2024-07-06T14:13:49.110+0000] {processor.py:179} INFO - Processing /home/airflow/.local/lib/python3.7/site-packages/airflow/example_dags/tutorial_taskflow_api_virtualenv.py took 0.064 seconds
[2024-07-06T14:14:19.469+0000] {processor.py:157} INFO - Started process (PID=515) to work on /home/airflow/.local/lib/python3.7/site-packages/airflow/example_dags/tutorial_taskflow_api_virtualenv.py
[2024-07-06T14:14:19.471+0000] {processor.py:826} INFO - Processing file /home/airflow/.local/lib/python3.7/site-packages/airflow/example_dags/tutorial_taskflow_api_virtualenv.py for tasks to queue
[2024-07-06T14:14:19.472+0000] {logging_mixin.py:150} INFO - [2024-07-06T14:14:19.472+0000] {dagbag.py:541} INFO - Filling up the DagBag from /home/airflow/.local/lib/python3.7/site-packages/airflow/example_dags/tutorial_taskflow_api_virtualenv.py
[2024-07-06T14:14:19.478+0000] {processor.py:836} INFO - DAG(s) dict_keys(['tutorial_taskflow_api_virtualenv']) retrieved from /home/airflow/.local/lib/python3.7/site-packages/airflow/example_dags/tutorial_taskflow_api_virtualenv.py
[2024-07-06T14:14:19.499+0000] {logging_mixin.py:150} INFO - [2024-07-06T14:14:19.499+0000] {dag.py:2742} INFO - Sync 1 DAGs
[2024-07-06T14:14:19.515+0000] {logging_mixin.py:150} INFO - [2024-07-06T14:14:19.514+0000] {dag.py:3508} INFO - Setting next_dagrun for tutorial_taskflow_api_virtualenv to None, run_after=None
[2024-07-06T14:14:19.526+0000] {processor.py:179} INFO - Processing /home/airflow/.local/lib/python3.7/site-packages/airflow/example_dags/tutorial_taskflow_api_virtualenv.py took 0.060 seconds
[2024-07-06T14:14:49.911+0000] {processor.py:157} INFO - Started process (PID=579) to work on /home/airflow/.local/lib/python3.7/site-packages/airflow/example_dags/tutorial_taskflow_api_virtualenv.py
[2024-07-06T14:14:49.913+0000] {processor.py:826} INFO - Processing file /home/airflow/.local/lib/python3.7/site-packages/airflow/example_dags/tutorial_taskflow_api_virtualenv.py for tasks to queue
[2024-07-06T14:14:49.915+0000] {logging_mixin.py:150} INFO - [2024-07-06T14:14:49.914+0000] {dagbag.py:541} INFO - Filling up the DagBag from /home/airflow/.local/lib/python3.7/site-packages/airflow/example_dags/tutorial_taskflow_api_virtualenv.py
[2024-07-06T14:14:49.920+0000] {processor.py:836} INFO - DAG(s) dict_keys(['tutorial_taskflow_api_virtualenv']) retrieved from /home/airflow/.local/lib/python3.7/site-packages/airflow/example_dags/tutorial_taskflow_api_virtualenv.py
[2024-07-06T14:14:49.939+0000] {logging_mixin.py:150} INFO - [2024-07-06T14:14:49.939+0000] {dag.py:2742} INFO - Sync 1 DAGs
[2024-07-06T14:14:49.954+0000] {logging_mixin.py:150} INFO - [2024-07-06T14:14:49.954+0000] {dag.py:3508} INFO - Setting next_dagrun for tutorial_taskflow_api_virtualenv to None, run_after=None
[2024-07-06T14:14:49.966+0000] {processor.py:179} INFO - Processing /home/airflow/.local/lib/python3.7/site-packages/airflow/example_dags/tutorial_taskflow_api_virtualenv.py took 0.058 seconds
[2024-07-06T14:15:20.227+0000] {processor.py:157} INFO - Started process (PID=642) to work on /home/airflow/.local/lib/python3.7/site-packages/airflow/example_dags/tutorial_taskflow_api_virtualenv.py
[2024-07-06T14:15:20.231+0000] {processor.py:826} INFO - Processing file /home/airflow/.local/lib/python3.7/site-packages/airflow/example_dags/tutorial_taskflow_api_virtualenv.py for tasks to queue
[2024-07-06T14:15:20.241+0000] {logging_mixin.py:150} INFO - [2024-07-06T14:15:20.241+0000] {dagbag.py:541} INFO - Filling up the DagBag from /home/airflow/.local/lib/python3.7/site-packages/airflow/example_dags/tutorial_taskflow_api_virtualenv.py
[2024-07-06T14:15:20.257+0000] {processor.py:836} INFO - DAG(s) dict_keys(['tutorial_taskflow_api_virtualenv']) retrieved from /home/airflow/.local/lib/python3.7/site-packages/airflow/example_dags/tutorial_taskflow_api_virtualenv.py
[2024-07-06T14:15:20.325+0000] {logging_mixin.py:150} INFO - [2024-07-06T14:15:20.325+0000] {dag.py:2742} INFO - Sync 1 DAGs
[2024-07-06T14:15:20.360+0000] {logging_mixin.py:150} INFO - [2024-07-06T14:15:20.360+0000] {dag.py:3508} INFO - Setting next_dagrun for tutorial_taskflow_api_virtualenv to None, run_after=None
[2024-07-06T14:15:20.383+0000] {processor.py:179} INFO - Processing /home/airflow/.local/lib/python3.7/site-packages/airflow/example_dags/tutorial_taskflow_api_virtualenv.py took 0.160 seconds
[2024-07-06T14:15:50.672+0000] {processor.py:157} INFO - Started process (PID=704) to work on /home/airflow/.local/lib/python3.7/site-packages/airflow/example_dags/tutorial_taskflow_api_virtualenv.py
[2024-07-06T14:15:50.674+0000] {processor.py:826} INFO - Processing file /home/airflow/.local/lib/python3.7/site-packages/airflow/example_dags/tutorial_taskflow_api_virtualenv.py for tasks to queue
[2024-07-06T14:15:50.675+0000] {logging_mixin.py:150} INFO - [2024-07-06T14:15:50.675+0000] {dagbag.py:541} INFO - Filling up the DagBag from /home/airflow/.local/lib/python3.7/site-packages/airflow/example_dags/tutorial_taskflow_api_virtualenv.py
[2024-07-06T14:15:50.681+0000] {processor.py:836} INFO - DAG(s) dict_keys(['tutorial_taskflow_api_virtualenv']) retrieved from /home/airflow/.local/lib/python3.7/site-packages/airflow/example_dags/tutorial_taskflow_api_virtualenv.py
[2024-07-06T14:15:50.705+0000] {logging_mixin.py:150} INFO - [2024-07-06T14:15:50.705+0000] {dag.py:2742} INFO - Sync 1 DAGs
[2024-07-06T14:15:50.722+0000] {logging_mixin.py:150} INFO - [2024-07-06T14:15:50.722+0000] {dag.py:3508} INFO - Setting next_dagrun for tutorial_taskflow_api_virtualenv to None, run_after=None
[2024-07-06T14:15:50.735+0000] {processor.py:179} INFO - Processing /home/airflow/.local/lib/python3.7/site-packages/airflow/example_dags/tutorial_taskflow_api_virtualenv.py took 0.065 seconds
[2024-07-06T14:16:21.469+0000] {processor.py:157} INFO - Started process (PID=768) to work on /home/airflow/.local/lib/python3.7/site-packages/airflow/example_dags/tutorial_taskflow_api_virtualenv.py
[2024-07-06T14:16:21.471+0000] {processor.py:826} INFO - Processing file /home/airflow/.local/lib/python3.7/site-packages/airflow/example_dags/tutorial_taskflow_api_virtualenv.py for tasks to queue
[2024-07-06T14:16:21.474+0000] {logging_mixin.py:150} INFO - [2024-07-06T14:16:21.473+0000] {dagbag.py:541} INFO - Filling up the DagBag from /home/airflow/.local/lib/python3.7/site-packages/airflow/example_dags/tutorial_taskflow_api_virtualenv.py
[2024-07-06T14:16:21.483+0000] {processor.py:836} INFO - DAG(s) dict_keys(['tutorial_taskflow_api_virtualenv']) retrieved from /home/airflow/.local/lib/python3.7/site-packages/airflow/example_dags/tutorial_taskflow_api_virtualenv.py
[2024-07-06T14:16:21.513+0000] {logging_mixin.py:150} INFO - [2024-07-06T14:16:21.513+0000] {dag.py:2742} INFO - Sync 1 DAGs
[2024-07-06T14:16:21.535+0000] {logging_mixin.py:150} INFO - [2024-07-06T14:16:21.535+0000] {dag.py:3508} INFO - Setting next_dagrun for tutorial_taskflow_api_virtualenv to None, run_after=None
[2024-07-06T14:16:21.551+0000] {processor.py:179} INFO - Processing /home/airflow/.local/lib/python3.7/site-packages/airflow/example_dags/tutorial_taskflow_api_virtualenv.py took 0.086 seconds
[2024-07-06T14:16:52.109+0000] {processor.py:157} INFO - Started process (PID=831) to work on /home/airflow/.local/lib/python3.7/site-packages/airflow/example_dags/tutorial_taskflow_api_virtualenv.py
[2024-07-06T14:16:52.112+0000] {processor.py:826} INFO - Processing file /home/airflow/.local/lib/python3.7/site-packages/airflow/example_dags/tutorial_taskflow_api_virtualenv.py for tasks to queue
[2024-07-06T14:16:52.113+0000] {logging_mixin.py:150} INFO - [2024-07-06T14:16:52.113+0000] {dagbag.py:541} INFO - Filling up the DagBag from /home/airflow/.local/lib/python3.7/site-packages/airflow/example_dags/tutorial_taskflow_api_virtualenv.py
[2024-07-06T14:16:52.120+0000] {processor.py:836} INFO - DAG(s) dict_keys(['tutorial_taskflow_api_virtualenv']) retrieved from /home/airflow/.local/lib/python3.7/site-packages/airflow/example_dags/tutorial_taskflow_api_virtualenv.py
[2024-07-06T14:16:52.144+0000] {logging_mixin.py:150} INFO - [2024-07-06T14:16:52.143+0000] {dag.py:2742} INFO - Sync 1 DAGs
[2024-07-06T14:16:52.163+0000] {logging_mixin.py:150} INFO - [2024-07-06T14:16:52.163+0000] {dag.py:3508} INFO - Setting next_dagrun for tutorial_taskflow_api_virtualenv to None, run_after=None
[2024-07-06T14:16:52.178+0000] {processor.py:179} INFO - Processing /home/airflow/.local/lib/python3.7/site-packages/airflow/example_dags/tutorial_taskflow_api_virtualenv.py took 0.072 seconds
[2024-07-06T14:17:23.179+0000] {processor.py:157} INFO - Started process (PID=894) to work on /home/airflow/.local/lib/python3.7/site-packages/airflow/example_dags/tutorial_taskflow_api_virtualenv.py
[2024-07-06T14:17:23.180+0000] {processor.py:826} INFO - Processing file /home/airflow/.local/lib/python3.7/site-packages/airflow/example_dags/tutorial_taskflow_api_virtualenv.py for tasks to queue
[2024-07-06T14:17:23.182+0000] {logging_mixin.py:150} INFO - [2024-07-06T14:17:23.182+0000] {dagbag.py:541} INFO - Filling up the DagBag from /home/airflow/.local/lib/python3.7/site-packages/airflow/example_dags/tutorial_taskflow_api_virtualenv.py
[2024-07-06T14:17:23.188+0000] {processor.py:836} INFO - DAG(s) dict_keys(['tutorial_taskflow_api_virtualenv']) retrieved from /home/airflow/.local/lib/python3.7/site-packages/airflow/example_dags/tutorial_taskflow_api_virtualenv.py
[2024-07-06T14:17:23.210+0000] {logging_mixin.py:150} INFO - [2024-07-06T14:17:23.210+0000] {dag.py:2742} INFO - Sync 1 DAGs
[2024-07-06T14:17:23.228+0000] {logging_mixin.py:150} INFO - [2024-07-06T14:17:23.228+0000] {dag.py:3508} INFO - Setting next_dagrun for tutorial_taskflow_api_virtualenv to None, run_after=None
[2024-07-06T14:17:23.243+0000] {processor.py:179} INFO - Processing /home/airflow/.local/lib/python3.7/site-packages/airflow/example_dags/tutorial_taskflow_api_virtualenv.py took 0.067 seconds
[2024-07-06T14:17:54.494+0000] {processor.py:157} INFO - Started process (PID=956) to work on /home/airflow/.local/lib/python3.7/site-packages/airflow/example_dags/tutorial_taskflow_api_virtualenv.py
[2024-07-06T14:17:54.497+0000] {processor.py:826} INFO - Processing file /home/airflow/.local/lib/python3.7/site-packages/airflow/example_dags/tutorial_taskflow_api_virtualenv.py for tasks to queue
[2024-07-06T14:17:54.498+0000] {logging_mixin.py:150} INFO - [2024-07-06T14:17:54.498+0000] {dagbag.py:541} INFO - Filling up the DagBag from /home/airflow/.local/lib/python3.7/site-packages/airflow/example_dags/tutorial_taskflow_api_virtualenv.py
[2024-07-06T14:17:54.505+0000] {processor.py:836} INFO - DAG(s) dict_keys(['tutorial_taskflow_api_virtualenv']) retrieved from /home/airflow/.local/lib/python3.7/site-packages/airflow/example_dags/tutorial_taskflow_api_virtualenv.py
[2024-07-06T14:17:54.526+0000] {logging_mixin.py:150} INFO - [2024-07-06T14:17:54.526+0000] {dag.py:2742} INFO - Sync 1 DAGs
[2024-07-06T14:17:54.545+0000] {logging_mixin.py:150} INFO - [2024-07-06T14:17:54.545+0000] {dag.py:3508} INFO - Setting next_dagrun for tutorial_taskflow_api_virtualenv to None, run_after=None
[2024-07-06T14:17:54.561+0000] {processor.py:179} INFO - Processing /home/airflow/.local/lib/python3.7/site-packages/airflow/example_dags/tutorial_taskflow_api_virtualenv.py took 0.071 seconds
[2024-07-06T14:18:25.816+0000] {processor.py:157} INFO - Started process (PID=1019) to work on /home/airflow/.local/lib/python3.7/site-packages/airflow/example_dags/tutorial_taskflow_api_virtualenv.py
[2024-07-06T14:18:25.819+0000] {processor.py:826} INFO - Processing file /home/airflow/.local/lib/python3.7/site-packages/airflow/example_dags/tutorial_taskflow_api_virtualenv.py for tasks to queue
[2024-07-06T14:18:25.821+0000] {logging_mixin.py:150} INFO - [2024-07-06T14:18:25.820+0000] {dagbag.py:541} INFO - Filling up the DagBag from /home/airflow/.local/lib/python3.7/site-packages/airflow/example_dags/tutorial_taskflow_api_virtualenv.py
[2024-07-06T14:18:25.828+0000] {processor.py:836} INFO - DAG(s) dict_keys(['tutorial_taskflow_api_virtualenv']) retrieved from /home/airflow/.local/lib/python3.7/site-packages/airflow/example_dags/tutorial_taskflow_api_virtualenv.py
[2024-07-06T14:18:25.855+0000] {logging_mixin.py:150} INFO - [2024-07-06T14:18:25.855+0000] {dag.py:2742} INFO - Sync 1 DAGs
[2024-07-06T14:18:25.873+0000] {logging_mixin.py:150} INFO - [2024-07-06T14:18:25.873+0000] {dag.py:3508} INFO - Setting next_dagrun for tutorial_taskflow_api_virtualenv to None, run_after=None
[2024-07-06T14:18:25.891+0000] {processor.py:179} INFO - Processing /home/airflow/.local/lib/python3.7/site-packages/airflow/example_dags/tutorial_taskflow_api_virtualenv.py took 0.080 seconds
[2024-07-06T14:18:56.180+0000] {processor.py:157} INFO - Started process (PID=1082) to work on /home/airflow/.local/lib/python3.7/site-packages/airflow/example_dags/tutorial_taskflow_api_virtualenv.py
[2024-07-06T14:18:56.182+0000] {processor.py:826} INFO - Processing file /home/airflow/.local/lib/python3.7/site-packages/airflow/example_dags/tutorial_taskflow_api_virtualenv.py for tasks to queue
[2024-07-06T14:18:56.184+0000] {logging_mixin.py:150} INFO - [2024-07-06T14:18:56.184+0000] {dagbag.py:541} INFO - Filling up the DagBag from /home/airflow/.local/lib/python3.7/site-packages/airflow/example_dags/tutorial_taskflow_api_virtualenv.py
[2024-07-06T14:18:56.191+0000] {processor.py:836} INFO - DAG(s) dict_keys(['tutorial_taskflow_api_virtualenv']) retrieved from /home/airflow/.local/lib/python3.7/site-packages/airflow/example_dags/tutorial_taskflow_api_virtualenv.py
[2024-07-06T14:18:56.213+0000] {logging_mixin.py:150} INFO - [2024-07-06T14:18:56.213+0000] {dag.py:2742} INFO - Sync 1 DAGs
[2024-07-06T14:18:56.232+0000] {logging_mixin.py:150} INFO - [2024-07-06T14:18:56.232+0000] {dag.py:3508} INFO - Setting next_dagrun for tutorial_taskflow_api_virtualenv to None, run_after=None
[2024-07-06T14:18:56.247+0000] {processor.py:179} INFO - Processing /home/airflow/.local/lib/python3.7/site-packages/airflow/example_dags/tutorial_taskflow_api_virtualenv.py took 0.070 seconds
[2024-07-06T14:19:27.363+0000] {processor.py:157} INFO - Started process (PID=1145) to work on /home/airflow/.local/lib/python3.7/site-packages/airflow/example_dags/tutorial_taskflow_api_virtualenv.py
[2024-07-06T14:19:27.365+0000] {processor.py:826} INFO - Processing file /home/airflow/.local/lib/python3.7/site-packages/airflow/example_dags/tutorial_taskflow_api_virtualenv.py for tasks to queue
[2024-07-06T14:19:27.366+0000] {logging_mixin.py:150} INFO - [2024-07-06T14:19:27.366+0000] {dagbag.py:541} INFO - Filling up the DagBag from /home/airflow/.local/lib/python3.7/site-packages/airflow/example_dags/tutorial_taskflow_api_virtualenv.py
[2024-07-06T14:19:27.373+0000] {processor.py:836} INFO - DAG(s) dict_keys(['tutorial_taskflow_api_virtualenv']) retrieved from /home/airflow/.local/lib/python3.7/site-packages/airflow/example_dags/tutorial_taskflow_api_virtualenv.py
[2024-07-06T14:19:27.396+0000] {logging_mixin.py:150} INFO - [2024-07-06T14:19:27.396+0000] {dag.py:2742} INFO - Sync 1 DAGs
[2024-07-06T14:19:27.417+0000] {logging_mixin.py:150} INFO - [2024-07-06T14:19:27.417+0000] {dag.py:3508} INFO - Setting next_dagrun for tutorial_taskflow_api_virtualenv to None, run_after=None
[2024-07-06T14:19:27.431+0000] {processor.py:179} INFO - Processing /home/airflow/.local/lib/python3.7/site-packages/airflow/example_dags/tutorial_taskflow_api_virtualenv.py took 0.072 seconds
[2024-07-06T14:19:57.513+0000] {processor.py:157} INFO - Started process (PID=1203) to work on /home/airflow/.local/lib/python3.7/site-packages/airflow/example_dags/tutorial_taskflow_api_virtualenv.py
[2024-07-06T14:19:57.515+0000] {processor.py:826} INFO - Processing file /home/airflow/.local/lib/python3.7/site-packages/airflow/example_dags/tutorial_taskflow_api_virtualenv.py for tasks to queue
[2024-07-06T14:19:57.516+0000] {logging_mixin.py:150} INFO - [2024-07-06T14:19:57.516+0000] {dagbag.py:541} INFO - Filling up the DagBag from /home/airflow/.local/lib/python3.7/site-packages/airflow/example_dags/tutorial_taskflow_api_virtualenv.py
[2024-07-06T14:19:57.523+0000] {processor.py:836} INFO - DAG(s) dict_keys(['tutorial_taskflow_api_virtualenv']) retrieved from /home/airflow/.local/lib/python3.7/site-packages/airflow/example_dags/tutorial_taskflow_api_virtualenv.py
[2024-07-06T14:19:57.545+0000] {logging_mixin.py:150} INFO - [2024-07-06T14:19:57.545+0000] {dag.py:2742} INFO - Sync 1 DAGs
[2024-07-06T14:19:57.563+0000] {logging_mixin.py:150} INFO - [2024-07-06T14:19:57.563+0000] {dag.py:3508} INFO - Setting next_dagrun for tutorial_taskflow_api_virtualenv to None, run_after=None
[2024-07-06T14:19:57.578+0000] {processor.py:179} INFO - Processing /home/airflow/.local/lib/python3.7/site-packages/airflow/example_dags/tutorial_taskflow_api_virtualenv.py took 0.068 seconds
[2024-07-06T14:20:27.938+0000] {processor.py:157} INFO - Started process (PID=1265) to work on /home/airflow/.local/lib/python3.7/site-packages/airflow/example_dags/tutorial_taskflow_api_virtualenv.py
[2024-07-06T14:20:27.943+0000] {processor.py:826} INFO - Processing file /home/airflow/.local/lib/python3.7/site-packages/airflow/example_dags/tutorial_taskflow_api_virtualenv.py for tasks to queue
[2024-07-06T14:20:27.947+0000] {logging_mixin.py:150} INFO - [2024-07-06T14:20:27.947+0000] {dagbag.py:541} INFO - Filling up the DagBag from /home/airflow/.local/lib/python3.7/site-packages/airflow/example_dags/tutorial_taskflow_api_virtualenv.py
[2024-07-06T14:20:27.958+0000] {processor.py:836} INFO - DAG(s) dict_keys(['tutorial_taskflow_api_virtualenv']) retrieved from /home/airflow/.local/lib/python3.7/site-packages/airflow/example_dags/tutorial_taskflow_api_virtualenv.py
[2024-07-06T14:20:27.991+0000] {logging_mixin.py:150} INFO - [2024-07-06T14:20:27.991+0000] {dag.py:2742} INFO - Sync 1 DAGs
[2024-07-06T14:20:28.015+0000] {logging_mixin.py:150} INFO - [2024-07-06T14:20:28.015+0000] {dag.py:3508} INFO - Setting next_dagrun for tutorial_taskflow_api_virtualenv to None, run_after=None
[2024-07-06T14:20:28.032+0000] {processor.py:179} INFO - Processing /home/airflow/.local/lib/python3.7/site-packages/airflow/example_dags/tutorial_taskflow_api_virtualenv.py took 0.103 seconds
[2024-07-06T14:20:58.514+0000] {processor.py:157} INFO - Started process (PID=1328) to work on /home/airflow/.local/lib/python3.7/site-packages/airflow/example_dags/tutorial_taskflow_api_virtualenv.py
[2024-07-06T14:20:58.517+0000] {processor.py:826} INFO - Processing file /home/airflow/.local/lib/python3.7/site-packages/airflow/example_dags/tutorial_taskflow_api_virtualenv.py for tasks to queue
[2024-07-06T14:20:58.520+0000] {logging_mixin.py:150} INFO - [2024-07-06T14:20:58.519+0000] {dagbag.py:541} INFO - Filling up the DagBag from /home/airflow/.local/lib/python3.7/site-packages/airflow/example_dags/tutorial_taskflow_api_virtualenv.py
[2024-07-06T14:20:58.532+0000] {processor.py:836} INFO - DAG(s) dict_keys(['tutorial_taskflow_api_virtualenv']) retrieved from /home/airflow/.local/lib/python3.7/site-packages/airflow/example_dags/tutorial_taskflow_api_virtualenv.py
[2024-07-06T14:20:58.562+0000] {logging_mixin.py:150} INFO - [2024-07-06T14:20:58.562+0000] {dag.py:2742} INFO - Sync 1 DAGs
[2024-07-06T14:20:58.585+0000] {logging_mixin.py:150} INFO - [2024-07-06T14:20:58.585+0000] {dag.py:3508} INFO - Setting next_dagrun for tutorial_taskflow_api_virtualenv to None, run_after=None
[2024-07-06T14:20:58.600+0000] {processor.py:179} INFO - Processing /home/airflow/.local/lib/python3.7/site-packages/airflow/example_dags/tutorial_taskflow_api_virtualenv.py took 0.094 seconds
[2024-07-06T14:21:29.145+0000] {processor.py:157} INFO - Started process (PID=1391) to work on /home/airflow/.local/lib/python3.7/site-packages/airflow/example_dags/tutorial_taskflow_api_virtualenv.py
[2024-07-06T14:21:29.149+0000] {processor.py:826} INFO - Processing file /home/airflow/.local/lib/python3.7/site-packages/airflow/example_dags/tutorial_taskflow_api_virtualenv.py for tasks to queue
[2024-07-06T14:21:29.151+0000] {logging_mixin.py:150} INFO - [2024-07-06T14:21:29.151+0000] {dagbag.py:541} INFO - Filling up the DagBag from /home/airflow/.local/lib/python3.7/site-packages/airflow/example_dags/tutorial_taskflow_api_virtualenv.py
[2024-07-06T14:21:29.160+0000] {processor.py:836} INFO - DAG(s) dict_keys(['tutorial_taskflow_api_virtualenv']) retrieved from /home/airflow/.local/lib/python3.7/site-packages/airflow/example_dags/tutorial_taskflow_api_virtualenv.py
[2024-07-06T14:21:29.186+0000] {logging_mixin.py:150} INFO - [2024-07-06T14:21:29.186+0000] {dag.py:2742} INFO - Sync 1 DAGs
[2024-07-06T14:21:29.206+0000] {logging_mixin.py:150} INFO - [2024-07-06T14:21:29.206+0000] {dag.py:3508} INFO - Setting next_dagrun for tutorial_taskflow_api_virtualenv to None, run_after=None
[2024-07-06T14:21:29.225+0000] {processor.py:179} INFO - Processing /home/airflow/.local/lib/python3.7/site-packages/airflow/example_dags/tutorial_taskflow_api_virtualenv.py took 0.085 seconds
[2024-07-06T14:21:59.517+0000] {processor.py:157} INFO - Started process (PID=1454) to work on /home/airflow/.local/lib/python3.7/site-packages/airflow/example_dags/tutorial_taskflow_api_virtualenv.py
[2024-07-06T14:21:59.520+0000] {processor.py:826} INFO - Processing file /home/airflow/.local/lib/python3.7/site-packages/airflow/example_dags/tutorial_taskflow_api_virtualenv.py for tasks to queue
[2024-07-06T14:21:59.522+0000] {logging_mixin.py:150} INFO - [2024-07-06T14:21:59.521+0000] {dagbag.py:541} INFO - Filling up the DagBag from /home/airflow/.local/lib/python3.7/site-packages/airflow/example_dags/tutorial_taskflow_api_virtualenv.py
[2024-07-06T14:21:59.531+0000] {processor.py:836} INFO - DAG(s) dict_keys(['tutorial_taskflow_api_virtualenv']) retrieved from /home/airflow/.local/lib/python3.7/site-packages/airflow/example_dags/tutorial_taskflow_api_virtualenv.py
[2024-07-06T14:21:59.567+0000] {logging_mixin.py:150} INFO - [2024-07-06T14:21:59.567+0000] {dag.py:2742} INFO - Sync 1 DAGs
[2024-07-06T14:21:59.587+0000] {logging_mixin.py:150} INFO - [2024-07-06T14:21:59.587+0000] {dag.py:3508} INFO - Setting next_dagrun for tutorial_taskflow_api_virtualenv to None, run_after=None
[2024-07-06T14:21:59.601+0000] {processor.py:179} INFO - Processing /home/airflow/.local/lib/python3.7/site-packages/airflow/example_dags/tutorial_taskflow_api_virtualenv.py took 0.089 seconds
[2024-07-06T14:22:29.819+0000] {processor.py:157} INFO - Started process (PID=1516) to work on /home/airflow/.local/lib/python3.7/site-packages/airflow/example_dags/tutorial_taskflow_api_virtualenv.py
[2024-07-06T14:22:29.822+0000] {processor.py:826} INFO - Processing file /home/airflow/.local/lib/python3.7/site-packages/airflow/example_dags/tutorial_taskflow_api_virtualenv.py for tasks to queue
[2024-07-06T14:22:29.824+0000] {logging_mixin.py:150} INFO - [2024-07-06T14:22:29.824+0000] {dagbag.py:541} INFO - Filling up the DagBag from /home/airflow/.local/lib/python3.7/site-packages/airflow/example_dags/tutorial_taskflow_api_virtualenv.py
[2024-07-06T14:22:29.835+0000] {processor.py:836} INFO - DAG(s) dict_keys(['tutorial_taskflow_api_virtualenv']) retrieved from /home/airflow/.local/lib/python3.7/site-packages/airflow/example_dags/tutorial_taskflow_api_virtualenv.py
[2024-07-06T14:22:29.871+0000] {logging_mixin.py:150} INFO - [2024-07-06T14:22:29.871+0000] {dag.py:2742} INFO - Sync 1 DAGs
[2024-07-06T14:22:29.894+0000] {logging_mixin.py:150} INFO - [2024-07-06T14:22:29.894+0000] {dag.py:3508} INFO - Setting next_dagrun for tutorial_taskflow_api_virtualenv to None, run_after=None
[2024-07-06T14:22:29.909+0000] {processor.py:179} INFO - Processing /home/airflow/.local/lib/python3.7/site-packages/airflow/example_dags/tutorial_taskflow_api_virtualenv.py took 0.096 seconds
[2024-07-06T14:23:00.072+0000] {processor.py:157} INFO - Started process (PID=1579) to work on /home/airflow/.local/lib/python3.7/site-packages/airflow/example_dags/tutorial_taskflow_api_virtualenv.py
[2024-07-06T14:23:00.076+0000] {processor.py:826} INFO - Processing file /home/airflow/.local/lib/python3.7/site-packages/airflow/example_dags/tutorial_taskflow_api_virtualenv.py for tasks to queue
[2024-07-06T14:23:00.079+0000] {logging_mixin.py:150} INFO - [2024-07-06T14:23:00.079+0000] {dagbag.py:541} INFO - Filling up the DagBag from /home/airflow/.local/lib/python3.7/site-packages/airflow/example_dags/tutorial_taskflow_api_virtualenv.py
[2024-07-06T14:23:00.091+0000] {processor.py:836} INFO - DAG(s) dict_keys(['tutorial_taskflow_api_virtualenv']) retrieved from /home/airflow/.local/lib/python3.7/site-packages/airflow/example_dags/tutorial_taskflow_api_virtualenv.py
[2024-07-06T14:23:00.122+0000] {logging_mixin.py:150} INFO - [2024-07-06T14:23:00.122+0000] {dag.py:2742} INFO - Sync 1 DAGs
[2024-07-06T14:23:00.145+0000] {logging_mixin.py:150} INFO - [2024-07-06T14:23:00.145+0000] {dag.py:3508} INFO - Setting next_dagrun for tutorial_taskflow_api_virtualenv to None, run_after=None
[2024-07-06T14:23:00.160+0000] {processor.py:179} INFO - Processing /home/airflow/.local/lib/python3.7/site-packages/airflow/example_dags/tutorial_taskflow_api_virtualenv.py took 0.096 seconds
[2024-07-06T14:23:30.553+0000] {processor.py:157} INFO - Started process (PID=1643) to work on /home/airflow/.local/lib/python3.7/site-packages/airflow/example_dags/tutorial_taskflow_api_virtualenv.py
[2024-07-06T14:23:30.557+0000] {processor.py:826} INFO - Processing file /home/airflow/.local/lib/python3.7/site-packages/airflow/example_dags/tutorial_taskflow_api_virtualenv.py for tasks to queue
[2024-07-06T14:23:30.560+0000] {logging_mixin.py:150} INFO - [2024-07-06T14:23:30.560+0000] {dagbag.py:541} INFO - Filling up the DagBag from /home/airflow/.local/lib/python3.7/site-packages/airflow/example_dags/tutorial_taskflow_api_virtualenv.py
[2024-07-06T14:23:30.571+0000] {processor.py:836} INFO - DAG(s) dict_keys(['tutorial_taskflow_api_virtualenv']) retrieved from /home/airflow/.local/lib/python3.7/site-packages/airflow/example_dags/tutorial_taskflow_api_virtualenv.py
[2024-07-06T14:23:30.599+0000] {logging_mixin.py:150} INFO - [2024-07-06T14:23:30.599+0000] {dag.py:2742} INFO - Sync 1 DAGs
[2024-07-06T14:23:30.623+0000] {logging_mixin.py:150} INFO - [2024-07-06T14:23:30.623+0000] {dag.py:3508} INFO - Setting next_dagrun for tutorial_taskflow_api_virtualenv to None, run_after=None
[2024-07-06T14:23:30.639+0000] {processor.py:179} INFO - Processing /home/airflow/.local/lib/python3.7/site-packages/airflow/example_dags/tutorial_taskflow_api_virtualenv.py took 0.093 seconds
[2024-07-06T14:24:01.013+0000] {processor.py:157} INFO - Started process (PID=1706) to work on /home/airflow/.local/lib/python3.7/site-packages/airflow/example_dags/tutorial_taskflow_api_virtualenv.py
[2024-07-06T14:24:01.016+0000] {processor.py:826} INFO - Processing file /home/airflow/.local/lib/python3.7/site-packages/airflow/example_dags/tutorial_taskflow_api_virtualenv.py for tasks to queue
[2024-07-06T14:24:01.018+0000] {logging_mixin.py:150} INFO - [2024-07-06T14:24:01.017+0000] {dagbag.py:541} INFO - Filling up the DagBag from /home/airflow/.local/lib/python3.7/site-packages/airflow/example_dags/tutorial_taskflow_api_virtualenv.py
[2024-07-06T14:24:01.026+0000] {processor.py:836} INFO - DAG(s) dict_keys(['tutorial_taskflow_api_virtualenv']) retrieved from /home/airflow/.local/lib/python3.7/site-packages/airflow/example_dags/tutorial_taskflow_api_virtualenv.py
[2024-07-06T14:24:01.050+0000] {logging_mixin.py:150} INFO - [2024-07-06T14:24:01.050+0000] {dag.py:2742} INFO - Sync 1 DAGs
[2024-07-06T14:24:01.069+0000] {logging_mixin.py:150} INFO - [2024-07-06T14:24:01.069+0000] {dag.py:3508} INFO - Setting next_dagrun for tutorial_taskflow_api_virtualenv to None, run_after=None
[2024-07-06T14:24:01.082+0000] {processor.py:179} INFO - Processing /home/airflow/.local/lib/python3.7/site-packages/airflow/example_dags/tutorial_taskflow_api_virtualenv.py took 0.076 seconds
[2024-07-06T14:24:31.493+0000] {processor.py:157} INFO - Started process (PID=1769) to work on /home/airflow/.local/lib/python3.7/site-packages/airflow/example_dags/tutorial_taskflow_api_virtualenv.py
[2024-07-06T14:24:31.496+0000] {processor.py:826} INFO - Processing file /home/airflow/.local/lib/python3.7/site-packages/airflow/example_dags/tutorial_taskflow_api_virtualenv.py for tasks to queue
[2024-07-06T14:24:31.498+0000] {logging_mixin.py:150} INFO - [2024-07-06T14:24:31.497+0000] {dagbag.py:541} INFO - Filling up the DagBag from /home/airflow/.local/lib/python3.7/site-packages/airflow/example_dags/tutorial_taskflow_api_virtualenv.py
[2024-07-06T14:24:31.507+0000] {processor.py:836} INFO - DAG(s) dict_keys(['tutorial_taskflow_api_virtualenv']) retrieved from /home/airflow/.local/lib/python3.7/site-packages/airflow/example_dags/tutorial_taskflow_api_virtualenv.py
[2024-07-06T14:24:31.532+0000] {logging_mixin.py:150} INFO - [2024-07-06T14:24:31.532+0000] {dag.py:2742} INFO - Sync 1 DAGs
[2024-07-06T14:24:31.552+0000] {logging_mixin.py:150} INFO - [2024-07-06T14:24:31.552+0000] {dag.py:3508} INFO - Setting next_dagrun for tutorial_taskflow_api_virtualenv to None, run_after=None
[2024-07-06T14:24:31.567+0000] {processor.py:179} INFO - Processing /home/airflow/.local/lib/python3.7/site-packages/airflow/example_dags/tutorial_taskflow_api_virtualenv.py took 0.079 seconds
[2024-07-06T14:25:02.421+0000] {processor.py:157} INFO - Started process (PID=1832) to work on /home/airflow/.local/lib/python3.7/site-packages/airflow/example_dags/tutorial_taskflow_api_virtualenv.py
[2024-07-06T14:25:02.424+0000] {processor.py:826} INFO - Processing file /home/airflow/.local/lib/python3.7/site-packages/airflow/example_dags/tutorial_taskflow_api_virtualenv.py for tasks to queue
[2024-07-06T14:25:02.426+0000] {logging_mixin.py:150} INFO - [2024-07-06T14:25:02.425+0000] {dagbag.py:541} INFO - Filling up the DagBag from /home/airflow/.local/lib/python3.7/site-packages/airflow/example_dags/tutorial_taskflow_api_virtualenv.py
[2024-07-06T14:25:02.434+0000] {processor.py:836} INFO - DAG(s) dict_keys(['tutorial_taskflow_api_virtualenv']) retrieved from /home/airflow/.local/lib/python3.7/site-packages/airflow/example_dags/tutorial_taskflow_api_virtualenv.py
[2024-07-06T14:25:02.457+0000] {logging_mixin.py:150} INFO - [2024-07-06T14:25:02.457+0000] {dag.py:2742} INFO - Sync 1 DAGs
[2024-07-06T14:25:02.474+0000] {logging_mixin.py:150} INFO - [2024-07-06T14:25:02.474+0000] {dag.py:3508} INFO - Setting next_dagrun for tutorial_taskflow_api_virtualenv to None, run_after=None
[2024-07-06T14:25:02.487+0000] {processor.py:179} INFO - Processing /home/airflow/.local/lib/python3.7/site-packages/airflow/example_dags/tutorial_taskflow_api_virtualenv.py took 0.071 seconds
[2024-07-06T14:25:32.721+0000] {processor.py:157} INFO - Started process (PID=1895) to work on /home/airflow/.local/lib/python3.7/site-packages/airflow/example_dags/tutorial_taskflow_api_virtualenv.py
[2024-07-06T14:25:32.723+0000] {processor.py:826} INFO - Processing file /home/airflow/.local/lib/python3.7/site-packages/airflow/example_dags/tutorial_taskflow_api_virtualenv.py for tasks to queue
[2024-07-06T14:25:32.724+0000] {logging_mixin.py:150} INFO - [2024-07-06T14:25:32.724+0000] {dagbag.py:541} INFO - Filling up the DagBag from /home/airflow/.local/lib/python3.7/site-packages/airflow/example_dags/tutorial_taskflow_api_virtualenv.py
[2024-07-06T14:25:32.735+0000] {processor.py:836} INFO - DAG(s) dict_keys(['tutorial_taskflow_api_virtualenv']) retrieved from /home/airflow/.local/lib/python3.7/site-packages/airflow/example_dags/tutorial_taskflow_api_virtualenv.py
[2024-07-06T14:25:32.766+0000] {logging_mixin.py:150} INFO - [2024-07-06T14:25:32.766+0000] {dag.py:2742} INFO - Sync 1 DAGs
[2024-07-06T14:25:32.786+0000] {logging_mixin.py:150} INFO - [2024-07-06T14:25:32.786+0000] {dag.py:3508} INFO - Setting next_dagrun for tutorial_taskflow_api_virtualenv to None, run_after=None
[2024-07-06T14:25:32.803+0000] {processor.py:179} INFO - Processing /home/airflow/.local/lib/python3.7/site-packages/airflow/example_dags/tutorial_taskflow_api_virtualenv.py took 0.086 seconds
[2024-07-06T14:26:03.451+0000] {processor.py:157} INFO - Started process (PID=1958) to work on /home/airflow/.local/lib/python3.7/site-packages/airflow/example_dags/tutorial_taskflow_api_virtualenv.py
[2024-07-06T14:26:03.455+0000] {processor.py:826} INFO - Processing file /home/airflow/.local/lib/python3.7/site-packages/airflow/example_dags/tutorial_taskflow_api_virtualenv.py for tasks to queue
[2024-07-06T14:26:03.457+0000] {logging_mixin.py:150} INFO - [2024-07-06T14:26:03.457+0000] {dagbag.py:541} INFO - Filling up the DagBag from /home/airflow/.local/lib/python3.7/site-packages/airflow/example_dags/tutorial_taskflow_api_virtualenv.py
[2024-07-06T14:26:03.466+0000] {processor.py:836} INFO - DAG(s) dict_keys(['tutorial_taskflow_api_virtualenv']) retrieved from /home/airflow/.local/lib/python3.7/site-packages/airflow/example_dags/tutorial_taskflow_api_virtualenv.py
[2024-07-06T14:26:03.497+0000] {logging_mixin.py:150} INFO - [2024-07-06T14:26:03.497+0000] {dag.py:2742} INFO - Sync 1 DAGs
[2024-07-06T14:26:03.521+0000] {logging_mixin.py:150} INFO - [2024-07-06T14:26:03.521+0000] {dag.py:3508} INFO - Setting next_dagrun for tutorial_taskflow_api_virtualenv to None, run_after=None
[2024-07-06T14:26:03.535+0000] {processor.py:179} INFO - Processing /home/airflow/.local/lib/python3.7/site-packages/airflow/example_dags/tutorial_taskflow_api_virtualenv.py took 0.090 seconds
[2024-07-06T14:26:34.419+0000] {processor.py:157} INFO - Started process (PID=2022) to work on /home/airflow/.local/lib/python3.7/site-packages/airflow/example_dags/tutorial_taskflow_api_virtualenv.py
[2024-07-06T14:26:34.422+0000] {processor.py:826} INFO - Processing file /home/airflow/.local/lib/python3.7/site-packages/airflow/example_dags/tutorial_taskflow_api_virtualenv.py for tasks to queue
[2024-07-06T14:26:34.424+0000] {logging_mixin.py:150} INFO - [2024-07-06T14:26:34.424+0000] {dagbag.py:541} INFO - Filling up the DagBag from /home/airflow/.local/lib/python3.7/site-packages/airflow/example_dags/tutorial_taskflow_api_virtualenv.py
[2024-07-06T14:26:34.432+0000] {processor.py:836} INFO - DAG(s) dict_keys(['tutorial_taskflow_api_virtualenv']) retrieved from /home/airflow/.local/lib/python3.7/site-packages/airflow/example_dags/tutorial_taskflow_api_virtualenv.py
[2024-07-06T14:26:34.460+0000] {logging_mixin.py:150} INFO - [2024-07-06T14:26:34.460+0000] {dag.py:2742} INFO - Sync 1 DAGs
[2024-07-06T14:26:34.482+0000] {logging_mixin.py:150} INFO - [2024-07-06T14:26:34.482+0000] {dag.py:3508} INFO - Setting next_dagrun for tutorial_taskflow_api_virtualenv to None, run_after=None
[2024-07-06T14:26:34.498+0000] {processor.py:179} INFO - Processing /home/airflow/.local/lib/python3.7/site-packages/airflow/example_dags/tutorial_taskflow_api_virtualenv.py took 0.086 seconds
[2024-07-06T14:27:04.704+0000] {processor.py:157} INFO - Started process (PID=2084) to work on /home/airflow/.local/lib/python3.7/site-packages/airflow/example_dags/tutorial_taskflow_api_virtualenv.py
[2024-07-06T14:27:04.707+0000] {processor.py:826} INFO - Processing file /home/airflow/.local/lib/python3.7/site-packages/airflow/example_dags/tutorial_taskflow_api_virtualenv.py for tasks to queue
[2024-07-06T14:27:04.710+0000] {logging_mixin.py:150} INFO - [2024-07-06T14:27:04.709+0000] {dagbag.py:541} INFO - Filling up the DagBag from /home/airflow/.local/lib/python3.7/site-packages/airflow/example_dags/tutorial_taskflow_api_virtualenv.py
[2024-07-06T14:27:04.719+0000] {processor.py:836} INFO - DAG(s) dict_keys(['tutorial_taskflow_api_virtualenv']) retrieved from /home/airflow/.local/lib/python3.7/site-packages/airflow/example_dags/tutorial_taskflow_api_virtualenv.py
[2024-07-06T14:27:04.745+0000] {logging_mixin.py:150} INFO - [2024-07-06T14:27:04.745+0000] {dag.py:2742} INFO - Sync 1 DAGs
[2024-07-06T14:27:04.768+0000] {logging_mixin.py:150} INFO - [2024-07-06T14:27:04.768+0000] {dag.py:3508} INFO - Setting next_dagrun for tutorial_taskflow_api_virtualenv to None, run_after=None
[2024-07-06T14:27:04.783+0000] {processor.py:179} INFO - Processing /home/airflow/.local/lib/python3.7/site-packages/airflow/example_dags/tutorial_taskflow_api_virtualenv.py took 0.086 seconds
[2024-07-06T14:27:35.169+0000] {processor.py:157} INFO - Started process (PID=2146) to work on /home/airflow/.local/lib/python3.7/site-packages/airflow/example_dags/tutorial_taskflow_api_virtualenv.py
[2024-07-06T14:27:35.172+0000] {processor.py:826} INFO - Processing file /home/airflow/.local/lib/python3.7/site-packages/airflow/example_dags/tutorial_taskflow_api_virtualenv.py for tasks to queue
[2024-07-06T14:27:35.174+0000] {logging_mixin.py:150} INFO - [2024-07-06T14:27:35.174+0000] {dagbag.py:541} INFO - Filling up the DagBag from /home/airflow/.local/lib/python3.7/site-packages/airflow/example_dags/tutorial_taskflow_api_virtualenv.py
[2024-07-06T14:27:35.183+0000] {processor.py:836} INFO - DAG(s) dict_keys(['tutorial_taskflow_api_virtualenv']) retrieved from /home/airflow/.local/lib/python3.7/site-packages/airflow/example_dags/tutorial_taskflow_api_virtualenv.py
[2024-07-06T14:27:35.210+0000] {logging_mixin.py:150} INFO - [2024-07-06T14:27:35.210+0000] {dag.py:2742} INFO - Sync 1 DAGs
[2024-07-06T14:27:35.230+0000] {logging_mixin.py:150} INFO - [2024-07-06T14:27:35.230+0000] {dag.py:3508} INFO - Setting next_dagrun for tutorial_taskflow_api_virtualenv to None, run_after=None
[2024-07-06T14:27:35.244+0000] {processor.py:179} INFO - Processing /home/airflow/.local/lib/python3.7/site-packages/airflow/example_dags/tutorial_taskflow_api_virtualenv.py took 0.080 seconds
[2024-07-06T14:28:05.921+0000] {processor.py:157} INFO - Started process (PID=2222) to work on /home/airflow/.local/lib/python3.7/site-packages/airflow/example_dags/tutorial_taskflow_api_virtualenv.py
[2024-07-06T14:28:05.923+0000] {processor.py:826} INFO - Processing file /home/airflow/.local/lib/python3.7/site-packages/airflow/example_dags/tutorial_taskflow_api_virtualenv.py for tasks to queue
[2024-07-06T14:28:05.924+0000] {logging_mixin.py:150} INFO - [2024-07-06T14:28:05.924+0000] {dagbag.py:541} INFO - Filling up the DagBag from /home/airflow/.local/lib/python3.7/site-packages/airflow/example_dags/tutorial_taskflow_api_virtualenv.py
[2024-07-06T14:28:05.932+0000] {processor.py:836} INFO - DAG(s) dict_keys(['tutorial_taskflow_api_virtualenv']) retrieved from /home/airflow/.local/lib/python3.7/site-packages/airflow/example_dags/tutorial_taskflow_api_virtualenv.py
[2024-07-06T14:28:05.957+0000] {logging_mixin.py:150} INFO - [2024-07-06T14:28:05.957+0000] {dag.py:2742} INFO - Sync 1 DAGs
[2024-07-06T14:28:05.978+0000] {logging_mixin.py:150} INFO - [2024-07-06T14:28:05.978+0000] {dag.py:3508} INFO - Setting next_dagrun for tutorial_taskflow_api_virtualenv to None, run_after=None
[2024-07-06T14:28:05.992+0000] {processor.py:179} INFO - Processing /home/airflow/.local/lib/python3.7/site-packages/airflow/example_dags/tutorial_taskflow_api_virtualenv.py took 0.074 seconds
[2024-07-06T14:28:36.650+0000] {processor.py:157} INFO - Started process (PID=2290) to work on /home/airflow/.local/lib/python3.7/site-packages/airflow/example_dags/tutorial_taskflow_api_virtualenv.py
[2024-07-06T14:28:36.652+0000] {processor.py:826} INFO - Processing file /home/airflow/.local/lib/python3.7/site-packages/airflow/example_dags/tutorial_taskflow_api_virtualenv.py for tasks to queue
[2024-07-06T14:28:36.654+0000] {logging_mixin.py:150} INFO - [2024-07-06T14:28:36.653+0000] {dagbag.py:541} INFO - Filling up the DagBag from /home/airflow/.local/lib/python3.7/site-packages/airflow/example_dags/tutorial_taskflow_api_virtualenv.py
[2024-07-06T14:28:36.665+0000] {processor.py:836} INFO - DAG(s) dict_keys(['tutorial_taskflow_api_virtualenv']) retrieved from /home/airflow/.local/lib/python3.7/site-packages/airflow/example_dags/tutorial_taskflow_api_virtualenv.py
[2024-07-06T14:28:36.694+0000] {logging_mixin.py:150} INFO - [2024-07-06T14:28:36.694+0000] {dag.py:2742} INFO - Sync 1 DAGs
[2024-07-06T14:28:36.716+0000] {logging_mixin.py:150} INFO - [2024-07-06T14:28:36.716+0000] {dag.py:3508} INFO - Setting next_dagrun for tutorial_taskflow_api_virtualenv to None, run_after=None
[2024-07-06T14:28:36.731+0000] {processor.py:179} INFO - Processing /home/airflow/.local/lib/python3.7/site-packages/airflow/example_dags/tutorial_taskflow_api_virtualenv.py took 0.085 seconds
[2024-07-06T14:29:07.209+0000] {processor.py:157} INFO - Started process (PID=2353) to work on /home/airflow/.local/lib/python3.7/site-packages/airflow/example_dags/tutorial_taskflow_api_virtualenv.py
[2024-07-06T14:29:07.211+0000] {processor.py:826} INFO - Processing file /home/airflow/.local/lib/python3.7/site-packages/airflow/example_dags/tutorial_taskflow_api_virtualenv.py for tasks to queue
[2024-07-06T14:29:07.213+0000] {logging_mixin.py:150} INFO - [2024-07-06T14:29:07.213+0000] {dagbag.py:541} INFO - Filling up the DagBag from /home/airflow/.local/lib/python3.7/site-packages/airflow/example_dags/tutorial_taskflow_api_virtualenv.py
[2024-07-06T14:29:07.221+0000] {processor.py:836} INFO - DAG(s) dict_keys(['tutorial_taskflow_api_virtualenv']) retrieved from /home/airflow/.local/lib/python3.7/site-packages/airflow/example_dags/tutorial_taskflow_api_virtualenv.py
[2024-07-06T14:29:07.251+0000] {logging_mixin.py:150} INFO - [2024-07-06T14:29:07.251+0000] {dag.py:2742} INFO - Sync 1 DAGs
[2024-07-06T14:29:07.288+0000] {logging_mixin.py:150} INFO - [2024-07-06T14:29:07.287+0000] {dag.py:3508} INFO - Setting next_dagrun for tutorial_taskflow_api_virtualenv to None, run_after=None
[2024-07-06T14:29:07.308+0000] {processor.py:179} INFO - Processing /home/airflow/.local/lib/python3.7/site-packages/airflow/example_dags/tutorial_taskflow_api_virtualenv.py took 0.103 seconds
[2024-07-06T14:29:37.821+0000] {processor.py:157} INFO - Started process (PID=2419) to work on /home/airflow/.local/lib/python3.7/site-packages/airflow/example_dags/tutorial_taskflow_api_virtualenv.py
[2024-07-06T14:29:37.824+0000] {processor.py:826} INFO - Processing file /home/airflow/.local/lib/python3.7/site-packages/airflow/example_dags/tutorial_taskflow_api_virtualenv.py for tasks to queue
[2024-07-06T14:29:37.825+0000] {logging_mixin.py:150} INFO - [2024-07-06T14:29:37.825+0000] {dagbag.py:541} INFO - Filling up the DagBag from /home/airflow/.local/lib/python3.7/site-packages/airflow/example_dags/tutorial_taskflow_api_virtualenv.py
[2024-07-06T14:29:37.839+0000] {processor.py:836} INFO - DAG(s) dict_keys(['tutorial_taskflow_api_virtualenv']) retrieved from /home/airflow/.local/lib/python3.7/site-packages/airflow/example_dags/tutorial_taskflow_api_virtualenv.py
[2024-07-06T14:29:37.874+0000] {logging_mixin.py:150} INFO - [2024-07-06T14:29:37.874+0000] {dag.py:2742} INFO - Sync 1 DAGs
[2024-07-06T14:29:37.901+0000] {logging_mixin.py:150} INFO - [2024-07-06T14:29:37.901+0000] {dag.py:3508} INFO - Setting next_dagrun for tutorial_taskflow_api_virtualenv to None, run_after=None
[2024-07-06T14:29:37.924+0000] {processor.py:179} INFO - Processing /home/airflow/.local/lib/python3.7/site-packages/airflow/example_dags/tutorial_taskflow_api_virtualenv.py took 0.112 seconds
[2024-07-06T14:30:08.177+0000] {processor.py:157} INFO - Started process (PID=2482) to work on /home/airflow/.local/lib/python3.7/site-packages/airflow/example_dags/tutorial_taskflow_api_virtualenv.py
[2024-07-06T14:30:08.181+0000] {processor.py:826} INFO - Processing file /home/airflow/.local/lib/python3.7/site-packages/airflow/example_dags/tutorial_taskflow_api_virtualenv.py for tasks to queue
[2024-07-06T14:30:08.185+0000] {logging_mixin.py:150} INFO - [2024-07-06T14:30:08.185+0000] {dagbag.py:541} INFO - Filling up the DagBag from /home/airflow/.local/lib/python3.7/site-packages/airflow/example_dags/tutorial_taskflow_api_virtualenv.py
[2024-07-06T14:30:08.196+0000] {processor.py:836} INFO - DAG(s) dict_keys(['tutorial_taskflow_api_virtualenv']) retrieved from /home/airflow/.local/lib/python3.7/site-packages/airflow/example_dags/tutorial_taskflow_api_virtualenv.py
[2024-07-06T14:30:08.229+0000] {logging_mixin.py:150} INFO - [2024-07-06T14:30:08.229+0000] {dag.py:2742} INFO - Sync 1 DAGs
[2024-07-06T14:30:08.253+0000] {logging_mixin.py:150} INFO - [2024-07-06T14:30:08.253+0000] {dag.py:3508} INFO - Setting next_dagrun for tutorial_taskflow_api_virtualenv to None, run_after=None
[2024-07-06T14:30:08.268+0000] {processor.py:179} INFO - Processing /home/airflow/.local/lib/python3.7/site-packages/airflow/example_dags/tutorial_taskflow_api_virtualenv.py took 0.099 seconds
[2024-07-06T14:30:39.073+0000] {processor.py:157} INFO - Started process (PID=2546) to work on /home/airflow/.local/lib/python3.7/site-packages/airflow/example_dags/tutorial_taskflow_api_virtualenv.py
[2024-07-06T14:30:39.075+0000] {processor.py:826} INFO - Processing file /home/airflow/.local/lib/python3.7/site-packages/airflow/example_dags/tutorial_taskflow_api_virtualenv.py for tasks to queue
[2024-07-06T14:30:39.076+0000] {logging_mixin.py:150} INFO - [2024-07-06T14:30:39.076+0000] {dagbag.py:541} INFO - Filling up the DagBag from /home/airflow/.local/lib/python3.7/site-packages/airflow/example_dags/tutorial_taskflow_api_virtualenv.py
[2024-07-06T14:30:39.083+0000] {processor.py:836} INFO - DAG(s) dict_keys(['tutorial_taskflow_api_virtualenv']) retrieved from /home/airflow/.local/lib/python3.7/site-packages/airflow/example_dags/tutorial_taskflow_api_virtualenv.py
[2024-07-06T14:30:39.106+0000] {logging_mixin.py:150} INFO - [2024-07-06T14:30:39.106+0000] {dag.py:2742} INFO - Sync 1 DAGs
[2024-07-06T14:30:39.124+0000] {logging_mixin.py:150} INFO - [2024-07-06T14:30:39.124+0000] {dag.py:3508} INFO - Setting next_dagrun for tutorial_taskflow_api_virtualenv to None, run_after=None
[2024-07-06T14:30:39.138+0000] {processor.py:179} INFO - Processing /home/airflow/.local/lib/python3.7/site-packages/airflow/example_dags/tutorial_taskflow_api_virtualenv.py took 0.069 seconds
