[2024-07-06T14:10:46.410+0000] {processor.py:157} INFO - Started process (PID=78) to work on /home/airflow/.local/lib/python3.7/site-packages/airflow/example_dags/tutorial.py
[2024-07-06T14:10:46.413+0000] {processor.py:826} INFO - Processing file /home/airflow/.local/lib/python3.7/site-packages/airflow/example_dags/tutorial.py for tasks to queue
[2024-07-06T14:10:46.415+0000] {logging_mixin.py:150} INFO - [2024-07-06T14:10:46.415+0000] {dagbag.py:541} INFO - Filling up the DagBag from /home/airflow/.local/lib/python3.7/site-packages/airflow/example_dags/tutorial.py
[2024-07-06T14:10:46.426+0000] {processor.py:836} INFO - DAG(s) dict_keys(['tutorial']) retrieved from /home/airflow/.local/lib/python3.7/site-packages/airflow/example_dags/tutorial.py
[2024-07-06T14:10:46.442+0000] {logging_mixin.py:150} INFO - [2024-07-06T14:10:46.442+0000] {dag.py:2742} INFO - Sync 1 DAGs
[2024-07-06T14:10:46.466+0000] {logging_mixin.py:150} INFO - [2024-07-06T14:10:46.466+0000] {dag.py:3508} INFO - Setting next_dagrun for tutorial to 2024-07-05T14:10:46.465690+00:00, run_after=2024-07-06T14:10:46.465690+00:00
[2024-07-06T14:10:46.483+0000] {processor.py:179} INFO - Processing /home/airflow/.local/lib/python3.7/site-packages/airflow/example_dags/tutorial.py took 0.076 seconds
[2024-07-06T14:11:17.438+0000] {processor.py:157} INFO - Started process (PID=140) to work on /home/airflow/.local/lib/python3.7/site-packages/airflow/example_dags/tutorial.py
[2024-07-06T14:11:17.439+0000] {processor.py:826} INFO - Processing file /home/airflow/.local/lib/python3.7/site-packages/airflow/example_dags/tutorial.py for tasks to queue
[2024-07-06T14:11:17.442+0000] {logging_mixin.py:150} INFO - [2024-07-06T14:11:17.441+0000] {dagbag.py:541} INFO - Filling up the DagBag from /home/airflow/.local/lib/python3.7/site-packages/airflow/example_dags/tutorial.py
[2024-07-06T14:11:17.450+0000] {processor.py:836} INFO - DAG(s) dict_keys(['tutorial']) retrieved from /home/airflow/.local/lib/python3.7/site-packages/airflow/example_dags/tutorial.py
[2024-07-06T14:11:17.473+0000] {logging_mixin.py:150} INFO - [2024-07-06T14:11:17.473+0000] {dag.py:2742} INFO - Sync 1 DAGs
[2024-07-06T14:11:17.497+0000] {logging_mixin.py:150} INFO - [2024-07-06T14:11:17.497+0000] {dag.py:3508} INFO - Setting next_dagrun for tutorial to 2024-07-05T14:11:17.497001+00:00, run_after=2024-07-06T14:11:17.497001+00:00
[2024-07-06T14:11:17.512+0000] {processor.py:179} INFO - Processing /home/airflow/.local/lib/python3.7/site-packages/airflow/example_dags/tutorial.py took 0.078 seconds
[2024-07-06T14:11:47.994+0000] {processor.py:157} INFO - Started process (PID=203) to work on /home/airflow/.local/lib/python3.7/site-packages/airflow/example_dags/tutorial.py
[2024-07-06T14:11:47.996+0000] {processor.py:826} INFO - Processing file /home/airflow/.local/lib/python3.7/site-packages/airflow/example_dags/tutorial.py for tasks to queue
[2024-07-06T14:11:47.998+0000] {logging_mixin.py:150} INFO - [2024-07-06T14:11:47.997+0000] {dagbag.py:541} INFO - Filling up the DagBag from /home/airflow/.local/lib/python3.7/site-packages/airflow/example_dags/tutorial.py
[2024-07-06T14:11:48.004+0000] {processor.py:836} INFO - DAG(s) dict_keys(['tutorial']) retrieved from /home/airflow/.local/lib/python3.7/site-packages/airflow/example_dags/tutorial.py
[2024-07-06T14:11:48.025+0000] {logging_mixin.py:150} INFO - [2024-07-06T14:11:48.025+0000] {dag.py:2742} INFO - Sync 1 DAGs
[2024-07-06T14:11:48.045+0000] {logging_mixin.py:150} INFO - [2024-07-06T14:11:48.044+0000] {dag.py:3508} INFO - Setting next_dagrun for tutorial to 2024-07-05T14:11:48.044692+00:00, run_after=2024-07-06T14:11:48.044692+00:00
[2024-07-06T14:11:48.060+0000] {processor.py:179} INFO - Processing /home/airflow/.local/lib/python3.7/site-packages/airflow/example_dags/tutorial.py took 0.069 seconds
[2024-07-06T14:12:18.419+0000] {processor.py:157} INFO - Started process (PID=266) to work on /home/airflow/.local/lib/python3.7/site-packages/airflow/example_dags/tutorial.py
[2024-07-06T14:12:18.420+0000] {processor.py:826} INFO - Processing file /home/airflow/.local/lib/python3.7/site-packages/airflow/example_dags/tutorial.py for tasks to queue
[2024-07-06T14:12:18.423+0000] {logging_mixin.py:150} INFO - [2024-07-06T14:12:18.423+0000] {dagbag.py:541} INFO - Filling up the DagBag from /home/airflow/.local/lib/python3.7/site-packages/airflow/example_dags/tutorial.py
[2024-07-06T14:12:18.430+0000] {processor.py:836} INFO - DAG(s) dict_keys(['tutorial']) retrieved from /home/airflow/.local/lib/python3.7/site-packages/airflow/example_dags/tutorial.py
[2024-07-06T14:12:18.452+0000] {logging_mixin.py:150} INFO - [2024-07-06T14:12:18.452+0000] {dag.py:2742} INFO - Sync 1 DAGs
[2024-07-06T14:12:18.469+0000] {logging_mixin.py:150} INFO - [2024-07-06T14:12:18.469+0000] {dag.py:3508} INFO - Setting next_dagrun for tutorial to 2024-07-05T14:12:18.469165+00:00, run_after=2024-07-06T14:12:18.469165+00:00
[2024-07-06T14:12:18.482+0000] {processor.py:179} INFO - Processing /home/airflow/.local/lib/python3.7/site-packages/airflow/example_dags/tutorial.py took 0.066 seconds
[2024-07-06T14:12:48.646+0000] {processor.py:157} INFO - Started process (PID=329) to work on /home/airflow/.local/lib/python3.7/site-packages/airflow/example_dags/tutorial.py
[2024-07-06T14:12:48.647+0000] {processor.py:826} INFO - Processing file /home/airflow/.local/lib/python3.7/site-packages/airflow/example_dags/tutorial.py for tasks to queue
[2024-07-06T14:12:48.648+0000] {logging_mixin.py:150} INFO - [2024-07-06T14:12:48.648+0000] {dagbag.py:541} INFO - Filling up the DagBag from /home/airflow/.local/lib/python3.7/site-packages/airflow/example_dags/tutorial.py
[2024-07-06T14:12:48.654+0000] {processor.py:836} INFO - DAG(s) dict_keys(['tutorial']) retrieved from /home/airflow/.local/lib/python3.7/site-packages/airflow/example_dags/tutorial.py
[2024-07-06T14:12:48.674+0000] {logging_mixin.py:150} INFO - [2024-07-06T14:12:48.674+0000] {dag.py:2742} INFO - Sync 1 DAGs
[2024-07-06T14:12:48.692+0000] {logging_mixin.py:150} INFO - [2024-07-06T14:12:48.692+0000] {dag.py:3508} INFO - Setting next_dagrun for tutorial to 2024-07-05T14:12:48.692237+00:00, run_after=2024-07-06T14:12:48.692237+00:00
[2024-07-06T14:12:48.709+0000] {processor.py:179} INFO - Processing /home/airflow/.local/lib/python3.7/site-packages/airflow/example_dags/tutorial.py took 0.066 seconds
[2024-07-06T14:13:18.971+0000] {processor.py:157} INFO - Started process (PID=392) to work on /home/airflow/.local/lib/python3.7/site-packages/airflow/example_dags/tutorial.py
[2024-07-06T14:13:18.973+0000] {processor.py:826} INFO - Processing file /home/airflow/.local/lib/python3.7/site-packages/airflow/example_dags/tutorial.py for tasks to queue
[2024-07-06T14:13:18.974+0000] {logging_mixin.py:150} INFO - [2024-07-06T14:13:18.974+0000] {dagbag.py:541} INFO - Filling up the DagBag from /home/airflow/.local/lib/python3.7/site-packages/airflow/example_dags/tutorial.py
[2024-07-06T14:13:18.981+0000] {processor.py:836} INFO - DAG(s) dict_keys(['tutorial']) retrieved from /home/airflow/.local/lib/python3.7/site-packages/airflow/example_dags/tutorial.py
[2024-07-06T14:13:19.003+0000] {logging_mixin.py:150} INFO - [2024-07-06T14:13:19.002+0000] {dag.py:2742} INFO - Sync 1 DAGs
[2024-07-06T14:13:19.020+0000] {logging_mixin.py:150} INFO - [2024-07-06T14:13:19.019+0000] {dag.py:3508} INFO - Setting next_dagrun for tutorial to 2024-07-05T14:13:19.019672+00:00, run_after=2024-07-06T14:13:19.019672+00:00
[2024-07-06T14:13:19.034+0000] {processor.py:179} INFO - Processing /home/airflow/.local/lib/python3.7/site-packages/airflow/example_dags/tutorial.py took 0.066 seconds
[2024-07-06T14:13:49.377+0000] {processor.py:157} INFO - Started process (PID=456) to work on /home/airflow/.local/lib/python3.7/site-packages/airflow/example_dags/tutorial.py
[2024-07-06T14:13:49.379+0000] {processor.py:826} INFO - Processing file /home/airflow/.local/lib/python3.7/site-packages/airflow/example_dags/tutorial.py for tasks to queue
[2024-07-06T14:13:49.381+0000] {logging_mixin.py:150} INFO - [2024-07-06T14:13:49.380+0000] {dagbag.py:541} INFO - Filling up the DagBag from /home/airflow/.local/lib/python3.7/site-packages/airflow/example_dags/tutorial.py
[2024-07-06T14:13:49.388+0000] {processor.py:836} INFO - DAG(s) dict_keys(['tutorial']) retrieved from /home/airflow/.local/lib/python3.7/site-packages/airflow/example_dags/tutorial.py
[2024-07-06T14:13:49.413+0000] {logging_mixin.py:150} INFO - [2024-07-06T14:13:49.413+0000] {dag.py:2742} INFO - Sync 1 DAGs
[2024-07-06T14:13:49.433+0000] {logging_mixin.py:150} INFO - [2024-07-06T14:13:49.433+0000] {dag.py:3508} INFO - Setting next_dagrun for tutorial to 2024-07-05T14:13:49.433494+00:00, run_after=2024-07-06T14:13:49.433494+00:00
[2024-07-06T14:13:49.448+0000] {processor.py:179} INFO - Processing /home/airflow/.local/lib/python3.7/site-packages/airflow/example_dags/tutorial.py took 0.074 seconds
[2024-07-06T14:14:19.801+0000] {processor.py:157} INFO - Started process (PID=519) to work on /home/airflow/.local/lib/python3.7/site-packages/airflow/example_dags/tutorial.py
[2024-07-06T14:14:19.803+0000] {processor.py:826} INFO - Processing file /home/airflow/.local/lib/python3.7/site-packages/airflow/example_dags/tutorial.py for tasks to queue
[2024-07-06T14:14:19.804+0000] {logging_mixin.py:150} INFO - [2024-07-06T14:14:19.804+0000] {dagbag.py:541} INFO - Filling up the DagBag from /home/airflow/.local/lib/python3.7/site-packages/airflow/example_dags/tutorial.py
[2024-07-06T14:14:19.811+0000] {processor.py:836} INFO - DAG(s) dict_keys(['tutorial']) retrieved from /home/airflow/.local/lib/python3.7/site-packages/airflow/example_dags/tutorial.py
[2024-07-06T14:14:19.834+0000] {logging_mixin.py:150} INFO - [2024-07-06T14:14:19.834+0000] {dag.py:2742} INFO - Sync 1 DAGs
[2024-07-06T14:14:19.854+0000] {logging_mixin.py:150} INFO - [2024-07-06T14:14:19.854+0000] {dag.py:3508} INFO - Setting next_dagrun for tutorial to 2024-07-05T14:14:19.853975+00:00, run_after=2024-07-06T14:14:19.853975+00:00
[2024-07-06T14:14:19.867+0000] {processor.py:179} INFO - Processing /home/airflow/.local/lib/python3.7/site-packages/airflow/example_dags/tutorial.py took 0.069 seconds
[2024-07-06T14:14:50.188+0000] {processor.py:157} INFO - Started process (PID=583) to work on /home/airflow/.local/lib/python3.7/site-packages/airflow/example_dags/tutorial.py
[2024-07-06T14:14:50.190+0000] {processor.py:826} INFO - Processing file /home/airflow/.local/lib/python3.7/site-packages/airflow/example_dags/tutorial.py for tasks to queue
[2024-07-06T14:14:50.191+0000] {logging_mixin.py:150} INFO - [2024-07-06T14:14:50.191+0000] {dagbag.py:541} INFO - Filling up the DagBag from /home/airflow/.local/lib/python3.7/site-packages/airflow/example_dags/tutorial.py
[2024-07-06T14:14:50.197+0000] {processor.py:836} INFO - DAG(s) dict_keys(['tutorial']) retrieved from /home/airflow/.local/lib/python3.7/site-packages/airflow/example_dags/tutorial.py
[2024-07-06T14:14:50.220+0000] {logging_mixin.py:150} INFO - [2024-07-06T14:14:50.220+0000] {dag.py:2742} INFO - Sync 1 DAGs
[2024-07-06T14:14:50.239+0000] {logging_mixin.py:150} INFO - [2024-07-06T14:14:50.239+0000] {dag.py:3508} INFO - Setting next_dagrun for tutorial to 2024-07-05T14:14:50.239032+00:00, run_after=2024-07-06T14:14:50.239032+00:00
[2024-07-06T14:14:50.253+0000] {processor.py:179} INFO - Processing /home/airflow/.local/lib/python3.7/site-packages/airflow/example_dags/tutorial.py took 0.068 seconds
[2024-07-06T14:15:20.693+0000] {processor.py:157} INFO - Started process (PID=646) to work on /home/airflow/.local/lib/python3.7/site-packages/airflow/example_dags/tutorial.py
[2024-07-06T14:15:20.695+0000] {processor.py:826} INFO - Processing file /home/airflow/.local/lib/python3.7/site-packages/airflow/example_dags/tutorial.py for tasks to queue
[2024-07-06T14:15:20.696+0000] {logging_mixin.py:150} INFO - [2024-07-06T14:15:20.696+0000] {dagbag.py:541} INFO - Filling up the DagBag from /home/airflow/.local/lib/python3.7/site-packages/airflow/example_dags/tutorial.py
[2024-07-06T14:15:20.704+0000] {processor.py:836} INFO - DAG(s) dict_keys(['tutorial']) retrieved from /home/airflow/.local/lib/python3.7/site-packages/airflow/example_dags/tutorial.py
[2024-07-06T14:15:20.735+0000] {logging_mixin.py:150} INFO - [2024-07-06T14:15:20.735+0000] {dag.py:2742} INFO - Sync 1 DAGs
[2024-07-06T14:15:20.759+0000] {logging_mixin.py:150} INFO - [2024-07-06T14:15:20.758+0000] {dag.py:3508} INFO - Setting next_dagrun for tutorial to 2024-07-05T14:15:20.758770+00:00, run_after=2024-07-06T14:15:20.758770+00:00
[2024-07-06T14:15:20.773+0000] {processor.py:179} INFO - Processing /home/airflow/.local/lib/python3.7/site-packages/airflow/example_dags/tutorial.py took 0.083 seconds
[2024-07-06T14:15:51.107+0000] {processor.py:157} INFO - Started process (PID=708) to work on /home/airflow/.local/lib/python3.7/site-packages/airflow/example_dags/tutorial.py
[2024-07-06T14:15:51.109+0000] {processor.py:826} INFO - Processing file /home/airflow/.local/lib/python3.7/site-packages/airflow/example_dags/tutorial.py for tasks to queue
[2024-07-06T14:15:51.110+0000] {logging_mixin.py:150} INFO - [2024-07-06T14:15:51.110+0000] {dagbag.py:541} INFO - Filling up the DagBag from /home/airflow/.local/lib/python3.7/site-packages/airflow/example_dags/tutorial.py
[2024-07-06T14:15:51.116+0000] {processor.py:836} INFO - DAG(s) dict_keys(['tutorial']) retrieved from /home/airflow/.local/lib/python3.7/site-packages/airflow/example_dags/tutorial.py
[2024-07-06T14:15:51.135+0000] {logging_mixin.py:150} INFO - [2024-07-06T14:15:51.135+0000] {dag.py:2742} INFO - Sync 1 DAGs
[2024-07-06T14:15:51.150+0000] {logging_mixin.py:150} INFO - [2024-07-06T14:15:51.150+0000] {dag.py:3508} INFO - Setting next_dagrun for tutorial to 2024-07-05T14:15:51.150639+00:00, run_after=2024-07-06T14:15:51.150639+00:00
[2024-07-06T14:15:51.164+0000] {processor.py:179} INFO - Processing /home/airflow/.local/lib/python3.7/site-packages/airflow/example_dags/tutorial.py took 0.061 seconds
[2024-07-06T14:16:21.693+0000] {processor.py:157} INFO - Started process (PID=771) to work on /home/airflow/.local/lib/python3.7/site-packages/airflow/example_dags/tutorial.py
[2024-07-06T14:16:21.695+0000] {processor.py:826} INFO - Processing file /home/airflow/.local/lib/python3.7/site-packages/airflow/example_dags/tutorial.py for tasks to queue
[2024-07-06T14:16:21.696+0000] {logging_mixin.py:150} INFO - [2024-07-06T14:16:21.696+0000] {dagbag.py:541} INFO - Filling up the DagBag from /home/airflow/.local/lib/python3.7/site-packages/airflow/example_dags/tutorial.py
[2024-07-06T14:16:21.702+0000] {processor.py:836} INFO - DAG(s) dict_keys(['tutorial']) retrieved from /home/airflow/.local/lib/python3.7/site-packages/airflow/example_dags/tutorial.py
[2024-07-06T14:16:21.723+0000] {logging_mixin.py:150} INFO - [2024-07-06T14:16:21.723+0000] {dag.py:2742} INFO - Sync 1 DAGs
[2024-07-06T14:16:21.740+0000] {logging_mixin.py:150} INFO - [2024-07-06T14:16:21.740+0000] {dag.py:3508} INFO - Setting next_dagrun for tutorial to 2024-07-05T14:16:21.740447+00:00, run_after=2024-07-06T14:16:21.740447+00:00
[2024-07-06T14:16:21.755+0000] {processor.py:179} INFO - Processing /home/airflow/.local/lib/python3.7/site-packages/airflow/example_dags/tutorial.py took 0.065 seconds
[2024-07-06T14:16:52.352+0000] {processor.py:157} INFO - Started process (PID=834) to work on /home/airflow/.local/lib/python3.7/site-packages/airflow/example_dags/tutorial.py
[2024-07-06T14:16:52.355+0000] {processor.py:826} INFO - Processing file /home/airflow/.local/lib/python3.7/site-packages/airflow/example_dags/tutorial.py for tasks to queue
[2024-07-06T14:16:52.357+0000] {logging_mixin.py:150} INFO - [2024-07-06T14:16:52.356+0000] {dagbag.py:541} INFO - Filling up the DagBag from /home/airflow/.local/lib/python3.7/site-packages/airflow/example_dags/tutorial.py
[2024-07-06T14:16:52.364+0000] {processor.py:836} INFO - DAG(s) dict_keys(['tutorial']) retrieved from /home/airflow/.local/lib/python3.7/site-packages/airflow/example_dags/tutorial.py
[2024-07-06T14:16:52.392+0000] {logging_mixin.py:150} INFO - [2024-07-06T14:16:52.392+0000] {dag.py:2742} INFO - Sync 1 DAGs
[2024-07-06T14:16:52.421+0000] {logging_mixin.py:150} INFO - [2024-07-06T14:16:52.420+0000] {dag.py:3508} INFO - Setting next_dagrun for tutorial to 2024-07-05T14:16:52.420462+00:00, run_after=2024-07-06T14:16:52.420462+00:00
[2024-07-06T14:16:52.438+0000] {processor.py:179} INFO - Processing /home/airflow/.local/lib/python3.7/site-packages/airflow/example_dags/tutorial.py took 0.092 seconds
[2024-07-06T14:17:23.419+0000] {processor.py:157} INFO - Started process (PID=897) to work on /home/airflow/.local/lib/python3.7/site-packages/airflow/example_dags/tutorial.py
[2024-07-06T14:17:23.422+0000] {processor.py:826} INFO - Processing file /home/airflow/.local/lib/python3.7/site-packages/airflow/example_dags/tutorial.py for tasks to queue
[2024-07-06T14:17:23.423+0000] {logging_mixin.py:150} INFO - [2024-07-06T14:17:23.423+0000] {dagbag.py:541} INFO - Filling up the DagBag from /home/airflow/.local/lib/python3.7/site-packages/airflow/example_dags/tutorial.py
[2024-07-06T14:17:23.432+0000] {processor.py:836} INFO - DAG(s) dict_keys(['tutorial']) retrieved from /home/airflow/.local/lib/python3.7/site-packages/airflow/example_dags/tutorial.py
[2024-07-06T14:17:23.461+0000] {logging_mixin.py:150} INFO - [2024-07-06T14:17:23.461+0000] {dag.py:2742} INFO - Sync 1 DAGs
[2024-07-06T14:17:23.492+0000] {logging_mixin.py:150} INFO - [2024-07-06T14:17:23.491+0000] {dag.py:3508} INFO - Setting next_dagrun for tutorial to 2024-07-05T14:17:23.491620+00:00, run_after=2024-07-06T14:17:23.491620+00:00
[2024-07-06T14:17:23.510+0000] {processor.py:179} INFO - Processing /home/airflow/.local/lib/python3.7/site-packages/airflow/example_dags/tutorial.py took 0.093 seconds
[2024-07-06T14:17:54.698+0000] {processor.py:157} INFO - Started process (PID=959) to work on /home/airflow/.local/lib/python3.7/site-packages/airflow/example_dags/tutorial.py
[2024-07-06T14:17:54.700+0000] {processor.py:826} INFO - Processing file /home/airflow/.local/lib/python3.7/site-packages/airflow/example_dags/tutorial.py for tasks to queue
[2024-07-06T14:17:54.701+0000] {logging_mixin.py:150} INFO - [2024-07-06T14:17:54.701+0000] {dagbag.py:541} INFO - Filling up the DagBag from /home/airflow/.local/lib/python3.7/site-packages/airflow/example_dags/tutorial.py
[2024-07-06T14:17:54.708+0000] {processor.py:836} INFO - DAG(s) dict_keys(['tutorial']) retrieved from /home/airflow/.local/lib/python3.7/site-packages/airflow/example_dags/tutorial.py
[2024-07-06T14:17:54.733+0000] {logging_mixin.py:150} INFO - [2024-07-06T14:17:54.733+0000] {dag.py:2742} INFO - Sync 1 DAGs
[2024-07-06T14:17:54.753+0000] {logging_mixin.py:150} INFO - [2024-07-06T14:17:54.753+0000] {dag.py:3508} INFO - Setting next_dagrun for tutorial to 2024-07-05T14:17:54.752957+00:00, run_after=2024-07-06T14:17:54.752957+00:00
[2024-07-06T14:17:54.768+0000] {processor.py:179} INFO - Processing /home/airflow/.local/lib/python3.7/site-packages/airflow/example_dags/tutorial.py took 0.073 seconds
[2024-07-06T14:18:26.019+0000] {processor.py:157} INFO - Started process (PID=1022) to work on /home/airflow/.local/lib/python3.7/site-packages/airflow/example_dags/tutorial.py
[2024-07-06T14:18:26.021+0000] {processor.py:826} INFO - Processing file /home/airflow/.local/lib/python3.7/site-packages/airflow/example_dags/tutorial.py for tasks to queue
[2024-07-06T14:18:26.022+0000] {logging_mixin.py:150} INFO - [2024-07-06T14:18:26.022+0000] {dagbag.py:541} INFO - Filling up the DagBag from /home/airflow/.local/lib/python3.7/site-packages/airflow/example_dags/tutorial.py
[2024-07-06T14:18:26.028+0000] {processor.py:836} INFO - DAG(s) dict_keys(['tutorial']) retrieved from /home/airflow/.local/lib/python3.7/site-packages/airflow/example_dags/tutorial.py
[2024-07-06T14:18:26.052+0000] {logging_mixin.py:150} INFO - [2024-07-06T14:18:26.052+0000] {dag.py:2742} INFO - Sync 1 DAGs
[2024-07-06T14:18:26.071+0000] {logging_mixin.py:150} INFO - [2024-07-06T14:18:26.071+0000] {dag.py:3508} INFO - Setting next_dagrun for tutorial to 2024-07-05T14:18:26.070998+00:00, run_after=2024-07-06T14:18:26.070998+00:00
[2024-07-06T14:18:26.084+0000] {processor.py:179} INFO - Processing /home/airflow/.local/lib/python3.7/site-packages/airflow/example_dags/tutorial.py took 0.069 seconds
[2024-07-06T14:18:56.508+0000] {processor.py:157} INFO - Started process (PID=1085) to work on /home/airflow/.local/lib/python3.7/site-packages/airflow/example_dags/tutorial.py
[2024-07-06T14:18:56.511+0000] {processor.py:826} INFO - Processing file /home/airflow/.local/lib/python3.7/site-packages/airflow/example_dags/tutorial.py for tasks to queue
[2024-07-06T14:18:56.512+0000] {logging_mixin.py:150} INFO - [2024-07-06T14:18:56.512+0000] {dagbag.py:541} INFO - Filling up the DagBag from /home/airflow/.local/lib/python3.7/site-packages/airflow/example_dags/tutorial.py
[2024-07-06T14:18:56.519+0000] {processor.py:836} INFO - DAG(s) dict_keys(['tutorial']) retrieved from /home/airflow/.local/lib/python3.7/site-packages/airflow/example_dags/tutorial.py
[2024-07-06T14:18:56.542+0000] {logging_mixin.py:150} INFO - [2024-07-06T14:18:56.541+0000] {dag.py:2742} INFO - Sync 1 DAGs
[2024-07-06T14:18:56.559+0000] {logging_mixin.py:150} INFO - [2024-07-06T14:18:56.559+0000] {dag.py:3508} INFO - Setting next_dagrun for tutorial to 2024-07-05T14:18:56.558943+00:00, run_after=2024-07-06T14:18:56.558943+00:00
[2024-07-06T14:18:56.572+0000] {processor.py:179} INFO - Processing /home/airflow/.local/lib/python3.7/site-packages/airflow/example_dags/tutorial.py took 0.068 seconds
[2024-07-06T14:19:27.650+0000] {processor.py:157} INFO - Started process (PID=1148) to work on /home/airflow/.local/lib/python3.7/site-packages/airflow/example_dags/tutorial.py
[2024-07-06T14:19:27.652+0000] {processor.py:826} INFO - Processing file /home/airflow/.local/lib/python3.7/site-packages/airflow/example_dags/tutorial.py for tasks to queue
[2024-07-06T14:19:27.653+0000] {logging_mixin.py:150} INFO - [2024-07-06T14:19:27.653+0000] {dagbag.py:541} INFO - Filling up the DagBag from /home/airflow/.local/lib/python3.7/site-packages/airflow/example_dags/tutorial.py
[2024-07-06T14:19:27.659+0000] {processor.py:836} INFO - DAG(s) dict_keys(['tutorial']) retrieved from /home/airflow/.local/lib/python3.7/site-packages/airflow/example_dags/tutorial.py
[2024-07-06T14:19:27.680+0000] {logging_mixin.py:150} INFO - [2024-07-06T14:19:27.680+0000] {dag.py:2742} INFO - Sync 1 DAGs
[2024-07-06T14:19:27.699+0000] {logging_mixin.py:150} INFO - [2024-07-06T14:19:27.699+0000] {dag.py:3508} INFO - Setting next_dagrun for tutorial to 2024-07-05T14:19:27.699449+00:00, run_after=2024-07-06T14:19:27.699449+00:00
[2024-07-06T14:19:27.712+0000] {processor.py:179} INFO - Processing /home/airflow/.local/lib/python3.7/site-packages/airflow/example_dags/tutorial.py took 0.065 seconds
[2024-07-06T14:19:58.229+0000] {processor.py:157} INFO - Started process (PID=1211) to work on /home/airflow/.local/lib/python3.7/site-packages/airflow/example_dags/tutorial.py
[2024-07-06T14:19:58.231+0000] {processor.py:826} INFO - Processing file /home/airflow/.local/lib/python3.7/site-packages/airflow/example_dags/tutorial.py for tasks to queue
[2024-07-06T14:19:58.233+0000] {logging_mixin.py:150} INFO - [2024-07-06T14:19:58.233+0000] {dagbag.py:541} INFO - Filling up the DagBag from /home/airflow/.local/lib/python3.7/site-packages/airflow/example_dags/tutorial.py
[2024-07-06T14:19:58.239+0000] {processor.py:836} INFO - DAG(s) dict_keys(['tutorial']) retrieved from /home/airflow/.local/lib/python3.7/site-packages/airflow/example_dags/tutorial.py
[2024-07-06T14:19:58.260+0000] {logging_mixin.py:150} INFO - [2024-07-06T14:19:58.259+0000] {dag.py:2742} INFO - Sync 1 DAGs
[2024-07-06T14:19:58.277+0000] {logging_mixin.py:150} INFO - [2024-07-06T14:19:58.277+0000] {dag.py:3508} INFO - Setting next_dagrun for tutorial to 2024-07-05T14:19:58.277548+00:00, run_after=2024-07-06T14:19:58.277548+00:00
[2024-07-06T14:19:58.291+0000] {processor.py:179} INFO - Processing /home/airflow/.local/lib/python3.7/site-packages/airflow/example_dags/tutorial.py took 0.065 seconds
[2024-07-06T14:20:28.627+0000] {processor.py:157} INFO - Started process (PID=1273) to work on /home/airflow/.local/lib/python3.7/site-packages/airflow/example_dags/tutorial.py
[2024-07-06T14:20:28.629+0000] {processor.py:826} INFO - Processing file /home/airflow/.local/lib/python3.7/site-packages/airflow/example_dags/tutorial.py for tasks to queue
[2024-07-06T14:20:28.631+0000] {logging_mixin.py:150} INFO - [2024-07-06T14:20:28.631+0000] {dagbag.py:541} INFO - Filling up the DagBag from /home/airflow/.local/lib/python3.7/site-packages/airflow/example_dags/tutorial.py
[2024-07-06T14:20:28.637+0000] {processor.py:836} INFO - DAG(s) dict_keys(['tutorial']) retrieved from /home/airflow/.local/lib/python3.7/site-packages/airflow/example_dags/tutorial.py
[2024-07-06T14:20:28.657+0000] {logging_mixin.py:150} INFO - [2024-07-06T14:20:28.656+0000] {dag.py:2742} INFO - Sync 1 DAGs
[2024-07-06T14:20:28.674+0000] {logging_mixin.py:150} INFO - [2024-07-06T14:20:28.674+0000] {dag.py:3508} INFO - Setting next_dagrun for tutorial to 2024-07-05T14:20:28.674078+00:00, run_after=2024-07-06T14:20:28.674078+00:00
[2024-07-06T14:20:28.687+0000] {processor.py:179} INFO - Processing /home/airflow/.local/lib/python3.7/site-packages/airflow/example_dags/tutorial.py took 0.064 seconds
[2024-07-06T14:20:58.957+0000] {processor.py:157} INFO - Started process (PID=1336) to work on /home/airflow/.local/lib/python3.7/site-packages/airflow/example_dags/tutorial.py
[2024-07-06T14:20:58.959+0000] {processor.py:826} INFO - Processing file /home/airflow/.local/lib/python3.7/site-packages/airflow/example_dags/tutorial.py for tasks to queue
[2024-07-06T14:20:58.960+0000] {logging_mixin.py:150} INFO - [2024-07-06T14:20:58.960+0000] {dagbag.py:541} INFO - Filling up the DagBag from /home/airflow/.local/lib/python3.7/site-packages/airflow/example_dags/tutorial.py
[2024-07-06T14:20:58.966+0000] {processor.py:836} INFO - DAG(s) dict_keys(['tutorial']) retrieved from /home/airflow/.local/lib/python3.7/site-packages/airflow/example_dags/tutorial.py
[2024-07-06T14:20:58.987+0000] {logging_mixin.py:150} INFO - [2024-07-06T14:20:58.987+0000] {dag.py:2742} INFO - Sync 1 DAGs
[2024-07-06T14:20:59.005+0000] {logging_mixin.py:150} INFO - [2024-07-06T14:20:59.004+0000] {dag.py:3508} INFO - Setting next_dagrun for tutorial to 2024-07-05T14:20:59.004754+00:00, run_after=2024-07-06T14:20:59.004754+00:00
[2024-07-06T14:20:59.028+0000] {processor.py:179} INFO - Processing /home/airflow/.local/lib/python3.7/site-packages/airflow/example_dags/tutorial.py took 0.073 seconds
[2024-07-06T14:21:29.450+0000] {processor.py:157} INFO - Started process (PID=1394) to work on /home/airflow/.local/lib/python3.7/site-packages/airflow/example_dags/tutorial.py
[2024-07-06T14:21:29.452+0000] {processor.py:826} INFO - Processing file /home/airflow/.local/lib/python3.7/site-packages/airflow/example_dags/tutorial.py for tasks to queue
[2024-07-06T14:21:29.454+0000] {logging_mixin.py:150} INFO - [2024-07-06T14:21:29.454+0000] {dagbag.py:541} INFO - Filling up the DagBag from /home/airflow/.local/lib/python3.7/site-packages/airflow/example_dags/tutorial.py
[2024-07-06T14:21:29.460+0000] {processor.py:836} INFO - DAG(s) dict_keys(['tutorial']) retrieved from /home/airflow/.local/lib/python3.7/site-packages/airflow/example_dags/tutorial.py
[2024-07-06T14:21:29.481+0000] {logging_mixin.py:150} INFO - [2024-07-06T14:21:29.481+0000] {dag.py:2742} INFO - Sync 1 DAGs
[2024-07-06T14:21:29.509+0000] {logging_mixin.py:150} INFO - [2024-07-06T14:21:29.509+0000] {dag.py:3508} INFO - Setting next_dagrun for tutorial to 2024-07-05T14:21:29.509406+00:00, run_after=2024-07-06T14:21:29.509406+00:00
[2024-07-06T14:21:29.532+0000] {processor.py:179} INFO - Processing /home/airflow/.local/lib/python3.7/site-packages/airflow/example_dags/tutorial.py took 0.084 seconds
[2024-07-06T14:21:59.803+0000] {processor.py:157} INFO - Started process (PID=1457) to work on /home/airflow/.local/lib/python3.7/site-packages/airflow/example_dags/tutorial.py
[2024-07-06T14:21:59.805+0000] {processor.py:826} INFO - Processing file /home/airflow/.local/lib/python3.7/site-packages/airflow/example_dags/tutorial.py for tasks to queue
[2024-07-06T14:21:59.806+0000] {logging_mixin.py:150} INFO - [2024-07-06T14:21:59.806+0000] {dagbag.py:541} INFO - Filling up the DagBag from /home/airflow/.local/lib/python3.7/site-packages/airflow/example_dags/tutorial.py
[2024-07-06T14:21:59.814+0000] {processor.py:836} INFO - DAG(s) dict_keys(['tutorial']) retrieved from /home/airflow/.local/lib/python3.7/site-packages/airflow/example_dags/tutorial.py
[2024-07-06T14:21:59.837+0000] {logging_mixin.py:150} INFO - [2024-07-06T14:21:59.837+0000] {dag.py:2742} INFO - Sync 1 DAGs
[2024-07-06T14:21:59.855+0000] {logging_mixin.py:150} INFO - [2024-07-06T14:21:59.855+0000] {dag.py:3508} INFO - Setting next_dagrun for tutorial to 2024-07-05T14:21:59.855105+00:00, run_after=2024-07-06T14:21:59.855105+00:00
[2024-07-06T14:21:59.868+0000] {processor.py:179} INFO - Processing /home/airflow/.local/lib/python3.7/site-packages/airflow/example_dags/tutorial.py took 0.069 seconds
[2024-07-06T14:22:30.276+0000] {processor.py:157} INFO - Started process (PID=1520) to work on /home/airflow/.local/lib/python3.7/site-packages/airflow/example_dags/tutorial.py
[2024-07-06T14:22:30.278+0000] {processor.py:826} INFO - Processing file /home/airflow/.local/lib/python3.7/site-packages/airflow/example_dags/tutorial.py for tasks to queue
[2024-07-06T14:22:30.279+0000] {logging_mixin.py:150} INFO - [2024-07-06T14:22:30.279+0000] {dagbag.py:541} INFO - Filling up the DagBag from /home/airflow/.local/lib/python3.7/site-packages/airflow/example_dags/tutorial.py
[2024-07-06T14:22:30.285+0000] {processor.py:836} INFO - DAG(s) dict_keys(['tutorial']) retrieved from /home/airflow/.local/lib/python3.7/site-packages/airflow/example_dags/tutorial.py
[2024-07-06T14:22:30.306+0000] {logging_mixin.py:150} INFO - [2024-07-06T14:22:30.306+0000] {dag.py:2742} INFO - Sync 1 DAGs
[2024-07-06T14:22:30.323+0000] {logging_mixin.py:150} INFO - [2024-07-06T14:22:30.323+0000] {dag.py:3508} INFO - Setting next_dagrun for tutorial to 2024-07-05T14:22:30.323541+00:00, run_after=2024-07-06T14:22:30.323541+00:00
[2024-07-06T14:22:30.336+0000] {processor.py:179} INFO - Processing /home/airflow/.local/lib/python3.7/site-packages/airflow/example_dags/tutorial.py took 0.066 seconds
[2024-07-06T14:23:00.445+0000] {processor.py:157} INFO - Started process (PID=1583) to work on /home/airflow/.local/lib/python3.7/site-packages/airflow/example_dags/tutorial.py
[2024-07-06T14:23:00.447+0000] {processor.py:826} INFO - Processing file /home/airflow/.local/lib/python3.7/site-packages/airflow/example_dags/tutorial.py for tasks to queue
[2024-07-06T14:23:00.449+0000] {logging_mixin.py:150} INFO - [2024-07-06T14:23:00.449+0000] {dagbag.py:541} INFO - Filling up the DagBag from /home/airflow/.local/lib/python3.7/site-packages/airflow/example_dags/tutorial.py
[2024-07-06T14:23:00.456+0000] {processor.py:836} INFO - DAG(s) dict_keys(['tutorial']) retrieved from /home/airflow/.local/lib/python3.7/site-packages/airflow/example_dags/tutorial.py
[2024-07-06T14:23:00.477+0000] {logging_mixin.py:150} INFO - [2024-07-06T14:23:00.477+0000] {dag.py:2742} INFO - Sync 1 DAGs
[2024-07-06T14:23:00.495+0000] {logging_mixin.py:150} INFO - [2024-07-06T14:23:00.495+0000] {dag.py:3508} INFO - Setting next_dagrun for tutorial to 2024-07-05T14:23:00.495041+00:00, run_after=2024-07-06T14:23:00.495041+00:00
[2024-07-06T14:23:00.508+0000] {processor.py:179} INFO - Processing /home/airflow/.local/lib/python3.7/site-packages/airflow/example_dags/tutorial.py took 0.066 seconds
[2024-07-06T14:23:30.869+0000] {processor.py:157} INFO - Started process (PID=1646) to work on /home/airflow/.local/lib/python3.7/site-packages/airflow/example_dags/tutorial.py
[2024-07-06T14:23:30.871+0000] {processor.py:826} INFO - Processing file /home/airflow/.local/lib/python3.7/site-packages/airflow/example_dags/tutorial.py for tasks to queue
[2024-07-06T14:23:30.873+0000] {logging_mixin.py:150} INFO - [2024-07-06T14:23:30.872+0000] {dagbag.py:541} INFO - Filling up the DagBag from /home/airflow/.local/lib/python3.7/site-packages/airflow/example_dags/tutorial.py
[2024-07-06T14:23:30.880+0000] {processor.py:836} INFO - DAG(s) dict_keys(['tutorial']) retrieved from /home/airflow/.local/lib/python3.7/site-packages/airflow/example_dags/tutorial.py
[2024-07-06T14:23:30.903+0000] {logging_mixin.py:150} INFO - [2024-07-06T14:23:30.902+0000] {dag.py:2742} INFO - Sync 1 DAGs
[2024-07-06T14:23:30.924+0000] {logging_mixin.py:150} INFO - [2024-07-06T14:23:30.923+0000] {dag.py:3508} INFO - Setting next_dagrun for tutorial to 2024-07-05T14:23:30.923621+00:00, run_after=2024-07-06T14:23:30.923621+00:00
[2024-07-06T14:23:30.941+0000] {processor.py:179} INFO - Processing /home/airflow/.local/lib/python3.7/site-packages/airflow/example_dags/tutorial.py took 0.075 seconds
[2024-07-06T14:24:01.249+0000] {processor.py:157} INFO - Started process (PID=1709) to work on /home/airflow/.local/lib/python3.7/site-packages/airflow/example_dags/tutorial.py
[2024-07-06T14:24:01.251+0000] {processor.py:826} INFO - Processing file /home/airflow/.local/lib/python3.7/site-packages/airflow/example_dags/tutorial.py for tasks to queue
[2024-07-06T14:24:01.252+0000] {logging_mixin.py:150} INFO - [2024-07-06T14:24:01.252+0000] {dagbag.py:541} INFO - Filling up the DagBag from /home/airflow/.local/lib/python3.7/site-packages/airflow/example_dags/tutorial.py
[2024-07-06T14:24:01.258+0000] {processor.py:836} INFO - DAG(s) dict_keys(['tutorial']) retrieved from /home/airflow/.local/lib/python3.7/site-packages/airflow/example_dags/tutorial.py
[2024-07-06T14:24:01.279+0000] {logging_mixin.py:150} INFO - [2024-07-06T14:24:01.279+0000] {dag.py:2742} INFO - Sync 1 DAGs
[2024-07-06T14:24:01.301+0000] {logging_mixin.py:150} INFO - [2024-07-06T14:24:01.301+0000] {dag.py:3508} INFO - Setting next_dagrun for tutorial to 2024-07-05T14:24:01.300762+00:00, run_after=2024-07-06T14:24:01.300762+00:00
[2024-07-06T14:24:01.316+0000] {processor.py:179} INFO - Processing /home/airflow/.local/lib/python3.7/site-packages/airflow/example_dags/tutorial.py took 0.071 seconds
[2024-07-06T14:24:31.774+0000] {processor.py:157} INFO - Started process (PID=1772) to work on /home/airflow/.local/lib/python3.7/site-packages/airflow/example_dags/tutorial.py
[2024-07-06T14:24:31.776+0000] {processor.py:826} INFO - Processing file /home/airflow/.local/lib/python3.7/site-packages/airflow/example_dags/tutorial.py for tasks to queue
[2024-07-06T14:24:31.777+0000] {logging_mixin.py:150} INFO - [2024-07-06T14:24:31.777+0000] {dagbag.py:541} INFO - Filling up the DagBag from /home/airflow/.local/lib/python3.7/site-packages/airflow/example_dags/tutorial.py
[2024-07-06T14:24:31.784+0000] {processor.py:836} INFO - DAG(s) dict_keys(['tutorial']) retrieved from /home/airflow/.local/lib/python3.7/site-packages/airflow/example_dags/tutorial.py
[2024-07-06T14:24:31.807+0000] {logging_mixin.py:150} INFO - [2024-07-06T14:24:31.806+0000] {dag.py:2742} INFO - Sync 1 DAGs
[2024-07-06T14:24:31.825+0000] {logging_mixin.py:150} INFO - [2024-07-06T14:24:31.825+0000] {dag.py:3508} INFO - Setting next_dagrun for tutorial to 2024-07-05T14:24:31.825491+00:00, run_after=2024-07-06T14:24:31.825491+00:00
[2024-07-06T14:24:31.838+0000] {processor.py:179} INFO - Processing /home/airflow/.local/lib/python3.7/site-packages/airflow/example_dags/tutorial.py took 0.067 seconds
[2024-07-06T14:25:02.724+0000] {processor.py:157} INFO - Started process (PID=1835) to work on /home/airflow/.local/lib/python3.7/site-packages/airflow/example_dags/tutorial.py
[2024-07-06T14:25:02.728+0000] {processor.py:826} INFO - Processing file /home/airflow/.local/lib/python3.7/site-packages/airflow/example_dags/tutorial.py for tasks to queue
[2024-07-06T14:25:02.730+0000] {logging_mixin.py:150} INFO - [2024-07-06T14:25:02.730+0000] {dagbag.py:541} INFO - Filling up the DagBag from /home/airflow/.local/lib/python3.7/site-packages/airflow/example_dags/tutorial.py
[2024-07-06T14:25:02.741+0000] {processor.py:836} INFO - DAG(s) dict_keys(['tutorial']) retrieved from /home/airflow/.local/lib/python3.7/site-packages/airflow/example_dags/tutorial.py
[2024-07-06T14:25:02.773+0000] {logging_mixin.py:150} INFO - [2024-07-06T14:25:02.773+0000] {dag.py:2742} INFO - Sync 1 DAGs
[2024-07-06T14:25:02.799+0000] {logging_mixin.py:150} INFO - [2024-07-06T14:25:02.798+0000] {dag.py:3508} INFO - Setting next_dagrun for tutorial to 2024-07-05T14:25:02.798241+00:00, run_after=2024-07-06T14:25:02.798241+00:00
[2024-07-06T14:25:02.816+0000] {processor.py:179} INFO - Processing /home/airflow/.local/lib/python3.7/site-packages/airflow/example_dags/tutorial.py took 0.096 seconds
[2024-07-06T14:25:32.941+0000] {processor.py:157} INFO - Started process (PID=1899) to work on /home/airflow/.local/lib/python3.7/site-packages/airflow/example_dags/tutorial.py
[2024-07-06T14:25:32.943+0000] {processor.py:826} INFO - Processing file /home/airflow/.local/lib/python3.7/site-packages/airflow/example_dags/tutorial.py for tasks to queue
[2024-07-06T14:25:32.945+0000] {logging_mixin.py:150} INFO - [2024-07-06T14:25:32.945+0000] {dagbag.py:541} INFO - Filling up the DagBag from /home/airflow/.local/lib/python3.7/site-packages/airflow/example_dags/tutorial.py
[2024-07-06T14:25:32.952+0000] {processor.py:836} INFO - DAG(s) dict_keys(['tutorial']) retrieved from /home/airflow/.local/lib/python3.7/site-packages/airflow/example_dags/tutorial.py
[2024-07-06T14:25:32.984+0000] {logging_mixin.py:150} INFO - [2024-07-06T14:25:32.983+0000] {dag.py:2742} INFO - Sync 1 DAGs
[2024-07-06T14:25:33.009+0000] {logging_mixin.py:150} INFO - [2024-07-06T14:25:33.009+0000] {dag.py:3508} INFO - Setting next_dagrun for tutorial to 2024-07-05T14:25:33.009383+00:00, run_after=2024-07-06T14:25:33.009383+00:00
[2024-07-06T14:25:33.028+0000] {processor.py:179} INFO - Processing /home/airflow/.local/lib/python3.7/site-packages/airflow/example_dags/tutorial.py took 0.090 seconds
[2024-07-06T14:26:03.827+0000] {processor.py:157} INFO - Started process (PID=1961) to work on /home/airflow/.local/lib/python3.7/site-packages/airflow/example_dags/tutorial.py
[2024-07-06T14:26:03.830+0000] {processor.py:826} INFO - Processing file /home/airflow/.local/lib/python3.7/site-packages/airflow/example_dags/tutorial.py for tasks to queue
[2024-07-06T14:26:03.833+0000] {logging_mixin.py:150} INFO - [2024-07-06T14:26:03.833+0000] {dagbag.py:541} INFO - Filling up the DagBag from /home/airflow/.local/lib/python3.7/site-packages/airflow/example_dags/tutorial.py
[2024-07-06T14:26:03.844+0000] {processor.py:836} INFO - DAG(s) dict_keys(['tutorial']) retrieved from /home/airflow/.local/lib/python3.7/site-packages/airflow/example_dags/tutorial.py
[2024-07-06T14:26:03.876+0000] {logging_mixin.py:150} INFO - [2024-07-06T14:26:03.876+0000] {dag.py:2742} INFO - Sync 1 DAGs
[2024-07-06T14:26:03.897+0000] {logging_mixin.py:150} INFO - [2024-07-06T14:26:03.897+0000] {dag.py:3508} INFO - Setting next_dagrun for tutorial to 2024-07-05T14:26:03.896775+00:00, run_after=2024-07-06T14:26:03.896775+00:00
[2024-07-06T14:26:03.912+0000] {processor.py:179} INFO - Processing /home/airflow/.local/lib/python3.7/site-packages/airflow/example_dags/tutorial.py took 0.090 seconds
[2024-07-06T14:26:34.745+0000] {processor.py:157} INFO - Started process (PID=2025) to work on /home/airflow/.local/lib/python3.7/site-packages/airflow/example_dags/tutorial.py
[2024-07-06T14:26:34.748+0000] {processor.py:826} INFO - Processing file /home/airflow/.local/lib/python3.7/site-packages/airflow/example_dags/tutorial.py for tasks to queue
[2024-07-06T14:26:34.749+0000] {logging_mixin.py:150} INFO - [2024-07-06T14:26:34.749+0000] {dagbag.py:541} INFO - Filling up the DagBag from /home/airflow/.local/lib/python3.7/site-packages/airflow/example_dags/tutorial.py
[2024-07-06T14:26:34.757+0000] {processor.py:836} INFO - DAG(s) dict_keys(['tutorial']) retrieved from /home/airflow/.local/lib/python3.7/site-packages/airflow/example_dags/tutorial.py
[2024-07-06T14:26:34.784+0000] {logging_mixin.py:150} INFO - [2024-07-06T14:26:34.784+0000] {dag.py:2742} INFO - Sync 1 DAGs
[2024-07-06T14:26:34.807+0000] {logging_mixin.py:150} INFO - [2024-07-06T14:26:34.807+0000] {dag.py:3508} INFO - Setting next_dagrun for tutorial to 2024-07-05T14:26:34.807435+00:00, run_after=2024-07-06T14:26:34.807435+00:00
[2024-07-06T14:26:34.823+0000] {processor.py:179} INFO - Processing /home/airflow/.local/lib/python3.7/site-packages/airflow/example_dags/tutorial.py took 0.082 seconds
[2024-07-06T14:27:04.918+0000] {processor.py:157} INFO - Started process (PID=2088) to work on /home/airflow/.local/lib/python3.7/site-packages/airflow/example_dags/tutorial.py
[2024-07-06T14:27:04.922+0000] {processor.py:826} INFO - Processing file /home/airflow/.local/lib/python3.7/site-packages/airflow/example_dags/tutorial.py for tasks to queue
[2024-07-06T14:27:04.924+0000] {logging_mixin.py:150} INFO - [2024-07-06T14:27:04.923+0000] {dagbag.py:541} INFO - Filling up the DagBag from /home/airflow/.local/lib/python3.7/site-packages/airflow/example_dags/tutorial.py
[2024-07-06T14:27:04.930+0000] {processor.py:836} INFO - DAG(s) dict_keys(['tutorial']) retrieved from /home/airflow/.local/lib/python3.7/site-packages/airflow/example_dags/tutorial.py
[2024-07-06T14:27:04.953+0000] {logging_mixin.py:150} INFO - [2024-07-06T14:27:04.952+0000] {dag.py:2742} INFO - Sync 1 DAGs
[2024-07-06T14:27:04.971+0000] {logging_mixin.py:150} INFO - [2024-07-06T14:27:04.970+0000] {dag.py:3508} INFO - Setting next_dagrun for tutorial to 2024-07-05T14:27:04.970711+00:00, run_after=2024-07-06T14:27:04.970711+00:00
[2024-07-06T14:27:04.985+0000] {processor.py:179} INFO - Processing /home/airflow/.local/lib/python3.7/site-packages/airflow/example_dags/tutorial.py took 0.070 seconds
[2024-07-06T14:27:35.280+0000] {processor.py:157} INFO - Started process (PID=2149) to work on /home/airflow/.local/lib/python3.7/site-packages/airflow/example_dags/tutorial.py
[2024-07-06T14:27:35.282+0000] {processor.py:826} INFO - Processing file /home/airflow/.local/lib/python3.7/site-packages/airflow/example_dags/tutorial.py for tasks to queue
[2024-07-06T14:27:35.285+0000] {logging_mixin.py:150} INFO - [2024-07-06T14:27:35.285+0000] {dagbag.py:541} INFO - Filling up the DagBag from /home/airflow/.local/lib/python3.7/site-packages/airflow/example_dags/tutorial.py
[2024-07-06T14:27:35.292+0000] {processor.py:836} INFO - DAG(s) dict_keys(['tutorial']) retrieved from /home/airflow/.local/lib/python3.7/site-packages/airflow/example_dags/tutorial.py
[2024-07-06T14:27:35.314+0000] {logging_mixin.py:150} INFO - [2024-07-06T14:27:35.314+0000] {dag.py:2742} INFO - Sync 1 DAGs
[2024-07-06T14:27:35.332+0000] {logging_mixin.py:150} INFO - [2024-07-06T14:27:35.332+0000] {dag.py:3508} INFO - Setting next_dagrun for tutorial to 2024-07-05T14:27:35.331765+00:00, run_after=2024-07-06T14:27:35.331765+00:00
[2024-07-06T14:27:35.347+0000] {processor.py:179} INFO - Processing /home/airflow/.local/lib/python3.7/site-packages/airflow/example_dags/tutorial.py took 0.069 seconds
[2024-07-06T14:28:06.217+0000] {processor.py:157} INFO - Started process (PID=2225) to work on /home/airflow/.local/lib/python3.7/site-packages/airflow/example_dags/tutorial.py
[2024-07-06T14:28:06.219+0000] {processor.py:826} INFO - Processing file /home/airflow/.local/lib/python3.7/site-packages/airflow/example_dags/tutorial.py for tasks to queue
[2024-07-06T14:28:06.221+0000] {logging_mixin.py:150} INFO - [2024-07-06T14:28:06.220+0000] {dagbag.py:541} INFO - Filling up the DagBag from /home/airflow/.local/lib/python3.7/site-packages/airflow/example_dags/tutorial.py
[2024-07-06T14:28:06.228+0000] {processor.py:836} INFO - DAG(s) dict_keys(['tutorial']) retrieved from /home/airflow/.local/lib/python3.7/site-packages/airflow/example_dags/tutorial.py
[2024-07-06T14:28:06.255+0000] {logging_mixin.py:150} INFO - [2024-07-06T14:28:06.255+0000] {dag.py:2742} INFO - Sync 1 DAGs
[2024-07-06T14:28:06.278+0000] {logging_mixin.py:150} INFO - [2024-07-06T14:28:06.278+0000] {dag.py:3508} INFO - Setting next_dagrun for tutorial to 2024-07-05T14:28:06.277782+00:00, run_after=2024-07-06T14:28:06.277782+00:00
[2024-07-06T14:28:06.304+0000] {processor.py:179} INFO - Processing /home/airflow/.local/lib/python3.7/site-packages/airflow/example_dags/tutorial.py took 0.090 seconds
[2024-07-06T14:28:37.004+0000] {processor.py:157} INFO - Started process (PID=2293) to work on /home/airflow/.local/lib/python3.7/site-packages/airflow/example_dags/tutorial.py
[2024-07-06T14:28:37.007+0000] {processor.py:826} INFO - Processing file /home/airflow/.local/lib/python3.7/site-packages/airflow/example_dags/tutorial.py for tasks to queue
[2024-07-06T14:28:37.010+0000] {logging_mixin.py:150} INFO - [2024-07-06T14:28:37.009+0000] {dagbag.py:541} INFO - Filling up the DagBag from /home/airflow/.local/lib/python3.7/site-packages/airflow/example_dags/tutorial.py
[2024-07-06T14:28:37.019+0000] {processor.py:836} INFO - DAG(s) dict_keys(['tutorial']) retrieved from /home/airflow/.local/lib/python3.7/site-packages/airflow/example_dags/tutorial.py
[2024-07-06T14:28:37.042+0000] {logging_mixin.py:150} INFO - [2024-07-06T14:28:37.041+0000] {dag.py:2742} INFO - Sync 1 DAGs
[2024-07-06T14:28:37.059+0000] {logging_mixin.py:150} INFO - [2024-07-06T14:28:37.059+0000] {dag.py:3508} INFO - Setting next_dagrun for tutorial to 2024-07-05T14:28:37.059445+00:00, run_after=2024-07-06T14:28:37.059445+00:00
[2024-07-06T14:28:37.075+0000] {processor.py:179} INFO - Processing /home/airflow/.local/lib/python3.7/site-packages/airflow/example_dags/tutorial.py took 0.075 seconds
[2024-07-06T14:29:07.705+0000] {processor.py:157} INFO - Started process (PID=2356) to work on /home/airflow/.local/lib/python3.7/site-packages/airflow/example_dags/tutorial.py
[2024-07-06T14:29:07.710+0000] {processor.py:826} INFO - Processing file /home/airflow/.local/lib/python3.7/site-packages/airflow/example_dags/tutorial.py for tasks to queue
[2024-07-06T14:29:07.715+0000] {logging_mixin.py:150} INFO - [2024-07-06T14:29:07.714+0000] {dagbag.py:541} INFO - Filling up the DagBag from /home/airflow/.local/lib/python3.7/site-packages/airflow/example_dags/tutorial.py
[2024-07-06T14:29:07.728+0000] {processor.py:836} INFO - DAG(s) dict_keys(['tutorial']) retrieved from /home/airflow/.local/lib/python3.7/site-packages/airflow/example_dags/tutorial.py
[2024-07-06T14:29:07.772+0000] {logging_mixin.py:150} INFO - [2024-07-06T14:29:07.772+0000] {dag.py:2742} INFO - Sync 1 DAGs
[2024-07-06T14:29:07.799+0000] {logging_mixin.py:150} INFO - [2024-07-06T14:29:07.798+0000] {dag.py:3508} INFO - Setting next_dagrun for tutorial to 2024-07-05T14:29:07.798672+00:00, run_after=2024-07-06T14:29:07.798672+00:00
[2024-07-06T14:29:07.822+0000] {processor.py:179} INFO - Processing /home/airflow/.local/lib/python3.7/site-packages/airflow/example_dags/tutorial.py took 0.123 seconds
[2024-07-06T14:29:38.078+0000] {processor.py:157} INFO - Started process (PID=2423) to work on /home/airflow/.local/lib/python3.7/site-packages/airflow/example_dags/tutorial.py
[2024-07-06T14:29:38.080+0000] {processor.py:826} INFO - Processing file /home/airflow/.local/lib/python3.7/site-packages/airflow/example_dags/tutorial.py for tasks to queue
[2024-07-06T14:29:38.081+0000] {logging_mixin.py:150} INFO - [2024-07-06T14:29:38.081+0000] {dagbag.py:541} INFO - Filling up the DagBag from /home/airflow/.local/lib/python3.7/site-packages/airflow/example_dags/tutorial.py
[2024-07-06T14:29:38.089+0000] {processor.py:836} INFO - DAG(s) dict_keys(['tutorial']) retrieved from /home/airflow/.local/lib/python3.7/site-packages/airflow/example_dags/tutorial.py
[2024-07-06T14:29:38.115+0000] {logging_mixin.py:150} INFO - [2024-07-06T14:29:38.115+0000] {dag.py:2742} INFO - Sync 1 DAGs
[2024-07-06T14:29:38.141+0000] {logging_mixin.py:150} INFO - [2024-07-06T14:29:38.140+0000] {dag.py:3508} INFO - Setting next_dagrun for tutorial to 2024-07-05T14:29:38.140587+00:00, run_after=2024-07-06T14:29:38.140587+00:00
[2024-07-06T14:29:38.162+0000] {processor.py:179} INFO - Processing /home/airflow/.local/lib/python3.7/site-packages/airflow/example_dags/tutorial.py took 0.088 seconds
[2024-07-06T14:30:08.313+0000] {processor.py:157} INFO - Started process (PID=2485) to work on /home/airflow/.local/lib/python3.7/site-packages/airflow/example_dags/tutorial.py
[2024-07-06T14:30:08.316+0000] {processor.py:826} INFO - Processing file /home/airflow/.local/lib/python3.7/site-packages/airflow/example_dags/tutorial.py for tasks to queue
[2024-07-06T14:30:08.317+0000] {logging_mixin.py:150} INFO - [2024-07-06T14:30:08.317+0000] {dagbag.py:541} INFO - Filling up the DagBag from /home/airflow/.local/lib/python3.7/site-packages/airflow/example_dags/tutorial.py
[2024-07-06T14:30:08.325+0000] {processor.py:836} INFO - DAG(s) dict_keys(['tutorial']) retrieved from /home/airflow/.local/lib/python3.7/site-packages/airflow/example_dags/tutorial.py
[2024-07-06T14:30:08.348+0000] {logging_mixin.py:150} INFO - [2024-07-06T14:30:08.348+0000] {dag.py:2742} INFO - Sync 1 DAGs
[2024-07-06T14:30:08.368+0000] {logging_mixin.py:150} INFO - [2024-07-06T14:30:08.368+0000] {dag.py:3508} INFO - Setting next_dagrun for tutorial to 2024-07-05T14:30:08.368171+00:00, run_after=2024-07-06T14:30:08.368171+00:00
[2024-07-06T14:30:08.383+0000] {processor.py:179} INFO - Processing /home/airflow/.local/lib/python3.7/site-packages/airflow/example_dags/tutorial.py took 0.074 seconds
[2024-07-06T14:30:39.396+0000] {processor.py:157} INFO - Started process (PID=2549) to work on /home/airflow/.local/lib/python3.7/site-packages/airflow/example_dags/tutorial.py
[2024-07-06T14:30:39.400+0000] {processor.py:826} INFO - Processing file /home/airflow/.local/lib/python3.7/site-packages/airflow/example_dags/tutorial.py for tasks to queue
[2024-07-06T14:30:39.402+0000] {logging_mixin.py:150} INFO - [2024-07-06T14:30:39.401+0000] {dagbag.py:541} INFO - Filling up the DagBag from /home/airflow/.local/lib/python3.7/site-packages/airflow/example_dags/tutorial.py
[2024-07-06T14:30:39.410+0000] {processor.py:836} INFO - DAG(s) dict_keys(['tutorial']) retrieved from /home/airflow/.local/lib/python3.7/site-packages/airflow/example_dags/tutorial.py
[2024-07-06T14:30:39.452+0000] {logging_mixin.py:150} INFO - [2024-07-06T14:30:39.444+0000] {dag.py:2742} INFO - Sync 1 DAGs
[2024-07-06T14:30:39.482+0000] {logging_mixin.py:150} INFO - [2024-07-06T14:30:39.481+0000] {dag.py:3508} INFO - Setting next_dagrun for tutorial to 2024-07-05T14:30:39.481695+00:00, run_after=2024-07-06T14:30:39.481695+00:00
[2024-07-06T14:30:39.504+0000] {processor.py:179} INFO - Processing /home/airflow/.local/lib/python3.7/site-packages/airflow/example_dags/tutorial.py took 0.112 seconds
