[2024-07-06T14:10:41.658+0000] {processor.py:157} INFO - Started process (PID=42) to work on /home/airflow/.local/lib/python3.7/site-packages/airflow/example_dags/tutorial_dag.py
[2024-07-06T14:10:41.661+0000] {processor.py:826} INFO - Processing file /home/airflow/.local/lib/python3.7/site-packages/airflow/example_dags/tutorial_dag.py for tasks to queue
[2024-07-06T14:10:41.664+0000] {logging_mixin.py:150} INFO - [2024-07-06T14:10:41.663+0000] {dagbag.py:541} INFO - Filling up the DagBag from /home/airflow/.local/lib/python3.7/site-packages/airflow/example_dags/tutorial_dag.py
[2024-07-06T14:10:41.678+0000] {processor.py:836} INFO - DAG(s) dict_keys(['tutorial_dag']) retrieved from /home/airflow/.local/lib/python3.7/site-packages/airflow/example_dags/tutorial_dag.py
[2024-07-06T14:10:41.710+0000] {logging_mixin.py:150} INFO - [2024-07-06T14:10:41.709+0000] {dag.py:2742} INFO - Sync 1 DAGs
[2024-07-06T14:10:41.737+0000] {logging_mixin.py:150} INFO - [2024-07-06T14:10:41.737+0000] {dag.py:3508} INFO - Setting next_dagrun for tutorial_dag to None, run_after=None
[2024-07-06T14:10:41.758+0000] {processor.py:179} INFO - Processing /home/airflow/.local/lib/python3.7/site-packages/airflow/example_dags/tutorial_dag.py took 0.107 seconds
[2024-07-06T14:11:12.835+0000] {processor.py:157} INFO - Started process (PID=104) to work on /home/airflow/.local/lib/python3.7/site-packages/airflow/example_dags/tutorial_dag.py
[2024-07-06T14:11:12.837+0000] {processor.py:826} INFO - Processing file /home/airflow/.local/lib/python3.7/site-packages/airflow/example_dags/tutorial_dag.py for tasks to queue
[2024-07-06T14:11:12.838+0000] {logging_mixin.py:150} INFO - [2024-07-06T14:11:12.838+0000] {dagbag.py:541} INFO - Filling up the DagBag from /home/airflow/.local/lib/python3.7/site-packages/airflow/example_dags/tutorial_dag.py
[2024-07-06T14:11:12.843+0000] {processor.py:836} INFO - DAG(s) dict_keys(['tutorial_dag']) retrieved from /home/airflow/.local/lib/python3.7/site-packages/airflow/example_dags/tutorial_dag.py
[2024-07-06T14:11:12.865+0000] {logging_mixin.py:150} INFO - [2024-07-06T14:11:12.865+0000] {dag.py:2742} INFO - Sync 1 DAGs
[2024-07-06T14:11:12.888+0000] {logging_mixin.py:150} INFO - [2024-07-06T14:11:12.888+0000] {dag.py:3508} INFO - Setting next_dagrun for tutorial_dag to None, run_after=None
[2024-07-06T14:11:12.910+0000] {processor.py:179} INFO - Processing /home/airflow/.local/lib/python3.7/site-packages/airflow/example_dags/tutorial_dag.py took 0.079 seconds
[2024-07-06T14:11:43.790+0000] {processor.py:157} INFO - Started process (PID=167) to work on /home/airflow/.local/lib/python3.7/site-packages/airflow/example_dags/tutorial_dag.py
[2024-07-06T14:11:43.792+0000] {processor.py:826} INFO - Processing file /home/airflow/.local/lib/python3.7/site-packages/airflow/example_dags/tutorial_dag.py for tasks to queue
[2024-07-06T14:11:43.794+0000] {logging_mixin.py:150} INFO - [2024-07-06T14:11:43.794+0000] {dagbag.py:541} INFO - Filling up the DagBag from /home/airflow/.local/lib/python3.7/site-packages/airflow/example_dags/tutorial_dag.py
[2024-07-06T14:11:43.804+0000] {processor.py:836} INFO - DAG(s) dict_keys(['tutorial_dag']) retrieved from /home/airflow/.local/lib/python3.7/site-packages/airflow/example_dags/tutorial_dag.py
[2024-07-06T14:11:43.834+0000] {logging_mixin.py:150} INFO - [2024-07-06T14:11:43.834+0000] {dag.py:2742} INFO - Sync 1 DAGs
[2024-07-06T14:11:43.859+0000] {logging_mixin.py:150} INFO - [2024-07-06T14:11:43.859+0000] {dag.py:3508} INFO - Setting next_dagrun for tutorial_dag to None, run_after=None
[2024-07-06T14:11:43.881+0000] {processor.py:179} INFO - Processing /home/airflow/.local/lib/python3.7/site-packages/airflow/example_dags/tutorial_dag.py took 0.094 seconds
[2024-07-06T14:12:14.050+0000] {processor.py:157} INFO - Started process (PID=229) to work on /home/airflow/.local/lib/python3.7/site-packages/airflow/example_dags/tutorial_dag.py
[2024-07-06T14:12:14.052+0000] {processor.py:826} INFO - Processing file /home/airflow/.local/lib/python3.7/site-packages/airflow/example_dags/tutorial_dag.py for tasks to queue
[2024-07-06T14:12:14.054+0000] {logging_mixin.py:150} INFO - [2024-07-06T14:12:14.054+0000] {dagbag.py:541} INFO - Filling up the DagBag from /home/airflow/.local/lib/python3.7/site-packages/airflow/example_dags/tutorial_dag.py
[2024-07-06T14:12:14.061+0000] {processor.py:836} INFO - DAG(s) dict_keys(['tutorial_dag']) retrieved from /home/airflow/.local/lib/python3.7/site-packages/airflow/example_dags/tutorial_dag.py
[2024-07-06T14:12:14.092+0000] {logging_mixin.py:150} INFO - [2024-07-06T14:12:14.091+0000] {dag.py:2742} INFO - Sync 1 DAGs
[2024-07-06T14:12:14.113+0000] {logging_mixin.py:150} INFO - [2024-07-06T14:12:14.113+0000] {dag.py:3508} INFO - Setting next_dagrun for tutorial_dag to None, run_after=None
[2024-07-06T14:12:14.127+0000] {processor.py:179} INFO - Processing /home/airflow/.local/lib/python3.7/site-packages/airflow/example_dags/tutorial_dag.py took 0.081 seconds
[2024-07-06T14:12:44.401+0000] {processor.py:157} INFO - Started process (PID=288) to work on /home/airflow/.local/lib/python3.7/site-packages/airflow/example_dags/tutorial_dag.py
[2024-07-06T14:12:44.403+0000] {processor.py:826} INFO - Processing file /home/airflow/.local/lib/python3.7/site-packages/airflow/example_dags/tutorial_dag.py for tasks to queue
[2024-07-06T14:12:44.404+0000] {logging_mixin.py:150} INFO - [2024-07-06T14:12:44.404+0000] {dagbag.py:541} INFO - Filling up the DagBag from /home/airflow/.local/lib/python3.7/site-packages/airflow/example_dags/tutorial_dag.py
[2024-07-06T14:12:44.409+0000] {processor.py:836} INFO - DAG(s) dict_keys(['tutorial_dag']) retrieved from /home/airflow/.local/lib/python3.7/site-packages/airflow/example_dags/tutorial_dag.py
[2024-07-06T14:12:44.434+0000] {logging_mixin.py:150} INFO - [2024-07-06T14:12:44.434+0000] {dag.py:2742} INFO - Sync 1 DAGs
[2024-07-06T14:12:44.454+0000] {logging_mixin.py:150} INFO - [2024-07-06T14:12:44.454+0000] {dag.py:3508} INFO - Setting next_dagrun for tutorial_dag to None, run_after=None
[2024-07-06T14:12:44.470+0000] {processor.py:179} INFO - Processing /home/airflow/.local/lib/python3.7/site-packages/airflow/example_dags/tutorial_dag.py took 0.073 seconds
[2024-07-06T14:13:14.549+0000] {processor.py:157} INFO - Started process (PID=351) to work on /home/airflow/.local/lib/python3.7/site-packages/airflow/example_dags/tutorial_dag.py
[2024-07-06T14:13:14.551+0000] {processor.py:826} INFO - Processing file /home/airflow/.local/lib/python3.7/site-packages/airflow/example_dags/tutorial_dag.py for tasks to queue
[2024-07-06T14:13:14.552+0000] {logging_mixin.py:150} INFO - [2024-07-06T14:13:14.552+0000] {dagbag.py:541} INFO - Filling up the DagBag from /home/airflow/.local/lib/python3.7/site-packages/airflow/example_dags/tutorial_dag.py
[2024-07-06T14:13:14.557+0000] {processor.py:836} INFO - DAG(s) dict_keys(['tutorial_dag']) retrieved from /home/airflow/.local/lib/python3.7/site-packages/airflow/example_dags/tutorial_dag.py
[2024-07-06T14:13:14.581+0000] {logging_mixin.py:150} INFO - [2024-07-06T14:13:14.581+0000] {dag.py:2742} INFO - Sync 1 DAGs
[2024-07-06T14:13:14.601+0000] {logging_mixin.py:150} INFO - [2024-07-06T14:13:14.600+0000] {dag.py:3508} INFO - Setting next_dagrun for tutorial_dag to None, run_after=None
[2024-07-06T14:13:14.615+0000] {processor.py:179} INFO - Processing /home/airflow/.local/lib/python3.7/site-packages/airflow/example_dags/tutorial_dag.py took 0.069 seconds
[2024-07-06T14:13:44.839+0000] {processor.py:157} INFO - Started process (PID=414) to work on /home/airflow/.local/lib/python3.7/site-packages/airflow/example_dags/tutorial_dag.py
[2024-07-06T14:13:44.841+0000] {processor.py:826} INFO - Processing file /home/airflow/.local/lib/python3.7/site-packages/airflow/example_dags/tutorial_dag.py for tasks to queue
[2024-07-06T14:13:44.842+0000] {logging_mixin.py:150} INFO - [2024-07-06T14:13:44.842+0000] {dagbag.py:541} INFO - Filling up the DagBag from /home/airflow/.local/lib/python3.7/site-packages/airflow/example_dags/tutorial_dag.py
[2024-07-06T14:13:44.849+0000] {processor.py:836} INFO - DAG(s) dict_keys(['tutorial_dag']) retrieved from /home/airflow/.local/lib/python3.7/site-packages/airflow/example_dags/tutorial_dag.py
[2024-07-06T14:13:44.872+0000] {logging_mixin.py:150} INFO - [2024-07-06T14:13:44.872+0000] {dag.py:2742} INFO - Sync 1 DAGs
[2024-07-06T14:13:44.889+0000] {logging_mixin.py:150} INFO - [2024-07-06T14:13:44.888+0000] {dag.py:3508} INFO - Setting next_dagrun for tutorial_dag to None, run_after=None
[2024-07-06T14:13:44.901+0000] {processor.py:179} INFO - Processing /home/airflow/.local/lib/python3.7/site-packages/airflow/example_dags/tutorial_dag.py took 0.065 seconds
[2024-07-06T14:14:15.214+0000] {processor.py:157} INFO - Started process (PID=477) to work on /home/airflow/.local/lib/python3.7/site-packages/airflow/example_dags/tutorial_dag.py
[2024-07-06T14:14:15.216+0000] {processor.py:826} INFO - Processing file /home/airflow/.local/lib/python3.7/site-packages/airflow/example_dags/tutorial_dag.py for tasks to queue
[2024-07-06T14:14:15.217+0000] {logging_mixin.py:150} INFO - [2024-07-06T14:14:15.217+0000] {dagbag.py:541} INFO - Filling up the DagBag from /home/airflow/.local/lib/python3.7/site-packages/airflow/example_dags/tutorial_dag.py
[2024-07-06T14:14:15.221+0000] {processor.py:836} INFO - DAG(s) dict_keys(['tutorial_dag']) retrieved from /home/airflow/.local/lib/python3.7/site-packages/airflow/example_dags/tutorial_dag.py
[2024-07-06T14:14:15.242+0000] {logging_mixin.py:150} INFO - [2024-07-06T14:14:15.242+0000] {dag.py:2742} INFO - Sync 1 DAGs
[2024-07-06T14:14:15.258+0000] {logging_mixin.py:150} INFO - [2024-07-06T14:14:15.258+0000] {dag.py:3508} INFO - Setting next_dagrun for tutorial_dag to None, run_after=None
[2024-07-06T14:14:15.270+0000] {processor.py:179} INFO - Processing /home/airflow/.local/lib/python3.7/site-packages/airflow/example_dags/tutorial_dag.py took 0.059 seconds
[2024-07-06T14:14:45.699+0000] {processor.py:157} INFO - Started process (PID=541) to work on /home/airflow/.local/lib/python3.7/site-packages/airflow/example_dags/tutorial_dag.py
[2024-07-06T14:14:45.701+0000] {processor.py:826} INFO - Processing file /home/airflow/.local/lib/python3.7/site-packages/airflow/example_dags/tutorial_dag.py for tasks to queue
[2024-07-06T14:14:45.702+0000] {logging_mixin.py:150} INFO - [2024-07-06T14:14:45.702+0000] {dagbag.py:541} INFO - Filling up the DagBag from /home/airflow/.local/lib/python3.7/site-packages/airflow/example_dags/tutorial_dag.py
[2024-07-06T14:14:45.708+0000] {processor.py:836} INFO - DAG(s) dict_keys(['tutorial_dag']) retrieved from /home/airflow/.local/lib/python3.7/site-packages/airflow/example_dags/tutorial_dag.py
[2024-07-06T14:14:45.731+0000] {logging_mixin.py:150} INFO - [2024-07-06T14:14:45.731+0000] {dag.py:2742} INFO - Sync 1 DAGs
[2024-07-06T14:14:45.747+0000] {logging_mixin.py:150} INFO - [2024-07-06T14:14:45.747+0000] {dag.py:3508} INFO - Setting next_dagrun for tutorial_dag to None, run_after=None
[2024-07-06T14:14:45.759+0000] {processor.py:179} INFO - Processing /home/airflow/.local/lib/python3.7/site-packages/airflow/example_dags/tutorial_dag.py took 0.062 seconds
[2024-07-06T14:15:16.060+0000] {processor.py:157} INFO - Started process (PID=604) to work on /home/airflow/.local/lib/python3.7/site-packages/airflow/example_dags/tutorial_dag.py
[2024-07-06T14:15:16.063+0000] {processor.py:826} INFO - Processing file /home/airflow/.local/lib/python3.7/site-packages/airflow/example_dags/tutorial_dag.py for tasks to queue
[2024-07-06T14:15:16.065+0000] {logging_mixin.py:150} INFO - [2024-07-06T14:15:16.065+0000] {dagbag.py:541} INFO - Filling up the DagBag from /home/airflow/.local/lib/python3.7/site-packages/airflow/example_dags/tutorial_dag.py
[2024-07-06T14:15:16.072+0000] {processor.py:836} INFO - DAG(s) dict_keys(['tutorial_dag']) retrieved from /home/airflow/.local/lib/python3.7/site-packages/airflow/example_dags/tutorial_dag.py
[2024-07-06T14:15:16.187+0000] {logging_mixin.py:150} INFO - [2024-07-06T14:15:16.187+0000] {dag.py:2742} INFO - Sync 1 DAGs
[2024-07-06T14:15:16.220+0000] {logging_mixin.py:150} INFO - [2024-07-06T14:15:16.220+0000] {dag.py:3508} INFO - Setting next_dagrun for tutorial_dag to None, run_after=None
[2024-07-06T14:15:16.239+0000] {processor.py:179} INFO - Processing /home/airflow/.local/lib/python3.7/site-packages/airflow/example_dags/tutorial_dag.py took 0.182 seconds
[2024-07-06T14:15:46.537+0000] {processor.py:157} INFO - Started process (PID=666) to work on /home/airflow/.local/lib/python3.7/site-packages/airflow/example_dags/tutorial_dag.py
[2024-07-06T14:15:46.539+0000] {processor.py:826} INFO - Processing file /home/airflow/.local/lib/python3.7/site-packages/airflow/example_dags/tutorial_dag.py for tasks to queue
[2024-07-06T14:15:46.540+0000] {logging_mixin.py:150} INFO - [2024-07-06T14:15:46.540+0000] {dagbag.py:541} INFO - Filling up the DagBag from /home/airflow/.local/lib/python3.7/site-packages/airflow/example_dags/tutorial_dag.py
[2024-07-06T14:15:46.545+0000] {processor.py:836} INFO - DAG(s) dict_keys(['tutorial_dag']) retrieved from /home/airflow/.local/lib/python3.7/site-packages/airflow/example_dags/tutorial_dag.py
[2024-07-06T14:15:46.571+0000] {logging_mixin.py:150} INFO - [2024-07-06T14:15:46.571+0000] {dag.py:2742} INFO - Sync 1 DAGs
[2024-07-06T14:15:46.590+0000] {logging_mixin.py:150} INFO - [2024-07-06T14:15:46.590+0000] {dag.py:3508} INFO - Setting next_dagrun for tutorial_dag to None, run_after=None
[2024-07-06T14:15:46.602+0000] {processor.py:179} INFO - Processing /home/airflow/.local/lib/python3.7/site-packages/airflow/example_dags/tutorial_dag.py took 0.068 seconds
[2024-07-06T14:16:16.973+0000] {processor.py:157} INFO - Started process (PID=729) to work on /home/airflow/.local/lib/python3.7/site-packages/airflow/example_dags/tutorial_dag.py
[2024-07-06T14:16:16.976+0000] {processor.py:826} INFO - Processing file /home/airflow/.local/lib/python3.7/site-packages/airflow/example_dags/tutorial_dag.py for tasks to queue
[2024-07-06T14:16:16.978+0000] {logging_mixin.py:150} INFO - [2024-07-06T14:16:16.978+0000] {dagbag.py:541} INFO - Filling up the DagBag from /home/airflow/.local/lib/python3.7/site-packages/airflow/example_dags/tutorial_dag.py
[2024-07-06T14:16:16.983+0000] {processor.py:836} INFO - DAG(s) dict_keys(['tutorial_dag']) retrieved from /home/airflow/.local/lib/python3.7/site-packages/airflow/example_dags/tutorial_dag.py
[2024-07-06T14:16:17.006+0000] {logging_mixin.py:150} INFO - [2024-07-06T14:16:17.006+0000] {dag.py:2742} INFO - Sync 1 DAGs
[2024-07-06T14:16:17.025+0000] {logging_mixin.py:150} INFO - [2024-07-06T14:16:17.025+0000] {dag.py:3508} INFO - Setting next_dagrun for tutorial_dag to None, run_after=None
[2024-07-06T14:16:17.037+0000] {processor.py:179} INFO - Processing /home/airflow/.local/lib/python3.7/site-packages/airflow/example_dags/tutorial_dag.py took 0.066 seconds
[2024-07-06T14:16:47.520+0000] {processor.py:157} INFO - Started process (PID=792) to work on /home/airflow/.local/lib/python3.7/site-packages/airflow/example_dags/tutorial_dag.py
[2024-07-06T14:16:47.521+0000] {processor.py:826} INFO - Processing file /home/airflow/.local/lib/python3.7/site-packages/airflow/example_dags/tutorial_dag.py for tasks to queue
[2024-07-06T14:16:47.523+0000] {logging_mixin.py:150} INFO - [2024-07-06T14:16:47.522+0000] {dagbag.py:541} INFO - Filling up the DagBag from /home/airflow/.local/lib/python3.7/site-packages/airflow/example_dags/tutorial_dag.py
[2024-07-06T14:16:47.527+0000] {processor.py:836} INFO - DAG(s) dict_keys(['tutorial_dag']) retrieved from /home/airflow/.local/lib/python3.7/site-packages/airflow/example_dags/tutorial_dag.py
[2024-07-06T14:16:47.547+0000] {logging_mixin.py:150} INFO - [2024-07-06T14:16:47.547+0000] {dag.py:2742} INFO - Sync 1 DAGs
[2024-07-06T14:16:47.562+0000] {logging_mixin.py:150} INFO - [2024-07-06T14:16:47.562+0000] {dag.py:3508} INFO - Setting next_dagrun for tutorial_dag to None, run_after=None
[2024-07-06T14:16:47.573+0000] {processor.py:179} INFO - Processing /home/airflow/.local/lib/python3.7/site-packages/airflow/example_dags/tutorial_dag.py took 0.056 seconds
[2024-07-06T14:17:17.730+0000] {processor.py:157} INFO - Started process (PID=855) to work on /home/airflow/.local/lib/python3.7/site-packages/airflow/example_dags/tutorial_dag.py
[2024-07-06T14:17:17.733+0000] {processor.py:826} INFO - Processing file /home/airflow/.local/lib/python3.7/site-packages/airflow/example_dags/tutorial_dag.py for tasks to queue
[2024-07-06T14:17:17.737+0000] {logging_mixin.py:150} INFO - [2024-07-06T14:17:17.736+0000] {dagbag.py:541} INFO - Filling up the DagBag from /home/airflow/.local/lib/python3.7/site-packages/airflow/example_dags/tutorial_dag.py
[2024-07-06T14:17:17.745+0000] {processor.py:836} INFO - DAG(s) dict_keys(['tutorial_dag']) retrieved from /home/airflow/.local/lib/python3.7/site-packages/airflow/example_dags/tutorial_dag.py
[2024-07-06T14:17:17.770+0000] {logging_mixin.py:150} INFO - [2024-07-06T14:17:17.769+0000] {dag.py:2742} INFO - Sync 1 DAGs
[2024-07-06T14:17:17.791+0000] {logging_mixin.py:150} INFO - [2024-07-06T14:17:17.791+0000] {dag.py:3508} INFO - Setting next_dagrun for tutorial_dag to None, run_after=None
[2024-07-06T14:17:17.805+0000] {processor.py:179} INFO - Processing /home/airflow/.local/lib/python3.7/site-packages/airflow/example_dags/tutorial_dag.py took 0.078 seconds
[2024-07-06T14:17:48.155+0000] {processor.py:157} INFO - Started process (PID=917) to work on /home/airflow/.local/lib/python3.7/site-packages/airflow/example_dags/tutorial_dag.py
[2024-07-06T14:17:48.157+0000] {processor.py:826} INFO - Processing file /home/airflow/.local/lib/python3.7/site-packages/airflow/example_dags/tutorial_dag.py for tasks to queue
[2024-07-06T14:17:48.159+0000] {logging_mixin.py:150} INFO - [2024-07-06T14:17:48.159+0000] {dagbag.py:541} INFO - Filling up the DagBag from /home/airflow/.local/lib/python3.7/site-packages/airflow/example_dags/tutorial_dag.py
[2024-07-06T14:17:48.164+0000] {processor.py:836} INFO - DAG(s) dict_keys(['tutorial_dag']) retrieved from /home/airflow/.local/lib/python3.7/site-packages/airflow/example_dags/tutorial_dag.py
[2024-07-06T14:17:48.184+0000] {logging_mixin.py:150} INFO - [2024-07-06T14:17:48.184+0000] {dag.py:2742} INFO - Sync 1 DAGs
[2024-07-06T14:17:48.202+0000] {logging_mixin.py:150} INFO - [2024-07-06T14:17:48.202+0000] {dag.py:3508} INFO - Setting next_dagrun for tutorial_dag to None, run_after=None
[2024-07-06T14:17:48.220+0000] {processor.py:179} INFO - Processing /home/airflow/.local/lib/python3.7/site-packages/airflow/example_dags/tutorial_dag.py took 0.068 seconds
[2024-07-06T14:18:18.492+0000] {processor.py:157} INFO - Started process (PID=980) to work on /home/airflow/.local/lib/python3.7/site-packages/airflow/example_dags/tutorial_dag.py
[2024-07-06T14:18:18.494+0000] {processor.py:826} INFO - Processing file /home/airflow/.local/lib/python3.7/site-packages/airflow/example_dags/tutorial_dag.py for tasks to queue
[2024-07-06T14:18:18.495+0000] {logging_mixin.py:150} INFO - [2024-07-06T14:18:18.495+0000] {dagbag.py:541} INFO - Filling up the DagBag from /home/airflow/.local/lib/python3.7/site-packages/airflow/example_dags/tutorial_dag.py
[2024-07-06T14:18:18.500+0000] {processor.py:836} INFO - DAG(s) dict_keys(['tutorial_dag']) retrieved from /home/airflow/.local/lib/python3.7/site-packages/airflow/example_dags/tutorial_dag.py
[2024-07-06T14:18:18.521+0000] {logging_mixin.py:150} INFO - [2024-07-06T14:18:18.521+0000] {dag.py:2742} INFO - Sync 1 DAGs
[2024-07-06T14:18:18.538+0000] {logging_mixin.py:150} INFO - [2024-07-06T14:18:18.537+0000] {dag.py:3508} INFO - Setting next_dagrun for tutorial_dag to None, run_after=None
[2024-07-06T14:18:18.551+0000] {processor.py:179} INFO - Processing /home/airflow/.local/lib/python3.7/site-packages/airflow/example_dags/tutorial_dag.py took 0.062 seconds
[2024-07-06T14:18:48.794+0000] {processor.py:157} INFO - Started process (PID=1043) to work on /home/airflow/.local/lib/python3.7/site-packages/airflow/example_dags/tutorial_dag.py
[2024-07-06T14:18:48.796+0000] {processor.py:826} INFO - Processing file /home/airflow/.local/lib/python3.7/site-packages/airflow/example_dags/tutorial_dag.py for tasks to queue
[2024-07-06T14:18:48.797+0000] {logging_mixin.py:150} INFO - [2024-07-06T14:18:48.797+0000] {dagbag.py:541} INFO - Filling up the DagBag from /home/airflow/.local/lib/python3.7/site-packages/airflow/example_dags/tutorial_dag.py
[2024-07-06T14:18:48.804+0000] {processor.py:836} INFO - DAG(s) dict_keys(['tutorial_dag']) retrieved from /home/airflow/.local/lib/python3.7/site-packages/airflow/example_dags/tutorial_dag.py
[2024-07-06T14:18:48.826+0000] {logging_mixin.py:150} INFO - [2024-07-06T14:18:48.826+0000] {dag.py:2742} INFO - Sync 1 DAGs
[2024-07-06T14:18:48.844+0000] {logging_mixin.py:150} INFO - [2024-07-06T14:18:48.844+0000] {dag.py:3508} INFO - Setting next_dagrun for tutorial_dag to None, run_after=None
[2024-07-06T14:18:48.857+0000] {processor.py:179} INFO - Processing /home/airflow/.local/lib/python3.7/site-packages/airflow/example_dags/tutorial_dag.py took 0.068 seconds
[2024-07-06T14:19:19.223+0000] {processor.py:157} INFO - Started process (PID=1106) to work on /home/airflow/.local/lib/python3.7/site-packages/airflow/example_dags/tutorial_dag.py
[2024-07-06T14:19:19.225+0000] {processor.py:826} INFO - Processing file /home/airflow/.local/lib/python3.7/site-packages/airflow/example_dags/tutorial_dag.py for tasks to queue
[2024-07-06T14:19:19.227+0000] {logging_mixin.py:150} INFO - [2024-07-06T14:19:19.226+0000] {dagbag.py:541} INFO - Filling up the DagBag from /home/airflow/.local/lib/python3.7/site-packages/airflow/example_dags/tutorial_dag.py
[2024-07-06T14:19:19.232+0000] {processor.py:836} INFO - DAG(s) dict_keys(['tutorial_dag']) retrieved from /home/airflow/.local/lib/python3.7/site-packages/airflow/example_dags/tutorial_dag.py
[2024-07-06T14:19:19.256+0000] {logging_mixin.py:150} INFO - [2024-07-06T14:19:19.256+0000] {dag.py:2742} INFO - Sync 1 DAGs
[2024-07-06T14:19:19.275+0000] {logging_mixin.py:150} INFO - [2024-07-06T14:19:19.275+0000] {dag.py:3508} INFO - Setting next_dagrun for tutorial_dag to None, run_after=None
[2024-07-06T14:19:19.290+0000] {processor.py:179} INFO - Processing /home/airflow/.local/lib/python3.7/site-packages/airflow/example_dags/tutorial_dag.py took 0.071 seconds
[2024-07-06T14:19:49.375+0000] {processor.py:157} INFO - Started process (PID=1169) to work on /home/airflow/.local/lib/python3.7/site-packages/airflow/example_dags/tutorial_dag.py
[2024-07-06T14:19:49.377+0000] {processor.py:826} INFO - Processing file /home/airflow/.local/lib/python3.7/site-packages/airflow/example_dags/tutorial_dag.py for tasks to queue
[2024-07-06T14:19:49.379+0000] {logging_mixin.py:150} INFO - [2024-07-06T14:19:49.378+0000] {dagbag.py:541} INFO - Filling up the DagBag from /home/airflow/.local/lib/python3.7/site-packages/airflow/example_dags/tutorial_dag.py
[2024-07-06T14:19:49.383+0000] {processor.py:836} INFO - DAG(s) dict_keys(['tutorial_dag']) retrieved from /home/airflow/.local/lib/python3.7/site-packages/airflow/example_dags/tutorial_dag.py
[2024-07-06T14:19:49.403+0000] {logging_mixin.py:150} INFO - [2024-07-06T14:19:49.403+0000] {dag.py:2742} INFO - Sync 1 DAGs
[2024-07-06T14:19:49.419+0000] {logging_mixin.py:150} INFO - [2024-07-06T14:19:49.419+0000] {dag.py:3508} INFO - Setting next_dagrun for tutorial_dag to None, run_after=None
[2024-07-06T14:19:49.430+0000] {processor.py:179} INFO - Processing /home/airflow/.local/lib/python3.7/site-packages/airflow/example_dags/tutorial_dag.py took 0.058 seconds
[2024-07-06T14:20:19.987+0000] {processor.py:157} INFO - Started process (PID=1231) to work on /home/airflow/.local/lib/python3.7/site-packages/airflow/example_dags/tutorial_dag.py
[2024-07-06T14:20:19.990+0000] {processor.py:826} INFO - Processing file /home/airflow/.local/lib/python3.7/site-packages/airflow/example_dags/tutorial_dag.py for tasks to queue
[2024-07-06T14:20:19.994+0000] {logging_mixin.py:150} INFO - [2024-07-06T14:20:19.993+0000] {dagbag.py:541} INFO - Filling up the DagBag from /home/airflow/.local/lib/python3.7/site-packages/airflow/example_dags/tutorial_dag.py
[2024-07-06T14:20:20.001+0000] {processor.py:836} INFO - DAG(s) dict_keys(['tutorial_dag']) retrieved from /home/airflow/.local/lib/python3.7/site-packages/airflow/example_dags/tutorial_dag.py
[2024-07-06T14:20:20.027+0000] {logging_mixin.py:150} INFO - [2024-07-06T14:20:20.027+0000] {dag.py:2742} INFO - Sync 1 DAGs
[2024-07-06T14:20:20.053+0000] {logging_mixin.py:150} INFO - [2024-07-06T14:20:20.053+0000] {dag.py:3508} INFO - Setting next_dagrun for tutorial_dag to None, run_after=None
[2024-07-06T14:20:20.065+0000] {processor.py:179} INFO - Processing /home/airflow/.local/lib/python3.7/site-packages/airflow/example_dags/tutorial_dag.py took 0.083 seconds
[2024-07-06T14:20:50.503+0000] {processor.py:157} INFO - Started process (PID=1294) to work on /home/airflow/.local/lib/python3.7/site-packages/airflow/example_dags/tutorial_dag.py
[2024-07-06T14:20:50.505+0000] {processor.py:826} INFO - Processing file /home/airflow/.local/lib/python3.7/site-packages/airflow/example_dags/tutorial_dag.py for tasks to queue
[2024-07-06T14:20:50.506+0000] {logging_mixin.py:150} INFO - [2024-07-06T14:20:50.506+0000] {dagbag.py:541} INFO - Filling up the DagBag from /home/airflow/.local/lib/python3.7/site-packages/airflow/example_dags/tutorial_dag.py
[2024-07-06T14:20:50.511+0000] {processor.py:836} INFO - DAG(s) dict_keys(['tutorial_dag']) retrieved from /home/airflow/.local/lib/python3.7/site-packages/airflow/example_dags/tutorial_dag.py
[2024-07-06T14:20:50.534+0000] {logging_mixin.py:150} INFO - [2024-07-06T14:20:50.533+0000] {dag.py:2742} INFO - Sync 1 DAGs
[2024-07-06T14:20:50.552+0000] {logging_mixin.py:150} INFO - [2024-07-06T14:20:50.552+0000] {dag.py:3508} INFO - Setting next_dagrun for tutorial_dag to None, run_after=None
[2024-07-06T14:20:50.567+0000] {processor.py:179} INFO - Processing /home/airflow/.local/lib/python3.7/site-packages/airflow/example_dags/tutorial_dag.py took 0.067 seconds
[2024-07-06T14:21:20.921+0000] {processor.py:157} INFO - Started process (PID=1357) to work on /home/airflow/.local/lib/python3.7/site-packages/airflow/example_dags/tutorial_dag.py
[2024-07-06T14:21:20.922+0000] {processor.py:826} INFO - Processing file /home/airflow/.local/lib/python3.7/site-packages/airflow/example_dags/tutorial_dag.py for tasks to queue
[2024-07-06T14:21:20.924+0000] {logging_mixin.py:150} INFO - [2024-07-06T14:21:20.923+0000] {dagbag.py:541} INFO - Filling up the DagBag from /home/airflow/.local/lib/python3.7/site-packages/airflow/example_dags/tutorial_dag.py
[2024-07-06T14:21:20.929+0000] {processor.py:836} INFO - DAG(s) dict_keys(['tutorial_dag']) retrieved from /home/airflow/.local/lib/python3.7/site-packages/airflow/example_dags/tutorial_dag.py
[2024-07-06T14:21:20.949+0000] {logging_mixin.py:150} INFO - [2024-07-06T14:21:20.949+0000] {dag.py:2742} INFO - Sync 1 DAGs
[2024-07-06T14:21:20.965+0000] {logging_mixin.py:150} INFO - [2024-07-06T14:21:20.965+0000] {dag.py:3508} INFO - Setting next_dagrun for tutorial_dag to None, run_after=None
[2024-07-06T14:21:20.976+0000] {processor.py:179} INFO - Processing /home/airflow/.local/lib/python3.7/site-packages/airflow/example_dags/tutorial_dag.py took 0.058 seconds
[2024-07-06T14:21:51.367+0000] {processor.py:157} INFO - Started process (PID=1420) to work on /home/airflow/.local/lib/python3.7/site-packages/airflow/example_dags/tutorial_dag.py
[2024-07-06T14:21:51.369+0000] {processor.py:826} INFO - Processing file /home/airflow/.local/lib/python3.7/site-packages/airflow/example_dags/tutorial_dag.py for tasks to queue
[2024-07-06T14:21:51.370+0000] {logging_mixin.py:150} INFO - [2024-07-06T14:21:51.370+0000] {dagbag.py:541} INFO - Filling up the DagBag from /home/airflow/.local/lib/python3.7/site-packages/airflow/example_dags/tutorial_dag.py
[2024-07-06T14:21:51.376+0000] {processor.py:836} INFO - DAG(s) dict_keys(['tutorial_dag']) retrieved from /home/airflow/.local/lib/python3.7/site-packages/airflow/example_dags/tutorial_dag.py
[2024-07-06T14:21:51.397+0000] {logging_mixin.py:150} INFO - [2024-07-06T14:21:51.397+0000] {dag.py:2742} INFO - Sync 1 DAGs
[2024-07-06T14:21:51.414+0000] {logging_mixin.py:150} INFO - [2024-07-06T14:21:51.414+0000] {dag.py:3508} INFO - Setting next_dagrun for tutorial_dag to None, run_after=None
[2024-07-06T14:21:51.427+0000] {processor.py:179} INFO - Processing /home/airflow/.local/lib/python3.7/site-packages/airflow/example_dags/tutorial_dag.py took 0.063 seconds
[2024-07-06T14:22:21.580+0000] {processor.py:157} INFO - Started process (PID=1483) to work on /home/airflow/.local/lib/python3.7/site-packages/airflow/example_dags/tutorial_dag.py
[2024-07-06T14:22:21.583+0000] {processor.py:826} INFO - Processing file /home/airflow/.local/lib/python3.7/site-packages/airflow/example_dags/tutorial_dag.py for tasks to queue
[2024-07-06T14:22:21.585+0000] {logging_mixin.py:150} INFO - [2024-07-06T14:22:21.584+0000] {dagbag.py:541} INFO - Filling up the DagBag from /home/airflow/.local/lib/python3.7/site-packages/airflow/example_dags/tutorial_dag.py
[2024-07-06T14:22:21.591+0000] {processor.py:836} INFO - DAG(s) dict_keys(['tutorial_dag']) retrieved from /home/airflow/.local/lib/python3.7/site-packages/airflow/example_dags/tutorial_dag.py
[2024-07-06T14:22:21.613+0000] {logging_mixin.py:150} INFO - [2024-07-06T14:22:21.613+0000] {dag.py:2742} INFO - Sync 1 DAGs
[2024-07-06T14:22:21.628+0000] {logging_mixin.py:150} INFO - [2024-07-06T14:22:21.628+0000] {dag.py:3508} INFO - Setting next_dagrun for tutorial_dag to None, run_after=None
[2024-07-06T14:22:21.639+0000] {processor.py:179} INFO - Processing /home/airflow/.local/lib/python3.7/site-packages/airflow/example_dags/tutorial_dag.py took 0.062 seconds
[2024-07-06T14:22:51.999+0000] {processor.py:157} INFO - Started process (PID=1546) to work on /home/airflow/.local/lib/python3.7/site-packages/airflow/example_dags/tutorial_dag.py
[2024-07-06T14:22:52.001+0000] {processor.py:826} INFO - Processing file /home/airflow/.local/lib/python3.7/site-packages/airflow/example_dags/tutorial_dag.py for tasks to queue
[2024-07-06T14:22:52.003+0000] {logging_mixin.py:150} INFO - [2024-07-06T14:22:52.002+0000] {dagbag.py:541} INFO - Filling up the DagBag from /home/airflow/.local/lib/python3.7/site-packages/airflow/example_dags/tutorial_dag.py
[2024-07-06T14:22:52.009+0000] {processor.py:836} INFO - DAG(s) dict_keys(['tutorial_dag']) retrieved from /home/airflow/.local/lib/python3.7/site-packages/airflow/example_dags/tutorial_dag.py
[2024-07-06T14:22:52.035+0000] {logging_mixin.py:150} INFO - [2024-07-06T14:22:52.035+0000] {dag.py:2742} INFO - Sync 1 DAGs
[2024-07-06T14:22:52.051+0000] {logging_mixin.py:150} INFO - [2024-07-06T14:22:52.051+0000] {dag.py:3508} INFO - Setting next_dagrun for tutorial_dag to None, run_after=None
[2024-07-06T14:22:52.063+0000] {processor.py:179} INFO - Processing /home/airflow/.local/lib/python3.7/site-packages/airflow/example_dags/tutorial_dag.py took 0.067 seconds
[2024-07-06T14:23:22.355+0000] {processor.py:157} INFO - Started process (PID=1609) to work on /home/airflow/.local/lib/python3.7/site-packages/airflow/example_dags/tutorial_dag.py
[2024-07-06T14:23:22.359+0000] {processor.py:826} INFO - Processing file /home/airflow/.local/lib/python3.7/site-packages/airflow/example_dags/tutorial_dag.py for tasks to queue
[2024-07-06T14:23:22.363+0000] {logging_mixin.py:150} INFO - [2024-07-06T14:23:22.363+0000] {dagbag.py:541} INFO - Filling up the DagBag from /home/airflow/.local/lib/python3.7/site-packages/airflow/example_dags/tutorial_dag.py
[2024-07-06T14:23:22.370+0000] {processor.py:836} INFO - DAG(s) dict_keys(['tutorial_dag']) retrieved from /home/airflow/.local/lib/python3.7/site-packages/airflow/example_dags/tutorial_dag.py
[2024-07-06T14:23:22.397+0000] {logging_mixin.py:150} INFO - [2024-07-06T14:23:22.397+0000] {dag.py:2742} INFO - Sync 1 DAGs
[2024-07-06T14:23:22.417+0000] {logging_mixin.py:150} INFO - [2024-07-06T14:23:22.417+0000] {dag.py:3508} INFO - Setting next_dagrun for tutorial_dag to None, run_after=None
[2024-07-06T14:23:22.431+0000] {processor.py:179} INFO - Processing /home/airflow/.local/lib/python3.7/site-packages/airflow/example_dags/tutorial_dag.py took 0.080 seconds
[2024-07-06T14:23:53.016+0000] {processor.py:157} INFO - Started process (PID=1672) to work on /home/airflow/.local/lib/python3.7/site-packages/airflow/example_dags/tutorial_dag.py
[2024-07-06T14:23:53.018+0000] {processor.py:826} INFO - Processing file /home/airflow/.local/lib/python3.7/site-packages/airflow/example_dags/tutorial_dag.py for tasks to queue
[2024-07-06T14:23:53.020+0000] {logging_mixin.py:150} INFO - [2024-07-06T14:23:53.020+0000] {dagbag.py:541} INFO - Filling up the DagBag from /home/airflow/.local/lib/python3.7/site-packages/airflow/example_dags/tutorial_dag.py
[2024-07-06T14:23:53.025+0000] {processor.py:836} INFO - DAG(s) dict_keys(['tutorial_dag']) retrieved from /home/airflow/.local/lib/python3.7/site-packages/airflow/example_dags/tutorial_dag.py
[2024-07-06T14:23:53.045+0000] {logging_mixin.py:150} INFO - [2024-07-06T14:23:53.045+0000] {dag.py:2742} INFO - Sync 1 DAGs
[2024-07-06T14:23:53.060+0000] {logging_mixin.py:150} INFO - [2024-07-06T14:23:53.060+0000] {dag.py:3508} INFO - Setting next_dagrun for tutorial_dag to None, run_after=None
[2024-07-06T14:23:53.071+0000] {processor.py:179} INFO - Processing /home/airflow/.local/lib/python3.7/site-packages/airflow/example_dags/tutorial_dag.py took 0.058 seconds
[2024-07-06T14:24:23.534+0000] {processor.py:157} INFO - Started process (PID=1735) to work on /home/airflow/.local/lib/python3.7/site-packages/airflow/example_dags/tutorial_dag.py
[2024-07-06T14:24:23.536+0000] {processor.py:826} INFO - Processing file /home/airflow/.local/lib/python3.7/site-packages/airflow/example_dags/tutorial_dag.py for tasks to queue
[2024-07-06T14:24:23.538+0000] {logging_mixin.py:150} INFO - [2024-07-06T14:24:23.538+0000] {dagbag.py:541} INFO - Filling up the DagBag from /home/airflow/.local/lib/python3.7/site-packages/airflow/example_dags/tutorial_dag.py
[2024-07-06T14:24:23.543+0000] {processor.py:836} INFO - DAG(s) dict_keys(['tutorial_dag']) retrieved from /home/airflow/.local/lib/python3.7/site-packages/airflow/example_dags/tutorial_dag.py
[2024-07-06T14:24:23.565+0000] {logging_mixin.py:150} INFO - [2024-07-06T14:24:23.565+0000] {dag.py:2742} INFO - Sync 1 DAGs
[2024-07-06T14:24:23.590+0000] {logging_mixin.py:150} INFO - [2024-07-06T14:24:23.590+0000] {dag.py:3508} INFO - Setting next_dagrun for tutorial_dag to None, run_after=None
[2024-07-06T14:24:23.608+0000] {processor.py:179} INFO - Processing /home/airflow/.local/lib/python3.7/site-packages/airflow/example_dags/tutorial_dag.py took 0.077 seconds
[2024-07-06T14:24:54.550+0000] {processor.py:157} INFO - Started process (PID=1798) to work on /home/airflow/.local/lib/python3.7/site-packages/airflow/example_dags/tutorial_dag.py
[2024-07-06T14:24:54.553+0000] {processor.py:826} INFO - Processing file /home/airflow/.local/lib/python3.7/site-packages/airflow/example_dags/tutorial_dag.py for tasks to queue
[2024-07-06T14:24:54.555+0000] {logging_mixin.py:150} INFO - [2024-07-06T14:24:54.554+0000] {dagbag.py:541} INFO - Filling up the DagBag from /home/airflow/.local/lib/python3.7/site-packages/airflow/example_dags/tutorial_dag.py
[2024-07-06T14:24:54.561+0000] {processor.py:836} INFO - DAG(s) dict_keys(['tutorial_dag']) retrieved from /home/airflow/.local/lib/python3.7/site-packages/airflow/example_dags/tutorial_dag.py
[2024-07-06T14:24:54.586+0000] {logging_mixin.py:150} INFO - [2024-07-06T14:24:54.585+0000] {dag.py:2742} INFO - Sync 1 DAGs
[2024-07-06T14:24:54.607+0000] {logging_mixin.py:150} INFO - [2024-07-06T14:24:54.606+0000] {dag.py:3508} INFO - Setting next_dagrun for tutorial_dag to None, run_after=None
[2024-07-06T14:24:54.626+0000] {processor.py:179} INFO - Processing /home/airflow/.local/lib/python3.7/site-packages/airflow/example_dags/tutorial_dag.py took 0.080 seconds
[2024-07-06T14:25:25.580+0000] {processor.py:157} INFO - Started process (PID=1862) to work on /home/airflow/.local/lib/python3.7/site-packages/airflow/example_dags/tutorial_dag.py
[2024-07-06T14:25:25.583+0000] {processor.py:826} INFO - Processing file /home/airflow/.local/lib/python3.7/site-packages/airflow/example_dags/tutorial_dag.py for tasks to queue
[2024-07-06T14:25:25.584+0000] {logging_mixin.py:150} INFO - [2024-07-06T14:25:25.584+0000] {dagbag.py:541} INFO - Filling up the DagBag from /home/airflow/.local/lib/python3.7/site-packages/airflow/example_dags/tutorial_dag.py
[2024-07-06T14:25:25.590+0000] {processor.py:836} INFO - DAG(s) dict_keys(['tutorial_dag']) retrieved from /home/airflow/.local/lib/python3.7/site-packages/airflow/example_dags/tutorial_dag.py
[2024-07-06T14:25:25.613+0000] {logging_mixin.py:150} INFO - [2024-07-06T14:25:25.613+0000] {dag.py:2742} INFO - Sync 1 DAGs
[2024-07-06T14:25:25.628+0000] {logging_mixin.py:150} INFO - [2024-07-06T14:25:25.628+0000] {dag.py:3508} INFO - Setting next_dagrun for tutorial_dag to None, run_after=None
[2024-07-06T14:25:25.640+0000] {processor.py:179} INFO - Processing /home/airflow/.local/lib/python3.7/site-packages/airflow/example_dags/tutorial_dag.py took 0.064 seconds
[2024-07-06T14:25:56.517+0000] {processor.py:157} INFO - Started process (PID=1924) to work on /home/airflow/.local/lib/python3.7/site-packages/airflow/example_dags/tutorial_dag.py
[2024-07-06T14:25:56.519+0000] {processor.py:826} INFO - Processing file /home/airflow/.local/lib/python3.7/site-packages/airflow/example_dags/tutorial_dag.py for tasks to queue
[2024-07-06T14:25:56.520+0000] {logging_mixin.py:150} INFO - [2024-07-06T14:25:56.520+0000] {dagbag.py:541} INFO - Filling up the DagBag from /home/airflow/.local/lib/python3.7/site-packages/airflow/example_dags/tutorial_dag.py
[2024-07-06T14:25:56.525+0000] {processor.py:836} INFO - DAG(s) dict_keys(['tutorial_dag']) retrieved from /home/airflow/.local/lib/python3.7/site-packages/airflow/example_dags/tutorial_dag.py
[2024-07-06T14:25:56.545+0000] {logging_mixin.py:150} INFO - [2024-07-06T14:25:56.545+0000] {dag.py:2742} INFO - Sync 1 DAGs
[2024-07-06T14:25:56.560+0000] {logging_mixin.py:150} INFO - [2024-07-06T14:25:56.560+0000] {dag.py:3508} INFO - Setting next_dagrun for tutorial_dag to None, run_after=None
[2024-07-06T14:25:56.571+0000] {processor.py:179} INFO - Processing /home/airflow/.local/lib/python3.7/site-packages/airflow/example_dags/tutorial_dag.py took 0.057 seconds
[2024-07-06T14:26:27.293+0000] {processor.py:157} INFO - Started process (PID=1988) to work on /home/airflow/.local/lib/python3.7/site-packages/airflow/example_dags/tutorial_dag.py
[2024-07-06T14:26:27.294+0000] {processor.py:826} INFO - Processing file /home/airflow/.local/lib/python3.7/site-packages/airflow/example_dags/tutorial_dag.py for tasks to queue
[2024-07-06T14:26:27.296+0000] {logging_mixin.py:150} INFO - [2024-07-06T14:26:27.296+0000] {dagbag.py:541} INFO - Filling up the DagBag from /home/airflow/.local/lib/python3.7/site-packages/airflow/example_dags/tutorial_dag.py
[2024-07-06T14:26:27.301+0000] {processor.py:836} INFO - DAG(s) dict_keys(['tutorial_dag']) retrieved from /home/airflow/.local/lib/python3.7/site-packages/airflow/example_dags/tutorial_dag.py
[2024-07-06T14:26:27.322+0000] {logging_mixin.py:150} INFO - [2024-07-06T14:26:27.322+0000] {dag.py:2742} INFO - Sync 1 DAGs
[2024-07-06T14:26:27.337+0000] {logging_mixin.py:150} INFO - [2024-07-06T14:26:27.337+0000] {dag.py:3508} INFO - Setting next_dagrun for tutorial_dag to None, run_after=None
[2024-07-06T14:26:27.348+0000] {processor.py:179} INFO - Processing /home/airflow/.local/lib/python3.7/site-packages/airflow/example_dags/tutorial_dag.py took 0.058 seconds
[2024-07-06T14:26:57.721+0000] {processor.py:157} INFO - Started process (PID=2051) to work on /home/airflow/.local/lib/python3.7/site-packages/airflow/example_dags/tutorial_dag.py
[2024-07-06T14:26:57.724+0000] {processor.py:826} INFO - Processing file /home/airflow/.local/lib/python3.7/site-packages/airflow/example_dags/tutorial_dag.py for tasks to queue
[2024-07-06T14:26:57.725+0000] {logging_mixin.py:150} INFO - [2024-07-06T14:26:57.725+0000] {dagbag.py:541} INFO - Filling up the DagBag from /home/airflow/.local/lib/python3.7/site-packages/airflow/example_dags/tutorial_dag.py
[2024-07-06T14:26:57.731+0000] {processor.py:836} INFO - DAG(s) dict_keys(['tutorial_dag']) retrieved from /home/airflow/.local/lib/python3.7/site-packages/airflow/example_dags/tutorial_dag.py
[2024-07-06T14:26:57.757+0000] {logging_mixin.py:150} INFO - [2024-07-06T14:26:57.757+0000] {dag.py:2742} INFO - Sync 1 DAGs
[2024-07-06T14:26:57.783+0000] {logging_mixin.py:150} INFO - [2024-07-06T14:26:57.783+0000] {dag.py:3508} INFO - Setting next_dagrun for tutorial_dag to None, run_after=None
[2024-07-06T14:26:57.800+0000] {processor.py:179} INFO - Processing /home/airflow/.local/lib/python3.7/site-packages/airflow/example_dags/tutorial_dag.py took 0.081 seconds
[2024-07-06T14:27:28.040+0000] {processor.py:157} INFO - Started process (PID=2113) to work on /home/airflow/.local/lib/python3.7/site-packages/airflow/example_dags/tutorial_dag.py
[2024-07-06T14:27:28.041+0000] {processor.py:826} INFO - Processing file /home/airflow/.local/lib/python3.7/site-packages/airflow/example_dags/tutorial_dag.py for tasks to queue
[2024-07-06T14:27:28.043+0000] {logging_mixin.py:150} INFO - [2024-07-06T14:27:28.042+0000] {dagbag.py:541} INFO - Filling up the DagBag from /home/airflow/.local/lib/python3.7/site-packages/airflow/example_dags/tutorial_dag.py
[2024-07-06T14:27:28.048+0000] {processor.py:836} INFO - DAG(s) dict_keys(['tutorial_dag']) retrieved from /home/airflow/.local/lib/python3.7/site-packages/airflow/example_dags/tutorial_dag.py
[2024-07-06T14:27:28.070+0000] {logging_mixin.py:150} INFO - [2024-07-06T14:27:28.070+0000] {dag.py:2742} INFO - Sync 1 DAGs
[2024-07-06T14:27:28.091+0000] {logging_mixin.py:150} INFO - [2024-07-06T14:27:28.091+0000] {dag.py:3508} INFO - Setting next_dagrun for tutorial_dag to None, run_after=None
[2024-07-06T14:27:28.107+0000] {processor.py:179} INFO - Processing /home/airflow/.local/lib/python3.7/site-packages/airflow/example_dags/tutorial_dag.py took 0.071 seconds
[2024-07-06T14:27:58.750+0000] {processor.py:157} INFO - Started process (PID=2181) to work on /home/airflow/.local/lib/python3.7/site-packages/airflow/example_dags/tutorial_dag.py
[2024-07-06T14:27:58.752+0000] {processor.py:826} INFO - Processing file /home/airflow/.local/lib/python3.7/site-packages/airflow/example_dags/tutorial_dag.py for tasks to queue
[2024-07-06T14:27:58.754+0000] {logging_mixin.py:150} INFO - [2024-07-06T14:27:58.754+0000] {dagbag.py:541} INFO - Filling up the DagBag from /home/airflow/.local/lib/python3.7/site-packages/airflow/example_dags/tutorial_dag.py
[2024-07-06T14:27:58.761+0000] {processor.py:836} INFO - DAG(s) dict_keys(['tutorial_dag']) retrieved from /home/airflow/.local/lib/python3.7/site-packages/airflow/example_dags/tutorial_dag.py
[2024-07-06T14:27:58.787+0000] {logging_mixin.py:150} INFO - [2024-07-06T14:27:58.787+0000] {dag.py:2742} INFO - Sync 1 DAGs
[2024-07-06T14:27:58.805+0000] {logging_mixin.py:150} INFO - [2024-07-06T14:27:58.805+0000] {dag.py:3508} INFO - Setting next_dagrun for tutorial_dag to None, run_after=None
[2024-07-06T14:27:58.818+0000] {processor.py:179} INFO - Processing /home/airflow/.local/lib/python3.7/site-packages/airflow/example_dags/tutorial_dag.py took 0.071 seconds
[2024-07-06T14:28:28.942+0000] {processor.py:157} INFO - Started process (PID=2249) to work on /home/airflow/.local/lib/python3.7/site-packages/airflow/example_dags/tutorial_dag.py
[2024-07-06T14:28:28.944+0000] {processor.py:826} INFO - Processing file /home/airflow/.local/lib/python3.7/site-packages/airflow/example_dags/tutorial_dag.py for tasks to queue
[2024-07-06T14:28:28.945+0000] {logging_mixin.py:150} INFO - [2024-07-06T14:28:28.945+0000] {dagbag.py:541} INFO - Filling up the DagBag from /home/airflow/.local/lib/python3.7/site-packages/airflow/example_dags/tutorial_dag.py
[2024-07-06T14:28:28.950+0000] {processor.py:836} INFO - DAG(s) dict_keys(['tutorial_dag']) retrieved from /home/airflow/.local/lib/python3.7/site-packages/airflow/example_dags/tutorial_dag.py
[2024-07-06T14:28:28.974+0000] {logging_mixin.py:150} INFO - [2024-07-06T14:28:28.974+0000] {dag.py:2742} INFO - Sync 1 DAGs
[2024-07-06T14:28:28.992+0000] {logging_mixin.py:150} INFO - [2024-07-06T14:28:28.992+0000] {dag.py:3508} INFO - Setting next_dagrun for tutorial_dag to None, run_after=None
[2024-07-06T14:28:29.003+0000] {processor.py:179} INFO - Processing /home/airflow/.local/lib/python3.7/site-packages/airflow/example_dags/tutorial_dag.py took 0.064 seconds
[2024-07-06T14:28:59.346+0000] {processor.py:157} INFO - Started process (PID=2312) to work on /home/airflow/.local/lib/python3.7/site-packages/airflow/example_dags/tutorial_dag.py
[2024-07-06T14:28:59.349+0000] {processor.py:826} INFO - Processing file /home/airflow/.local/lib/python3.7/site-packages/airflow/example_dags/tutorial_dag.py for tasks to queue
[2024-07-06T14:28:59.351+0000] {logging_mixin.py:150} INFO - [2024-07-06T14:28:59.351+0000] {dagbag.py:541} INFO - Filling up the DagBag from /home/airflow/.local/lib/python3.7/site-packages/airflow/example_dags/tutorial_dag.py
[2024-07-06T14:28:59.355+0000] {processor.py:836} INFO - DAG(s) dict_keys(['tutorial_dag']) retrieved from /home/airflow/.local/lib/python3.7/site-packages/airflow/example_dags/tutorial_dag.py
[2024-07-06T14:28:59.376+0000] {logging_mixin.py:150} INFO - [2024-07-06T14:28:59.376+0000] {dag.py:2742} INFO - Sync 1 DAGs
[2024-07-06T14:28:59.393+0000] {logging_mixin.py:150} INFO - [2024-07-06T14:28:59.393+0000] {dag.py:3508} INFO - Setting next_dagrun for tutorial_dag to None, run_after=None
[2024-07-06T14:28:59.406+0000] {processor.py:179} INFO - Processing /home/airflow/.local/lib/python3.7/site-packages/airflow/example_dags/tutorial_dag.py took 0.063 seconds
[2024-07-06T14:29:30.270+0000] {processor.py:157} INFO - Started process (PID=2375) to work on /home/airflow/.local/lib/python3.7/site-packages/airflow/example_dags/tutorial_dag.py
[2024-07-06T14:29:30.273+0000] {processor.py:826} INFO - Processing file /home/airflow/.local/lib/python3.7/site-packages/airflow/example_dags/tutorial_dag.py for tasks to queue
[2024-07-06T14:29:30.275+0000] {logging_mixin.py:150} INFO - [2024-07-06T14:29:30.274+0000] {dagbag.py:541} INFO - Filling up the DagBag from /home/airflow/.local/lib/python3.7/site-packages/airflow/example_dags/tutorial_dag.py
[2024-07-06T14:29:30.280+0000] {processor.py:836} INFO - DAG(s) dict_keys(['tutorial_dag']) retrieved from /home/airflow/.local/lib/python3.7/site-packages/airflow/example_dags/tutorial_dag.py
[2024-07-06T14:29:30.308+0000] {logging_mixin.py:150} INFO - [2024-07-06T14:29:30.307+0000] {dag.py:2742} INFO - Sync 1 DAGs
[2024-07-06T14:29:30.326+0000] {logging_mixin.py:150} INFO - [2024-07-06T14:29:30.326+0000] {dag.py:3508} INFO - Setting next_dagrun for tutorial_dag to None, run_after=None
[2024-07-06T14:29:30.342+0000] {processor.py:179} INFO - Processing /home/airflow/.local/lib/python3.7/site-packages/airflow/example_dags/tutorial_dag.py took 0.075 seconds
[2024-07-06T14:30:00.527+0000] {processor.py:157} INFO - Started process (PID=2442) to work on /home/airflow/.local/lib/python3.7/site-packages/airflow/example_dags/tutorial_dag.py
[2024-07-06T14:30:00.531+0000] {processor.py:826} INFO - Processing file /home/airflow/.local/lib/python3.7/site-packages/airflow/example_dags/tutorial_dag.py for tasks to queue
[2024-07-06T14:30:00.535+0000] {logging_mixin.py:150} INFO - [2024-07-06T14:30:00.535+0000] {dagbag.py:541} INFO - Filling up the DagBag from /home/airflow/.local/lib/python3.7/site-packages/airflow/example_dags/tutorial_dag.py
[2024-07-06T14:30:00.547+0000] {processor.py:836} INFO - DAG(s) dict_keys(['tutorial_dag']) retrieved from /home/airflow/.local/lib/python3.7/site-packages/airflow/example_dags/tutorial_dag.py
[2024-07-06T14:30:00.575+0000] {logging_mixin.py:150} INFO - [2024-07-06T14:30:00.575+0000] {dag.py:2742} INFO - Sync 1 DAGs
[2024-07-06T14:30:00.600+0000] {logging_mixin.py:150} INFO - [2024-07-06T14:30:00.600+0000] {dag.py:3508} INFO - Setting next_dagrun for tutorial_dag to None, run_after=None
[2024-07-06T14:30:00.614+0000] {processor.py:179} INFO - Processing /home/airflow/.local/lib/python3.7/site-packages/airflow/example_dags/tutorial_dag.py took 0.102 seconds
[2024-07-06T14:30:30.767+0000] {processor.py:157} INFO - Started process (PID=2505) to work on /home/airflow/.local/lib/python3.7/site-packages/airflow/example_dags/tutorial_dag.py
[2024-07-06T14:30:30.769+0000] {processor.py:826} INFO - Processing file /home/airflow/.local/lib/python3.7/site-packages/airflow/example_dags/tutorial_dag.py for tasks to queue
[2024-07-06T14:30:30.771+0000] {logging_mixin.py:150} INFO - [2024-07-06T14:30:30.771+0000] {dagbag.py:541} INFO - Filling up the DagBag from /home/airflow/.local/lib/python3.7/site-packages/airflow/example_dags/tutorial_dag.py
[2024-07-06T14:30:30.776+0000] {processor.py:836} INFO - DAG(s) dict_keys(['tutorial_dag']) retrieved from /home/airflow/.local/lib/python3.7/site-packages/airflow/example_dags/tutorial_dag.py
[2024-07-06T14:30:30.795+0000] {logging_mixin.py:150} INFO - [2024-07-06T14:30:30.795+0000] {dag.py:2742} INFO - Sync 1 DAGs
[2024-07-06T14:30:30.811+0000] {logging_mixin.py:150} INFO - [2024-07-06T14:30:30.811+0000] {dag.py:3508} INFO - Setting next_dagrun for tutorial_dag to None, run_after=None
[2024-07-06T14:30:30.823+0000] {processor.py:179} INFO - Processing /home/airflow/.local/lib/python3.7/site-packages/airflow/example_dags/tutorial_dag.py took 0.058 seconds
