[2024-02-28T18:33:11.219+0000] {processor.py:157} INFO - Started process (PID=53) to work on /home/airflow/.local/lib/python3.7/site-packages/airflow/example_dags/example_sensors.py
[2024-02-28T18:33:11.229+0000] {processor.py:826} INFO - Processing file /home/airflow/.local/lib/python3.7/site-packages/airflow/example_dags/example_sensors.py for tasks to queue
[2024-02-28T18:33:11.236+0000] {logging_mixin.py:150} INFO - [2024-02-28T18:33:11.235+0000] {dagbag.py:541} INFO - Filling up the DagBag from /home/airflow/.local/lib/python3.7/site-packages/airflow/example_dags/example_sensors.py
[2024-02-28T18:33:11.281+0000] {processor.py:836} INFO - DAG(s) dict_keys(['example_sensors']) retrieved from /home/airflow/.local/lib/python3.7/site-packages/airflow/example_dags/example_sensors.py
[2024-02-28T18:33:11.333+0000] {logging_mixin.py:150} INFO - [2024-02-28T18:33:11.332+0000] {dag.py:2742} INFO - Sync 1 DAGs
[2024-02-28T18:33:11.435+0000] {logging_mixin.py:150} INFO - [2024-02-28T18:33:11.435+0000] {dag.py:3508} INFO - Setting next_dagrun for example_sensors to None, run_after=None
[2024-02-28T18:33:11.513+0000] {processor.py:179} INFO - Processing /home/airflow/.local/lib/python3.7/site-packages/airflow/example_dags/example_sensors.py took 0.330 seconds
[2024-02-28T18:33:41.760+0000] {processor.py:157} INFO - Started process (PID=116) to work on /home/airflow/.local/lib/python3.7/site-packages/airflow/example_dags/example_sensors.py
[2024-02-28T18:33:41.762+0000] {processor.py:826} INFO - Processing file /home/airflow/.local/lib/python3.7/site-packages/airflow/example_dags/example_sensors.py for tasks to queue
[2024-02-28T18:33:41.764+0000] {logging_mixin.py:150} INFO - [2024-02-28T18:33:41.764+0000] {dagbag.py:541} INFO - Filling up the DagBag from /home/airflow/.local/lib/python3.7/site-packages/airflow/example_dags/example_sensors.py
[2024-02-28T18:33:41.773+0000] {processor.py:836} INFO - DAG(s) dict_keys(['example_sensors']) retrieved from /home/airflow/.local/lib/python3.7/site-packages/airflow/example_dags/example_sensors.py
[2024-02-28T18:33:41.796+0000] {logging_mixin.py:150} INFO - [2024-02-28T18:33:41.796+0000] {dag.py:2742} INFO - Sync 1 DAGs
[2024-02-28T18:33:41.814+0000] {logging_mixin.py:150} INFO - [2024-02-28T18:33:41.813+0000] {dag.py:3508} INFO - Setting next_dagrun for example_sensors to None, run_after=None
[2024-02-28T18:33:41.825+0000] {processor.py:179} INFO - Processing /home/airflow/.local/lib/python3.7/site-packages/airflow/example_dags/example_sensors.py took 0.068 seconds
[2024-02-28T18:34:11.937+0000] {processor.py:157} INFO - Started process (PID=179) to work on /home/airflow/.local/lib/python3.7/site-packages/airflow/example_dags/example_sensors.py
[2024-02-28T18:34:11.939+0000] {processor.py:826} INFO - Processing file /home/airflow/.local/lib/python3.7/site-packages/airflow/example_dags/example_sensors.py for tasks to queue
[2024-02-28T18:34:11.940+0000] {logging_mixin.py:150} INFO - [2024-02-28T18:34:11.940+0000] {dagbag.py:541} INFO - Filling up the DagBag from /home/airflow/.local/lib/python3.7/site-packages/airflow/example_dags/example_sensors.py
[2024-02-28T18:34:11.948+0000] {processor.py:836} INFO - DAG(s) dict_keys(['example_sensors']) retrieved from /home/airflow/.local/lib/python3.7/site-packages/airflow/example_dags/example_sensors.py
[2024-02-28T18:34:11.973+0000] {logging_mixin.py:150} INFO - [2024-02-28T18:34:11.972+0000] {dag.py:2742} INFO - Sync 1 DAGs
[2024-02-28T18:34:11.990+0000] {logging_mixin.py:150} INFO - [2024-02-28T18:34:11.990+0000] {dag.py:3508} INFO - Setting next_dagrun for example_sensors to None, run_after=None
[2024-02-28T18:34:12.003+0000] {processor.py:179} INFO - Processing /home/airflow/.local/lib/python3.7/site-packages/airflow/example_dags/example_sensors.py took 0.069 seconds
[2024-02-28T18:34:43.060+0000] {processor.py:157} INFO - Started process (PID=242) to work on /home/airflow/.local/lib/python3.7/site-packages/airflow/example_dags/example_sensors.py
[2024-02-28T18:34:43.064+0000] {processor.py:826} INFO - Processing file /home/airflow/.local/lib/python3.7/site-packages/airflow/example_dags/example_sensors.py for tasks to queue
[2024-02-28T18:34:43.069+0000] {logging_mixin.py:150} INFO - [2024-02-28T18:34:43.069+0000] {dagbag.py:541} INFO - Filling up the DagBag from /home/airflow/.local/lib/python3.7/site-packages/airflow/example_dags/example_sensors.py
[2024-02-28T18:34:43.109+0000] {processor.py:836} INFO - DAG(s) dict_keys(['example_sensors']) retrieved from /home/airflow/.local/lib/python3.7/site-packages/airflow/example_dags/example_sensors.py
[2024-02-28T18:34:43.196+0000] {logging_mixin.py:150} INFO - [2024-02-28T18:34:43.196+0000] {dag.py:2742} INFO - Sync 1 DAGs
[2024-02-28T18:34:43.282+0000] {logging_mixin.py:150} INFO - [2024-02-28T18:34:43.282+0000] {dag.py:3508} INFO - Setting next_dagrun for example_sensors to None, run_after=None
[2024-02-28T18:34:43.313+0000] {processor.py:179} INFO - Processing /home/airflow/.local/lib/python3.7/site-packages/airflow/example_dags/example_sensors.py took 0.259 seconds
[2024-02-28T18:35:14.117+0000] {processor.py:157} INFO - Started process (PID=306) to work on /home/airflow/.local/lib/python3.7/site-packages/airflow/example_dags/example_sensors.py
[2024-02-28T18:35:14.119+0000] {processor.py:826} INFO - Processing file /home/airflow/.local/lib/python3.7/site-packages/airflow/example_dags/example_sensors.py for tasks to queue
[2024-02-28T18:35:14.123+0000] {logging_mixin.py:150} INFO - [2024-02-28T18:35:14.123+0000] {dagbag.py:541} INFO - Filling up the DagBag from /home/airflow/.local/lib/python3.7/site-packages/airflow/example_dags/example_sensors.py
[2024-02-28T18:35:14.133+0000] {processor.py:836} INFO - DAG(s) dict_keys(['example_sensors']) retrieved from /home/airflow/.local/lib/python3.7/site-packages/airflow/example_dags/example_sensors.py
[2024-02-28T18:35:14.161+0000] {logging_mixin.py:150} INFO - [2024-02-28T18:35:14.161+0000] {dag.py:2742} INFO - Sync 1 DAGs
[2024-02-28T18:35:14.182+0000] {logging_mixin.py:150} INFO - [2024-02-28T18:35:14.182+0000] {dag.py:3508} INFO - Setting next_dagrun for example_sensors to None, run_after=None
[2024-02-28T18:35:14.202+0000] {processor.py:179} INFO - Processing /home/airflow/.local/lib/python3.7/site-packages/airflow/example_dags/example_sensors.py took 0.088 seconds
[2024-02-28T18:35:44.985+0000] {processor.py:157} INFO - Started process (PID=370) to work on /home/airflow/.local/lib/python3.7/site-packages/airflow/example_dags/example_sensors.py
[2024-02-28T18:35:44.987+0000] {processor.py:826} INFO - Processing file /home/airflow/.local/lib/python3.7/site-packages/airflow/example_dags/example_sensors.py for tasks to queue
[2024-02-28T18:35:44.989+0000] {logging_mixin.py:150} INFO - [2024-02-28T18:35:44.989+0000] {dagbag.py:541} INFO - Filling up the DagBag from /home/airflow/.local/lib/python3.7/site-packages/airflow/example_dags/example_sensors.py
[2024-02-28T18:35:44.999+0000] {processor.py:836} INFO - DAG(s) dict_keys(['example_sensors']) retrieved from /home/airflow/.local/lib/python3.7/site-packages/airflow/example_dags/example_sensors.py
[2024-02-28T18:35:45.034+0000] {logging_mixin.py:150} INFO - [2024-02-28T18:35:45.034+0000] {dag.py:2742} INFO - Sync 1 DAGs
[2024-02-28T18:35:45.059+0000] {logging_mixin.py:150} INFO - [2024-02-28T18:35:45.059+0000] {dag.py:3508} INFO - Setting next_dagrun for example_sensors to None, run_after=None
[2024-02-28T18:35:45.080+0000] {processor.py:179} INFO - Processing /home/airflow/.local/lib/python3.7/site-packages/airflow/example_dags/example_sensors.py took 0.098 seconds
[2024-02-28T18:36:16.077+0000] {processor.py:157} INFO - Started process (PID=433) to work on /home/airflow/.local/lib/python3.7/site-packages/airflow/example_dags/example_sensors.py
[2024-02-28T18:36:16.080+0000] {processor.py:826} INFO - Processing file /home/airflow/.local/lib/python3.7/site-packages/airflow/example_dags/example_sensors.py for tasks to queue
[2024-02-28T18:36:16.082+0000] {logging_mixin.py:150} INFO - [2024-02-28T18:36:16.081+0000] {dagbag.py:541} INFO - Filling up the DagBag from /home/airflow/.local/lib/python3.7/site-packages/airflow/example_dags/example_sensors.py
[2024-02-28T18:36:16.092+0000] {processor.py:836} INFO - DAG(s) dict_keys(['example_sensors']) retrieved from /home/airflow/.local/lib/python3.7/site-packages/airflow/example_dags/example_sensors.py
[2024-02-28T18:36:16.122+0000] {logging_mixin.py:150} INFO - [2024-02-28T18:36:16.122+0000] {dag.py:2742} INFO - Sync 1 DAGs
[2024-02-28T18:36:16.144+0000] {logging_mixin.py:150} INFO - [2024-02-28T18:36:16.144+0000] {dag.py:3508} INFO - Setting next_dagrun for example_sensors to None, run_after=None
[2024-02-28T18:36:16.171+0000] {processor.py:179} INFO - Processing /home/airflow/.local/lib/python3.7/site-packages/airflow/example_dags/example_sensors.py took 0.097 seconds
[2024-02-28T18:36:48.060+0000] {processor.py:157} INFO - Started process (PID=496) to work on /home/airflow/.local/lib/python3.7/site-packages/airflow/example_dags/example_sensors.py
[2024-02-28T18:36:48.063+0000] {processor.py:826} INFO - Processing file /home/airflow/.local/lib/python3.7/site-packages/airflow/example_dags/example_sensors.py for tasks to queue
[2024-02-28T18:36:48.067+0000] {logging_mixin.py:150} INFO - [2024-02-28T18:36:48.067+0000] {dagbag.py:541} INFO - Filling up the DagBag from /home/airflow/.local/lib/python3.7/site-packages/airflow/example_dags/example_sensors.py
[2024-02-28T18:36:48.079+0000] {processor.py:836} INFO - DAG(s) dict_keys(['example_sensors']) retrieved from /home/airflow/.local/lib/python3.7/site-packages/airflow/example_dags/example_sensors.py
[2024-02-28T18:36:48.109+0000] {logging_mixin.py:150} INFO - [2024-02-28T18:36:48.109+0000] {dag.py:2742} INFO - Sync 1 DAGs
[2024-02-28T18:36:48.140+0000] {logging_mixin.py:150} INFO - [2024-02-28T18:36:48.140+0000] {dag.py:3508} INFO - Setting next_dagrun for example_sensors to None, run_after=None
[2024-02-28T18:36:48.163+0000] {processor.py:179} INFO - Processing /home/airflow/.local/lib/python3.7/site-packages/airflow/example_dags/example_sensors.py took 0.106 seconds
[2024-02-28T18:37:18.674+0000] {processor.py:157} INFO - Started process (PID=559) to work on /home/airflow/.local/lib/python3.7/site-packages/airflow/example_dags/example_sensors.py
[2024-02-28T18:37:18.676+0000] {processor.py:826} INFO - Processing file /home/airflow/.local/lib/python3.7/site-packages/airflow/example_dags/example_sensors.py for tasks to queue
[2024-02-28T18:37:18.679+0000] {logging_mixin.py:150} INFO - [2024-02-28T18:37:18.679+0000] {dagbag.py:541} INFO - Filling up the DagBag from /home/airflow/.local/lib/python3.7/site-packages/airflow/example_dags/example_sensors.py
[2024-02-28T18:37:18.688+0000] {processor.py:836} INFO - DAG(s) dict_keys(['example_sensors']) retrieved from /home/airflow/.local/lib/python3.7/site-packages/airflow/example_dags/example_sensors.py
[2024-02-28T18:37:18.729+0000] {logging_mixin.py:150} INFO - [2024-02-28T18:37:18.729+0000] {dag.py:2742} INFO - Sync 1 DAGs
[2024-02-28T18:37:18.761+0000] {logging_mixin.py:150} INFO - [2024-02-28T18:37:18.761+0000] {dag.py:3508} INFO - Setting next_dagrun for example_sensors to None, run_after=None
[2024-02-28T18:37:18.785+0000] {processor.py:179} INFO - Processing /home/airflow/.local/lib/python3.7/site-packages/airflow/example_dags/example_sensors.py took 0.116 seconds
[2024-02-28T18:37:48.902+0000] {processor.py:157} INFO - Started process (PID=622) to work on /home/airflow/.local/lib/python3.7/site-packages/airflow/example_dags/example_sensors.py
[2024-02-28T18:37:48.904+0000] {processor.py:826} INFO - Processing file /home/airflow/.local/lib/python3.7/site-packages/airflow/example_dags/example_sensors.py for tasks to queue
[2024-02-28T18:37:48.906+0000] {logging_mixin.py:150} INFO - [2024-02-28T18:37:48.905+0000] {dagbag.py:541} INFO - Filling up the DagBag from /home/airflow/.local/lib/python3.7/site-packages/airflow/example_dags/example_sensors.py
[2024-02-28T18:37:48.915+0000] {processor.py:836} INFO - DAG(s) dict_keys(['example_sensors']) retrieved from /home/airflow/.local/lib/python3.7/site-packages/airflow/example_dags/example_sensors.py
[2024-02-28T18:37:48.946+0000] {logging_mixin.py:150} INFO - [2024-02-28T18:37:48.945+0000] {dag.py:2742} INFO - Sync 1 DAGs
[2024-02-28T18:37:48.973+0000] {logging_mixin.py:150} INFO - [2024-02-28T18:37:48.972+0000] {dag.py:3508} INFO - Setting next_dagrun for example_sensors to None, run_after=None
[2024-02-28T18:37:48.995+0000] {processor.py:179} INFO - Processing /home/airflow/.local/lib/python3.7/site-packages/airflow/example_dags/example_sensors.py took 0.096 seconds
[2024-02-28T18:38:19.443+0000] {processor.py:157} INFO - Started process (PID=684) to work on /home/airflow/.local/lib/python3.7/site-packages/airflow/example_dags/example_sensors.py
[2024-02-28T18:38:19.446+0000] {processor.py:826} INFO - Processing file /home/airflow/.local/lib/python3.7/site-packages/airflow/example_dags/example_sensors.py for tasks to queue
[2024-02-28T18:38:19.450+0000] {logging_mixin.py:150} INFO - [2024-02-28T18:38:19.449+0000] {dagbag.py:541} INFO - Filling up the DagBag from /home/airflow/.local/lib/python3.7/site-packages/airflow/example_dags/example_sensors.py
[2024-02-28T18:38:19.465+0000] {processor.py:836} INFO - DAG(s) dict_keys(['example_sensors']) retrieved from /home/airflow/.local/lib/python3.7/site-packages/airflow/example_dags/example_sensors.py
[2024-02-28T18:38:19.508+0000] {logging_mixin.py:150} INFO - [2024-02-28T18:38:19.506+0000] {dag.py:2742} INFO - Sync 1 DAGs
[2024-02-28T18:38:19.531+0000] {logging_mixin.py:150} INFO - [2024-02-28T18:38:19.531+0000] {dag.py:3508} INFO - Setting next_dagrun for example_sensors to None, run_after=None
[2024-02-28T18:38:19.553+0000] {processor.py:179} INFO - Processing /home/airflow/.local/lib/python3.7/site-packages/airflow/example_dags/example_sensors.py took 0.115 seconds
[2024-02-28T18:38:50.282+0000] {processor.py:157} INFO - Started process (PID=746) to work on /home/airflow/.local/lib/python3.7/site-packages/airflow/example_dags/example_sensors.py
[2024-02-28T18:38:50.286+0000] {processor.py:826} INFO - Processing file /home/airflow/.local/lib/python3.7/site-packages/airflow/example_dags/example_sensors.py for tasks to queue
[2024-02-28T18:38:50.290+0000] {logging_mixin.py:150} INFO - [2024-02-28T18:38:50.290+0000] {dagbag.py:541} INFO - Filling up the DagBag from /home/airflow/.local/lib/python3.7/site-packages/airflow/example_dags/example_sensors.py
[2024-02-28T18:38:50.302+0000] {processor.py:836} INFO - DAG(s) dict_keys(['example_sensors']) retrieved from /home/airflow/.local/lib/python3.7/site-packages/airflow/example_dags/example_sensors.py
[2024-02-28T18:38:50.341+0000] {logging_mixin.py:150} INFO - [2024-02-28T18:38:50.341+0000] {dag.py:2742} INFO - Sync 1 DAGs
[2024-02-28T18:38:50.367+0000] {logging_mixin.py:150} INFO - [2024-02-28T18:38:50.367+0000] {dag.py:3508} INFO - Setting next_dagrun for example_sensors to None, run_after=None
[2024-02-28T18:38:50.388+0000] {processor.py:179} INFO - Processing /home/airflow/.local/lib/python3.7/site-packages/airflow/example_dags/example_sensors.py took 0.110 seconds
[2024-02-28T18:39:21.145+0000] {processor.py:157} INFO - Started process (PID=809) to work on /home/airflow/.local/lib/python3.7/site-packages/airflow/example_dags/example_sensors.py
[2024-02-28T18:39:21.149+0000] {processor.py:826} INFO - Processing file /home/airflow/.local/lib/python3.7/site-packages/airflow/example_dags/example_sensors.py for tasks to queue
[2024-02-28T18:39:21.152+0000] {logging_mixin.py:150} INFO - [2024-02-28T18:39:21.152+0000] {dagbag.py:541} INFO - Filling up the DagBag from /home/airflow/.local/lib/python3.7/site-packages/airflow/example_dags/example_sensors.py
[2024-02-28T18:39:21.168+0000] {processor.py:836} INFO - DAG(s) dict_keys(['example_sensors']) retrieved from /home/airflow/.local/lib/python3.7/site-packages/airflow/example_dags/example_sensors.py
[2024-02-28T18:39:21.213+0000] {logging_mixin.py:150} INFO - [2024-02-28T18:39:21.212+0000] {dag.py:2742} INFO - Sync 1 DAGs
[2024-02-28T18:39:21.240+0000] {logging_mixin.py:150} INFO - [2024-02-28T18:39:21.240+0000] {dag.py:3508} INFO - Setting next_dagrun for example_sensors to None, run_after=None
[2024-02-28T18:39:21.268+0000] {processor.py:179} INFO - Processing /home/airflow/.local/lib/python3.7/site-packages/airflow/example_dags/example_sensors.py took 0.128 seconds
[2024-02-28T18:39:51.588+0000] {processor.py:157} INFO - Started process (PID=873) to work on /home/airflow/.local/lib/python3.7/site-packages/airflow/example_dags/example_sensors.py
[2024-02-28T18:39:51.590+0000] {processor.py:826} INFO - Processing file /home/airflow/.local/lib/python3.7/site-packages/airflow/example_dags/example_sensors.py for tasks to queue
[2024-02-28T18:39:51.593+0000] {logging_mixin.py:150} INFO - [2024-02-28T18:39:51.593+0000] {dagbag.py:541} INFO - Filling up the DagBag from /home/airflow/.local/lib/python3.7/site-packages/airflow/example_dags/example_sensors.py
[2024-02-28T18:39:51.611+0000] {processor.py:836} INFO - DAG(s) dict_keys(['example_sensors']) retrieved from /home/airflow/.local/lib/python3.7/site-packages/airflow/example_dags/example_sensors.py
[2024-02-28T18:39:51.647+0000] {logging_mixin.py:150} INFO - [2024-02-28T18:39:51.646+0000] {dag.py:2742} INFO - Sync 1 DAGs
[2024-02-28T18:39:51.676+0000] {logging_mixin.py:150} INFO - [2024-02-28T18:39:51.676+0000] {dag.py:3508} INFO - Setting next_dagrun for example_sensors to None, run_after=None
[2024-02-28T18:39:51.696+0000] {processor.py:179} INFO - Processing /home/airflow/.local/lib/python3.7/site-packages/airflow/example_dags/example_sensors.py took 0.112 seconds
[2024-02-28T18:40:22.382+0000] {processor.py:157} INFO - Started process (PID=936) to work on /home/airflow/.local/lib/python3.7/site-packages/airflow/example_dags/example_sensors.py
[2024-02-28T18:40:22.384+0000] {processor.py:826} INFO - Processing file /home/airflow/.local/lib/python3.7/site-packages/airflow/example_dags/example_sensors.py for tasks to queue
[2024-02-28T18:40:22.386+0000] {logging_mixin.py:150} INFO - [2024-02-28T18:40:22.386+0000] {dagbag.py:541} INFO - Filling up the DagBag from /home/airflow/.local/lib/python3.7/site-packages/airflow/example_dags/example_sensors.py
[2024-02-28T18:40:22.396+0000] {processor.py:836} INFO - DAG(s) dict_keys(['example_sensors']) retrieved from /home/airflow/.local/lib/python3.7/site-packages/airflow/example_dags/example_sensors.py
[2024-02-28T18:40:22.423+0000] {logging_mixin.py:150} INFO - [2024-02-28T18:40:22.423+0000] {dag.py:2742} INFO - Sync 1 DAGs
[2024-02-28T18:40:22.445+0000] {logging_mixin.py:150} INFO - [2024-02-28T18:40:22.445+0000] {dag.py:3508} INFO - Setting next_dagrun for example_sensors to None, run_after=None
[2024-02-28T18:40:22.462+0000] {processor.py:179} INFO - Processing /home/airflow/.local/lib/python3.7/site-packages/airflow/example_dags/example_sensors.py took 0.084 seconds
[2024-02-28T18:40:53.056+0000] {processor.py:157} INFO - Started process (PID=999) to work on /home/airflow/.local/lib/python3.7/site-packages/airflow/example_dags/example_sensors.py
[2024-02-28T18:40:53.058+0000] {processor.py:826} INFO - Processing file /home/airflow/.local/lib/python3.7/site-packages/airflow/example_dags/example_sensors.py for tasks to queue
[2024-02-28T18:40:53.059+0000] {logging_mixin.py:150} INFO - [2024-02-28T18:40:53.059+0000] {dagbag.py:541} INFO - Filling up the DagBag from /home/airflow/.local/lib/python3.7/site-packages/airflow/example_dags/example_sensors.py
[2024-02-28T18:40:53.068+0000] {processor.py:836} INFO - DAG(s) dict_keys(['example_sensors']) retrieved from /home/airflow/.local/lib/python3.7/site-packages/airflow/example_dags/example_sensors.py
[2024-02-28T18:40:53.102+0000] {logging_mixin.py:150} INFO - [2024-02-28T18:40:53.102+0000] {dag.py:2742} INFO - Sync 1 DAGs
[2024-02-28T18:40:53.123+0000] {logging_mixin.py:150} INFO - [2024-02-28T18:40:53.123+0000] {dag.py:3508} INFO - Setting next_dagrun for example_sensors to None, run_after=None
[2024-02-28T18:40:53.140+0000] {processor.py:179} INFO - Processing /home/airflow/.local/lib/python3.7/site-packages/airflow/example_dags/example_sensors.py took 0.087 seconds
[2024-02-28T18:41:23.489+0000] {processor.py:157} INFO - Started process (PID=1062) to work on /home/airflow/.local/lib/python3.7/site-packages/airflow/example_dags/example_sensors.py
[2024-02-28T18:41:23.493+0000] {processor.py:826} INFO - Processing file /home/airflow/.local/lib/python3.7/site-packages/airflow/example_dags/example_sensors.py for tasks to queue
[2024-02-28T18:41:23.495+0000] {logging_mixin.py:150} INFO - [2024-02-28T18:41:23.495+0000] {dagbag.py:541} INFO - Filling up the DagBag from /home/airflow/.local/lib/python3.7/site-packages/airflow/example_dags/example_sensors.py
[2024-02-28T18:41:23.505+0000] {processor.py:836} INFO - DAG(s) dict_keys(['example_sensors']) retrieved from /home/airflow/.local/lib/python3.7/site-packages/airflow/example_dags/example_sensors.py
[2024-02-28T18:41:23.538+0000] {logging_mixin.py:150} INFO - [2024-02-28T18:41:23.538+0000] {dag.py:2742} INFO - Sync 1 DAGs
[2024-02-28T18:41:23.565+0000] {logging_mixin.py:150} INFO - [2024-02-28T18:41:23.565+0000] {dag.py:3508} INFO - Setting next_dagrun for example_sensors to None, run_after=None
[2024-02-28T18:41:23.587+0000] {processor.py:179} INFO - Processing /home/airflow/.local/lib/python3.7/site-packages/airflow/example_dags/example_sensors.py took 0.101 seconds
[2024-02-28T18:41:53.924+0000] {processor.py:157} INFO - Started process (PID=1125) to work on /home/airflow/.local/lib/python3.7/site-packages/airflow/example_dags/example_sensors.py
[2024-02-28T18:41:53.926+0000] {processor.py:826} INFO - Processing file /home/airflow/.local/lib/python3.7/site-packages/airflow/example_dags/example_sensors.py for tasks to queue
[2024-02-28T18:41:53.928+0000] {logging_mixin.py:150} INFO - [2024-02-28T18:41:53.927+0000] {dagbag.py:541} INFO - Filling up the DagBag from /home/airflow/.local/lib/python3.7/site-packages/airflow/example_dags/example_sensors.py
[2024-02-28T18:41:53.937+0000] {processor.py:836} INFO - DAG(s) dict_keys(['example_sensors']) retrieved from /home/airflow/.local/lib/python3.7/site-packages/airflow/example_dags/example_sensors.py
[2024-02-28T18:41:53.967+0000] {logging_mixin.py:150} INFO - [2024-02-28T18:41:53.966+0000] {dag.py:2742} INFO - Sync 1 DAGs
[2024-02-28T18:41:53.989+0000] {logging_mixin.py:150} INFO - [2024-02-28T18:41:53.989+0000] {dag.py:3508} INFO - Setting next_dagrun for example_sensors to None, run_after=None
[2024-02-28T18:41:54.012+0000] {processor.py:179} INFO - Processing /home/airflow/.local/lib/python3.7/site-packages/airflow/example_dags/example_sensors.py took 0.092 seconds
[2024-02-28T18:42:24.560+0000] {processor.py:157} INFO - Started process (PID=1188) to work on /home/airflow/.local/lib/python3.7/site-packages/airflow/example_dags/example_sensors.py
[2024-02-28T18:42:24.562+0000] {processor.py:826} INFO - Processing file /home/airflow/.local/lib/python3.7/site-packages/airflow/example_dags/example_sensors.py for tasks to queue
[2024-02-28T18:42:24.563+0000] {logging_mixin.py:150} INFO - [2024-02-28T18:42:24.563+0000] {dagbag.py:541} INFO - Filling up the DagBag from /home/airflow/.local/lib/python3.7/site-packages/airflow/example_dags/example_sensors.py
[2024-02-28T18:42:24.573+0000] {processor.py:836} INFO - DAG(s) dict_keys(['example_sensors']) retrieved from /home/airflow/.local/lib/python3.7/site-packages/airflow/example_dags/example_sensors.py
[2024-02-28T18:42:24.604+0000] {logging_mixin.py:150} INFO - [2024-02-28T18:42:24.604+0000] {dag.py:2742} INFO - Sync 1 DAGs
[2024-02-28T18:42:24.628+0000] {logging_mixin.py:150} INFO - [2024-02-28T18:42:24.628+0000] {dag.py:3508} INFO - Setting next_dagrun for example_sensors to None, run_after=None
[2024-02-28T18:42:24.647+0000] {processor.py:179} INFO - Processing /home/airflow/.local/lib/python3.7/site-packages/airflow/example_dags/example_sensors.py took 0.091 seconds
[2024-02-28T18:42:55.834+0000] {processor.py:157} INFO - Started process (PID=1251) to work on /home/airflow/.local/lib/python3.7/site-packages/airflow/example_dags/example_sensors.py
[2024-02-28T18:42:55.841+0000] {processor.py:826} INFO - Processing file /home/airflow/.local/lib/python3.7/site-packages/airflow/example_dags/example_sensors.py for tasks to queue
[2024-02-28T18:42:55.843+0000] {logging_mixin.py:150} INFO - [2024-02-28T18:42:55.843+0000] {dagbag.py:541} INFO - Filling up the DagBag from /home/airflow/.local/lib/python3.7/site-packages/airflow/example_dags/example_sensors.py
[2024-02-28T18:42:55.860+0000] {processor.py:836} INFO - DAG(s) dict_keys(['example_sensors']) retrieved from /home/airflow/.local/lib/python3.7/site-packages/airflow/example_dags/example_sensors.py
[2024-02-28T18:42:55.900+0000] {logging_mixin.py:150} INFO - [2024-02-28T18:42:55.900+0000] {dag.py:2742} INFO - Sync 1 DAGs
[2024-02-28T18:42:56.011+0000] {logging_mixin.py:150} INFO - [2024-02-28T18:42:56.010+0000] {dag.py:3508} INFO - Setting next_dagrun for example_sensors to None, run_after=None
[2024-02-28T18:42:56.037+0000] {processor.py:179} INFO - Processing /home/airflow/.local/lib/python3.7/site-packages/airflow/example_dags/example_sensors.py took 0.209 seconds
[2024-02-28T18:43:26.101+0000] {processor.py:157} INFO - Started process (PID=1314) to work on /home/airflow/.local/lib/python3.7/site-packages/airflow/example_dags/example_sensors.py
[2024-02-28T18:43:26.103+0000] {processor.py:826} INFO - Processing file /home/airflow/.local/lib/python3.7/site-packages/airflow/example_dags/example_sensors.py for tasks to queue
[2024-02-28T18:43:26.106+0000] {logging_mixin.py:150} INFO - [2024-02-28T18:43:26.106+0000] {dagbag.py:541} INFO - Filling up the DagBag from /home/airflow/.local/lib/python3.7/site-packages/airflow/example_dags/example_sensors.py
[2024-02-28T18:43:26.116+0000] {processor.py:836} INFO - DAG(s) dict_keys(['example_sensors']) retrieved from /home/airflow/.local/lib/python3.7/site-packages/airflow/example_dags/example_sensors.py
[2024-02-28T18:43:26.145+0000] {logging_mixin.py:150} INFO - [2024-02-28T18:43:26.144+0000] {dag.py:2742} INFO - Sync 1 DAGs
[2024-02-28T18:43:26.170+0000] {logging_mixin.py:150} INFO - [2024-02-28T18:43:26.170+0000] {dag.py:3508} INFO - Setting next_dagrun for example_sensors to None, run_after=None
[2024-02-28T18:43:26.191+0000] {processor.py:179} INFO - Processing /home/airflow/.local/lib/python3.7/site-packages/airflow/example_dags/example_sensors.py took 0.094 seconds
[2024-02-28T18:43:56.560+0000] {processor.py:157} INFO - Started process (PID=1377) to work on /home/airflow/.local/lib/python3.7/site-packages/airflow/example_dags/example_sensors.py
[2024-02-28T18:43:56.562+0000] {processor.py:826} INFO - Processing file /home/airflow/.local/lib/python3.7/site-packages/airflow/example_dags/example_sensors.py for tasks to queue
[2024-02-28T18:43:56.564+0000] {logging_mixin.py:150} INFO - [2024-02-28T18:43:56.563+0000] {dagbag.py:541} INFO - Filling up the DagBag from /home/airflow/.local/lib/python3.7/site-packages/airflow/example_dags/example_sensors.py
[2024-02-28T18:43:56.580+0000] {processor.py:836} INFO - DAG(s) dict_keys(['example_sensors']) retrieved from /home/airflow/.local/lib/python3.7/site-packages/airflow/example_dags/example_sensors.py
[2024-02-28T18:43:56.620+0000] {logging_mixin.py:150} INFO - [2024-02-28T18:43:56.620+0000] {dag.py:2742} INFO - Sync 1 DAGs
[2024-02-28T18:43:56.647+0000] {logging_mixin.py:150} INFO - [2024-02-28T18:43:56.647+0000] {dag.py:3508} INFO - Setting next_dagrun for example_sensors to None, run_after=None
[2024-02-28T18:43:56.667+0000] {processor.py:179} INFO - Processing /home/airflow/.local/lib/python3.7/site-packages/airflow/example_dags/example_sensors.py took 0.111 seconds
[2024-02-28T18:44:28.233+0000] {processor.py:157} INFO - Started process (PID=1440) to work on /home/airflow/.local/lib/python3.7/site-packages/airflow/example_dags/example_sensors.py
[2024-02-28T18:44:28.235+0000] {processor.py:826} INFO - Processing file /home/airflow/.local/lib/python3.7/site-packages/airflow/example_dags/example_sensors.py for tasks to queue
[2024-02-28T18:44:28.237+0000] {logging_mixin.py:150} INFO - [2024-02-28T18:44:28.237+0000] {dagbag.py:541} INFO - Filling up the DagBag from /home/airflow/.local/lib/python3.7/site-packages/airflow/example_dags/example_sensors.py
[2024-02-28T18:44:28.247+0000] {processor.py:836} INFO - DAG(s) dict_keys(['example_sensors']) retrieved from /home/airflow/.local/lib/python3.7/site-packages/airflow/example_dags/example_sensors.py
[2024-02-28T18:44:28.286+0000] {logging_mixin.py:150} INFO - [2024-02-28T18:44:28.286+0000] {dag.py:2742} INFO - Sync 1 DAGs
[2024-02-28T18:44:28.312+0000] {logging_mixin.py:150} INFO - [2024-02-28T18:44:28.312+0000] {dag.py:3508} INFO - Setting next_dagrun for example_sensors to None, run_after=None
[2024-02-28T18:44:28.333+0000] {processor.py:179} INFO - Processing /home/airflow/.local/lib/python3.7/site-packages/airflow/example_dags/example_sensors.py took 0.103 seconds
[2024-02-28T18:44:58.529+0000] {processor.py:157} INFO - Started process (PID=1503) to work on /home/airflow/.local/lib/python3.7/site-packages/airflow/example_dags/example_sensors.py
[2024-02-28T18:44:58.531+0000] {processor.py:826} INFO - Processing file /home/airflow/.local/lib/python3.7/site-packages/airflow/example_dags/example_sensors.py for tasks to queue
[2024-02-28T18:44:58.533+0000] {logging_mixin.py:150} INFO - [2024-02-28T18:44:58.533+0000] {dagbag.py:541} INFO - Filling up the DagBag from /home/airflow/.local/lib/python3.7/site-packages/airflow/example_dags/example_sensors.py
[2024-02-28T18:44:58.543+0000] {processor.py:836} INFO - DAG(s) dict_keys(['example_sensors']) retrieved from /home/airflow/.local/lib/python3.7/site-packages/airflow/example_dags/example_sensors.py
[2024-02-28T18:44:58.571+0000] {logging_mixin.py:150} INFO - [2024-02-28T18:44:58.571+0000] {dag.py:2742} INFO - Sync 1 DAGs
[2024-02-28T18:44:58.592+0000] {logging_mixin.py:150} INFO - [2024-02-28T18:44:58.592+0000] {dag.py:3508} INFO - Setting next_dagrun for example_sensors to None, run_after=None
[2024-02-28T18:44:58.609+0000] {processor.py:179} INFO - Processing /home/airflow/.local/lib/python3.7/site-packages/airflow/example_dags/example_sensors.py took 0.084 seconds
[2024-02-28T18:45:29.147+0000] {processor.py:157} INFO - Started process (PID=1567) to work on /home/airflow/.local/lib/python3.7/site-packages/airflow/example_dags/example_sensors.py
[2024-02-28T18:45:29.149+0000] {processor.py:826} INFO - Processing file /home/airflow/.local/lib/python3.7/site-packages/airflow/example_dags/example_sensors.py for tasks to queue
[2024-02-28T18:45:29.151+0000] {logging_mixin.py:150} INFO - [2024-02-28T18:45:29.150+0000] {dagbag.py:541} INFO - Filling up the DagBag from /home/airflow/.local/lib/python3.7/site-packages/airflow/example_dags/example_sensors.py
[2024-02-28T18:45:29.160+0000] {processor.py:836} INFO - DAG(s) dict_keys(['example_sensors']) retrieved from /home/airflow/.local/lib/python3.7/site-packages/airflow/example_dags/example_sensors.py
[2024-02-28T18:45:29.188+0000] {logging_mixin.py:150} INFO - [2024-02-28T18:45:29.188+0000] {dag.py:2742} INFO - Sync 1 DAGs
[2024-02-28T18:45:29.210+0000] {logging_mixin.py:150} INFO - [2024-02-28T18:45:29.210+0000] {dag.py:3508} INFO - Setting next_dagrun for example_sensors to None, run_after=None
[2024-02-28T18:45:29.226+0000] {processor.py:179} INFO - Processing /home/airflow/.local/lib/python3.7/site-packages/airflow/example_dags/example_sensors.py took 0.082 seconds
[2024-02-28T18:46:00.071+0000] {processor.py:157} INFO - Started process (PID=1630) to work on /home/airflow/.local/lib/python3.7/site-packages/airflow/example_dags/example_sensors.py
[2024-02-28T18:46:00.073+0000] {processor.py:826} INFO - Processing file /home/airflow/.local/lib/python3.7/site-packages/airflow/example_dags/example_sensors.py for tasks to queue
[2024-02-28T18:46:00.074+0000] {logging_mixin.py:150} INFO - [2024-02-28T18:46:00.074+0000] {dagbag.py:541} INFO - Filling up the DagBag from /home/airflow/.local/lib/python3.7/site-packages/airflow/example_dags/example_sensors.py
[2024-02-28T18:46:00.085+0000] {processor.py:836} INFO - DAG(s) dict_keys(['example_sensors']) retrieved from /home/airflow/.local/lib/python3.7/site-packages/airflow/example_dags/example_sensors.py
[2024-02-28T18:46:00.114+0000] {logging_mixin.py:150} INFO - [2024-02-28T18:46:00.114+0000] {dag.py:2742} INFO - Sync 1 DAGs
[2024-02-28T18:46:00.135+0000] {logging_mixin.py:150} INFO - [2024-02-28T18:46:00.135+0000] {dag.py:3508} INFO - Setting next_dagrun for example_sensors to None, run_after=None
[2024-02-28T18:46:00.156+0000] {processor.py:179} INFO - Processing /home/airflow/.local/lib/python3.7/site-packages/airflow/example_dags/example_sensors.py took 0.090 seconds
[2024-02-28T18:46:30.495+0000] {processor.py:157} INFO - Started process (PID=1693) to work on /home/airflow/.local/lib/python3.7/site-packages/airflow/example_dags/example_sensors.py
[2024-02-28T18:46:30.497+0000] {processor.py:826} INFO - Processing file /home/airflow/.local/lib/python3.7/site-packages/airflow/example_dags/example_sensors.py for tasks to queue
[2024-02-28T18:46:30.499+0000] {logging_mixin.py:150} INFO - [2024-02-28T18:46:30.498+0000] {dagbag.py:541} INFO - Filling up the DagBag from /home/airflow/.local/lib/python3.7/site-packages/airflow/example_dags/example_sensors.py
[2024-02-28T18:46:30.511+0000] {processor.py:836} INFO - DAG(s) dict_keys(['example_sensors']) retrieved from /home/airflow/.local/lib/python3.7/site-packages/airflow/example_dags/example_sensors.py
[2024-02-28T18:46:30.537+0000] {logging_mixin.py:150} INFO - [2024-02-28T18:46:30.537+0000] {dag.py:2742} INFO - Sync 1 DAGs
[2024-02-28T18:46:30.558+0000] {logging_mixin.py:150} INFO - [2024-02-28T18:46:30.558+0000] {dag.py:3508} INFO - Setting next_dagrun for example_sensors to None, run_after=None
[2024-02-28T18:46:30.577+0000] {processor.py:179} INFO - Processing /home/airflow/.local/lib/python3.7/site-packages/airflow/example_dags/example_sensors.py took 0.086 seconds
[2024-02-28T18:47:00.864+0000] {processor.py:157} INFO - Started process (PID=1756) to work on /home/airflow/.local/lib/python3.7/site-packages/airflow/example_dags/example_sensors.py
[2024-02-28T18:47:00.866+0000] {processor.py:826} INFO - Processing file /home/airflow/.local/lib/python3.7/site-packages/airflow/example_dags/example_sensors.py for tasks to queue
[2024-02-28T18:47:00.868+0000] {logging_mixin.py:150} INFO - [2024-02-28T18:47:00.867+0000] {dagbag.py:541} INFO - Filling up the DagBag from /home/airflow/.local/lib/python3.7/site-packages/airflow/example_dags/example_sensors.py
[2024-02-28T18:47:00.878+0000] {processor.py:836} INFO - DAG(s) dict_keys(['example_sensors']) retrieved from /home/airflow/.local/lib/python3.7/site-packages/airflow/example_dags/example_sensors.py
[2024-02-28T18:47:00.905+0000] {logging_mixin.py:150} INFO - [2024-02-28T18:47:00.904+0000] {dag.py:2742} INFO - Sync 1 DAGs
[2024-02-28T18:47:00.924+0000] {logging_mixin.py:150} INFO - [2024-02-28T18:47:00.924+0000] {dag.py:3508} INFO - Setting next_dagrun for example_sensors to None, run_after=None
[2024-02-28T18:47:00.943+0000] {processor.py:179} INFO - Processing /home/airflow/.local/lib/python3.7/site-packages/airflow/example_dags/example_sensors.py took 0.082 seconds
[2024-02-28T18:47:31.362+0000] {processor.py:157} INFO - Started process (PID=1819) to work on /home/airflow/.local/lib/python3.7/site-packages/airflow/example_dags/example_sensors.py
[2024-02-28T18:47:31.368+0000] {processor.py:826} INFO - Processing file /home/airflow/.local/lib/python3.7/site-packages/airflow/example_dags/example_sensors.py for tasks to queue
[2024-02-28T18:47:31.372+0000] {logging_mixin.py:150} INFO - [2024-02-28T18:47:31.371+0000] {dagbag.py:541} INFO - Filling up the DagBag from /home/airflow/.local/lib/python3.7/site-packages/airflow/example_dags/example_sensors.py
[2024-02-28T18:47:31.391+0000] {processor.py:836} INFO - DAG(s) dict_keys(['example_sensors']) retrieved from /home/airflow/.local/lib/python3.7/site-packages/airflow/example_dags/example_sensors.py
[2024-02-28T18:47:31.439+0000] {logging_mixin.py:150} INFO - [2024-02-28T18:47:31.439+0000] {dag.py:2742} INFO - Sync 1 DAGs
[2024-02-28T18:47:31.481+0000] {logging_mixin.py:150} INFO - [2024-02-28T18:47:31.481+0000] {dag.py:3508} INFO - Setting next_dagrun for example_sensors to None, run_after=None
[2024-02-28T18:47:31.506+0000] {processor.py:179} INFO - Processing /home/airflow/.local/lib/python3.7/site-packages/airflow/example_dags/example_sensors.py took 0.157 seconds
[2024-02-28T18:48:01.665+0000] {processor.py:157} INFO - Started process (PID=1882) to work on /home/airflow/.local/lib/python3.7/site-packages/airflow/example_dags/example_sensors.py
[2024-02-28T18:48:01.667+0000] {processor.py:826} INFO - Processing file /home/airflow/.local/lib/python3.7/site-packages/airflow/example_dags/example_sensors.py for tasks to queue
[2024-02-28T18:48:01.669+0000] {logging_mixin.py:150} INFO - [2024-02-28T18:48:01.668+0000] {dagbag.py:541} INFO - Filling up the DagBag from /home/airflow/.local/lib/python3.7/site-packages/airflow/example_dags/example_sensors.py
[2024-02-28T18:48:01.678+0000] {processor.py:836} INFO - DAG(s) dict_keys(['example_sensors']) retrieved from /home/airflow/.local/lib/python3.7/site-packages/airflow/example_dags/example_sensors.py
[2024-02-28T18:48:01.707+0000] {logging_mixin.py:150} INFO - [2024-02-28T18:48:01.707+0000] {dag.py:2742} INFO - Sync 1 DAGs
[2024-02-28T18:48:01.732+0000] {logging_mixin.py:150} INFO - [2024-02-28T18:48:01.732+0000] {dag.py:3508} INFO - Setting next_dagrun for example_sensors to None, run_after=None
[2024-02-28T18:48:01.751+0000] {processor.py:179} INFO - Processing /home/airflow/.local/lib/python3.7/site-packages/airflow/example_dags/example_sensors.py took 0.090 seconds
[2024-02-28T18:48:32.359+0000] {processor.py:157} INFO - Started process (PID=1944) to work on /home/airflow/.local/lib/python3.7/site-packages/airflow/example_dags/example_sensors.py
[2024-02-28T18:48:32.363+0000] {processor.py:826} INFO - Processing file /home/airflow/.local/lib/python3.7/site-packages/airflow/example_dags/example_sensors.py for tasks to queue
[2024-02-28T18:48:32.365+0000] {logging_mixin.py:150} INFO - [2024-02-28T18:48:32.364+0000] {dagbag.py:541} INFO - Filling up the DagBag from /home/airflow/.local/lib/python3.7/site-packages/airflow/example_dags/example_sensors.py
[2024-02-28T18:48:32.379+0000] {processor.py:836} INFO - DAG(s) dict_keys(['example_sensors']) retrieved from /home/airflow/.local/lib/python3.7/site-packages/airflow/example_dags/example_sensors.py
[2024-02-28T18:48:32.421+0000] {logging_mixin.py:150} INFO - [2024-02-28T18:48:32.421+0000] {dag.py:2742} INFO - Sync 1 DAGs
[2024-02-28T18:48:32.467+0000] {logging_mixin.py:150} INFO - [2024-02-28T18:48:32.466+0000] {dag.py:3508} INFO - Setting next_dagrun for example_sensors to None, run_after=None
[2024-02-28T18:48:32.492+0000] {processor.py:179} INFO - Processing /home/airflow/.local/lib/python3.7/site-packages/airflow/example_dags/example_sensors.py took 0.139 seconds
[2024-02-28T18:49:03.655+0000] {processor.py:157} INFO - Started process (PID=2006) to work on /home/airflow/.local/lib/python3.7/site-packages/airflow/example_dags/example_sensors.py
[2024-02-28T18:49:03.658+0000] {processor.py:826} INFO - Processing file /home/airflow/.local/lib/python3.7/site-packages/airflow/example_dags/example_sensors.py for tasks to queue
[2024-02-28T18:49:03.661+0000] {logging_mixin.py:150} INFO - [2024-02-28T18:49:03.661+0000] {dagbag.py:541} INFO - Filling up the DagBag from /home/airflow/.local/lib/python3.7/site-packages/airflow/example_dags/example_sensors.py
[2024-02-28T18:49:03.681+0000] {processor.py:836} INFO - DAG(s) dict_keys(['example_sensors']) retrieved from /home/airflow/.local/lib/python3.7/site-packages/airflow/example_dags/example_sensors.py
[2024-02-28T18:49:03.821+0000] {logging_mixin.py:150} INFO - [2024-02-28T18:49:03.819+0000] {dag.py:2742} INFO - Sync 1 DAGs
[2024-02-28T18:49:03.925+0000] {logging_mixin.py:150} INFO - [2024-02-28T18:49:03.924+0000] {dag.py:3508} INFO - Setting next_dagrun for example_sensors to None, run_after=None
[2024-02-28T18:49:04.016+0000] {processor.py:179} INFO - Processing /home/airflow/.local/lib/python3.7/site-packages/airflow/example_dags/example_sensors.py took 0.371 seconds
[2024-02-28T18:49:34.735+0000] {processor.py:157} INFO - Started process (PID=2084) to work on /home/airflow/.local/lib/python3.7/site-packages/airflow/example_dags/example_sensors.py
[2024-02-28T18:49:34.739+0000] {processor.py:826} INFO - Processing file /home/airflow/.local/lib/python3.7/site-packages/airflow/example_dags/example_sensors.py for tasks to queue
[2024-02-28T18:49:34.741+0000] {logging_mixin.py:150} INFO - [2024-02-28T18:49:34.741+0000] {dagbag.py:541} INFO - Filling up the DagBag from /home/airflow/.local/lib/python3.7/site-packages/airflow/example_dags/example_sensors.py
[2024-02-28T18:49:34.751+0000] {processor.py:836} INFO - DAG(s) dict_keys(['example_sensors']) retrieved from /home/airflow/.local/lib/python3.7/site-packages/airflow/example_dags/example_sensors.py
[2024-02-28T18:49:34.780+0000] {logging_mixin.py:150} INFO - [2024-02-28T18:49:34.780+0000] {dag.py:2742} INFO - Sync 1 DAGs
[2024-02-28T18:49:34.802+0000] {logging_mixin.py:150} INFO - [2024-02-28T18:49:34.802+0000] {dag.py:3508} INFO - Setting next_dagrun for example_sensors to None, run_after=None
[2024-02-28T18:49:34.817+0000] {processor.py:179} INFO - Processing /home/airflow/.local/lib/python3.7/site-packages/airflow/example_dags/example_sensors.py took 0.087 seconds
[2024-02-28T18:50:05.466+0000] {processor.py:157} INFO - Started process (PID=2147) to work on /home/airflow/.local/lib/python3.7/site-packages/airflow/example_dags/example_sensors.py
[2024-02-28T18:50:05.470+0000] {processor.py:826} INFO - Processing file /home/airflow/.local/lib/python3.7/site-packages/airflow/example_dags/example_sensors.py for tasks to queue
[2024-02-28T18:50:05.474+0000] {logging_mixin.py:150} INFO - [2024-02-28T18:50:05.474+0000] {dagbag.py:541} INFO - Filling up the DagBag from /home/airflow/.local/lib/python3.7/site-packages/airflow/example_dags/example_sensors.py
[2024-02-28T18:50:05.487+0000] {processor.py:836} INFO - DAG(s) dict_keys(['example_sensors']) retrieved from /home/airflow/.local/lib/python3.7/site-packages/airflow/example_dags/example_sensors.py
[2024-02-28T18:50:05.532+0000] {logging_mixin.py:150} INFO - [2024-02-28T18:50:05.532+0000] {dag.py:2742} INFO - Sync 1 DAGs
[2024-02-28T18:50:05.565+0000] {logging_mixin.py:150} INFO - [2024-02-28T18:50:05.565+0000] {dag.py:3508} INFO - Setting next_dagrun for example_sensors to None, run_after=None
[2024-02-28T18:50:05.596+0000] {processor.py:179} INFO - Processing /home/airflow/.local/lib/python3.7/site-packages/airflow/example_dags/example_sensors.py took 0.136 seconds
[2024-02-28T18:50:35.671+0000] {processor.py:157} INFO - Started process (PID=2214) to work on /home/airflow/.local/lib/python3.7/site-packages/airflow/example_dags/example_sensors.py
[2024-02-28T18:50:35.674+0000] {processor.py:826} INFO - Processing file /home/airflow/.local/lib/python3.7/site-packages/airflow/example_dags/example_sensors.py for tasks to queue
[2024-02-28T18:50:35.676+0000] {logging_mixin.py:150} INFO - [2024-02-28T18:50:35.676+0000] {dagbag.py:541} INFO - Filling up the DagBag from /home/airflow/.local/lib/python3.7/site-packages/airflow/example_dags/example_sensors.py
[2024-02-28T18:50:35.687+0000] {processor.py:836} INFO - DAG(s) dict_keys(['example_sensors']) retrieved from /home/airflow/.local/lib/python3.7/site-packages/airflow/example_dags/example_sensors.py
[2024-02-28T18:50:35.718+0000] {logging_mixin.py:150} INFO - [2024-02-28T18:50:35.718+0000] {dag.py:2742} INFO - Sync 1 DAGs
[2024-02-28T18:50:35.743+0000] {logging_mixin.py:150} INFO - [2024-02-28T18:50:35.743+0000] {dag.py:3508} INFO - Setting next_dagrun for example_sensors to None, run_after=None
[2024-02-28T18:50:35.762+0000] {processor.py:179} INFO - Processing /home/airflow/.local/lib/python3.7/site-packages/airflow/example_dags/example_sensors.py took 0.095 seconds
[2024-02-28T18:51:06.904+0000] {processor.py:157} INFO - Started process (PID=2277) to work on /home/airflow/.local/lib/python3.7/site-packages/airflow/example_dags/example_sensors.py
[2024-02-28T18:51:06.908+0000] {processor.py:826} INFO - Processing file /home/airflow/.local/lib/python3.7/site-packages/airflow/example_dags/example_sensors.py for tasks to queue
[2024-02-28T18:51:06.913+0000] {logging_mixin.py:150} INFO - [2024-02-28T18:51:06.913+0000] {dagbag.py:541} INFO - Filling up the DagBag from /home/airflow/.local/lib/python3.7/site-packages/airflow/example_dags/example_sensors.py
[2024-02-28T18:51:06.930+0000] {processor.py:836} INFO - DAG(s) dict_keys(['example_sensors']) retrieved from /home/airflow/.local/lib/python3.7/site-packages/airflow/example_dags/example_sensors.py
[2024-02-28T18:51:06.978+0000] {logging_mixin.py:150} INFO - [2024-02-28T18:51:06.977+0000] {dag.py:2742} INFO - Sync 1 DAGs
[2024-02-28T18:51:07.049+0000] {logging_mixin.py:150} INFO - [2024-02-28T18:51:07.048+0000] {dag.py:3508} INFO - Setting next_dagrun for example_sensors to None, run_after=None
[2024-02-28T18:51:07.088+0000] {processor.py:179} INFO - Processing /home/airflow/.local/lib/python3.7/site-packages/airflow/example_dags/example_sensors.py took 0.191 seconds
[2024-02-28T18:51:38.110+0000] {processor.py:157} INFO - Started process (PID=2344) to work on /home/airflow/.local/lib/python3.7/site-packages/airflow/example_dags/example_sensors.py
[2024-02-28T18:51:38.113+0000] {processor.py:826} INFO - Processing file /home/airflow/.local/lib/python3.7/site-packages/airflow/example_dags/example_sensors.py for tasks to queue
[2024-02-28T18:51:38.115+0000] {logging_mixin.py:150} INFO - [2024-02-28T18:51:38.115+0000] {dagbag.py:541} INFO - Filling up the DagBag from /home/airflow/.local/lib/python3.7/site-packages/airflow/example_dags/example_sensors.py
[2024-02-28T18:51:38.129+0000] {processor.py:836} INFO - DAG(s) dict_keys(['example_sensors']) retrieved from /home/airflow/.local/lib/python3.7/site-packages/airflow/example_dags/example_sensors.py
[2024-02-28T18:51:38.198+0000] {logging_mixin.py:150} INFO - [2024-02-28T18:51:38.198+0000] {dag.py:2742} INFO - Sync 1 DAGs
[2024-02-28T18:51:38.235+0000] {logging_mixin.py:150} INFO - [2024-02-28T18:51:38.235+0000] {dag.py:3508} INFO - Setting next_dagrun for example_sensors to None, run_after=None
[2024-02-28T18:51:38.254+0000] {processor.py:179} INFO - Processing /home/airflow/.local/lib/python3.7/site-packages/airflow/example_dags/example_sensors.py took 0.148 seconds
[2024-02-28T18:52:09.043+0000] {processor.py:157} INFO - Started process (PID=2411) to work on /home/airflow/.local/lib/python3.7/site-packages/airflow/example_dags/example_sensors.py
[2024-02-28T18:52:09.049+0000] {processor.py:826} INFO - Processing file /home/airflow/.local/lib/python3.7/site-packages/airflow/example_dags/example_sensors.py for tasks to queue
[2024-02-28T18:52:09.054+0000] {logging_mixin.py:150} INFO - [2024-02-28T18:52:09.051+0000] {dagbag.py:541} INFO - Filling up the DagBag from /home/airflow/.local/lib/python3.7/site-packages/airflow/example_dags/example_sensors.py
[2024-02-28T18:52:09.069+0000] {processor.py:836} INFO - DAG(s) dict_keys(['example_sensors']) retrieved from /home/airflow/.local/lib/python3.7/site-packages/airflow/example_dags/example_sensors.py
[2024-02-28T18:52:09.141+0000] {logging_mixin.py:150} INFO - [2024-02-28T18:52:09.141+0000] {dag.py:2742} INFO - Sync 1 DAGs
[2024-02-28T18:52:09.209+0000] {logging_mixin.py:150} INFO - [2024-02-28T18:52:09.208+0000] {dag.py:3508} INFO - Setting next_dagrun for example_sensors to None, run_after=None
[2024-02-28T18:52:09.255+0000] {processor.py:179} INFO - Processing /home/airflow/.local/lib/python3.7/site-packages/airflow/example_dags/example_sensors.py took 0.221 seconds
[2024-02-28T18:52:39.653+0000] {processor.py:157} INFO - Started process (PID=2473) to work on /home/airflow/.local/lib/python3.7/site-packages/airflow/example_dags/example_sensors.py
[2024-02-28T18:52:39.655+0000] {processor.py:826} INFO - Processing file /home/airflow/.local/lib/python3.7/site-packages/airflow/example_dags/example_sensors.py for tasks to queue
[2024-02-28T18:52:39.657+0000] {logging_mixin.py:150} INFO - [2024-02-28T18:52:39.656+0000] {dagbag.py:541} INFO - Filling up the DagBag from /home/airflow/.local/lib/python3.7/site-packages/airflow/example_dags/example_sensors.py
[2024-02-28T18:52:39.668+0000] {processor.py:836} INFO - DAG(s) dict_keys(['example_sensors']) retrieved from /home/airflow/.local/lib/python3.7/site-packages/airflow/example_dags/example_sensors.py
[2024-02-28T18:52:39.702+0000] {logging_mixin.py:150} INFO - [2024-02-28T18:52:39.701+0000] {dag.py:2742} INFO - Sync 1 DAGs
[2024-02-28T18:52:39.725+0000] {logging_mixin.py:150} INFO - [2024-02-28T18:52:39.725+0000] {dag.py:3508} INFO - Setting next_dagrun for example_sensors to None, run_after=None
[2024-02-28T18:52:39.741+0000] {processor.py:179} INFO - Processing /home/airflow/.local/lib/python3.7/site-packages/airflow/example_dags/example_sensors.py took 0.091 seconds
