[2024-02-28T18:33:11.715+0000] {processor.py:157} INFO - Started process (PID=56) to work on /home/airflow/.local/lib/python3.7/site-packages/airflow/example_dags/example_time_delta_sensor_async.py
[2024-02-28T18:33:11.719+0000] {processor.py:826} INFO - Processing file /home/airflow/.local/lib/python3.7/site-packages/airflow/example_dags/example_time_delta_sensor_async.py for tasks to queue
[2024-02-28T18:33:11.722+0000] {logging_mixin.py:150} INFO - [2024-02-28T18:33:11.721+0000] {dagbag.py:541} INFO - Filling up the DagBag from /home/airflow/.local/lib/python3.7/site-packages/airflow/example_dags/example_time_delta_sensor_async.py
[2024-02-28T18:33:11.735+0000] {processor.py:836} INFO - DAG(s) dict_keys(['example_time_delta_sensor_async']) retrieved from /home/airflow/.local/lib/python3.7/site-packages/airflow/example_dags/example_time_delta_sensor_async.py
[2024-02-28T18:33:11.776+0000] {logging_mixin.py:150} INFO - [2024-02-28T18:33:11.775+0000] {dag.py:2742} INFO - Sync 1 DAGs
[2024-02-28T18:33:11.870+0000] {logging_mixin.py:150} INFO - [2024-02-28T18:33:11.870+0000] {dag.py:3508} INFO - Setting next_dagrun for example_time_delta_sensor_async to None, run_after=None
[2024-02-28T18:33:11.906+0000] {processor.py:179} INFO - Processing /home/airflow/.local/lib/python3.7/site-packages/airflow/example_dags/example_time_delta_sensor_async.py took 0.196 seconds
[2024-02-28T18:33:42.062+0000] {processor.py:157} INFO - Started process (PID=119) to work on /home/airflow/.local/lib/python3.7/site-packages/airflow/example_dags/example_time_delta_sensor_async.py
[2024-02-28T18:33:42.063+0000] {processor.py:826} INFO - Processing file /home/airflow/.local/lib/python3.7/site-packages/airflow/example_dags/example_time_delta_sensor_async.py for tasks to queue
[2024-02-28T18:33:42.065+0000] {logging_mixin.py:150} INFO - [2024-02-28T18:33:42.065+0000] {dagbag.py:541} INFO - Filling up the DagBag from /home/airflow/.local/lib/python3.7/site-packages/airflow/example_dags/example_time_delta_sensor_async.py
[2024-02-28T18:33:42.070+0000] {processor.py:836} INFO - DAG(s) dict_keys(['example_time_delta_sensor_async']) retrieved from /home/airflow/.local/lib/python3.7/site-packages/airflow/example_dags/example_time_delta_sensor_async.py
[2024-02-28T18:33:42.091+0000] {logging_mixin.py:150} INFO - [2024-02-28T18:33:42.091+0000] {dag.py:2742} INFO - Sync 1 DAGs
[2024-02-28T18:33:42.110+0000] {logging_mixin.py:150} INFO - [2024-02-28T18:33:42.109+0000] {dag.py:3508} INFO - Setting next_dagrun for example_time_delta_sensor_async to None, run_after=None
[2024-02-28T18:33:42.122+0000] {processor.py:179} INFO - Processing /home/airflow/.local/lib/python3.7/site-packages/airflow/example_dags/example_time_delta_sensor_async.py took 0.063 seconds
[2024-02-28T18:34:12.288+0000] {processor.py:157} INFO - Started process (PID=182) to work on /home/airflow/.local/lib/python3.7/site-packages/airflow/example_dags/example_time_delta_sensor_async.py
[2024-02-28T18:34:12.290+0000] {processor.py:826} INFO - Processing file /home/airflow/.local/lib/python3.7/site-packages/airflow/example_dags/example_time_delta_sensor_async.py for tasks to queue
[2024-02-28T18:34:12.294+0000] {logging_mixin.py:150} INFO - [2024-02-28T18:34:12.294+0000] {dagbag.py:541} INFO - Filling up the DagBag from /home/airflow/.local/lib/python3.7/site-packages/airflow/example_dags/example_time_delta_sensor_async.py
[2024-02-28T18:34:12.299+0000] {processor.py:836} INFO - DAG(s) dict_keys(['example_time_delta_sensor_async']) retrieved from /home/airflow/.local/lib/python3.7/site-packages/airflow/example_dags/example_time_delta_sensor_async.py
[2024-02-28T18:34:12.326+0000] {logging_mixin.py:150} INFO - [2024-02-28T18:34:12.326+0000] {dag.py:2742} INFO - Sync 1 DAGs
[2024-02-28T18:34:12.347+0000] {logging_mixin.py:150} INFO - [2024-02-28T18:34:12.347+0000] {dag.py:3508} INFO - Setting next_dagrun for example_time_delta_sensor_async to None, run_after=None
[2024-02-28T18:34:12.361+0000] {processor.py:179} INFO - Processing /home/airflow/.local/lib/python3.7/site-packages/airflow/example_dags/example_time_delta_sensor_async.py took 0.077 seconds
[2024-02-28T18:34:43.517+0000] {processor.py:157} INFO - Started process (PID=245) to work on /home/airflow/.local/lib/python3.7/site-packages/airflow/example_dags/example_time_delta_sensor_async.py
[2024-02-28T18:34:43.521+0000] {processor.py:826} INFO - Processing file /home/airflow/.local/lib/python3.7/site-packages/airflow/example_dags/example_time_delta_sensor_async.py for tasks to queue
[2024-02-28T18:34:43.524+0000] {logging_mixin.py:150} INFO - [2024-02-28T18:34:43.524+0000] {dagbag.py:541} INFO - Filling up the DagBag from /home/airflow/.local/lib/python3.7/site-packages/airflow/example_dags/example_time_delta_sensor_async.py
[2024-02-28T18:34:43.547+0000] {processor.py:836} INFO - DAG(s) dict_keys(['example_time_delta_sensor_async']) retrieved from /home/airflow/.local/lib/python3.7/site-packages/airflow/example_dags/example_time_delta_sensor_async.py
[2024-02-28T18:34:43.595+0000] {logging_mixin.py:150} INFO - [2024-02-28T18:34:43.595+0000] {dag.py:2742} INFO - Sync 1 DAGs
[2024-02-28T18:34:43.633+0000] {logging_mixin.py:150} INFO - [2024-02-28T18:34:43.633+0000] {dag.py:3508} INFO - Setting next_dagrun for example_time_delta_sensor_async to None, run_after=None
[2024-02-28T18:34:43.684+0000] {processor.py:179} INFO - Processing /home/airflow/.local/lib/python3.7/site-packages/airflow/example_dags/example_time_delta_sensor_async.py took 0.172 seconds
[2024-02-28T18:35:14.343+0000] {processor.py:157} INFO - Started process (PID=309) to work on /home/airflow/.local/lib/python3.7/site-packages/airflow/example_dags/example_time_delta_sensor_async.py
[2024-02-28T18:35:14.345+0000] {processor.py:826} INFO - Processing file /home/airflow/.local/lib/python3.7/site-packages/airflow/example_dags/example_time_delta_sensor_async.py for tasks to queue
[2024-02-28T18:35:14.347+0000] {logging_mixin.py:150} INFO - [2024-02-28T18:35:14.346+0000] {dagbag.py:541} INFO - Filling up the DagBag from /home/airflow/.local/lib/python3.7/site-packages/airflow/example_dags/example_time_delta_sensor_async.py
[2024-02-28T18:35:14.353+0000] {processor.py:836} INFO - DAG(s) dict_keys(['example_time_delta_sensor_async']) retrieved from /home/airflow/.local/lib/python3.7/site-packages/airflow/example_dags/example_time_delta_sensor_async.py
[2024-02-28T18:35:14.381+0000] {logging_mixin.py:150} INFO - [2024-02-28T18:35:14.381+0000] {dag.py:2742} INFO - Sync 1 DAGs
[2024-02-28T18:35:14.406+0000] {logging_mixin.py:150} INFO - [2024-02-28T18:35:14.406+0000] {dag.py:3508} INFO - Setting next_dagrun for example_time_delta_sensor_async to None, run_after=None
[2024-02-28T18:35:14.422+0000] {processor.py:179} INFO - Processing /home/airflow/.local/lib/python3.7/site-packages/airflow/example_dags/example_time_delta_sensor_async.py took 0.082 seconds
[2024-02-28T18:35:45.231+0000] {processor.py:157} INFO - Started process (PID=373) to work on /home/airflow/.local/lib/python3.7/site-packages/airflow/example_dags/example_time_delta_sensor_async.py
[2024-02-28T18:35:45.233+0000] {processor.py:826} INFO - Processing file /home/airflow/.local/lib/python3.7/site-packages/airflow/example_dags/example_time_delta_sensor_async.py for tasks to queue
[2024-02-28T18:35:45.236+0000] {logging_mixin.py:150} INFO - [2024-02-28T18:35:45.236+0000] {dagbag.py:541} INFO - Filling up the DagBag from /home/airflow/.local/lib/python3.7/site-packages/airflow/example_dags/example_time_delta_sensor_async.py
[2024-02-28T18:35:45.244+0000] {processor.py:836} INFO - DAG(s) dict_keys(['example_time_delta_sensor_async']) retrieved from /home/airflow/.local/lib/python3.7/site-packages/airflow/example_dags/example_time_delta_sensor_async.py
[2024-02-28T18:35:45.272+0000] {logging_mixin.py:150} INFO - [2024-02-28T18:35:45.272+0000] {dag.py:2742} INFO - Sync 1 DAGs
[2024-02-28T18:35:45.295+0000] {logging_mixin.py:150} INFO - [2024-02-28T18:35:45.295+0000] {dag.py:3508} INFO - Setting next_dagrun for example_time_delta_sensor_async to None, run_after=None
[2024-02-28T18:35:45.315+0000] {processor.py:179} INFO - Processing /home/airflow/.local/lib/python3.7/site-packages/airflow/example_dags/example_time_delta_sensor_async.py took 0.087 seconds
[2024-02-28T18:36:16.312+0000] {processor.py:157} INFO - Started process (PID=436) to work on /home/airflow/.local/lib/python3.7/site-packages/airflow/example_dags/example_time_delta_sensor_async.py
[2024-02-28T18:36:16.314+0000] {processor.py:826} INFO - Processing file /home/airflow/.local/lib/python3.7/site-packages/airflow/example_dags/example_time_delta_sensor_async.py for tasks to queue
[2024-02-28T18:36:16.317+0000] {logging_mixin.py:150} INFO - [2024-02-28T18:36:16.317+0000] {dagbag.py:541} INFO - Filling up the DagBag from /home/airflow/.local/lib/python3.7/site-packages/airflow/example_dags/example_time_delta_sensor_async.py
[2024-02-28T18:36:16.323+0000] {processor.py:836} INFO - DAG(s) dict_keys(['example_time_delta_sensor_async']) retrieved from /home/airflow/.local/lib/python3.7/site-packages/airflow/example_dags/example_time_delta_sensor_async.py
[2024-02-28T18:36:16.350+0000] {logging_mixin.py:150} INFO - [2024-02-28T18:36:16.350+0000] {dag.py:2742} INFO - Sync 1 DAGs
[2024-02-28T18:36:16.373+0000] {logging_mixin.py:150} INFO - [2024-02-28T18:36:16.373+0000] {dag.py:3508} INFO - Setting next_dagrun for example_time_delta_sensor_async to None, run_after=None
[2024-02-28T18:36:16.389+0000] {processor.py:179} INFO - Processing /home/airflow/.local/lib/python3.7/site-packages/airflow/example_dags/example_time_delta_sensor_async.py took 0.080 seconds
[2024-02-28T18:36:48.354+0000] {processor.py:157} INFO - Started process (PID=499) to work on /home/airflow/.local/lib/python3.7/site-packages/airflow/example_dags/example_time_delta_sensor_async.py
[2024-02-28T18:36:48.357+0000] {processor.py:826} INFO - Processing file /home/airflow/.local/lib/python3.7/site-packages/airflow/example_dags/example_time_delta_sensor_async.py for tasks to queue
[2024-02-28T18:36:48.358+0000] {logging_mixin.py:150} INFO - [2024-02-28T18:36:48.358+0000] {dagbag.py:541} INFO - Filling up the DagBag from /home/airflow/.local/lib/python3.7/site-packages/airflow/example_dags/example_time_delta_sensor_async.py
[2024-02-28T18:36:48.365+0000] {processor.py:836} INFO - DAG(s) dict_keys(['example_time_delta_sensor_async']) retrieved from /home/airflow/.local/lib/python3.7/site-packages/airflow/example_dags/example_time_delta_sensor_async.py
[2024-02-28T18:36:48.395+0000] {logging_mixin.py:150} INFO - [2024-02-28T18:36:48.395+0000] {dag.py:2742} INFO - Sync 1 DAGs
[2024-02-28T18:36:48.421+0000] {logging_mixin.py:150} INFO - [2024-02-28T18:36:48.421+0000] {dag.py:3508} INFO - Setting next_dagrun for example_time_delta_sensor_async to None, run_after=None
[2024-02-28T18:36:48.437+0000] {processor.py:179} INFO - Processing /home/airflow/.local/lib/python3.7/site-packages/airflow/example_dags/example_time_delta_sensor_async.py took 0.088 seconds
[2024-02-28T18:37:18.961+0000] {processor.py:157} INFO - Started process (PID=562) to work on /home/airflow/.local/lib/python3.7/site-packages/airflow/example_dags/example_time_delta_sensor_async.py
[2024-02-28T18:37:18.965+0000] {processor.py:826} INFO - Processing file /home/airflow/.local/lib/python3.7/site-packages/airflow/example_dags/example_time_delta_sensor_async.py for tasks to queue
[2024-02-28T18:37:18.975+0000] {logging_mixin.py:150} INFO - [2024-02-28T18:37:18.974+0000] {dagbag.py:541} INFO - Filling up the DagBag from /home/airflow/.local/lib/python3.7/site-packages/airflow/example_dags/example_time_delta_sensor_async.py
[2024-02-28T18:37:18.985+0000] {processor.py:836} INFO - DAG(s) dict_keys(['example_time_delta_sensor_async']) retrieved from /home/airflow/.local/lib/python3.7/site-packages/airflow/example_dags/example_time_delta_sensor_async.py
[2024-02-28T18:37:19.039+0000] {logging_mixin.py:150} INFO - [2024-02-28T18:37:19.039+0000] {dag.py:2742} INFO - Sync 1 DAGs
[2024-02-28T18:37:19.067+0000] {logging_mixin.py:150} INFO - [2024-02-28T18:37:19.067+0000] {dag.py:3508} INFO - Setting next_dagrun for example_time_delta_sensor_async to None, run_after=None
[2024-02-28T18:37:19.087+0000] {processor.py:179} INFO - Processing /home/airflow/.local/lib/python3.7/site-packages/airflow/example_dags/example_time_delta_sensor_async.py took 0.132 seconds
[2024-02-28T18:37:49.249+0000] {processor.py:157} INFO - Started process (PID=625) to work on /home/airflow/.local/lib/python3.7/site-packages/airflow/example_dags/example_time_delta_sensor_async.py
[2024-02-28T18:37:49.252+0000] {processor.py:826} INFO - Processing file /home/airflow/.local/lib/python3.7/site-packages/airflow/example_dags/example_time_delta_sensor_async.py for tasks to queue
[2024-02-28T18:37:49.254+0000] {logging_mixin.py:150} INFO - [2024-02-28T18:37:49.254+0000] {dagbag.py:541} INFO - Filling up the DagBag from /home/airflow/.local/lib/python3.7/site-packages/airflow/example_dags/example_time_delta_sensor_async.py
[2024-02-28T18:37:49.260+0000] {processor.py:836} INFO - DAG(s) dict_keys(['example_time_delta_sensor_async']) retrieved from /home/airflow/.local/lib/python3.7/site-packages/airflow/example_dags/example_time_delta_sensor_async.py
[2024-02-28T18:37:49.285+0000] {logging_mixin.py:150} INFO - [2024-02-28T18:37:49.284+0000] {dag.py:2742} INFO - Sync 1 DAGs
[2024-02-28T18:37:49.311+0000] {logging_mixin.py:150} INFO - [2024-02-28T18:37:49.311+0000] {dag.py:3508} INFO - Setting next_dagrun for example_time_delta_sensor_async to None, run_after=None
[2024-02-28T18:37:49.332+0000] {processor.py:179} INFO - Processing /home/airflow/.local/lib/python3.7/site-packages/airflow/example_dags/example_time_delta_sensor_async.py took 0.087 seconds
[2024-02-28T18:38:19.726+0000] {processor.py:157} INFO - Started process (PID=687) to work on /home/airflow/.local/lib/python3.7/site-packages/airflow/example_dags/example_time_delta_sensor_async.py
[2024-02-28T18:38:19.729+0000] {processor.py:826} INFO - Processing file /home/airflow/.local/lib/python3.7/site-packages/airflow/example_dags/example_time_delta_sensor_async.py for tasks to queue
[2024-02-28T18:38:19.731+0000] {logging_mixin.py:150} INFO - [2024-02-28T18:38:19.731+0000] {dagbag.py:541} INFO - Filling up the DagBag from /home/airflow/.local/lib/python3.7/site-packages/airflow/example_dags/example_time_delta_sensor_async.py
[2024-02-28T18:38:19.738+0000] {processor.py:836} INFO - DAG(s) dict_keys(['example_time_delta_sensor_async']) retrieved from /home/airflow/.local/lib/python3.7/site-packages/airflow/example_dags/example_time_delta_sensor_async.py
[2024-02-28T18:38:19.771+0000] {logging_mixin.py:150} INFO - [2024-02-28T18:38:19.771+0000] {dag.py:2742} INFO - Sync 1 DAGs
[2024-02-28T18:38:19.794+0000] {logging_mixin.py:150} INFO - [2024-02-28T18:38:19.794+0000] {dag.py:3508} INFO - Setting next_dagrun for example_time_delta_sensor_async to None, run_after=None
[2024-02-28T18:38:19.813+0000] {processor.py:179} INFO - Processing /home/airflow/.local/lib/python3.7/site-packages/airflow/example_dags/example_time_delta_sensor_async.py took 0.092 seconds
[2024-02-28T18:38:50.640+0000] {processor.py:157} INFO - Started process (PID=749) to work on /home/airflow/.local/lib/python3.7/site-packages/airflow/example_dags/example_time_delta_sensor_async.py
[2024-02-28T18:38:50.642+0000] {processor.py:826} INFO - Processing file /home/airflow/.local/lib/python3.7/site-packages/airflow/example_dags/example_time_delta_sensor_async.py for tasks to queue
[2024-02-28T18:38:50.647+0000] {logging_mixin.py:150} INFO - [2024-02-28T18:38:50.646+0000] {dagbag.py:541} INFO - Filling up the DagBag from /home/airflow/.local/lib/python3.7/site-packages/airflow/example_dags/example_time_delta_sensor_async.py
[2024-02-28T18:38:50.655+0000] {processor.py:836} INFO - DAG(s) dict_keys(['example_time_delta_sensor_async']) retrieved from /home/airflow/.local/lib/python3.7/site-packages/airflow/example_dags/example_time_delta_sensor_async.py
[2024-02-28T18:38:50.701+0000] {logging_mixin.py:150} INFO - [2024-02-28T18:38:50.701+0000] {dag.py:2742} INFO - Sync 1 DAGs
[2024-02-28T18:38:50.749+0000] {logging_mixin.py:150} INFO - [2024-02-28T18:38:50.748+0000] {dag.py:3508} INFO - Setting next_dagrun for example_time_delta_sensor_async to None, run_after=None
[2024-02-28T18:38:50.784+0000] {processor.py:179} INFO - Processing /home/airflow/.local/lib/python3.7/site-packages/airflow/example_dags/example_time_delta_sensor_async.py took 0.150 seconds
[2024-02-28T18:39:21.552+0000] {processor.py:157} INFO - Started process (PID=812) to work on /home/airflow/.local/lib/python3.7/site-packages/airflow/example_dags/example_time_delta_sensor_async.py
[2024-02-28T18:39:21.556+0000] {processor.py:826} INFO - Processing file /home/airflow/.local/lib/python3.7/site-packages/airflow/example_dags/example_time_delta_sensor_async.py for tasks to queue
[2024-02-28T18:39:21.559+0000] {logging_mixin.py:150} INFO - [2024-02-28T18:39:21.558+0000] {dagbag.py:541} INFO - Filling up the DagBag from /home/airflow/.local/lib/python3.7/site-packages/airflow/example_dags/example_time_delta_sensor_async.py
[2024-02-28T18:39:21.566+0000] {processor.py:836} INFO - DAG(s) dict_keys(['example_time_delta_sensor_async']) retrieved from /home/airflow/.local/lib/python3.7/site-packages/airflow/example_dags/example_time_delta_sensor_async.py
[2024-02-28T18:39:21.604+0000] {logging_mixin.py:150} INFO - [2024-02-28T18:39:21.603+0000] {dag.py:2742} INFO - Sync 1 DAGs
[2024-02-28T18:39:21.631+0000] {logging_mixin.py:150} INFO - [2024-02-28T18:39:21.630+0000] {dag.py:3508} INFO - Setting next_dagrun for example_time_delta_sensor_async to None, run_after=None
[2024-02-28T18:39:21.658+0000] {processor.py:179} INFO - Processing /home/airflow/.local/lib/python3.7/site-packages/airflow/example_dags/example_time_delta_sensor_async.py took 0.110 seconds
[2024-02-28T18:39:51.809+0000] {processor.py:157} INFO - Started process (PID=876) to work on /home/airflow/.local/lib/python3.7/site-packages/airflow/example_dags/example_time_delta_sensor_async.py
[2024-02-28T18:39:51.811+0000] {processor.py:826} INFO - Processing file /home/airflow/.local/lib/python3.7/site-packages/airflow/example_dags/example_time_delta_sensor_async.py for tasks to queue
[2024-02-28T18:39:51.813+0000] {logging_mixin.py:150} INFO - [2024-02-28T18:39:51.813+0000] {dagbag.py:541} INFO - Filling up the DagBag from /home/airflow/.local/lib/python3.7/site-packages/airflow/example_dags/example_time_delta_sensor_async.py
[2024-02-28T18:39:51.817+0000] {processor.py:836} INFO - DAG(s) dict_keys(['example_time_delta_sensor_async']) retrieved from /home/airflow/.local/lib/python3.7/site-packages/airflow/example_dags/example_time_delta_sensor_async.py
[2024-02-28T18:39:51.845+0000] {logging_mixin.py:150} INFO - [2024-02-28T18:39:51.844+0000] {dag.py:2742} INFO - Sync 1 DAGs
[2024-02-28T18:39:51.872+0000] {logging_mixin.py:150} INFO - [2024-02-28T18:39:51.872+0000] {dag.py:3508} INFO - Setting next_dagrun for example_time_delta_sensor_async to None, run_after=None
[2024-02-28T18:39:51.887+0000] {processor.py:179} INFO - Processing /home/airflow/.local/lib/python3.7/site-packages/airflow/example_dags/example_time_delta_sensor_async.py took 0.082 seconds
[2024-02-28T18:40:22.579+0000] {processor.py:157} INFO - Started process (PID=939) to work on /home/airflow/.local/lib/python3.7/site-packages/airflow/example_dags/example_time_delta_sensor_async.py
[2024-02-28T18:40:22.583+0000] {processor.py:826} INFO - Processing file /home/airflow/.local/lib/python3.7/site-packages/airflow/example_dags/example_time_delta_sensor_async.py for tasks to queue
[2024-02-28T18:40:22.585+0000] {logging_mixin.py:150} INFO - [2024-02-28T18:40:22.585+0000] {dagbag.py:541} INFO - Filling up the DagBag from /home/airflow/.local/lib/python3.7/site-packages/airflow/example_dags/example_time_delta_sensor_async.py
[2024-02-28T18:40:22.591+0000] {processor.py:836} INFO - DAG(s) dict_keys(['example_time_delta_sensor_async']) retrieved from /home/airflow/.local/lib/python3.7/site-packages/airflow/example_dags/example_time_delta_sensor_async.py
[2024-02-28T18:40:22.624+0000] {logging_mixin.py:150} INFO - [2024-02-28T18:40:22.624+0000] {dag.py:2742} INFO - Sync 1 DAGs
[2024-02-28T18:40:22.647+0000] {logging_mixin.py:150} INFO - [2024-02-28T18:40:22.647+0000] {dag.py:3508} INFO - Setting next_dagrun for example_time_delta_sensor_async to None, run_after=None
[2024-02-28T18:40:22.666+0000] {processor.py:179} INFO - Processing /home/airflow/.local/lib/python3.7/site-packages/airflow/example_dags/example_time_delta_sensor_async.py took 0.090 seconds
[2024-02-28T18:40:53.272+0000] {processor.py:157} INFO - Started process (PID=1002) to work on /home/airflow/.local/lib/python3.7/site-packages/airflow/example_dags/example_time_delta_sensor_async.py
[2024-02-28T18:40:53.274+0000] {processor.py:826} INFO - Processing file /home/airflow/.local/lib/python3.7/site-packages/airflow/example_dags/example_time_delta_sensor_async.py for tasks to queue
[2024-02-28T18:40:53.276+0000] {logging_mixin.py:150} INFO - [2024-02-28T18:40:53.275+0000] {dagbag.py:541} INFO - Filling up the DagBag from /home/airflow/.local/lib/python3.7/site-packages/airflow/example_dags/example_time_delta_sensor_async.py
[2024-02-28T18:40:53.281+0000] {processor.py:836} INFO - DAG(s) dict_keys(['example_time_delta_sensor_async']) retrieved from /home/airflow/.local/lib/python3.7/site-packages/airflow/example_dags/example_time_delta_sensor_async.py
[2024-02-28T18:40:53.309+0000] {logging_mixin.py:150} INFO - [2024-02-28T18:40:53.309+0000] {dag.py:2742} INFO - Sync 1 DAGs
[2024-02-28T18:40:53.328+0000] {logging_mixin.py:150} INFO - [2024-02-28T18:40:53.328+0000] {dag.py:3508} INFO - Setting next_dagrun for example_time_delta_sensor_async to None, run_after=None
[2024-02-28T18:40:53.344+0000] {processor.py:179} INFO - Processing /home/airflow/.local/lib/python3.7/site-packages/airflow/example_dags/example_time_delta_sensor_async.py took 0.076 seconds
[2024-02-28T18:41:23.748+0000] {processor.py:157} INFO - Started process (PID=1065) to work on /home/airflow/.local/lib/python3.7/site-packages/airflow/example_dags/example_time_delta_sensor_async.py
[2024-02-28T18:41:23.752+0000] {processor.py:826} INFO - Processing file /home/airflow/.local/lib/python3.7/site-packages/airflow/example_dags/example_time_delta_sensor_async.py for tasks to queue
[2024-02-28T18:41:23.755+0000] {logging_mixin.py:150} INFO - [2024-02-28T18:41:23.754+0000] {dagbag.py:541} INFO - Filling up the DagBag from /home/airflow/.local/lib/python3.7/site-packages/airflow/example_dags/example_time_delta_sensor_async.py
[2024-02-28T18:41:23.761+0000] {processor.py:836} INFO - DAG(s) dict_keys(['example_time_delta_sensor_async']) retrieved from /home/airflow/.local/lib/python3.7/site-packages/airflow/example_dags/example_time_delta_sensor_async.py
[2024-02-28T18:41:23.793+0000] {logging_mixin.py:150} INFO - [2024-02-28T18:41:23.792+0000] {dag.py:2742} INFO - Sync 1 DAGs
[2024-02-28T18:41:23.819+0000] {logging_mixin.py:150} INFO - [2024-02-28T18:41:23.819+0000] {dag.py:3508} INFO - Setting next_dagrun for example_time_delta_sensor_async to None, run_after=None
[2024-02-28T18:41:23.836+0000] {processor.py:179} INFO - Processing /home/airflow/.local/lib/python3.7/site-packages/airflow/example_dags/example_time_delta_sensor_async.py took 0.091 seconds
[2024-02-28T18:41:54.193+0000] {processor.py:157} INFO - Started process (PID=1128) to work on /home/airflow/.local/lib/python3.7/site-packages/airflow/example_dags/example_time_delta_sensor_async.py
[2024-02-28T18:41:54.195+0000] {processor.py:826} INFO - Processing file /home/airflow/.local/lib/python3.7/site-packages/airflow/example_dags/example_time_delta_sensor_async.py for tasks to queue
[2024-02-28T18:41:54.197+0000] {logging_mixin.py:150} INFO - [2024-02-28T18:41:54.197+0000] {dagbag.py:541} INFO - Filling up the DagBag from /home/airflow/.local/lib/python3.7/site-packages/airflow/example_dags/example_time_delta_sensor_async.py
[2024-02-28T18:41:54.207+0000] {processor.py:836} INFO - DAG(s) dict_keys(['example_time_delta_sensor_async']) retrieved from /home/airflow/.local/lib/python3.7/site-packages/airflow/example_dags/example_time_delta_sensor_async.py
[2024-02-28T18:41:54.236+0000] {logging_mixin.py:150} INFO - [2024-02-28T18:41:54.236+0000] {dag.py:2742} INFO - Sync 1 DAGs
[2024-02-28T18:41:54.259+0000] {logging_mixin.py:150} INFO - [2024-02-28T18:41:54.259+0000] {dag.py:3508} INFO - Setting next_dagrun for example_time_delta_sensor_async to None, run_after=None
[2024-02-28T18:41:54.279+0000] {processor.py:179} INFO - Processing /home/airflow/.local/lib/python3.7/site-packages/airflow/example_dags/example_time_delta_sensor_async.py took 0.090 seconds
[2024-02-28T18:42:24.844+0000] {processor.py:157} INFO - Started process (PID=1191) to work on /home/airflow/.local/lib/python3.7/site-packages/airflow/example_dags/example_time_delta_sensor_async.py
[2024-02-28T18:42:24.846+0000] {processor.py:826} INFO - Processing file /home/airflow/.local/lib/python3.7/site-packages/airflow/example_dags/example_time_delta_sensor_async.py for tasks to queue
[2024-02-28T18:42:24.848+0000] {logging_mixin.py:150} INFO - [2024-02-28T18:42:24.848+0000] {dagbag.py:541} INFO - Filling up the DagBag from /home/airflow/.local/lib/python3.7/site-packages/airflow/example_dags/example_time_delta_sensor_async.py
[2024-02-28T18:42:24.854+0000] {processor.py:836} INFO - DAG(s) dict_keys(['example_time_delta_sensor_async']) retrieved from /home/airflow/.local/lib/python3.7/site-packages/airflow/example_dags/example_time_delta_sensor_async.py
[2024-02-28T18:42:24.891+0000] {logging_mixin.py:150} INFO - [2024-02-28T18:42:24.891+0000] {dag.py:2742} INFO - Sync 1 DAGs
[2024-02-28T18:42:24.936+0000] {logging_mixin.py:150} INFO - [2024-02-28T18:42:24.936+0000] {dag.py:3508} INFO - Setting next_dagrun for example_time_delta_sensor_async to None, run_after=None
[2024-02-28T18:42:24.958+0000] {processor.py:179} INFO - Processing /home/airflow/.local/lib/python3.7/site-packages/airflow/example_dags/example_time_delta_sensor_async.py took 0.118 seconds
[2024-02-28T18:42:56.198+0000] {processor.py:157} INFO - Started process (PID=1254) to work on /home/airflow/.local/lib/python3.7/site-packages/airflow/example_dags/example_time_delta_sensor_async.py
[2024-02-28T18:42:56.205+0000] {processor.py:826} INFO - Processing file /home/airflow/.local/lib/python3.7/site-packages/airflow/example_dags/example_time_delta_sensor_async.py for tasks to queue
[2024-02-28T18:42:56.208+0000] {logging_mixin.py:150} INFO - [2024-02-28T18:42:56.207+0000] {dagbag.py:541} INFO - Filling up the DagBag from /home/airflow/.local/lib/python3.7/site-packages/airflow/example_dags/example_time_delta_sensor_async.py
[2024-02-28T18:42:56.214+0000] {processor.py:836} INFO - DAG(s) dict_keys(['example_time_delta_sensor_async']) retrieved from /home/airflow/.local/lib/python3.7/site-packages/airflow/example_dags/example_time_delta_sensor_async.py
[2024-02-28T18:42:56.245+0000] {logging_mixin.py:150} INFO - [2024-02-28T18:42:56.245+0000] {dag.py:2742} INFO - Sync 1 DAGs
[2024-02-28T18:42:56.270+0000] {logging_mixin.py:150} INFO - [2024-02-28T18:42:56.270+0000] {dag.py:3508} INFO - Setting next_dagrun for example_time_delta_sensor_async to None, run_after=None
[2024-02-28T18:42:56.288+0000] {processor.py:179} INFO - Processing /home/airflow/.local/lib/python3.7/site-packages/airflow/example_dags/example_time_delta_sensor_async.py took 0.094 seconds
[2024-02-28T18:43:26.380+0000] {processor.py:157} INFO - Started process (PID=1317) to work on /home/airflow/.local/lib/python3.7/site-packages/airflow/example_dags/example_time_delta_sensor_async.py
[2024-02-28T18:43:26.382+0000] {processor.py:826} INFO - Processing file /home/airflow/.local/lib/python3.7/site-packages/airflow/example_dags/example_time_delta_sensor_async.py for tasks to queue
[2024-02-28T18:43:26.384+0000] {logging_mixin.py:150} INFO - [2024-02-28T18:43:26.384+0000] {dagbag.py:541} INFO - Filling up the DagBag from /home/airflow/.local/lib/python3.7/site-packages/airflow/example_dags/example_time_delta_sensor_async.py
[2024-02-28T18:43:26.392+0000] {processor.py:836} INFO - DAG(s) dict_keys(['example_time_delta_sensor_async']) retrieved from /home/airflow/.local/lib/python3.7/site-packages/airflow/example_dags/example_time_delta_sensor_async.py
[2024-02-28T18:43:26.426+0000] {logging_mixin.py:150} INFO - [2024-02-28T18:43:26.426+0000] {dag.py:2742} INFO - Sync 1 DAGs
[2024-02-28T18:43:26.450+0000] {logging_mixin.py:150} INFO - [2024-02-28T18:43:26.449+0000] {dag.py:3508} INFO - Setting next_dagrun for example_time_delta_sensor_async to None, run_after=None
[2024-02-28T18:43:26.469+0000] {processor.py:179} INFO - Processing /home/airflow/.local/lib/python3.7/site-packages/airflow/example_dags/example_time_delta_sensor_async.py took 0.093 seconds
[2024-02-28T18:43:56.853+0000] {processor.py:157} INFO - Started process (PID=1380) to work on /home/airflow/.local/lib/python3.7/site-packages/airflow/example_dags/example_time_delta_sensor_async.py
[2024-02-28T18:43:56.855+0000] {processor.py:826} INFO - Processing file /home/airflow/.local/lib/python3.7/site-packages/airflow/example_dags/example_time_delta_sensor_async.py for tasks to queue
[2024-02-28T18:43:56.858+0000] {logging_mixin.py:150} INFO - [2024-02-28T18:43:56.857+0000] {dagbag.py:541} INFO - Filling up the DagBag from /home/airflow/.local/lib/python3.7/site-packages/airflow/example_dags/example_time_delta_sensor_async.py
[2024-02-28T18:43:56.865+0000] {processor.py:836} INFO - DAG(s) dict_keys(['example_time_delta_sensor_async']) retrieved from /home/airflow/.local/lib/python3.7/site-packages/airflow/example_dags/example_time_delta_sensor_async.py
[2024-02-28T18:43:56.904+0000] {logging_mixin.py:150} INFO - [2024-02-28T18:43:56.904+0000] {dag.py:2742} INFO - Sync 1 DAGs
[2024-02-28T18:43:56.941+0000] {logging_mixin.py:150} INFO - [2024-02-28T18:43:56.940+0000] {dag.py:3508} INFO - Setting next_dagrun for example_time_delta_sensor_async to None, run_after=None
[2024-02-28T18:43:56.963+0000] {processor.py:179} INFO - Processing /home/airflow/.local/lib/python3.7/site-packages/airflow/example_dags/example_time_delta_sensor_async.py took 0.113 seconds
[2024-02-28T18:44:28.519+0000] {processor.py:157} INFO - Started process (PID=1443) to work on /home/airflow/.local/lib/python3.7/site-packages/airflow/example_dags/example_time_delta_sensor_async.py
[2024-02-28T18:44:28.523+0000] {processor.py:826} INFO - Processing file /home/airflow/.local/lib/python3.7/site-packages/airflow/example_dags/example_time_delta_sensor_async.py for tasks to queue
[2024-02-28T18:44:28.529+0000] {logging_mixin.py:150} INFO - [2024-02-28T18:44:28.528+0000] {dagbag.py:541} INFO - Filling up the DagBag from /home/airflow/.local/lib/python3.7/site-packages/airflow/example_dags/example_time_delta_sensor_async.py
[2024-02-28T18:44:28.536+0000] {processor.py:836} INFO - DAG(s) dict_keys(['example_time_delta_sensor_async']) retrieved from /home/airflow/.local/lib/python3.7/site-packages/airflow/example_dags/example_time_delta_sensor_async.py
[2024-02-28T18:44:28.613+0000] {logging_mixin.py:150} INFO - [2024-02-28T18:44:28.613+0000] {dag.py:2742} INFO - Sync 1 DAGs
[2024-02-28T18:44:28.654+0000] {logging_mixin.py:150} INFO - [2024-02-28T18:44:28.654+0000] {dag.py:3508} INFO - Setting next_dagrun for example_time_delta_sensor_async to None, run_after=None
[2024-02-28T18:44:28.754+0000] {processor.py:179} INFO - Processing /home/airflow/.local/lib/python3.7/site-packages/airflow/example_dags/example_time_delta_sensor_async.py took 0.240 seconds
[2024-02-28T18:44:58.906+0000] {processor.py:157} INFO - Started process (PID=1506) to work on /home/airflow/.local/lib/python3.7/site-packages/airflow/example_dags/example_time_delta_sensor_async.py
[2024-02-28T18:44:58.907+0000] {processor.py:826} INFO - Processing file /home/airflow/.local/lib/python3.7/site-packages/airflow/example_dags/example_time_delta_sensor_async.py for tasks to queue
[2024-02-28T18:44:58.909+0000] {logging_mixin.py:150} INFO - [2024-02-28T18:44:58.909+0000] {dagbag.py:541} INFO - Filling up the DagBag from /home/airflow/.local/lib/python3.7/site-packages/airflow/example_dags/example_time_delta_sensor_async.py
[2024-02-28T18:44:58.916+0000] {processor.py:836} INFO - DAG(s) dict_keys(['example_time_delta_sensor_async']) retrieved from /home/airflow/.local/lib/python3.7/site-packages/airflow/example_dags/example_time_delta_sensor_async.py
[2024-02-28T18:44:58.941+0000] {logging_mixin.py:150} INFO - [2024-02-28T18:44:58.941+0000] {dag.py:2742} INFO - Sync 1 DAGs
[2024-02-28T18:44:58.972+0000] {logging_mixin.py:150} INFO - [2024-02-28T18:44:58.972+0000] {dag.py:3508} INFO - Setting next_dagrun for example_time_delta_sensor_async to None, run_after=None
[2024-02-28T18:44:59.000+0000] {processor.py:179} INFO - Processing /home/airflow/.local/lib/python3.7/site-packages/airflow/example_dags/example_time_delta_sensor_async.py took 0.099 seconds
[2024-02-28T18:45:29.391+0000] {processor.py:157} INFO - Started process (PID=1570) to work on /home/airflow/.local/lib/python3.7/site-packages/airflow/example_dags/example_time_delta_sensor_async.py
[2024-02-28T18:45:29.393+0000] {processor.py:826} INFO - Processing file /home/airflow/.local/lib/python3.7/site-packages/airflow/example_dags/example_time_delta_sensor_async.py for tasks to queue
[2024-02-28T18:45:29.395+0000] {logging_mixin.py:150} INFO - [2024-02-28T18:45:29.395+0000] {dagbag.py:541} INFO - Filling up the DagBag from /home/airflow/.local/lib/python3.7/site-packages/airflow/example_dags/example_time_delta_sensor_async.py
[2024-02-28T18:45:29.402+0000] {processor.py:836} INFO - DAG(s) dict_keys(['example_time_delta_sensor_async']) retrieved from /home/airflow/.local/lib/python3.7/site-packages/airflow/example_dags/example_time_delta_sensor_async.py
[2024-02-28T18:45:29.428+0000] {logging_mixin.py:150} INFO - [2024-02-28T18:45:29.427+0000] {dag.py:2742} INFO - Sync 1 DAGs
[2024-02-28T18:45:29.448+0000] {logging_mixin.py:150} INFO - [2024-02-28T18:45:29.448+0000] {dag.py:3508} INFO - Setting next_dagrun for example_time_delta_sensor_async to None, run_after=None
[2024-02-28T18:45:29.463+0000] {processor.py:179} INFO - Processing /home/airflow/.local/lib/python3.7/site-packages/airflow/example_dags/example_time_delta_sensor_async.py took 0.075 seconds
[2024-02-28T18:46:00.307+0000] {processor.py:157} INFO - Started process (PID=1633) to work on /home/airflow/.local/lib/python3.7/site-packages/airflow/example_dags/example_time_delta_sensor_async.py
[2024-02-28T18:46:00.309+0000] {processor.py:826} INFO - Processing file /home/airflow/.local/lib/python3.7/site-packages/airflow/example_dags/example_time_delta_sensor_async.py for tasks to queue
[2024-02-28T18:46:00.311+0000] {logging_mixin.py:150} INFO - [2024-02-28T18:46:00.310+0000] {dagbag.py:541} INFO - Filling up the DagBag from /home/airflow/.local/lib/python3.7/site-packages/airflow/example_dags/example_time_delta_sensor_async.py
[2024-02-28T18:46:00.316+0000] {processor.py:836} INFO - DAG(s) dict_keys(['example_time_delta_sensor_async']) retrieved from /home/airflow/.local/lib/python3.7/site-packages/airflow/example_dags/example_time_delta_sensor_async.py
[2024-02-28T18:46:00.343+0000] {logging_mixin.py:150} INFO - [2024-02-28T18:46:00.342+0000] {dag.py:2742} INFO - Sync 1 DAGs
[2024-02-28T18:46:00.368+0000] {logging_mixin.py:150} INFO - [2024-02-28T18:46:00.368+0000] {dag.py:3508} INFO - Setting next_dagrun for example_time_delta_sensor_async to None, run_after=None
[2024-02-28T18:46:00.385+0000] {processor.py:179} INFO - Processing /home/airflow/.local/lib/python3.7/site-packages/airflow/example_dags/example_time_delta_sensor_async.py took 0.081 seconds
[2024-02-28T18:46:30.702+0000] {processor.py:157} INFO - Started process (PID=1696) to work on /home/airflow/.local/lib/python3.7/site-packages/airflow/example_dags/example_time_delta_sensor_async.py
[2024-02-28T18:46:30.703+0000] {processor.py:826} INFO - Processing file /home/airflow/.local/lib/python3.7/site-packages/airflow/example_dags/example_time_delta_sensor_async.py for tasks to queue
[2024-02-28T18:46:30.705+0000] {logging_mixin.py:150} INFO - [2024-02-28T18:46:30.705+0000] {dagbag.py:541} INFO - Filling up the DagBag from /home/airflow/.local/lib/python3.7/site-packages/airflow/example_dags/example_time_delta_sensor_async.py
[2024-02-28T18:46:30.710+0000] {processor.py:836} INFO - DAG(s) dict_keys(['example_time_delta_sensor_async']) retrieved from /home/airflow/.local/lib/python3.7/site-packages/airflow/example_dags/example_time_delta_sensor_async.py
[2024-02-28T18:46:30.738+0000] {logging_mixin.py:150} INFO - [2024-02-28T18:46:30.738+0000] {dag.py:2742} INFO - Sync 1 DAGs
[2024-02-28T18:46:30.761+0000] {logging_mixin.py:150} INFO - [2024-02-28T18:46:30.761+0000] {dag.py:3508} INFO - Setting next_dagrun for example_time_delta_sensor_async to None, run_after=None
[2024-02-28T18:46:30.774+0000] {processor.py:179} INFO - Processing /home/airflow/.local/lib/python3.7/site-packages/airflow/example_dags/example_time_delta_sensor_async.py took 0.076 seconds
[2024-02-28T18:47:01.048+0000] {processor.py:157} INFO - Started process (PID=1759) to work on /home/airflow/.local/lib/python3.7/site-packages/airflow/example_dags/example_time_delta_sensor_async.py
[2024-02-28T18:47:01.050+0000] {processor.py:826} INFO - Processing file /home/airflow/.local/lib/python3.7/site-packages/airflow/example_dags/example_time_delta_sensor_async.py for tasks to queue
[2024-02-28T18:47:01.051+0000] {logging_mixin.py:150} INFO - [2024-02-28T18:47:01.051+0000] {dagbag.py:541} INFO - Filling up the DagBag from /home/airflow/.local/lib/python3.7/site-packages/airflow/example_dags/example_time_delta_sensor_async.py
[2024-02-28T18:47:01.056+0000] {processor.py:836} INFO - DAG(s) dict_keys(['example_time_delta_sensor_async']) retrieved from /home/airflow/.local/lib/python3.7/site-packages/airflow/example_dags/example_time_delta_sensor_async.py
[2024-02-28T18:47:01.086+0000] {logging_mixin.py:150} INFO - [2024-02-28T18:47:01.086+0000] {dag.py:2742} INFO - Sync 1 DAGs
[2024-02-28T18:47:01.118+0000] {logging_mixin.py:150} INFO - [2024-02-28T18:47:01.117+0000] {dag.py:3508} INFO - Setting next_dagrun for example_time_delta_sensor_async to None, run_after=None
[2024-02-28T18:47:01.138+0000] {processor.py:179} INFO - Processing /home/airflow/.local/lib/python3.7/site-packages/airflow/example_dags/example_time_delta_sensor_async.py took 0.093 seconds
[2024-02-28T18:47:31.720+0000] {processor.py:157} INFO - Started process (PID=1822) to work on /home/airflow/.local/lib/python3.7/site-packages/airflow/example_dags/example_time_delta_sensor_async.py
[2024-02-28T18:47:31.722+0000] {processor.py:826} INFO - Processing file /home/airflow/.local/lib/python3.7/site-packages/airflow/example_dags/example_time_delta_sensor_async.py for tasks to queue
[2024-02-28T18:47:31.724+0000] {logging_mixin.py:150} INFO - [2024-02-28T18:47:31.724+0000] {dagbag.py:541} INFO - Filling up the DagBag from /home/airflow/.local/lib/python3.7/site-packages/airflow/example_dags/example_time_delta_sensor_async.py
[2024-02-28T18:47:31.730+0000] {processor.py:836} INFO - DAG(s) dict_keys(['example_time_delta_sensor_async']) retrieved from /home/airflow/.local/lib/python3.7/site-packages/airflow/example_dags/example_time_delta_sensor_async.py
[2024-02-28T18:47:31.763+0000] {logging_mixin.py:150} INFO - [2024-02-28T18:47:31.763+0000] {dag.py:2742} INFO - Sync 1 DAGs
[2024-02-28T18:47:31.790+0000] {logging_mixin.py:150} INFO - [2024-02-28T18:47:31.790+0000] {dag.py:3508} INFO - Setting next_dagrun for example_time_delta_sensor_async to None, run_after=None
[2024-02-28T18:47:31.811+0000] {processor.py:179} INFO - Processing /home/airflow/.local/lib/python3.7/site-packages/airflow/example_dags/example_time_delta_sensor_async.py took 0.095 seconds
[2024-02-28T18:48:01.970+0000] {processor.py:157} INFO - Started process (PID=1885) to work on /home/airflow/.local/lib/python3.7/site-packages/airflow/example_dags/example_time_delta_sensor_async.py
[2024-02-28T18:48:01.973+0000] {processor.py:826} INFO - Processing file /home/airflow/.local/lib/python3.7/site-packages/airflow/example_dags/example_time_delta_sensor_async.py for tasks to queue
[2024-02-28T18:48:01.975+0000] {logging_mixin.py:150} INFO - [2024-02-28T18:48:01.974+0000] {dagbag.py:541} INFO - Filling up the DagBag from /home/airflow/.local/lib/python3.7/site-packages/airflow/example_dags/example_time_delta_sensor_async.py
[2024-02-28T18:48:01.981+0000] {processor.py:836} INFO - DAG(s) dict_keys(['example_time_delta_sensor_async']) retrieved from /home/airflow/.local/lib/python3.7/site-packages/airflow/example_dags/example_time_delta_sensor_async.py
[2024-02-28T18:48:02.023+0000] {logging_mixin.py:150} INFO - [2024-02-28T18:48:02.023+0000] {dag.py:2742} INFO - Sync 1 DAGs
[2024-02-28T18:48:02.052+0000] {logging_mixin.py:150} INFO - [2024-02-28T18:48:02.052+0000] {dag.py:3508} INFO - Setting next_dagrun for example_time_delta_sensor_async to None, run_after=None
[2024-02-28T18:48:02.072+0000] {processor.py:179} INFO - Processing /home/airflow/.local/lib/python3.7/site-packages/airflow/example_dags/example_time_delta_sensor_async.py took 0.105 seconds
[2024-02-28T18:48:32.964+0000] {processor.py:157} INFO - Started process (PID=1947) to work on /home/airflow/.local/lib/python3.7/site-packages/airflow/example_dags/example_time_delta_sensor_async.py
[2024-02-28T18:48:32.966+0000] {processor.py:826} INFO - Processing file /home/airflow/.local/lib/python3.7/site-packages/airflow/example_dags/example_time_delta_sensor_async.py for tasks to queue
[2024-02-28T18:48:32.968+0000] {logging_mixin.py:150} INFO - [2024-02-28T18:48:32.968+0000] {dagbag.py:541} INFO - Filling up the DagBag from /home/airflow/.local/lib/python3.7/site-packages/airflow/example_dags/example_time_delta_sensor_async.py
[2024-02-28T18:48:32.974+0000] {processor.py:836} INFO - DAG(s) dict_keys(['example_time_delta_sensor_async']) retrieved from /home/airflow/.local/lib/python3.7/site-packages/airflow/example_dags/example_time_delta_sensor_async.py
[2024-02-28T18:48:33.006+0000] {logging_mixin.py:150} INFO - [2024-02-28T18:48:33.006+0000] {dag.py:2742} INFO - Sync 1 DAGs
[2024-02-28T18:48:33.032+0000] {logging_mixin.py:150} INFO - [2024-02-28T18:48:33.032+0000] {dag.py:3508} INFO - Setting next_dagrun for example_time_delta_sensor_async to None, run_after=None
[2024-02-28T18:48:33.054+0000] {processor.py:179} INFO - Processing /home/airflow/.local/lib/python3.7/site-packages/airflow/example_dags/example_time_delta_sensor_async.py took 0.093 seconds
[2024-02-28T18:49:05.622+0000] {processor.py:157} INFO - Started process (PID=2017) to work on /home/airflow/.local/lib/python3.7/site-packages/airflow/example_dags/example_time_delta_sensor_async.py
[2024-02-28T18:49:05.627+0000] {processor.py:826} INFO - Processing file /home/airflow/.local/lib/python3.7/site-packages/airflow/example_dags/example_time_delta_sensor_async.py for tasks to queue
[2024-02-28T18:49:05.631+0000] {logging_mixin.py:150} INFO - [2024-02-28T18:49:05.630+0000] {dagbag.py:541} INFO - Filling up the DagBag from /home/airflow/.local/lib/python3.7/site-packages/airflow/example_dags/example_time_delta_sensor_async.py
[2024-02-28T18:49:05.668+0000] {processor.py:836} INFO - DAG(s) dict_keys(['example_time_delta_sensor_async']) retrieved from /home/airflow/.local/lib/python3.7/site-packages/airflow/example_dags/example_time_delta_sensor_async.py
[2024-02-28T18:49:05.760+0000] {logging_mixin.py:150} INFO - [2024-02-28T18:49:05.760+0000] {dag.py:2742} INFO - Sync 1 DAGs
[2024-02-28T18:49:05.859+0000] {logging_mixin.py:150} INFO - [2024-02-28T18:49:05.859+0000] {dag.py:3508} INFO - Setting next_dagrun for example_time_delta_sensor_async to None, run_after=None
[2024-02-28T18:49:06.081+0000] {processor.py:179} INFO - Processing /home/airflow/.local/lib/python3.7/site-packages/airflow/example_dags/example_time_delta_sensor_async.py took 0.471 seconds
[2024-02-28T18:49:37.015+0000] {processor.py:157} INFO - Started process (PID=2088) to work on /home/airflow/.local/lib/python3.7/site-packages/airflow/example_dags/example_time_delta_sensor_async.py
[2024-02-28T18:49:37.020+0000] {processor.py:826} INFO - Processing file /home/airflow/.local/lib/python3.7/site-packages/airflow/example_dags/example_time_delta_sensor_async.py for tasks to queue
[2024-02-28T18:49:37.024+0000] {logging_mixin.py:150} INFO - [2024-02-28T18:49:37.024+0000] {dagbag.py:541} INFO - Filling up the DagBag from /home/airflow/.local/lib/python3.7/site-packages/airflow/example_dags/example_time_delta_sensor_async.py
[2024-02-28T18:49:37.034+0000] {processor.py:836} INFO - DAG(s) dict_keys(['example_time_delta_sensor_async']) retrieved from /home/airflow/.local/lib/python3.7/site-packages/airflow/example_dags/example_time_delta_sensor_async.py
[2024-02-28T18:49:37.071+0000] {logging_mixin.py:150} INFO - [2024-02-28T18:49:37.071+0000] {dag.py:2742} INFO - Sync 1 DAGs
[2024-02-28T18:49:37.099+0000] {logging_mixin.py:150} INFO - [2024-02-28T18:49:37.099+0000] {dag.py:3508} INFO - Setting next_dagrun for example_time_delta_sensor_async to None, run_after=None
[2024-02-28T18:49:37.127+0000] {processor.py:179} INFO - Processing /home/airflow/.local/lib/python3.7/site-packages/airflow/example_dags/example_time_delta_sensor_async.py took 0.119 seconds
[2024-02-28T18:50:07.679+0000] {processor.py:157} INFO - Started process (PID=2151) to work on /home/airflow/.local/lib/python3.7/site-packages/airflow/example_dags/example_time_delta_sensor_async.py
[2024-02-28T18:50:07.683+0000] {processor.py:826} INFO - Processing file /home/airflow/.local/lib/python3.7/site-packages/airflow/example_dags/example_time_delta_sensor_async.py for tasks to queue
[2024-02-28T18:50:07.686+0000] {logging_mixin.py:150} INFO - [2024-02-28T18:50:07.685+0000] {dagbag.py:541} INFO - Filling up the DagBag from /home/airflow/.local/lib/python3.7/site-packages/airflow/example_dags/example_time_delta_sensor_async.py
[2024-02-28T18:50:07.695+0000] {processor.py:836} INFO - DAG(s) dict_keys(['example_time_delta_sensor_async']) retrieved from /home/airflow/.local/lib/python3.7/site-packages/airflow/example_dags/example_time_delta_sensor_async.py
[2024-02-28T18:50:07.742+0000] {logging_mixin.py:150} INFO - [2024-02-28T18:50:07.742+0000] {dag.py:2742} INFO - Sync 1 DAGs
[2024-02-28T18:50:07.781+0000] {logging_mixin.py:150} INFO - [2024-02-28T18:50:07.781+0000] {dag.py:3508} INFO - Setting next_dagrun for example_time_delta_sensor_async to None, run_after=None
[2024-02-28T18:50:07.826+0000] {processor.py:179} INFO - Processing /home/airflow/.local/lib/python3.7/site-packages/airflow/example_dags/example_time_delta_sensor_async.py took 0.151 seconds
[2024-02-28T18:50:37.982+0000] {processor.py:157} INFO - Started process (PID=2217) to work on /home/airflow/.local/lib/python3.7/site-packages/airflow/example_dags/example_time_delta_sensor_async.py
[2024-02-28T18:50:37.985+0000] {processor.py:826} INFO - Processing file /home/airflow/.local/lib/python3.7/site-packages/airflow/example_dags/example_time_delta_sensor_async.py for tasks to queue
[2024-02-28T18:50:37.989+0000] {logging_mixin.py:150} INFO - [2024-02-28T18:50:37.988+0000] {dagbag.py:541} INFO - Filling up the DagBag from /home/airflow/.local/lib/python3.7/site-packages/airflow/example_dags/example_time_delta_sensor_async.py
[2024-02-28T18:50:37.998+0000] {processor.py:836} INFO - DAG(s) dict_keys(['example_time_delta_sensor_async']) retrieved from /home/airflow/.local/lib/python3.7/site-packages/airflow/example_dags/example_time_delta_sensor_async.py
[2024-02-28T18:50:38.031+0000] {logging_mixin.py:150} INFO - [2024-02-28T18:50:38.031+0000] {dag.py:2742} INFO - Sync 1 DAGs
[2024-02-28T18:50:38.061+0000] {logging_mixin.py:150} INFO - [2024-02-28T18:50:38.061+0000] {dag.py:3508} INFO - Setting next_dagrun for example_time_delta_sensor_async to None, run_after=None
[2024-02-28T18:50:38.082+0000] {processor.py:179} INFO - Processing /home/airflow/.local/lib/python3.7/site-packages/airflow/example_dags/example_time_delta_sensor_async.py took 0.106 seconds
[2024-02-28T18:51:08.462+0000] {processor.py:157} INFO - Started process (PID=2280) to work on /home/airflow/.local/lib/python3.7/site-packages/airflow/example_dags/example_time_delta_sensor_async.py
[2024-02-28T18:51:08.470+0000] {processor.py:826} INFO - Processing file /home/airflow/.local/lib/python3.7/site-packages/airflow/example_dags/example_time_delta_sensor_async.py for tasks to queue
[2024-02-28T18:51:08.478+0000] {logging_mixin.py:150} INFO - [2024-02-28T18:51:08.477+0000] {dagbag.py:541} INFO - Filling up the DagBag from /home/airflow/.local/lib/python3.7/site-packages/airflow/example_dags/example_time_delta_sensor_async.py
[2024-02-28T18:51:08.523+0000] {processor.py:836} INFO - DAG(s) dict_keys(['example_time_delta_sensor_async']) retrieved from /home/airflow/.local/lib/python3.7/site-packages/airflow/example_dags/example_time_delta_sensor_async.py
[2024-02-28T18:51:08.623+0000] {logging_mixin.py:150} INFO - [2024-02-28T18:51:08.622+0000] {dag.py:2742} INFO - Sync 1 DAGs
[2024-02-28T18:51:08.682+0000] {logging_mixin.py:150} INFO - [2024-02-28T18:51:08.681+0000] {dag.py:3508} INFO - Setting next_dagrun for example_time_delta_sensor_async to None, run_after=None
[2024-02-28T18:51:08.758+0000] {processor.py:179} INFO - Processing /home/airflow/.local/lib/python3.7/site-packages/airflow/example_dags/example_time_delta_sensor_async.py took 0.319 seconds
[2024-02-28T18:51:39.389+0000] {processor.py:157} INFO - Started process (PID=2347) to work on /home/airflow/.local/lib/python3.7/site-packages/airflow/example_dags/example_time_delta_sensor_async.py
[2024-02-28T18:51:39.397+0000] {processor.py:826} INFO - Processing file /home/airflow/.local/lib/python3.7/site-packages/airflow/example_dags/example_time_delta_sensor_async.py for tasks to queue
[2024-02-28T18:51:39.401+0000] {logging_mixin.py:150} INFO - [2024-02-28T18:51:39.401+0000] {dagbag.py:541} INFO - Filling up the DagBag from /home/airflow/.local/lib/python3.7/site-packages/airflow/example_dags/example_time_delta_sensor_async.py
[2024-02-28T18:51:39.410+0000] {processor.py:836} INFO - DAG(s) dict_keys(['example_time_delta_sensor_async']) retrieved from /home/airflow/.local/lib/python3.7/site-packages/airflow/example_dags/example_time_delta_sensor_async.py
[2024-02-28T18:51:39.442+0000] {logging_mixin.py:150} INFO - [2024-02-28T18:51:39.442+0000] {dag.py:2742} INFO - Sync 1 DAGs
[2024-02-28T18:51:39.464+0000] {logging_mixin.py:150} INFO - [2024-02-28T18:51:39.464+0000] {dag.py:3508} INFO - Setting next_dagrun for example_time_delta_sensor_async to None, run_after=None
[2024-02-28T18:51:39.478+0000] {processor.py:179} INFO - Processing /home/airflow/.local/lib/python3.7/site-packages/airflow/example_dags/example_time_delta_sensor_async.py took 0.097 seconds
[2024-02-28T18:52:09.765+0000] {processor.py:157} INFO - Started process (PID=2414) to work on /home/airflow/.local/lib/python3.7/site-packages/airflow/example_dags/example_time_delta_sensor_async.py
[2024-02-28T18:52:09.768+0000] {processor.py:826} INFO - Processing file /home/airflow/.local/lib/python3.7/site-packages/airflow/example_dags/example_time_delta_sensor_async.py for tasks to queue
[2024-02-28T18:52:09.770+0000] {logging_mixin.py:150} INFO - [2024-02-28T18:52:09.769+0000] {dagbag.py:541} INFO - Filling up the DagBag from /home/airflow/.local/lib/python3.7/site-packages/airflow/example_dags/example_time_delta_sensor_async.py
[2024-02-28T18:52:09.777+0000] {processor.py:836} INFO - DAG(s) dict_keys(['example_time_delta_sensor_async']) retrieved from /home/airflow/.local/lib/python3.7/site-packages/airflow/example_dags/example_time_delta_sensor_async.py
[2024-02-28T18:52:09.830+0000] {logging_mixin.py:150} INFO - [2024-02-28T18:52:09.829+0000] {dag.py:2742} INFO - Sync 1 DAGs
[2024-02-28T18:52:09.862+0000] {logging_mixin.py:150} INFO - [2024-02-28T18:52:09.862+0000] {dag.py:3508} INFO - Setting next_dagrun for example_time_delta_sensor_async to None, run_after=None
[2024-02-28T18:52:09.883+0000] {processor.py:179} INFO - Processing /home/airflow/.local/lib/python3.7/site-packages/airflow/example_dags/example_time_delta_sensor_async.py took 0.123 seconds
[2024-02-28T18:52:40.038+0000] {processor.py:157} INFO - Started process (PID=2481) to work on /home/airflow/.local/lib/python3.7/site-packages/airflow/example_dags/example_time_delta_sensor_async.py
[2024-02-28T18:52:40.041+0000] {processor.py:826} INFO - Processing file /home/airflow/.local/lib/python3.7/site-packages/airflow/example_dags/example_time_delta_sensor_async.py for tasks to queue
[2024-02-28T18:52:40.043+0000] {logging_mixin.py:150} INFO - [2024-02-28T18:52:40.043+0000] {dagbag.py:541} INFO - Filling up the DagBag from /home/airflow/.local/lib/python3.7/site-packages/airflow/example_dags/example_time_delta_sensor_async.py
[2024-02-28T18:52:40.051+0000] {processor.py:836} INFO - DAG(s) dict_keys(['example_time_delta_sensor_async']) retrieved from /home/airflow/.local/lib/python3.7/site-packages/airflow/example_dags/example_time_delta_sensor_async.py
[2024-02-28T18:52:40.087+0000] {logging_mixin.py:150} INFO - [2024-02-28T18:52:40.087+0000] {dag.py:2742} INFO - Sync 1 DAGs
[2024-02-28T18:52:40.119+0000] {logging_mixin.py:150} INFO - [2024-02-28T18:52:40.119+0000] {dag.py:3508} INFO - Setting next_dagrun for example_time_delta_sensor_async to None, run_after=None
[2024-02-28T18:52:40.142+0000] {processor.py:179} INFO - Processing /home/airflow/.local/lib/python3.7/site-packages/airflow/example_dags/example_time_delta_sensor_async.py took 0.110 seconds
