[2024-02-28T18:33:14.997+0000] {processor.py:157} INFO - Started process (PID=76) to work on /home/airflow/.local/lib/python3.7/site-packages/airflow/example_dags/example_python_operator.py
[2024-02-28T18:33:15.002+0000] {processor.py:826} INFO - Processing file /home/airflow/.local/lib/python3.7/site-packages/airflow/example_dags/example_python_operator.py for tasks to queue
[2024-02-28T18:33:15.007+0000] {logging_mixin.py:150} INFO - [2024-02-28T18:33:15.006+0000] {dagbag.py:541} INFO - Filling up the DagBag from /home/airflow/.local/lib/python3.7/site-packages/airflow/example_dags/example_python_operator.py
[2024-02-28T18:33:15.032+0000] {processor.py:836} INFO - DAG(s) dict_keys(['example_python_operator']) retrieved from /home/airflow/.local/lib/python3.7/site-packages/airflow/example_dags/example_python_operator.py
[2024-02-28T18:33:15.064+0000] {logging_mixin.py:150} INFO - [2024-02-28T18:33:15.064+0000] {dag.py:2742} INFO - Sync 1 DAGs
[2024-02-28T18:33:15.096+0000] {logging_mixin.py:150} INFO - [2024-02-28T18:33:15.096+0000] {dag.py:3508} INFO - Setting next_dagrun for example_python_operator to None, run_after=None
[2024-02-28T18:33:15.143+0000] {processor.py:179} INFO - Processing /home/airflow/.local/lib/python3.7/site-packages/airflow/example_dags/example_python_operator.py took 0.168 seconds
[2024-02-28T18:33:45.427+0000] {processor.py:157} INFO - Started process (PID=139) to work on /home/airflow/.local/lib/python3.7/site-packages/airflow/example_dags/example_python_operator.py
[2024-02-28T18:33:45.429+0000] {processor.py:826} INFO - Processing file /home/airflow/.local/lib/python3.7/site-packages/airflow/example_dags/example_python_operator.py for tasks to queue
[2024-02-28T18:33:45.432+0000] {logging_mixin.py:150} INFO - [2024-02-28T18:33:45.432+0000] {dagbag.py:541} INFO - Filling up the DagBag from /home/airflow/.local/lib/python3.7/site-packages/airflow/example_dags/example_python_operator.py
[2024-02-28T18:33:45.444+0000] {processor.py:836} INFO - DAG(s) dict_keys(['example_python_operator']) retrieved from /home/airflow/.local/lib/python3.7/site-packages/airflow/example_dags/example_python_operator.py
[2024-02-28T18:33:45.548+0000] {logging_mixin.py:150} INFO - [2024-02-28T18:33:45.548+0000] {dag.py:2742} INFO - Sync 1 DAGs
[2024-02-28T18:33:45.564+0000] {logging_mixin.py:150} INFO - [2024-02-28T18:33:45.564+0000] {dag.py:3508} INFO - Setting next_dagrun for example_python_operator to None, run_after=None
[2024-02-28T18:33:45.580+0000] {processor.py:179} INFO - Processing /home/airflow/.local/lib/python3.7/site-packages/airflow/example_dags/example_python_operator.py took 0.157 seconds
[2024-02-28T18:34:15.780+0000] {processor.py:157} INFO - Started process (PID=202) to work on /home/airflow/.local/lib/python3.7/site-packages/airflow/example_dags/example_python_operator.py
[2024-02-28T18:34:15.782+0000] {processor.py:826} INFO - Processing file /home/airflow/.local/lib/python3.7/site-packages/airflow/example_dags/example_python_operator.py for tasks to queue
[2024-02-28T18:34:15.785+0000] {logging_mixin.py:150} INFO - [2024-02-28T18:34:15.785+0000] {dagbag.py:541} INFO - Filling up the DagBag from /home/airflow/.local/lib/python3.7/site-packages/airflow/example_dags/example_python_operator.py
[2024-02-28T18:34:15.795+0000] {processor.py:836} INFO - DAG(s) dict_keys(['example_python_operator']) retrieved from /home/airflow/.local/lib/python3.7/site-packages/airflow/example_dags/example_python_operator.py
[2024-02-28T18:34:15.818+0000] {logging_mixin.py:150} INFO - [2024-02-28T18:34:15.818+0000] {dag.py:2742} INFO - Sync 1 DAGs
[2024-02-28T18:34:15.838+0000] {logging_mixin.py:150} INFO - [2024-02-28T18:34:15.838+0000] {dag.py:3508} INFO - Setting next_dagrun for example_python_operator to None, run_after=None
[2024-02-28T18:34:15.857+0000] {processor.py:179} INFO - Processing /home/airflow/.local/lib/python3.7/site-packages/airflow/example_dags/example_python_operator.py took 0.081 seconds
[2024-02-28T18:34:46.379+0000] {processor.py:157} INFO - Started process (PID=265) to work on /home/airflow/.local/lib/python3.7/site-packages/airflow/example_dags/example_python_operator.py
[2024-02-28T18:34:46.385+0000] {processor.py:826} INFO - Processing file /home/airflow/.local/lib/python3.7/site-packages/airflow/example_dags/example_python_operator.py for tasks to queue
[2024-02-28T18:34:46.388+0000] {logging_mixin.py:150} INFO - [2024-02-28T18:34:46.387+0000] {dagbag.py:541} INFO - Filling up the DagBag from /home/airflow/.local/lib/python3.7/site-packages/airflow/example_dags/example_python_operator.py
[2024-02-28T18:34:46.408+0000] {processor.py:836} INFO - DAG(s) dict_keys(['example_python_operator']) retrieved from /home/airflow/.local/lib/python3.7/site-packages/airflow/example_dags/example_python_operator.py
[2024-02-28T18:34:46.472+0000] {logging_mixin.py:150} INFO - [2024-02-28T18:34:46.472+0000] {dag.py:2742} INFO - Sync 1 DAGs
[2024-02-28T18:34:46.499+0000] {logging_mixin.py:150} INFO - [2024-02-28T18:34:46.499+0000] {dag.py:3508} INFO - Setting next_dagrun for example_python_operator to None, run_after=None
[2024-02-28T18:34:46.527+0000] {processor.py:179} INFO - Processing /home/airflow/.local/lib/python3.7/site-packages/airflow/example_dags/example_python_operator.py took 0.153 seconds
[2024-02-28T18:35:16.880+0000] {processor.py:157} INFO - Started process (PID=329) to work on /home/airflow/.local/lib/python3.7/site-packages/airflow/example_dags/example_python_operator.py
[2024-02-28T18:35:16.883+0000] {processor.py:826} INFO - Processing file /home/airflow/.local/lib/python3.7/site-packages/airflow/example_dags/example_python_operator.py for tasks to queue
[2024-02-28T18:35:16.887+0000] {logging_mixin.py:150} INFO - [2024-02-28T18:35:16.886+0000] {dagbag.py:541} INFO - Filling up the DagBag from /home/airflow/.local/lib/python3.7/site-packages/airflow/example_dags/example_python_operator.py
[2024-02-28T18:35:16.905+0000] {processor.py:836} INFO - DAG(s) dict_keys(['example_python_operator']) retrieved from /home/airflow/.local/lib/python3.7/site-packages/airflow/example_dags/example_python_operator.py
[2024-02-28T18:35:16.943+0000] {logging_mixin.py:150} INFO - [2024-02-28T18:35:16.943+0000] {dag.py:2742} INFO - Sync 1 DAGs
[2024-02-28T18:35:16.973+0000] {logging_mixin.py:150} INFO - [2024-02-28T18:35:16.972+0000] {dag.py:3508} INFO - Setting next_dagrun for example_python_operator to None, run_after=None
[2024-02-28T18:35:16.994+0000] {processor.py:179} INFO - Processing /home/airflow/.local/lib/python3.7/site-packages/airflow/example_dags/example_python_operator.py took 0.118 seconds
[2024-02-28T18:35:47.763+0000] {processor.py:157} INFO - Started process (PID=392) to work on /home/airflow/.local/lib/python3.7/site-packages/airflow/example_dags/example_python_operator.py
[2024-02-28T18:35:47.765+0000] {processor.py:826} INFO - Processing file /home/airflow/.local/lib/python3.7/site-packages/airflow/example_dags/example_python_operator.py for tasks to queue
[2024-02-28T18:35:47.767+0000] {logging_mixin.py:150} INFO - [2024-02-28T18:35:47.766+0000] {dagbag.py:541} INFO - Filling up the DagBag from /home/airflow/.local/lib/python3.7/site-packages/airflow/example_dags/example_python_operator.py
[2024-02-28T18:35:47.779+0000] {processor.py:836} INFO - DAG(s) dict_keys(['example_python_operator']) retrieved from /home/airflow/.local/lib/python3.7/site-packages/airflow/example_dags/example_python_operator.py
[2024-02-28T18:35:47.813+0000] {logging_mixin.py:150} INFO - [2024-02-28T18:35:47.813+0000] {dag.py:2742} INFO - Sync 1 DAGs
[2024-02-28T18:35:47.839+0000] {logging_mixin.py:150} INFO - [2024-02-28T18:35:47.838+0000] {dag.py:3508} INFO - Setting next_dagrun for example_python_operator to None, run_after=None
[2024-02-28T18:35:47.861+0000] {processor.py:179} INFO - Processing /home/airflow/.local/lib/python3.7/site-packages/airflow/example_dags/example_python_operator.py took 0.101 seconds
[2024-02-28T18:36:20.030+0000] {processor.py:157} INFO - Started process (PID=456) to work on /home/airflow/.local/lib/python3.7/site-packages/airflow/example_dags/example_python_operator.py
[2024-02-28T18:36:20.032+0000] {processor.py:826} INFO - Processing file /home/airflow/.local/lib/python3.7/site-packages/airflow/example_dags/example_python_operator.py for tasks to queue
[2024-02-28T18:36:20.036+0000] {logging_mixin.py:150} INFO - [2024-02-28T18:36:20.035+0000] {dagbag.py:541} INFO - Filling up the DagBag from /home/airflow/.local/lib/python3.7/site-packages/airflow/example_dags/example_python_operator.py
[2024-02-28T18:36:20.046+0000] {processor.py:836} INFO - DAG(s) dict_keys(['example_python_operator']) retrieved from /home/airflow/.local/lib/python3.7/site-packages/airflow/example_dags/example_python_operator.py
[2024-02-28T18:36:20.084+0000] {logging_mixin.py:150} INFO - [2024-02-28T18:36:20.083+0000] {dag.py:2742} INFO - Sync 1 DAGs
[2024-02-28T18:36:20.113+0000] {logging_mixin.py:150} INFO - [2024-02-28T18:36:20.113+0000] {dag.py:3508} INFO - Setting next_dagrun for example_python_operator to None, run_after=None
[2024-02-28T18:36:20.137+0000] {processor.py:179} INFO - Processing /home/airflow/.local/lib/python3.7/site-packages/airflow/example_dags/example_python_operator.py took 0.113 seconds
[2024-02-28T18:36:50.814+0000] {processor.py:157} INFO - Started process (PID=519) to work on /home/airflow/.local/lib/python3.7/site-packages/airflow/example_dags/example_python_operator.py
[2024-02-28T18:36:50.817+0000] {processor.py:826} INFO - Processing file /home/airflow/.local/lib/python3.7/site-packages/airflow/example_dags/example_python_operator.py for tasks to queue
[2024-02-28T18:36:50.821+0000] {logging_mixin.py:150} INFO - [2024-02-28T18:36:50.821+0000] {dagbag.py:541} INFO - Filling up the DagBag from /home/airflow/.local/lib/python3.7/site-packages/airflow/example_dags/example_python_operator.py
[2024-02-28T18:36:50.832+0000] {processor.py:836} INFO - DAG(s) dict_keys(['example_python_operator']) retrieved from /home/airflow/.local/lib/python3.7/site-packages/airflow/example_dags/example_python_operator.py
[2024-02-28T18:36:50.868+0000] {logging_mixin.py:150} INFO - [2024-02-28T18:36:50.867+0000] {dag.py:2742} INFO - Sync 1 DAGs
[2024-02-28T18:36:50.909+0000] {logging_mixin.py:150} INFO - [2024-02-28T18:36:50.909+0000] {dag.py:3508} INFO - Setting next_dagrun for example_python_operator to None, run_after=None
[2024-02-28T18:36:50.929+0000] {processor.py:179} INFO - Processing /home/airflow/.local/lib/python3.7/site-packages/airflow/example_dags/example_python_operator.py took 0.118 seconds
[2024-02-28T18:37:21.842+0000] {processor.py:157} INFO - Started process (PID=582) to work on /home/airflow/.local/lib/python3.7/site-packages/airflow/example_dags/example_python_operator.py
[2024-02-28T18:37:21.844+0000] {processor.py:826} INFO - Processing file /home/airflow/.local/lib/python3.7/site-packages/airflow/example_dags/example_python_operator.py for tasks to queue
[2024-02-28T18:37:21.846+0000] {logging_mixin.py:150} INFO - [2024-02-28T18:37:21.846+0000] {dagbag.py:541} INFO - Filling up the DagBag from /home/airflow/.local/lib/python3.7/site-packages/airflow/example_dags/example_python_operator.py
[2024-02-28T18:37:21.860+0000] {processor.py:836} INFO - DAG(s) dict_keys(['example_python_operator']) retrieved from /home/airflow/.local/lib/python3.7/site-packages/airflow/example_dags/example_python_operator.py
[2024-02-28T18:37:21.901+0000] {logging_mixin.py:150} INFO - [2024-02-28T18:37:21.900+0000] {dag.py:2742} INFO - Sync 1 DAGs
[2024-02-28T18:37:21.931+0000] {logging_mixin.py:150} INFO - [2024-02-28T18:37:21.931+0000] {dag.py:3508} INFO - Setting next_dagrun for example_python_operator to None, run_after=None
[2024-02-28T18:37:21.958+0000] {processor.py:179} INFO - Processing /home/airflow/.local/lib/python3.7/site-packages/airflow/example_dags/example_python_operator.py took 0.121 seconds
[2024-02-28T18:37:52.711+0000] {processor.py:157} INFO - Started process (PID=645) to work on /home/airflow/.local/lib/python3.7/site-packages/airflow/example_dags/example_python_operator.py
[2024-02-28T18:37:52.713+0000] {processor.py:826} INFO - Processing file /home/airflow/.local/lib/python3.7/site-packages/airflow/example_dags/example_python_operator.py for tasks to queue
[2024-02-28T18:37:52.716+0000] {logging_mixin.py:150} INFO - [2024-02-28T18:37:52.716+0000] {dagbag.py:541} INFO - Filling up the DagBag from /home/airflow/.local/lib/python3.7/site-packages/airflow/example_dags/example_python_operator.py
[2024-02-28T18:37:52.726+0000] {processor.py:836} INFO - DAG(s) dict_keys(['example_python_operator']) retrieved from /home/airflow/.local/lib/python3.7/site-packages/airflow/example_dags/example_python_operator.py
[2024-02-28T18:37:52.753+0000] {logging_mixin.py:150} INFO - [2024-02-28T18:37:52.753+0000] {dag.py:2742} INFO - Sync 1 DAGs
[2024-02-28T18:37:52.776+0000] {logging_mixin.py:150} INFO - [2024-02-28T18:37:52.776+0000] {dag.py:3508} INFO - Setting next_dagrun for example_python_operator to None, run_after=None
[2024-02-28T18:37:52.795+0000] {processor.py:179} INFO - Processing /home/airflow/.local/lib/python3.7/site-packages/airflow/example_dags/example_python_operator.py took 0.087 seconds
[2024-02-28T18:38:23.358+0000] {processor.py:157} INFO - Started process (PID=707) to work on /home/airflow/.local/lib/python3.7/site-packages/airflow/example_dags/example_python_operator.py
[2024-02-28T18:38:23.360+0000] {processor.py:826} INFO - Processing file /home/airflow/.local/lib/python3.7/site-packages/airflow/example_dags/example_python_operator.py for tasks to queue
[2024-02-28T18:38:23.362+0000] {logging_mixin.py:150} INFO - [2024-02-28T18:38:23.362+0000] {dagbag.py:541} INFO - Filling up the DagBag from /home/airflow/.local/lib/python3.7/site-packages/airflow/example_dags/example_python_operator.py
[2024-02-28T18:38:23.376+0000] {processor.py:836} INFO - DAG(s) dict_keys(['example_python_operator']) retrieved from /home/airflow/.local/lib/python3.7/site-packages/airflow/example_dags/example_python_operator.py
[2024-02-28T18:38:23.411+0000] {logging_mixin.py:150} INFO - [2024-02-28T18:38:23.410+0000] {dag.py:2742} INFO - Sync 1 DAGs
[2024-02-28T18:38:23.446+0000] {logging_mixin.py:150} INFO - [2024-02-28T18:38:23.445+0000] {dag.py:3508} INFO - Setting next_dagrun for example_python_operator to None, run_after=None
[2024-02-28T18:38:23.468+0000] {processor.py:179} INFO - Processing /home/airflow/.local/lib/python3.7/site-packages/airflow/example_dags/example_python_operator.py took 0.114 seconds
[2024-02-28T18:38:54.304+0000] {processor.py:157} INFO - Started process (PID=769) to work on /home/airflow/.local/lib/python3.7/site-packages/airflow/example_dags/example_python_operator.py
[2024-02-28T18:38:54.306+0000] {processor.py:826} INFO - Processing file /home/airflow/.local/lib/python3.7/site-packages/airflow/example_dags/example_python_operator.py for tasks to queue
[2024-02-28T18:38:54.309+0000] {logging_mixin.py:150} INFO - [2024-02-28T18:38:54.309+0000] {dagbag.py:541} INFO - Filling up the DagBag from /home/airflow/.local/lib/python3.7/site-packages/airflow/example_dags/example_python_operator.py
[2024-02-28T18:38:54.320+0000] {processor.py:836} INFO - DAG(s) dict_keys(['example_python_operator']) retrieved from /home/airflow/.local/lib/python3.7/site-packages/airflow/example_dags/example_python_operator.py
[2024-02-28T18:38:54.357+0000] {logging_mixin.py:150} INFO - [2024-02-28T18:38:54.356+0000] {dag.py:2742} INFO - Sync 1 DAGs
[2024-02-28T18:38:54.388+0000] {logging_mixin.py:150} INFO - [2024-02-28T18:38:54.387+0000] {dag.py:3508} INFO - Setting next_dagrun for example_python_operator to None, run_after=None
[2024-02-28T18:38:54.408+0000] {processor.py:179} INFO - Processing /home/airflow/.local/lib/python3.7/site-packages/airflow/example_dags/example_python_operator.py took 0.108 seconds
[2024-02-28T18:39:25.230+0000] {processor.py:157} INFO - Started process (PID=832) to work on /home/airflow/.local/lib/python3.7/site-packages/airflow/example_dags/example_python_operator.py
[2024-02-28T18:39:25.233+0000] {processor.py:826} INFO - Processing file /home/airflow/.local/lib/python3.7/site-packages/airflow/example_dags/example_python_operator.py for tasks to queue
[2024-02-28T18:39:25.234+0000] {logging_mixin.py:150} INFO - [2024-02-28T18:39:25.234+0000] {dagbag.py:541} INFO - Filling up the DagBag from /home/airflow/.local/lib/python3.7/site-packages/airflow/example_dags/example_python_operator.py
[2024-02-28T18:39:25.248+0000] {processor.py:836} INFO - DAG(s) dict_keys(['example_python_operator']) retrieved from /home/airflow/.local/lib/python3.7/site-packages/airflow/example_dags/example_python_operator.py
[2024-02-28T18:39:25.278+0000] {logging_mixin.py:150} INFO - [2024-02-28T18:39:25.278+0000] {dag.py:2742} INFO - Sync 1 DAGs
[2024-02-28T18:39:25.303+0000] {logging_mixin.py:150} INFO - [2024-02-28T18:39:25.303+0000] {dag.py:3508} INFO - Setting next_dagrun for example_python_operator to None, run_after=None
[2024-02-28T18:39:25.325+0000] {processor.py:179} INFO - Processing /home/airflow/.local/lib/python3.7/site-packages/airflow/example_dags/example_python_operator.py took 0.098 seconds
[2024-02-28T18:39:55.470+0000] {processor.py:157} INFO - Started process (PID=896) to work on /home/airflow/.local/lib/python3.7/site-packages/airflow/example_dags/example_python_operator.py
[2024-02-28T18:39:55.472+0000] {processor.py:826} INFO - Processing file /home/airflow/.local/lib/python3.7/site-packages/airflow/example_dags/example_python_operator.py for tasks to queue
[2024-02-28T18:39:55.473+0000] {logging_mixin.py:150} INFO - [2024-02-28T18:39:55.473+0000] {dagbag.py:541} INFO - Filling up the DagBag from /home/airflow/.local/lib/python3.7/site-packages/airflow/example_dags/example_python_operator.py
[2024-02-28T18:39:55.482+0000] {processor.py:836} INFO - DAG(s) dict_keys(['example_python_operator']) retrieved from /home/airflow/.local/lib/python3.7/site-packages/airflow/example_dags/example_python_operator.py
[2024-02-28T18:39:55.512+0000] {logging_mixin.py:150} INFO - [2024-02-28T18:39:55.512+0000] {dag.py:2742} INFO - Sync 1 DAGs
[2024-02-28T18:39:55.536+0000] {logging_mixin.py:150} INFO - [2024-02-28T18:39:55.536+0000] {dag.py:3508} INFO - Setting next_dagrun for example_python_operator to None, run_after=None
[2024-02-28T18:39:55.552+0000] {processor.py:179} INFO - Processing /home/airflow/.local/lib/python3.7/site-packages/airflow/example_dags/example_python_operator.py took 0.086 seconds
[2024-02-28T18:40:26.038+0000] {processor.py:157} INFO - Started process (PID=959) to work on /home/airflow/.local/lib/python3.7/site-packages/airflow/example_dags/example_python_operator.py
[2024-02-28T18:40:26.041+0000] {processor.py:826} INFO - Processing file /home/airflow/.local/lib/python3.7/site-packages/airflow/example_dags/example_python_operator.py for tasks to queue
[2024-02-28T18:40:26.044+0000] {logging_mixin.py:150} INFO - [2024-02-28T18:40:26.043+0000] {dagbag.py:541} INFO - Filling up the DagBag from /home/airflow/.local/lib/python3.7/site-packages/airflow/example_dags/example_python_operator.py
[2024-02-28T18:40:26.061+0000] {processor.py:836} INFO - DAG(s) dict_keys(['example_python_operator']) retrieved from /home/airflow/.local/lib/python3.7/site-packages/airflow/example_dags/example_python_operator.py
[2024-02-28T18:40:26.096+0000] {logging_mixin.py:150} INFO - [2024-02-28T18:40:26.096+0000] {dag.py:2742} INFO - Sync 1 DAGs
[2024-02-28T18:40:26.125+0000] {logging_mixin.py:150} INFO - [2024-02-28T18:40:26.125+0000] {dag.py:3508} INFO - Setting next_dagrun for example_python_operator to None, run_after=None
[2024-02-28T18:40:26.151+0000] {processor.py:179} INFO - Processing /home/airflow/.local/lib/python3.7/site-packages/airflow/example_dags/example_python_operator.py took 0.118 seconds
[2024-02-28T18:40:56.522+0000] {processor.py:157} INFO - Started process (PID=1022) to work on /home/airflow/.local/lib/python3.7/site-packages/airflow/example_dags/example_python_operator.py
[2024-02-28T18:40:56.524+0000] {processor.py:826} INFO - Processing file /home/airflow/.local/lib/python3.7/site-packages/airflow/example_dags/example_python_operator.py for tasks to queue
[2024-02-28T18:40:56.527+0000] {logging_mixin.py:150} INFO - [2024-02-28T18:40:56.527+0000] {dagbag.py:541} INFO - Filling up the DagBag from /home/airflow/.local/lib/python3.7/site-packages/airflow/example_dags/example_python_operator.py
[2024-02-28T18:40:56.544+0000] {processor.py:836} INFO - DAG(s) dict_keys(['example_python_operator']) retrieved from /home/airflow/.local/lib/python3.7/site-packages/airflow/example_dags/example_python_operator.py
[2024-02-28T18:40:56.608+0000] {logging_mixin.py:150} INFO - [2024-02-28T18:40:56.608+0000] {dag.py:2742} INFO - Sync 1 DAGs
[2024-02-28T18:40:56.640+0000] {logging_mixin.py:150} INFO - [2024-02-28T18:40:56.640+0000] {dag.py:3508} INFO - Setting next_dagrun for example_python_operator to None, run_after=None
[2024-02-28T18:40:56.666+0000] {processor.py:179} INFO - Processing /home/airflow/.local/lib/python3.7/site-packages/airflow/example_dags/example_python_operator.py took 0.149 seconds
[2024-02-28T18:41:27.061+0000] {processor.py:157} INFO - Started process (PID=1084) to work on /home/airflow/.local/lib/python3.7/site-packages/airflow/example_dags/example_python_operator.py
[2024-02-28T18:41:27.064+0000] {processor.py:826} INFO - Processing file /home/airflow/.local/lib/python3.7/site-packages/airflow/example_dags/example_python_operator.py for tasks to queue
[2024-02-28T18:41:27.066+0000] {logging_mixin.py:150} INFO - [2024-02-28T18:41:27.066+0000] {dagbag.py:541} INFO - Filling up the DagBag from /home/airflow/.local/lib/python3.7/site-packages/airflow/example_dags/example_python_operator.py
[2024-02-28T18:41:27.079+0000] {processor.py:836} INFO - DAG(s) dict_keys(['example_python_operator']) retrieved from /home/airflow/.local/lib/python3.7/site-packages/airflow/example_dags/example_python_operator.py
[2024-02-28T18:41:27.108+0000] {logging_mixin.py:150} INFO - [2024-02-28T18:41:27.108+0000] {dag.py:2742} INFO - Sync 1 DAGs
[2024-02-28T18:41:27.134+0000] {logging_mixin.py:150} INFO - [2024-02-28T18:41:27.133+0000] {dag.py:3508} INFO - Setting next_dagrun for example_python_operator to None, run_after=None
[2024-02-28T18:41:27.154+0000] {processor.py:179} INFO - Processing /home/airflow/.local/lib/python3.7/site-packages/airflow/example_dags/example_python_operator.py took 0.096 seconds
[2024-02-28T18:41:58.022+0000] {processor.py:157} INFO - Started process (PID=1148) to work on /home/airflow/.local/lib/python3.7/site-packages/airflow/example_dags/example_python_operator.py
[2024-02-28T18:41:58.026+0000] {processor.py:826} INFO - Processing file /home/airflow/.local/lib/python3.7/site-packages/airflow/example_dags/example_python_operator.py for tasks to queue
[2024-02-28T18:41:58.031+0000] {logging_mixin.py:150} INFO - [2024-02-28T18:41:58.030+0000] {dagbag.py:541} INFO - Filling up the DagBag from /home/airflow/.local/lib/python3.7/site-packages/airflow/example_dags/example_python_operator.py
[2024-02-28T18:41:58.048+0000] {processor.py:836} INFO - DAG(s) dict_keys(['example_python_operator']) retrieved from /home/airflow/.local/lib/python3.7/site-packages/airflow/example_dags/example_python_operator.py
[2024-02-28T18:41:58.106+0000] {logging_mixin.py:150} INFO - [2024-02-28T18:41:58.105+0000] {dag.py:2742} INFO - Sync 1 DAGs
[2024-02-28T18:41:58.145+0000] {logging_mixin.py:150} INFO - [2024-02-28T18:41:58.145+0000] {dag.py:3508} INFO - Setting next_dagrun for example_python_operator to None, run_after=None
[2024-02-28T18:41:58.188+0000] {processor.py:179} INFO - Processing /home/airflow/.local/lib/python3.7/site-packages/airflow/example_dags/example_python_operator.py took 0.170 seconds
[2024-02-28T18:42:28.445+0000] {processor.py:157} INFO - Started process (PID=1211) to work on /home/airflow/.local/lib/python3.7/site-packages/airflow/example_dags/example_python_operator.py
[2024-02-28T18:42:28.448+0000] {processor.py:826} INFO - Processing file /home/airflow/.local/lib/python3.7/site-packages/airflow/example_dags/example_python_operator.py for tasks to queue
[2024-02-28T18:42:28.450+0000] {logging_mixin.py:150} INFO - [2024-02-28T18:42:28.450+0000] {dagbag.py:541} INFO - Filling up the DagBag from /home/airflow/.local/lib/python3.7/site-packages/airflow/example_dags/example_python_operator.py
[2024-02-28T18:42:28.463+0000] {processor.py:836} INFO - DAG(s) dict_keys(['example_python_operator']) retrieved from /home/airflow/.local/lib/python3.7/site-packages/airflow/example_dags/example_python_operator.py
[2024-02-28T18:42:28.500+0000] {logging_mixin.py:150} INFO - [2024-02-28T18:42:28.500+0000] {dag.py:2742} INFO - Sync 1 DAGs
[2024-02-28T18:42:28.528+0000] {logging_mixin.py:150} INFO - [2024-02-28T18:42:28.528+0000] {dag.py:3508} INFO - Setting next_dagrun for example_python_operator to None, run_after=None
[2024-02-28T18:42:28.550+0000] {processor.py:179} INFO - Processing /home/airflow/.local/lib/python3.7/site-packages/airflow/example_dags/example_python_operator.py took 0.109 seconds
[2024-02-28T18:42:59.384+0000] {processor.py:157} INFO - Started process (PID=1274) to work on /home/airflow/.local/lib/python3.7/site-packages/airflow/example_dags/example_python_operator.py
[2024-02-28T18:42:59.387+0000] {processor.py:826} INFO - Processing file /home/airflow/.local/lib/python3.7/site-packages/airflow/example_dags/example_python_operator.py for tasks to queue
[2024-02-28T18:42:59.389+0000] {logging_mixin.py:150} INFO - [2024-02-28T18:42:59.389+0000] {dagbag.py:541} INFO - Filling up the DagBag from /home/airflow/.local/lib/python3.7/site-packages/airflow/example_dags/example_python_operator.py
[2024-02-28T18:42:59.405+0000] {processor.py:836} INFO - DAG(s) dict_keys(['example_python_operator']) retrieved from /home/airflow/.local/lib/python3.7/site-packages/airflow/example_dags/example_python_operator.py
[2024-02-28T18:42:59.443+0000] {logging_mixin.py:150} INFO - [2024-02-28T18:42:59.442+0000] {dag.py:2742} INFO - Sync 1 DAGs
[2024-02-28T18:42:59.470+0000] {logging_mixin.py:150} INFO - [2024-02-28T18:42:59.470+0000] {dag.py:3508} INFO - Setting next_dagrun for example_python_operator to None, run_after=None
[2024-02-28T18:42:59.487+0000] {processor.py:179} INFO - Processing /home/airflow/.local/lib/python3.7/site-packages/airflow/example_dags/example_python_operator.py took 0.110 seconds
[2024-02-28T18:43:29.781+0000] {processor.py:157} INFO - Started process (PID=1337) to work on /home/airflow/.local/lib/python3.7/site-packages/airflow/example_dags/example_python_operator.py
[2024-02-28T18:43:29.785+0000] {processor.py:826} INFO - Processing file /home/airflow/.local/lib/python3.7/site-packages/airflow/example_dags/example_python_operator.py for tasks to queue
[2024-02-28T18:43:29.789+0000] {logging_mixin.py:150} INFO - [2024-02-28T18:43:29.789+0000] {dagbag.py:541} INFO - Filling up the DagBag from /home/airflow/.local/lib/python3.7/site-packages/airflow/example_dags/example_python_operator.py
[2024-02-28T18:43:29.801+0000] {processor.py:836} INFO - DAG(s) dict_keys(['example_python_operator']) retrieved from /home/airflow/.local/lib/python3.7/site-packages/airflow/example_dags/example_python_operator.py
[2024-02-28T18:43:29.833+0000] {logging_mixin.py:150} INFO - [2024-02-28T18:43:29.833+0000] {dag.py:2742} INFO - Sync 1 DAGs
[2024-02-28T18:43:29.858+0000] {logging_mixin.py:150} INFO - [2024-02-28T18:43:29.858+0000] {dag.py:3508} INFO - Setting next_dagrun for example_python_operator to None, run_after=None
[2024-02-28T18:43:29.877+0000] {processor.py:179} INFO - Processing /home/airflow/.local/lib/python3.7/site-packages/airflow/example_dags/example_python_operator.py took 0.100 seconds
[2024-02-28T18:44:00.282+0000] {processor.py:157} INFO - Started process (PID=1400) to work on /home/airflow/.local/lib/python3.7/site-packages/airflow/example_dags/example_python_operator.py
[2024-02-28T18:44:00.286+0000] {processor.py:826} INFO - Processing file /home/airflow/.local/lib/python3.7/site-packages/airflow/example_dags/example_python_operator.py for tasks to queue
[2024-02-28T18:44:00.288+0000] {logging_mixin.py:150} INFO - [2024-02-28T18:44:00.288+0000] {dagbag.py:541} INFO - Filling up the DagBag from /home/airflow/.local/lib/python3.7/site-packages/airflow/example_dags/example_python_operator.py
[2024-02-28T18:44:00.298+0000] {processor.py:836} INFO - DAG(s) dict_keys(['example_python_operator']) retrieved from /home/airflow/.local/lib/python3.7/site-packages/airflow/example_dags/example_python_operator.py
[2024-02-28T18:44:00.331+0000] {logging_mixin.py:150} INFO - [2024-02-28T18:44:00.331+0000] {dag.py:2742} INFO - Sync 1 DAGs
[2024-02-28T18:44:00.359+0000] {logging_mixin.py:150} INFO - [2024-02-28T18:44:00.358+0000] {dag.py:3508} INFO - Setting next_dagrun for example_python_operator to None, run_after=None
[2024-02-28T18:44:00.382+0000] {processor.py:179} INFO - Processing /home/airflow/.local/lib/python3.7/site-packages/airflow/example_dags/example_python_operator.py took 0.103 seconds
[2024-02-28T18:44:31.461+0000] {processor.py:157} INFO - Started process (PID=1463) to work on /home/airflow/.local/lib/python3.7/site-packages/airflow/example_dags/example_python_operator.py
[2024-02-28T18:44:31.464+0000] {processor.py:826} INFO - Processing file /home/airflow/.local/lib/python3.7/site-packages/airflow/example_dags/example_python_operator.py for tasks to queue
[2024-02-28T18:44:31.468+0000] {logging_mixin.py:150} INFO - [2024-02-28T18:44:31.468+0000] {dagbag.py:541} INFO - Filling up the DagBag from /home/airflow/.local/lib/python3.7/site-packages/airflow/example_dags/example_python_operator.py
[2024-02-28T18:44:31.480+0000] {processor.py:836} INFO - DAG(s) dict_keys(['example_python_operator']) retrieved from /home/airflow/.local/lib/python3.7/site-packages/airflow/example_dags/example_python_operator.py
[2024-02-28T18:44:31.518+0000] {logging_mixin.py:150} INFO - [2024-02-28T18:44:31.518+0000] {dag.py:2742} INFO - Sync 1 DAGs
[2024-02-28T18:44:31.553+0000] {logging_mixin.py:150} INFO - [2024-02-28T18:44:31.553+0000] {dag.py:3508} INFO - Setting next_dagrun for example_python_operator to None, run_after=None
[2024-02-28T18:44:31.575+0000] {processor.py:179} INFO - Processing /home/airflow/.local/lib/python3.7/site-packages/airflow/example_dags/example_python_operator.py took 0.120 seconds
[2024-02-28T18:45:02.169+0000] {processor.py:157} INFO - Started process (PID=1526) to work on /home/airflow/.local/lib/python3.7/site-packages/airflow/example_dags/example_python_operator.py
[2024-02-28T18:45:02.172+0000] {processor.py:826} INFO - Processing file /home/airflow/.local/lib/python3.7/site-packages/airflow/example_dags/example_python_operator.py for tasks to queue
[2024-02-28T18:45:02.174+0000] {logging_mixin.py:150} INFO - [2024-02-28T18:45:02.173+0000] {dagbag.py:541} INFO - Filling up the DagBag from /home/airflow/.local/lib/python3.7/site-packages/airflow/example_dags/example_python_operator.py
[2024-02-28T18:45:02.186+0000] {processor.py:836} INFO - DAG(s) dict_keys(['example_python_operator']) retrieved from /home/airflow/.local/lib/python3.7/site-packages/airflow/example_dags/example_python_operator.py
[2024-02-28T18:45:02.220+0000] {logging_mixin.py:150} INFO - [2024-02-28T18:45:02.220+0000] {dag.py:2742} INFO - Sync 1 DAGs
[2024-02-28T18:45:02.249+0000] {logging_mixin.py:150} INFO - [2024-02-28T18:45:02.249+0000] {dag.py:3508} INFO - Setting next_dagrun for example_python_operator to None, run_after=None
[2024-02-28T18:45:02.267+0000] {processor.py:179} INFO - Processing /home/airflow/.local/lib/python3.7/site-packages/airflow/example_dags/example_python_operator.py took 0.102 seconds
[2024-02-28T18:45:32.745+0000] {processor.py:157} INFO - Started process (PID=1590) to work on /home/airflow/.local/lib/python3.7/site-packages/airflow/example_dags/example_python_operator.py
[2024-02-28T18:45:32.747+0000] {processor.py:826} INFO - Processing file /home/airflow/.local/lib/python3.7/site-packages/airflow/example_dags/example_python_operator.py for tasks to queue
[2024-02-28T18:45:32.750+0000] {logging_mixin.py:150} INFO - [2024-02-28T18:45:32.749+0000] {dagbag.py:541} INFO - Filling up the DagBag from /home/airflow/.local/lib/python3.7/site-packages/airflow/example_dags/example_python_operator.py
[2024-02-28T18:45:32.758+0000] {processor.py:836} INFO - DAG(s) dict_keys(['example_python_operator']) retrieved from /home/airflow/.local/lib/python3.7/site-packages/airflow/example_dags/example_python_operator.py
[2024-02-28T18:45:32.790+0000] {logging_mixin.py:150} INFO - [2024-02-28T18:45:32.790+0000] {dag.py:2742} INFO - Sync 1 DAGs
[2024-02-28T18:45:32.814+0000] {logging_mixin.py:150} INFO - [2024-02-28T18:45:32.814+0000] {dag.py:3508} INFO - Setting next_dagrun for example_python_operator to None, run_after=None
[2024-02-28T18:45:32.836+0000] {processor.py:179} INFO - Processing /home/airflow/.local/lib/python3.7/site-packages/airflow/example_dags/example_python_operator.py took 0.094 seconds
[2024-02-28T18:46:03.823+0000] {processor.py:157} INFO - Started process (PID=1660) to work on /home/airflow/.local/lib/python3.7/site-packages/airflow/example_dags/example_python_operator.py
[2024-02-28T18:46:03.826+0000] {processor.py:826} INFO - Processing file /home/airflow/.local/lib/python3.7/site-packages/airflow/example_dags/example_python_operator.py for tasks to queue
[2024-02-28T18:46:03.827+0000] {logging_mixin.py:150} INFO - [2024-02-28T18:46:03.827+0000] {dagbag.py:541} INFO - Filling up the DagBag from /home/airflow/.local/lib/python3.7/site-packages/airflow/example_dags/example_python_operator.py
[2024-02-28T18:46:03.836+0000] {processor.py:836} INFO - DAG(s) dict_keys(['example_python_operator']) retrieved from /home/airflow/.local/lib/python3.7/site-packages/airflow/example_dags/example_python_operator.py
[2024-02-28T18:46:03.867+0000] {logging_mixin.py:150} INFO - [2024-02-28T18:46:03.866+0000] {dag.py:2742} INFO - Sync 1 DAGs
[2024-02-28T18:46:03.894+0000] {logging_mixin.py:150} INFO - [2024-02-28T18:46:03.894+0000] {dag.py:3508} INFO - Setting next_dagrun for example_python_operator to None, run_after=None
[2024-02-28T18:46:03.911+0000] {processor.py:179} INFO - Processing /home/airflow/.local/lib/python3.7/site-packages/airflow/example_dags/example_python_operator.py took 0.092 seconds
[2024-02-28T18:46:34.149+0000] {processor.py:157} INFO - Started process (PID=1723) to work on /home/airflow/.local/lib/python3.7/site-packages/airflow/example_dags/example_python_operator.py
[2024-02-28T18:46:34.152+0000] {processor.py:826} INFO - Processing file /home/airflow/.local/lib/python3.7/site-packages/airflow/example_dags/example_python_operator.py for tasks to queue
[2024-02-28T18:46:34.154+0000] {logging_mixin.py:150} INFO - [2024-02-28T18:46:34.153+0000] {dagbag.py:541} INFO - Filling up the DagBag from /home/airflow/.local/lib/python3.7/site-packages/airflow/example_dags/example_python_operator.py
[2024-02-28T18:46:34.165+0000] {processor.py:836} INFO - DAG(s) dict_keys(['example_python_operator']) retrieved from /home/airflow/.local/lib/python3.7/site-packages/airflow/example_dags/example_python_operator.py
[2024-02-28T18:46:34.208+0000] {logging_mixin.py:150} INFO - [2024-02-28T18:46:34.208+0000] {dag.py:2742} INFO - Sync 1 DAGs
[2024-02-28T18:46:34.240+0000] {logging_mixin.py:150} INFO - [2024-02-28T18:46:34.239+0000] {dag.py:3508} INFO - Setting next_dagrun for example_python_operator to None, run_after=None
[2024-02-28T18:46:34.261+0000] {processor.py:179} INFO - Processing /home/airflow/.local/lib/python3.7/site-packages/airflow/example_dags/example_python_operator.py took 0.115 seconds
[2024-02-28T18:47:04.416+0000] {processor.py:157} INFO - Started process (PID=1785) to work on /home/airflow/.local/lib/python3.7/site-packages/airflow/example_dags/example_python_operator.py
[2024-02-28T18:47:04.419+0000] {processor.py:826} INFO - Processing file /home/airflow/.local/lib/python3.7/site-packages/airflow/example_dags/example_python_operator.py for tasks to queue
[2024-02-28T18:47:04.422+0000] {logging_mixin.py:150} INFO - [2024-02-28T18:47:04.421+0000] {dagbag.py:541} INFO - Filling up the DagBag from /home/airflow/.local/lib/python3.7/site-packages/airflow/example_dags/example_python_operator.py
[2024-02-28T18:47:04.431+0000] {processor.py:836} INFO - DAG(s) dict_keys(['example_python_operator']) retrieved from /home/airflow/.local/lib/python3.7/site-packages/airflow/example_dags/example_python_operator.py
[2024-02-28T18:47:04.454+0000] {logging_mixin.py:150} INFO - [2024-02-28T18:47:04.454+0000] {dag.py:2742} INFO - Sync 1 DAGs
[2024-02-28T18:47:04.478+0000] {logging_mixin.py:150} INFO - [2024-02-28T18:47:04.478+0000] {dag.py:3508} INFO - Setting next_dagrun for example_python_operator to None, run_after=None
[2024-02-28T18:47:04.495+0000] {processor.py:179} INFO - Processing /home/airflow/.local/lib/python3.7/site-packages/airflow/example_dags/example_python_operator.py took 0.082 seconds
[2024-02-28T18:47:35.150+0000] {processor.py:157} INFO - Started process (PID=1848) to work on /home/airflow/.local/lib/python3.7/site-packages/airflow/example_dags/example_python_operator.py
[2024-02-28T18:47:35.152+0000] {processor.py:826} INFO - Processing file /home/airflow/.local/lib/python3.7/site-packages/airflow/example_dags/example_python_operator.py for tasks to queue
[2024-02-28T18:47:35.153+0000] {logging_mixin.py:150} INFO - [2024-02-28T18:47:35.153+0000] {dagbag.py:541} INFO - Filling up the DagBag from /home/airflow/.local/lib/python3.7/site-packages/airflow/example_dags/example_python_operator.py
[2024-02-28T18:47:35.162+0000] {processor.py:836} INFO - DAG(s) dict_keys(['example_python_operator']) retrieved from /home/airflow/.local/lib/python3.7/site-packages/airflow/example_dags/example_python_operator.py
[2024-02-28T18:47:35.190+0000] {logging_mixin.py:150} INFO - [2024-02-28T18:47:35.190+0000] {dag.py:2742} INFO - Sync 1 DAGs
[2024-02-28T18:47:35.212+0000] {logging_mixin.py:150} INFO - [2024-02-28T18:47:35.212+0000] {dag.py:3508} INFO - Setting next_dagrun for example_python_operator to None, run_after=None
[2024-02-28T18:47:35.227+0000] {processor.py:179} INFO - Processing /home/airflow/.local/lib/python3.7/site-packages/airflow/example_dags/example_python_operator.py took 0.079 seconds
[2024-02-28T18:48:05.375+0000] {processor.py:157} INFO - Started process (PID=1910) to work on /home/airflow/.local/lib/python3.7/site-packages/airflow/example_dags/example_python_operator.py
[2024-02-28T18:48:05.378+0000] {processor.py:826} INFO - Processing file /home/airflow/.local/lib/python3.7/site-packages/airflow/example_dags/example_python_operator.py for tasks to queue
[2024-02-28T18:48:05.380+0000] {logging_mixin.py:150} INFO - [2024-02-28T18:48:05.380+0000] {dagbag.py:541} INFO - Filling up the DagBag from /home/airflow/.local/lib/python3.7/site-packages/airflow/example_dags/example_python_operator.py
[2024-02-28T18:48:05.395+0000] {processor.py:836} INFO - DAG(s) dict_keys(['example_python_operator']) retrieved from /home/airflow/.local/lib/python3.7/site-packages/airflow/example_dags/example_python_operator.py
[2024-02-28T18:48:05.423+0000] {logging_mixin.py:150} INFO - [2024-02-28T18:48:05.423+0000] {dag.py:2742} INFO - Sync 1 DAGs
[2024-02-28T18:48:05.448+0000] {logging_mixin.py:150} INFO - [2024-02-28T18:48:05.448+0000] {dag.py:3508} INFO - Setting next_dagrun for example_python_operator to None, run_after=None
[2024-02-28T18:48:05.472+0000] {processor.py:179} INFO - Processing /home/airflow/.local/lib/python3.7/site-packages/airflow/example_dags/example_python_operator.py took 0.102 seconds
[2024-02-28T18:48:35.728+0000] {processor.py:157} INFO - Started process (PID=1973) to work on /home/airflow/.local/lib/python3.7/site-packages/airflow/example_dags/example_python_operator.py
[2024-02-28T18:48:35.731+0000] {processor.py:826} INFO - Processing file /home/airflow/.local/lib/python3.7/site-packages/airflow/example_dags/example_python_operator.py for tasks to queue
[2024-02-28T18:48:35.734+0000] {logging_mixin.py:150} INFO - [2024-02-28T18:48:35.733+0000] {dagbag.py:541} INFO - Filling up the DagBag from /home/airflow/.local/lib/python3.7/site-packages/airflow/example_dags/example_python_operator.py
[2024-02-28T18:48:35.749+0000] {processor.py:836} INFO - DAG(s) dict_keys(['example_python_operator']) retrieved from /home/airflow/.local/lib/python3.7/site-packages/airflow/example_dags/example_python_operator.py
[2024-02-28T18:48:35.780+0000] {logging_mixin.py:150} INFO - [2024-02-28T18:48:35.780+0000] {dag.py:2742} INFO - Sync 1 DAGs
[2024-02-28T18:48:35.806+0000] {logging_mixin.py:150} INFO - [2024-02-28T18:48:35.806+0000] {dag.py:3508} INFO - Setting next_dagrun for example_python_operator to None, run_after=None
[2024-02-28T18:48:35.828+0000] {processor.py:179} INFO - Processing /home/airflow/.local/lib/python3.7/site-packages/airflow/example_dags/example_python_operator.py took 0.104 seconds
[2024-02-28T18:49:10.550+0000] {processor.py:157} INFO - Started process (PID=2037) to work on /home/airflow/.local/lib/python3.7/site-packages/airflow/example_dags/example_python_operator.py
[2024-02-28T18:49:10.557+0000] {processor.py:826} INFO - Processing file /home/airflow/.local/lib/python3.7/site-packages/airflow/example_dags/example_python_operator.py for tasks to queue
[2024-02-28T18:49:10.561+0000] {logging_mixin.py:150} INFO - [2024-02-28T18:49:10.560+0000] {dagbag.py:541} INFO - Filling up the DagBag from /home/airflow/.local/lib/python3.7/site-packages/airflow/example_dags/example_python_operator.py
[2024-02-28T18:49:10.599+0000] {processor.py:836} INFO - DAG(s) dict_keys(['example_python_operator']) retrieved from /home/airflow/.local/lib/python3.7/site-packages/airflow/example_dags/example_python_operator.py
[2024-02-28T18:49:10.724+0000] {logging_mixin.py:150} INFO - [2024-02-28T18:49:10.723+0000] {dag.py:2742} INFO - Sync 1 DAGs
[2024-02-28T18:49:10.857+0000] {logging_mixin.py:150} INFO - [2024-02-28T18:49:10.856+0000] {dag.py:3508} INFO - Setting next_dagrun for example_python_operator to None, run_after=None
[2024-02-28T18:49:10.991+0000] {processor.py:179} INFO - Processing /home/airflow/.local/lib/python3.7/site-packages/airflow/example_dags/example_python_operator.py took 0.456 seconds
[2024-02-28T18:49:41.699+0000] {processor.py:157} INFO - Started process (PID=2107) to work on /home/airflow/.local/lib/python3.7/site-packages/airflow/example_dags/example_python_operator.py
[2024-02-28T18:49:41.702+0000] {processor.py:826} INFO - Processing file /home/airflow/.local/lib/python3.7/site-packages/airflow/example_dags/example_python_operator.py for tasks to queue
[2024-02-28T18:49:41.705+0000] {logging_mixin.py:150} INFO - [2024-02-28T18:49:41.705+0000] {dagbag.py:541} INFO - Filling up the DagBag from /home/airflow/.local/lib/python3.7/site-packages/airflow/example_dags/example_python_operator.py
[2024-02-28T18:49:41.727+0000] {processor.py:836} INFO - DAG(s) dict_keys(['example_python_operator']) retrieved from /home/airflow/.local/lib/python3.7/site-packages/airflow/example_dags/example_python_operator.py
[2024-02-28T18:49:41.757+0000] {logging_mixin.py:150} INFO - [2024-02-28T18:49:41.756+0000] {dag.py:2742} INFO - Sync 1 DAGs
[2024-02-28T18:49:41.775+0000] {logging_mixin.py:150} INFO - [2024-02-28T18:49:41.775+0000] {dag.py:3508} INFO - Setting next_dagrun for example_python_operator to None, run_after=None
[2024-02-28T18:49:41.791+0000] {processor.py:179} INFO - Processing /home/airflow/.local/lib/python3.7/site-packages/airflow/example_dags/example_python_operator.py took 0.099 seconds
[2024-02-28T18:50:12.439+0000] {processor.py:157} INFO - Started process (PID=2174) to work on /home/airflow/.local/lib/python3.7/site-packages/airflow/example_dags/example_python_operator.py
[2024-02-28T18:50:12.443+0000] {processor.py:826} INFO - Processing file /home/airflow/.local/lib/python3.7/site-packages/airflow/example_dags/example_python_operator.py for tasks to queue
[2024-02-28T18:50:12.446+0000] {logging_mixin.py:150} INFO - [2024-02-28T18:50:12.446+0000] {dagbag.py:541} INFO - Filling up the DagBag from /home/airflow/.local/lib/python3.7/site-packages/airflow/example_dags/example_python_operator.py
[2024-02-28T18:50:12.467+0000] {processor.py:836} INFO - DAG(s) dict_keys(['example_python_operator']) retrieved from /home/airflow/.local/lib/python3.7/site-packages/airflow/example_dags/example_python_operator.py
[2024-02-28T18:50:12.535+0000] {logging_mixin.py:150} INFO - [2024-02-28T18:50:12.535+0000] {dag.py:2742} INFO - Sync 1 DAGs
[2024-02-28T18:50:12.585+0000] {logging_mixin.py:150} INFO - [2024-02-28T18:50:12.584+0000] {dag.py:3508} INFO - Setting next_dagrun for example_python_operator to None, run_after=None
[2024-02-28T18:50:12.644+0000] {processor.py:179} INFO - Processing /home/airflow/.local/lib/python3.7/site-packages/airflow/example_dags/example_python_operator.py took 0.213 seconds
[2024-02-28T18:50:43.035+0000] {processor.py:157} INFO - Started process (PID=2237) to work on /home/airflow/.local/lib/python3.7/site-packages/airflow/example_dags/example_python_operator.py
[2024-02-28T18:50:43.037+0000] {processor.py:826} INFO - Processing file /home/airflow/.local/lib/python3.7/site-packages/airflow/example_dags/example_python_operator.py for tasks to queue
[2024-02-28T18:50:43.039+0000] {logging_mixin.py:150} INFO - [2024-02-28T18:50:43.039+0000] {dagbag.py:541} INFO - Filling up the DagBag from /home/airflow/.local/lib/python3.7/site-packages/airflow/example_dags/example_python_operator.py
[2024-02-28T18:50:43.055+0000] {processor.py:836} INFO - DAG(s) dict_keys(['example_python_operator']) retrieved from /home/airflow/.local/lib/python3.7/site-packages/airflow/example_dags/example_python_operator.py
[2024-02-28T18:50:43.085+0000] {logging_mixin.py:150} INFO - [2024-02-28T18:50:43.085+0000] {dag.py:2742} INFO - Sync 1 DAGs
[2024-02-28T18:50:43.116+0000] {logging_mixin.py:150} INFO - [2024-02-28T18:50:43.115+0000] {dag.py:3508} INFO - Setting next_dagrun for example_python_operator to None, run_after=None
[2024-02-28T18:50:43.139+0000] {processor.py:179} INFO - Processing /home/airflow/.local/lib/python3.7/site-packages/airflow/example_dags/example_python_operator.py took 0.108 seconds
[2024-02-28T18:51:13.689+0000] {processor.py:157} INFO - Started process (PID=2304) to work on /home/airflow/.local/lib/python3.7/site-packages/airflow/example_dags/example_python_operator.py
[2024-02-28T18:51:13.692+0000] {processor.py:826} INFO - Processing file /home/airflow/.local/lib/python3.7/site-packages/airflow/example_dags/example_python_operator.py for tasks to queue
[2024-02-28T18:51:13.695+0000] {logging_mixin.py:150} INFO - [2024-02-28T18:51:13.694+0000] {dagbag.py:541} INFO - Filling up the DagBag from /home/airflow/.local/lib/python3.7/site-packages/airflow/example_dags/example_python_operator.py
[2024-02-28T18:51:13.716+0000] {processor.py:836} INFO - DAG(s) dict_keys(['example_python_operator']) retrieved from /home/airflow/.local/lib/python3.7/site-packages/airflow/example_dags/example_python_operator.py
[2024-02-28T18:51:13.757+0000] {logging_mixin.py:150} INFO - [2024-02-28T18:51:13.757+0000] {dag.py:2742} INFO - Sync 1 DAGs
[2024-02-28T18:51:13.784+0000] {logging_mixin.py:150} INFO - [2024-02-28T18:51:13.784+0000] {dag.py:3508} INFO - Setting next_dagrun for example_python_operator to None, run_after=None
[2024-02-28T18:51:13.806+0000] {processor.py:179} INFO - Processing /home/airflow/.local/lib/python3.7/site-packages/airflow/example_dags/example_python_operator.py took 0.121 seconds
[2024-02-28T18:51:45.217+0000] {processor.py:157} INFO - Started process (PID=2367) to work on /home/airflow/.local/lib/python3.7/site-packages/airflow/example_dags/example_python_operator.py
[2024-02-28T18:51:45.219+0000] {processor.py:826} INFO - Processing file /home/airflow/.local/lib/python3.7/site-packages/airflow/example_dags/example_python_operator.py for tasks to queue
[2024-02-28T18:51:45.222+0000] {logging_mixin.py:150} INFO - [2024-02-28T18:51:45.221+0000] {dagbag.py:541} INFO - Filling up the DagBag from /home/airflow/.local/lib/python3.7/site-packages/airflow/example_dags/example_python_operator.py
[2024-02-28T18:51:45.247+0000] {processor.py:836} INFO - DAG(s) dict_keys(['example_python_operator']) retrieved from /home/airflow/.local/lib/python3.7/site-packages/airflow/example_dags/example_python_operator.py
[2024-02-28T18:51:45.289+0000] {logging_mixin.py:150} INFO - [2024-02-28T18:51:45.289+0000] {dag.py:2742} INFO - Sync 1 DAGs
[2024-02-28T18:51:45.317+0000] {logging_mixin.py:150} INFO - [2024-02-28T18:51:45.317+0000] {dag.py:3508} INFO - Setting next_dagrun for example_python_operator to None, run_after=None
[2024-02-28T18:51:45.338+0000] {processor.py:179} INFO - Processing /home/airflow/.local/lib/python3.7/site-packages/airflow/example_dags/example_python_operator.py took 0.125 seconds
[2024-02-28T18:52:15.434+0000] {processor.py:157} INFO - Started process (PID=2438) to work on /home/airflow/.local/lib/python3.7/site-packages/airflow/example_dags/example_python_operator.py
[2024-02-28T18:52:15.437+0000] {processor.py:826} INFO - Processing file /home/airflow/.local/lib/python3.7/site-packages/airflow/example_dags/example_python_operator.py for tasks to queue
[2024-02-28T18:52:15.439+0000] {logging_mixin.py:150} INFO - [2024-02-28T18:52:15.439+0000] {dagbag.py:541} INFO - Filling up the DagBag from /home/airflow/.local/lib/python3.7/site-packages/airflow/example_dags/example_python_operator.py
[2024-02-28T18:52:15.454+0000] {processor.py:836} INFO - DAG(s) dict_keys(['example_python_operator']) retrieved from /home/airflow/.local/lib/python3.7/site-packages/airflow/example_dags/example_python_operator.py
[2024-02-28T18:52:15.493+0000] {logging_mixin.py:150} INFO - [2024-02-28T18:52:15.493+0000] {dag.py:2742} INFO - Sync 1 DAGs
[2024-02-28T18:52:15.532+0000] {logging_mixin.py:150} INFO - [2024-02-28T18:52:15.532+0000] {dag.py:3508} INFO - Setting next_dagrun for example_python_operator to None, run_after=None
[2024-02-28T18:52:15.572+0000] {processor.py:179} INFO - Processing /home/airflow/.local/lib/python3.7/site-packages/airflow/example_dags/example_python_operator.py took 0.142 seconds
[2024-02-28T18:52:45.636+0000] {processor.py:157} INFO - Started process (PID=2501) to work on /home/airflow/.local/lib/python3.7/site-packages/airflow/example_dags/example_python_operator.py
[2024-02-28T18:52:45.639+0000] {processor.py:826} INFO - Processing file /home/airflow/.local/lib/python3.7/site-packages/airflow/example_dags/example_python_operator.py for tasks to queue
[2024-02-28T18:52:45.640+0000] {logging_mixin.py:150} INFO - [2024-02-28T18:52:45.640+0000] {dagbag.py:541} INFO - Filling up the DagBag from /home/airflow/.local/lib/python3.7/site-packages/airflow/example_dags/example_python_operator.py
[2024-02-28T18:52:45.650+0000] {processor.py:836} INFO - DAG(s) dict_keys(['example_python_operator']) retrieved from /home/airflow/.local/lib/python3.7/site-packages/airflow/example_dags/example_python_operator.py
[2024-02-28T18:52:45.685+0000] {logging_mixin.py:150} INFO - [2024-02-28T18:52:45.685+0000] {dag.py:2742} INFO - Sync 1 DAGs
[2024-02-28T18:52:45.712+0000] {logging_mixin.py:150} INFO - [2024-02-28T18:52:45.711+0000] {dag.py:3508} INFO - Setting next_dagrun for example_python_operator to None, run_after=None
[2024-02-28T18:52:45.731+0000] {processor.py:179} INFO - Processing /home/airflow/.local/lib/python3.7/site-packages/airflow/example_dags/example_python_operator.py took 0.099 seconds
