[2024-02-28T18:33:09.540+0000] {processor.py:157} INFO - Started process (PID=43) to work on /home/airflow/.local/lib/python3.7/site-packages/airflow/example_dags/example_sla_dag.py
[2024-02-28T18:33:09.544+0000] {processor.py:826} INFO - Processing file /home/airflow/.local/lib/python3.7/site-packages/airflow/example_dags/example_sla_dag.py for tasks to queue
[2024-02-28T18:33:09.547+0000] {logging_mixin.py:150} INFO - [2024-02-28T18:33:09.546+0000] {dagbag.py:541} INFO - Filling up the DagBag from /home/airflow/.local/lib/python3.7/site-packages/airflow/example_dags/example_sla_dag.py
[2024-02-28T18:33:09.579+0000] {processor.py:836} INFO - DAG(s) dict_keys(['example_sla_dag']) retrieved from /home/airflow/.local/lib/python3.7/site-packages/airflow/example_dags/example_sla_dag.py
[2024-02-28T18:33:09.627+0000] {logging_mixin.py:150} INFO - [2024-02-28T18:33:09.626+0000] {dag.py:2742} INFO - Sync 1 DAGs
[2024-02-28T18:33:09.758+0000] {logging_mixin.py:150} INFO - [2024-02-28T18:33:09.758+0000] {dag.py:3508} INFO - Setting next_dagrun for example_sla_dag to 2024-02-28T18:30:00+00:00, run_after=2024-02-28T18:32:00+00:00
[2024-02-28T18:33:09.880+0000] {processor.py:179} INFO - Processing /home/airflow/.local/lib/python3.7/site-packages/airflow/example_dags/example_sla_dag.py took 0.344 seconds
[2024-02-28T18:33:39.950+0000] {processor.py:157} INFO - Started process (PID=106) to work on /home/airflow/.local/lib/python3.7/site-packages/airflow/example_dags/example_sla_dag.py
[2024-02-28T18:33:39.952+0000] {processor.py:826} INFO - Processing file /home/airflow/.local/lib/python3.7/site-packages/airflow/example_dags/example_sla_dag.py for tasks to queue
[2024-02-28T18:33:39.954+0000] {logging_mixin.py:150} INFO - [2024-02-28T18:33:39.954+0000] {dagbag.py:541} INFO - Filling up the DagBag from /home/airflow/.local/lib/python3.7/site-packages/airflow/example_dags/example_sla_dag.py
[2024-02-28T18:33:39.962+0000] {processor.py:836} INFO - DAG(s) dict_keys(['example_sla_dag']) retrieved from /home/airflow/.local/lib/python3.7/site-packages/airflow/example_dags/example_sla_dag.py
[2024-02-28T18:33:39.985+0000] {logging_mixin.py:150} INFO - [2024-02-28T18:33:39.985+0000] {dag.py:2742} INFO - Sync 1 DAGs
[2024-02-28T18:33:40.017+0000] {logging_mixin.py:150} INFO - [2024-02-28T18:33:40.016+0000] {dag.py:3508} INFO - Setting next_dagrun for example_sla_dag to 2024-02-28T18:30:00+00:00, run_after=2024-02-28T18:32:00+00:00
[2024-02-28T18:33:40.042+0000] {processor.py:179} INFO - Processing /home/airflow/.local/lib/python3.7/site-packages/airflow/example_dags/example_sla_dag.py took 0.095 seconds
[2024-02-28T18:34:11.130+0000] {processor.py:157} INFO - Started process (PID=169) to work on /home/airflow/.local/lib/python3.7/site-packages/airflow/example_dags/example_sla_dag.py
[2024-02-28T18:34:11.132+0000] {processor.py:826} INFO - Processing file /home/airflow/.local/lib/python3.7/site-packages/airflow/example_dags/example_sla_dag.py for tasks to queue
[2024-02-28T18:34:11.134+0000] {logging_mixin.py:150} INFO - [2024-02-28T18:34:11.134+0000] {dagbag.py:541} INFO - Filling up the DagBag from /home/airflow/.local/lib/python3.7/site-packages/airflow/example_dags/example_sla_dag.py
[2024-02-28T18:34:11.150+0000] {processor.py:836} INFO - DAG(s) dict_keys(['example_sla_dag']) retrieved from /home/airflow/.local/lib/python3.7/site-packages/airflow/example_dags/example_sla_dag.py
[2024-02-28T18:34:11.198+0000] {logging_mixin.py:150} INFO - [2024-02-28T18:34:11.198+0000] {dag.py:2742} INFO - Sync 1 DAGs
[2024-02-28T18:34:11.228+0000] {logging_mixin.py:150} INFO - [2024-02-28T18:34:11.228+0000] {dag.py:3508} INFO - Setting next_dagrun for example_sla_dag to 2024-02-28T18:32:00+00:00, run_after=2024-02-28T18:34:00+00:00
[2024-02-28T18:34:11.245+0000] {processor.py:179} INFO - Processing /home/airflow/.local/lib/python3.7/site-packages/airflow/example_dags/example_sla_dag.py took 0.120 seconds
[2024-02-28T18:34:42.243+0000] {processor.py:157} INFO - Started process (PID=232) to work on /home/airflow/.local/lib/python3.7/site-packages/airflow/example_dags/example_sla_dag.py
[2024-02-28T18:34:42.248+0000] {processor.py:826} INFO - Processing file /home/airflow/.local/lib/python3.7/site-packages/airflow/example_dags/example_sla_dag.py for tasks to queue
[2024-02-28T18:34:42.250+0000] {logging_mixin.py:150} INFO - [2024-02-28T18:34:42.250+0000] {dagbag.py:541} INFO - Filling up the DagBag from /home/airflow/.local/lib/python3.7/site-packages/airflow/example_dags/example_sla_dag.py
[2024-02-28T18:34:42.264+0000] {processor.py:836} INFO - DAG(s) dict_keys(['example_sla_dag']) retrieved from /home/airflow/.local/lib/python3.7/site-packages/airflow/example_dags/example_sla_dag.py
[2024-02-28T18:34:42.295+0000] {logging_mixin.py:150} INFO - [2024-02-28T18:34:42.294+0000] {dag.py:2742} INFO - Sync 1 DAGs
[2024-02-28T18:34:42.317+0000] {logging_mixin.py:150} INFO - [2024-02-28T18:34:42.317+0000] {dag.py:3508} INFO - Setting next_dagrun for example_sla_dag to 2024-02-28T18:32:00+00:00, run_after=2024-02-28T18:34:00+00:00
[2024-02-28T18:34:42.335+0000] {processor.py:179} INFO - Processing /home/airflow/.local/lib/python3.7/site-packages/airflow/example_dags/example_sla_dag.py took 0.098 seconds
[2024-02-28T18:35:13.537+0000] {processor.py:157} INFO - Started process (PID=296) to work on /home/airflow/.local/lib/python3.7/site-packages/airflow/example_dags/example_sla_dag.py
[2024-02-28T18:35:13.539+0000] {processor.py:826} INFO - Processing file /home/airflow/.local/lib/python3.7/site-packages/airflow/example_dags/example_sla_dag.py for tasks to queue
[2024-02-28T18:35:13.542+0000] {logging_mixin.py:150} INFO - [2024-02-28T18:35:13.541+0000] {dagbag.py:541} INFO - Filling up the DagBag from /home/airflow/.local/lib/python3.7/site-packages/airflow/example_dags/example_sla_dag.py
[2024-02-28T18:35:13.550+0000] {processor.py:836} INFO - DAG(s) dict_keys(['example_sla_dag']) retrieved from /home/airflow/.local/lib/python3.7/site-packages/airflow/example_dags/example_sla_dag.py
[2024-02-28T18:35:13.579+0000] {logging_mixin.py:150} INFO - [2024-02-28T18:35:13.578+0000] {dag.py:2742} INFO - Sync 1 DAGs
[2024-02-28T18:35:13.607+0000] {logging_mixin.py:150} INFO - [2024-02-28T18:35:13.607+0000] {dag.py:3508} INFO - Setting next_dagrun for example_sla_dag to 2024-02-28T18:32:00+00:00, run_after=2024-02-28T18:34:00+00:00
[2024-02-28T18:35:13.622+0000] {processor.py:179} INFO - Processing /home/airflow/.local/lib/python3.7/site-packages/airflow/example_dags/example_sla_dag.py took 0.089 seconds
[2024-02-28T18:35:44.324+0000] {processor.py:157} INFO - Started process (PID=360) to work on /home/airflow/.local/lib/python3.7/site-packages/airflow/example_dags/example_sla_dag.py
[2024-02-28T18:35:44.326+0000] {processor.py:826} INFO - Processing file /home/airflow/.local/lib/python3.7/site-packages/airflow/example_dags/example_sla_dag.py for tasks to queue
[2024-02-28T18:35:44.327+0000] {logging_mixin.py:150} INFO - [2024-02-28T18:35:44.327+0000] {dagbag.py:541} INFO - Filling up the DagBag from /home/airflow/.local/lib/python3.7/site-packages/airflow/example_dags/example_sla_dag.py
[2024-02-28T18:35:44.338+0000] {processor.py:836} INFO - DAG(s) dict_keys(['example_sla_dag']) retrieved from /home/airflow/.local/lib/python3.7/site-packages/airflow/example_dags/example_sla_dag.py
[2024-02-28T18:35:44.366+0000] {logging_mixin.py:150} INFO - [2024-02-28T18:35:44.366+0000] {dag.py:2742} INFO - Sync 1 DAGs
[2024-02-28T18:35:44.396+0000] {logging_mixin.py:150} INFO - [2024-02-28T18:35:44.396+0000] {dag.py:3508} INFO - Setting next_dagrun for example_sla_dag to 2024-02-28T18:32:00+00:00, run_after=2024-02-28T18:34:00+00:00
[2024-02-28T18:35:44.415+0000] {processor.py:179} INFO - Processing /home/airflow/.local/lib/python3.7/site-packages/airflow/example_dags/example_sla_dag.py took 0.095 seconds
[2024-02-28T18:36:15.430+0000] {processor.py:157} INFO - Started process (PID=423) to work on /home/airflow/.local/lib/python3.7/site-packages/airflow/example_dags/example_sla_dag.py
[2024-02-28T18:36:15.434+0000] {processor.py:826} INFO - Processing file /home/airflow/.local/lib/python3.7/site-packages/airflow/example_dags/example_sla_dag.py for tasks to queue
[2024-02-28T18:36:15.438+0000] {logging_mixin.py:150} INFO - [2024-02-28T18:36:15.438+0000] {dagbag.py:541} INFO - Filling up the DagBag from /home/airflow/.local/lib/python3.7/site-packages/airflow/example_dags/example_sla_dag.py
[2024-02-28T18:36:15.448+0000] {processor.py:836} INFO - DAG(s) dict_keys(['example_sla_dag']) retrieved from /home/airflow/.local/lib/python3.7/site-packages/airflow/example_dags/example_sla_dag.py
[2024-02-28T18:36:15.479+0000] {logging_mixin.py:150} INFO - [2024-02-28T18:36:15.478+0000] {dag.py:2742} INFO - Sync 1 DAGs
[2024-02-28T18:36:15.506+0000] {logging_mixin.py:150} INFO - [2024-02-28T18:36:15.506+0000] {dag.py:3508} INFO - Setting next_dagrun for example_sla_dag to 2024-02-28T18:34:00+00:00, run_after=2024-02-28T18:36:00+00:00
[2024-02-28T18:36:15.523+0000] {processor.py:179} INFO - Processing /home/airflow/.local/lib/python3.7/site-packages/airflow/example_dags/example_sla_dag.py took 0.098 seconds
[2024-02-28T18:36:47.119+0000] {processor.py:157} INFO - Started process (PID=486) to work on /home/airflow/.local/lib/python3.7/site-packages/airflow/example_dags/example_sla_dag.py
[2024-02-28T18:36:47.122+0000] {processor.py:826} INFO - Processing file /home/airflow/.local/lib/python3.7/site-packages/airflow/example_dags/example_sla_dag.py for tasks to queue
[2024-02-28T18:36:47.124+0000] {logging_mixin.py:150} INFO - [2024-02-28T18:36:47.123+0000] {dagbag.py:541} INFO - Filling up the DagBag from /home/airflow/.local/lib/python3.7/site-packages/airflow/example_dags/example_sla_dag.py
[2024-02-28T18:36:47.142+0000] {processor.py:836} INFO - DAG(s) dict_keys(['example_sla_dag']) retrieved from /home/airflow/.local/lib/python3.7/site-packages/airflow/example_dags/example_sla_dag.py
[2024-02-28T18:36:47.192+0000] {logging_mixin.py:150} INFO - [2024-02-28T18:36:47.191+0000] {dag.py:2742} INFO - Sync 1 DAGs
[2024-02-28T18:36:47.231+0000] {logging_mixin.py:150} INFO - [2024-02-28T18:36:47.231+0000] {dag.py:3508} INFO - Setting next_dagrun for example_sla_dag to 2024-02-28T18:34:00+00:00, run_after=2024-02-28T18:36:00+00:00
[2024-02-28T18:36:47.277+0000] {processor.py:179} INFO - Processing /home/airflow/.local/lib/python3.7/site-packages/airflow/example_dags/example_sla_dag.py took 0.164 seconds
[2024-02-28T18:37:17.718+0000] {processor.py:157} INFO - Started process (PID=549) to work on /home/airflow/.local/lib/python3.7/site-packages/airflow/example_dags/example_sla_dag.py
[2024-02-28T18:37:17.722+0000] {processor.py:826} INFO - Processing file /home/airflow/.local/lib/python3.7/site-packages/airflow/example_dags/example_sla_dag.py for tasks to queue
[2024-02-28T18:37:17.726+0000] {logging_mixin.py:150} INFO - [2024-02-28T18:37:17.726+0000] {dagbag.py:541} INFO - Filling up the DagBag from /home/airflow/.local/lib/python3.7/site-packages/airflow/example_dags/example_sla_dag.py
[2024-02-28T18:37:17.744+0000] {processor.py:836} INFO - DAG(s) dict_keys(['example_sla_dag']) retrieved from /home/airflow/.local/lib/python3.7/site-packages/airflow/example_dags/example_sla_dag.py
[2024-02-28T18:37:17.796+0000] {logging_mixin.py:150} INFO - [2024-02-28T18:37:17.796+0000] {dag.py:2742} INFO - Sync 1 DAGs
[2024-02-28T18:37:17.833+0000] {logging_mixin.py:150} INFO - [2024-02-28T18:37:17.833+0000] {dag.py:3508} INFO - Setting next_dagrun for example_sla_dag to 2024-02-28T18:34:00+00:00, run_after=2024-02-28T18:36:00+00:00
[2024-02-28T18:37:17.859+0000] {processor.py:179} INFO - Processing /home/airflow/.local/lib/python3.7/site-packages/airflow/example_dags/example_sla_dag.py took 0.148 seconds
[2024-02-28T18:37:48.215+0000] {processor.py:157} INFO - Started process (PID=612) to work on /home/airflow/.local/lib/python3.7/site-packages/airflow/example_dags/example_sla_dag.py
[2024-02-28T18:37:48.217+0000] {processor.py:826} INFO - Processing file /home/airflow/.local/lib/python3.7/site-packages/airflow/example_dags/example_sla_dag.py for tasks to queue
[2024-02-28T18:37:48.221+0000] {logging_mixin.py:150} INFO - [2024-02-28T18:37:48.220+0000] {dagbag.py:541} INFO - Filling up the DagBag from /home/airflow/.local/lib/python3.7/site-packages/airflow/example_dags/example_sla_dag.py
[2024-02-28T18:37:48.232+0000] {processor.py:836} INFO - DAG(s) dict_keys(['example_sla_dag']) retrieved from /home/airflow/.local/lib/python3.7/site-packages/airflow/example_dags/example_sla_dag.py
[2024-02-28T18:37:48.261+0000] {logging_mixin.py:150} INFO - [2024-02-28T18:37:48.261+0000] {dag.py:2742} INFO - Sync 1 DAGs
[2024-02-28T18:37:48.287+0000] {logging_mixin.py:150} INFO - [2024-02-28T18:37:48.287+0000] {dag.py:3508} INFO - Setting next_dagrun for example_sla_dag to 2024-02-28T18:34:00+00:00, run_after=2024-02-28T18:36:00+00:00
[2024-02-28T18:37:48.305+0000] {processor.py:179} INFO - Processing /home/airflow/.local/lib/python3.7/site-packages/airflow/example_dags/example_sla_dag.py took 0.094 seconds
[2024-02-28T18:38:18.516+0000] {processor.py:157} INFO - Started process (PID=674) to work on /home/airflow/.local/lib/python3.7/site-packages/airflow/example_dags/example_sla_dag.py
[2024-02-28T18:38:18.520+0000] {processor.py:826} INFO - Processing file /home/airflow/.local/lib/python3.7/site-packages/airflow/example_dags/example_sla_dag.py for tasks to queue
[2024-02-28T18:38:18.522+0000] {logging_mixin.py:150} INFO - [2024-02-28T18:38:18.522+0000] {dagbag.py:541} INFO - Filling up the DagBag from /home/airflow/.local/lib/python3.7/site-packages/airflow/example_dags/example_sla_dag.py
[2024-02-28T18:38:18.538+0000] {processor.py:836} INFO - DAG(s) dict_keys(['example_sla_dag']) retrieved from /home/airflow/.local/lib/python3.7/site-packages/airflow/example_dags/example_sla_dag.py
[2024-02-28T18:38:18.575+0000] {logging_mixin.py:150} INFO - [2024-02-28T18:38:18.574+0000] {dag.py:2742} INFO - Sync 1 DAGs
[2024-02-28T18:38:18.605+0000] {logging_mixin.py:150} INFO - [2024-02-28T18:38:18.605+0000] {dag.py:3508} INFO - Setting next_dagrun for example_sla_dag to 2024-02-28T18:36:00+00:00, run_after=2024-02-28T18:38:00+00:00
[2024-02-28T18:38:18.626+0000] {processor.py:179} INFO - Processing /home/airflow/.local/lib/python3.7/site-packages/airflow/example_dags/example_sla_dag.py took 0.114 seconds
[2024-02-28T18:38:48.945+0000] {processor.py:157} INFO - Started process (PID=736) to work on /home/airflow/.local/lib/python3.7/site-packages/airflow/example_dags/example_sla_dag.py
[2024-02-28T18:38:48.949+0000] {processor.py:826} INFO - Processing file /home/airflow/.local/lib/python3.7/site-packages/airflow/example_dags/example_sla_dag.py for tasks to queue
[2024-02-28T18:38:48.952+0000] {logging_mixin.py:150} INFO - [2024-02-28T18:38:48.952+0000] {dagbag.py:541} INFO - Filling up the DagBag from /home/airflow/.local/lib/python3.7/site-packages/airflow/example_dags/example_sla_dag.py
[2024-02-28T18:38:48.967+0000] {processor.py:836} INFO - DAG(s) dict_keys(['example_sla_dag']) retrieved from /home/airflow/.local/lib/python3.7/site-packages/airflow/example_dags/example_sla_dag.py
[2024-02-28T18:38:49.016+0000] {logging_mixin.py:150} INFO - [2024-02-28T18:38:49.016+0000] {dag.py:2742} INFO - Sync 1 DAGs
[2024-02-28T18:38:49.122+0000] {logging_mixin.py:150} INFO - [2024-02-28T18:38:49.122+0000] {dag.py:3508} INFO - Setting next_dagrun for example_sla_dag to 2024-02-28T18:36:00+00:00, run_after=2024-02-28T18:38:00+00:00
[2024-02-28T18:38:49.231+0000] {processor.py:179} INFO - Processing /home/airflow/.local/lib/python3.7/site-packages/airflow/example_dags/example_sla_dag.py took 0.291 seconds
[2024-02-28T18:39:20.220+0000] {processor.py:157} INFO - Started process (PID=799) to work on /home/airflow/.local/lib/python3.7/site-packages/airflow/example_dags/example_sla_dag.py
[2024-02-28T18:39:20.224+0000] {processor.py:826} INFO - Processing file /home/airflow/.local/lib/python3.7/site-packages/airflow/example_dags/example_sla_dag.py for tasks to queue
[2024-02-28T18:39:20.227+0000] {logging_mixin.py:150} INFO - [2024-02-28T18:39:20.226+0000] {dagbag.py:541} INFO - Filling up the DagBag from /home/airflow/.local/lib/python3.7/site-packages/airflow/example_dags/example_sla_dag.py
[2024-02-28T18:39:20.239+0000] {processor.py:836} INFO - DAG(s) dict_keys(['example_sla_dag']) retrieved from /home/airflow/.local/lib/python3.7/site-packages/airflow/example_dags/example_sla_dag.py
[2024-02-28T18:39:20.276+0000] {logging_mixin.py:150} INFO - [2024-02-28T18:39:20.276+0000] {dag.py:2742} INFO - Sync 1 DAGs
[2024-02-28T18:39:20.310+0000] {logging_mixin.py:150} INFO - [2024-02-28T18:39:20.309+0000] {dag.py:3508} INFO - Setting next_dagrun for example_sla_dag to 2024-02-28T18:36:00+00:00, run_after=2024-02-28T18:38:00+00:00
[2024-02-28T18:39:20.333+0000] {processor.py:179} INFO - Processing /home/airflow/.local/lib/python3.7/site-packages/airflow/example_dags/example_sla_dag.py took 0.123 seconds
[2024-02-28T18:39:50.779+0000] {processor.py:157} INFO - Started process (PID=863) to work on /home/airflow/.local/lib/python3.7/site-packages/airflow/example_dags/example_sla_dag.py
[2024-02-28T18:39:50.781+0000] {processor.py:826} INFO - Processing file /home/airflow/.local/lib/python3.7/site-packages/airflow/example_dags/example_sla_dag.py for tasks to queue
[2024-02-28T18:39:50.782+0000] {logging_mixin.py:150} INFO - [2024-02-28T18:39:50.782+0000] {dagbag.py:541} INFO - Filling up the DagBag from /home/airflow/.local/lib/python3.7/site-packages/airflow/example_dags/example_sla_dag.py
[2024-02-28T18:39:50.791+0000] {processor.py:836} INFO - DAG(s) dict_keys(['example_sla_dag']) retrieved from /home/airflow/.local/lib/python3.7/site-packages/airflow/example_dags/example_sla_dag.py
[2024-02-28T18:39:50.825+0000] {logging_mixin.py:150} INFO - [2024-02-28T18:39:50.825+0000] {dag.py:2742} INFO - Sync 1 DAGs
[2024-02-28T18:39:50.851+0000] {logging_mixin.py:150} INFO - [2024-02-28T18:39:50.851+0000] {dag.py:3508} INFO - Setting next_dagrun for example_sla_dag to 2024-02-28T18:36:00+00:00, run_after=2024-02-28T18:38:00+00:00
[2024-02-28T18:39:50.872+0000] {processor.py:179} INFO - Processing /home/airflow/.local/lib/python3.7/site-packages/airflow/example_dags/example_sla_dag.py took 0.098 seconds
[2024-02-28T18:40:21.628+0000] {processor.py:157} INFO - Started process (PID=926) to work on /home/airflow/.local/lib/python3.7/site-packages/airflow/example_dags/example_sla_dag.py
[2024-02-28T18:40:21.630+0000] {processor.py:826} INFO - Processing file /home/airflow/.local/lib/python3.7/site-packages/airflow/example_dags/example_sla_dag.py for tasks to queue
[2024-02-28T18:40:21.632+0000] {logging_mixin.py:150} INFO - [2024-02-28T18:40:21.632+0000] {dagbag.py:541} INFO - Filling up the DagBag from /home/airflow/.local/lib/python3.7/site-packages/airflow/example_dags/example_sla_dag.py
[2024-02-28T18:40:21.642+0000] {processor.py:836} INFO - DAG(s) dict_keys(['example_sla_dag']) retrieved from /home/airflow/.local/lib/python3.7/site-packages/airflow/example_dags/example_sla_dag.py
[2024-02-28T18:40:21.696+0000] {logging_mixin.py:150} INFO - [2024-02-28T18:40:21.696+0000] {dag.py:2742} INFO - Sync 1 DAGs
[2024-02-28T18:40:21.729+0000] {logging_mixin.py:150} INFO - [2024-02-28T18:40:21.729+0000] {dag.py:3508} INFO - Setting next_dagrun for example_sla_dag to 2024-02-28T18:38:00+00:00, run_after=2024-02-28T18:40:00+00:00
[2024-02-28T18:40:21.747+0000] {processor.py:179} INFO - Processing /home/airflow/.local/lib/python3.7/site-packages/airflow/example_dags/example_sla_dag.py took 0.122 seconds
[2024-02-28T18:40:52.343+0000] {processor.py:157} INFO - Started process (PID=989) to work on /home/airflow/.local/lib/python3.7/site-packages/airflow/example_dags/example_sla_dag.py
[2024-02-28T18:40:52.345+0000] {processor.py:826} INFO - Processing file /home/airflow/.local/lib/python3.7/site-packages/airflow/example_dags/example_sla_dag.py for tasks to queue
[2024-02-28T18:40:52.348+0000] {logging_mixin.py:150} INFO - [2024-02-28T18:40:52.347+0000] {dagbag.py:541} INFO - Filling up the DagBag from /home/airflow/.local/lib/python3.7/site-packages/airflow/example_dags/example_sla_dag.py
[2024-02-28T18:40:52.356+0000] {processor.py:836} INFO - DAG(s) dict_keys(['example_sla_dag']) retrieved from /home/airflow/.local/lib/python3.7/site-packages/airflow/example_dags/example_sla_dag.py
[2024-02-28T18:40:52.388+0000] {logging_mixin.py:150} INFO - [2024-02-28T18:40:52.388+0000] {dag.py:2742} INFO - Sync 1 DAGs
[2024-02-28T18:40:52.424+0000] {logging_mixin.py:150} INFO - [2024-02-28T18:40:52.424+0000] {dag.py:3508} INFO - Setting next_dagrun for example_sla_dag to 2024-02-28T18:38:00+00:00, run_after=2024-02-28T18:40:00+00:00
[2024-02-28T18:40:52.450+0000] {processor.py:179} INFO - Processing /home/airflow/.local/lib/python3.7/site-packages/airflow/example_dags/example_sla_dag.py took 0.110 seconds
[2024-02-28T18:41:22.509+0000] {processor.py:157} INFO - Started process (PID=1051) to work on /home/airflow/.local/lib/python3.7/site-packages/airflow/example_dags/example_sla_dag.py
[2024-02-28T18:41:22.512+0000] {processor.py:826} INFO - Processing file /home/airflow/.local/lib/python3.7/site-packages/airflow/example_dags/example_sla_dag.py for tasks to queue
[2024-02-28T18:41:22.514+0000] {logging_mixin.py:150} INFO - [2024-02-28T18:41:22.514+0000] {dagbag.py:541} INFO - Filling up the DagBag from /home/airflow/.local/lib/python3.7/site-packages/airflow/example_dags/example_sla_dag.py
[2024-02-28T18:41:22.524+0000] {processor.py:836} INFO - DAG(s) dict_keys(['example_sla_dag']) retrieved from /home/airflow/.local/lib/python3.7/site-packages/airflow/example_dags/example_sla_dag.py
[2024-02-28T18:41:22.548+0000] {logging_mixin.py:150} INFO - [2024-02-28T18:41:22.548+0000] {dag.py:2742} INFO - Sync 1 DAGs
[2024-02-28T18:41:22.574+0000] {logging_mixin.py:150} INFO - [2024-02-28T18:41:22.573+0000] {dag.py:3508} INFO - Setting next_dagrun for example_sla_dag to 2024-02-28T18:38:00+00:00, run_after=2024-02-28T18:40:00+00:00
[2024-02-28T18:41:22.592+0000] {processor.py:179} INFO - Processing /home/airflow/.local/lib/python3.7/site-packages/airflow/example_dags/example_sla_dag.py took 0.086 seconds
[2024-02-28T18:41:52.701+0000] {processor.py:157} INFO - Started process (PID=1114) to work on /home/airflow/.local/lib/python3.7/site-packages/airflow/example_dags/example_sla_dag.py
[2024-02-28T18:41:52.711+0000] {processor.py:826} INFO - Processing file /home/airflow/.local/lib/python3.7/site-packages/airflow/example_dags/example_sla_dag.py for tasks to queue
[2024-02-28T18:41:52.715+0000] {logging_mixin.py:150} INFO - [2024-02-28T18:41:52.715+0000] {dagbag.py:541} INFO - Filling up the DagBag from /home/airflow/.local/lib/python3.7/site-packages/airflow/example_dags/example_sla_dag.py
[2024-02-28T18:41:52.730+0000] {processor.py:836} INFO - DAG(s) dict_keys(['example_sla_dag']) retrieved from /home/airflow/.local/lib/python3.7/site-packages/airflow/example_dags/example_sla_dag.py
[2024-02-28T18:41:52.767+0000] {logging_mixin.py:150} INFO - [2024-02-28T18:41:52.766+0000] {dag.py:2742} INFO - Sync 1 DAGs
[2024-02-28T18:41:52.797+0000] {logging_mixin.py:150} INFO - [2024-02-28T18:41:52.797+0000] {dag.py:3508} INFO - Setting next_dagrun for example_sla_dag to 2024-02-28T18:38:00+00:00, run_after=2024-02-28T18:40:00+00:00
[2024-02-28T18:41:52.826+0000] {processor.py:179} INFO - Processing /home/airflow/.local/lib/python3.7/site-packages/airflow/example_dags/example_sla_dag.py took 0.136 seconds
[2024-02-28T18:42:23.452+0000] {processor.py:157} INFO - Started process (PID=1177) to work on /home/airflow/.local/lib/python3.7/site-packages/airflow/example_dags/example_sla_dag.py
[2024-02-28T18:42:23.457+0000] {processor.py:826} INFO - Processing file /home/airflow/.local/lib/python3.7/site-packages/airflow/example_dags/example_sla_dag.py for tasks to queue
[2024-02-28T18:42:23.459+0000] {logging_mixin.py:150} INFO - [2024-02-28T18:42:23.459+0000] {dagbag.py:541} INFO - Filling up the DagBag from /home/airflow/.local/lib/python3.7/site-packages/airflow/example_dags/example_sla_dag.py
[2024-02-28T18:42:23.474+0000] {processor.py:836} INFO - DAG(s) dict_keys(['example_sla_dag']) retrieved from /home/airflow/.local/lib/python3.7/site-packages/airflow/example_dags/example_sla_dag.py
[2024-02-28T18:42:23.503+0000] {logging_mixin.py:150} INFO - [2024-02-28T18:42:23.503+0000] {dag.py:2742} INFO - Sync 1 DAGs
[2024-02-28T18:42:23.537+0000] {logging_mixin.py:150} INFO - [2024-02-28T18:42:23.537+0000] {dag.py:3508} INFO - Setting next_dagrun for example_sla_dag to 2024-02-28T18:40:00+00:00, run_after=2024-02-28T18:42:00+00:00
[2024-02-28T18:42:23.564+0000] {processor.py:179} INFO - Processing /home/airflow/.local/lib/python3.7/site-packages/airflow/example_dags/example_sla_dag.py took 0.119 seconds
[2024-02-28T18:42:53.707+0000] {processor.py:157} INFO - Started process (PID=1240) to work on /home/airflow/.local/lib/python3.7/site-packages/airflow/example_dags/example_sla_dag.py
[2024-02-28T18:42:53.711+0000] {processor.py:826} INFO - Processing file /home/airflow/.local/lib/python3.7/site-packages/airflow/example_dags/example_sla_dag.py for tasks to queue
[2024-02-28T18:42:53.713+0000] {logging_mixin.py:150} INFO - [2024-02-28T18:42:53.712+0000] {dagbag.py:541} INFO - Filling up the DagBag from /home/airflow/.local/lib/python3.7/site-packages/airflow/example_dags/example_sla_dag.py
[2024-02-28T18:42:53.727+0000] {processor.py:836} INFO - DAG(s) dict_keys(['example_sla_dag']) retrieved from /home/airflow/.local/lib/python3.7/site-packages/airflow/example_dags/example_sla_dag.py
[2024-02-28T18:42:53.759+0000] {logging_mixin.py:150} INFO - [2024-02-28T18:42:53.759+0000] {dag.py:2742} INFO - Sync 1 DAGs
[2024-02-28T18:42:53.785+0000] {logging_mixin.py:150} INFO - [2024-02-28T18:42:53.785+0000] {dag.py:3508} INFO - Setting next_dagrun for example_sla_dag to 2024-02-28T18:40:00+00:00, run_after=2024-02-28T18:42:00+00:00
[2024-02-28T18:42:53.801+0000] {processor.py:179} INFO - Processing /home/airflow/.local/lib/python3.7/site-packages/airflow/example_dags/example_sla_dag.py took 0.102 seconds
[2024-02-28T18:43:23.936+0000] {processor.py:157} INFO - Started process (PID=1303) to work on /home/airflow/.local/lib/python3.7/site-packages/airflow/example_dags/example_sla_dag.py
[2024-02-28T18:43:23.938+0000] {processor.py:826} INFO - Processing file /home/airflow/.local/lib/python3.7/site-packages/airflow/example_dags/example_sla_dag.py for tasks to queue
[2024-02-28T18:43:23.940+0000] {logging_mixin.py:150} INFO - [2024-02-28T18:43:23.939+0000] {dagbag.py:541} INFO - Filling up the DagBag from /home/airflow/.local/lib/python3.7/site-packages/airflow/example_dags/example_sla_dag.py
[2024-02-28T18:43:23.952+0000] {processor.py:836} INFO - DAG(s) dict_keys(['example_sla_dag']) retrieved from /home/airflow/.local/lib/python3.7/site-packages/airflow/example_dags/example_sla_dag.py
[2024-02-28T18:43:23.978+0000] {logging_mixin.py:150} INFO - [2024-02-28T18:43:23.978+0000] {dag.py:2742} INFO - Sync 1 DAGs
[2024-02-28T18:43:24.005+0000] {logging_mixin.py:150} INFO - [2024-02-28T18:43:24.005+0000] {dag.py:3508} INFO - Setting next_dagrun for example_sla_dag to 2024-02-28T18:40:00+00:00, run_after=2024-02-28T18:42:00+00:00
[2024-02-28T18:43:24.029+0000] {processor.py:179} INFO - Processing /home/airflow/.local/lib/python3.7/site-packages/airflow/example_dags/example_sla_dag.py took 0.097 seconds
[2024-02-28T18:43:54.323+0000] {processor.py:157} INFO - Started process (PID=1366) to work on /home/airflow/.local/lib/python3.7/site-packages/airflow/example_dags/example_sla_dag.py
[2024-02-28T18:43:54.326+0000] {processor.py:826} INFO - Processing file /home/airflow/.local/lib/python3.7/site-packages/airflow/example_dags/example_sla_dag.py for tasks to queue
[2024-02-28T18:43:54.328+0000] {logging_mixin.py:150} INFO - [2024-02-28T18:43:54.328+0000] {dagbag.py:541} INFO - Filling up the DagBag from /home/airflow/.local/lib/python3.7/site-packages/airflow/example_dags/example_sla_dag.py
[2024-02-28T18:43:54.351+0000] {processor.py:836} INFO - DAG(s) dict_keys(['example_sla_dag']) retrieved from /home/airflow/.local/lib/python3.7/site-packages/airflow/example_dags/example_sla_dag.py
[2024-02-28T18:43:54.398+0000] {logging_mixin.py:150} INFO - [2024-02-28T18:43:54.398+0000] {dag.py:2742} INFO - Sync 1 DAGs
[2024-02-28T18:43:54.430+0000] {logging_mixin.py:150} INFO - [2024-02-28T18:43:54.430+0000] {dag.py:3508} INFO - Setting next_dagrun for example_sla_dag to 2024-02-28T18:40:00+00:00, run_after=2024-02-28T18:42:00+00:00
[2024-02-28T18:43:54.456+0000] {processor.py:179} INFO - Processing /home/airflow/.local/lib/python3.7/site-packages/airflow/example_dags/example_sla_dag.py took 0.140 seconds
[2024-02-28T18:44:25.033+0000] {processor.py:157} INFO - Started process (PID=1429) to work on /home/airflow/.local/lib/python3.7/site-packages/airflow/example_dags/example_sla_dag.py
[2024-02-28T18:44:25.037+0000] {processor.py:826} INFO - Processing file /home/airflow/.local/lib/python3.7/site-packages/airflow/example_dags/example_sla_dag.py for tasks to queue
[2024-02-28T18:44:25.040+0000] {logging_mixin.py:150} INFO - [2024-02-28T18:44:25.039+0000] {dagbag.py:541} INFO - Filling up the DagBag from /home/airflow/.local/lib/python3.7/site-packages/airflow/example_dags/example_sla_dag.py
[2024-02-28T18:44:25.053+0000] {processor.py:836} INFO - DAG(s) dict_keys(['example_sla_dag']) retrieved from /home/airflow/.local/lib/python3.7/site-packages/airflow/example_dags/example_sla_dag.py
[2024-02-28T18:44:25.110+0000] {logging_mixin.py:150} INFO - [2024-02-28T18:44:25.109+0000] {dag.py:2742} INFO - Sync 1 DAGs
[2024-02-28T18:44:25.149+0000] {logging_mixin.py:150} INFO - [2024-02-28T18:44:25.148+0000] {dag.py:3508} INFO - Setting next_dagrun for example_sla_dag to 2024-02-28T18:42:00+00:00, run_after=2024-02-28T18:44:00+00:00
[2024-02-28T18:44:25.175+0000] {processor.py:179} INFO - Processing /home/airflow/.local/lib/python3.7/site-packages/airflow/example_dags/example_sla_dag.py took 0.147 seconds
[2024-02-28T18:44:55.584+0000] {processor.py:157} INFO - Started process (PID=1492) to work on /home/airflow/.local/lib/python3.7/site-packages/airflow/example_dags/example_sla_dag.py
[2024-02-28T18:44:55.589+0000] {processor.py:826} INFO - Processing file /home/airflow/.local/lib/python3.7/site-packages/airflow/example_dags/example_sla_dag.py for tasks to queue
[2024-02-28T18:44:55.592+0000] {logging_mixin.py:150} INFO - [2024-02-28T18:44:55.591+0000] {dagbag.py:541} INFO - Filling up the DagBag from /home/airflow/.local/lib/python3.7/site-packages/airflow/example_dags/example_sla_dag.py
[2024-02-28T18:44:55.607+0000] {processor.py:836} INFO - DAG(s) dict_keys(['example_sla_dag']) retrieved from /home/airflow/.local/lib/python3.7/site-packages/airflow/example_dags/example_sla_dag.py
[2024-02-28T18:44:55.635+0000] {logging_mixin.py:150} INFO - [2024-02-28T18:44:55.635+0000] {dag.py:2742} INFO - Sync 1 DAGs
[2024-02-28T18:44:55.662+0000] {logging_mixin.py:150} INFO - [2024-02-28T18:44:55.662+0000] {dag.py:3508} INFO - Setting next_dagrun for example_sla_dag to 2024-02-28T18:42:00+00:00, run_after=2024-02-28T18:44:00+00:00
[2024-02-28T18:44:55.677+0000] {processor.py:179} INFO - Processing /home/airflow/.local/lib/python3.7/site-packages/airflow/example_dags/example_sla_dag.py took 0.100 seconds
[2024-02-28T18:45:26.326+0000] {processor.py:157} INFO - Started process (PID=1556) to work on /home/airflow/.local/lib/python3.7/site-packages/airflow/example_dags/example_sla_dag.py
[2024-02-28T18:45:26.329+0000] {processor.py:826} INFO - Processing file /home/airflow/.local/lib/python3.7/site-packages/airflow/example_dags/example_sla_dag.py for tasks to queue
[2024-02-28T18:45:26.332+0000] {logging_mixin.py:150} INFO - [2024-02-28T18:45:26.331+0000] {dagbag.py:541} INFO - Filling up the DagBag from /home/airflow/.local/lib/python3.7/site-packages/airflow/example_dags/example_sla_dag.py
[2024-02-28T18:45:26.344+0000] {processor.py:836} INFO - DAG(s) dict_keys(['example_sla_dag']) retrieved from /home/airflow/.local/lib/python3.7/site-packages/airflow/example_dags/example_sla_dag.py
[2024-02-28T18:45:26.371+0000] {logging_mixin.py:150} INFO - [2024-02-28T18:45:26.371+0000] {dag.py:2742} INFO - Sync 1 DAGs
[2024-02-28T18:45:26.395+0000] {logging_mixin.py:150} INFO - [2024-02-28T18:45:26.395+0000] {dag.py:3508} INFO - Setting next_dagrun for example_sla_dag to 2024-02-28T18:42:00+00:00, run_after=2024-02-28T18:44:00+00:00
[2024-02-28T18:45:26.416+0000] {processor.py:179} INFO - Processing /home/airflow/.local/lib/python3.7/site-packages/airflow/example_dags/example_sla_dag.py took 0.095 seconds
[2024-02-28T18:45:57.101+0000] {processor.py:157} INFO - Started process (PID=1619) to work on /home/airflow/.local/lib/python3.7/site-packages/airflow/example_dags/example_sla_dag.py
[2024-02-28T18:45:57.104+0000] {processor.py:826} INFO - Processing file /home/airflow/.local/lib/python3.7/site-packages/airflow/example_dags/example_sla_dag.py for tasks to queue
[2024-02-28T18:45:57.106+0000] {logging_mixin.py:150} INFO - [2024-02-28T18:45:57.105+0000] {dagbag.py:541} INFO - Filling up the DagBag from /home/airflow/.local/lib/python3.7/site-packages/airflow/example_dags/example_sla_dag.py
[2024-02-28T18:45:57.119+0000] {processor.py:836} INFO - DAG(s) dict_keys(['example_sla_dag']) retrieved from /home/airflow/.local/lib/python3.7/site-packages/airflow/example_dags/example_sla_dag.py
[2024-02-28T18:45:57.146+0000] {logging_mixin.py:150} INFO - [2024-02-28T18:45:57.145+0000] {dag.py:2742} INFO - Sync 1 DAGs
[2024-02-28T18:45:57.171+0000] {logging_mixin.py:150} INFO - [2024-02-28T18:45:57.171+0000] {dag.py:3508} INFO - Setting next_dagrun for example_sla_dag to 2024-02-28T18:42:00+00:00, run_after=2024-02-28T18:44:00+00:00
[2024-02-28T18:45:57.193+0000] {processor.py:179} INFO - Processing /home/airflow/.local/lib/python3.7/site-packages/airflow/example_dags/example_sla_dag.py took 0.098 seconds
[2024-02-28T18:46:27.584+0000] {processor.py:157} INFO - Started process (PID=1682) to work on /home/airflow/.local/lib/python3.7/site-packages/airflow/example_dags/example_sla_dag.py
[2024-02-28T18:46:27.586+0000] {processor.py:826} INFO - Processing file /home/airflow/.local/lib/python3.7/site-packages/airflow/example_dags/example_sla_dag.py for tasks to queue
[2024-02-28T18:46:27.589+0000] {logging_mixin.py:150} INFO - [2024-02-28T18:46:27.589+0000] {dagbag.py:541} INFO - Filling up the DagBag from /home/airflow/.local/lib/python3.7/site-packages/airflow/example_dags/example_sla_dag.py
[2024-02-28T18:46:27.600+0000] {processor.py:836} INFO - DAG(s) dict_keys(['example_sla_dag']) retrieved from /home/airflow/.local/lib/python3.7/site-packages/airflow/example_dags/example_sla_dag.py
[2024-02-28T18:46:27.630+0000] {logging_mixin.py:150} INFO - [2024-02-28T18:46:27.630+0000] {dag.py:2742} INFO - Sync 1 DAGs
[2024-02-28T18:46:27.652+0000] {logging_mixin.py:150} INFO - [2024-02-28T18:46:27.652+0000] {dag.py:3508} INFO - Setting next_dagrun for example_sla_dag to 2024-02-28T18:44:00+00:00, run_after=2024-02-28T18:46:00+00:00
[2024-02-28T18:46:27.669+0000] {processor.py:179} INFO - Processing /home/airflow/.local/lib/python3.7/site-packages/airflow/example_dags/example_sla_dag.py took 0.088 seconds
[2024-02-28T18:46:57.857+0000] {processor.py:157} INFO - Started process (PID=1745) to work on /home/airflow/.local/lib/python3.7/site-packages/airflow/example_dags/example_sla_dag.py
[2024-02-28T18:46:57.861+0000] {processor.py:826} INFO - Processing file /home/airflow/.local/lib/python3.7/site-packages/airflow/example_dags/example_sla_dag.py for tasks to queue
[2024-02-28T18:46:57.864+0000] {logging_mixin.py:150} INFO - [2024-02-28T18:46:57.864+0000] {dagbag.py:541} INFO - Filling up the DagBag from /home/airflow/.local/lib/python3.7/site-packages/airflow/example_dags/example_sla_dag.py
[2024-02-28T18:46:57.879+0000] {processor.py:836} INFO - DAG(s) dict_keys(['example_sla_dag']) retrieved from /home/airflow/.local/lib/python3.7/site-packages/airflow/example_dags/example_sla_dag.py
[2024-02-28T18:46:57.909+0000] {logging_mixin.py:150} INFO - [2024-02-28T18:46:57.908+0000] {dag.py:2742} INFO - Sync 1 DAGs
[2024-02-28T18:46:57.939+0000] {logging_mixin.py:150} INFO - [2024-02-28T18:46:57.939+0000] {dag.py:3508} INFO - Setting next_dagrun for example_sla_dag to 2024-02-28T18:44:00+00:00, run_after=2024-02-28T18:46:00+00:00
[2024-02-28T18:46:57.963+0000] {processor.py:179} INFO - Processing /home/airflow/.local/lib/python3.7/site-packages/airflow/example_dags/example_sla_dag.py took 0.113 seconds
[2024-02-28T18:47:28.338+0000] {processor.py:157} INFO - Started process (PID=1808) to work on /home/airflow/.local/lib/python3.7/site-packages/airflow/example_dags/example_sla_dag.py
[2024-02-28T18:47:28.344+0000] {processor.py:826} INFO - Processing file /home/airflow/.local/lib/python3.7/site-packages/airflow/example_dags/example_sla_dag.py for tasks to queue
[2024-02-28T18:47:28.347+0000] {logging_mixin.py:150} INFO - [2024-02-28T18:47:28.347+0000] {dagbag.py:541} INFO - Filling up the DagBag from /home/airflow/.local/lib/python3.7/site-packages/airflow/example_dags/example_sla_dag.py
[2024-02-28T18:47:28.361+0000] {processor.py:836} INFO - DAG(s) dict_keys(['example_sla_dag']) retrieved from /home/airflow/.local/lib/python3.7/site-packages/airflow/example_dags/example_sla_dag.py
[2024-02-28T18:47:28.392+0000] {logging_mixin.py:150} INFO - [2024-02-28T18:47:28.392+0000] {dag.py:2742} INFO - Sync 1 DAGs
[2024-02-28T18:47:28.426+0000] {logging_mixin.py:150} INFO - [2024-02-28T18:47:28.426+0000] {dag.py:3508} INFO - Setting next_dagrun for example_sla_dag to 2024-02-28T18:44:00+00:00, run_after=2024-02-28T18:46:00+00:00
[2024-02-28T18:47:28.449+0000] {processor.py:179} INFO - Processing /home/airflow/.local/lib/python3.7/site-packages/airflow/example_dags/example_sla_dag.py took 0.115 seconds
[2024-02-28T18:47:58.925+0000] {processor.py:157} INFO - Started process (PID=1871) to work on /home/airflow/.local/lib/python3.7/site-packages/airflow/example_dags/example_sla_dag.py
[2024-02-28T18:47:58.927+0000] {processor.py:826} INFO - Processing file /home/airflow/.local/lib/python3.7/site-packages/airflow/example_dags/example_sla_dag.py for tasks to queue
[2024-02-28T18:47:58.930+0000] {logging_mixin.py:150} INFO - [2024-02-28T18:47:58.929+0000] {dagbag.py:541} INFO - Filling up the DagBag from /home/airflow/.local/lib/python3.7/site-packages/airflow/example_dags/example_sla_dag.py
[2024-02-28T18:47:58.946+0000] {processor.py:836} INFO - DAG(s) dict_keys(['example_sla_dag']) retrieved from /home/airflow/.local/lib/python3.7/site-packages/airflow/example_dags/example_sla_dag.py
[2024-02-28T18:47:58.974+0000] {logging_mixin.py:150} INFO - [2024-02-28T18:47:58.974+0000] {dag.py:2742} INFO - Sync 1 DAGs
[2024-02-28T18:47:59.008+0000] {logging_mixin.py:150} INFO - [2024-02-28T18:47:59.008+0000] {dag.py:3508} INFO - Setting next_dagrun for example_sla_dag to 2024-02-28T18:44:00+00:00, run_after=2024-02-28T18:46:00+00:00
[2024-02-28T18:47:59.032+0000] {processor.py:179} INFO - Processing /home/airflow/.local/lib/python3.7/site-packages/airflow/example_dags/example_sla_dag.py took 0.112 seconds
[2024-02-28T18:48:29.422+0000] {processor.py:157} INFO - Started process (PID=1933) to work on /home/airflow/.local/lib/python3.7/site-packages/airflow/example_dags/example_sla_dag.py
[2024-02-28T18:48:29.426+0000] {processor.py:826} INFO - Processing file /home/airflow/.local/lib/python3.7/site-packages/airflow/example_dags/example_sla_dag.py for tasks to queue
[2024-02-28T18:48:29.428+0000] {logging_mixin.py:150} INFO - [2024-02-28T18:48:29.427+0000] {dagbag.py:541} INFO - Filling up the DagBag from /home/airflow/.local/lib/python3.7/site-packages/airflow/example_dags/example_sla_dag.py
[2024-02-28T18:48:29.441+0000] {processor.py:836} INFO - DAG(s) dict_keys(['example_sla_dag']) retrieved from /home/airflow/.local/lib/python3.7/site-packages/airflow/example_dags/example_sla_dag.py
[2024-02-28T18:48:29.471+0000] {logging_mixin.py:150} INFO - [2024-02-28T18:48:29.471+0000] {dag.py:2742} INFO - Sync 1 DAGs
[2024-02-28T18:48:29.494+0000] {logging_mixin.py:150} INFO - [2024-02-28T18:48:29.494+0000] {dag.py:3508} INFO - Setting next_dagrun for example_sla_dag to 2024-02-28T18:46:00+00:00, run_after=2024-02-28T18:48:00+00:00
[2024-02-28T18:48:29.520+0000] {processor.py:179} INFO - Processing /home/airflow/.local/lib/python3.7/site-packages/airflow/example_dags/example_sla_dag.py took 0.104 seconds
[2024-02-28T18:49:00.164+0000] {processor.py:157} INFO - Started process (PID=1996) to work on /home/airflow/.local/lib/python3.7/site-packages/airflow/example_dags/example_sla_dag.py
[2024-02-28T18:49:00.166+0000] {processor.py:826} INFO - Processing file /home/airflow/.local/lib/python3.7/site-packages/airflow/example_dags/example_sla_dag.py for tasks to queue
[2024-02-28T18:49:00.172+0000] {logging_mixin.py:150} INFO - [2024-02-28T18:49:00.171+0000] {dagbag.py:541} INFO - Filling up the DagBag from /home/airflow/.local/lib/python3.7/site-packages/airflow/example_dags/example_sla_dag.py
[2024-02-28T18:49:00.184+0000] {processor.py:836} INFO - DAG(s) dict_keys(['example_sla_dag']) retrieved from /home/airflow/.local/lib/python3.7/site-packages/airflow/example_dags/example_sla_dag.py
[2024-02-28T18:49:00.218+0000] {logging_mixin.py:150} INFO - [2024-02-28T18:49:00.218+0000] {dag.py:2742} INFO - Sync 1 DAGs
[2024-02-28T18:49:00.246+0000] {logging_mixin.py:150} INFO - [2024-02-28T18:49:00.246+0000] {dag.py:3508} INFO - Setting next_dagrun for example_sla_dag to 2024-02-28T18:46:00+00:00, run_after=2024-02-28T18:48:00+00:00
[2024-02-28T18:49:00.262+0000] {processor.py:179} INFO - Processing /home/airflow/.local/lib/python3.7/site-packages/airflow/example_dags/example_sla_dag.py took 0.101 seconds
[2024-02-28T18:49:31.721+0000] {processor.py:157} INFO - Started process (PID=2067) to work on /home/airflow/.local/lib/python3.7/site-packages/airflow/example_dags/example_sla_dag.py
[2024-02-28T18:49:31.725+0000] {processor.py:826} INFO - Processing file /home/airflow/.local/lib/python3.7/site-packages/airflow/example_dags/example_sla_dag.py for tasks to queue
[2024-02-28T18:49:31.729+0000] {logging_mixin.py:150} INFO - [2024-02-28T18:49:31.728+0000] {dagbag.py:541} INFO - Filling up the DagBag from /home/airflow/.local/lib/python3.7/site-packages/airflow/example_dags/example_sla_dag.py
[2024-02-28T18:49:31.755+0000] {processor.py:836} INFO - DAG(s) dict_keys(['example_sla_dag']) retrieved from /home/airflow/.local/lib/python3.7/site-packages/airflow/example_dags/example_sla_dag.py
[2024-02-28T18:49:31.799+0000] {logging_mixin.py:150} INFO - [2024-02-28T18:49:31.798+0000] {dag.py:2742} INFO - Sync 1 DAGs
[2024-02-28T18:49:31.858+0000] {logging_mixin.py:150} INFO - [2024-02-28T18:49:31.858+0000] {dag.py:3508} INFO - Setting next_dagrun for example_sla_dag to 2024-02-28T18:46:00+00:00, run_after=2024-02-28T18:48:00+00:00
[2024-02-28T18:49:31.888+0000] {processor.py:179} INFO - Processing /home/airflow/.local/lib/python3.7/site-packages/airflow/example_dags/example_sla_dag.py took 0.174 seconds
[2024-02-28T18:50:02.768+0000] {processor.py:157} INFO - Started process (PID=2126) to work on /home/airflow/.local/lib/python3.7/site-packages/airflow/example_dags/example_sla_dag.py
[2024-02-28T18:50:02.771+0000] {processor.py:826} INFO - Processing file /home/airflow/.local/lib/python3.7/site-packages/airflow/example_dags/example_sla_dag.py for tasks to queue
[2024-02-28T18:50:02.775+0000] {logging_mixin.py:150} INFO - [2024-02-28T18:50:02.774+0000] {dagbag.py:541} INFO - Filling up the DagBag from /home/airflow/.local/lib/python3.7/site-packages/airflow/example_dags/example_sla_dag.py
[2024-02-28T18:50:02.805+0000] {processor.py:836} INFO - DAG(s) dict_keys(['example_sla_dag']) retrieved from /home/airflow/.local/lib/python3.7/site-packages/airflow/example_dags/example_sla_dag.py
[2024-02-28T18:50:02.912+0000] {logging_mixin.py:150} INFO - [2024-02-28T18:50:02.912+0000] {dag.py:2742} INFO - Sync 1 DAGs
[2024-02-28T18:50:03.011+0000] {logging_mixin.py:150} INFO - [2024-02-28T18:50:03.011+0000] {dag.py:3508} INFO - Setting next_dagrun for example_sla_dag to 2024-02-28T18:48:00+00:00, run_after=2024-02-28T18:50:00+00:00
[2024-02-28T18:50:03.101+0000] {processor.py:179} INFO - Processing /home/airflow/.local/lib/python3.7/site-packages/airflow/example_dags/example_sla_dag.py took 0.343 seconds
[2024-02-28T18:50:33.266+0000] {processor.py:157} INFO - Started process (PID=2192) to work on /home/airflow/.local/lib/python3.7/site-packages/airflow/example_dags/example_sla_dag.py
[2024-02-28T18:50:33.271+0000] {processor.py:826} INFO - Processing file /home/airflow/.local/lib/python3.7/site-packages/airflow/example_dags/example_sla_dag.py for tasks to queue
[2024-02-28T18:50:33.275+0000] {logging_mixin.py:150} INFO - [2024-02-28T18:50:33.274+0000] {dagbag.py:541} INFO - Filling up the DagBag from /home/airflow/.local/lib/python3.7/site-packages/airflow/example_dags/example_sla_dag.py
[2024-02-28T18:50:33.287+0000] {processor.py:836} INFO - DAG(s) dict_keys(['example_sla_dag']) retrieved from /home/airflow/.local/lib/python3.7/site-packages/airflow/example_dags/example_sla_dag.py
[2024-02-28T18:50:33.314+0000] {logging_mixin.py:150} INFO - [2024-02-28T18:50:33.314+0000] {dag.py:2742} INFO - Sync 1 DAGs
[2024-02-28T18:50:33.336+0000] {logging_mixin.py:150} INFO - [2024-02-28T18:50:33.336+0000] {dag.py:3508} INFO - Setting next_dagrun for example_sla_dag to 2024-02-28T18:48:00+00:00, run_after=2024-02-28T18:50:00+00:00
[2024-02-28T18:50:33.351+0000] {processor.py:179} INFO - Processing /home/airflow/.local/lib/python3.7/site-packages/airflow/example_dags/example_sla_dag.py took 0.091 seconds
[2024-02-28T18:51:03.690+0000] {processor.py:157} INFO - Started process (PID=2255) to work on /home/airflow/.local/lib/python3.7/site-packages/airflow/example_dags/example_sla_dag.py
[2024-02-28T18:51:03.693+0000] {processor.py:826} INFO - Processing file /home/airflow/.local/lib/python3.7/site-packages/airflow/example_dags/example_sla_dag.py for tasks to queue
[2024-02-28T18:51:03.696+0000] {logging_mixin.py:150} INFO - [2024-02-28T18:51:03.695+0000] {dagbag.py:541} INFO - Filling up the DagBag from /home/airflow/.local/lib/python3.7/site-packages/airflow/example_dags/example_sla_dag.py
[2024-02-28T18:51:03.709+0000] {processor.py:836} INFO - DAG(s) dict_keys(['example_sla_dag']) retrieved from /home/airflow/.local/lib/python3.7/site-packages/airflow/example_dags/example_sla_dag.py
[2024-02-28T18:51:03.737+0000] {logging_mixin.py:150} INFO - [2024-02-28T18:51:03.737+0000] {dag.py:2742} INFO - Sync 1 DAGs
[2024-02-28T18:51:03.760+0000] {logging_mixin.py:150} INFO - [2024-02-28T18:51:03.760+0000] {dag.py:3508} INFO - Setting next_dagrun for example_sla_dag to 2024-02-28T18:48:00+00:00, run_after=2024-02-28T18:50:00+00:00
[2024-02-28T18:51:03.773+0000] {processor.py:179} INFO - Processing /home/airflow/.local/lib/python3.7/site-packages/airflow/example_dags/example_sla_dag.py took 0.089 seconds
[2024-02-28T18:51:33.967+0000] {processor.py:157} INFO - Started process (PID=2322) to work on /home/airflow/.local/lib/python3.7/site-packages/airflow/example_dags/example_sla_dag.py
[2024-02-28T18:51:33.970+0000] {processor.py:826} INFO - Processing file /home/airflow/.local/lib/python3.7/site-packages/airflow/example_dags/example_sla_dag.py for tasks to queue
[2024-02-28T18:51:33.972+0000] {logging_mixin.py:150} INFO - [2024-02-28T18:51:33.972+0000] {dagbag.py:541} INFO - Filling up the DagBag from /home/airflow/.local/lib/python3.7/site-packages/airflow/example_dags/example_sla_dag.py
[2024-02-28T18:51:33.984+0000] {processor.py:836} INFO - DAG(s) dict_keys(['example_sla_dag']) retrieved from /home/airflow/.local/lib/python3.7/site-packages/airflow/example_dags/example_sla_dag.py
[2024-02-28T18:51:34.010+0000] {logging_mixin.py:150} INFO - [2024-02-28T18:51:34.010+0000] {dag.py:2742} INFO - Sync 1 DAGs
[2024-02-28T18:51:34.033+0000] {logging_mixin.py:150} INFO - [2024-02-28T18:51:34.033+0000] {dag.py:3508} INFO - Setting next_dagrun for example_sla_dag to 2024-02-28T18:48:00+00:00, run_after=2024-02-28T18:50:00+00:00
[2024-02-28T18:51:34.046+0000] {processor.py:179} INFO - Processing /home/airflow/.local/lib/python3.7/site-packages/airflow/example_dags/example_sla_dag.py took 0.084 seconds
[2024-02-28T18:52:04.461+0000] {processor.py:157} INFO - Started process (PID=2389) to work on /home/airflow/.local/lib/python3.7/site-packages/airflow/example_dags/example_sla_dag.py
[2024-02-28T18:52:04.472+0000] {processor.py:826} INFO - Processing file /home/airflow/.local/lib/python3.7/site-packages/airflow/example_dags/example_sla_dag.py for tasks to queue
[2024-02-28T18:52:04.478+0000] {logging_mixin.py:150} INFO - [2024-02-28T18:52:04.478+0000] {dagbag.py:541} INFO - Filling up the DagBag from /home/airflow/.local/lib/python3.7/site-packages/airflow/example_dags/example_sla_dag.py
[2024-02-28T18:52:04.498+0000] {processor.py:836} INFO - DAG(s) dict_keys(['example_sla_dag']) retrieved from /home/airflow/.local/lib/python3.7/site-packages/airflow/example_dags/example_sla_dag.py
[2024-02-28T18:52:04.534+0000] {logging_mixin.py:150} INFO - [2024-02-28T18:52:04.534+0000] {dag.py:2742} INFO - Sync 1 DAGs
[2024-02-28T18:52:04.565+0000] {logging_mixin.py:150} INFO - [2024-02-28T18:52:04.565+0000] {dag.py:3508} INFO - Setting next_dagrun for example_sla_dag to 2024-02-28T18:50:00+00:00, run_after=2024-02-28T18:52:00+00:00
[2024-02-28T18:52:04.585+0000] {processor.py:179} INFO - Processing /home/airflow/.local/lib/python3.7/site-packages/airflow/example_dags/example_sla_dag.py took 0.130 seconds
[2024-02-28T18:52:34.867+0000] {processor.py:157} INFO - Started process (PID=2456) to work on /home/airflow/.local/lib/python3.7/site-packages/airflow/example_dags/example_sla_dag.py
[2024-02-28T18:52:34.872+0000] {processor.py:826} INFO - Processing file /home/airflow/.local/lib/python3.7/site-packages/airflow/example_dags/example_sla_dag.py for tasks to queue
[2024-02-28T18:52:34.877+0000] {logging_mixin.py:150} INFO - [2024-02-28T18:52:34.876+0000] {dagbag.py:541} INFO - Filling up the DagBag from /home/airflow/.local/lib/python3.7/site-packages/airflow/example_dags/example_sla_dag.py
[2024-02-28T18:52:34.902+0000] {processor.py:836} INFO - DAG(s) dict_keys(['example_sla_dag']) retrieved from /home/airflow/.local/lib/python3.7/site-packages/airflow/example_dags/example_sla_dag.py
[2024-02-28T18:52:34.952+0000] {logging_mixin.py:150} INFO - [2024-02-28T18:52:34.951+0000] {dag.py:2742} INFO - Sync 1 DAGs
[2024-02-28T18:52:34.990+0000] {logging_mixin.py:150} INFO - [2024-02-28T18:52:34.990+0000] {dag.py:3508} INFO - Setting next_dagrun for example_sla_dag to 2024-02-28T18:50:00+00:00, run_after=2024-02-28T18:52:00+00:00
[2024-02-28T18:52:35.019+0000] {processor.py:179} INFO - Processing /home/airflow/.local/lib/python3.7/site-packages/airflow/example_dags/example_sla_dag.py took 0.162 seconds
