[2024-02-28T18:33:09.596+0000] {processor.py:157} INFO - Started process (PID=44) to work on /home/airflow/.local/lib/python3.7/site-packages/airflow/example_dags/example_branch_operator_decorator.py
[2024-02-28T18:33:09.600+0000] {processor.py:826} INFO - Processing file /home/airflow/.local/lib/python3.7/site-packages/airflow/example_dags/example_branch_operator_decorator.py for tasks to queue
[2024-02-28T18:33:09.604+0000] {logging_mixin.py:150} INFO - [2024-02-28T18:33:09.603+0000] {dagbag.py:541} INFO - Filling up the DagBag from /home/airflow/.local/lib/python3.7/site-packages/airflow/example_dags/example_branch_operator_decorator.py
[2024-02-28T18:33:09.648+0000] {processor.py:836} INFO - DAG(s) dict_keys(['example_branch_python_operator_decorator']) retrieved from /home/airflow/.local/lib/python3.7/site-packages/airflow/example_dags/example_branch_operator_decorator.py
[2024-02-28T18:33:09.753+0000] {logging_mixin.py:150} INFO - [2024-02-28T18:33:09.752+0000] {dag.py:2742} INFO - Sync 1 DAGs
[2024-02-28T18:33:09.818+0000] {logging_mixin.py:150} INFO - [2024-02-28T18:33:09.817+0000] {dag.py:3508} INFO - Setting next_dagrun for example_branch_python_operator_decorator to 2024-02-27T00:00:00+00:00, run_after=2024-02-28T00:00:00+00:00
[2024-02-28T18:33:09.860+0000] {processor.py:179} INFO - Processing /home/airflow/.local/lib/python3.7/site-packages/airflow/example_dags/example_branch_operator_decorator.py took 0.268 seconds
[2024-02-28T18:33:40.072+0000] {processor.py:157} INFO - Started process (PID=107) to work on /home/airflow/.local/lib/python3.7/site-packages/airflow/example_dags/example_branch_operator_decorator.py
[2024-02-28T18:33:40.075+0000] {processor.py:826} INFO - Processing file /home/airflow/.local/lib/python3.7/site-packages/airflow/example_dags/example_branch_operator_decorator.py for tasks to queue
[2024-02-28T18:33:40.077+0000] {logging_mixin.py:150} INFO - [2024-02-28T18:33:40.077+0000] {dagbag.py:541} INFO - Filling up the DagBag from /home/airflow/.local/lib/python3.7/site-packages/airflow/example_dags/example_branch_operator_decorator.py
[2024-02-28T18:33:40.087+0000] {processor.py:836} INFO - DAG(s) dict_keys(['example_branch_python_operator_decorator']) retrieved from /home/airflow/.local/lib/python3.7/site-packages/airflow/example_dags/example_branch_operator_decorator.py
[2024-02-28T18:33:40.114+0000] {logging_mixin.py:150} INFO - [2024-02-28T18:33:40.114+0000] {dag.py:2742} INFO - Sync 1 DAGs
[2024-02-28T18:33:40.139+0000] {logging_mixin.py:150} INFO - [2024-02-28T18:33:40.139+0000] {dag.py:3508} INFO - Setting next_dagrun for example_branch_python_operator_decorator to 2024-02-27T00:00:00+00:00, run_after=2024-02-28T00:00:00+00:00
[2024-02-28T18:33:40.156+0000] {processor.py:179} INFO - Processing /home/airflow/.local/lib/python3.7/site-packages/airflow/example_dags/example_branch_operator_decorator.py took 0.087 seconds
[2024-02-28T18:34:11.136+0000] {processor.py:157} INFO - Started process (PID=170) to work on /home/airflow/.local/lib/python3.7/site-packages/airflow/example_dags/example_branch_operator_decorator.py
[2024-02-28T18:34:11.138+0000] {processor.py:826} INFO - Processing file /home/airflow/.local/lib/python3.7/site-packages/airflow/example_dags/example_branch_operator_decorator.py for tasks to queue
[2024-02-28T18:34:11.140+0000] {logging_mixin.py:150} INFO - [2024-02-28T18:34:11.140+0000] {dagbag.py:541} INFO - Filling up the DagBag from /home/airflow/.local/lib/python3.7/site-packages/airflow/example_dags/example_branch_operator_decorator.py
[2024-02-28T18:34:11.157+0000] {processor.py:836} INFO - DAG(s) dict_keys(['example_branch_python_operator_decorator']) retrieved from /home/airflow/.local/lib/python3.7/site-packages/airflow/example_dags/example_branch_operator_decorator.py
[2024-02-28T18:34:11.203+0000] {logging_mixin.py:150} INFO - [2024-02-28T18:34:11.203+0000] {dag.py:2742} INFO - Sync 1 DAGs
[2024-02-28T18:34:11.230+0000] {logging_mixin.py:150} INFO - [2024-02-28T18:34:11.230+0000] {dag.py:3508} INFO - Setting next_dagrun for example_branch_python_operator_decorator to 2024-02-27T00:00:00+00:00, run_after=2024-02-28T00:00:00+00:00
[2024-02-28T18:34:11.247+0000] {processor.py:179} INFO - Processing /home/airflow/.local/lib/python3.7/site-packages/airflow/example_dags/example_branch_operator_decorator.py took 0.115 seconds
[2024-02-28T18:34:42.358+0000] {processor.py:157} INFO - Started process (PID=233) to work on /home/airflow/.local/lib/python3.7/site-packages/airflow/example_dags/example_branch_operator_decorator.py
[2024-02-28T18:34:42.361+0000] {processor.py:826} INFO - Processing file /home/airflow/.local/lib/python3.7/site-packages/airflow/example_dags/example_branch_operator_decorator.py for tasks to queue
[2024-02-28T18:34:42.364+0000] {logging_mixin.py:150} INFO - [2024-02-28T18:34:42.363+0000] {dagbag.py:541} INFO - Filling up the DagBag from /home/airflow/.local/lib/python3.7/site-packages/airflow/example_dags/example_branch_operator_decorator.py
[2024-02-28T18:34:42.377+0000] {processor.py:836} INFO - DAG(s) dict_keys(['example_branch_python_operator_decorator']) retrieved from /home/airflow/.local/lib/python3.7/site-packages/airflow/example_dags/example_branch_operator_decorator.py
[2024-02-28T18:34:42.400+0000] {logging_mixin.py:150} INFO - [2024-02-28T18:34:42.400+0000] {dag.py:2742} INFO - Sync 1 DAGs
[2024-02-28T18:34:42.423+0000] {logging_mixin.py:150} INFO - [2024-02-28T18:34:42.423+0000] {dag.py:3508} INFO - Setting next_dagrun for example_branch_python_operator_decorator to 2024-02-27T00:00:00+00:00, run_after=2024-02-28T00:00:00+00:00
[2024-02-28T18:34:42.439+0000] {processor.py:179} INFO - Processing /home/airflow/.local/lib/python3.7/site-packages/airflow/example_dags/example_branch_operator_decorator.py took 0.084 seconds
[2024-02-28T18:35:13.555+0000] {processor.py:157} INFO - Started process (PID=297) to work on /home/airflow/.local/lib/python3.7/site-packages/airflow/example_dags/example_branch_operator_decorator.py
[2024-02-28T18:35:13.558+0000] {processor.py:826} INFO - Processing file /home/airflow/.local/lib/python3.7/site-packages/airflow/example_dags/example_branch_operator_decorator.py for tasks to queue
[2024-02-28T18:35:13.561+0000] {logging_mixin.py:150} INFO - [2024-02-28T18:35:13.561+0000] {dagbag.py:541} INFO - Filling up the DagBag from /home/airflow/.local/lib/python3.7/site-packages/airflow/example_dags/example_branch_operator_decorator.py
[2024-02-28T18:35:13.573+0000] {processor.py:836} INFO - DAG(s) dict_keys(['example_branch_python_operator_decorator']) retrieved from /home/airflow/.local/lib/python3.7/site-packages/airflow/example_dags/example_branch_operator_decorator.py
[2024-02-28T18:35:13.606+0000] {logging_mixin.py:150} INFO - [2024-02-28T18:35:13.606+0000] {dag.py:2742} INFO - Sync 1 DAGs
[2024-02-28T18:35:13.631+0000] {logging_mixin.py:150} INFO - [2024-02-28T18:35:13.631+0000] {dag.py:3508} INFO - Setting next_dagrun for example_branch_python_operator_decorator to 2024-02-27T00:00:00+00:00, run_after=2024-02-28T00:00:00+00:00
[2024-02-28T18:35:13.651+0000] {processor.py:179} INFO - Processing /home/airflow/.local/lib/python3.7/site-packages/airflow/example_dags/example_branch_operator_decorator.py took 0.099 seconds
[2024-02-28T18:35:44.389+0000] {processor.py:157} INFO - Started process (PID=361) to work on /home/airflow/.local/lib/python3.7/site-packages/airflow/example_dags/example_branch_operator_decorator.py
[2024-02-28T18:35:44.391+0000] {processor.py:826} INFO - Processing file /home/airflow/.local/lib/python3.7/site-packages/airflow/example_dags/example_branch_operator_decorator.py for tasks to queue
[2024-02-28T18:35:44.392+0000] {logging_mixin.py:150} INFO - [2024-02-28T18:35:44.392+0000] {dagbag.py:541} INFO - Filling up the DagBag from /home/airflow/.local/lib/python3.7/site-packages/airflow/example_dags/example_branch_operator_decorator.py
[2024-02-28T18:35:44.401+0000] {processor.py:836} INFO - DAG(s) dict_keys(['example_branch_python_operator_decorator']) retrieved from /home/airflow/.local/lib/python3.7/site-packages/airflow/example_dags/example_branch_operator_decorator.py
[2024-02-28T18:35:44.432+0000] {logging_mixin.py:150} INFO - [2024-02-28T18:35:44.432+0000] {dag.py:2742} INFO - Sync 1 DAGs
[2024-02-28T18:35:44.465+0000] {logging_mixin.py:150} INFO - [2024-02-28T18:35:44.464+0000] {dag.py:3508} INFO - Setting next_dagrun for example_branch_python_operator_decorator to 2024-02-27T00:00:00+00:00, run_after=2024-02-28T00:00:00+00:00
[2024-02-28T18:35:44.486+0000] {processor.py:179} INFO - Processing /home/airflow/.local/lib/python3.7/site-packages/airflow/example_dags/example_branch_operator_decorator.py took 0.100 seconds
[2024-02-28T18:36:15.472+0000] {processor.py:157} INFO - Started process (PID=424) to work on /home/airflow/.local/lib/python3.7/site-packages/airflow/example_dags/example_branch_operator_decorator.py
[2024-02-28T18:36:15.474+0000] {processor.py:826} INFO - Processing file /home/airflow/.local/lib/python3.7/site-packages/airflow/example_dags/example_branch_operator_decorator.py for tasks to queue
[2024-02-28T18:36:15.475+0000] {logging_mixin.py:150} INFO - [2024-02-28T18:36:15.475+0000] {dagbag.py:541} INFO - Filling up the DagBag from /home/airflow/.local/lib/python3.7/site-packages/airflow/example_dags/example_branch_operator_decorator.py
[2024-02-28T18:36:15.485+0000] {processor.py:836} INFO - DAG(s) dict_keys(['example_branch_python_operator_decorator']) retrieved from /home/airflow/.local/lib/python3.7/site-packages/airflow/example_dags/example_branch_operator_decorator.py
[2024-02-28T18:36:15.517+0000] {logging_mixin.py:150} INFO - [2024-02-28T18:36:15.517+0000] {dag.py:2742} INFO - Sync 1 DAGs
[2024-02-28T18:36:15.545+0000] {logging_mixin.py:150} INFO - [2024-02-28T18:36:15.545+0000] {dag.py:3508} INFO - Setting next_dagrun for example_branch_python_operator_decorator to 2024-02-27T00:00:00+00:00, run_after=2024-02-28T00:00:00+00:00
[2024-02-28T18:36:15.574+0000] {processor.py:179} INFO - Processing /home/airflow/.local/lib/python3.7/site-packages/airflow/example_dags/example_branch_operator_decorator.py took 0.105 seconds
[2024-02-28T18:36:47.119+0000] {processor.py:157} INFO - Started process (PID=487) to work on /home/airflow/.local/lib/python3.7/site-packages/airflow/example_dags/example_branch_operator_decorator.py
[2024-02-28T18:36:47.122+0000] {processor.py:826} INFO - Processing file /home/airflow/.local/lib/python3.7/site-packages/airflow/example_dags/example_branch_operator_decorator.py for tasks to queue
[2024-02-28T18:36:47.126+0000] {logging_mixin.py:150} INFO - [2024-02-28T18:36:47.125+0000] {dagbag.py:541} INFO - Filling up the DagBag from /home/airflow/.local/lib/python3.7/site-packages/airflow/example_dags/example_branch_operator_decorator.py
[2024-02-28T18:36:47.152+0000] {processor.py:836} INFO - DAG(s) dict_keys(['example_branch_python_operator_decorator']) retrieved from /home/airflow/.local/lib/python3.7/site-packages/airflow/example_dags/example_branch_operator_decorator.py
[2024-02-28T18:36:47.199+0000] {logging_mixin.py:150} INFO - [2024-02-28T18:36:47.199+0000] {dag.py:2742} INFO - Sync 1 DAGs
[2024-02-28T18:36:47.228+0000] {logging_mixin.py:150} INFO - [2024-02-28T18:36:47.228+0000] {dag.py:3508} INFO - Setting next_dagrun for example_branch_python_operator_decorator to 2024-02-27T00:00:00+00:00, run_after=2024-02-28T00:00:00+00:00
[2024-02-28T18:36:47.274+0000] {processor.py:179} INFO - Processing /home/airflow/.local/lib/python3.7/site-packages/airflow/example_dags/example_branch_operator_decorator.py took 0.159 seconds
[2024-02-28T18:37:17.911+0000] {processor.py:157} INFO - Started process (PID=550) to work on /home/airflow/.local/lib/python3.7/site-packages/airflow/example_dags/example_branch_operator_decorator.py
[2024-02-28T18:37:17.913+0000] {processor.py:826} INFO - Processing file /home/airflow/.local/lib/python3.7/site-packages/airflow/example_dags/example_branch_operator_decorator.py for tasks to queue
[2024-02-28T18:37:17.914+0000] {logging_mixin.py:150} INFO - [2024-02-28T18:37:17.914+0000] {dagbag.py:541} INFO - Filling up the DagBag from /home/airflow/.local/lib/python3.7/site-packages/airflow/example_dags/example_branch_operator_decorator.py
[2024-02-28T18:37:17.927+0000] {processor.py:836} INFO - DAG(s) dict_keys(['example_branch_python_operator_decorator']) retrieved from /home/airflow/.local/lib/python3.7/site-packages/airflow/example_dags/example_branch_operator_decorator.py
[2024-02-28T18:37:17.964+0000] {logging_mixin.py:150} INFO - [2024-02-28T18:37:17.964+0000] {dag.py:2742} INFO - Sync 1 DAGs
[2024-02-28T18:37:17.993+0000] {logging_mixin.py:150} INFO - [2024-02-28T18:37:17.993+0000] {dag.py:3508} INFO - Setting next_dagrun for example_branch_python_operator_decorator to 2024-02-27T00:00:00+00:00, run_after=2024-02-28T00:00:00+00:00
[2024-02-28T18:37:18.013+0000] {processor.py:179} INFO - Processing /home/airflow/.local/lib/python3.7/site-packages/airflow/example_dags/example_branch_operator_decorator.py took 0.107 seconds
[2024-02-28T18:37:48.264+0000] {processor.py:157} INFO - Started process (PID=613) to work on /home/airflow/.local/lib/python3.7/site-packages/airflow/example_dags/example_branch_operator_decorator.py
[2024-02-28T18:37:48.267+0000] {processor.py:826} INFO - Processing file /home/airflow/.local/lib/python3.7/site-packages/airflow/example_dags/example_branch_operator_decorator.py for tasks to queue
[2024-02-28T18:37:48.269+0000] {logging_mixin.py:150} INFO - [2024-02-28T18:37:48.269+0000] {dagbag.py:541} INFO - Filling up the DagBag from /home/airflow/.local/lib/python3.7/site-packages/airflow/example_dags/example_branch_operator_decorator.py
[2024-02-28T18:37:48.279+0000] {processor.py:836} INFO - DAG(s) dict_keys(['example_branch_python_operator_decorator']) retrieved from /home/airflow/.local/lib/python3.7/site-packages/airflow/example_dags/example_branch_operator_decorator.py
[2024-02-28T18:37:48.311+0000] {logging_mixin.py:150} INFO - [2024-02-28T18:37:48.311+0000] {dag.py:2742} INFO - Sync 1 DAGs
[2024-02-28T18:37:48.338+0000] {logging_mixin.py:150} INFO - [2024-02-28T18:37:48.338+0000] {dag.py:3508} INFO - Setting next_dagrun for example_branch_python_operator_decorator to 2024-02-27T00:00:00+00:00, run_after=2024-02-28T00:00:00+00:00
[2024-02-28T18:37:48.358+0000] {processor.py:179} INFO - Processing /home/airflow/.local/lib/python3.7/site-packages/airflow/example_dags/example_branch_operator_decorator.py took 0.098 seconds
[2024-02-28T18:38:18.672+0000] {processor.py:157} INFO - Started process (PID=675) to work on /home/airflow/.local/lib/python3.7/site-packages/airflow/example_dags/example_branch_operator_decorator.py
[2024-02-28T18:38:18.678+0000] {processor.py:826} INFO - Processing file /home/airflow/.local/lib/python3.7/site-packages/airflow/example_dags/example_branch_operator_decorator.py for tasks to queue
[2024-02-28T18:38:18.683+0000] {logging_mixin.py:150} INFO - [2024-02-28T18:38:18.682+0000] {dagbag.py:541} INFO - Filling up the DagBag from /home/airflow/.local/lib/python3.7/site-packages/airflow/example_dags/example_branch_operator_decorator.py
[2024-02-28T18:38:18.698+0000] {processor.py:836} INFO - DAG(s) dict_keys(['example_branch_python_operator_decorator']) retrieved from /home/airflow/.local/lib/python3.7/site-packages/airflow/example_dags/example_branch_operator_decorator.py
[2024-02-28T18:38:18.741+0000] {logging_mixin.py:150} INFO - [2024-02-28T18:38:18.740+0000] {dag.py:2742} INFO - Sync 1 DAGs
[2024-02-28T18:38:18.771+0000] {logging_mixin.py:150} INFO - [2024-02-28T18:38:18.771+0000] {dag.py:3508} INFO - Setting next_dagrun for example_branch_python_operator_decorator to 2024-02-27T00:00:00+00:00, run_after=2024-02-28T00:00:00+00:00
[2024-02-28T18:38:18.792+0000] {processor.py:179} INFO - Processing /home/airflow/.local/lib/python3.7/site-packages/airflow/example_dags/example_branch_operator_decorator.py took 0.128 seconds
[2024-02-28T18:38:49.348+0000] {processor.py:157} INFO - Started process (PID=737) to work on /home/airflow/.local/lib/python3.7/site-packages/airflow/example_dags/example_branch_operator_decorator.py
[2024-02-28T18:38:49.351+0000] {processor.py:826} INFO - Processing file /home/airflow/.local/lib/python3.7/site-packages/airflow/example_dags/example_branch_operator_decorator.py for tasks to queue
[2024-02-28T18:38:49.357+0000] {logging_mixin.py:150} INFO - [2024-02-28T18:38:49.356+0000] {dagbag.py:541} INFO - Filling up the DagBag from /home/airflow/.local/lib/python3.7/site-packages/airflow/example_dags/example_branch_operator_decorator.py
[2024-02-28T18:38:49.375+0000] {processor.py:836} INFO - DAG(s) dict_keys(['example_branch_python_operator_decorator']) retrieved from /home/airflow/.local/lib/python3.7/site-packages/airflow/example_dags/example_branch_operator_decorator.py
[2024-02-28T18:38:49.437+0000] {logging_mixin.py:150} INFO - [2024-02-28T18:38:49.436+0000] {dag.py:2742} INFO - Sync 1 DAGs
[2024-02-28T18:38:49.498+0000] {logging_mixin.py:150} INFO - [2024-02-28T18:38:49.497+0000] {dag.py:3508} INFO - Setting next_dagrun for example_branch_python_operator_decorator to 2024-02-27T00:00:00+00:00, run_after=2024-02-28T00:00:00+00:00
[2024-02-28T18:38:49.534+0000] {processor.py:179} INFO - Processing /home/airflow/.local/lib/python3.7/site-packages/airflow/example_dags/example_branch_operator_decorator.py took 0.190 seconds
[2024-02-28T18:39:20.281+0000] {processor.py:157} INFO - Started process (PID=800) to work on /home/airflow/.local/lib/python3.7/site-packages/airflow/example_dags/example_branch_operator_decorator.py
[2024-02-28T18:39:20.287+0000] {processor.py:826} INFO - Processing file /home/airflow/.local/lib/python3.7/site-packages/airflow/example_dags/example_branch_operator_decorator.py for tasks to queue
[2024-02-28T18:39:20.290+0000] {logging_mixin.py:150} INFO - [2024-02-28T18:39:20.289+0000] {dagbag.py:541} INFO - Filling up the DagBag from /home/airflow/.local/lib/python3.7/site-packages/airflow/example_dags/example_branch_operator_decorator.py
[2024-02-28T18:39:20.302+0000] {processor.py:836} INFO - DAG(s) dict_keys(['example_branch_python_operator_decorator']) retrieved from /home/airflow/.local/lib/python3.7/site-packages/airflow/example_dags/example_branch_operator_decorator.py
[2024-02-28T18:39:20.346+0000] {logging_mixin.py:150} INFO - [2024-02-28T18:39:20.346+0000] {dag.py:2742} INFO - Sync 1 DAGs
[2024-02-28T18:39:20.385+0000] {logging_mixin.py:150} INFO - [2024-02-28T18:39:20.384+0000] {dag.py:3508} INFO - Setting next_dagrun for example_branch_python_operator_decorator to 2024-02-27T00:00:00+00:00, run_after=2024-02-28T00:00:00+00:00
[2024-02-28T18:39:20.419+0000] {processor.py:179} INFO - Processing /home/airflow/.local/lib/python3.7/site-packages/airflow/example_dags/example_branch_operator_decorator.py took 0.143 seconds
[2024-02-28T18:39:50.908+0000] {processor.py:157} INFO - Started process (PID=864) to work on /home/airflow/.local/lib/python3.7/site-packages/airflow/example_dags/example_branch_operator_decorator.py
[2024-02-28T18:39:50.911+0000] {processor.py:826} INFO - Processing file /home/airflow/.local/lib/python3.7/site-packages/airflow/example_dags/example_branch_operator_decorator.py for tasks to queue
[2024-02-28T18:39:50.916+0000] {logging_mixin.py:150} INFO - [2024-02-28T18:39:50.915+0000] {dagbag.py:541} INFO - Filling up the DagBag from /home/airflow/.local/lib/python3.7/site-packages/airflow/example_dags/example_branch_operator_decorator.py
[2024-02-28T18:39:50.933+0000] {processor.py:836} INFO - DAG(s) dict_keys(['example_branch_python_operator_decorator']) retrieved from /home/airflow/.local/lib/python3.7/site-packages/airflow/example_dags/example_branch_operator_decorator.py
[2024-02-28T18:39:50.967+0000] {logging_mixin.py:150} INFO - [2024-02-28T18:39:50.967+0000] {dag.py:2742} INFO - Sync 1 DAGs
[2024-02-28T18:39:50.989+0000] {logging_mixin.py:150} INFO - [2024-02-28T18:39:50.989+0000] {dag.py:3508} INFO - Setting next_dagrun for example_branch_python_operator_decorator to 2024-02-27T00:00:00+00:00, run_after=2024-02-28T00:00:00+00:00
[2024-02-28T18:39:51.009+0000] {processor.py:179} INFO - Processing /home/airflow/.local/lib/python3.7/site-packages/airflow/example_dags/example_branch_operator_decorator.py took 0.104 seconds
[2024-02-28T18:40:21.784+0000] {processor.py:157} INFO - Started process (PID=927) to work on /home/airflow/.local/lib/python3.7/site-packages/airflow/example_dags/example_branch_operator_decorator.py
[2024-02-28T18:40:21.788+0000] {processor.py:826} INFO - Processing file /home/airflow/.local/lib/python3.7/site-packages/airflow/example_dags/example_branch_operator_decorator.py for tasks to queue
[2024-02-28T18:40:21.790+0000] {logging_mixin.py:150} INFO - [2024-02-28T18:40:21.789+0000] {dagbag.py:541} INFO - Filling up the DagBag from /home/airflow/.local/lib/python3.7/site-packages/airflow/example_dags/example_branch_operator_decorator.py
[2024-02-28T18:40:21.800+0000] {processor.py:836} INFO - DAG(s) dict_keys(['example_branch_python_operator_decorator']) retrieved from /home/airflow/.local/lib/python3.7/site-packages/airflow/example_dags/example_branch_operator_decorator.py
[2024-02-28T18:40:21.831+0000] {logging_mixin.py:150} INFO - [2024-02-28T18:40:21.831+0000] {dag.py:2742} INFO - Sync 1 DAGs
[2024-02-28T18:40:21.860+0000] {logging_mixin.py:150} INFO - [2024-02-28T18:40:21.859+0000] {dag.py:3508} INFO - Setting next_dagrun for example_branch_python_operator_decorator to 2024-02-27T00:00:00+00:00, run_after=2024-02-28T00:00:00+00:00
[2024-02-28T18:40:21.878+0000] {processor.py:179} INFO - Processing /home/airflow/.local/lib/python3.7/site-packages/airflow/example_dags/example_branch_operator_decorator.py took 0.099 seconds
[2024-02-28T18:40:52.486+0000] {processor.py:157} INFO - Started process (PID=990) to work on /home/airflow/.local/lib/python3.7/site-packages/airflow/example_dags/example_branch_operator_decorator.py
[2024-02-28T18:40:52.489+0000] {processor.py:826} INFO - Processing file /home/airflow/.local/lib/python3.7/site-packages/airflow/example_dags/example_branch_operator_decorator.py for tasks to queue
[2024-02-28T18:40:52.490+0000] {logging_mixin.py:150} INFO - [2024-02-28T18:40:52.490+0000] {dagbag.py:541} INFO - Filling up the DagBag from /home/airflow/.local/lib/python3.7/site-packages/airflow/example_dags/example_branch_operator_decorator.py
[2024-02-28T18:40:52.500+0000] {processor.py:836} INFO - DAG(s) dict_keys(['example_branch_python_operator_decorator']) retrieved from /home/airflow/.local/lib/python3.7/site-packages/airflow/example_dags/example_branch_operator_decorator.py
[2024-02-28T18:40:52.532+0000] {logging_mixin.py:150} INFO - [2024-02-28T18:40:52.531+0000] {dag.py:2742} INFO - Sync 1 DAGs
[2024-02-28T18:40:52.558+0000] {logging_mixin.py:150} INFO - [2024-02-28T18:40:52.558+0000] {dag.py:3508} INFO - Setting next_dagrun for example_branch_python_operator_decorator to 2024-02-27T00:00:00+00:00, run_after=2024-02-28T00:00:00+00:00
[2024-02-28T18:40:52.581+0000] {processor.py:179} INFO - Processing /home/airflow/.local/lib/python3.7/site-packages/airflow/example_dags/example_branch_operator_decorator.py took 0.098 seconds
[2024-02-28T18:41:22.633+0000] {processor.py:157} INFO - Started process (PID=1053) to work on /home/airflow/.local/lib/python3.7/site-packages/airflow/example_dags/example_branch_operator_decorator.py
[2024-02-28T18:41:22.635+0000] {processor.py:826} INFO - Processing file /home/airflow/.local/lib/python3.7/site-packages/airflow/example_dags/example_branch_operator_decorator.py for tasks to queue
[2024-02-28T18:41:22.637+0000] {logging_mixin.py:150} INFO - [2024-02-28T18:41:22.637+0000] {dagbag.py:541} INFO - Filling up the DagBag from /home/airflow/.local/lib/python3.7/site-packages/airflow/example_dags/example_branch_operator_decorator.py
[2024-02-28T18:41:22.650+0000] {processor.py:836} INFO - DAG(s) dict_keys(['example_branch_python_operator_decorator']) retrieved from /home/airflow/.local/lib/python3.7/site-packages/airflow/example_dags/example_branch_operator_decorator.py
[2024-02-28T18:41:22.690+0000] {logging_mixin.py:150} INFO - [2024-02-28T18:41:22.690+0000] {dag.py:2742} INFO - Sync 1 DAGs
[2024-02-28T18:41:22.715+0000] {logging_mixin.py:150} INFO - [2024-02-28T18:41:22.715+0000] {dag.py:3508} INFO - Setting next_dagrun for example_branch_python_operator_decorator to 2024-02-27T00:00:00+00:00, run_after=2024-02-28T00:00:00+00:00
[2024-02-28T18:41:22.736+0000] {processor.py:179} INFO - Processing /home/airflow/.local/lib/python3.7/site-packages/airflow/example_dags/example_branch_operator_decorator.py took 0.106 seconds
[2024-02-28T18:41:52.850+0000] {processor.py:157} INFO - Started process (PID=1115) to work on /home/airflow/.local/lib/python3.7/site-packages/airflow/example_dags/example_branch_operator_decorator.py
[2024-02-28T18:41:52.858+0000] {processor.py:826} INFO - Processing file /home/airflow/.local/lib/python3.7/site-packages/airflow/example_dags/example_branch_operator_decorator.py for tasks to queue
[2024-02-28T18:41:52.862+0000] {logging_mixin.py:150} INFO - [2024-02-28T18:41:52.861+0000] {dagbag.py:541} INFO - Filling up the DagBag from /home/airflow/.local/lib/python3.7/site-packages/airflow/example_dags/example_branch_operator_decorator.py
[2024-02-28T18:41:52.876+0000] {processor.py:836} INFO - DAG(s) dict_keys(['example_branch_python_operator_decorator']) retrieved from /home/airflow/.local/lib/python3.7/site-packages/airflow/example_dags/example_branch_operator_decorator.py
[2024-02-28T18:41:52.906+0000] {logging_mixin.py:150} INFO - [2024-02-28T18:41:52.906+0000] {dag.py:2742} INFO - Sync 1 DAGs
[2024-02-28T18:41:52.928+0000] {logging_mixin.py:150} INFO - [2024-02-28T18:41:52.928+0000] {dag.py:3508} INFO - Setting next_dagrun for example_branch_python_operator_decorator to 2024-02-27T00:00:00+00:00, run_after=2024-02-28T00:00:00+00:00
[2024-02-28T18:41:52.945+0000] {processor.py:179} INFO - Processing /home/airflow/.local/lib/python3.7/site-packages/airflow/example_dags/example_branch_operator_decorator.py took 0.098 seconds
[2024-02-28T18:42:23.594+0000] {processor.py:157} INFO - Started process (PID=1178) to work on /home/airflow/.local/lib/python3.7/site-packages/airflow/example_dags/example_branch_operator_decorator.py
[2024-02-28T18:42:23.597+0000] {processor.py:826} INFO - Processing file /home/airflow/.local/lib/python3.7/site-packages/airflow/example_dags/example_branch_operator_decorator.py for tasks to queue
[2024-02-28T18:42:23.600+0000] {logging_mixin.py:150} INFO - [2024-02-28T18:42:23.600+0000] {dagbag.py:541} INFO - Filling up the DagBag from /home/airflow/.local/lib/python3.7/site-packages/airflow/example_dags/example_branch_operator_decorator.py
[2024-02-28T18:42:23.610+0000] {processor.py:836} INFO - DAG(s) dict_keys(['example_branch_python_operator_decorator']) retrieved from /home/airflow/.local/lib/python3.7/site-packages/airflow/example_dags/example_branch_operator_decorator.py
[2024-02-28T18:42:23.643+0000] {logging_mixin.py:150} INFO - [2024-02-28T18:42:23.643+0000] {dag.py:2742} INFO - Sync 1 DAGs
[2024-02-28T18:42:23.669+0000] {logging_mixin.py:150} INFO - [2024-02-28T18:42:23.669+0000] {dag.py:3508} INFO - Setting next_dagrun for example_branch_python_operator_decorator to 2024-02-27T00:00:00+00:00, run_after=2024-02-28T00:00:00+00:00
[2024-02-28T18:42:23.701+0000] {processor.py:179} INFO - Processing /home/airflow/.local/lib/python3.7/site-packages/airflow/example_dags/example_branch_operator_decorator.py took 0.110 seconds
[2024-02-28T18:42:53.838+0000] {processor.py:157} INFO - Started process (PID=1241) to work on /home/airflow/.local/lib/python3.7/site-packages/airflow/example_dags/example_branch_operator_decorator.py
[2024-02-28T18:42:53.841+0000] {processor.py:826} INFO - Processing file /home/airflow/.local/lib/python3.7/site-packages/airflow/example_dags/example_branch_operator_decorator.py for tasks to queue
[2024-02-28T18:42:53.842+0000] {logging_mixin.py:150} INFO - [2024-02-28T18:42:53.842+0000] {dagbag.py:541} INFO - Filling up the DagBag from /home/airflow/.local/lib/python3.7/site-packages/airflow/example_dags/example_branch_operator_decorator.py
[2024-02-28T18:42:53.852+0000] {processor.py:836} INFO - DAG(s) dict_keys(['example_branch_python_operator_decorator']) retrieved from /home/airflow/.local/lib/python3.7/site-packages/airflow/example_dags/example_branch_operator_decorator.py
[2024-02-28T18:42:53.881+0000] {logging_mixin.py:150} INFO - [2024-02-28T18:42:53.881+0000] {dag.py:2742} INFO - Sync 1 DAGs
[2024-02-28T18:42:53.902+0000] {logging_mixin.py:150} INFO - [2024-02-28T18:42:53.902+0000] {dag.py:3508} INFO - Setting next_dagrun for example_branch_python_operator_decorator to 2024-02-27T00:00:00+00:00, run_after=2024-02-28T00:00:00+00:00
[2024-02-28T18:42:53.921+0000] {processor.py:179} INFO - Processing /home/airflow/.local/lib/python3.7/site-packages/airflow/example_dags/example_branch_operator_decorator.py took 0.087 seconds
[2024-02-28T18:43:24.051+0000] {processor.py:157} INFO - Started process (PID=1304) to work on /home/airflow/.local/lib/python3.7/site-packages/airflow/example_dags/example_branch_operator_decorator.py
[2024-02-28T18:43:24.054+0000] {processor.py:826} INFO - Processing file /home/airflow/.local/lib/python3.7/site-packages/airflow/example_dags/example_branch_operator_decorator.py for tasks to queue
[2024-02-28T18:43:24.057+0000] {logging_mixin.py:150} INFO - [2024-02-28T18:43:24.056+0000] {dagbag.py:541} INFO - Filling up the DagBag from /home/airflow/.local/lib/python3.7/site-packages/airflow/example_dags/example_branch_operator_decorator.py
[2024-02-28T18:43:24.069+0000] {processor.py:836} INFO - DAG(s) dict_keys(['example_branch_python_operator_decorator']) retrieved from /home/airflow/.local/lib/python3.7/site-packages/airflow/example_dags/example_branch_operator_decorator.py
[2024-02-28T18:43:24.099+0000] {logging_mixin.py:150} INFO - [2024-02-28T18:43:24.099+0000] {dag.py:2742} INFO - Sync 1 DAGs
[2024-02-28T18:43:24.122+0000] {logging_mixin.py:150} INFO - [2024-02-28T18:43:24.122+0000] {dag.py:3508} INFO - Setting next_dagrun for example_branch_python_operator_decorator to 2024-02-27T00:00:00+00:00, run_after=2024-02-28T00:00:00+00:00
[2024-02-28T18:43:24.139+0000] {processor.py:179} INFO - Processing /home/airflow/.local/lib/python3.7/site-packages/airflow/example_dags/example_branch_operator_decorator.py took 0.092 seconds
[2024-02-28T18:43:54.508+0000] {processor.py:157} INFO - Started process (PID=1367) to work on /home/airflow/.local/lib/python3.7/site-packages/airflow/example_dags/example_branch_operator_decorator.py
[2024-02-28T18:43:54.512+0000] {processor.py:826} INFO - Processing file /home/airflow/.local/lib/python3.7/site-packages/airflow/example_dags/example_branch_operator_decorator.py for tasks to queue
[2024-02-28T18:43:54.515+0000] {logging_mixin.py:150} INFO - [2024-02-28T18:43:54.514+0000] {dagbag.py:541} INFO - Filling up the DagBag from /home/airflow/.local/lib/python3.7/site-packages/airflow/example_dags/example_branch_operator_decorator.py
[2024-02-28T18:43:54.526+0000] {processor.py:836} INFO - DAG(s) dict_keys(['example_branch_python_operator_decorator']) retrieved from /home/airflow/.local/lib/python3.7/site-packages/airflow/example_dags/example_branch_operator_decorator.py
[2024-02-28T18:43:54.559+0000] {logging_mixin.py:150} INFO - [2024-02-28T18:43:54.559+0000] {dag.py:2742} INFO - Sync 1 DAGs
[2024-02-28T18:43:54.588+0000] {logging_mixin.py:150} INFO - [2024-02-28T18:43:54.588+0000] {dag.py:3508} INFO - Setting next_dagrun for example_branch_python_operator_decorator to 2024-02-27T00:00:00+00:00, run_after=2024-02-28T00:00:00+00:00
[2024-02-28T18:43:54.611+0000] {processor.py:179} INFO - Processing /home/airflow/.local/lib/python3.7/site-packages/airflow/example_dags/example_branch_operator_decorator.py took 0.114 seconds
[2024-02-28T18:44:25.211+0000] {processor.py:157} INFO - Started process (PID=1430) to work on /home/airflow/.local/lib/python3.7/site-packages/airflow/example_dags/example_branch_operator_decorator.py
[2024-02-28T18:44:25.214+0000] {processor.py:826} INFO - Processing file /home/airflow/.local/lib/python3.7/site-packages/airflow/example_dags/example_branch_operator_decorator.py for tasks to queue
[2024-02-28T18:44:25.217+0000] {logging_mixin.py:150} INFO - [2024-02-28T18:44:25.216+0000] {dagbag.py:541} INFO - Filling up the DagBag from /home/airflow/.local/lib/python3.7/site-packages/airflow/example_dags/example_branch_operator_decorator.py
[2024-02-28T18:44:25.235+0000] {processor.py:836} INFO - DAG(s) dict_keys(['example_branch_python_operator_decorator']) retrieved from /home/airflow/.local/lib/python3.7/site-packages/airflow/example_dags/example_branch_operator_decorator.py
[2024-02-28T18:44:25.275+0000] {logging_mixin.py:150} INFO - [2024-02-28T18:44:25.275+0000] {dag.py:2742} INFO - Sync 1 DAGs
[2024-02-28T18:44:25.304+0000] {logging_mixin.py:150} INFO - [2024-02-28T18:44:25.304+0000] {dag.py:3508} INFO - Setting next_dagrun for example_branch_python_operator_decorator to 2024-02-27T00:00:00+00:00, run_after=2024-02-28T00:00:00+00:00
[2024-02-28T18:44:25.330+0000] {processor.py:179} INFO - Processing /home/airflow/.local/lib/python3.7/site-packages/airflow/example_dags/example_branch_operator_decorator.py took 0.122 seconds
[2024-02-28T18:44:55.703+0000] {processor.py:157} INFO - Started process (PID=1493) to work on /home/airflow/.local/lib/python3.7/site-packages/airflow/example_dags/example_branch_operator_decorator.py
[2024-02-28T18:44:55.705+0000] {processor.py:826} INFO - Processing file /home/airflow/.local/lib/python3.7/site-packages/airflow/example_dags/example_branch_operator_decorator.py for tasks to queue
[2024-02-28T18:44:55.706+0000] {logging_mixin.py:150} INFO - [2024-02-28T18:44:55.706+0000] {dagbag.py:541} INFO - Filling up the DagBag from /home/airflow/.local/lib/python3.7/site-packages/airflow/example_dags/example_branch_operator_decorator.py
[2024-02-28T18:44:55.718+0000] {processor.py:836} INFO - DAG(s) dict_keys(['example_branch_python_operator_decorator']) retrieved from /home/airflow/.local/lib/python3.7/site-packages/airflow/example_dags/example_branch_operator_decorator.py
[2024-02-28T18:44:55.748+0000] {logging_mixin.py:150} INFO - [2024-02-28T18:44:55.748+0000] {dag.py:2742} INFO - Sync 1 DAGs
[2024-02-28T18:44:55.770+0000] {logging_mixin.py:150} INFO - [2024-02-28T18:44:55.770+0000] {dag.py:3508} INFO - Setting next_dagrun for example_branch_python_operator_decorator to 2024-02-27T00:00:00+00:00, run_after=2024-02-28T00:00:00+00:00
[2024-02-28T18:44:55.795+0000] {processor.py:179} INFO - Processing /home/airflow/.local/lib/python3.7/site-packages/airflow/example_dags/example_branch_operator_decorator.py took 0.095 seconds
[2024-02-28T18:45:26.443+0000] {processor.py:157} INFO - Started process (PID=1557) to work on /home/airflow/.local/lib/python3.7/site-packages/airflow/example_dags/example_branch_operator_decorator.py
[2024-02-28T18:45:26.445+0000] {processor.py:826} INFO - Processing file /home/airflow/.local/lib/python3.7/site-packages/airflow/example_dags/example_branch_operator_decorator.py for tasks to queue
[2024-02-28T18:45:26.447+0000] {logging_mixin.py:150} INFO - [2024-02-28T18:45:26.447+0000] {dagbag.py:541} INFO - Filling up the DagBag from /home/airflow/.local/lib/python3.7/site-packages/airflow/example_dags/example_branch_operator_decorator.py
[2024-02-28T18:45:26.458+0000] {processor.py:836} INFO - DAG(s) dict_keys(['example_branch_python_operator_decorator']) retrieved from /home/airflow/.local/lib/python3.7/site-packages/airflow/example_dags/example_branch_operator_decorator.py
[2024-02-28T18:45:26.486+0000] {logging_mixin.py:150} INFO - [2024-02-28T18:45:26.486+0000] {dag.py:2742} INFO - Sync 1 DAGs
[2024-02-28T18:45:26.510+0000] {logging_mixin.py:150} INFO - [2024-02-28T18:45:26.510+0000] {dag.py:3508} INFO - Setting next_dagrun for example_branch_python_operator_decorator to 2024-02-27T00:00:00+00:00, run_after=2024-02-28T00:00:00+00:00
[2024-02-28T18:45:26.525+0000] {processor.py:179} INFO - Processing /home/airflow/.local/lib/python3.7/site-packages/airflow/example_dags/example_branch_operator_decorator.py took 0.086 seconds
[2024-02-28T18:45:57.212+0000] {processor.py:157} INFO - Started process (PID=1620) to work on /home/airflow/.local/lib/python3.7/site-packages/airflow/example_dags/example_branch_operator_decorator.py
[2024-02-28T18:45:57.214+0000] {processor.py:826} INFO - Processing file /home/airflow/.local/lib/python3.7/site-packages/airflow/example_dags/example_branch_operator_decorator.py for tasks to queue
[2024-02-28T18:45:57.219+0000] {logging_mixin.py:150} INFO - [2024-02-28T18:45:57.218+0000] {dagbag.py:541} INFO - Filling up the DagBag from /home/airflow/.local/lib/python3.7/site-packages/airflow/example_dags/example_branch_operator_decorator.py
[2024-02-28T18:45:57.239+0000] {processor.py:836} INFO - DAG(s) dict_keys(['example_branch_python_operator_decorator']) retrieved from /home/airflow/.local/lib/python3.7/site-packages/airflow/example_dags/example_branch_operator_decorator.py
[2024-02-28T18:45:57.299+0000] {logging_mixin.py:150} INFO - [2024-02-28T18:45:57.299+0000] {dag.py:2742} INFO - Sync 1 DAGs
[2024-02-28T18:45:57.329+0000] {logging_mixin.py:150} INFO - [2024-02-28T18:45:57.329+0000] {dag.py:3508} INFO - Setting next_dagrun for example_branch_python_operator_decorator to 2024-02-27T00:00:00+00:00, run_after=2024-02-28T00:00:00+00:00
[2024-02-28T18:45:57.347+0000] {processor.py:179} INFO - Processing /home/airflow/.local/lib/python3.7/site-packages/airflow/example_dags/example_branch_operator_decorator.py took 0.140 seconds
[2024-02-28T18:46:27.697+0000] {processor.py:157} INFO - Started process (PID=1683) to work on /home/airflow/.local/lib/python3.7/site-packages/airflow/example_dags/example_branch_operator_decorator.py
[2024-02-28T18:46:27.699+0000] {processor.py:826} INFO - Processing file /home/airflow/.local/lib/python3.7/site-packages/airflow/example_dags/example_branch_operator_decorator.py for tasks to queue
[2024-02-28T18:46:27.701+0000] {logging_mixin.py:150} INFO - [2024-02-28T18:46:27.700+0000] {dagbag.py:541} INFO - Filling up the DagBag from /home/airflow/.local/lib/python3.7/site-packages/airflow/example_dags/example_branch_operator_decorator.py
[2024-02-28T18:46:27.710+0000] {processor.py:836} INFO - DAG(s) dict_keys(['example_branch_python_operator_decorator']) retrieved from /home/airflow/.local/lib/python3.7/site-packages/airflow/example_dags/example_branch_operator_decorator.py
[2024-02-28T18:46:27.733+0000] {logging_mixin.py:150} INFO - [2024-02-28T18:46:27.733+0000] {dag.py:2742} INFO - Sync 1 DAGs
[2024-02-28T18:46:27.752+0000] {logging_mixin.py:150} INFO - [2024-02-28T18:46:27.752+0000] {dag.py:3508} INFO - Setting next_dagrun for example_branch_python_operator_decorator to 2024-02-27T00:00:00+00:00, run_after=2024-02-28T00:00:00+00:00
[2024-02-28T18:46:27.765+0000] {processor.py:179} INFO - Processing /home/airflow/.local/lib/python3.7/site-packages/airflow/example_dags/example_branch_operator_decorator.py took 0.071 seconds
[2024-02-28T18:46:57.981+0000] {processor.py:157} INFO - Started process (PID=1746) to work on /home/airflow/.local/lib/python3.7/site-packages/airflow/example_dags/example_branch_operator_decorator.py
[2024-02-28T18:46:57.983+0000] {processor.py:826} INFO - Processing file /home/airflow/.local/lib/python3.7/site-packages/airflow/example_dags/example_branch_operator_decorator.py for tasks to queue
[2024-02-28T18:46:57.985+0000] {logging_mixin.py:150} INFO - [2024-02-28T18:46:57.984+0000] {dagbag.py:541} INFO - Filling up the DagBag from /home/airflow/.local/lib/python3.7/site-packages/airflow/example_dags/example_branch_operator_decorator.py
[2024-02-28T18:46:57.996+0000] {processor.py:836} INFO - DAG(s) dict_keys(['example_branch_python_operator_decorator']) retrieved from /home/airflow/.local/lib/python3.7/site-packages/airflow/example_dags/example_branch_operator_decorator.py
[2024-02-28T18:46:58.022+0000] {logging_mixin.py:150} INFO - [2024-02-28T18:46:58.022+0000] {dag.py:2742} INFO - Sync 1 DAGs
[2024-02-28T18:46:58.050+0000] {logging_mixin.py:150} INFO - [2024-02-28T18:46:58.050+0000] {dag.py:3508} INFO - Setting next_dagrun for example_branch_python_operator_decorator to 2024-02-27T00:00:00+00:00, run_after=2024-02-28T00:00:00+00:00
[2024-02-28T18:46:58.073+0000] {processor.py:179} INFO - Processing /home/airflow/.local/lib/python3.7/site-packages/airflow/example_dags/example_branch_operator_decorator.py took 0.095 seconds
[2024-02-28T18:47:28.465+0000] {processor.py:157} INFO - Started process (PID=1809) to work on /home/airflow/.local/lib/python3.7/site-packages/airflow/example_dags/example_branch_operator_decorator.py
[2024-02-28T18:47:28.467+0000] {processor.py:826} INFO - Processing file /home/airflow/.local/lib/python3.7/site-packages/airflow/example_dags/example_branch_operator_decorator.py for tasks to queue
[2024-02-28T18:47:28.471+0000] {logging_mixin.py:150} INFO - [2024-02-28T18:47:28.470+0000] {dagbag.py:541} INFO - Filling up the DagBag from /home/airflow/.local/lib/python3.7/site-packages/airflow/example_dags/example_branch_operator_decorator.py
[2024-02-28T18:47:28.484+0000] {processor.py:836} INFO - DAG(s) dict_keys(['example_branch_python_operator_decorator']) retrieved from /home/airflow/.local/lib/python3.7/site-packages/airflow/example_dags/example_branch_operator_decorator.py
[2024-02-28T18:47:28.511+0000] {logging_mixin.py:150} INFO - [2024-02-28T18:47:28.511+0000] {dag.py:2742} INFO - Sync 1 DAGs
[2024-02-28T18:47:28.532+0000] {logging_mixin.py:150} INFO - [2024-02-28T18:47:28.532+0000] {dag.py:3508} INFO - Setting next_dagrun for example_branch_python_operator_decorator to 2024-02-27T00:00:00+00:00, run_after=2024-02-28T00:00:00+00:00
[2024-02-28T18:47:28.554+0000] {processor.py:179} INFO - Processing /home/airflow/.local/lib/python3.7/site-packages/airflow/example_dags/example_branch_operator_decorator.py took 0.095 seconds
[2024-02-28T18:47:59.054+0000] {processor.py:157} INFO - Started process (PID=1872) to work on /home/airflow/.local/lib/python3.7/site-packages/airflow/example_dags/example_branch_operator_decorator.py
[2024-02-28T18:47:59.055+0000] {processor.py:826} INFO - Processing file /home/airflow/.local/lib/python3.7/site-packages/airflow/example_dags/example_branch_operator_decorator.py for tasks to queue
[2024-02-28T18:47:59.057+0000] {logging_mixin.py:150} INFO - [2024-02-28T18:47:59.057+0000] {dagbag.py:541} INFO - Filling up the DagBag from /home/airflow/.local/lib/python3.7/site-packages/airflow/example_dags/example_branch_operator_decorator.py
[2024-02-28T18:47:59.068+0000] {processor.py:836} INFO - DAG(s) dict_keys(['example_branch_python_operator_decorator']) retrieved from /home/airflow/.local/lib/python3.7/site-packages/airflow/example_dags/example_branch_operator_decorator.py
[2024-02-28T18:47:59.097+0000] {logging_mixin.py:150} INFO - [2024-02-28T18:47:59.097+0000] {dag.py:2742} INFO - Sync 1 DAGs
[2024-02-28T18:47:59.126+0000] {logging_mixin.py:150} INFO - [2024-02-28T18:47:59.125+0000] {dag.py:3508} INFO - Setting next_dagrun for example_branch_python_operator_decorator to 2024-02-27T00:00:00+00:00, run_after=2024-02-28T00:00:00+00:00
[2024-02-28T18:47:59.144+0000] {processor.py:179} INFO - Processing /home/airflow/.local/lib/python3.7/site-packages/airflow/example_dags/example_branch_operator_decorator.py took 0.093 seconds
[2024-02-28T18:48:29.543+0000] {processor.py:157} INFO - Started process (PID=1934) to work on /home/airflow/.local/lib/python3.7/site-packages/airflow/example_dags/example_branch_operator_decorator.py
[2024-02-28T18:48:29.546+0000] {processor.py:826} INFO - Processing file /home/airflow/.local/lib/python3.7/site-packages/airflow/example_dags/example_branch_operator_decorator.py for tasks to queue
[2024-02-28T18:48:29.548+0000] {logging_mixin.py:150} INFO - [2024-02-28T18:48:29.547+0000] {dagbag.py:541} INFO - Filling up the DagBag from /home/airflow/.local/lib/python3.7/site-packages/airflow/example_dags/example_branch_operator_decorator.py
[2024-02-28T18:48:29.562+0000] {processor.py:836} INFO - DAG(s) dict_keys(['example_branch_python_operator_decorator']) retrieved from /home/airflow/.local/lib/python3.7/site-packages/airflow/example_dags/example_branch_operator_decorator.py
[2024-02-28T18:48:29.590+0000] {logging_mixin.py:150} INFO - [2024-02-28T18:48:29.590+0000] {dag.py:2742} INFO - Sync 1 DAGs
[2024-02-28T18:48:29.613+0000] {logging_mixin.py:150} INFO - [2024-02-28T18:48:29.613+0000] {dag.py:3508} INFO - Setting next_dagrun for example_branch_python_operator_decorator to 2024-02-27T00:00:00+00:00, run_after=2024-02-28T00:00:00+00:00
[2024-02-28T18:48:29.633+0000] {processor.py:179} INFO - Processing /home/airflow/.local/lib/python3.7/site-packages/airflow/example_dags/example_branch_operator_decorator.py took 0.094 seconds
[2024-02-28T18:49:00.301+0000] {processor.py:157} INFO - Started process (PID=1997) to work on /home/airflow/.local/lib/python3.7/site-packages/airflow/example_dags/example_branch_operator_decorator.py
[2024-02-28T18:49:00.304+0000] {processor.py:826} INFO - Processing file /home/airflow/.local/lib/python3.7/site-packages/airflow/example_dags/example_branch_operator_decorator.py for tasks to queue
[2024-02-28T18:49:00.307+0000] {logging_mixin.py:150} INFO - [2024-02-28T18:49:00.306+0000] {dagbag.py:541} INFO - Filling up the DagBag from /home/airflow/.local/lib/python3.7/site-packages/airflow/example_dags/example_branch_operator_decorator.py
[2024-02-28T18:49:00.320+0000] {processor.py:836} INFO - DAG(s) dict_keys(['example_branch_python_operator_decorator']) retrieved from /home/airflow/.local/lib/python3.7/site-packages/airflow/example_dags/example_branch_operator_decorator.py
[2024-02-28T18:49:00.354+0000] {logging_mixin.py:150} INFO - [2024-02-28T18:49:00.354+0000] {dag.py:2742} INFO - Sync 1 DAGs
[2024-02-28T18:49:00.377+0000] {logging_mixin.py:150} INFO - [2024-02-28T18:49:00.377+0000] {dag.py:3508} INFO - Setting next_dagrun for example_branch_python_operator_decorator to 2024-02-27T00:00:00+00:00, run_after=2024-02-28T00:00:00+00:00
[2024-02-28T18:49:00.393+0000] {processor.py:179} INFO - Processing /home/airflow/.local/lib/python3.7/site-packages/airflow/example_dags/example_branch_operator_decorator.py took 0.097 seconds
[2024-02-28T18:49:31.939+0000] {processor.py:157} INFO - Started process (PID=2068) to work on /home/airflow/.local/lib/python3.7/site-packages/airflow/example_dags/example_branch_operator_decorator.py
[2024-02-28T18:49:31.945+0000] {processor.py:826} INFO - Processing file /home/airflow/.local/lib/python3.7/site-packages/airflow/example_dags/example_branch_operator_decorator.py for tasks to queue
[2024-02-28T18:49:31.954+0000] {logging_mixin.py:150} INFO - [2024-02-28T18:49:31.952+0000] {dagbag.py:541} INFO - Filling up the DagBag from /home/airflow/.local/lib/python3.7/site-packages/airflow/example_dags/example_branch_operator_decorator.py
[2024-02-28T18:49:31.971+0000] {processor.py:836} INFO - DAG(s) dict_keys(['example_branch_python_operator_decorator']) retrieved from /home/airflow/.local/lib/python3.7/site-packages/airflow/example_dags/example_branch_operator_decorator.py
[2024-02-28T18:49:32.015+0000] {logging_mixin.py:150} INFO - [2024-02-28T18:49:32.014+0000] {dag.py:2742} INFO - Sync 1 DAGs
[2024-02-28T18:49:32.069+0000] {logging_mixin.py:150} INFO - [2024-02-28T18:49:32.069+0000] {dag.py:3508} INFO - Setting next_dagrun for example_branch_python_operator_decorator to 2024-02-27T00:00:00+00:00, run_after=2024-02-28T00:00:00+00:00
[2024-02-28T18:49:32.109+0000] {processor.py:179} INFO - Processing /home/airflow/.local/lib/python3.7/site-packages/airflow/example_dags/example_branch_operator_decorator.py took 0.177 seconds
[2024-02-28T18:50:03.201+0000] {processor.py:157} INFO - Started process (PID=2130) to work on /home/airflow/.local/lib/python3.7/site-packages/airflow/example_dags/example_branch_operator_decorator.py
[2024-02-28T18:50:03.214+0000] {processor.py:826} INFO - Processing file /home/airflow/.local/lib/python3.7/site-packages/airflow/example_dags/example_branch_operator_decorator.py for tasks to queue
[2024-02-28T18:50:03.221+0000] {logging_mixin.py:150} INFO - [2024-02-28T18:50:03.217+0000] {dagbag.py:541} INFO - Filling up the DagBag from /home/airflow/.local/lib/python3.7/site-packages/airflow/example_dags/example_branch_operator_decorator.py
[2024-02-28T18:50:03.263+0000] {processor.py:836} INFO - DAG(s) dict_keys(['example_branch_python_operator_decorator']) retrieved from /home/airflow/.local/lib/python3.7/site-packages/airflow/example_dags/example_branch_operator_decorator.py
[2024-02-28T18:50:03.403+0000] {logging_mixin.py:150} INFO - [2024-02-28T18:50:03.402+0000] {dag.py:2742} INFO - Sync 1 DAGs
[2024-02-28T18:50:03.491+0000] {logging_mixin.py:150} INFO - [2024-02-28T18:50:03.491+0000] {dag.py:3508} INFO - Setting next_dagrun for example_branch_python_operator_decorator to 2024-02-27T00:00:00+00:00, run_after=2024-02-28T00:00:00+00:00
[2024-02-28T18:50:03.586+0000] {processor.py:179} INFO - Processing /home/airflow/.local/lib/python3.7/site-packages/airflow/example_dags/example_branch_operator_decorator.py took 0.415 seconds
[2024-02-28T18:50:34.305+0000] {processor.py:157} INFO - Started process (PID=2193) to work on /home/airflow/.local/lib/python3.7/site-packages/airflow/example_dags/example_branch_operator_decorator.py
[2024-02-28T18:50:34.311+0000] {processor.py:826} INFO - Processing file /home/airflow/.local/lib/python3.7/site-packages/airflow/example_dags/example_branch_operator_decorator.py for tasks to queue
[2024-02-28T18:50:34.314+0000] {logging_mixin.py:150} INFO - [2024-02-28T18:50:34.313+0000] {dagbag.py:541} INFO - Filling up the DagBag from /home/airflow/.local/lib/python3.7/site-packages/airflow/example_dags/example_branch_operator_decorator.py
[2024-02-28T18:50:34.332+0000] {processor.py:836} INFO - DAG(s) dict_keys(['example_branch_python_operator_decorator']) retrieved from /home/airflow/.local/lib/python3.7/site-packages/airflow/example_dags/example_branch_operator_decorator.py
[2024-02-28T18:50:34.363+0000] {logging_mixin.py:150} INFO - [2024-02-28T18:50:34.363+0000] {dag.py:2742} INFO - Sync 1 DAGs
[2024-02-28T18:50:34.388+0000] {logging_mixin.py:150} INFO - [2024-02-28T18:50:34.388+0000] {dag.py:3508} INFO - Setting next_dagrun for example_branch_python_operator_decorator to 2024-02-27T00:00:00+00:00, run_after=2024-02-28T00:00:00+00:00
[2024-02-28T18:50:34.408+0000] {processor.py:179} INFO - Processing /home/airflow/.local/lib/python3.7/site-packages/airflow/example_dags/example_branch_operator_decorator.py took 0.112 seconds
[2024-02-28T18:51:04.726+0000] {processor.py:157} INFO - Started process (PID=2256) to work on /home/airflow/.local/lib/python3.7/site-packages/airflow/example_dags/example_branch_operator_decorator.py
[2024-02-28T18:51:04.732+0000] {processor.py:826} INFO - Processing file /home/airflow/.local/lib/python3.7/site-packages/airflow/example_dags/example_branch_operator_decorator.py for tasks to queue
[2024-02-28T18:51:04.736+0000] {logging_mixin.py:150} INFO - [2024-02-28T18:51:04.736+0000] {dagbag.py:541} INFO - Filling up the DagBag from /home/airflow/.local/lib/python3.7/site-packages/airflow/example_dags/example_branch_operator_decorator.py
[2024-02-28T18:51:04.756+0000] {processor.py:836} INFO - DAG(s) dict_keys(['example_branch_python_operator_decorator']) retrieved from /home/airflow/.local/lib/python3.7/site-packages/airflow/example_dags/example_branch_operator_decorator.py
[2024-02-28T18:51:04.788+0000] {logging_mixin.py:150} INFO - [2024-02-28T18:51:04.788+0000] {dag.py:2742} INFO - Sync 1 DAGs
[2024-02-28T18:51:04.814+0000] {logging_mixin.py:150} INFO - [2024-02-28T18:51:04.814+0000] {dag.py:3508} INFO - Setting next_dagrun for example_branch_python_operator_decorator to 2024-02-27T00:00:00+00:00, run_after=2024-02-28T00:00:00+00:00
[2024-02-28T18:51:04.834+0000] {processor.py:179} INFO - Processing /home/airflow/.local/lib/python3.7/site-packages/airflow/example_dags/example_branch_operator_decorator.py took 0.116 seconds
[2024-02-28T18:51:35.038+0000] {processor.py:157} INFO - Started process (PID=2323) to work on /home/airflow/.local/lib/python3.7/site-packages/airflow/example_dags/example_branch_operator_decorator.py
[2024-02-28T18:51:35.044+0000] {processor.py:826} INFO - Processing file /home/airflow/.local/lib/python3.7/site-packages/airflow/example_dags/example_branch_operator_decorator.py for tasks to queue
[2024-02-28T18:51:35.048+0000] {logging_mixin.py:150} INFO - [2024-02-28T18:51:35.047+0000] {dagbag.py:541} INFO - Filling up the DagBag from /home/airflow/.local/lib/python3.7/site-packages/airflow/example_dags/example_branch_operator_decorator.py
[2024-02-28T18:51:35.071+0000] {processor.py:836} INFO - DAG(s) dict_keys(['example_branch_python_operator_decorator']) retrieved from /home/airflow/.local/lib/python3.7/site-packages/airflow/example_dags/example_branch_operator_decorator.py
[2024-02-28T18:51:35.114+0000] {logging_mixin.py:150} INFO - [2024-02-28T18:51:35.114+0000] {dag.py:2742} INFO - Sync 1 DAGs
[2024-02-28T18:51:35.186+0000] {logging_mixin.py:150} INFO - [2024-02-28T18:51:35.186+0000] {dag.py:3508} INFO - Setting next_dagrun for example_branch_python_operator_decorator to 2024-02-27T00:00:00+00:00, run_after=2024-02-28T00:00:00+00:00
[2024-02-28T18:51:35.236+0000] {processor.py:179} INFO - Processing /home/airflow/.local/lib/python3.7/site-packages/airflow/example_dags/example_branch_operator_decorator.py took 0.207 seconds
[2024-02-28T18:52:05.623+0000] {processor.py:157} INFO - Started process (PID=2397) to work on /home/airflow/.local/lib/python3.7/site-packages/airflow/example_dags/example_branch_operator_decorator.py
[2024-02-28T18:52:05.630+0000] {processor.py:826} INFO - Processing file /home/airflow/.local/lib/python3.7/site-packages/airflow/example_dags/example_branch_operator_decorator.py for tasks to queue
[2024-02-28T18:52:05.633+0000] {logging_mixin.py:150} INFO - [2024-02-28T18:52:05.633+0000] {dagbag.py:541} INFO - Filling up the DagBag from /home/airflow/.local/lib/python3.7/site-packages/airflow/example_dags/example_branch_operator_decorator.py
[2024-02-28T18:52:05.654+0000] {processor.py:836} INFO - DAG(s) dict_keys(['example_branch_python_operator_decorator']) retrieved from /home/airflow/.local/lib/python3.7/site-packages/airflow/example_dags/example_branch_operator_decorator.py
[2024-02-28T18:52:05.703+0000] {logging_mixin.py:150} INFO - [2024-02-28T18:52:05.703+0000] {dag.py:2742} INFO - Sync 1 DAGs
[2024-02-28T18:52:05.734+0000] {logging_mixin.py:150} INFO - [2024-02-28T18:52:05.734+0000] {dag.py:3508} INFO - Setting next_dagrun for example_branch_python_operator_decorator to 2024-02-27T00:00:00+00:00, run_after=2024-02-28T00:00:00+00:00
[2024-02-28T18:52:05.764+0000] {processor.py:179} INFO - Processing /home/airflow/.local/lib/python3.7/site-packages/airflow/example_dags/example_branch_operator_decorator.py took 0.153 seconds
[2024-02-28T18:52:35.909+0000] {processor.py:157} INFO - Started process (PID=2464) to work on /home/airflow/.local/lib/python3.7/site-packages/airflow/example_dags/example_branch_operator_decorator.py
[2024-02-28T18:52:35.911+0000] {processor.py:826} INFO - Processing file /home/airflow/.local/lib/python3.7/site-packages/airflow/example_dags/example_branch_operator_decorator.py for tasks to queue
[2024-02-28T18:52:35.913+0000] {logging_mixin.py:150} INFO - [2024-02-28T18:52:35.913+0000] {dagbag.py:541} INFO - Filling up the DagBag from /home/airflow/.local/lib/python3.7/site-packages/airflow/example_dags/example_branch_operator_decorator.py
[2024-02-28T18:52:35.938+0000] {processor.py:836} INFO - DAG(s) dict_keys(['example_branch_python_operator_decorator']) retrieved from /home/airflow/.local/lib/python3.7/site-packages/airflow/example_dags/example_branch_operator_decorator.py
[2024-02-28T18:52:35.990+0000] {logging_mixin.py:150} INFO - [2024-02-28T18:52:35.990+0000] {dag.py:2742} INFO - Sync 1 DAGs
[2024-02-28T18:52:36.016+0000] {logging_mixin.py:150} INFO - [2024-02-28T18:52:36.016+0000] {dag.py:3508} INFO - Setting next_dagrun for example_branch_python_operator_decorator to 2024-02-27T00:00:00+00:00, run_after=2024-02-28T00:00:00+00:00
[2024-02-28T18:52:36.032+0000] {processor.py:179} INFO - Processing /home/airflow/.local/lib/python3.7/site-packages/airflow/example_dags/example_branch_operator_decorator.py took 0.127 seconds
