[2024-02-28T18:33:15.157+0000] {processor.py:157} INFO - Started process (PID=77) to work on /home/airflow/.local/lib/python3.7/site-packages/airflow/example_dags/example_latest_only_with_trigger.py
[2024-02-28T18:33:15.160+0000] {processor.py:826} INFO - Processing file /home/airflow/.local/lib/python3.7/site-packages/airflow/example_dags/example_latest_only_with_trigger.py for tasks to queue
[2024-02-28T18:33:15.163+0000] {logging_mixin.py:150} INFO - [2024-02-28T18:33:15.163+0000] {dagbag.py:541} INFO - Filling up the DagBag from /home/airflow/.local/lib/python3.7/site-packages/airflow/example_dags/example_latest_only_with_trigger.py
[2024-02-28T18:33:15.172+0000] {processor.py:836} INFO - DAG(s) dict_keys(['latest_only_with_trigger']) retrieved from /home/airflow/.local/lib/python3.7/site-packages/airflow/example_dags/example_latest_only_with_trigger.py
[2024-02-28T18:33:15.197+0000] {logging_mixin.py:150} INFO - [2024-02-28T18:33:15.197+0000] {dag.py:2742} INFO - Sync 1 DAGs
[2024-02-28T18:33:15.253+0000] {logging_mixin.py:150} INFO - [2024-02-28T18:33:15.253+0000] {dag.py:3508} INFO - Setting next_dagrun for latest_only_with_trigger to 2024-02-28T14:33:15.252451+00:00, run_after=2024-02-28T18:33:15.252451+00:00
[2024-02-28T18:33:15.297+0000] {processor.py:179} INFO - Processing /home/airflow/.local/lib/python3.7/site-packages/airflow/example_dags/example_latest_only_with_trigger.py took 0.145 seconds
[2024-02-28T18:33:45.522+0000] {processor.py:157} INFO - Started process (PID=140) to work on /home/airflow/.local/lib/python3.7/site-packages/airflow/example_dags/example_latest_only_with_trigger.py
[2024-02-28T18:33:45.525+0000] {processor.py:826} INFO - Processing file /home/airflow/.local/lib/python3.7/site-packages/airflow/example_dags/example_latest_only_with_trigger.py for tasks to queue
[2024-02-28T18:33:45.526+0000] {logging_mixin.py:150} INFO - [2024-02-28T18:33:45.526+0000] {dagbag.py:541} INFO - Filling up the DagBag from /home/airflow/.local/lib/python3.7/site-packages/airflow/example_dags/example_latest_only_with_trigger.py
[2024-02-28T18:33:45.532+0000] {processor.py:836} INFO - DAG(s) dict_keys(['latest_only_with_trigger']) retrieved from /home/airflow/.local/lib/python3.7/site-packages/airflow/example_dags/example_latest_only_with_trigger.py
[2024-02-28T18:33:45.554+0000] {logging_mixin.py:150} INFO - [2024-02-28T18:33:45.554+0000] {dag.py:2742} INFO - Sync 1 DAGs
[2024-02-28T18:33:45.573+0000] {logging_mixin.py:150} INFO - [2024-02-28T18:33:45.573+0000] {dag.py:3508} INFO - Setting next_dagrun for latest_only_with_trigger to 2024-02-28T14:33:45.572847+00:00, run_after=2024-02-28T18:33:45.572847+00:00
[2024-02-28T18:33:45.589+0000] {processor.py:179} INFO - Processing /home/airflow/.local/lib/python3.7/site-packages/airflow/example_dags/example_latest_only_with_trigger.py took 0.070 seconds
[2024-02-28T18:34:15.784+0000] {processor.py:157} INFO - Started process (PID=203) to work on /home/airflow/.local/lib/python3.7/site-packages/airflow/example_dags/example_latest_only_with_trigger.py
[2024-02-28T18:34:15.787+0000] {processor.py:826} INFO - Processing file /home/airflow/.local/lib/python3.7/site-packages/airflow/example_dags/example_latest_only_with_trigger.py for tasks to queue
[2024-02-28T18:34:15.788+0000] {logging_mixin.py:150} INFO - [2024-02-28T18:34:15.788+0000] {dagbag.py:541} INFO - Filling up the DagBag from /home/airflow/.local/lib/python3.7/site-packages/airflow/example_dags/example_latest_only_with_trigger.py
[2024-02-28T18:34:15.794+0000] {processor.py:836} INFO - DAG(s) dict_keys(['latest_only_with_trigger']) retrieved from /home/airflow/.local/lib/python3.7/site-packages/airflow/example_dags/example_latest_only_with_trigger.py
[2024-02-28T18:34:15.817+0000] {logging_mixin.py:150} INFO - [2024-02-28T18:34:15.817+0000] {dag.py:2742} INFO - Sync 1 DAGs
[2024-02-28T18:34:15.839+0000] {logging_mixin.py:150} INFO - [2024-02-28T18:34:15.838+0000] {dag.py:3508} INFO - Setting next_dagrun for latest_only_with_trigger to 2024-02-28T14:34:15.838676+00:00, run_after=2024-02-28T18:34:15.838676+00:00
[2024-02-28T18:34:15.858+0000] {processor.py:179} INFO - Processing /home/airflow/.local/lib/python3.7/site-packages/airflow/example_dags/example_latest_only_with_trigger.py took 0.078 seconds
[2024-02-28T18:34:46.562+0000] {processor.py:157} INFO - Started process (PID=266) to work on /home/airflow/.local/lib/python3.7/site-packages/airflow/example_dags/example_latest_only_with_trigger.py
[2024-02-28T18:34:46.564+0000] {processor.py:826} INFO - Processing file /home/airflow/.local/lib/python3.7/site-packages/airflow/example_dags/example_latest_only_with_trigger.py for tasks to queue
[2024-02-28T18:34:46.567+0000] {logging_mixin.py:150} INFO - [2024-02-28T18:34:46.566+0000] {dagbag.py:541} INFO - Filling up the DagBag from /home/airflow/.local/lib/python3.7/site-packages/airflow/example_dags/example_latest_only_with_trigger.py
[2024-02-28T18:34:46.576+0000] {processor.py:836} INFO - DAG(s) dict_keys(['latest_only_with_trigger']) retrieved from /home/airflow/.local/lib/python3.7/site-packages/airflow/example_dags/example_latest_only_with_trigger.py
[2024-02-28T18:34:46.611+0000] {logging_mixin.py:150} INFO - [2024-02-28T18:34:46.610+0000] {dag.py:2742} INFO - Sync 1 DAGs
[2024-02-28T18:34:46.652+0000] {logging_mixin.py:150} INFO - [2024-02-28T18:34:46.652+0000] {dag.py:3508} INFO - Setting next_dagrun for latest_only_with_trigger to 2024-02-28T14:34:46.651929+00:00, run_after=2024-02-28T18:34:46.651929+00:00
[2024-02-28T18:34:46.683+0000] {processor.py:179} INFO - Processing /home/airflow/.local/lib/python3.7/site-packages/airflow/example_dags/example_latest_only_with_trigger.py took 0.124 seconds
[2024-02-28T18:35:17.038+0000] {processor.py:157} INFO - Started process (PID=330) to work on /home/airflow/.local/lib/python3.7/site-packages/airflow/example_dags/example_latest_only_with_trigger.py
[2024-02-28T18:35:17.040+0000] {processor.py:826} INFO - Processing file /home/airflow/.local/lib/python3.7/site-packages/airflow/example_dags/example_latest_only_with_trigger.py for tasks to queue
[2024-02-28T18:35:17.042+0000] {logging_mixin.py:150} INFO - [2024-02-28T18:35:17.042+0000] {dagbag.py:541} INFO - Filling up the DagBag from /home/airflow/.local/lib/python3.7/site-packages/airflow/example_dags/example_latest_only_with_trigger.py
[2024-02-28T18:35:17.050+0000] {processor.py:836} INFO - DAG(s) dict_keys(['latest_only_with_trigger']) retrieved from /home/airflow/.local/lib/python3.7/site-packages/airflow/example_dags/example_latest_only_with_trigger.py
[2024-02-28T18:35:17.084+0000] {logging_mixin.py:150} INFO - [2024-02-28T18:35:17.084+0000] {dag.py:2742} INFO - Sync 1 DAGs
[2024-02-28T18:35:17.112+0000] {logging_mixin.py:150} INFO - [2024-02-28T18:35:17.112+0000] {dag.py:3508} INFO - Setting next_dagrun for latest_only_with_trigger to 2024-02-28T14:35:17.111785+00:00, run_after=2024-02-28T18:35:17.111785+00:00
[2024-02-28T18:35:17.140+0000] {processor.py:179} INFO - Processing /home/airflow/.local/lib/python3.7/site-packages/airflow/example_dags/example_latest_only_with_trigger.py took 0.105 seconds
[2024-02-28T18:35:47.817+0000] {processor.py:157} INFO - Started process (PID=393) to work on /home/airflow/.local/lib/python3.7/site-packages/airflow/example_dags/example_latest_only_with_trigger.py
[2024-02-28T18:35:47.821+0000] {processor.py:826} INFO - Processing file /home/airflow/.local/lib/python3.7/site-packages/airflow/example_dags/example_latest_only_with_trigger.py for tasks to queue
[2024-02-28T18:35:47.823+0000] {logging_mixin.py:150} INFO - [2024-02-28T18:35:47.823+0000] {dagbag.py:541} INFO - Filling up the DagBag from /home/airflow/.local/lib/python3.7/site-packages/airflow/example_dags/example_latest_only_with_trigger.py
[2024-02-28T18:35:47.833+0000] {processor.py:836} INFO - DAG(s) dict_keys(['latest_only_with_trigger']) retrieved from /home/airflow/.local/lib/python3.7/site-packages/airflow/example_dags/example_latest_only_with_trigger.py
[2024-02-28T18:35:47.864+0000] {logging_mixin.py:150} INFO - [2024-02-28T18:35:47.863+0000] {dag.py:2742} INFO - Sync 1 DAGs
[2024-02-28T18:35:47.888+0000] {logging_mixin.py:150} INFO - [2024-02-28T18:35:47.888+0000] {dag.py:3508} INFO - Setting next_dagrun for latest_only_with_trigger to 2024-02-28T14:35:47.887908+00:00, run_after=2024-02-28T18:35:47.887908+00:00
[2024-02-28T18:35:47.909+0000] {processor.py:179} INFO - Processing /home/airflow/.local/lib/python3.7/site-packages/airflow/example_dags/example_latest_only_with_trigger.py took 0.095 seconds
[2024-02-28T18:36:20.152+0000] {processor.py:157} INFO - Started process (PID=457) to work on /home/airflow/.local/lib/python3.7/site-packages/airflow/example_dags/example_latest_only_with_trigger.py
[2024-02-28T18:36:20.154+0000] {processor.py:826} INFO - Processing file /home/airflow/.local/lib/python3.7/site-packages/airflow/example_dags/example_latest_only_with_trigger.py for tasks to queue
[2024-02-28T18:36:20.158+0000] {logging_mixin.py:150} INFO - [2024-02-28T18:36:20.157+0000] {dagbag.py:541} INFO - Filling up the DagBag from /home/airflow/.local/lib/python3.7/site-packages/airflow/example_dags/example_latest_only_with_trigger.py
[2024-02-28T18:36:20.166+0000] {processor.py:836} INFO - DAG(s) dict_keys(['latest_only_with_trigger']) retrieved from /home/airflow/.local/lib/python3.7/site-packages/airflow/example_dags/example_latest_only_with_trigger.py
[2024-02-28T18:36:20.193+0000] {logging_mixin.py:150} INFO - [2024-02-28T18:36:20.192+0000] {dag.py:2742} INFO - Sync 1 DAGs
[2024-02-28T18:36:20.216+0000] {logging_mixin.py:150} INFO - [2024-02-28T18:36:20.215+0000] {dag.py:3508} INFO - Setting next_dagrun for latest_only_with_trigger to 2024-02-28T14:36:20.215655+00:00, run_after=2024-02-28T18:36:20.215655+00:00
[2024-02-28T18:36:20.232+0000] {processor.py:179} INFO - Processing /home/airflow/.local/lib/python3.7/site-packages/airflow/example_dags/example_latest_only_with_trigger.py took 0.083 seconds
[2024-02-28T18:36:50.928+0000] {processor.py:157} INFO - Started process (PID=520) to work on /home/airflow/.local/lib/python3.7/site-packages/airflow/example_dags/example_latest_only_with_trigger.py
[2024-02-28T18:36:50.930+0000] {processor.py:826} INFO - Processing file /home/airflow/.local/lib/python3.7/site-packages/airflow/example_dags/example_latest_only_with_trigger.py for tasks to queue
[2024-02-28T18:36:50.935+0000] {logging_mixin.py:150} INFO - [2024-02-28T18:36:50.934+0000] {dagbag.py:541} INFO - Filling up the DagBag from /home/airflow/.local/lib/python3.7/site-packages/airflow/example_dags/example_latest_only_with_trigger.py
[2024-02-28T18:36:50.944+0000] {processor.py:836} INFO - DAG(s) dict_keys(['latest_only_with_trigger']) retrieved from /home/airflow/.local/lib/python3.7/site-packages/airflow/example_dags/example_latest_only_with_trigger.py
[2024-02-28T18:36:50.972+0000] {logging_mixin.py:150} INFO - [2024-02-28T18:36:50.972+0000] {dag.py:2742} INFO - Sync 1 DAGs
[2024-02-28T18:36:50.996+0000] {logging_mixin.py:150} INFO - [2024-02-28T18:36:50.996+0000] {dag.py:3508} INFO - Setting next_dagrun for latest_only_with_trigger to 2024-02-28T14:36:50.995836+00:00, run_after=2024-02-28T18:36:50.995836+00:00
[2024-02-28T18:36:51.012+0000] {processor.py:179} INFO - Processing /home/airflow/.local/lib/python3.7/site-packages/airflow/example_dags/example_latest_only_with_trigger.py took 0.087 seconds
[2024-02-28T18:37:22.012+0000] {processor.py:157} INFO - Started process (PID=583) to work on /home/airflow/.local/lib/python3.7/site-packages/airflow/example_dags/example_latest_only_with_trigger.py
[2024-02-28T18:37:22.015+0000] {processor.py:826} INFO - Processing file /home/airflow/.local/lib/python3.7/site-packages/airflow/example_dags/example_latest_only_with_trigger.py for tasks to queue
[2024-02-28T18:37:22.017+0000] {logging_mixin.py:150} INFO - [2024-02-28T18:37:22.017+0000] {dagbag.py:541} INFO - Filling up the DagBag from /home/airflow/.local/lib/python3.7/site-packages/airflow/example_dags/example_latest_only_with_trigger.py
[2024-02-28T18:37:22.024+0000] {processor.py:836} INFO - DAG(s) dict_keys(['latest_only_with_trigger']) retrieved from /home/airflow/.local/lib/python3.7/site-packages/airflow/example_dags/example_latest_only_with_trigger.py
[2024-02-28T18:37:22.057+0000] {logging_mixin.py:150} INFO - [2024-02-28T18:37:22.057+0000] {dag.py:2742} INFO - Sync 1 DAGs
[2024-02-28T18:37:22.085+0000] {logging_mixin.py:150} INFO - [2024-02-28T18:37:22.084+0000] {dag.py:3508} INFO - Setting next_dagrun for latest_only_with_trigger to 2024-02-28T14:37:22.084598+00:00, run_after=2024-02-28T18:37:22.084598+00:00
[2024-02-28T18:37:22.105+0000] {processor.py:179} INFO - Processing /home/airflow/.local/lib/python3.7/site-packages/airflow/example_dags/example_latest_only_with_trigger.py took 0.099 seconds
[2024-02-28T18:37:52.791+0000] {processor.py:157} INFO - Started process (PID=646) to work on /home/airflow/.local/lib/python3.7/site-packages/airflow/example_dags/example_latest_only_with_trigger.py
[2024-02-28T18:37:52.793+0000] {processor.py:826} INFO - Processing file /home/airflow/.local/lib/python3.7/site-packages/airflow/example_dags/example_latest_only_with_trigger.py for tasks to queue
[2024-02-28T18:37:52.794+0000] {logging_mixin.py:150} INFO - [2024-02-28T18:37:52.794+0000] {dagbag.py:541} INFO - Filling up the DagBag from /home/airflow/.local/lib/python3.7/site-packages/airflow/example_dags/example_latest_only_with_trigger.py
[2024-02-28T18:37:52.802+0000] {processor.py:836} INFO - DAG(s) dict_keys(['latest_only_with_trigger']) retrieved from /home/airflow/.local/lib/python3.7/site-packages/airflow/example_dags/example_latest_only_with_trigger.py
[2024-02-28T18:37:52.832+0000] {logging_mixin.py:150} INFO - [2024-02-28T18:37:52.831+0000] {dag.py:2742} INFO - Sync 1 DAGs
[2024-02-28T18:37:52.852+0000] {logging_mixin.py:150} INFO - [2024-02-28T18:37:52.851+0000] {dag.py:3508} INFO - Setting next_dagrun for latest_only_with_trigger to 2024-02-28T14:37:52.851737+00:00, run_after=2024-02-28T18:37:52.851737+00:00
[2024-02-28T18:37:52.868+0000] {processor.py:179} INFO - Processing /home/airflow/.local/lib/python3.7/site-packages/airflow/example_dags/example_latest_only_with_trigger.py took 0.081 seconds
[2024-02-28T18:38:23.466+0000] {processor.py:157} INFO - Started process (PID=708) to work on /home/airflow/.local/lib/python3.7/site-packages/airflow/example_dags/example_latest_only_with_trigger.py
[2024-02-28T18:38:23.469+0000] {processor.py:826} INFO - Processing file /home/airflow/.local/lib/python3.7/site-packages/airflow/example_dags/example_latest_only_with_trigger.py for tasks to queue
[2024-02-28T18:38:23.473+0000] {logging_mixin.py:150} INFO - [2024-02-28T18:38:23.472+0000] {dagbag.py:541} INFO - Filling up the DagBag from /home/airflow/.local/lib/python3.7/site-packages/airflow/example_dags/example_latest_only_with_trigger.py
[2024-02-28T18:38:23.483+0000] {processor.py:836} INFO - DAG(s) dict_keys(['latest_only_with_trigger']) retrieved from /home/airflow/.local/lib/python3.7/site-packages/airflow/example_dags/example_latest_only_with_trigger.py
[2024-02-28T18:38:23.517+0000] {logging_mixin.py:150} INFO - [2024-02-28T18:38:23.517+0000] {dag.py:2742} INFO - Sync 1 DAGs
[2024-02-28T18:38:23.543+0000] {logging_mixin.py:150} INFO - [2024-02-28T18:38:23.542+0000] {dag.py:3508} INFO - Setting next_dagrun for latest_only_with_trigger to 2024-02-28T14:38:23.542533+00:00, run_after=2024-02-28T18:38:23.542533+00:00
[2024-02-28T18:38:23.561+0000] {processor.py:179} INFO - Processing /home/airflow/.local/lib/python3.7/site-packages/airflow/example_dags/example_latest_only_with_trigger.py took 0.099 seconds
[2024-02-28T18:38:54.419+0000] {processor.py:157} INFO - Started process (PID=770) to work on /home/airflow/.local/lib/python3.7/site-packages/airflow/example_dags/example_latest_only_with_trigger.py
[2024-02-28T18:38:54.422+0000] {processor.py:826} INFO - Processing file /home/airflow/.local/lib/python3.7/site-packages/airflow/example_dags/example_latest_only_with_trigger.py for tasks to queue
[2024-02-28T18:38:54.426+0000] {logging_mixin.py:150} INFO - [2024-02-28T18:38:54.426+0000] {dagbag.py:541} INFO - Filling up the DagBag from /home/airflow/.local/lib/python3.7/site-packages/airflow/example_dags/example_latest_only_with_trigger.py
[2024-02-28T18:38:54.435+0000] {processor.py:836} INFO - DAG(s) dict_keys(['latest_only_with_trigger']) retrieved from /home/airflow/.local/lib/python3.7/site-packages/airflow/example_dags/example_latest_only_with_trigger.py
[2024-02-28T18:38:54.465+0000] {logging_mixin.py:150} INFO - [2024-02-28T18:38:54.465+0000] {dag.py:2742} INFO - Sync 1 DAGs
[2024-02-28T18:38:54.486+0000] {logging_mixin.py:150} INFO - [2024-02-28T18:38:54.486+0000] {dag.py:3508} INFO - Setting next_dagrun for latest_only_with_trigger to 2024-02-28T14:38:54.486053+00:00, run_after=2024-02-28T18:38:54.486053+00:00
[2024-02-28T18:38:54.508+0000] {processor.py:179} INFO - Processing /home/airflow/.local/lib/python3.7/site-packages/airflow/example_dags/example_latest_only_with_trigger.py took 0.094 seconds
[2024-02-28T18:39:25.362+0000] {processor.py:157} INFO - Started process (PID=833) to work on /home/airflow/.local/lib/python3.7/site-packages/airflow/example_dags/example_latest_only_with_trigger.py
[2024-02-28T18:39:25.364+0000] {processor.py:826} INFO - Processing file /home/airflow/.local/lib/python3.7/site-packages/airflow/example_dags/example_latest_only_with_trigger.py for tasks to queue
[2024-02-28T18:39:25.366+0000] {logging_mixin.py:150} INFO - [2024-02-28T18:39:25.365+0000] {dagbag.py:541} INFO - Filling up the DagBag from /home/airflow/.local/lib/python3.7/site-packages/airflow/example_dags/example_latest_only_with_trigger.py
[2024-02-28T18:39:25.375+0000] {processor.py:836} INFO - DAG(s) dict_keys(['latest_only_with_trigger']) retrieved from /home/airflow/.local/lib/python3.7/site-packages/airflow/example_dags/example_latest_only_with_trigger.py
[2024-02-28T18:39:25.399+0000] {logging_mixin.py:150} INFO - [2024-02-28T18:39:25.399+0000] {dag.py:2742} INFO - Sync 1 DAGs
[2024-02-28T18:39:25.423+0000] {logging_mixin.py:150} INFO - [2024-02-28T18:39:25.423+0000] {dag.py:3508} INFO - Setting next_dagrun for latest_only_with_trigger to 2024-02-28T14:39:25.422735+00:00, run_after=2024-02-28T18:39:25.422735+00:00
[2024-02-28T18:39:25.442+0000] {processor.py:179} INFO - Processing /home/airflow/.local/lib/python3.7/site-packages/airflow/example_dags/example_latest_only_with_trigger.py took 0.083 seconds
[2024-02-28T18:39:55.589+0000] {processor.py:157} INFO - Started process (PID=897) to work on /home/airflow/.local/lib/python3.7/site-packages/airflow/example_dags/example_latest_only_with_trigger.py
[2024-02-28T18:39:55.592+0000] {processor.py:826} INFO - Processing file /home/airflow/.local/lib/python3.7/site-packages/airflow/example_dags/example_latest_only_with_trigger.py for tasks to queue
[2024-02-28T18:39:55.595+0000] {logging_mixin.py:150} INFO - [2024-02-28T18:39:55.595+0000] {dagbag.py:541} INFO - Filling up the DagBag from /home/airflow/.local/lib/python3.7/site-packages/airflow/example_dags/example_latest_only_with_trigger.py
[2024-02-28T18:39:55.601+0000] {processor.py:836} INFO - DAG(s) dict_keys(['latest_only_with_trigger']) retrieved from /home/airflow/.local/lib/python3.7/site-packages/airflow/example_dags/example_latest_only_with_trigger.py
[2024-02-28T18:39:55.629+0000] {logging_mixin.py:150} INFO - [2024-02-28T18:39:55.628+0000] {dag.py:2742} INFO - Sync 1 DAGs
[2024-02-28T18:39:55.650+0000] {logging_mixin.py:150} INFO - [2024-02-28T18:39:55.650+0000] {dag.py:3508} INFO - Setting next_dagrun for latest_only_with_trigger to 2024-02-28T14:39:55.650550+00:00, run_after=2024-02-28T18:39:55.650550+00:00
[2024-02-28T18:39:55.669+0000] {processor.py:179} INFO - Processing /home/airflow/.local/lib/python3.7/site-packages/airflow/example_dags/example_latest_only_with_trigger.py took 0.084 seconds
[2024-02-28T18:40:26.206+0000] {processor.py:157} INFO - Started process (PID=960) to work on /home/airflow/.local/lib/python3.7/site-packages/airflow/example_dags/example_latest_only_with_trigger.py
[2024-02-28T18:40:26.208+0000] {processor.py:826} INFO - Processing file /home/airflow/.local/lib/python3.7/site-packages/airflow/example_dags/example_latest_only_with_trigger.py for tasks to queue
[2024-02-28T18:40:26.210+0000] {logging_mixin.py:150} INFO - [2024-02-28T18:40:26.209+0000] {dagbag.py:541} INFO - Filling up the DagBag from /home/airflow/.local/lib/python3.7/site-packages/airflow/example_dags/example_latest_only_with_trigger.py
[2024-02-28T18:40:26.223+0000] {processor.py:836} INFO - DAG(s) dict_keys(['latest_only_with_trigger']) retrieved from /home/airflow/.local/lib/python3.7/site-packages/airflow/example_dags/example_latest_only_with_trigger.py
[2024-02-28T18:40:26.268+0000] {logging_mixin.py:150} INFO - [2024-02-28T18:40:26.268+0000] {dag.py:2742} INFO - Sync 1 DAGs
[2024-02-28T18:40:26.299+0000] {logging_mixin.py:150} INFO - [2024-02-28T18:40:26.298+0000] {dag.py:3508} INFO - Setting next_dagrun for latest_only_with_trigger to 2024-02-28T14:40:26.298540+00:00, run_after=2024-02-28T18:40:26.298540+00:00
[2024-02-28T18:40:26.318+0000] {processor.py:179} INFO - Processing /home/airflow/.local/lib/python3.7/site-packages/airflow/example_dags/example_latest_only_with_trigger.py took 0.117 seconds
[2024-02-28T18:40:56.712+0000] {processor.py:157} INFO - Started process (PID=1023) to work on /home/airflow/.local/lib/python3.7/site-packages/airflow/example_dags/example_latest_only_with_trigger.py
[2024-02-28T18:40:56.715+0000] {processor.py:826} INFO - Processing file /home/airflow/.local/lib/python3.7/site-packages/airflow/example_dags/example_latest_only_with_trigger.py for tasks to queue
[2024-02-28T18:40:56.717+0000] {logging_mixin.py:150} INFO - [2024-02-28T18:40:56.717+0000] {dagbag.py:541} INFO - Filling up the DagBag from /home/airflow/.local/lib/python3.7/site-packages/airflow/example_dags/example_latest_only_with_trigger.py
[2024-02-28T18:40:56.728+0000] {processor.py:836} INFO - DAG(s) dict_keys(['latest_only_with_trigger']) retrieved from /home/airflow/.local/lib/python3.7/site-packages/airflow/example_dags/example_latest_only_with_trigger.py
[2024-02-28T18:40:56.770+0000] {logging_mixin.py:150} INFO - [2024-02-28T18:40:56.769+0000] {dag.py:2742} INFO - Sync 1 DAGs
[2024-02-28T18:40:56.804+0000] {logging_mixin.py:150} INFO - [2024-02-28T18:40:56.804+0000] {dag.py:3508} INFO - Setting next_dagrun for latest_only_with_trigger to 2024-02-28T14:40:56.803706+00:00, run_after=2024-02-28T18:40:56.803706+00:00
[2024-02-28T18:40:56.826+0000] {processor.py:179} INFO - Processing /home/airflow/.local/lib/python3.7/site-packages/airflow/example_dags/example_latest_only_with_trigger.py took 0.118 seconds
[2024-02-28T18:41:27.201+0000] {processor.py:157} INFO - Started process (PID=1086) to work on /home/airflow/.local/lib/python3.7/site-packages/airflow/example_dags/example_latest_only_with_trigger.py
[2024-02-28T18:41:27.205+0000] {processor.py:826} INFO - Processing file /home/airflow/.local/lib/python3.7/site-packages/airflow/example_dags/example_latest_only_with_trigger.py for tasks to queue
[2024-02-28T18:41:27.211+0000] {logging_mixin.py:150} INFO - [2024-02-28T18:41:27.210+0000] {dagbag.py:541} INFO - Filling up the DagBag from /home/airflow/.local/lib/python3.7/site-packages/airflow/example_dags/example_latest_only_with_trigger.py
[2024-02-28T18:41:27.225+0000] {processor.py:836} INFO - DAG(s) dict_keys(['latest_only_with_trigger']) retrieved from /home/airflow/.local/lib/python3.7/site-packages/airflow/example_dags/example_latest_only_with_trigger.py
[2024-02-28T18:41:27.274+0000] {logging_mixin.py:150} INFO - [2024-02-28T18:41:27.273+0000] {dag.py:2742} INFO - Sync 1 DAGs
[2024-02-28T18:41:27.300+0000] {logging_mixin.py:150} INFO - [2024-02-28T18:41:27.300+0000] {dag.py:3508} INFO - Setting next_dagrun for latest_only_with_trigger to 2024-02-28T14:41:27.300260+00:00, run_after=2024-02-28T18:41:27.300260+00:00
[2024-02-28T18:41:27.320+0000] {processor.py:179} INFO - Processing /home/airflow/.local/lib/python3.7/site-packages/airflow/example_dags/example_latest_only_with_trigger.py took 0.123 seconds
[2024-02-28T18:41:58.227+0000] {processor.py:157} INFO - Started process (PID=1149) to work on /home/airflow/.local/lib/python3.7/site-packages/airflow/example_dags/example_latest_only_with_trigger.py
[2024-02-28T18:41:58.234+0000] {processor.py:826} INFO - Processing file /home/airflow/.local/lib/python3.7/site-packages/airflow/example_dags/example_latest_only_with_trigger.py for tasks to queue
[2024-02-28T18:41:58.243+0000] {logging_mixin.py:150} INFO - [2024-02-28T18:41:58.242+0000] {dagbag.py:541} INFO - Filling up the DagBag from /home/airflow/.local/lib/python3.7/site-packages/airflow/example_dags/example_latest_only_with_trigger.py
[2024-02-28T18:41:58.254+0000] {processor.py:836} INFO - DAG(s) dict_keys(['latest_only_with_trigger']) retrieved from /home/airflow/.local/lib/python3.7/site-packages/airflow/example_dags/example_latest_only_with_trigger.py
[2024-02-28T18:41:58.302+0000] {logging_mixin.py:150} INFO - [2024-02-28T18:41:58.302+0000] {dag.py:2742} INFO - Sync 1 DAGs
[2024-02-28T18:41:58.332+0000] {logging_mixin.py:150} INFO - [2024-02-28T18:41:58.332+0000] {dag.py:3508} INFO - Setting next_dagrun for latest_only_with_trigger to 2024-02-28T14:41:58.331634+00:00, run_after=2024-02-28T18:41:58.331634+00:00
[2024-02-28T18:41:58.352+0000] {processor.py:179} INFO - Processing /home/airflow/.local/lib/python3.7/site-packages/airflow/example_dags/example_latest_only_with_trigger.py took 0.133 seconds
[2024-02-28T18:42:28.594+0000] {processor.py:157} INFO - Started process (PID=1212) to work on /home/airflow/.local/lib/python3.7/site-packages/airflow/example_dags/example_latest_only_with_trigger.py
[2024-02-28T18:42:28.597+0000] {processor.py:826} INFO - Processing file /home/airflow/.local/lib/python3.7/site-packages/airflow/example_dags/example_latest_only_with_trigger.py for tasks to queue
[2024-02-28T18:42:28.599+0000] {logging_mixin.py:150} INFO - [2024-02-28T18:42:28.599+0000] {dagbag.py:541} INFO - Filling up the DagBag from /home/airflow/.local/lib/python3.7/site-packages/airflow/example_dags/example_latest_only_with_trigger.py
[2024-02-28T18:42:28.608+0000] {processor.py:836} INFO - DAG(s) dict_keys(['latest_only_with_trigger']) retrieved from /home/airflow/.local/lib/python3.7/site-packages/airflow/example_dags/example_latest_only_with_trigger.py
[2024-02-28T18:42:28.644+0000] {logging_mixin.py:150} INFO - [2024-02-28T18:42:28.644+0000] {dag.py:2742} INFO - Sync 1 DAGs
[2024-02-28T18:42:28.675+0000] {logging_mixin.py:150} INFO - [2024-02-28T18:42:28.674+0000] {dag.py:3508} INFO - Setting next_dagrun for latest_only_with_trigger to 2024-02-28T14:42:28.674528+00:00, run_after=2024-02-28T18:42:28.674528+00:00
[2024-02-28T18:42:28.701+0000] {processor.py:179} INFO - Processing /home/airflow/.local/lib/python3.7/site-packages/airflow/example_dags/example_latest_only_with_trigger.py took 0.111 seconds
[2024-02-28T18:42:59.386+0000] {processor.py:157} INFO - Started process (PID=1275) to work on /home/airflow/.local/lib/python3.7/site-packages/airflow/example_dags/example_latest_only_with_trigger.py
[2024-02-28T18:42:59.388+0000] {processor.py:826} INFO - Processing file /home/airflow/.local/lib/python3.7/site-packages/airflow/example_dags/example_latest_only_with_trigger.py for tasks to queue
[2024-02-28T18:42:59.391+0000] {logging_mixin.py:150} INFO - [2024-02-28T18:42:59.390+0000] {dagbag.py:541} INFO - Filling up the DagBag from /home/airflow/.local/lib/python3.7/site-packages/airflow/example_dags/example_latest_only_with_trigger.py
[2024-02-28T18:42:59.403+0000] {processor.py:836} INFO - DAG(s) dict_keys(['latest_only_with_trigger']) retrieved from /home/airflow/.local/lib/python3.7/site-packages/airflow/example_dags/example_latest_only_with_trigger.py
[2024-02-28T18:42:59.440+0000] {logging_mixin.py:150} INFO - [2024-02-28T18:42:59.440+0000] {dag.py:2742} INFO - Sync 1 DAGs
[2024-02-28T18:42:59.468+0000] {logging_mixin.py:150} INFO - [2024-02-28T18:42:59.468+0000] {dag.py:3508} INFO - Setting next_dagrun for latest_only_with_trigger to 2024-02-28T14:42:59.468395+00:00, run_after=2024-02-28T18:42:59.468395+00:00
[2024-02-28T18:42:59.487+0000] {processor.py:179} INFO - Processing /home/airflow/.local/lib/python3.7/site-packages/airflow/example_dags/example_latest_only_with_trigger.py took 0.108 seconds
[2024-02-28T18:43:29.916+0000] {processor.py:157} INFO - Started process (PID=1338) to work on /home/airflow/.local/lib/python3.7/site-packages/airflow/example_dags/example_latest_only_with_trigger.py
[2024-02-28T18:43:29.922+0000] {processor.py:826} INFO - Processing file /home/airflow/.local/lib/python3.7/site-packages/airflow/example_dags/example_latest_only_with_trigger.py for tasks to queue
[2024-02-28T18:43:29.925+0000] {logging_mixin.py:150} INFO - [2024-02-28T18:43:29.924+0000] {dagbag.py:541} INFO - Filling up the DagBag from /home/airflow/.local/lib/python3.7/site-packages/airflow/example_dags/example_latest_only_with_trigger.py
[2024-02-28T18:43:29.933+0000] {processor.py:836} INFO - DAG(s) dict_keys(['latest_only_with_trigger']) retrieved from /home/airflow/.local/lib/python3.7/site-packages/airflow/example_dags/example_latest_only_with_trigger.py
[2024-02-28T18:43:29.966+0000] {logging_mixin.py:150} INFO - [2024-02-28T18:43:29.966+0000] {dag.py:2742} INFO - Sync 1 DAGs
[2024-02-28T18:43:29.998+0000] {logging_mixin.py:150} INFO - [2024-02-28T18:43:29.998+0000] {dag.py:3508} INFO - Setting next_dagrun for latest_only_with_trigger to 2024-02-28T14:43:29.998225+00:00, run_after=2024-02-28T18:43:29.998225+00:00
[2024-02-28T18:43:30.024+0000] {processor.py:179} INFO - Processing /home/airflow/.local/lib/python3.7/site-packages/airflow/example_dags/example_latest_only_with_trigger.py took 0.112 seconds
[2024-02-28T18:44:00.421+0000] {processor.py:157} INFO - Started process (PID=1401) to work on /home/airflow/.local/lib/python3.7/site-packages/airflow/example_dags/example_latest_only_with_trigger.py
[2024-02-28T18:44:00.424+0000] {processor.py:826} INFO - Processing file /home/airflow/.local/lib/python3.7/site-packages/airflow/example_dags/example_latest_only_with_trigger.py for tasks to queue
[2024-02-28T18:44:00.426+0000] {logging_mixin.py:150} INFO - [2024-02-28T18:44:00.426+0000] {dagbag.py:541} INFO - Filling up the DagBag from /home/airflow/.local/lib/python3.7/site-packages/airflow/example_dags/example_latest_only_with_trigger.py
[2024-02-28T18:44:00.435+0000] {processor.py:836} INFO - DAG(s) dict_keys(['latest_only_with_trigger']) retrieved from /home/airflow/.local/lib/python3.7/site-packages/airflow/example_dags/example_latest_only_with_trigger.py
[2024-02-28T18:44:00.484+0000] {logging_mixin.py:150} INFO - [2024-02-28T18:44:00.484+0000] {dag.py:2742} INFO - Sync 1 DAGs
[2024-02-28T18:44:00.513+0000] {logging_mixin.py:150} INFO - [2024-02-28T18:44:00.513+0000] {dag.py:3508} INFO - Setting next_dagrun for latest_only_with_trigger to 2024-02-28T14:44:00.513268+00:00, run_after=2024-02-28T18:44:00.513268+00:00
[2024-02-28T18:44:00.535+0000] {processor.py:179} INFO - Processing /home/airflow/.local/lib/python3.7/site-packages/airflow/example_dags/example_latest_only_with_trigger.py took 0.119 seconds
[2024-02-28T18:44:31.573+0000] {processor.py:157} INFO - Started process (PID=1464) to work on /home/airflow/.local/lib/python3.7/site-packages/airflow/example_dags/example_latest_only_with_trigger.py
[2024-02-28T18:44:31.578+0000] {processor.py:826} INFO - Processing file /home/airflow/.local/lib/python3.7/site-packages/airflow/example_dags/example_latest_only_with_trigger.py for tasks to queue
[2024-02-28T18:44:31.580+0000] {logging_mixin.py:150} INFO - [2024-02-28T18:44:31.580+0000] {dagbag.py:541} INFO - Filling up the DagBag from /home/airflow/.local/lib/python3.7/site-packages/airflow/example_dags/example_latest_only_with_trigger.py
[2024-02-28T18:44:31.592+0000] {processor.py:836} INFO - DAG(s) dict_keys(['latest_only_with_trigger']) retrieved from /home/airflow/.local/lib/python3.7/site-packages/airflow/example_dags/example_latest_only_with_trigger.py
[2024-02-28T18:44:31.629+0000] {logging_mixin.py:150} INFO - [2024-02-28T18:44:31.629+0000] {dag.py:2742} INFO - Sync 1 DAGs
[2024-02-28T18:44:31.651+0000] {logging_mixin.py:150} INFO - [2024-02-28T18:44:31.651+0000] {dag.py:3508} INFO - Setting next_dagrun for latest_only_with_trigger to 2024-02-28T14:44:31.651288+00:00, run_after=2024-02-28T18:44:31.651288+00:00
[2024-02-28T18:44:31.672+0000] {processor.py:179} INFO - Processing /home/airflow/.local/lib/python3.7/site-packages/airflow/example_dags/example_latest_only_with_trigger.py took 0.103 seconds
[2024-02-28T18:45:02.311+0000] {processor.py:157} INFO - Started process (PID=1527) to work on /home/airflow/.local/lib/python3.7/site-packages/airflow/example_dags/example_latest_only_with_trigger.py
[2024-02-28T18:45:02.314+0000] {processor.py:826} INFO - Processing file /home/airflow/.local/lib/python3.7/site-packages/airflow/example_dags/example_latest_only_with_trigger.py for tasks to queue
[2024-02-28T18:45:02.316+0000] {logging_mixin.py:150} INFO - [2024-02-28T18:45:02.315+0000] {dagbag.py:541} INFO - Filling up the DagBag from /home/airflow/.local/lib/python3.7/site-packages/airflow/example_dags/example_latest_only_with_trigger.py
[2024-02-28T18:45:02.325+0000] {processor.py:836} INFO - DAG(s) dict_keys(['latest_only_with_trigger']) retrieved from /home/airflow/.local/lib/python3.7/site-packages/airflow/example_dags/example_latest_only_with_trigger.py
[2024-02-28T18:45:02.356+0000] {logging_mixin.py:150} INFO - [2024-02-28T18:45:02.356+0000] {dag.py:2742} INFO - Sync 1 DAGs
[2024-02-28T18:45:02.381+0000] {logging_mixin.py:150} INFO - [2024-02-28T18:45:02.381+0000] {dag.py:3508} INFO - Setting next_dagrun for latest_only_with_trigger to 2024-02-28T14:45:02.381070+00:00, run_after=2024-02-28T18:45:02.381070+00:00
[2024-02-28T18:45:02.397+0000] {processor.py:179} INFO - Processing /home/airflow/.local/lib/python3.7/site-packages/airflow/example_dags/example_latest_only_with_trigger.py took 0.092 seconds
[2024-02-28T18:45:32.831+0000] {processor.py:157} INFO - Started process (PID=1591) to work on /home/airflow/.local/lib/python3.7/site-packages/airflow/example_dags/example_latest_only_with_trigger.py
[2024-02-28T18:45:32.833+0000] {processor.py:826} INFO - Processing file /home/airflow/.local/lib/python3.7/site-packages/airflow/example_dags/example_latest_only_with_trigger.py for tasks to queue
[2024-02-28T18:45:32.835+0000] {logging_mixin.py:150} INFO - [2024-02-28T18:45:32.834+0000] {dagbag.py:541} INFO - Filling up the DagBag from /home/airflow/.local/lib/python3.7/site-packages/airflow/example_dags/example_latest_only_with_trigger.py
[2024-02-28T18:45:32.843+0000] {processor.py:836} INFO - DAG(s) dict_keys(['latest_only_with_trigger']) retrieved from /home/airflow/.local/lib/python3.7/site-packages/airflow/example_dags/example_latest_only_with_trigger.py
[2024-02-28T18:45:32.872+0000] {logging_mixin.py:150} INFO - [2024-02-28T18:45:32.872+0000] {dag.py:2742} INFO - Sync 1 DAGs
[2024-02-28T18:45:32.892+0000] {logging_mixin.py:150} INFO - [2024-02-28T18:45:32.892+0000] {dag.py:3508} INFO - Setting next_dagrun for latest_only_with_trigger to 2024-02-28T14:45:32.892638+00:00, run_after=2024-02-28T18:45:32.892638+00:00
[2024-02-28T18:45:32.909+0000] {processor.py:179} INFO - Processing /home/airflow/.local/lib/python3.7/site-packages/airflow/example_dags/example_latest_only_with_trigger.py took 0.082 seconds
[2024-02-28T18:46:03.920+0000] {processor.py:157} INFO - Started process (PID=1661) to work on /home/airflow/.local/lib/python3.7/site-packages/airflow/example_dags/example_latest_only_with_trigger.py
[2024-02-28T18:46:03.922+0000] {processor.py:826} INFO - Processing file /home/airflow/.local/lib/python3.7/site-packages/airflow/example_dags/example_latest_only_with_trigger.py for tasks to queue
[2024-02-28T18:46:03.926+0000] {logging_mixin.py:150} INFO - [2024-02-28T18:46:03.925+0000] {dagbag.py:541} INFO - Filling up the DagBag from /home/airflow/.local/lib/python3.7/site-packages/airflow/example_dags/example_latest_only_with_trigger.py
[2024-02-28T18:46:03.932+0000] {processor.py:836} INFO - DAG(s) dict_keys(['latest_only_with_trigger']) retrieved from /home/airflow/.local/lib/python3.7/site-packages/airflow/example_dags/example_latest_only_with_trigger.py
[2024-02-28T18:46:03.965+0000] {logging_mixin.py:150} INFO - [2024-02-28T18:46:03.965+0000] {dag.py:2742} INFO - Sync 1 DAGs
[2024-02-28T18:46:03.991+0000] {logging_mixin.py:150} INFO - [2024-02-28T18:46:03.991+0000] {dag.py:3508} INFO - Setting next_dagrun for latest_only_with_trigger to 2024-02-28T14:46:03.991009+00:00, run_after=2024-02-28T18:46:03.991009+00:00
[2024-02-28T18:46:04.008+0000] {processor.py:179} INFO - Processing /home/airflow/.local/lib/python3.7/site-packages/airflow/example_dags/example_latest_only_with_trigger.py took 0.093 seconds
[2024-02-28T18:46:34.294+0000] {processor.py:157} INFO - Started process (PID=1724) to work on /home/airflow/.local/lib/python3.7/site-packages/airflow/example_dags/example_latest_only_with_trigger.py
[2024-02-28T18:46:34.296+0000] {processor.py:826} INFO - Processing file /home/airflow/.local/lib/python3.7/site-packages/airflow/example_dags/example_latest_only_with_trigger.py for tasks to queue
[2024-02-28T18:46:34.300+0000] {logging_mixin.py:150} INFO - [2024-02-28T18:46:34.299+0000] {dagbag.py:541} INFO - Filling up the DagBag from /home/airflow/.local/lib/python3.7/site-packages/airflow/example_dags/example_latest_only_with_trigger.py
[2024-02-28T18:46:34.308+0000] {processor.py:836} INFO - DAG(s) dict_keys(['latest_only_with_trigger']) retrieved from /home/airflow/.local/lib/python3.7/site-packages/airflow/example_dags/example_latest_only_with_trigger.py
[2024-02-28T18:46:34.337+0000] {logging_mixin.py:150} INFO - [2024-02-28T18:46:34.336+0000] {dag.py:2742} INFO - Sync 1 DAGs
[2024-02-28T18:46:34.380+0000] {logging_mixin.py:150} INFO - [2024-02-28T18:46:34.380+0000] {dag.py:3508} INFO - Setting next_dagrun for latest_only_with_trigger to 2024-02-28T14:46:34.379516+00:00, run_after=2024-02-28T18:46:34.379516+00:00
[2024-02-28T18:46:34.405+0000] {processor.py:179} INFO - Processing /home/airflow/.local/lib/python3.7/site-packages/airflow/example_dags/example_latest_only_with_trigger.py took 0.114 seconds
[2024-02-28T18:47:04.525+0000] {processor.py:157} INFO - Started process (PID=1786) to work on /home/airflow/.local/lib/python3.7/site-packages/airflow/example_dags/example_latest_only_with_trigger.py
[2024-02-28T18:47:04.528+0000] {processor.py:826} INFO - Processing file /home/airflow/.local/lib/python3.7/site-packages/airflow/example_dags/example_latest_only_with_trigger.py for tasks to queue
[2024-02-28T18:47:04.529+0000] {logging_mixin.py:150} INFO - [2024-02-28T18:47:04.529+0000] {dagbag.py:541} INFO - Filling up the DagBag from /home/airflow/.local/lib/python3.7/site-packages/airflow/example_dags/example_latest_only_with_trigger.py
[2024-02-28T18:47:04.536+0000] {processor.py:836} INFO - DAG(s) dict_keys(['latest_only_with_trigger']) retrieved from /home/airflow/.local/lib/python3.7/site-packages/airflow/example_dags/example_latest_only_with_trigger.py
[2024-02-28T18:47:04.561+0000] {logging_mixin.py:150} INFO - [2024-02-28T18:47:04.561+0000] {dag.py:2742} INFO - Sync 1 DAGs
[2024-02-28T18:47:04.578+0000] {logging_mixin.py:150} INFO - [2024-02-28T18:47:04.578+0000] {dag.py:3508} INFO - Setting next_dagrun for latest_only_with_trigger to 2024-02-28T14:47:04.578501+00:00, run_after=2024-02-28T18:47:04.578501+00:00
[2024-02-28T18:47:04.591+0000] {processor.py:179} INFO - Processing /home/airflow/.local/lib/python3.7/site-packages/airflow/example_dags/example_latest_only_with_trigger.py took 0.070 seconds
[2024-02-28T18:47:35.167+0000] {processor.py:157} INFO - Started process (PID=1849) to work on /home/airflow/.local/lib/python3.7/site-packages/airflow/example_dags/example_latest_only_with_trigger.py
[2024-02-28T18:47:35.169+0000] {processor.py:826} INFO - Processing file /home/airflow/.local/lib/python3.7/site-packages/airflow/example_dags/example_latest_only_with_trigger.py for tasks to queue
[2024-02-28T18:47:35.170+0000] {logging_mixin.py:150} INFO - [2024-02-28T18:47:35.170+0000] {dagbag.py:541} INFO - Filling up the DagBag from /home/airflow/.local/lib/python3.7/site-packages/airflow/example_dags/example_latest_only_with_trigger.py
[2024-02-28T18:47:35.177+0000] {processor.py:836} INFO - DAG(s) dict_keys(['latest_only_with_trigger']) retrieved from /home/airflow/.local/lib/python3.7/site-packages/airflow/example_dags/example_latest_only_with_trigger.py
[2024-02-28T18:47:35.202+0000] {logging_mixin.py:150} INFO - [2024-02-28T18:47:35.202+0000] {dag.py:2742} INFO - Sync 1 DAGs
[2024-02-28T18:47:35.227+0000] {logging_mixin.py:150} INFO - [2024-02-28T18:47:35.227+0000] {dag.py:3508} INFO - Setting next_dagrun for latest_only_with_trigger to 2024-02-28T14:47:35.227235+00:00, run_after=2024-02-28T18:47:35.227235+00:00
[2024-02-28T18:47:35.256+0000] {processor.py:179} INFO - Processing /home/airflow/.local/lib/python3.7/site-packages/airflow/example_dags/example_latest_only_with_trigger.py took 0.092 seconds
[2024-02-28T18:48:05.466+0000] {processor.py:157} INFO - Started process (PID=1911) to work on /home/airflow/.local/lib/python3.7/site-packages/airflow/example_dags/example_latest_only_with_trigger.py
[2024-02-28T18:48:05.468+0000] {processor.py:826} INFO - Processing file /home/airflow/.local/lib/python3.7/site-packages/airflow/example_dags/example_latest_only_with_trigger.py for tasks to queue
[2024-02-28T18:48:05.470+0000] {logging_mixin.py:150} INFO - [2024-02-28T18:48:05.470+0000] {dagbag.py:541} INFO - Filling up the DagBag from /home/airflow/.local/lib/python3.7/site-packages/airflow/example_dags/example_latest_only_with_trigger.py
[2024-02-28T18:48:05.477+0000] {processor.py:836} INFO - DAG(s) dict_keys(['latest_only_with_trigger']) retrieved from /home/airflow/.local/lib/python3.7/site-packages/airflow/example_dags/example_latest_only_with_trigger.py
[2024-02-28T18:48:05.502+0000] {logging_mixin.py:150} INFO - [2024-02-28T18:48:05.502+0000] {dag.py:2742} INFO - Sync 1 DAGs
[2024-02-28T18:48:05.521+0000] {logging_mixin.py:150} INFO - [2024-02-28T18:48:05.520+0000] {dag.py:3508} INFO - Setting next_dagrun for latest_only_with_trigger to 2024-02-28T14:48:05.520628+00:00, run_after=2024-02-28T18:48:05.520628+00:00
[2024-02-28T18:48:05.542+0000] {processor.py:179} INFO - Processing /home/airflow/.local/lib/python3.7/site-packages/airflow/example_dags/example_latest_only_with_trigger.py took 0.078 seconds
[2024-02-28T18:48:35.800+0000] {processor.py:157} INFO - Started process (PID=1974) to work on /home/airflow/.local/lib/python3.7/site-packages/airflow/example_dags/example_latest_only_with_trigger.py
[2024-02-28T18:48:35.803+0000] {processor.py:826} INFO - Processing file /home/airflow/.local/lib/python3.7/site-packages/airflow/example_dags/example_latest_only_with_trigger.py for tasks to queue
[2024-02-28T18:48:35.805+0000] {logging_mixin.py:150} INFO - [2024-02-28T18:48:35.805+0000] {dagbag.py:541} INFO - Filling up the DagBag from /home/airflow/.local/lib/python3.7/site-packages/airflow/example_dags/example_latest_only_with_trigger.py
[2024-02-28T18:48:35.811+0000] {processor.py:836} INFO - DAG(s) dict_keys(['latest_only_with_trigger']) retrieved from /home/airflow/.local/lib/python3.7/site-packages/airflow/example_dags/example_latest_only_with_trigger.py
[2024-02-28T18:48:35.844+0000] {logging_mixin.py:150} INFO - [2024-02-28T18:48:35.843+0000] {dag.py:2742} INFO - Sync 1 DAGs
[2024-02-28T18:48:35.872+0000] {logging_mixin.py:150} INFO - [2024-02-28T18:48:35.872+0000] {dag.py:3508} INFO - Setting next_dagrun for latest_only_with_trigger to 2024-02-28T14:48:35.871933+00:00, run_after=2024-02-28T18:48:35.871933+00:00
[2024-02-28T18:48:35.891+0000] {processor.py:179} INFO - Processing /home/airflow/.local/lib/python3.7/site-packages/airflow/example_dags/example_latest_only_with_trigger.py took 0.094 seconds
[2024-02-28T18:49:11.168+0000] {processor.py:157} INFO - Started process (PID=2038) to work on /home/airflow/.local/lib/python3.7/site-packages/airflow/example_dags/example_latest_only_with_trigger.py
[2024-02-28T18:49:11.172+0000] {processor.py:826} INFO - Processing file /home/airflow/.local/lib/python3.7/site-packages/airflow/example_dags/example_latest_only_with_trigger.py for tasks to queue
[2024-02-28T18:49:11.176+0000] {logging_mixin.py:150} INFO - [2024-02-28T18:49:11.175+0000] {dagbag.py:541} INFO - Filling up the DagBag from /home/airflow/.local/lib/python3.7/site-packages/airflow/example_dags/example_latest_only_with_trigger.py
[2024-02-28T18:49:11.195+0000] {processor.py:836} INFO - DAG(s) dict_keys(['latest_only_with_trigger']) retrieved from /home/airflow/.local/lib/python3.7/site-packages/airflow/example_dags/example_latest_only_with_trigger.py
[2024-02-28T18:49:11.316+0000] {logging_mixin.py:150} INFO - [2024-02-28T18:49:11.316+0000] {dag.py:2742} INFO - Sync 1 DAGs
[2024-02-28T18:49:11.414+0000] {logging_mixin.py:150} INFO - [2024-02-28T18:49:11.413+0000] {dag.py:3508} INFO - Setting next_dagrun for latest_only_with_trigger to 2024-02-28T14:49:11.411755+00:00, run_after=2024-02-28T18:49:11.411755+00:00
[2024-02-28T18:49:11.502+0000] {processor.py:179} INFO - Processing /home/airflow/.local/lib/python3.7/site-packages/airflow/example_dags/example_latest_only_with_trigger.py took 0.349 seconds
[2024-02-28T18:49:41.704+0000] {processor.py:157} INFO - Started process (PID=2108) to work on /home/airflow/.local/lib/python3.7/site-packages/airflow/example_dags/example_latest_only_with_trigger.py
[2024-02-28T18:49:41.708+0000] {processor.py:826} INFO - Processing file /home/airflow/.local/lib/python3.7/site-packages/airflow/example_dags/example_latest_only_with_trigger.py for tasks to queue
[2024-02-28T18:49:41.714+0000] {logging_mixin.py:150} INFO - [2024-02-28T18:49:41.713+0000] {dagbag.py:541} INFO - Filling up the DagBag from /home/airflow/.local/lib/python3.7/site-packages/airflow/example_dags/example_latest_only_with_trigger.py
[2024-02-28T18:49:41.726+0000] {processor.py:836} INFO - DAG(s) dict_keys(['latest_only_with_trigger']) retrieved from /home/airflow/.local/lib/python3.7/site-packages/airflow/example_dags/example_latest_only_with_trigger.py
[2024-02-28T18:49:41.754+0000] {logging_mixin.py:150} INFO - [2024-02-28T18:49:41.754+0000] {dag.py:2742} INFO - Sync 1 DAGs
[2024-02-28T18:49:41.775+0000] {logging_mixin.py:150} INFO - [2024-02-28T18:49:41.775+0000] {dag.py:3508} INFO - Setting next_dagrun for latest_only_with_trigger to 2024-02-28T14:49:41.775304+00:00, run_after=2024-02-28T18:49:41.775304+00:00
[2024-02-28T18:49:41.791+0000] {processor.py:179} INFO - Processing /home/airflow/.local/lib/python3.7/site-packages/airflow/example_dags/example_latest_only_with_trigger.py took 0.093 seconds
[2024-02-28T18:50:12.553+0000] {processor.py:157} INFO - Started process (PID=2175) to work on /home/airflow/.local/lib/python3.7/site-packages/airflow/example_dags/example_latest_only_with_trigger.py
[2024-02-28T18:50:12.560+0000] {processor.py:826} INFO - Processing file /home/airflow/.local/lib/python3.7/site-packages/airflow/example_dags/example_latest_only_with_trigger.py for tasks to queue
[2024-02-28T18:50:12.563+0000] {logging_mixin.py:150} INFO - [2024-02-28T18:50:12.562+0000] {dagbag.py:541} INFO - Filling up the DagBag from /home/airflow/.local/lib/python3.7/site-packages/airflow/example_dags/example_latest_only_with_trigger.py
[2024-02-28T18:50:12.577+0000] {processor.py:836} INFO - DAG(s) dict_keys(['latest_only_with_trigger']) retrieved from /home/airflow/.local/lib/python3.7/site-packages/airflow/example_dags/example_latest_only_with_trigger.py
[2024-02-28T18:50:12.655+0000] {logging_mixin.py:150} INFO - [2024-02-28T18:50:12.655+0000] {dag.py:2742} INFO - Sync 1 DAGs
[2024-02-28T18:50:12.717+0000] {logging_mixin.py:150} INFO - [2024-02-28T18:50:12.717+0000] {dag.py:3508} INFO - Setting next_dagrun for latest_only_with_trigger to 2024-02-28T14:50:12.716846+00:00, run_after=2024-02-28T18:50:12.716846+00:00
[2024-02-28T18:50:12.762+0000] {processor.py:179} INFO - Processing /home/airflow/.local/lib/python3.7/site-packages/airflow/example_dags/example_latest_only_with_trigger.py took 0.217 seconds
[2024-02-28T18:50:43.050+0000] {processor.py:157} INFO - Started process (PID=2238) to work on /home/airflow/.local/lib/python3.7/site-packages/airflow/example_dags/example_latest_only_with_trigger.py
[2024-02-28T18:50:43.055+0000] {processor.py:826} INFO - Processing file /home/airflow/.local/lib/python3.7/site-packages/airflow/example_dags/example_latest_only_with_trigger.py for tasks to queue
[2024-02-28T18:50:43.057+0000] {logging_mixin.py:150} INFO - [2024-02-28T18:50:43.057+0000] {dagbag.py:541} INFO - Filling up the DagBag from /home/airflow/.local/lib/python3.7/site-packages/airflow/example_dags/example_latest_only_with_trigger.py
[2024-02-28T18:50:43.066+0000] {processor.py:836} INFO - DAG(s) dict_keys(['latest_only_with_trigger']) retrieved from /home/airflow/.local/lib/python3.7/site-packages/airflow/example_dags/example_latest_only_with_trigger.py
[2024-02-28T18:50:43.094+0000] {logging_mixin.py:150} INFO - [2024-02-28T18:50:43.094+0000] {dag.py:2742} INFO - Sync 1 DAGs
[2024-02-28T18:50:43.125+0000] {logging_mixin.py:150} INFO - [2024-02-28T18:50:43.125+0000] {dag.py:3508} INFO - Setting next_dagrun for latest_only_with_trigger to 2024-02-28T14:50:43.124918+00:00, run_after=2024-02-28T18:50:43.124918+00:00
[2024-02-28T18:50:43.147+0000] {processor.py:179} INFO - Processing /home/airflow/.local/lib/python3.7/site-packages/airflow/example_dags/example_latest_only_with_trigger.py took 0.100 seconds
[2024-02-28T18:51:13.717+0000] {processor.py:157} INFO - Started process (PID=2305) to work on /home/airflow/.local/lib/python3.7/site-packages/airflow/example_dags/example_latest_only_with_trigger.py
[2024-02-28T18:51:13.720+0000] {processor.py:826} INFO - Processing file /home/airflow/.local/lib/python3.7/site-packages/airflow/example_dags/example_latest_only_with_trigger.py for tasks to queue
[2024-02-28T18:51:13.722+0000] {logging_mixin.py:150} INFO - [2024-02-28T18:51:13.721+0000] {dagbag.py:541} INFO - Filling up the DagBag from /home/airflow/.local/lib/python3.7/site-packages/airflow/example_dags/example_latest_only_with_trigger.py
[2024-02-28T18:51:13.732+0000] {processor.py:836} INFO - DAG(s) dict_keys(['latest_only_with_trigger']) retrieved from /home/airflow/.local/lib/python3.7/site-packages/airflow/example_dags/example_latest_only_with_trigger.py
[2024-02-28T18:51:13.771+0000] {logging_mixin.py:150} INFO - [2024-02-28T18:51:13.771+0000] {dag.py:2742} INFO - Sync 1 DAGs
[2024-02-28T18:51:13.796+0000] {logging_mixin.py:150} INFO - [2024-02-28T18:51:13.796+0000] {dag.py:3508} INFO - Setting next_dagrun for latest_only_with_trigger to 2024-02-28T14:51:13.796141+00:00, run_after=2024-02-28T18:51:13.796141+00:00
[2024-02-28T18:51:13.822+0000] {processor.py:179} INFO - Processing /home/airflow/.local/lib/python3.7/site-packages/airflow/example_dags/example_latest_only_with_trigger.py took 0.111 seconds
[2024-02-28T18:51:45.241+0000] {processor.py:157} INFO - Started process (PID=2368) to work on /home/airflow/.local/lib/python3.7/site-packages/airflow/example_dags/example_latest_only_with_trigger.py
[2024-02-28T18:51:45.244+0000] {processor.py:826} INFO - Processing file /home/airflow/.local/lib/python3.7/site-packages/airflow/example_dags/example_latest_only_with_trigger.py for tasks to queue
[2024-02-28T18:51:45.246+0000] {logging_mixin.py:150} INFO - [2024-02-28T18:51:45.246+0000] {dagbag.py:541} INFO - Filling up the DagBag from /home/airflow/.local/lib/python3.7/site-packages/airflow/example_dags/example_latest_only_with_trigger.py
[2024-02-28T18:51:45.256+0000] {processor.py:836} INFO - DAG(s) dict_keys(['latest_only_with_trigger']) retrieved from /home/airflow/.local/lib/python3.7/site-packages/airflow/example_dags/example_latest_only_with_trigger.py
[2024-02-28T18:51:45.292+0000] {logging_mixin.py:150} INFO - [2024-02-28T18:51:45.292+0000] {dag.py:2742} INFO - Sync 1 DAGs
[2024-02-28T18:51:45.317+0000] {logging_mixin.py:150} INFO - [2024-02-28T18:51:45.317+0000] {dag.py:3508} INFO - Setting next_dagrun for latest_only_with_trigger to 2024-02-28T14:51:45.317250+00:00, run_after=2024-02-28T18:51:45.317250+00:00
[2024-02-28T18:51:45.339+0000] {processor.py:179} INFO - Processing /home/airflow/.local/lib/python3.7/site-packages/airflow/example_dags/example_latest_only_with_trigger.py took 0.102 seconds
[2024-02-28T18:52:15.459+0000] {processor.py:157} INFO - Started process (PID=2439) to work on /home/airflow/.local/lib/python3.7/site-packages/airflow/example_dags/example_latest_only_with_trigger.py
[2024-02-28T18:52:15.465+0000] {processor.py:826} INFO - Processing file /home/airflow/.local/lib/python3.7/site-packages/airflow/example_dags/example_latest_only_with_trigger.py for tasks to queue
[2024-02-28T18:52:15.471+0000] {logging_mixin.py:150} INFO - [2024-02-28T18:52:15.470+0000] {dagbag.py:541} INFO - Filling up the DagBag from /home/airflow/.local/lib/python3.7/site-packages/airflow/example_dags/example_latest_only_with_trigger.py
[2024-02-28T18:52:15.480+0000] {processor.py:836} INFO - DAG(s) dict_keys(['latest_only_with_trigger']) retrieved from /home/airflow/.local/lib/python3.7/site-packages/airflow/example_dags/example_latest_only_with_trigger.py
[2024-02-28T18:52:15.519+0000] {logging_mixin.py:150} INFO - [2024-02-28T18:52:15.519+0000] {dag.py:2742} INFO - Sync 1 DAGs
[2024-02-28T18:52:15.561+0000] {logging_mixin.py:150} INFO - [2024-02-28T18:52:15.561+0000] {dag.py:3508} INFO - Setting next_dagrun for latest_only_with_trigger to 2024-02-28T14:52:15.560797+00:00, run_after=2024-02-28T18:52:15.560797+00:00
[2024-02-28T18:52:15.596+0000] {processor.py:179} INFO - Processing /home/airflow/.local/lib/python3.7/site-packages/airflow/example_dags/example_latest_only_with_trigger.py took 0.142 seconds
[2024-02-28T18:52:45.768+0000] {processor.py:157} INFO - Started process (PID=2502) to work on /home/airflow/.local/lib/python3.7/site-packages/airflow/example_dags/example_latest_only_with_trigger.py
[2024-02-28T18:52:45.770+0000] {processor.py:826} INFO - Processing file /home/airflow/.local/lib/python3.7/site-packages/airflow/example_dags/example_latest_only_with_trigger.py for tasks to queue
[2024-02-28T18:52:45.772+0000] {logging_mixin.py:150} INFO - [2024-02-28T18:52:45.772+0000] {dagbag.py:541} INFO - Filling up the DagBag from /home/airflow/.local/lib/python3.7/site-packages/airflow/example_dags/example_latest_only_with_trigger.py
[2024-02-28T18:52:45.778+0000] {processor.py:836} INFO - DAG(s) dict_keys(['latest_only_with_trigger']) retrieved from /home/airflow/.local/lib/python3.7/site-packages/airflow/example_dags/example_latest_only_with_trigger.py
[2024-02-28T18:52:45.806+0000] {logging_mixin.py:150} INFO - [2024-02-28T18:52:45.806+0000] {dag.py:2742} INFO - Sync 1 DAGs
[2024-02-28T18:52:45.828+0000] {logging_mixin.py:150} INFO - [2024-02-28T18:52:45.828+0000] {dag.py:3508} INFO - Setting next_dagrun for latest_only_with_trigger to 2024-02-28T14:52:45.827695+00:00, run_after=2024-02-28T18:52:45.827695+00:00
[2024-02-28T18:52:45.844+0000] {processor.py:179} INFO - Processing /home/airflow/.local/lib/python3.7/site-packages/airflow/example_dags/example_latest_only_with_trigger.py took 0.079 seconds
