[2024-02-28T18:33:10.514+0000] {processor.py:157} INFO - Started process (PID=50) to work on /home/airflow/.local/lib/python3.7/site-packages/airflow/example_dags/example_branch_operator.py
[2024-02-28T18:33:10.522+0000] {processor.py:826} INFO - Processing file /home/airflow/.local/lib/python3.7/site-packages/airflow/example_dags/example_branch_operator.py for tasks to queue
[2024-02-28T18:33:10.541+0000] {logging_mixin.py:150} INFO - [2024-02-28T18:33:10.540+0000] {dagbag.py:541} INFO - Filling up the DagBag from /home/airflow/.local/lib/python3.7/site-packages/airflow/example_dags/example_branch_operator.py
[2024-02-28T18:33:10.586+0000] {processor.py:836} INFO - DAG(s) dict_keys(['example_branch_operator']) retrieved from /home/airflow/.local/lib/python3.7/site-packages/airflow/example_dags/example_branch_operator.py
[2024-02-28T18:33:10.631+0000] {logging_mixin.py:150} INFO - [2024-02-28T18:33:10.629+0000] {dag.py:2742} INFO - Sync 1 DAGs
[2024-02-28T18:33:10.702+0000] {logging_mixin.py:150} INFO - [2024-02-28T18:33:10.701+0000] {dag.py:3508} INFO - Setting next_dagrun for example_branch_operator to 2024-02-27T00:00:00+00:00, run_after=2024-02-28T00:00:00+00:00
[2024-02-28T18:33:10.747+0000] {processor.py:179} INFO - Processing /home/airflow/.local/lib/python3.7/site-packages/airflow/example_dags/example_branch_operator.py took 0.240 seconds
[2024-02-28T18:33:41.516+0000] {processor.py:157} INFO - Started process (PID=113) to work on /home/airflow/.local/lib/python3.7/site-packages/airflow/example_dags/example_branch_operator.py
[2024-02-28T18:33:41.520+0000] {processor.py:826} INFO - Processing file /home/airflow/.local/lib/python3.7/site-packages/airflow/example_dags/example_branch_operator.py for tasks to queue
[2024-02-28T18:33:41.522+0000] {logging_mixin.py:150} INFO - [2024-02-28T18:33:41.521+0000] {dagbag.py:541} INFO - Filling up the DagBag from /home/airflow/.local/lib/python3.7/site-packages/airflow/example_dags/example_branch_operator.py
[2024-02-28T18:33:41.534+0000] {processor.py:836} INFO - DAG(s) dict_keys(['example_branch_operator']) retrieved from /home/airflow/.local/lib/python3.7/site-packages/airflow/example_dags/example_branch_operator.py
[2024-02-28T18:33:41.565+0000] {logging_mixin.py:150} INFO - [2024-02-28T18:33:41.565+0000] {dag.py:2742} INFO - Sync 1 DAGs
[2024-02-28T18:33:41.587+0000] {logging_mixin.py:150} INFO - [2024-02-28T18:33:41.587+0000] {dag.py:3508} INFO - Setting next_dagrun for example_branch_operator to 2024-02-27T00:00:00+00:00, run_after=2024-02-28T00:00:00+00:00
[2024-02-28T18:33:41.602+0000] {processor.py:179} INFO - Processing /home/airflow/.local/lib/python3.7/site-packages/airflow/example_dags/example_branch_operator.py took 0.090 seconds
[2024-02-28T18:34:11.703+0000] {processor.py:157} INFO - Started process (PID=176) to work on /home/airflow/.local/lib/python3.7/site-packages/airflow/example_dags/example_branch_operator.py
[2024-02-28T18:34:11.705+0000] {processor.py:826} INFO - Processing file /home/airflow/.local/lib/python3.7/site-packages/airflow/example_dags/example_branch_operator.py for tasks to queue
[2024-02-28T18:34:11.708+0000] {logging_mixin.py:150} INFO - [2024-02-28T18:34:11.708+0000] {dagbag.py:541} INFO - Filling up the DagBag from /home/airflow/.local/lib/python3.7/site-packages/airflow/example_dags/example_branch_operator.py
[2024-02-28T18:34:11.717+0000] {processor.py:836} INFO - DAG(s) dict_keys(['example_branch_operator']) retrieved from /home/airflow/.local/lib/python3.7/site-packages/airflow/example_dags/example_branch_operator.py
[2024-02-28T18:34:11.743+0000] {logging_mixin.py:150} INFO - [2024-02-28T18:34:11.743+0000] {dag.py:2742} INFO - Sync 1 DAGs
[2024-02-28T18:34:11.766+0000] {logging_mixin.py:150} INFO - [2024-02-28T18:34:11.766+0000] {dag.py:3508} INFO - Setting next_dagrun for example_branch_operator to 2024-02-27T00:00:00+00:00, run_after=2024-02-28T00:00:00+00:00
[2024-02-28T18:34:11.781+0000] {processor.py:179} INFO - Processing /home/airflow/.local/lib/python3.7/site-packages/airflow/example_dags/example_branch_operator.py took 0.081 seconds
[2024-02-28T18:34:42.705+0000] {processor.py:157} INFO - Started process (PID=239) to work on /home/airflow/.local/lib/python3.7/site-packages/airflow/example_dags/example_branch_operator.py
[2024-02-28T18:34:42.708+0000] {processor.py:826} INFO - Processing file /home/airflow/.local/lib/python3.7/site-packages/airflow/example_dags/example_branch_operator.py for tasks to queue
[2024-02-28T18:34:42.714+0000] {logging_mixin.py:150} INFO - [2024-02-28T18:34:42.713+0000] {dagbag.py:541} INFO - Filling up the DagBag from /home/airflow/.local/lib/python3.7/site-packages/airflow/example_dags/example_branch_operator.py
[2024-02-28T18:34:42.726+0000] {processor.py:836} INFO - DAG(s) dict_keys(['example_branch_operator']) retrieved from /home/airflow/.local/lib/python3.7/site-packages/airflow/example_dags/example_branch_operator.py
[2024-02-28T18:34:42.756+0000] {logging_mixin.py:150} INFO - [2024-02-28T18:34:42.756+0000] {dag.py:2742} INFO - Sync 1 DAGs
[2024-02-28T18:34:42.779+0000] {logging_mixin.py:150} INFO - [2024-02-28T18:34:42.779+0000] {dag.py:3508} INFO - Setting next_dagrun for example_branch_operator to 2024-02-27T00:00:00+00:00, run_after=2024-02-28T00:00:00+00:00
[2024-02-28T18:34:42.797+0000] {processor.py:179} INFO - Processing /home/airflow/.local/lib/python3.7/site-packages/airflow/example_dags/example_branch_operator.py took 0.096 seconds
[2024-02-28T18:35:13.924+0000] {processor.py:157} INFO - Started process (PID=303) to work on /home/airflow/.local/lib/python3.7/site-packages/airflow/example_dags/example_branch_operator.py
[2024-02-28T18:35:13.927+0000] {processor.py:826} INFO - Processing file /home/airflow/.local/lib/python3.7/site-packages/airflow/example_dags/example_branch_operator.py for tasks to queue
[2024-02-28T18:35:13.930+0000] {logging_mixin.py:150} INFO - [2024-02-28T18:35:13.929+0000] {dagbag.py:541} INFO - Filling up the DagBag from /home/airflow/.local/lib/python3.7/site-packages/airflow/example_dags/example_branch_operator.py
[2024-02-28T18:35:13.938+0000] {processor.py:836} INFO - DAG(s) dict_keys(['example_branch_operator']) retrieved from /home/airflow/.local/lib/python3.7/site-packages/airflow/example_dags/example_branch_operator.py
[2024-02-28T18:35:13.966+0000] {logging_mixin.py:150} INFO - [2024-02-28T18:35:13.966+0000] {dag.py:2742} INFO - Sync 1 DAGs
[2024-02-28T18:35:13.994+0000] {logging_mixin.py:150} INFO - [2024-02-28T18:35:13.993+0000] {dag.py:3508} INFO - Setting next_dagrun for example_branch_operator to 2024-02-27T00:00:00+00:00, run_after=2024-02-28T00:00:00+00:00
[2024-02-28T18:35:14.011+0000] {processor.py:179} INFO - Processing /home/airflow/.local/lib/python3.7/site-packages/airflow/example_dags/example_branch_operator.py took 0.091 seconds
[2024-02-28T18:35:44.785+0000] {processor.py:157} INFO - Started process (PID=367) to work on /home/airflow/.local/lib/python3.7/site-packages/airflow/example_dags/example_branch_operator.py
[2024-02-28T18:35:44.787+0000] {processor.py:826} INFO - Processing file /home/airflow/.local/lib/python3.7/site-packages/airflow/example_dags/example_branch_operator.py for tasks to queue
[2024-02-28T18:35:44.788+0000] {logging_mixin.py:150} INFO - [2024-02-28T18:35:44.788+0000] {dagbag.py:541} INFO - Filling up the DagBag from /home/airflow/.local/lib/python3.7/site-packages/airflow/example_dags/example_branch_operator.py
[2024-02-28T18:35:44.797+0000] {processor.py:836} INFO - DAG(s) dict_keys(['example_branch_operator']) retrieved from /home/airflow/.local/lib/python3.7/site-packages/airflow/example_dags/example_branch_operator.py
[2024-02-28T18:35:44.827+0000] {logging_mixin.py:150} INFO - [2024-02-28T18:35:44.827+0000] {dag.py:2742} INFO - Sync 1 DAGs
[2024-02-28T18:35:44.850+0000] {logging_mixin.py:150} INFO - [2024-02-28T18:35:44.850+0000] {dag.py:3508} INFO - Setting next_dagrun for example_branch_operator to 2024-02-27T00:00:00+00:00, run_after=2024-02-28T00:00:00+00:00
[2024-02-28T18:35:44.872+0000] {processor.py:179} INFO - Processing /home/airflow/.local/lib/python3.7/site-packages/airflow/example_dags/example_branch_operator.py took 0.091 seconds
[2024-02-28T18:36:15.879+0000] {processor.py:157} INFO - Started process (PID=430) to work on /home/airflow/.local/lib/python3.7/site-packages/airflow/example_dags/example_branch_operator.py
[2024-02-28T18:36:15.881+0000] {processor.py:826} INFO - Processing file /home/airflow/.local/lib/python3.7/site-packages/airflow/example_dags/example_branch_operator.py for tasks to queue
[2024-02-28T18:36:15.884+0000] {logging_mixin.py:150} INFO - [2024-02-28T18:36:15.884+0000] {dagbag.py:541} INFO - Filling up the DagBag from /home/airflow/.local/lib/python3.7/site-packages/airflow/example_dags/example_branch_operator.py
[2024-02-28T18:36:15.892+0000] {processor.py:836} INFO - DAG(s) dict_keys(['example_branch_operator']) retrieved from /home/airflow/.local/lib/python3.7/site-packages/airflow/example_dags/example_branch_operator.py
[2024-02-28T18:36:15.922+0000] {logging_mixin.py:150} INFO - [2024-02-28T18:36:15.922+0000] {dag.py:2742} INFO - Sync 1 DAGs
[2024-02-28T18:36:15.951+0000] {logging_mixin.py:150} INFO - [2024-02-28T18:36:15.951+0000] {dag.py:3508} INFO - Setting next_dagrun for example_branch_operator to 2024-02-27T00:00:00+00:00, run_after=2024-02-28T00:00:00+00:00
[2024-02-28T18:36:15.972+0000] {processor.py:179} INFO - Processing /home/airflow/.local/lib/python3.7/site-packages/airflow/example_dags/example_branch_operator.py took 0.096 seconds
[2024-02-28T18:36:47.767+0000] {processor.py:157} INFO - Started process (PID=493) to work on /home/airflow/.local/lib/python3.7/site-packages/airflow/example_dags/example_branch_operator.py
[2024-02-28T18:36:47.771+0000] {processor.py:826} INFO - Processing file /home/airflow/.local/lib/python3.7/site-packages/airflow/example_dags/example_branch_operator.py for tasks to queue
[2024-02-28T18:36:47.773+0000] {logging_mixin.py:150} INFO - [2024-02-28T18:36:47.773+0000] {dagbag.py:541} INFO - Filling up the DagBag from /home/airflow/.local/lib/python3.7/site-packages/airflow/example_dags/example_branch_operator.py
[2024-02-28T18:36:47.790+0000] {processor.py:836} INFO - DAG(s) dict_keys(['example_branch_operator']) retrieved from /home/airflow/.local/lib/python3.7/site-packages/airflow/example_dags/example_branch_operator.py
[2024-02-28T18:36:47.865+0000] {logging_mixin.py:150} INFO - [2024-02-28T18:36:47.865+0000] {dag.py:2742} INFO - Sync 1 DAGs
[2024-02-28T18:36:47.890+0000] {logging_mixin.py:150} INFO - [2024-02-28T18:36:47.890+0000] {dag.py:3508} INFO - Setting next_dagrun for example_branch_operator to 2024-02-27T00:00:00+00:00, run_after=2024-02-28T00:00:00+00:00
[2024-02-28T18:36:47.908+0000] {processor.py:179} INFO - Processing /home/airflow/.local/lib/python3.7/site-packages/airflow/example_dags/example_branch_operator.py took 0.146 seconds
[2024-02-28T18:37:18.428+0000] {processor.py:157} INFO - Started process (PID=556) to work on /home/airflow/.local/lib/python3.7/site-packages/airflow/example_dags/example_branch_operator.py
[2024-02-28T18:37:18.433+0000] {processor.py:826} INFO - Processing file /home/airflow/.local/lib/python3.7/site-packages/airflow/example_dags/example_branch_operator.py for tasks to queue
[2024-02-28T18:37:18.437+0000] {logging_mixin.py:150} INFO - [2024-02-28T18:37:18.436+0000] {dagbag.py:541} INFO - Filling up the DagBag from /home/airflow/.local/lib/python3.7/site-packages/airflow/example_dags/example_branch_operator.py
[2024-02-28T18:37:18.449+0000] {processor.py:836} INFO - DAG(s) dict_keys(['example_branch_operator']) retrieved from /home/airflow/.local/lib/python3.7/site-packages/airflow/example_dags/example_branch_operator.py
[2024-02-28T18:37:18.486+0000] {logging_mixin.py:150} INFO - [2024-02-28T18:37:18.486+0000] {dag.py:2742} INFO - Sync 1 DAGs
[2024-02-28T18:37:18.517+0000] {logging_mixin.py:150} INFO - [2024-02-28T18:37:18.517+0000] {dag.py:3508} INFO - Setting next_dagrun for example_branch_operator to 2024-02-27T00:00:00+00:00, run_after=2024-02-28T00:00:00+00:00
[2024-02-28T18:37:18.540+0000] {processor.py:179} INFO - Processing /home/airflow/.local/lib/python3.7/site-packages/airflow/example_dags/example_branch_operator.py took 0.117 seconds
[2024-02-28T18:37:48.728+0000] {processor.py:157} INFO - Started process (PID=619) to work on /home/airflow/.local/lib/python3.7/site-packages/airflow/example_dags/example_branch_operator.py
[2024-02-28T18:37:48.730+0000] {processor.py:826} INFO - Processing file /home/airflow/.local/lib/python3.7/site-packages/airflow/example_dags/example_branch_operator.py for tasks to queue
[2024-02-28T18:37:48.732+0000] {logging_mixin.py:150} INFO - [2024-02-28T18:37:48.732+0000] {dagbag.py:541} INFO - Filling up the DagBag from /home/airflow/.local/lib/python3.7/site-packages/airflow/example_dags/example_branch_operator.py
[2024-02-28T18:37:48.740+0000] {processor.py:836} INFO - DAG(s) dict_keys(['example_branch_operator']) retrieved from /home/airflow/.local/lib/python3.7/site-packages/airflow/example_dags/example_branch_operator.py
[2024-02-28T18:37:48.773+0000] {logging_mixin.py:150} INFO - [2024-02-28T18:37:48.773+0000] {dag.py:2742} INFO - Sync 1 DAGs
[2024-02-28T18:37:48.798+0000] {logging_mixin.py:150} INFO - [2024-02-28T18:37:48.798+0000] {dag.py:3508} INFO - Setting next_dagrun for example_branch_operator to 2024-02-27T00:00:00+00:00, run_after=2024-02-28T00:00:00+00:00
[2024-02-28T18:37:48.813+0000] {processor.py:179} INFO - Processing /home/airflow/.local/lib/python3.7/site-packages/airflow/example_dags/example_branch_operator.py took 0.089 seconds
[2024-02-28T18:38:19.196+0000] {processor.py:157} INFO - Started process (PID=681) to work on /home/airflow/.local/lib/python3.7/site-packages/airflow/example_dags/example_branch_operator.py
[2024-02-28T18:38:19.199+0000] {processor.py:826} INFO - Processing file /home/airflow/.local/lib/python3.7/site-packages/airflow/example_dags/example_branch_operator.py for tasks to queue
[2024-02-28T18:38:19.201+0000] {logging_mixin.py:150} INFO - [2024-02-28T18:38:19.200+0000] {dagbag.py:541} INFO - Filling up the DagBag from /home/airflow/.local/lib/python3.7/site-packages/airflow/example_dags/example_branch_operator.py
[2024-02-28T18:38:19.211+0000] {processor.py:836} INFO - DAG(s) dict_keys(['example_branch_operator']) retrieved from /home/airflow/.local/lib/python3.7/site-packages/airflow/example_dags/example_branch_operator.py
[2024-02-28T18:38:19.251+0000] {logging_mixin.py:150} INFO - [2024-02-28T18:38:19.251+0000] {dag.py:2742} INFO - Sync 1 DAGs
[2024-02-28T18:38:19.282+0000] {logging_mixin.py:150} INFO - [2024-02-28T18:38:19.281+0000] {dag.py:3508} INFO - Setting next_dagrun for example_branch_operator to 2024-02-27T00:00:00+00:00, run_after=2024-02-28T00:00:00+00:00
[2024-02-28T18:38:19.304+0000] {processor.py:179} INFO - Processing /home/airflow/.local/lib/python3.7/site-packages/airflow/example_dags/example_branch_operator.py took 0.112 seconds
[2024-02-28T18:38:50.066+0000] {processor.py:157} INFO - Started process (PID=743) to work on /home/airflow/.local/lib/python3.7/site-packages/airflow/example_dags/example_branch_operator.py
[2024-02-28T18:38:50.074+0000] {processor.py:826} INFO - Processing file /home/airflow/.local/lib/python3.7/site-packages/airflow/example_dags/example_branch_operator.py for tasks to queue
[2024-02-28T18:38:50.077+0000] {logging_mixin.py:150} INFO - [2024-02-28T18:38:50.077+0000] {dagbag.py:541} INFO - Filling up the DagBag from /home/airflow/.local/lib/python3.7/site-packages/airflow/example_dags/example_branch_operator.py
[2024-02-28T18:38:50.094+0000] {processor.py:836} INFO - DAG(s) dict_keys(['example_branch_operator']) retrieved from /home/airflow/.local/lib/python3.7/site-packages/airflow/example_dags/example_branch_operator.py
[2024-02-28T18:38:50.131+0000] {logging_mixin.py:150} INFO - [2024-02-28T18:38:50.131+0000] {dag.py:2742} INFO - Sync 1 DAGs
[2024-02-28T18:38:50.162+0000] {logging_mixin.py:150} INFO - [2024-02-28T18:38:50.162+0000] {dag.py:3508} INFO - Setting next_dagrun for example_branch_operator to 2024-02-27T00:00:00+00:00, run_after=2024-02-28T00:00:00+00:00
[2024-02-28T18:38:50.181+0000] {processor.py:179} INFO - Processing /home/airflow/.local/lib/python3.7/site-packages/airflow/example_dags/example_branch_operator.py took 0.125 seconds
[2024-02-28T18:39:20.901+0000] {processor.py:157} INFO - Started process (PID=806) to work on /home/airflow/.local/lib/python3.7/site-packages/airflow/example_dags/example_branch_operator.py
[2024-02-28T18:39:20.906+0000] {processor.py:826} INFO - Processing file /home/airflow/.local/lib/python3.7/site-packages/airflow/example_dags/example_branch_operator.py for tasks to queue
[2024-02-28T18:39:20.910+0000] {logging_mixin.py:150} INFO - [2024-02-28T18:39:20.910+0000] {dagbag.py:541} INFO - Filling up the DagBag from /home/airflow/.local/lib/python3.7/site-packages/airflow/example_dags/example_branch_operator.py
[2024-02-28T18:39:20.928+0000] {processor.py:836} INFO - DAG(s) dict_keys(['example_branch_operator']) retrieved from /home/airflow/.local/lib/python3.7/site-packages/airflow/example_dags/example_branch_operator.py
[2024-02-28T18:39:20.973+0000] {logging_mixin.py:150} INFO - [2024-02-28T18:39:20.973+0000] {dag.py:2742} INFO - Sync 1 DAGs
[2024-02-28T18:39:21.002+0000] {logging_mixin.py:150} INFO - [2024-02-28T18:39:21.002+0000] {dag.py:3508} INFO - Setting next_dagrun for example_branch_operator to 2024-02-27T00:00:00+00:00, run_after=2024-02-28T00:00:00+00:00
[2024-02-28T18:39:21.028+0000] {processor.py:179} INFO - Processing /home/airflow/.local/lib/python3.7/site-packages/airflow/example_dags/example_branch_operator.py took 0.132 seconds
[2024-02-28T18:39:51.352+0000] {processor.py:157} INFO - Started process (PID=870) to work on /home/airflow/.local/lib/python3.7/site-packages/airflow/example_dags/example_branch_operator.py
[2024-02-28T18:39:51.357+0000] {processor.py:826} INFO - Processing file /home/airflow/.local/lib/python3.7/site-packages/airflow/example_dags/example_branch_operator.py for tasks to queue
[2024-02-28T18:39:51.360+0000] {logging_mixin.py:150} INFO - [2024-02-28T18:39:51.359+0000] {dagbag.py:541} INFO - Filling up the DagBag from /home/airflow/.local/lib/python3.7/site-packages/airflow/example_dags/example_branch_operator.py
[2024-02-28T18:39:51.376+0000] {processor.py:836} INFO - DAG(s) dict_keys(['example_branch_operator']) retrieved from /home/airflow/.local/lib/python3.7/site-packages/airflow/example_dags/example_branch_operator.py
[2024-02-28T18:39:51.409+0000] {logging_mixin.py:150} INFO - [2024-02-28T18:39:51.409+0000] {dag.py:2742} INFO - Sync 1 DAGs
[2024-02-28T18:39:51.436+0000] {logging_mixin.py:150} INFO - [2024-02-28T18:39:51.435+0000] {dag.py:3508} INFO - Setting next_dagrun for example_branch_operator to 2024-02-27T00:00:00+00:00, run_after=2024-02-28T00:00:00+00:00
[2024-02-28T18:39:51.457+0000] {processor.py:179} INFO - Processing /home/airflow/.local/lib/python3.7/site-packages/airflow/example_dags/example_branch_operator.py took 0.109 seconds
[2024-02-28T18:40:22.180+0000] {processor.py:157} INFO - Started process (PID=933) to work on /home/airflow/.local/lib/python3.7/site-packages/airflow/example_dags/example_branch_operator.py
[2024-02-28T18:40:22.183+0000] {processor.py:826} INFO - Processing file /home/airflow/.local/lib/python3.7/site-packages/airflow/example_dags/example_branch_operator.py for tasks to queue
[2024-02-28T18:40:22.186+0000] {logging_mixin.py:150} INFO - [2024-02-28T18:40:22.186+0000] {dagbag.py:541} INFO - Filling up the DagBag from /home/airflow/.local/lib/python3.7/site-packages/airflow/example_dags/example_branch_operator.py
[2024-02-28T18:40:22.197+0000] {processor.py:836} INFO - DAG(s) dict_keys(['example_branch_operator']) retrieved from /home/airflow/.local/lib/python3.7/site-packages/airflow/example_dags/example_branch_operator.py
[2024-02-28T18:40:22.232+0000] {logging_mixin.py:150} INFO - [2024-02-28T18:40:22.231+0000] {dag.py:2742} INFO - Sync 1 DAGs
[2024-02-28T18:40:22.259+0000] {logging_mixin.py:150} INFO - [2024-02-28T18:40:22.258+0000] {dag.py:3508} INFO - Setting next_dagrun for example_branch_operator to 2024-02-27T00:00:00+00:00, run_after=2024-02-28T00:00:00+00:00
[2024-02-28T18:40:22.274+0000] {processor.py:179} INFO - Processing /home/airflow/.local/lib/python3.7/site-packages/airflow/example_dags/example_branch_operator.py took 0.098 seconds
[2024-02-28T18:40:52.869+0000] {processor.py:157} INFO - Started process (PID=996) to work on /home/airflow/.local/lib/python3.7/site-packages/airflow/example_dags/example_branch_operator.py
[2024-02-28T18:40:52.872+0000] {processor.py:826} INFO - Processing file /home/airflow/.local/lib/python3.7/site-packages/airflow/example_dags/example_branch_operator.py for tasks to queue
[2024-02-28T18:40:52.873+0000] {logging_mixin.py:150} INFO - [2024-02-28T18:40:52.873+0000] {dagbag.py:541} INFO - Filling up the DagBag from /home/airflow/.local/lib/python3.7/site-packages/airflow/example_dags/example_branch_operator.py
[2024-02-28T18:40:52.883+0000] {processor.py:836} INFO - DAG(s) dict_keys(['example_branch_operator']) retrieved from /home/airflow/.local/lib/python3.7/site-packages/airflow/example_dags/example_branch_operator.py
[2024-02-28T18:40:52.909+0000] {logging_mixin.py:150} INFO - [2024-02-28T18:40:52.909+0000] {dag.py:2742} INFO - Sync 1 DAGs
[2024-02-28T18:40:52.931+0000] {logging_mixin.py:150} INFO - [2024-02-28T18:40:52.931+0000] {dag.py:3508} INFO - Setting next_dagrun for example_branch_operator to 2024-02-27T00:00:00+00:00, run_after=2024-02-28T00:00:00+00:00
[2024-02-28T18:40:52.948+0000] {processor.py:179} INFO - Processing /home/airflow/.local/lib/python3.7/site-packages/airflow/example_dags/example_branch_operator.py took 0.083 seconds
[2024-02-28T18:41:23.243+0000] {processor.py:157} INFO - Started process (PID=1059) to work on /home/airflow/.local/lib/python3.7/site-packages/airflow/example_dags/example_branch_operator.py
[2024-02-28T18:41:23.245+0000] {processor.py:826} INFO - Processing file /home/airflow/.local/lib/python3.7/site-packages/airflow/example_dags/example_branch_operator.py for tasks to queue
[2024-02-28T18:41:23.247+0000] {logging_mixin.py:150} INFO - [2024-02-28T18:41:23.246+0000] {dagbag.py:541} INFO - Filling up the DagBag from /home/airflow/.local/lib/python3.7/site-packages/airflow/example_dags/example_branch_operator.py
[2024-02-28T18:41:23.264+0000] {processor.py:836} INFO - DAG(s) dict_keys(['example_branch_operator']) retrieved from /home/airflow/.local/lib/python3.7/site-packages/airflow/example_dags/example_branch_operator.py
[2024-02-28T18:41:23.292+0000] {logging_mixin.py:150} INFO - [2024-02-28T18:41:23.292+0000] {dag.py:2742} INFO - Sync 1 DAGs
[2024-02-28T18:41:23.320+0000] {logging_mixin.py:150} INFO - [2024-02-28T18:41:23.320+0000] {dag.py:3508} INFO - Setting next_dagrun for example_branch_operator to 2024-02-27T00:00:00+00:00, run_after=2024-02-28T00:00:00+00:00
[2024-02-28T18:41:23.336+0000] {processor.py:179} INFO - Processing /home/airflow/.local/lib/python3.7/site-packages/airflow/example_dags/example_branch_operator.py took 0.098 seconds
[2024-02-28T18:41:53.680+0000] {processor.py:157} INFO - Started process (PID=1122) to work on /home/airflow/.local/lib/python3.7/site-packages/airflow/example_dags/example_branch_operator.py
[2024-02-28T18:41:53.682+0000] {processor.py:826} INFO - Processing file /home/airflow/.local/lib/python3.7/site-packages/airflow/example_dags/example_branch_operator.py for tasks to queue
[2024-02-28T18:41:53.684+0000] {logging_mixin.py:150} INFO - [2024-02-28T18:41:53.684+0000] {dagbag.py:541} INFO - Filling up the DagBag from /home/airflow/.local/lib/python3.7/site-packages/airflow/example_dags/example_branch_operator.py
[2024-02-28T18:41:53.694+0000] {processor.py:836} INFO - DAG(s) dict_keys(['example_branch_operator']) retrieved from /home/airflow/.local/lib/python3.7/site-packages/airflow/example_dags/example_branch_operator.py
[2024-02-28T18:41:53.726+0000] {logging_mixin.py:150} INFO - [2024-02-28T18:41:53.726+0000] {dag.py:2742} INFO - Sync 1 DAGs
[2024-02-28T18:41:53.748+0000] {logging_mixin.py:150} INFO - [2024-02-28T18:41:53.748+0000] {dag.py:3508} INFO - Setting next_dagrun for example_branch_operator to 2024-02-27T00:00:00+00:00, run_after=2024-02-28T00:00:00+00:00
[2024-02-28T18:41:53.764+0000] {processor.py:179} INFO - Processing /home/airflow/.local/lib/python3.7/site-packages/airflow/example_dags/example_branch_operator.py took 0.087 seconds
[2024-02-28T18:42:24.373+0000] {processor.py:157} INFO - Started process (PID=1185) to work on /home/airflow/.local/lib/python3.7/site-packages/airflow/example_dags/example_branch_operator.py
[2024-02-28T18:42:24.376+0000] {processor.py:826} INFO - Processing file /home/airflow/.local/lib/python3.7/site-packages/airflow/example_dags/example_branch_operator.py for tasks to queue
[2024-02-28T18:42:24.379+0000] {logging_mixin.py:150} INFO - [2024-02-28T18:42:24.378+0000] {dagbag.py:541} INFO - Filling up the DagBag from /home/airflow/.local/lib/python3.7/site-packages/airflow/example_dags/example_branch_operator.py
[2024-02-28T18:42:24.401+0000] {processor.py:836} INFO - DAG(s) dict_keys(['example_branch_operator']) retrieved from /home/airflow/.local/lib/python3.7/site-packages/airflow/example_dags/example_branch_operator.py
[2024-02-28T18:42:24.437+0000] {logging_mixin.py:150} INFO - [2024-02-28T18:42:24.437+0000] {dag.py:2742} INFO - Sync 1 DAGs
[2024-02-28T18:42:24.465+0000] {logging_mixin.py:150} INFO - [2024-02-28T18:42:24.465+0000] {dag.py:3508} INFO - Setting next_dagrun for example_branch_operator to 2024-02-27T00:00:00+00:00, run_after=2024-02-28T00:00:00+00:00
[2024-02-28T18:42:24.483+0000] {processor.py:179} INFO - Processing /home/airflow/.local/lib/python3.7/site-packages/airflow/example_dags/example_branch_operator.py took 0.114 seconds
[2024-02-28T18:42:55.461+0000] {processor.py:157} INFO - Started process (PID=1248) to work on /home/airflow/.local/lib/python3.7/site-packages/airflow/example_dags/example_branch_operator.py
[2024-02-28T18:42:55.463+0000] {processor.py:826} INFO - Processing file /home/airflow/.local/lib/python3.7/site-packages/airflow/example_dags/example_branch_operator.py for tasks to queue
[2024-02-28T18:42:55.466+0000] {logging_mixin.py:150} INFO - [2024-02-28T18:42:55.465+0000] {dagbag.py:541} INFO - Filling up the DagBag from /home/airflow/.local/lib/python3.7/site-packages/airflow/example_dags/example_branch_operator.py
[2024-02-28T18:42:55.479+0000] {processor.py:836} INFO - DAG(s) dict_keys(['example_branch_operator']) retrieved from /home/airflow/.local/lib/python3.7/site-packages/airflow/example_dags/example_branch_operator.py
[2024-02-28T18:42:55.515+0000] {logging_mixin.py:150} INFO - [2024-02-28T18:42:55.515+0000] {dag.py:2742} INFO - Sync 1 DAGs
[2024-02-28T18:42:55.543+0000] {logging_mixin.py:150} INFO - [2024-02-28T18:42:55.542+0000] {dag.py:3508} INFO - Setting next_dagrun for example_branch_operator to 2024-02-27T00:00:00+00:00, run_after=2024-02-28T00:00:00+00:00
[2024-02-28T18:42:55.560+0000] {processor.py:179} INFO - Processing /home/airflow/.local/lib/python3.7/site-packages/airflow/example_dags/example_branch_operator.py took 0.104 seconds
[2024-02-28T18:43:25.865+0000] {processor.py:157} INFO - Started process (PID=1311) to work on /home/airflow/.local/lib/python3.7/site-packages/airflow/example_dags/example_branch_operator.py
[2024-02-28T18:43:25.867+0000] {processor.py:826} INFO - Processing file /home/airflow/.local/lib/python3.7/site-packages/airflow/example_dags/example_branch_operator.py for tasks to queue
[2024-02-28T18:43:25.870+0000] {logging_mixin.py:150} INFO - [2024-02-28T18:43:25.869+0000] {dagbag.py:541} INFO - Filling up the DagBag from /home/airflow/.local/lib/python3.7/site-packages/airflow/example_dags/example_branch_operator.py
[2024-02-28T18:43:25.877+0000] {processor.py:836} INFO - DAG(s) dict_keys(['example_branch_operator']) retrieved from /home/airflow/.local/lib/python3.7/site-packages/airflow/example_dags/example_branch_operator.py
[2024-02-28T18:43:25.907+0000] {logging_mixin.py:150} INFO - [2024-02-28T18:43:25.907+0000] {dag.py:2742} INFO - Sync 1 DAGs
[2024-02-28T18:43:25.928+0000] {logging_mixin.py:150} INFO - [2024-02-28T18:43:25.928+0000] {dag.py:3508} INFO - Setting next_dagrun for example_branch_operator to 2024-02-27T00:00:00+00:00, run_after=2024-02-28T00:00:00+00:00
[2024-02-28T18:43:25.942+0000] {processor.py:179} INFO - Processing /home/airflow/.local/lib/python3.7/site-packages/airflow/example_dags/example_branch_operator.py took 0.081 seconds
[2024-02-28T18:43:56.320+0000] {processor.py:157} INFO - Started process (PID=1374) to work on /home/airflow/.local/lib/python3.7/site-packages/airflow/example_dags/example_branch_operator.py
[2024-02-28T18:43:56.322+0000] {processor.py:826} INFO - Processing file /home/airflow/.local/lib/python3.7/site-packages/airflow/example_dags/example_branch_operator.py for tasks to queue
[2024-02-28T18:43:56.324+0000] {logging_mixin.py:150} INFO - [2024-02-28T18:43:56.324+0000] {dagbag.py:541} INFO - Filling up the DagBag from /home/airflow/.local/lib/python3.7/site-packages/airflow/example_dags/example_branch_operator.py
[2024-02-28T18:43:56.333+0000] {processor.py:836} INFO - DAG(s) dict_keys(['example_branch_operator']) retrieved from /home/airflow/.local/lib/python3.7/site-packages/airflow/example_dags/example_branch_operator.py
[2024-02-28T18:43:56.362+0000] {logging_mixin.py:150} INFO - [2024-02-28T18:43:56.362+0000] {dag.py:2742} INFO - Sync 1 DAGs
[2024-02-28T18:43:56.385+0000] {logging_mixin.py:150} INFO - [2024-02-28T18:43:56.385+0000] {dag.py:3508} INFO - Setting next_dagrun for example_branch_operator to 2024-02-27T00:00:00+00:00, run_after=2024-02-28T00:00:00+00:00
[2024-02-28T18:43:56.400+0000] {processor.py:179} INFO - Processing /home/airflow/.local/lib/python3.7/site-packages/airflow/example_dags/example_branch_operator.py took 0.083 seconds
[2024-02-28T18:44:28.014+0000] {processor.py:157} INFO - Started process (PID=1437) to work on /home/airflow/.local/lib/python3.7/site-packages/airflow/example_dags/example_branch_operator.py
[2024-02-28T18:44:28.017+0000] {processor.py:826} INFO - Processing file /home/airflow/.local/lib/python3.7/site-packages/airflow/example_dags/example_branch_operator.py for tasks to queue
[2024-02-28T18:44:28.020+0000] {logging_mixin.py:150} INFO - [2024-02-28T18:44:28.020+0000] {dagbag.py:541} INFO - Filling up the DagBag from /home/airflow/.local/lib/python3.7/site-packages/airflow/example_dags/example_branch_operator.py
[2024-02-28T18:44:28.034+0000] {processor.py:836} INFO - DAG(s) dict_keys(['example_branch_operator']) retrieved from /home/airflow/.local/lib/python3.7/site-packages/airflow/example_dags/example_branch_operator.py
[2024-02-28T18:44:28.070+0000] {logging_mixin.py:150} INFO - [2024-02-28T18:44:28.070+0000] {dag.py:2742} INFO - Sync 1 DAGs
[2024-02-28T18:44:28.099+0000] {logging_mixin.py:150} INFO - [2024-02-28T18:44:28.099+0000] {dag.py:3508} INFO - Setting next_dagrun for example_branch_operator to 2024-02-27T00:00:00+00:00, run_after=2024-02-28T00:00:00+00:00
[2024-02-28T18:44:28.118+0000] {processor.py:179} INFO - Processing /home/airflow/.local/lib/python3.7/site-packages/airflow/example_dags/example_branch_operator.py took 0.107 seconds
[2024-02-28T18:44:58.334+0000] {processor.py:157} INFO - Started process (PID=1500) to work on /home/airflow/.local/lib/python3.7/site-packages/airflow/example_dags/example_branch_operator.py
[2024-02-28T18:44:58.336+0000] {processor.py:826} INFO - Processing file /home/airflow/.local/lib/python3.7/site-packages/airflow/example_dags/example_branch_operator.py for tasks to queue
[2024-02-28T18:44:58.338+0000] {logging_mixin.py:150} INFO - [2024-02-28T18:44:58.338+0000] {dagbag.py:541} INFO - Filling up the DagBag from /home/airflow/.local/lib/python3.7/site-packages/airflow/example_dags/example_branch_operator.py
[2024-02-28T18:44:58.350+0000] {processor.py:836} INFO - DAG(s) dict_keys(['example_branch_operator']) retrieved from /home/airflow/.local/lib/python3.7/site-packages/airflow/example_dags/example_branch_operator.py
[2024-02-28T18:44:58.382+0000] {logging_mixin.py:150} INFO - [2024-02-28T18:44:58.381+0000] {dag.py:2742} INFO - Sync 1 DAGs
[2024-02-28T18:44:58.408+0000] {logging_mixin.py:150} INFO - [2024-02-28T18:44:58.407+0000] {dag.py:3508} INFO - Setting next_dagrun for example_branch_operator to 2024-02-27T00:00:00+00:00, run_after=2024-02-28T00:00:00+00:00
[2024-02-28T18:44:58.427+0000] {processor.py:179} INFO - Processing /home/airflow/.local/lib/python3.7/site-packages/airflow/example_dags/example_branch_operator.py took 0.097 seconds
[2024-02-28T18:45:28.951+0000] {processor.py:157} INFO - Started process (PID=1564) to work on /home/airflow/.local/lib/python3.7/site-packages/airflow/example_dags/example_branch_operator.py
[2024-02-28T18:45:28.953+0000] {processor.py:826} INFO - Processing file /home/airflow/.local/lib/python3.7/site-packages/airflow/example_dags/example_branch_operator.py for tasks to queue
[2024-02-28T18:45:28.955+0000] {logging_mixin.py:150} INFO - [2024-02-28T18:45:28.955+0000] {dagbag.py:541} INFO - Filling up the DagBag from /home/airflow/.local/lib/python3.7/site-packages/airflow/example_dags/example_branch_operator.py
[2024-02-28T18:45:28.973+0000] {processor.py:836} INFO - DAG(s) dict_keys(['example_branch_operator']) retrieved from /home/airflow/.local/lib/python3.7/site-packages/airflow/example_dags/example_branch_operator.py
[2024-02-28T18:45:29.018+0000] {logging_mixin.py:150} INFO - [2024-02-28T18:45:29.017+0000] {dag.py:2742} INFO - Sync 1 DAGs
[2024-02-28T18:45:29.048+0000] {logging_mixin.py:150} INFO - [2024-02-28T18:45:29.048+0000] {dag.py:3508} INFO - Setting next_dagrun for example_branch_operator to 2024-02-27T00:00:00+00:00, run_after=2024-02-28T00:00:00+00:00
[2024-02-28T18:45:29.069+0000] {processor.py:179} INFO - Processing /home/airflow/.local/lib/python3.7/site-packages/airflow/example_dags/example_branch_operator.py took 0.120 seconds
[2024-02-28T18:45:59.830+0000] {processor.py:157} INFO - Started process (PID=1627) to work on /home/airflow/.local/lib/python3.7/site-packages/airflow/example_dags/example_branch_operator.py
[2024-02-28T18:45:59.832+0000] {processor.py:826} INFO - Processing file /home/airflow/.local/lib/python3.7/site-packages/airflow/example_dags/example_branch_operator.py for tasks to queue
[2024-02-28T18:45:59.834+0000] {logging_mixin.py:150} INFO - [2024-02-28T18:45:59.834+0000] {dagbag.py:541} INFO - Filling up the DagBag from /home/airflow/.local/lib/python3.7/site-packages/airflow/example_dags/example_branch_operator.py
[2024-02-28T18:45:59.847+0000] {processor.py:836} INFO - DAG(s) dict_keys(['example_branch_operator']) retrieved from /home/airflow/.local/lib/python3.7/site-packages/airflow/example_dags/example_branch_operator.py
[2024-02-28T18:45:59.881+0000] {logging_mixin.py:150} INFO - [2024-02-28T18:45:59.880+0000] {dag.py:2742} INFO - Sync 1 DAGs
[2024-02-28T18:45:59.904+0000] {logging_mixin.py:150} INFO - [2024-02-28T18:45:59.904+0000] {dag.py:3508} INFO - Setting next_dagrun for example_branch_operator to 2024-02-27T00:00:00+00:00, run_after=2024-02-28T00:00:00+00:00
[2024-02-28T18:45:59.924+0000] {processor.py:179} INFO - Processing /home/airflow/.local/lib/python3.7/site-packages/airflow/example_dags/example_branch_operator.py took 0.098 seconds
[2024-02-28T18:46:30.158+0000] {processor.py:157} INFO - Started process (PID=1690) to work on /home/airflow/.local/lib/python3.7/site-packages/airflow/example_dags/example_branch_operator.py
[2024-02-28T18:46:30.161+0000] {processor.py:826} INFO - Processing file /home/airflow/.local/lib/python3.7/site-packages/airflow/example_dags/example_branch_operator.py for tasks to queue
[2024-02-28T18:46:30.163+0000] {logging_mixin.py:150} INFO - [2024-02-28T18:46:30.163+0000] {dagbag.py:541} INFO - Filling up the DagBag from /home/airflow/.local/lib/python3.7/site-packages/airflow/example_dags/example_branch_operator.py
[2024-02-28T18:46:30.174+0000] {processor.py:836} INFO - DAG(s) dict_keys(['example_branch_operator']) retrieved from /home/airflow/.local/lib/python3.7/site-packages/airflow/example_dags/example_branch_operator.py
[2024-02-28T18:46:30.203+0000] {logging_mixin.py:150} INFO - [2024-02-28T18:46:30.203+0000] {dag.py:2742} INFO - Sync 1 DAGs
[2024-02-28T18:46:30.225+0000] {logging_mixin.py:150} INFO - [2024-02-28T18:46:30.225+0000] {dag.py:3508} INFO - Setting next_dagrun for example_branch_operator to 2024-02-27T00:00:00+00:00, run_after=2024-02-28T00:00:00+00:00
[2024-02-28T18:46:30.244+0000] {processor.py:179} INFO - Processing /home/airflow/.local/lib/python3.7/site-packages/airflow/example_dags/example_branch_operator.py took 0.090 seconds
[2024-02-28T18:47:00.377+0000] {processor.py:157} INFO - Started process (PID=1752) to work on /home/airflow/.local/lib/python3.7/site-packages/airflow/example_dags/example_branch_operator.py
[2024-02-28T18:47:00.380+0000] {processor.py:826} INFO - Processing file /home/airflow/.local/lib/python3.7/site-packages/airflow/example_dags/example_branch_operator.py for tasks to queue
[2024-02-28T18:47:00.382+0000] {logging_mixin.py:150} INFO - [2024-02-28T18:47:00.381+0000] {dagbag.py:541} INFO - Filling up the DagBag from /home/airflow/.local/lib/python3.7/site-packages/airflow/example_dags/example_branch_operator.py
[2024-02-28T18:47:00.399+0000] {processor.py:836} INFO - DAG(s) dict_keys(['example_branch_operator']) retrieved from /home/airflow/.local/lib/python3.7/site-packages/airflow/example_dags/example_branch_operator.py
[2024-02-28T18:47:00.434+0000] {logging_mixin.py:150} INFO - [2024-02-28T18:47:00.433+0000] {dag.py:2742} INFO - Sync 1 DAGs
[2024-02-28T18:47:00.465+0000] {logging_mixin.py:150} INFO - [2024-02-28T18:47:00.465+0000] {dag.py:3508} INFO - Setting next_dagrun for example_branch_operator to 2024-02-27T00:00:00+00:00, run_after=2024-02-28T00:00:00+00:00
[2024-02-28T18:47:00.497+0000] {processor.py:179} INFO - Processing /home/airflow/.local/lib/python3.7/site-packages/airflow/example_dags/example_branch_operator.py took 0.125 seconds
[2024-02-28T18:47:30.812+0000] {processor.py:157} INFO - Started process (PID=1815) to work on /home/airflow/.local/lib/python3.7/site-packages/airflow/example_dags/example_branch_operator.py
[2024-02-28T18:47:30.816+0000] {processor.py:826} INFO - Processing file /home/airflow/.local/lib/python3.7/site-packages/airflow/example_dags/example_branch_operator.py for tasks to queue
[2024-02-28T18:47:30.818+0000] {logging_mixin.py:150} INFO - [2024-02-28T18:47:30.817+0000] {dagbag.py:541} INFO - Filling up the DagBag from /home/airflow/.local/lib/python3.7/site-packages/airflow/example_dags/example_branch_operator.py
[2024-02-28T18:47:30.827+0000] {processor.py:836} INFO - DAG(s) dict_keys(['example_branch_operator']) retrieved from /home/airflow/.local/lib/python3.7/site-packages/airflow/example_dags/example_branch_operator.py
[2024-02-28T18:47:30.864+0000] {logging_mixin.py:150} INFO - [2024-02-28T18:47:30.863+0000] {dag.py:2742} INFO - Sync 1 DAGs
[2024-02-28T18:47:30.906+0000] {logging_mixin.py:150} INFO - [2024-02-28T18:47:30.905+0000] {dag.py:3508} INFO - Setting next_dagrun for example_branch_operator to 2024-02-27T00:00:00+00:00, run_after=2024-02-28T00:00:00+00:00
[2024-02-28T18:47:30.932+0000] {processor.py:179} INFO - Processing /home/airflow/.local/lib/python3.7/site-packages/airflow/example_dags/example_branch_operator.py took 0.124 seconds
[2024-02-28T18:48:01.390+0000] {processor.py:157} INFO - Started process (PID=1878) to work on /home/airflow/.local/lib/python3.7/site-packages/airflow/example_dags/example_branch_operator.py
[2024-02-28T18:48:01.392+0000] {processor.py:826} INFO - Processing file /home/airflow/.local/lib/python3.7/site-packages/airflow/example_dags/example_branch_operator.py for tasks to queue
[2024-02-28T18:48:01.393+0000] {logging_mixin.py:150} INFO - [2024-02-28T18:48:01.393+0000] {dagbag.py:541} INFO - Filling up the DagBag from /home/airflow/.local/lib/python3.7/site-packages/airflow/example_dags/example_branch_operator.py
[2024-02-28T18:48:01.403+0000] {processor.py:836} INFO - DAG(s) dict_keys(['example_branch_operator']) retrieved from /home/airflow/.local/lib/python3.7/site-packages/airflow/example_dags/example_branch_operator.py
[2024-02-28T18:48:01.432+0000] {logging_mixin.py:150} INFO - [2024-02-28T18:48:01.431+0000] {dag.py:2742} INFO - Sync 1 DAGs
[2024-02-28T18:48:01.456+0000] {logging_mixin.py:150} INFO - [2024-02-28T18:48:01.456+0000] {dag.py:3508} INFO - Setting next_dagrun for example_branch_operator to 2024-02-27T00:00:00+00:00, run_after=2024-02-28T00:00:00+00:00
[2024-02-28T18:48:01.477+0000] {processor.py:179} INFO - Processing /home/airflow/.local/lib/python3.7/site-packages/airflow/example_dags/example_branch_operator.py took 0.090 seconds
[2024-02-28T18:48:31.919+0000] {processor.py:157} INFO - Started process (PID=1940) to work on /home/airflow/.local/lib/python3.7/site-packages/airflow/example_dags/example_branch_operator.py
[2024-02-28T18:48:31.921+0000] {processor.py:826} INFO - Processing file /home/airflow/.local/lib/python3.7/site-packages/airflow/example_dags/example_branch_operator.py for tasks to queue
[2024-02-28T18:48:31.925+0000] {logging_mixin.py:150} INFO - [2024-02-28T18:48:31.924+0000] {dagbag.py:541} INFO - Filling up the DagBag from /home/airflow/.local/lib/python3.7/site-packages/airflow/example_dags/example_branch_operator.py
[2024-02-28T18:48:31.948+0000] {processor.py:836} INFO - DAG(s) dict_keys(['example_branch_operator']) retrieved from /home/airflow/.local/lib/python3.7/site-packages/airflow/example_dags/example_branch_operator.py
[2024-02-28T18:48:31.994+0000] {logging_mixin.py:150} INFO - [2024-02-28T18:48:31.994+0000] {dag.py:2742} INFO - Sync 1 DAGs
[2024-02-28T18:48:32.037+0000] {logging_mixin.py:150} INFO - [2024-02-28T18:48:32.037+0000] {dag.py:3508} INFO - Setting next_dagrun for example_branch_operator to 2024-02-27T00:00:00+00:00, run_after=2024-02-28T00:00:00+00:00
[2024-02-28T18:48:32.066+0000] {processor.py:179} INFO - Processing /home/airflow/.local/lib/python3.7/site-packages/airflow/example_dags/example_branch_operator.py took 0.154 seconds
[2024-02-28T18:49:03.223+0000] {processor.py:157} INFO - Started process (PID=2003) to work on /home/airflow/.local/lib/python3.7/site-packages/airflow/example_dags/example_branch_operator.py
[2024-02-28T18:49:03.227+0000] {processor.py:826} INFO - Processing file /home/airflow/.local/lib/python3.7/site-packages/airflow/example_dags/example_branch_operator.py for tasks to queue
[2024-02-28T18:49:03.232+0000] {logging_mixin.py:150} INFO - [2024-02-28T18:49:03.232+0000] {dagbag.py:541} INFO - Filling up the DagBag from /home/airflow/.local/lib/python3.7/site-packages/airflow/example_dags/example_branch_operator.py
[2024-02-28T18:49:03.246+0000] {processor.py:836} INFO - DAG(s) dict_keys(['example_branch_operator']) retrieved from /home/airflow/.local/lib/python3.7/site-packages/airflow/example_dags/example_branch_operator.py
[2024-02-28T18:49:03.288+0000] {logging_mixin.py:150} INFO - [2024-02-28T18:49:03.288+0000] {dag.py:2742} INFO - Sync 1 DAGs
[2024-02-28T18:49:03.344+0000] {logging_mixin.py:150} INFO - [2024-02-28T18:49:03.344+0000] {dag.py:3508} INFO - Setting next_dagrun for example_branch_operator to 2024-02-27T00:00:00+00:00, run_after=2024-02-28T00:00:00+00:00
[2024-02-28T18:49:03.374+0000] {processor.py:179} INFO - Processing /home/airflow/.local/lib/python3.7/site-packages/airflow/example_dags/example_branch_operator.py took 0.157 seconds
[2024-02-28T18:49:33.574+0000] {processor.py:157} INFO - Started process (PID=2074) to work on /home/airflow/.local/lib/python3.7/site-packages/airflow/example_dags/example_branch_operator.py
[2024-02-28T18:49:33.577+0000] {processor.py:826} INFO - Processing file /home/airflow/.local/lib/python3.7/site-packages/airflow/example_dags/example_branch_operator.py for tasks to queue
[2024-02-28T18:49:33.579+0000] {logging_mixin.py:150} INFO - [2024-02-28T18:49:33.578+0000] {dagbag.py:541} INFO - Filling up the DagBag from /home/airflow/.local/lib/python3.7/site-packages/airflow/example_dags/example_branch_operator.py
[2024-02-28T18:49:33.589+0000] {processor.py:836} INFO - DAG(s) dict_keys(['example_branch_operator']) retrieved from /home/airflow/.local/lib/python3.7/site-packages/airflow/example_dags/example_branch_operator.py
[2024-02-28T18:49:33.617+0000] {logging_mixin.py:150} INFO - [2024-02-28T18:49:33.617+0000] {dag.py:2742} INFO - Sync 1 DAGs
[2024-02-28T18:49:33.642+0000] {logging_mixin.py:150} INFO - [2024-02-28T18:49:33.641+0000] {dag.py:3508} INFO - Setting next_dagrun for example_branch_operator to 2024-02-27T00:00:00+00:00, run_after=2024-02-28T00:00:00+00:00
[2024-02-28T18:49:33.658+0000] {processor.py:179} INFO - Processing /home/airflow/.local/lib/python3.7/site-packages/airflow/example_dags/example_branch_operator.py took 0.090 seconds
[2024-02-28T18:50:05.058+0000] {processor.py:157} INFO - Started process (PID=2144) to work on /home/airflow/.local/lib/python3.7/site-packages/airflow/example_dags/example_branch_operator.py
[2024-02-28T18:50:05.066+0000] {processor.py:826} INFO - Processing file /home/airflow/.local/lib/python3.7/site-packages/airflow/example_dags/example_branch_operator.py for tasks to queue
[2024-02-28T18:50:05.069+0000] {logging_mixin.py:150} INFO - [2024-02-28T18:50:05.068+0000] {dagbag.py:541} INFO - Filling up the DagBag from /home/airflow/.local/lib/python3.7/site-packages/airflow/example_dags/example_branch_operator.py
[2024-02-28T18:50:05.090+0000] {processor.py:836} INFO - DAG(s) dict_keys(['example_branch_operator']) retrieved from /home/airflow/.local/lib/python3.7/site-packages/airflow/example_dags/example_branch_operator.py
[2024-02-28T18:50:05.141+0000] {logging_mixin.py:150} INFO - [2024-02-28T18:50:05.140+0000] {dag.py:2742} INFO - Sync 1 DAGs
[2024-02-28T18:50:05.177+0000] {logging_mixin.py:150} INFO - [2024-02-28T18:50:05.177+0000] {dag.py:3508} INFO - Setting next_dagrun for example_branch_operator to 2024-02-27T00:00:00+00:00, run_after=2024-02-28T00:00:00+00:00
[2024-02-28T18:50:05.220+0000] {processor.py:179} INFO - Processing /home/airflow/.local/lib/python3.7/site-packages/airflow/example_dags/example_branch_operator.py took 0.200 seconds
[2024-02-28T18:50:35.419+0000] {processor.py:157} INFO - Started process (PID=2211) to work on /home/airflow/.local/lib/python3.7/site-packages/airflow/example_dags/example_branch_operator.py
[2024-02-28T18:50:35.424+0000] {processor.py:826} INFO - Processing file /home/airflow/.local/lib/python3.7/site-packages/airflow/example_dags/example_branch_operator.py for tasks to queue
[2024-02-28T18:50:35.429+0000] {logging_mixin.py:150} INFO - [2024-02-28T18:50:35.428+0000] {dagbag.py:541} INFO - Filling up the DagBag from /home/airflow/.local/lib/python3.7/site-packages/airflow/example_dags/example_branch_operator.py
[2024-02-28T18:50:35.437+0000] {processor.py:836} INFO - DAG(s) dict_keys(['example_branch_operator']) retrieved from /home/airflow/.local/lib/python3.7/site-packages/airflow/example_dags/example_branch_operator.py
[2024-02-28T18:50:35.469+0000] {logging_mixin.py:150} INFO - [2024-02-28T18:50:35.469+0000] {dag.py:2742} INFO - Sync 1 DAGs
[2024-02-28T18:50:35.490+0000] {logging_mixin.py:150} INFO - [2024-02-28T18:50:35.490+0000] {dag.py:3508} INFO - Setting next_dagrun for example_branch_operator to 2024-02-27T00:00:00+00:00, run_after=2024-02-28T00:00:00+00:00
[2024-02-28T18:50:35.509+0000] {processor.py:179} INFO - Processing /home/airflow/.local/lib/python3.7/site-packages/airflow/example_dags/example_branch_operator.py took 0.095 seconds
[2024-02-28T18:51:06.544+0000] {processor.py:157} INFO - Started process (PID=2274) to work on /home/airflow/.local/lib/python3.7/site-packages/airflow/example_dags/example_branch_operator.py
[2024-02-28T18:51:06.549+0000] {processor.py:826} INFO - Processing file /home/airflow/.local/lib/python3.7/site-packages/airflow/example_dags/example_branch_operator.py for tasks to queue
[2024-02-28T18:51:06.552+0000] {logging_mixin.py:150} INFO - [2024-02-28T18:51:06.551+0000] {dagbag.py:541} INFO - Filling up the DagBag from /home/airflow/.local/lib/python3.7/site-packages/airflow/example_dags/example_branch_operator.py
[2024-02-28T18:51:06.562+0000] {processor.py:836} INFO - DAG(s) dict_keys(['example_branch_operator']) retrieved from /home/airflow/.local/lib/python3.7/site-packages/airflow/example_dags/example_branch_operator.py
[2024-02-28T18:51:06.614+0000] {logging_mixin.py:150} INFO - [2024-02-28T18:51:06.614+0000] {dag.py:2742} INFO - Sync 1 DAGs
[2024-02-28T18:51:06.655+0000] {logging_mixin.py:150} INFO - [2024-02-28T18:51:06.654+0000] {dag.py:3508} INFO - Setting next_dagrun for example_branch_operator to 2024-02-27T00:00:00+00:00, run_after=2024-02-28T00:00:00+00:00
[2024-02-28T18:51:06.685+0000] {processor.py:179} INFO - Processing /home/airflow/.local/lib/python3.7/site-packages/airflow/example_dags/example_branch_operator.py took 0.147 seconds
[2024-02-28T18:51:37.612+0000] {processor.py:157} INFO - Started process (PID=2340) to work on /home/airflow/.local/lib/python3.7/site-packages/airflow/example_dags/example_branch_operator.py
[2024-02-28T18:51:37.615+0000] {processor.py:826} INFO - Processing file /home/airflow/.local/lib/python3.7/site-packages/airflow/example_dags/example_branch_operator.py for tasks to queue
[2024-02-28T18:51:37.617+0000] {logging_mixin.py:150} INFO - [2024-02-28T18:51:37.616+0000] {dagbag.py:541} INFO - Filling up the DagBag from /home/airflow/.local/lib/python3.7/site-packages/airflow/example_dags/example_branch_operator.py
[2024-02-28T18:51:37.625+0000] {processor.py:836} INFO - DAG(s) dict_keys(['example_branch_operator']) retrieved from /home/airflow/.local/lib/python3.7/site-packages/airflow/example_dags/example_branch_operator.py
[2024-02-28T18:51:37.656+0000] {logging_mixin.py:150} INFO - [2024-02-28T18:51:37.656+0000] {dag.py:2742} INFO - Sync 1 DAGs
[2024-02-28T18:51:37.685+0000] {logging_mixin.py:150} INFO - [2024-02-28T18:51:37.685+0000] {dag.py:3508} INFO - Setting next_dagrun for example_branch_operator to 2024-02-27T00:00:00+00:00, run_after=2024-02-28T00:00:00+00:00
[2024-02-28T18:51:37.710+0000] {processor.py:179} INFO - Processing /home/airflow/.local/lib/python3.7/site-packages/airflow/example_dags/example_branch_operator.py took 0.101 seconds
[2024-02-28T18:52:07.986+0000] {processor.py:157} INFO - Started process (PID=2403) to work on /home/airflow/.local/lib/python3.7/site-packages/airflow/example_dags/example_branch_operator.py
[2024-02-28T18:52:07.991+0000] {processor.py:826} INFO - Processing file /home/airflow/.local/lib/python3.7/site-packages/airflow/example_dags/example_branch_operator.py for tasks to queue
[2024-02-28T18:52:07.995+0000] {logging_mixin.py:150} INFO - [2024-02-28T18:52:07.994+0000] {dagbag.py:541} INFO - Filling up the DagBag from /home/airflow/.local/lib/python3.7/site-packages/airflow/example_dags/example_branch_operator.py
[2024-02-28T18:52:08.035+0000] {processor.py:836} INFO - DAG(s) dict_keys(['example_branch_operator']) retrieved from /home/airflow/.local/lib/python3.7/site-packages/airflow/example_dags/example_branch_operator.py
[2024-02-28T18:52:08.136+0000] {logging_mixin.py:150} INFO - [2024-02-28T18:52:08.136+0000] {dag.py:2742} INFO - Sync 1 DAGs
[2024-02-28T18:52:08.220+0000] {logging_mixin.py:150} INFO - [2024-02-28T18:52:08.219+0000] {dag.py:3508} INFO - Setting next_dagrun for example_branch_operator to 2024-02-27T00:00:00+00:00, run_after=2024-02-28T00:00:00+00:00
[2024-02-28T18:52:08.326+0000] {processor.py:179} INFO - Processing /home/airflow/.local/lib/python3.7/site-packages/airflow/example_dags/example_branch_operator.py took 0.347 seconds
[2024-02-28T18:52:39.328+0000] {processor.py:157} INFO - Started process (PID=2470) to work on /home/airflow/.local/lib/python3.7/site-packages/airflow/example_dags/example_branch_operator.py
[2024-02-28T18:52:39.335+0000] {processor.py:826} INFO - Processing file /home/airflow/.local/lib/python3.7/site-packages/airflow/example_dags/example_branch_operator.py for tasks to queue
[2024-02-28T18:52:39.339+0000] {logging_mixin.py:150} INFO - [2024-02-28T18:52:39.338+0000] {dagbag.py:541} INFO - Filling up the DagBag from /home/airflow/.local/lib/python3.7/site-packages/airflow/example_dags/example_branch_operator.py
[2024-02-28T18:52:39.361+0000] {processor.py:836} INFO - DAG(s) dict_keys(['example_branch_operator']) retrieved from /home/airflow/.local/lib/python3.7/site-packages/airflow/example_dags/example_branch_operator.py
[2024-02-28T18:52:39.427+0000] {logging_mixin.py:150} INFO - [2024-02-28T18:52:39.427+0000] {dag.py:2742} INFO - Sync 1 DAGs
[2024-02-28T18:52:39.463+0000] {logging_mixin.py:150} INFO - [2024-02-28T18:52:39.463+0000] {dag.py:3508} INFO - Setting next_dagrun for example_branch_operator to 2024-02-27T00:00:00+00:00, run_after=2024-02-28T00:00:00+00:00
[2024-02-28T18:52:39.485+0000] {processor.py:179} INFO - Processing /home/airflow/.local/lib/python3.7/site-packages/airflow/example_dags/example_branch_operator.py took 0.162 seconds
