[2024-02-28T18:33:07.412+0000] {processor.py:157} INFO - Started process (PID=37) to work on /home/airflow/.local/lib/python3.7/site-packages/airflow/example_dags/example_bash_operator.py
[2024-02-28T18:33:07.415+0000] {processor.py:826} INFO - Processing file /home/airflow/.local/lib/python3.7/site-packages/airflow/example_dags/example_bash_operator.py for tasks to queue
[2024-02-28T18:33:07.418+0000] {logging_mixin.py:150} INFO - [2024-02-28T18:33:07.417+0000] {dagbag.py:541} INFO - Filling up the DagBag from /home/airflow/.local/lib/python3.7/site-packages/airflow/example_dags/example_bash_operator.py
[2024-02-28T18:33:07.448+0000] {processor.py:836} INFO - DAG(s) dict_keys(['example_bash_operator']) retrieved from /home/airflow/.local/lib/python3.7/site-packages/airflow/example_dags/example_bash_operator.py
[2024-02-28T18:33:07.469+0000] {logging_mixin.py:150} INFO - [2024-02-28T18:33:07.469+0000] {dag.py:2742} INFO - Sync 1 DAGs
[2024-02-28T18:33:07.503+0000] {logging_mixin.py:150} INFO - [2024-02-28T18:33:07.503+0000] {dag.py:3508} INFO - Setting next_dagrun for example_bash_operator to 2024-02-27T00:00:00+00:00, run_after=2024-02-28T00:00:00+00:00
[2024-02-28T18:33:07.527+0000] {processor.py:179} INFO - Processing /home/airflow/.local/lib/python3.7/site-packages/airflow/example_dags/example_bash_operator.py took 0.118 seconds
[2024-02-28T18:33:37.948+0000] {processor.py:157} INFO - Started process (PID=96) to work on /home/airflow/.local/lib/python3.7/site-packages/airflow/example_dags/example_bash_operator.py
[2024-02-28T18:33:37.951+0000] {processor.py:826} INFO - Processing file /home/airflow/.local/lib/python3.7/site-packages/airflow/example_dags/example_bash_operator.py for tasks to queue
[2024-02-28T18:33:37.953+0000] {logging_mixin.py:150} INFO - [2024-02-28T18:33:37.953+0000] {dagbag.py:541} INFO - Filling up the DagBag from /home/airflow/.local/lib/python3.7/site-packages/airflow/example_dags/example_bash_operator.py
[2024-02-28T18:33:37.981+0000] {processor.py:836} INFO - DAG(s) dict_keys(['example_bash_operator']) retrieved from /home/airflow/.local/lib/python3.7/site-packages/airflow/example_dags/example_bash_operator.py
[2024-02-28T18:33:38.029+0000] {logging_mixin.py:150} INFO - [2024-02-28T18:33:38.029+0000] {dag.py:2742} INFO - Sync 1 DAGs
[2024-02-28T18:33:38.064+0000] {logging_mixin.py:150} INFO - [2024-02-28T18:33:38.064+0000] {dag.py:3508} INFO - Setting next_dagrun for example_bash_operator to 2024-02-27T00:00:00+00:00, run_after=2024-02-28T00:00:00+00:00
[2024-02-28T18:33:38.081+0000] {processor.py:179} INFO - Processing /home/airflow/.local/lib/python3.7/site-packages/airflow/example_dags/example_bash_operator.py took 0.138 seconds
[2024-02-28T18:34:08.221+0000] {processor.py:157} INFO - Started process (PID=159) to work on /home/airflow/.local/lib/python3.7/site-packages/airflow/example_dags/example_bash_operator.py
[2024-02-28T18:34:08.224+0000] {processor.py:826} INFO - Processing file /home/airflow/.local/lib/python3.7/site-packages/airflow/example_dags/example_bash_operator.py for tasks to queue
[2024-02-28T18:34:08.228+0000] {logging_mixin.py:150} INFO - [2024-02-28T18:34:08.227+0000] {dagbag.py:541} INFO - Filling up the DagBag from /home/airflow/.local/lib/python3.7/site-packages/airflow/example_dags/example_bash_operator.py
[2024-02-28T18:34:08.263+0000] {processor.py:836} INFO - DAG(s) dict_keys(['example_bash_operator']) retrieved from /home/airflow/.local/lib/python3.7/site-packages/airflow/example_dags/example_bash_operator.py
[2024-02-28T18:34:08.296+0000] {logging_mixin.py:150} INFO - [2024-02-28T18:34:08.296+0000] {dag.py:2742} INFO - Sync 1 DAGs
[2024-02-28T18:34:08.332+0000] {logging_mixin.py:150} INFO - [2024-02-28T18:34:08.331+0000] {dag.py:3508} INFO - Setting next_dagrun for example_bash_operator to 2024-02-27T00:00:00+00:00, run_after=2024-02-28T00:00:00+00:00
[2024-02-28T18:34:08.350+0000] {processor.py:179} INFO - Processing /home/airflow/.local/lib/python3.7/site-packages/airflow/example_dags/example_bash_operator.py took 0.133 seconds
[2024-02-28T18:34:38.501+0000] {processor.py:157} INFO - Started process (PID=222) to work on /home/airflow/.local/lib/python3.7/site-packages/airflow/example_dags/example_bash_operator.py
[2024-02-28T18:34:38.504+0000] {processor.py:826} INFO - Processing file /home/airflow/.local/lib/python3.7/site-packages/airflow/example_dags/example_bash_operator.py for tasks to queue
[2024-02-28T18:34:38.507+0000] {logging_mixin.py:150} INFO - [2024-02-28T18:34:38.506+0000] {dagbag.py:541} INFO - Filling up the DagBag from /home/airflow/.local/lib/python3.7/site-packages/airflow/example_dags/example_bash_operator.py
[2024-02-28T18:34:38.525+0000] {processor.py:836} INFO - DAG(s) dict_keys(['example_bash_operator']) retrieved from /home/airflow/.local/lib/python3.7/site-packages/airflow/example_dags/example_bash_operator.py
[2024-02-28T18:34:38.563+0000] {logging_mixin.py:150} INFO - [2024-02-28T18:34:38.563+0000] {dag.py:2742} INFO - Sync 1 DAGs
[2024-02-28T18:34:38.592+0000] {logging_mixin.py:150} INFO - [2024-02-28T18:34:38.592+0000] {dag.py:3508} INFO - Setting next_dagrun for example_bash_operator to 2024-02-27T00:00:00+00:00, run_after=2024-02-28T00:00:00+00:00
[2024-02-28T18:34:38.610+0000] {processor.py:179} INFO - Processing /home/airflow/.local/lib/python3.7/site-packages/airflow/example_dags/example_bash_operator.py took 0.113 seconds
[2024-02-28T18:35:08.751+0000] {processor.py:157} INFO - Started process (PID=286) to work on /home/airflow/.local/lib/python3.7/site-packages/airflow/example_dags/example_bash_operator.py
[2024-02-28T18:35:08.753+0000] {processor.py:826} INFO - Processing file /home/airflow/.local/lib/python3.7/site-packages/airflow/example_dags/example_bash_operator.py for tasks to queue
[2024-02-28T18:35:08.754+0000] {logging_mixin.py:150} INFO - [2024-02-28T18:35:08.754+0000] {dagbag.py:541} INFO - Filling up the DagBag from /home/airflow/.local/lib/python3.7/site-packages/airflow/example_dags/example_bash_operator.py
[2024-02-28T18:35:08.773+0000] {processor.py:836} INFO - DAG(s) dict_keys(['example_bash_operator']) retrieved from /home/airflow/.local/lib/python3.7/site-packages/airflow/example_dags/example_bash_operator.py
[2024-02-28T18:35:08.807+0000] {logging_mixin.py:150} INFO - [2024-02-28T18:35:08.807+0000] {dag.py:2742} INFO - Sync 1 DAGs
[2024-02-28T18:35:08.842+0000] {logging_mixin.py:150} INFO - [2024-02-28T18:35:08.841+0000] {dag.py:3508} INFO - Setting next_dagrun for example_bash_operator to 2024-02-27T00:00:00+00:00, run_after=2024-02-28T00:00:00+00:00
[2024-02-28T18:35:08.862+0000] {processor.py:179} INFO - Processing /home/airflow/.local/lib/python3.7/site-packages/airflow/example_dags/example_bash_operator.py took 0.115 seconds
[2024-02-28T18:35:39.233+0000] {processor.py:157} INFO - Started process (PID=350) to work on /home/airflow/.local/lib/python3.7/site-packages/airflow/example_dags/example_bash_operator.py
[2024-02-28T18:35:39.239+0000] {processor.py:826} INFO - Processing file /home/airflow/.local/lib/python3.7/site-packages/airflow/example_dags/example_bash_operator.py for tasks to queue
[2024-02-28T18:35:39.242+0000] {logging_mixin.py:150} INFO - [2024-02-28T18:35:39.241+0000] {dagbag.py:541} INFO - Filling up the DagBag from /home/airflow/.local/lib/python3.7/site-packages/airflow/example_dags/example_bash_operator.py
[2024-02-28T18:35:39.279+0000] {processor.py:836} INFO - DAG(s) dict_keys(['example_bash_operator']) retrieved from /home/airflow/.local/lib/python3.7/site-packages/airflow/example_dags/example_bash_operator.py
[2024-02-28T18:35:39.329+0000] {logging_mixin.py:150} INFO - [2024-02-28T18:35:39.328+0000] {dag.py:2742} INFO - Sync 1 DAGs
[2024-02-28T18:35:39.370+0000] {logging_mixin.py:150} INFO - [2024-02-28T18:35:39.370+0000] {dag.py:3508} INFO - Setting next_dagrun for example_bash_operator to 2024-02-27T00:00:00+00:00, run_after=2024-02-28T00:00:00+00:00
[2024-02-28T18:35:39.392+0000] {processor.py:179} INFO - Processing /home/airflow/.local/lib/python3.7/site-packages/airflow/example_dags/example_bash_operator.py took 0.165 seconds
[2024-02-28T18:36:09.525+0000] {processor.py:157} INFO - Started process (PID=413) to work on /home/airflow/.local/lib/python3.7/site-packages/airflow/example_dags/example_bash_operator.py
[2024-02-28T18:36:09.528+0000] {processor.py:826} INFO - Processing file /home/airflow/.local/lib/python3.7/site-packages/airflow/example_dags/example_bash_operator.py for tasks to queue
[2024-02-28T18:36:09.532+0000] {logging_mixin.py:150} INFO - [2024-02-28T18:36:09.531+0000] {dagbag.py:541} INFO - Filling up the DagBag from /home/airflow/.local/lib/python3.7/site-packages/airflow/example_dags/example_bash_operator.py
[2024-02-28T18:36:09.584+0000] {processor.py:836} INFO - DAG(s) dict_keys(['example_bash_operator']) retrieved from /home/airflow/.local/lib/python3.7/site-packages/airflow/example_dags/example_bash_operator.py
[2024-02-28T18:36:09.629+0000] {logging_mixin.py:150} INFO - [2024-02-28T18:36:09.628+0000] {dag.py:2742} INFO - Sync 1 DAGs
[2024-02-28T18:36:09.665+0000] {logging_mixin.py:150} INFO - [2024-02-28T18:36:09.664+0000] {dag.py:3508} INFO - Setting next_dagrun for example_bash_operator to 2024-02-27T00:00:00+00:00, run_after=2024-02-28T00:00:00+00:00
[2024-02-28T18:36:09.688+0000] {processor.py:179} INFO - Processing /home/airflow/.local/lib/python3.7/site-packages/airflow/example_dags/example_bash_operator.py took 0.168 seconds
[2024-02-28T18:36:39.878+0000] {processor.py:157} INFO - Started process (PID=476) to work on /home/airflow/.local/lib/python3.7/site-packages/airflow/example_dags/example_bash_operator.py
[2024-02-28T18:36:39.880+0000] {processor.py:826} INFO - Processing file /home/airflow/.local/lib/python3.7/site-packages/airflow/example_dags/example_bash_operator.py for tasks to queue
[2024-02-28T18:36:39.883+0000] {logging_mixin.py:150} INFO - [2024-02-28T18:36:39.882+0000] {dagbag.py:541} INFO - Filling up the DagBag from /home/airflow/.local/lib/python3.7/site-packages/airflow/example_dags/example_bash_operator.py
[2024-02-28T18:36:39.903+0000] {processor.py:836} INFO - DAG(s) dict_keys(['example_bash_operator']) retrieved from /home/airflow/.local/lib/python3.7/site-packages/airflow/example_dags/example_bash_operator.py
[2024-02-28T18:36:39.953+0000] {logging_mixin.py:150} INFO - [2024-02-28T18:36:39.952+0000] {dag.py:2742} INFO - Sync 1 DAGs
[2024-02-28T18:36:40.015+0000] {logging_mixin.py:150} INFO - [2024-02-28T18:36:40.015+0000] {dag.py:3508} INFO - Setting next_dagrun for example_bash_operator to 2024-02-27T00:00:00+00:00, run_after=2024-02-28T00:00:00+00:00
[2024-02-28T18:36:40.044+0000] {processor.py:179} INFO - Processing /home/airflow/.local/lib/python3.7/site-packages/airflow/example_dags/example_bash_operator.py took 0.170 seconds
[2024-02-28T18:37:10.490+0000] {processor.py:157} INFO - Started process (PID=539) to work on /home/airflow/.local/lib/python3.7/site-packages/airflow/example_dags/example_bash_operator.py
[2024-02-28T18:37:10.493+0000] {processor.py:826} INFO - Processing file /home/airflow/.local/lib/python3.7/site-packages/airflow/example_dags/example_bash_operator.py for tasks to queue
[2024-02-28T18:37:10.496+0000] {logging_mixin.py:150} INFO - [2024-02-28T18:37:10.496+0000] {dagbag.py:541} INFO - Filling up the DagBag from /home/airflow/.local/lib/python3.7/site-packages/airflow/example_dags/example_bash_operator.py
[2024-02-28T18:37:10.540+0000] {processor.py:836} INFO - DAG(s) dict_keys(['example_bash_operator']) retrieved from /home/airflow/.local/lib/python3.7/site-packages/airflow/example_dags/example_bash_operator.py
[2024-02-28T18:37:10.581+0000] {logging_mixin.py:150} INFO - [2024-02-28T18:37:10.581+0000] {dag.py:2742} INFO - Sync 1 DAGs
[2024-02-28T18:37:10.603+0000] {logging_mixin.py:150} INFO - [2024-02-28T18:37:10.603+0000] {dag.py:3508} INFO - Setting next_dagrun for example_bash_operator to 2024-02-27T00:00:00+00:00, run_after=2024-02-28T00:00:00+00:00
[2024-02-28T18:37:10.623+0000] {processor.py:179} INFO - Processing /home/airflow/.local/lib/python3.7/site-packages/airflow/example_dags/example_bash_operator.py took 0.138 seconds
[2024-02-28T18:37:41.547+0000] {processor.py:157} INFO - Started process (PID=607) to work on /home/airflow/.local/lib/python3.7/site-packages/airflow/example_dags/example_bash_operator.py
[2024-02-28T18:37:41.551+0000] {processor.py:826} INFO - Processing file /home/airflow/.local/lib/python3.7/site-packages/airflow/example_dags/example_bash_operator.py for tasks to queue
[2024-02-28T18:37:41.555+0000] {logging_mixin.py:150} INFO - [2024-02-28T18:37:41.554+0000] {dagbag.py:541} INFO - Filling up the DagBag from /home/airflow/.local/lib/python3.7/site-packages/airflow/example_dags/example_bash_operator.py
[2024-02-28T18:37:41.594+0000] {processor.py:836} INFO - DAG(s) dict_keys(['example_bash_operator']) retrieved from /home/airflow/.local/lib/python3.7/site-packages/airflow/example_dags/example_bash_operator.py
[2024-02-28T18:37:41.632+0000] {logging_mixin.py:150} INFO - [2024-02-28T18:37:41.632+0000] {dag.py:2742} INFO - Sync 1 DAGs
[2024-02-28T18:37:41.655+0000] {logging_mixin.py:150} INFO - [2024-02-28T18:37:41.655+0000] {dag.py:3508} INFO - Setting next_dagrun for example_bash_operator to 2024-02-27T00:00:00+00:00, run_after=2024-02-28T00:00:00+00:00
[2024-02-28T18:37:41.673+0000] {processor.py:179} INFO - Processing /home/airflow/.local/lib/python3.7/site-packages/airflow/example_dags/example_bash_operator.py took 0.131 seconds
[2024-02-28T18:38:11.871+0000] {processor.py:157} INFO - Started process (PID=669) to work on /home/airflow/.local/lib/python3.7/site-packages/airflow/example_dags/example_bash_operator.py
[2024-02-28T18:38:11.873+0000] {processor.py:826} INFO - Processing file /home/airflow/.local/lib/python3.7/site-packages/airflow/example_dags/example_bash_operator.py for tasks to queue
[2024-02-28T18:38:11.877+0000] {logging_mixin.py:150} INFO - [2024-02-28T18:38:11.877+0000] {dagbag.py:541} INFO - Filling up the DagBag from /home/airflow/.local/lib/python3.7/site-packages/airflow/example_dags/example_bash_operator.py
[2024-02-28T18:38:11.917+0000] {processor.py:836} INFO - DAG(s) dict_keys(['example_bash_operator']) retrieved from /home/airflow/.local/lib/python3.7/site-packages/airflow/example_dags/example_bash_operator.py
[2024-02-28T18:38:12.018+0000] {logging_mixin.py:150} INFO - [2024-02-28T18:38:12.018+0000] {dag.py:2742} INFO - Sync 1 DAGs
[2024-02-28T18:38:12.051+0000] {logging_mixin.py:150} INFO - [2024-02-28T18:38:12.051+0000] {dag.py:3508} INFO - Setting next_dagrun for example_bash_operator to 2024-02-27T00:00:00+00:00, run_after=2024-02-28T00:00:00+00:00
[2024-02-28T18:38:12.083+0000] {processor.py:179} INFO - Processing /home/airflow/.local/lib/python3.7/site-packages/airflow/example_dags/example_bash_operator.py took 0.219 seconds
[2024-02-28T18:38:42.194+0000] {processor.py:157} INFO - Started process (PID=731) to work on /home/airflow/.local/lib/python3.7/site-packages/airflow/example_dags/example_bash_operator.py
[2024-02-28T18:38:42.200+0000] {processor.py:826} INFO - Processing file /home/airflow/.local/lib/python3.7/site-packages/airflow/example_dags/example_bash_operator.py for tasks to queue
[2024-02-28T18:38:42.203+0000] {logging_mixin.py:150} INFO - [2024-02-28T18:38:42.202+0000] {dagbag.py:541} INFO - Filling up the DagBag from /home/airflow/.local/lib/python3.7/site-packages/airflow/example_dags/example_bash_operator.py
[2024-02-28T18:38:42.254+0000] {processor.py:836} INFO - DAG(s) dict_keys(['example_bash_operator']) retrieved from /home/airflow/.local/lib/python3.7/site-packages/airflow/example_dags/example_bash_operator.py
[2024-02-28T18:38:42.301+0000] {logging_mixin.py:150} INFO - [2024-02-28T18:38:42.300+0000] {dag.py:2742} INFO - Sync 1 DAGs
[2024-02-28T18:38:42.331+0000] {logging_mixin.py:150} INFO - [2024-02-28T18:38:42.330+0000] {dag.py:3508} INFO - Setting next_dagrun for example_bash_operator to 2024-02-27T00:00:00+00:00, run_after=2024-02-28T00:00:00+00:00
[2024-02-28T18:38:42.353+0000] {processor.py:179} INFO - Processing /home/airflow/.local/lib/python3.7/site-packages/airflow/example_dags/example_bash_operator.py took 0.165 seconds
[2024-02-28T18:39:12.494+0000] {processor.py:157} INFO - Started process (PID=794) to work on /home/airflow/.local/lib/python3.7/site-packages/airflow/example_dags/example_bash_operator.py
[2024-02-28T18:39:12.498+0000] {processor.py:826} INFO - Processing file /home/airflow/.local/lib/python3.7/site-packages/airflow/example_dags/example_bash_operator.py for tasks to queue
[2024-02-28T18:39:12.500+0000] {logging_mixin.py:150} INFO - [2024-02-28T18:39:12.499+0000] {dagbag.py:541} INFO - Filling up the DagBag from /home/airflow/.local/lib/python3.7/site-packages/airflow/example_dags/example_bash_operator.py
[2024-02-28T18:39:12.516+0000] {processor.py:836} INFO - DAG(s) dict_keys(['example_bash_operator']) retrieved from /home/airflow/.local/lib/python3.7/site-packages/airflow/example_dags/example_bash_operator.py
[2024-02-28T18:39:12.550+0000] {logging_mixin.py:150} INFO - [2024-02-28T18:39:12.549+0000] {dag.py:2742} INFO - Sync 1 DAGs
[2024-02-28T18:39:12.592+0000] {logging_mixin.py:150} INFO - [2024-02-28T18:39:12.592+0000] {dag.py:3508} INFO - Setting next_dagrun for example_bash_operator to 2024-02-27T00:00:00+00:00, run_after=2024-02-28T00:00:00+00:00
[2024-02-28T18:39:12.610+0000] {processor.py:179} INFO - Processing /home/airflow/.local/lib/python3.7/site-packages/airflow/example_dags/example_bash_operator.py took 0.120 seconds
[2024-02-28T18:39:42.974+0000] {processor.py:157} INFO - Started process (PID=858) to work on /home/airflow/.local/lib/python3.7/site-packages/airflow/example_dags/example_bash_operator.py
[2024-02-28T18:39:42.983+0000] {processor.py:826} INFO - Processing file /home/airflow/.local/lib/python3.7/site-packages/airflow/example_dags/example_bash_operator.py for tasks to queue
[2024-02-28T18:39:42.988+0000] {logging_mixin.py:150} INFO - [2024-02-28T18:39:42.988+0000] {dagbag.py:541} INFO - Filling up the DagBag from /home/airflow/.local/lib/python3.7/site-packages/airflow/example_dags/example_bash_operator.py
[2024-02-28T18:39:43.017+0000] {processor.py:836} INFO - DAG(s) dict_keys(['example_bash_operator']) retrieved from /home/airflow/.local/lib/python3.7/site-packages/airflow/example_dags/example_bash_operator.py
[2024-02-28T18:39:43.074+0000] {logging_mixin.py:150} INFO - [2024-02-28T18:39:43.073+0000] {dag.py:2742} INFO - Sync 1 DAGs
[2024-02-28T18:39:43.107+0000] {logging_mixin.py:150} INFO - [2024-02-28T18:39:43.107+0000] {dag.py:3508} INFO - Setting next_dagrun for example_bash_operator to 2024-02-27T00:00:00+00:00, run_after=2024-02-28T00:00:00+00:00
[2024-02-28T18:39:43.123+0000] {processor.py:179} INFO - Processing /home/airflow/.local/lib/python3.7/site-packages/airflow/example_dags/example_bash_operator.py took 0.162 seconds
[2024-02-28T18:40:13.223+0000] {processor.py:157} INFO - Started process (PID=921) to work on /home/airflow/.local/lib/python3.7/site-packages/airflow/example_dags/example_bash_operator.py
[2024-02-28T18:40:13.226+0000] {processor.py:826} INFO - Processing file /home/airflow/.local/lib/python3.7/site-packages/airflow/example_dags/example_bash_operator.py for tasks to queue
[2024-02-28T18:40:13.229+0000] {logging_mixin.py:150} INFO - [2024-02-28T18:40:13.228+0000] {dagbag.py:541} INFO - Filling up the DagBag from /home/airflow/.local/lib/python3.7/site-packages/airflow/example_dags/example_bash_operator.py
[2024-02-28T18:40:13.254+0000] {processor.py:836} INFO - DAG(s) dict_keys(['example_bash_operator']) retrieved from /home/airflow/.local/lib/python3.7/site-packages/airflow/example_dags/example_bash_operator.py
[2024-02-28T18:40:13.296+0000] {logging_mixin.py:150} INFO - [2024-02-28T18:40:13.296+0000] {dag.py:2742} INFO - Sync 1 DAGs
[2024-02-28T18:40:13.326+0000] {logging_mixin.py:150} INFO - [2024-02-28T18:40:13.325+0000] {dag.py:3508} INFO - Setting next_dagrun for example_bash_operator to 2024-02-27T00:00:00+00:00, run_after=2024-02-28T00:00:00+00:00
[2024-02-28T18:40:13.343+0000] {processor.py:179} INFO - Processing /home/airflow/.local/lib/python3.7/site-packages/airflow/example_dags/example_bash_operator.py took 0.129 seconds
[2024-02-28T18:40:43.723+0000] {processor.py:157} INFO - Started process (PID=984) to work on /home/airflow/.local/lib/python3.7/site-packages/airflow/example_dags/example_bash_operator.py
[2024-02-28T18:40:43.733+0000] {processor.py:826} INFO - Processing file /home/airflow/.local/lib/python3.7/site-packages/airflow/example_dags/example_bash_operator.py for tasks to queue
[2024-02-28T18:40:43.738+0000] {logging_mixin.py:150} INFO - [2024-02-28T18:40:43.737+0000] {dagbag.py:541} INFO - Filling up the DagBag from /home/airflow/.local/lib/python3.7/site-packages/airflow/example_dags/example_bash_operator.py
[2024-02-28T18:40:43.829+0000] {processor.py:836} INFO - DAG(s) dict_keys(['example_bash_operator']) retrieved from /home/airflow/.local/lib/python3.7/site-packages/airflow/example_dags/example_bash_operator.py
[2024-02-28T18:40:43.896+0000] {logging_mixin.py:150} INFO - [2024-02-28T18:40:43.896+0000] {dag.py:2742} INFO - Sync 1 DAGs
[2024-02-28T18:40:43.992+0000] {logging_mixin.py:150} INFO - [2024-02-28T18:40:43.991+0000] {dag.py:3508} INFO - Setting next_dagrun for example_bash_operator to 2024-02-27T00:00:00+00:00, run_after=2024-02-28T00:00:00+00:00
[2024-02-28T18:40:44.028+0000] {processor.py:179} INFO - Processing /home/airflow/.local/lib/python3.7/site-packages/airflow/example_dags/example_bash_operator.py took 0.334 seconds
[2024-02-28T18:41:14.112+0000] {processor.py:157} INFO - Started process (PID=1047) to work on /home/airflow/.local/lib/python3.7/site-packages/airflow/example_dags/example_bash_operator.py
[2024-02-28T18:41:14.114+0000] {processor.py:826} INFO - Processing file /home/airflow/.local/lib/python3.7/site-packages/airflow/example_dags/example_bash_operator.py for tasks to queue
[2024-02-28T18:41:14.116+0000] {logging_mixin.py:150} INFO - [2024-02-28T18:41:14.116+0000] {dagbag.py:541} INFO - Filling up the DagBag from /home/airflow/.local/lib/python3.7/site-packages/airflow/example_dags/example_bash_operator.py
[2024-02-28T18:41:14.143+0000] {processor.py:836} INFO - DAG(s) dict_keys(['example_bash_operator']) retrieved from /home/airflow/.local/lib/python3.7/site-packages/airflow/example_dags/example_bash_operator.py
[2024-02-28T18:41:14.202+0000] {logging_mixin.py:150} INFO - [2024-02-28T18:41:14.202+0000] {dag.py:2742} INFO - Sync 1 DAGs
[2024-02-28T18:41:14.235+0000] {logging_mixin.py:150} INFO - [2024-02-28T18:41:14.234+0000] {dag.py:3508} INFO - Setting next_dagrun for example_bash_operator to 2024-02-27T00:00:00+00:00, run_after=2024-02-28T00:00:00+00:00
[2024-02-28T18:41:14.255+0000] {processor.py:179} INFO - Processing /home/airflow/.local/lib/python3.7/site-packages/airflow/example_dags/example_bash_operator.py took 0.146 seconds
[2024-02-28T18:41:44.401+0000] {processor.py:157} INFO - Started process (PID=1110) to work on /home/airflow/.local/lib/python3.7/site-packages/airflow/example_dags/example_bash_operator.py
[2024-02-28T18:41:44.403+0000] {processor.py:826} INFO - Processing file /home/airflow/.local/lib/python3.7/site-packages/airflow/example_dags/example_bash_operator.py for tasks to queue
[2024-02-28T18:41:44.408+0000] {logging_mixin.py:150} INFO - [2024-02-28T18:41:44.407+0000] {dagbag.py:541} INFO - Filling up the DagBag from /home/airflow/.local/lib/python3.7/site-packages/airflow/example_dags/example_bash_operator.py
[2024-02-28T18:41:44.427+0000] {processor.py:836} INFO - DAG(s) dict_keys(['example_bash_operator']) retrieved from /home/airflow/.local/lib/python3.7/site-packages/airflow/example_dags/example_bash_operator.py
[2024-02-28T18:41:44.469+0000] {logging_mixin.py:150} INFO - [2024-02-28T18:41:44.469+0000] {dag.py:2742} INFO - Sync 1 DAGs
[2024-02-28T18:41:44.512+0000] {logging_mixin.py:150} INFO - [2024-02-28T18:41:44.512+0000] {dag.py:3508} INFO - Setting next_dagrun for example_bash_operator to 2024-02-27T00:00:00+00:00, run_after=2024-02-28T00:00:00+00:00
[2024-02-28T18:41:44.537+0000] {processor.py:179} INFO - Processing /home/airflow/.local/lib/python3.7/site-packages/airflow/example_dags/example_bash_operator.py took 0.139 seconds
[2024-02-28T18:42:15.018+0000] {processor.py:157} INFO - Started process (PID=1173) to work on /home/airflow/.local/lib/python3.7/site-packages/airflow/example_dags/example_bash_operator.py
[2024-02-28T18:42:15.026+0000] {processor.py:826} INFO - Processing file /home/airflow/.local/lib/python3.7/site-packages/airflow/example_dags/example_bash_operator.py for tasks to queue
[2024-02-28T18:42:15.028+0000] {logging_mixin.py:150} INFO - [2024-02-28T18:42:15.028+0000] {dagbag.py:541} INFO - Filling up the DagBag from /home/airflow/.local/lib/python3.7/site-packages/airflow/example_dags/example_bash_operator.py
[2024-02-28T18:42:15.055+0000] {processor.py:836} INFO - DAG(s) dict_keys(['example_bash_operator']) retrieved from /home/airflow/.local/lib/python3.7/site-packages/airflow/example_dags/example_bash_operator.py
[2024-02-28T18:42:15.108+0000] {logging_mixin.py:150} INFO - [2024-02-28T18:42:15.108+0000] {dag.py:2742} INFO - Sync 1 DAGs
[2024-02-28T18:42:15.142+0000] {logging_mixin.py:150} INFO - [2024-02-28T18:42:15.142+0000] {dag.py:3508} INFO - Setting next_dagrun for example_bash_operator to 2024-02-27T00:00:00+00:00, run_after=2024-02-28T00:00:00+00:00
[2024-02-28T18:42:15.164+0000] {processor.py:179} INFO - Processing /home/airflow/.local/lib/python3.7/site-packages/airflow/example_dags/example_bash_operator.py took 0.154 seconds
[2024-02-28T18:42:45.338+0000] {processor.py:157} INFO - Started process (PID=1236) to work on /home/airflow/.local/lib/python3.7/site-packages/airflow/example_dags/example_bash_operator.py
[2024-02-28T18:42:45.342+0000] {processor.py:826} INFO - Processing file /home/airflow/.local/lib/python3.7/site-packages/airflow/example_dags/example_bash_operator.py for tasks to queue
[2024-02-28T18:42:45.347+0000] {logging_mixin.py:150} INFO - [2024-02-28T18:42:45.346+0000] {dagbag.py:541} INFO - Filling up the DagBag from /home/airflow/.local/lib/python3.7/site-packages/airflow/example_dags/example_bash_operator.py
[2024-02-28T18:42:45.372+0000] {processor.py:836} INFO - DAG(s) dict_keys(['example_bash_operator']) retrieved from /home/airflow/.local/lib/python3.7/site-packages/airflow/example_dags/example_bash_operator.py
[2024-02-28T18:42:45.421+0000] {logging_mixin.py:150} INFO - [2024-02-28T18:42:45.421+0000] {dag.py:2742} INFO - Sync 1 DAGs
[2024-02-28T18:42:45.447+0000] {logging_mixin.py:150} INFO - [2024-02-28T18:42:45.447+0000] {dag.py:3508} INFO - Setting next_dagrun for example_bash_operator to 2024-02-27T00:00:00+00:00, run_after=2024-02-28T00:00:00+00:00
[2024-02-28T18:42:45.462+0000] {processor.py:179} INFO - Processing /home/airflow/.local/lib/python3.7/site-packages/airflow/example_dags/example_bash_operator.py took 0.133 seconds
[2024-02-28T18:43:15.684+0000] {processor.py:157} INFO - Started process (PID=1299) to work on /home/airflow/.local/lib/python3.7/site-packages/airflow/example_dags/example_bash_operator.py
[2024-02-28T18:43:15.687+0000] {processor.py:826} INFO - Processing file /home/airflow/.local/lib/python3.7/site-packages/airflow/example_dags/example_bash_operator.py for tasks to queue
[2024-02-28T18:43:15.689+0000] {logging_mixin.py:150} INFO - [2024-02-28T18:43:15.689+0000] {dagbag.py:541} INFO - Filling up the DagBag from /home/airflow/.local/lib/python3.7/site-packages/airflow/example_dags/example_bash_operator.py
[2024-02-28T18:43:15.715+0000] {processor.py:836} INFO - DAG(s) dict_keys(['example_bash_operator']) retrieved from /home/airflow/.local/lib/python3.7/site-packages/airflow/example_dags/example_bash_operator.py
[2024-02-28T18:43:15.760+0000] {logging_mixin.py:150} INFO - [2024-02-28T18:43:15.760+0000] {dag.py:2742} INFO - Sync 1 DAGs
[2024-02-28T18:43:15.781+0000] {logging_mixin.py:150} INFO - [2024-02-28T18:43:15.781+0000] {dag.py:3508} INFO - Setting next_dagrun for example_bash_operator to 2024-02-27T00:00:00+00:00, run_after=2024-02-28T00:00:00+00:00
[2024-02-28T18:43:15.800+0000] {processor.py:179} INFO - Processing /home/airflow/.local/lib/python3.7/site-packages/airflow/example_dags/example_bash_operator.py took 0.134 seconds
[2024-02-28T18:43:46.098+0000] {processor.py:157} INFO - Started process (PID=1362) to work on /home/airflow/.local/lib/python3.7/site-packages/airflow/example_dags/example_bash_operator.py
[2024-02-28T18:43:46.101+0000] {processor.py:826} INFO - Processing file /home/airflow/.local/lib/python3.7/site-packages/airflow/example_dags/example_bash_operator.py for tasks to queue
[2024-02-28T18:43:46.109+0000] {logging_mixin.py:150} INFO - [2024-02-28T18:43:46.109+0000] {dagbag.py:541} INFO - Filling up the DagBag from /home/airflow/.local/lib/python3.7/site-packages/airflow/example_dags/example_bash_operator.py
[2024-02-28T18:43:46.130+0000] {processor.py:836} INFO - DAG(s) dict_keys(['example_bash_operator']) retrieved from /home/airflow/.local/lib/python3.7/site-packages/airflow/example_dags/example_bash_operator.py
[2024-02-28T18:43:46.170+0000] {logging_mixin.py:150} INFO - [2024-02-28T18:43:46.170+0000] {dag.py:2742} INFO - Sync 1 DAGs
[2024-02-28T18:43:46.193+0000] {logging_mixin.py:150} INFO - [2024-02-28T18:43:46.193+0000] {dag.py:3508} INFO - Setting next_dagrun for example_bash_operator to 2024-02-27T00:00:00+00:00, run_after=2024-02-28T00:00:00+00:00
[2024-02-28T18:43:46.206+0000] {processor.py:179} INFO - Processing /home/airflow/.local/lib/python3.7/site-packages/airflow/example_dags/example_bash_operator.py took 0.113 seconds
[2024-02-28T18:44:16.707+0000] {processor.py:157} INFO - Started process (PID=1424) to work on /home/airflow/.local/lib/python3.7/site-packages/airflow/example_dags/example_bash_operator.py
[2024-02-28T18:44:16.712+0000] {processor.py:826} INFO - Processing file /home/airflow/.local/lib/python3.7/site-packages/airflow/example_dags/example_bash_operator.py for tasks to queue
[2024-02-28T18:44:16.715+0000] {logging_mixin.py:150} INFO - [2024-02-28T18:44:16.714+0000] {dagbag.py:541} INFO - Filling up the DagBag from /home/airflow/.local/lib/python3.7/site-packages/airflow/example_dags/example_bash_operator.py
[2024-02-28T18:44:16.744+0000] {processor.py:836} INFO - DAG(s) dict_keys(['example_bash_operator']) retrieved from /home/airflow/.local/lib/python3.7/site-packages/airflow/example_dags/example_bash_operator.py
[2024-02-28T18:44:16.805+0000] {logging_mixin.py:150} INFO - [2024-02-28T18:44:16.805+0000] {dag.py:2742} INFO - Sync 1 DAGs
[2024-02-28T18:44:16.844+0000] {logging_mixin.py:150} INFO - [2024-02-28T18:44:16.844+0000] {dag.py:3508} INFO - Setting next_dagrun for example_bash_operator to 2024-02-27T00:00:00+00:00, run_after=2024-02-28T00:00:00+00:00
[2024-02-28T18:44:16.869+0000] {processor.py:179} INFO - Processing /home/airflow/.local/lib/python3.7/site-packages/airflow/example_dags/example_bash_operator.py took 0.171 seconds
[2024-02-28T18:44:47.151+0000] {processor.py:157} INFO - Started process (PID=1483) to work on /home/airflow/.local/lib/python3.7/site-packages/airflow/example_dags/example_bash_operator.py
[2024-02-28T18:44:47.158+0000] {processor.py:826} INFO - Processing file /home/airflow/.local/lib/python3.7/site-packages/airflow/example_dags/example_bash_operator.py for tasks to queue
[2024-02-28T18:44:47.160+0000] {logging_mixin.py:150} INFO - [2024-02-28T18:44:47.160+0000] {dagbag.py:541} INFO - Filling up the DagBag from /home/airflow/.local/lib/python3.7/site-packages/airflow/example_dags/example_bash_operator.py
[2024-02-28T18:44:47.231+0000] {processor.py:836} INFO - DAG(s) dict_keys(['example_bash_operator']) retrieved from /home/airflow/.local/lib/python3.7/site-packages/airflow/example_dags/example_bash_operator.py
[2024-02-28T18:44:47.318+0000] {logging_mixin.py:150} INFO - [2024-02-28T18:44:47.318+0000] {dag.py:2742} INFO - Sync 1 DAGs
[2024-02-28T18:44:47.362+0000] {logging_mixin.py:150} INFO - [2024-02-28T18:44:47.362+0000] {dag.py:3508} INFO - Setting next_dagrun for example_bash_operator to 2024-02-27T00:00:00+00:00, run_after=2024-02-28T00:00:00+00:00
[2024-02-28T18:44:47.379+0000] {processor.py:179} INFO - Processing /home/airflow/.local/lib/python3.7/site-packages/airflow/example_dags/example_bash_operator.py took 0.242 seconds
[2024-02-28T18:45:17.533+0000] {processor.py:157} INFO - Started process (PID=1547) to work on /home/airflow/.local/lib/python3.7/site-packages/airflow/example_dags/example_bash_operator.py
[2024-02-28T18:45:17.535+0000] {processor.py:826} INFO - Processing file /home/airflow/.local/lib/python3.7/site-packages/airflow/example_dags/example_bash_operator.py for tasks to queue
[2024-02-28T18:45:17.539+0000] {logging_mixin.py:150} INFO - [2024-02-28T18:45:17.538+0000] {dagbag.py:541} INFO - Filling up the DagBag from /home/airflow/.local/lib/python3.7/site-packages/airflow/example_dags/example_bash_operator.py
[2024-02-28T18:45:17.555+0000] {processor.py:836} INFO - DAG(s) dict_keys(['example_bash_operator']) retrieved from /home/airflow/.local/lib/python3.7/site-packages/airflow/example_dags/example_bash_operator.py
[2024-02-28T18:45:17.603+0000] {logging_mixin.py:150} INFO - [2024-02-28T18:45:17.603+0000] {dag.py:2742} INFO - Sync 1 DAGs
[2024-02-28T18:45:17.638+0000] {logging_mixin.py:150} INFO - [2024-02-28T18:45:17.638+0000] {dag.py:3508} INFO - Setting next_dagrun for example_bash_operator to 2024-02-27T00:00:00+00:00, run_after=2024-02-28T00:00:00+00:00
[2024-02-28T18:45:17.655+0000] {processor.py:179} INFO - Processing /home/airflow/.local/lib/python3.7/site-packages/airflow/example_dags/example_bash_operator.py took 0.126 seconds
[2024-02-28T18:45:48.135+0000] {processor.py:157} INFO - Started process (PID=1610) to work on /home/airflow/.local/lib/python3.7/site-packages/airflow/example_dags/example_bash_operator.py
[2024-02-28T18:45:48.139+0000] {processor.py:826} INFO - Processing file /home/airflow/.local/lib/python3.7/site-packages/airflow/example_dags/example_bash_operator.py for tasks to queue
[2024-02-28T18:45:48.142+0000] {logging_mixin.py:150} INFO - [2024-02-28T18:45:48.142+0000] {dagbag.py:541} INFO - Filling up the DagBag from /home/airflow/.local/lib/python3.7/site-packages/airflow/example_dags/example_bash_operator.py
[2024-02-28T18:45:48.169+0000] {processor.py:836} INFO - DAG(s) dict_keys(['example_bash_operator']) retrieved from /home/airflow/.local/lib/python3.7/site-packages/airflow/example_dags/example_bash_operator.py
[2024-02-28T18:45:48.202+0000] {logging_mixin.py:150} INFO - [2024-02-28T18:45:48.202+0000] {dag.py:2742} INFO - Sync 1 DAGs
[2024-02-28T18:45:48.229+0000] {logging_mixin.py:150} INFO - [2024-02-28T18:45:48.228+0000] {dag.py:3508} INFO - Setting next_dagrun for example_bash_operator to 2024-02-27T00:00:00+00:00, run_after=2024-02-28T00:00:00+00:00
[2024-02-28T18:45:48.244+0000] {processor.py:179} INFO - Processing /home/airflow/.local/lib/python3.7/site-packages/airflow/example_dags/example_bash_operator.py took 0.122 seconds
[2024-02-28T18:46:18.399+0000] {processor.py:157} INFO - Started process (PID=1673) to work on /home/airflow/.local/lib/python3.7/site-packages/airflow/example_dags/example_bash_operator.py
[2024-02-28T18:46:18.404+0000] {processor.py:826} INFO - Processing file /home/airflow/.local/lib/python3.7/site-packages/airflow/example_dags/example_bash_operator.py for tasks to queue
[2024-02-28T18:46:18.407+0000] {logging_mixin.py:150} INFO - [2024-02-28T18:46:18.406+0000] {dagbag.py:541} INFO - Filling up the DagBag from /home/airflow/.local/lib/python3.7/site-packages/airflow/example_dags/example_bash_operator.py
[2024-02-28T18:46:18.430+0000] {processor.py:836} INFO - DAG(s) dict_keys(['example_bash_operator']) retrieved from /home/airflow/.local/lib/python3.7/site-packages/airflow/example_dags/example_bash_operator.py
[2024-02-28T18:46:18.487+0000] {logging_mixin.py:150} INFO - [2024-02-28T18:46:18.487+0000] {dag.py:2742} INFO - Sync 1 DAGs
[2024-02-28T18:46:18.512+0000] {logging_mixin.py:150} INFO - [2024-02-28T18:46:18.512+0000] {dag.py:3508} INFO - Setting next_dagrun for example_bash_operator to 2024-02-27T00:00:00+00:00, run_after=2024-02-28T00:00:00+00:00
[2024-02-28T18:46:18.527+0000] {processor.py:179} INFO - Processing /home/airflow/.local/lib/python3.7/site-packages/airflow/example_dags/example_bash_operator.py took 0.134 seconds
[2024-02-28T18:46:48.864+0000] {processor.py:157} INFO - Started process (PID=1736) to work on /home/airflow/.local/lib/python3.7/site-packages/airflow/example_dags/example_bash_operator.py
[2024-02-28T18:46:48.868+0000] {processor.py:826} INFO - Processing file /home/airflow/.local/lib/python3.7/site-packages/airflow/example_dags/example_bash_operator.py for tasks to queue
[2024-02-28T18:46:48.872+0000] {logging_mixin.py:150} INFO - [2024-02-28T18:46:48.871+0000] {dagbag.py:541} INFO - Filling up the DagBag from /home/airflow/.local/lib/python3.7/site-packages/airflow/example_dags/example_bash_operator.py
[2024-02-28T18:46:48.890+0000] {processor.py:836} INFO - DAG(s) dict_keys(['example_bash_operator']) retrieved from /home/airflow/.local/lib/python3.7/site-packages/airflow/example_dags/example_bash_operator.py
[2024-02-28T18:46:48.933+0000] {logging_mixin.py:150} INFO - [2024-02-28T18:46:48.932+0000] {dag.py:2742} INFO - Sync 1 DAGs
[2024-02-28T18:46:48.961+0000] {logging_mixin.py:150} INFO - [2024-02-28T18:46:48.961+0000] {dag.py:3508} INFO - Setting next_dagrun for example_bash_operator to 2024-02-27T00:00:00+00:00, run_after=2024-02-28T00:00:00+00:00
[2024-02-28T18:46:48.986+0000] {processor.py:179} INFO - Processing /home/airflow/.local/lib/python3.7/site-packages/airflow/example_dags/example_bash_operator.py took 0.135 seconds
[2024-02-28T18:47:19.197+0000] {processor.py:157} INFO - Started process (PID=1799) to work on /home/airflow/.local/lib/python3.7/site-packages/airflow/example_dags/example_bash_operator.py
[2024-02-28T18:47:19.203+0000] {processor.py:826} INFO - Processing file /home/airflow/.local/lib/python3.7/site-packages/airflow/example_dags/example_bash_operator.py for tasks to queue
[2024-02-28T18:47:19.207+0000] {logging_mixin.py:150} INFO - [2024-02-28T18:47:19.206+0000] {dagbag.py:541} INFO - Filling up the DagBag from /home/airflow/.local/lib/python3.7/site-packages/airflow/example_dags/example_bash_operator.py
[2024-02-28T18:47:19.230+0000] {processor.py:836} INFO - DAG(s) dict_keys(['example_bash_operator']) retrieved from /home/airflow/.local/lib/python3.7/site-packages/airflow/example_dags/example_bash_operator.py
[2024-02-28T18:47:19.272+0000] {logging_mixin.py:150} INFO - [2024-02-28T18:47:19.272+0000] {dag.py:2742} INFO - Sync 1 DAGs
[2024-02-28T18:47:19.297+0000] {logging_mixin.py:150} INFO - [2024-02-28T18:47:19.297+0000] {dag.py:3508} INFO - Setting next_dagrun for example_bash_operator to 2024-02-27T00:00:00+00:00, run_after=2024-02-28T00:00:00+00:00
[2024-02-28T18:47:19.317+0000] {processor.py:179} INFO - Processing /home/airflow/.local/lib/python3.7/site-packages/airflow/example_dags/example_bash_operator.py took 0.125 seconds
[2024-02-28T18:47:49.725+0000] {processor.py:157} INFO - Started process (PID=1862) to work on /home/airflow/.local/lib/python3.7/site-packages/airflow/example_dags/example_bash_operator.py
[2024-02-28T18:47:49.727+0000] {processor.py:826} INFO - Processing file /home/airflow/.local/lib/python3.7/site-packages/airflow/example_dags/example_bash_operator.py for tasks to queue
[2024-02-28T18:47:49.728+0000] {logging_mixin.py:150} INFO - [2024-02-28T18:47:49.728+0000] {dagbag.py:541} INFO - Filling up the DagBag from /home/airflow/.local/lib/python3.7/site-packages/airflow/example_dags/example_bash_operator.py
[2024-02-28T18:47:49.742+0000] {processor.py:836} INFO - DAG(s) dict_keys(['example_bash_operator']) retrieved from /home/airflow/.local/lib/python3.7/site-packages/airflow/example_dags/example_bash_operator.py
[2024-02-28T18:47:49.777+0000] {logging_mixin.py:150} INFO - [2024-02-28T18:47:49.777+0000] {dag.py:2742} INFO - Sync 1 DAGs
[2024-02-28T18:47:49.797+0000] {logging_mixin.py:150} INFO - [2024-02-28T18:47:49.797+0000] {dag.py:3508} INFO - Setting next_dagrun for example_bash_operator to 2024-02-27T00:00:00+00:00, run_after=2024-02-28T00:00:00+00:00
[2024-02-28T18:47:49.812+0000] {processor.py:179} INFO - Processing /home/airflow/.local/lib/python3.7/site-packages/airflow/example_dags/example_bash_operator.py took 0.090 seconds
[2024-02-28T18:48:20.448+0000] {processor.py:157} INFO - Started process (PID=1919) to work on /home/airflow/.local/lib/python3.7/site-packages/airflow/example_dags/example_bash_operator.py
[2024-02-28T18:48:20.452+0000] {processor.py:826} INFO - Processing file /home/airflow/.local/lib/python3.7/site-packages/airflow/example_dags/example_bash_operator.py for tasks to queue
[2024-02-28T18:48:20.458+0000] {logging_mixin.py:150} INFO - [2024-02-28T18:48:20.458+0000] {dagbag.py:541} INFO - Filling up the DagBag from /home/airflow/.local/lib/python3.7/site-packages/airflow/example_dags/example_bash_operator.py
[2024-02-28T18:48:20.523+0000] {processor.py:836} INFO - DAG(s) dict_keys(['example_bash_operator']) retrieved from /home/airflow/.local/lib/python3.7/site-packages/airflow/example_dags/example_bash_operator.py
[2024-02-28T18:48:20.588+0000] {logging_mixin.py:150} INFO - [2024-02-28T18:48:20.588+0000] {dag.py:2742} INFO - Sync 1 DAGs
[2024-02-28T18:48:20.638+0000] {logging_mixin.py:150} INFO - [2024-02-28T18:48:20.638+0000] {dag.py:3508} INFO - Setting next_dagrun for example_bash_operator to 2024-02-27T00:00:00+00:00, run_after=2024-02-28T00:00:00+00:00
[2024-02-28T18:48:20.701+0000] {processor.py:179} INFO - Processing /home/airflow/.local/lib/python3.7/site-packages/airflow/example_dags/example_bash_operator.py took 0.260 seconds
[2024-02-28T18:48:50.876+0000] {processor.py:157} INFO - Started process (PID=1982) to work on /home/airflow/.local/lib/python3.7/site-packages/airflow/example_dags/example_bash_operator.py
[2024-02-28T18:48:50.882+0000] {processor.py:826} INFO - Processing file /home/airflow/.local/lib/python3.7/site-packages/airflow/example_dags/example_bash_operator.py for tasks to queue
[2024-02-28T18:48:50.887+0000] {logging_mixin.py:150} INFO - [2024-02-28T18:48:50.886+0000] {dagbag.py:541} INFO - Filling up the DagBag from /home/airflow/.local/lib/python3.7/site-packages/airflow/example_dags/example_bash_operator.py
[2024-02-28T18:48:50.920+0000] {processor.py:836} INFO - DAG(s) dict_keys(['example_bash_operator']) retrieved from /home/airflow/.local/lib/python3.7/site-packages/airflow/example_dags/example_bash_operator.py
[2024-02-28T18:48:50.979+0000] {logging_mixin.py:150} INFO - [2024-02-28T18:48:50.979+0000] {dag.py:2742} INFO - Sync 1 DAGs
[2024-02-28T18:48:51.006+0000] {logging_mixin.py:150} INFO - [2024-02-28T18:48:51.006+0000] {dag.py:3508} INFO - Setting next_dagrun for example_bash_operator to 2024-02-27T00:00:00+00:00, run_after=2024-02-28T00:00:00+00:00
[2024-02-28T18:48:51.028+0000] {processor.py:179} INFO - Processing /home/airflow/.local/lib/python3.7/site-packages/airflow/example_dags/example_bash_operator.py took 0.164 seconds
[2024-02-28T18:49:21.330+0000] {processor.py:157} INFO - Started process (PID=2053) to work on /home/airflow/.local/lib/python3.7/site-packages/airflow/example_dags/example_bash_operator.py
[2024-02-28T18:49:21.333+0000] {processor.py:826} INFO - Processing file /home/airflow/.local/lib/python3.7/site-packages/airflow/example_dags/example_bash_operator.py for tasks to queue
[2024-02-28T18:49:21.335+0000] {logging_mixin.py:150} INFO - [2024-02-28T18:49:21.335+0000] {dagbag.py:541} INFO - Filling up the DagBag from /home/airflow/.local/lib/python3.7/site-packages/airflow/example_dags/example_bash_operator.py
[2024-02-28T18:49:21.360+0000] {processor.py:836} INFO - DAG(s) dict_keys(['example_bash_operator']) retrieved from /home/airflow/.local/lib/python3.7/site-packages/airflow/example_dags/example_bash_operator.py
[2024-02-28T18:49:21.403+0000] {logging_mixin.py:150} INFO - [2024-02-28T18:49:21.403+0000] {dag.py:2742} INFO - Sync 1 DAGs
[2024-02-28T18:49:21.428+0000] {logging_mixin.py:150} INFO - [2024-02-28T18:49:21.428+0000] {dag.py:3508} INFO - Setting next_dagrun for example_bash_operator to 2024-02-27T00:00:00+00:00, run_after=2024-02-28T00:00:00+00:00
[2024-02-28T18:49:21.443+0000] {processor.py:179} INFO - Processing /home/airflow/.local/lib/python3.7/site-packages/airflow/example_dags/example_bash_operator.py took 0.119 seconds
[2024-02-28T18:49:52.255+0000] {processor.py:157} INFO - Started process (PID=2116) to work on /home/airflow/.local/lib/python3.7/site-packages/airflow/example_dags/example_bash_operator.py
[2024-02-28T18:49:52.259+0000] {processor.py:826} INFO - Processing file /home/airflow/.local/lib/python3.7/site-packages/airflow/example_dags/example_bash_operator.py for tasks to queue
[2024-02-28T18:49:52.265+0000] {logging_mixin.py:150} INFO - [2024-02-28T18:49:52.264+0000] {dagbag.py:541} INFO - Filling up the DagBag from /home/airflow/.local/lib/python3.7/site-packages/airflow/example_dags/example_bash_operator.py
[2024-02-28T18:49:52.299+0000] {processor.py:836} INFO - DAG(s) dict_keys(['example_bash_operator']) retrieved from /home/airflow/.local/lib/python3.7/site-packages/airflow/example_dags/example_bash_operator.py
[2024-02-28T18:49:52.355+0000] {logging_mixin.py:150} INFO - [2024-02-28T18:49:52.355+0000] {dag.py:2742} INFO - Sync 1 DAGs
[2024-02-28T18:49:52.382+0000] {logging_mixin.py:150} INFO - [2024-02-28T18:49:52.382+0000] {dag.py:3508} INFO - Setting next_dagrun for example_bash_operator to 2024-02-27T00:00:00+00:00, run_after=2024-02-28T00:00:00+00:00
[2024-02-28T18:49:52.399+0000] {processor.py:179} INFO - Processing /home/airflow/.local/lib/python3.7/site-packages/airflow/example_dags/example_bash_operator.py took 0.151 seconds
[2024-02-28T18:50:22.816+0000] {processor.py:157} INFO - Started process (PID=2183) to work on /home/airflow/.local/lib/python3.7/site-packages/airflow/example_dags/example_bash_operator.py
[2024-02-28T18:50:22.818+0000] {processor.py:826} INFO - Processing file /home/airflow/.local/lib/python3.7/site-packages/airflow/example_dags/example_bash_operator.py for tasks to queue
[2024-02-28T18:50:22.820+0000] {logging_mixin.py:150} INFO - [2024-02-28T18:50:22.820+0000] {dagbag.py:541} INFO - Filling up the DagBag from /home/airflow/.local/lib/python3.7/site-packages/airflow/example_dags/example_bash_operator.py
[2024-02-28T18:50:22.851+0000] {processor.py:836} INFO - DAG(s) dict_keys(['example_bash_operator']) retrieved from /home/airflow/.local/lib/python3.7/site-packages/airflow/example_dags/example_bash_operator.py
[2024-02-28T18:50:22.902+0000] {logging_mixin.py:150} INFO - [2024-02-28T18:50:22.902+0000] {dag.py:2742} INFO - Sync 1 DAGs
[2024-02-28T18:50:22.925+0000] {logging_mixin.py:150} INFO - [2024-02-28T18:50:22.925+0000] {dag.py:3508} INFO - Setting next_dagrun for example_bash_operator to 2024-02-27T00:00:00+00:00, run_after=2024-02-28T00:00:00+00:00
[2024-02-28T18:50:22.943+0000] {processor.py:179} INFO - Processing /home/airflow/.local/lib/python3.7/site-packages/airflow/example_dags/example_bash_operator.py took 0.132 seconds
[2024-02-28T18:50:53.170+0000] {processor.py:157} INFO - Started process (PID=2246) to work on /home/airflow/.local/lib/python3.7/site-packages/airflow/example_dags/example_bash_operator.py
[2024-02-28T18:50:53.172+0000] {processor.py:826} INFO - Processing file /home/airflow/.local/lib/python3.7/site-packages/airflow/example_dags/example_bash_operator.py for tasks to queue
[2024-02-28T18:50:53.174+0000] {logging_mixin.py:150} INFO - [2024-02-28T18:50:53.173+0000] {dagbag.py:541} INFO - Filling up the DagBag from /home/airflow/.local/lib/python3.7/site-packages/airflow/example_dags/example_bash_operator.py
[2024-02-28T18:50:53.207+0000] {processor.py:836} INFO - DAG(s) dict_keys(['example_bash_operator']) retrieved from /home/airflow/.local/lib/python3.7/site-packages/airflow/example_dags/example_bash_operator.py
[2024-02-28T18:50:53.265+0000] {logging_mixin.py:150} INFO - [2024-02-28T18:50:53.264+0000] {dag.py:2742} INFO - Sync 1 DAGs
[2024-02-28T18:50:53.292+0000] {logging_mixin.py:150} INFO - [2024-02-28T18:50:53.291+0000] {dag.py:3508} INFO - Setting next_dagrun for example_bash_operator to 2024-02-27T00:00:00+00:00, run_after=2024-02-28T00:00:00+00:00
[2024-02-28T18:50:53.308+0000] {processor.py:179} INFO - Processing /home/airflow/.local/lib/python3.7/site-packages/airflow/example_dags/example_bash_operator.py took 0.142 seconds
[2024-02-28T18:51:24.101+0000] {processor.py:157} INFO - Started process (PID=2313) to work on /home/airflow/.local/lib/python3.7/site-packages/airflow/example_dags/example_bash_operator.py
[2024-02-28T18:51:24.128+0000] {processor.py:826} INFO - Processing file /home/airflow/.local/lib/python3.7/site-packages/airflow/example_dags/example_bash_operator.py for tasks to queue
[2024-02-28T18:51:24.136+0000] {logging_mixin.py:150} INFO - [2024-02-28T18:51:24.135+0000] {dagbag.py:541} INFO - Filling up the DagBag from /home/airflow/.local/lib/python3.7/site-packages/airflow/example_dags/example_bash_operator.py
[2024-02-28T18:51:24.220+0000] {processor.py:836} INFO - DAG(s) dict_keys(['example_bash_operator']) retrieved from /home/airflow/.local/lib/python3.7/site-packages/airflow/example_dags/example_bash_operator.py
[2024-02-28T18:51:24.296+0000] {logging_mixin.py:150} INFO - [2024-02-28T18:51:24.296+0000] {dag.py:2742} INFO - Sync 1 DAGs
[2024-02-28T18:51:24.418+0000] {logging_mixin.py:150} INFO - [2024-02-28T18:51:24.417+0000] {dag.py:3508} INFO - Setting next_dagrun for example_bash_operator to 2024-02-27T00:00:00+00:00, run_after=2024-02-28T00:00:00+00:00
[2024-02-28T18:51:24.514+0000] {processor.py:179} INFO - Processing /home/airflow/.local/lib/python3.7/site-packages/airflow/example_dags/example_bash_operator.py took 0.425 seconds
[2024-02-28T18:51:55.174+0000] {processor.py:157} INFO - Started process (PID=2376) to work on /home/airflow/.local/lib/python3.7/site-packages/airflow/example_dags/example_bash_operator.py
[2024-02-28T18:51:55.177+0000] {processor.py:826} INFO - Processing file /home/airflow/.local/lib/python3.7/site-packages/airflow/example_dags/example_bash_operator.py for tasks to queue
[2024-02-28T18:51:55.180+0000] {logging_mixin.py:150} INFO - [2024-02-28T18:51:55.179+0000] {dagbag.py:541} INFO - Filling up the DagBag from /home/airflow/.local/lib/python3.7/site-packages/airflow/example_dags/example_bash_operator.py
[2024-02-28T18:51:55.212+0000] {processor.py:836} INFO - DAG(s) dict_keys(['example_bash_operator']) retrieved from /home/airflow/.local/lib/python3.7/site-packages/airflow/example_dags/example_bash_operator.py
[2024-02-28T18:51:55.257+0000] {logging_mixin.py:150} INFO - [2024-02-28T18:51:55.256+0000] {dag.py:2742} INFO - Sync 1 DAGs
[2024-02-28T18:51:55.279+0000] {logging_mixin.py:150} INFO - [2024-02-28T18:51:55.279+0000] {dag.py:3508} INFO - Setting next_dagrun for example_bash_operator to 2024-02-27T00:00:00+00:00, run_after=2024-02-28T00:00:00+00:00
[2024-02-28T18:51:55.296+0000] {processor.py:179} INFO - Processing /home/airflow/.local/lib/python3.7/site-packages/airflow/example_dags/example_bash_operator.py took 0.127 seconds
[2024-02-28T18:52:25.750+0000] {processor.py:157} INFO - Started process (PID=2447) to work on /home/airflow/.local/lib/python3.7/site-packages/airflow/example_dags/example_bash_operator.py
[2024-02-28T18:52:25.752+0000] {processor.py:826} INFO - Processing file /home/airflow/.local/lib/python3.7/site-packages/airflow/example_dags/example_bash_operator.py for tasks to queue
[2024-02-28T18:52:25.754+0000] {logging_mixin.py:150} INFO - [2024-02-28T18:52:25.754+0000] {dagbag.py:541} INFO - Filling up the DagBag from /home/airflow/.local/lib/python3.7/site-packages/airflow/example_dags/example_bash_operator.py
[2024-02-28T18:52:25.803+0000] {processor.py:836} INFO - DAG(s) dict_keys(['example_bash_operator']) retrieved from /home/airflow/.local/lib/python3.7/site-packages/airflow/example_dags/example_bash_operator.py
[2024-02-28T18:52:25.857+0000] {logging_mixin.py:150} INFO - [2024-02-28T18:52:25.857+0000] {dag.py:2742} INFO - Sync 1 DAGs
[2024-02-28T18:52:25.885+0000] {logging_mixin.py:150} INFO - [2024-02-28T18:52:25.884+0000] {dag.py:3508} INFO - Setting next_dagrun for example_bash_operator to 2024-02-27T00:00:00+00:00, run_after=2024-02-28T00:00:00+00:00
[2024-02-28T18:52:25.911+0000] {processor.py:179} INFO - Processing /home/airflow/.local/lib/python3.7/site-packages/airflow/example_dags/example_bash_operator.py took 0.166 seconds
[2024-02-28T18:52:56.049+0000] {processor.py:157} INFO - Started process (PID=2510) to work on /home/airflow/.local/lib/python3.7/site-packages/airflow/example_dags/example_bash_operator.py
[2024-02-28T18:52:56.052+0000] {processor.py:826} INFO - Processing file /home/airflow/.local/lib/python3.7/site-packages/airflow/example_dags/example_bash_operator.py for tasks to queue
[2024-02-28T18:52:56.056+0000] {logging_mixin.py:150} INFO - [2024-02-28T18:52:56.056+0000] {dagbag.py:541} INFO - Filling up the DagBag from /home/airflow/.local/lib/python3.7/site-packages/airflow/example_dags/example_bash_operator.py
[2024-02-28T18:52:56.076+0000] {processor.py:836} INFO - DAG(s) dict_keys(['example_bash_operator']) retrieved from /home/airflow/.local/lib/python3.7/site-packages/airflow/example_dags/example_bash_operator.py
[2024-02-28T18:52:56.116+0000] {logging_mixin.py:150} INFO - [2024-02-28T18:52:56.116+0000] {dag.py:2742} INFO - Sync 1 DAGs
[2024-02-28T18:52:56.151+0000] {logging_mixin.py:150} INFO - [2024-02-28T18:52:56.151+0000] {dag.py:3508} INFO - Setting next_dagrun for example_bash_operator to 2024-02-27T00:00:00+00:00, run_after=2024-02-28T00:00:00+00:00
[2024-02-28T18:52:56.173+0000] {processor.py:179} INFO - Processing /home/airflow/.local/lib/python3.7/site-packages/airflow/example_dags/example_bash_operator.py took 0.128 seconds
