[2024-02-28T18:33:09.940+0000] {processor.py:157} INFO - Started process (PID=46) to work on /home/airflow/.local/lib/python3.7/site-packages/airflow/example_dags/example_xcomargs.py
[2024-02-28T18:33:09.945+0000] {processor.py:826} INFO - Processing file /home/airflow/.local/lib/python3.7/site-packages/airflow/example_dags/example_xcomargs.py for tasks to queue
[2024-02-28T18:33:09.950+0000] {logging_mixin.py:150} INFO - [2024-02-28T18:33:09.948+0000] {dagbag.py:541} INFO - Filling up the DagBag from /home/airflow/.local/lib/python3.7/site-packages/airflow/example_dags/example_xcomargs.py
[2024-02-28T18:33:09.988+0000] {processor.py:836} INFO - DAG(s) dict_keys(['example_xcom_args', 'example_xcom_args_with_operators']) retrieved from /home/airflow/.local/lib/python3.7/site-packages/airflow/example_dags/example_xcomargs.py
[2024-02-28T18:33:10.051+0000] {logging_mixin.py:150} INFO - [2024-02-28T18:33:10.050+0000] {dag.py:2742} INFO - Sync 2 DAGs
[2024-02-28T18:33:10.092+0000] {logging_mixin.py:150} INFO - [2024-02-28T18:33:10.092+0000] {dag.py:3508} INFO - Setting next_dagrun for example_xcom_args to None, run_after=None
[2024-02-28T18:33:10.101+0000] {logging_mixin.py:150} INFO - [2024-02-28T18:33:10.100+0000] {dag.py:3508} INFO - Setting next_dagrun for example_xcom_args_with_operators to None, run_after=None
[2024-02-28T18:33:10.140+0000] {processor.py:179} INFO - Processing /home/airflow/.local/lib/python3.7/site-packages/airflow/example_dags/example_xcomargs.py took 0.207 seconds
[2024-02-28T18:33:40.186+0000] {processor.py:157} INFO - Started process (PID=109) to work on /home/airflow/.local/lib/python3.7/site-packages/airflow/example_dags/example_xcomargs.py
[2024-02-28T18:33:40.189+0000] {processor.py:826} INFO - Processing file /home/airflow/.local/lib/python3.7/site-packages/airflow/example_dags/example_xcomargs.py for tasks to queue
[2024-02-28T18:33:40.190+0000] {logging_mixin.py:150} INFO - [2024-02-28T18:33:40.190+0000] {dagbag.py:541} INFO - Filling up the DagBag from /home/airflow/.local/lib/python3.7/site-packages/airflow/example_dags/example_xcomargs.py
[2024-02-28T18:33:40.198+0000] {processor.py:836} INFO - DAG(s) dict_keys(['example_xcom_args_with_operators', 'example_xcom_args']) retrieved from /home/airflow/.local/lib/python3.7/site-packages/airflow/example_dags/example_xcomargs.py
[2024-02-28T18:33:40.226+0000] {logging_mixin.py:150} INFO - [2024-02-28T18:33:40.226+0000] {dag.py:2742} INFO - Sync 2 DAGs
[2024-02-28T18:33:40.248+0000] {logging_mixin.py:150} INFO - [2024-02-28T18:33:40.248+0000] {dag.py:3508} INFO - Setting next_dagrun for example_xcom_args to None, run_after=None
[2024-02-28T18:33:40.251+0000] {logging_mixin.py:150} INFO - [2024-02-28T18:33:40.251+0000] {dag.py:3508} INFO - Setting next_dagrun for example_xcom_args_with_operators to None, run_after=None
[2024-02-28T18:33:40.263+0000] {processor.py:179} INFO - Processing /home/airflow/.local/lib/python3.7/site-packages/airflow/example_dags/example_xcomargs.py took 0.080 seconds
[2024-02-28T18:34:11.378+0000] {processor.py:157} INFO - Started process (PID=172) to work on /home/airflow/.local/lib/python3.7/site-packages/airflow/example_dags/example_xcomargs.py
[2024-02-28T18:34:11.379+0000] {processor.py:826} INFO - Processing file /home/airflow/.local/lib/python3.7/site-packages/airflow/example_dags/example_xcomargs.py for tasks to queue
[2024-02-28T18:34:11.382+0000] {logging_mixin.py:150} INFO - [2024-02-28T18:34:11.381+0000] {dagbag.py:541} INFO - Filling up the DagBag from /home/airflow/.local/lib/python3.7/site-packages/airflow/example_dags/example_xcomargs.py
[2024-02-28T18:34:11.391+0000] {processor.py:836} INFO - DAG(s) dict_keys(['example_xcom_args_with_operators', 'example_xcom_args']) retrieved from /home/airflow/.local/lib/python3.7/site-packages/airflow/example_dags/example_xcomargs.py
[2024-02-28T18:34:11.414+0000] {logging_mixin.py:150} INFO - [2024-02-28T18:34:11.414+0000] {dag.py:2742} INFO - Sync 2 DAGs
[2024-02-28T18:34:11.437+0000] {logging_mixin.py:150} INFO - [2024-02-28T18:34:11.437+0000] {dag.py:3508} INFO - Setting next_dagrun for example_xcom_args to None, run_after=None
[2024-02-28T18:34:11.442+0000] {logging_mixin.py:150} INFO - [2024-02-28T18:34:11.442+0000] {dag.py:3508} INFO - Setting next_dagrun for example_xcom_args_with_operators to None, run_after=None
[2024-02-28T18:34:11.456+0000] {processor.py:179} INFO - Processing /home/airflow/.local/lib/python3.7/site-packages/airflow/example_dags/example_xcomargs.py took 0.082 seconds
[2024-02-28T18:34:42.477+0000] {processor.py:157} INFO - Started process (PID=235) to work on /home/airflow/.local/lib/python3.7/site-packages/airflow/example_dags/example_xcomargs.py
[2024-02-28T18:34:42.480+0000] {processor.py:826} INFO - Processing file /home/airflow/.local/lib/python3.7/site-packages/airflow/example_dags/example_xcomargs.py for tasks to queue
[2024-02-28T18:34:42.482+0000] {logging_mixin.py:150} INFO - [2024-02-28T18:34:42.482+0000] {dagbag.py:541} INFO - Filling up the DagBag from /home/airflow/.local/lib/python3.7/site-packages/airflow/example_dags/example_xcomargs.py
[2024-02-28T18:34:42.490+0000] {processor.py:836} INFO - DAG(s) dict_keys(['example_xcom_args_with_operators', 'example_xcom_args']) retrieved from /home/airflow/.local/lib/python3.7/site-packages/airflow/example_dags/example_xcomargs.py
[2024-02-28T18:34:42.518+0000] {logging_mixin.py:150} INFO - [2024-02-28T18:34:42.518+0000] {dag.py:2742} INFO - Sync 2 DAGs
[2024-02-28T18:34:42.539+0000] {logging_mixin.py:150} INFO - [2024-02-28T18:34:42.539+0000] {dag.py:3508} INFO - Setting next_dagrun for example_xcom_args to None, run_after=None
[2024-02-28T18:34:42.545+0000] {logging_mixin.py:150} INFO - [2024-02-28T18:34:42.545+0000] {dag.py:3508} INFO - Setting next_dagrun for example_xcom_args_with_operators to None, run_after=None
[2024-02-28T18:34:42.559+0000] {processor.py:179} INFO - Processing /home/airflow/.local/lib/python3.7/site-packages/airflow/example_dags/example_xcomargs.py took 0.087 seconds
[2024-02-28T18:35:13.685+0000] {processor.py:157} INFO - Started process (PID=299) to work on /home/airflow/.local/lib/python3.7/site-packages/airflow/example_dags/example_xcomargs.py
[2024-02-28T18:35:13.688+0000] {processor.py:826} INFO - Processing file /home/airflow/.local/lib/python3.7/site-packages/airflow/example_dags/example_xcomargs.py for tasks to queue
[2024-02-28T18:35:13.691+0000] {logging_mixin.py:150} INFO - [2024-02-28T18:35:13.690+0000] {dagbag.py:541} INFO - Filling up the DagBag from /home/airflow/.local/lib/python3.7/site-packages/airflow/example_dags/example_xcomargs.py
[2024-02-28T18:35:13.700+0000] {processor.py:836} INFO - DAG(s) dict_keys(['example_xcom_args_with_operators', 'example_xcom_args']) retrieved from /home/airflow/.local/lib/python3.7/site-packages/airflow/example_dags/example_xcomargs.py
[2024-02-28T18:35:13.729+0000] {logging_mixin.py:150} INFO - [2024-02-28T18:35:13.729+0000] {dag.py:2742} INFO - Sync 2 DAGs
[2024-02-28T18:35:13.752+0000] {logging_mixin.py:150} INFO - [2024-02-28T18:35:13.752+0000] {dag.py:3508} INFO - Setting next_dagrun for example_xcom_args to None, run_after=None
[2024-02-28T18:35:13.757+0000] {logging_mixin.py:150} INFO - [2024-02-28T18:35:13.756+0000] {dag.py:3508} INFO - Setting next_dagrun for example_xcom_args_with_operators to None, run_after=None
[2024-02-28T18:35:13.774+0000] {processor.py:179} INFO - Processing /home/airflow/.local/lib/python3.7/site-packages/airflow/example_dags/example_xcomargs.py took 0.092 seconds
[2024-02-28T18:35:44.527+0000] {processor.py:157} INFO - Started process (PID=363) to work on /home/airflow/.local/lib/python3.7/site-packages/airflow/example_dags/example_xcomargs.py
[2024-02-28T18:35:44.530+0000] {processor.py:826} INFO - Processing file /home/airflow/.local/lib/python3.7/site-packages/airflow/example_dags/example_xcomargs.py for tasks to queue
[2024-02-28T18:35:44.533+0000] {logging_mixin.py:150} INFO - [2024-02-28T18:35:44.532+0000] {dagbag.py:541} INFO - Filling up the DagBag from /home/airflow/.local/lib/python3.7/site-packages/airflow/example_dags/example_xcomargs.py
[2024-02-28T18:35:44.544+0000] {processor.py:836} INFO - DAG(s) dict_keys(['example_xcom_args_with_operators', 'example_xcom_args']) retrieved from /home/airflow/.local/lib/python3.7/site-packages/airflow/example_dags/example_xcomargs.py
[2024-02-28T18:35:44.574+0000] {logging_mixin.py:150} INFO - [2024-02-28T18:35:44.574+0000] {dag.py:2742} INFO - Sync 2 DAGs
[2024-02-28T18:35:44.597+0000] {logging_mixin.py:150} INFO - [2024-02-28T18:35:44.597+0000] {dag.py:3508} INFO - Setting next_dagrun for example_xcom_args to None, run_after=None
[2024-02-28T18:35:44.602+0000] {logging_mixin.py:150} INFO - [2024-02-28T18:35:44.602+0000] {dag.py:3508} INFO - Setting next_dagrun for example_xcom_args_with_operators to None, run_after=None
[2024-02-28T18:35:44.618+0000] {processor.py:179} INFO - Processing /home/airflow/.local/lib/python3.7/site-packages/airflow/example_dags/example_xcomargs.py took 0.095 seconds
[2024-02-28T18:36:15.623+0000] {processor.py:157} INFO - Started process (PID=426) to work on /home/airflow/.local/lib/python3.7/site-packages/airflow/example_dags/example_xcomargs.py
[2024-02-28T18:36:15.625+0000] {processor.py:826} INFO - Processing file /home/airflow/.local/lib/python3.7/site-packages/airflow/example_dags/example_xcomargs.py for tasks to queue
[2024-02-28T18:36:15.627+0000] {logging_mixin.py:150} INFO - [2024-02-28T18:36:15.627+0000] {dagbag.py:541} INFO - Filling up the DagBag from /home/airflow/.local/lib/python3.7/site-packages/airflow/example_dags/example_xcomargs.py
[2024-02-28T18:36:15.638+0000] {processor.py:836} INFO - DAG(s) dict_keys(['example_xcom_args', 'example_xcom_args_with_operators']) retrieved from /home/airflow/.local/lib/python3.7/site-packages/airflow/example_dags/example_xcomargs.py
[2024-02-28T18:36:15.670+0000] {logging_mixin.py:150} INFO - [2024-02-28T18:36:15.670+0000] {dag.py:2742} INFO - Sync 2 DAGs
[2024-02-28T18:36:15.698+0000] {logging_mixin.py:150} INFO - [2024-02-28T18:36:15.698+0000] {dag.py:3508} INFO - Setting next_dagrun for example_xcom_args to None, run_after=None
[2024-02-28T18:36:15.704+0000] {logging_mixin.py:150} INFO - [2024-02-28T18:36:15.704+0000] {dag.py:3508} INFO - Setting next_dagrun for example_xcom_args_with_operators to None, run_after=None
[2024-02-28T18:36:15.720+0000] {processor.py:179} INFO - Processing /home/airflow/.local/lib/python3.7/site-packages/airflow/example_dags/example_xcomargs.py took 0.100 seconds
[2024-02-28T18:36:47.476+0000] {processor.py:157} INFO - Started process (PID=489) to work on /home/airflow/.local/lib/python3.7/site-packages/airflow/example_dags/example_xcomargs.py
[2024-02-28T18:36:47.479+0000] {processor.py:826} INFO - Processing file /home/airflow/.local/lib/python3.7/site-packages/airflow/example_dags/example_xcomargs.py for tasks to queue
[2024-02-28T18:36:47.483+0000] {logging_mixin.py:150} INFO - [2024-02-28T18:36:47.482+0000] {dagbag.py:541} INFO - Filling up the DagBag from /home/airflow/.local/lib/python3.7/site-packages/airflow/example_dags/example_xcomargs.py
[2024-02-28T18:36:47.493+0000] {processor.py:836} INFO - DAG(s) dict_keys(['example_xcom_args_with_operators', 'example_xcom_args']) retrieved from /home/airflow/.local/lib/python3.7/site-packages/airflow/example_dags/example_xcomargs.py
[2024-02-28T18:36:47.533+0000] {logging_mixin.py:150} INFO - [2024-02-28T18:36:47.532+0000] {dag.py:2742} INFO - Sync 2 DAGs
[2024-02-28T18:36:47.568+0000] {logging_mixin.py:150} INFO - [2024-02-28T18:36:47.567+0000] {dag.py:3508} INFO - Setting next_dagrun for example_xcom_args to None, run_after=None
[2024-02-28T18:36:47.576+0000] {logging_mixin.py:150} INFO - [2024-02-28T18:36:47.576+0000] {dag.py:3508} INFO - Setting next_dagrun for example_xcom_args_with_operators to None, run_after=None
[2024-02-28T18:36:47.603+0000] {processor.py:179} INFO - Processing /home/airflow/.local/lib/python3.7/site-packages/airflow/example_dags/example_xcomargs.py took 0.130 seconds
[2024-02-28T18:37:18.051+0000] {processor.py:157} INFO - Started process (PID=552) to work on /home/airflow/.local/lib/python3.7/site-packages/airflow/example_dags/example_xcomargs.py
[2024-02-28T18:37:18.053+0000] {processor.py:826} INFO - Processing file /home/airflow/.local/lib/python3.7/site-packages/airflow/example_dags/example_xcomargs.py for tasks to queue
[2024-02-28T18:37:18.056+0000] {logging_mixin.py:150} INFO - [2024-02-28T18:37:18.056+0000] {dagbag.py:541} INFO - Filling up the DagBag from /home/airflow/.local/lib/python3.7/site-packages/airflow/example_dags/example_xcomargs.py
[2024-02-28T18:37:18.064+0000] {processor.py:836} INFO - DAG(s) dict_keys(['example_xcom_args_with_operators', 'example_xcom_args']) retrieved from /home/airflow/.local/lib/python3.7/site-packages/airflow/example_dags/example_xcomargs.py
[2024-02-28T18:37:18.101+0000] {logging_mixin.py:150} INFO - [2024-02-28T18:37:18.100+0000] {dag.py:2742} INFO - Sync 2 DAGs
[2024-02-28T18:37:18.147+0000] {logging_mixin.py:150} INFO - [2024-02-28T18:37:18.147+0000] {dag.py:3508} INFO - Setting next_dagrun for example_xcom_args to None, run_after=None
[2024-02-28T18:37:18.156+0000] {logging_mixin.py:150} INFO - [2024-02-28T18:37:18.155+0000] {dag.py:3508} INFO - Setting next_dagrun for example_xcom_args_with_operators to None, run_after=None
[2024-02-28T18:37:18.194+0000] {processor.py:179} INFO - Processing /home/airflow/.local/lib/python3.7/site-packages/airflow/example_dags/example_xcomargs.py took 0.146 seconds
[2024-02-28T18:37:48.397+0000] {processor.py:157} INFO - Started process (PID=615) to work on /home/airflow/.local/lib/python3.7/site-packages/airflow/example_dags/example_xcomargs.py
[2024-02-28T18:37:48.399+0000] {processor.py:826} INFO - Processing file /home/airflow/.local/lib/python3.7/site-packages/airflow/example_dags/example_xcomargs.py for tasks to queue
[2024-02-28T18:37:48.401+0000] {logging_mixin.py:150} INFO - [2024-02-28T18:37:48.401+0000] {dagbag.py:541} INFO - Filling up the DagBag from /home/airflow/.local/lib/python3.7/site-packages/airflow/example_dags/example_xcomargs.py
[2024-02-28T18:37:48.410+0000] {processor.py:836} INFO - DAG(s) dict_keys(['example_xcom_args_with_operators', 'example_xcom_args']) retrieved from /home/airflow/.local/lib/python3.7/site-packages/airflow/example_dags/example_xcomargs.py
[2024-02-28T18:37:48.442+0000] {logging_mixin.py:150} INFO - [2024-02-28T18:37:48.442+0000] {dag.py:2742} INFO - Sync 2 DAGs
[2024-02-28T18:37:48.466+0000] {logging_mixin.py:150} INFO - [2024-02-28T18:37:48.465+0000] {dag.py:3508} INFO - Setting next_dagrun for example_xcom_args to None, run_after=None
[2024-02-28T18:37:48.471+0000] {logging_mixin.py:150} INFO - [2024-02-28T18:37:48.471+0000] {dag.py:3508} INFO - Setting next_dagrun for example_xcom_args_with_operators to None, run_after=None
[2024-02-28T18:37:48.492+0000] {processor.py:179} INFO - Processing /home/airflow/.local/lib/python3.7/site-packages/airflow/example_dags/example_xcomargs.py took 0.098 seconds
[2024-02-28T18:38:18.839+0000] {processor.py:157} INFO - Started process (PID=677) to work on /home/airflow/.local/lib/python3.7/site-packages/airflow/example_dags/example_xcomargs.py
[2024-02-28T18:38:18.843+0000] {processor.py:826} INFO - Processing file /home/airflow/.local/lib/python3.7/site-packages/airflow/example_dags/example_xcomargs.py for tasks to queue
[2024-02-28T18:38:18.846+0000] {logging_mixin.py:150} INFO - [2024-02-28T18:38:18.845+0000] {dagbag.py:541} INFO - Filling up the DagBag from /home/airflow/.local/lib/python3.7/site-packages/airflow/example_dags/example_xcomargs.py
[2024-02-28T18:38:18.859+0000] {processor.py:836} INFO - DAG(s) dict_keys(['example_xcom_args_with_operators', 'example_xcom_args']) retrieved from /home/airflow/.local/lib/python3.7/site-packages/airflow/example_dags/example_xcomargs.py
[2024-02-28T18:38:18.956+0000] {logging_mixin.py:150} INFO - [2024-02-28T18:38:18.955+0000] {dag.py:2742} INFO - Sync 2 DAGs
[2024-02-28T18:38:18.994+0000] {logging_mixin.py:150} INFO - [2024-02-28T18:38:18.993+0000] {dag.py:3508} INFO - Setting next_dagrun for example_xcom_args to None, run_after=None
[2024-02-28T18:38:18.999+0000] {logging_mixin.py:150} INFO - [2024-02-28T18:38:18.998+0000] {dag.py:3508} INFO - Setting next_dagrun for example_xcom_args_with_operators to None, run_after=None
[2024-02-28T18:38:19.020+0000] {processor.py:179} INFO - Processing /home/airflow/.local/lib/python3.7/site-packages/airflow/example_dags/example_xcomargs.py took 0.186 seconds
[2024-02-28T18:38:49.584+0000] {processor.py:157} INFO - Started process (PID=739) to work on /home/airflow/.local/lib/python3.7/site-packages/airflow/example_dags/example_xcomargs.py
[2024-02-28T18:38:49.587+0000] {processor.py:826} INFO - Processing file /home/airflow/.local/lib/python3.7/site-packages/airflow/example_dags/example_xcomargs.py for tasks to queue
[2024-02-28T18:38:49.592+0000] {logging_mixin.py:150} INFO - [2024-02-28T18:38:49.591+0000] {dagbag.py:541} INFO - Filling up the DagBag from /home/airflow/.local/lib/python3.7/site-packages/airflow/example_dags/example_xcomargs.py
[2024-02-28T18:38:49.612+0000] {processor.py:836} INFO - DAG(s) dict_keys(['example_xcom_args_with_operators', 'example_xcom_args']) retrieved from /home/airflow/.local/lib/python3.7/site-packages/airflow/example_dags/example_xcomargs.py
[2024-02-28T18:38:49.670+0000] {logging_mixin.py:150} INFO - [2024-02-28T18:38:49.670+0000] {dag.py:2742} INFO - Sync 2 DAGs
[2024-02-28T18:38:49.718+0000] {logging_mixin.py:150} INFO - [2024-02-28T18:38:49.718+0000] {dag.py:3508} INFO - Setting next_dagrun for example_xcom_args to None, run_after=None
[2024-02-28T18:38:49.724+0000] {logging_mixin.py:150} INFO - [2024-02-28T18:38:49.724+0000] {dag.py:3508} INFO - Setting next_dagrun for example_xcom_args_with_operators to None, run_after=None
[2024-02-28T18:38:49.748+0000] {processor.py:179} INFO - Processing /home/airflow/.local/lib/python3.7/site-packages/airflow/example_dags/example_xcomargs.py took 0.169 seconds
[2024-02-28T18:39:20.492+0000] {processor.py:157} INFO - Started process (PID=802) to work on /home/airflow/.local/lib/python3.7/site-packages/airflow/example_dags/example_xcomargs.py
[2024-02-28T18:39:20.496+0000] {processor.py:826} INFO - Processing file /home/airflow/.local/lib/python3.7/site-packages/airflow/example_dags/example_xcomargs.py for tasks to queue
[2024-02-28T18:39:20.501+0000] {logging_mixin.py:150} INFO - [2024-02-28T18:39:20.500+0000] {dagbag.py:541} INFO - Filling up the DagBag from /home/airflow/.local/lib/python3.7/site-packages/airflow/example_dags/example_xcomargs.py
[2024-02-28T18:39:20.517+0000] {processor.py:836} INFO - DAG(s) dict_keys(['example_xcom_args_with_operators', 'example_xcom_args']) retrieved from /home/airflow/.local/lib/python3.7/site-packages/airflow/example_dags/example_xcomargs.py
[2024-02-28T18:39:20.573+0000] {logging_mixin.py:150} INFO - [2024-02-28T18:39:20.573+0000] {dag.py:2742} INFO - Sync 2 DAGs
[2024-02-28T18:39:20.615+0000] {logging_mixin.py:150} INFO - [2024-02-28T18:39:20.614+0000] {dag.py:3508} INFO - Setting next_dagrun for example_xcom_args to None, run_after=None
[2024-02-28T18:39:20.624+0000] {logging_mixin.py:150} INFO - [2024-02-28T18:39:20.623+0000] {dag.py:3508} INFO - Setting next_dagrun for example_xcom_args_with_operators to None, run_after=None
[2024-02-28T18:39:20.656+0000] {processor.py:179} INFO - Processing /home/airflow/.local/lib/python3.7/site-packages/airflow/example_dags/example_xcomargs.py took 0.168 seconds
[2024-02-28T18:39:51.055+0000] {processor.py:157} INFO - Started process (PID=866) to work on /home/airflow/.local/lib/python3.7/site-packages/airflow/example_dags/example_xcomargs.py
[2024-02-28T18:39:51.058+0000] {processor.py:826} INFO - Processing file /home/airflow/.local/lib/python3.7/site-packages/airflow/example_dags/example_xcomargs.py for tasks to queue
[2024-02-28T18:39:51.064+0000] {logging_mixin.py:150} INFO - [2024-02-28T18:39:51.063+0000] {dagbag.py:541} INFO - Filling up the DagBag from /home/airflow/.local/lib/python3.7/site-packages/airflow/example_dags/example_xcomargs.py
[2024-02-28T18:39:51.074+0000] {processor.py:836} INFO - DAG(s) dict_keys(['example_xcom_args', 'example_xcom_args_with_operators']) retrieved from /home/airflow/.local/lib/python3.7/site-packages/airflow/example_dags/example_xcomargs.py
[2024-02-28T18:39:51.106+0000] {logging_mixin.py:150} INFO - [2024-02-28T18:39:51.106+0000] {dag.py:2742} INFO - Sync 2 DAGs
[2024-02-28T18:39:51.136+0000] {logging_mixin.py:150} INFO - [2024-02-28T18:39:51.136+0000] {dag.py:3508} INFO - Setting next_dagrun for example_xcom_args to None, run_after=None
[2024-02-28T18:39:51.143+0000] {logging_mixin.py:150} INFO - [2024-02-28T18:39:51.142+0000] {dag.py:3508} INFO - Setting next_dagrun for example_xcom_args_with_operators to None, run_after=None
[2024-02-28T18:39:51.168+0000] {processor.py:179} INFO - Processing /home/airflow/.local/lib/python3.7/site-packages/airflow/example_dags/example_xcomargs.py took 0.116 seconds
[2024-02-28T18:40:21.916+0000] {processor.py:157} INFO - Started process (PID=929) to work on /home/airflow/.local/lib/python3.7/site-packages/airflow/example_dags/example_xcomargs.py
[2024-02-28T18:40:21.919+0000] {processor.py:826} INFO - Processing file /home/airflow/.local/lib/python3.7/site-packages/airflow/example_dags/example_xcomargs.py for tasks to queue
[2024-02-28T18:40:21.922+0000] {logging_mixin.py:150} INFO - [2024-02-28T18:40:21.921+0000] {dagbag.py:541} INFO - Filling up the DagBag from /home/airflow/.local/lib/python3.7/site-packages/airflow/example_dags/example_xcomargs.py
[2024-02-28T18:40:21.931+0000] {processor.py:836} INFO - DAG(s) dict_keys(['example_xcom_args_with_operators', 'example_xcom_args']) retrieved from /home/airflow/.local/lib/python3.7/site-packages/airflow/example_dags/example_xcomargs.py
[2024-02-28T18:40:21.958+0000] {logging_mixin.py:150} INFO - [2024-02-28T18:40:21.958+0000] {dag.py:2742} INFO - Sync 2 DAGs
[2024-02-28T18:40:21.982+0000] {logging_mixin.py:150} INFO - [2024-02-28T18:40:21.981+0000] {dag.py:3508} INFO - Setting next_dagrun for example_xcom_args to None, run_after=None
[2024-02-28T18:40:21.991+0000] {logging_mixin.py:150} INFO - [2024-02-28T18:40:21.991+0000] {dag.py:3508} INFO - Setting next_dagrun for example_xcom_args_with_operators to None, run_after=None
[2024-02-28T18:40:22.007+0000] {processor.py:179} INFO - Processing /home/airflow/.local/lib/python3.7/site-packages/airflow/example_dags/example_xcomargs.py took 0.095 seconds
[2024-02-28T18:40:52.621+0000] {processor.py:157} INFO - Started process (PID=992) to work on /home/airflow/.local/lib/python3.7/site-packages/airflow/example_dags/example_xcomargs.py
[2024-02-28T18:40:52.623+0000] {processor.py:826} INFO - Processing file /home/airflow/.local/lib/python3.7/site-packages/airflow/example_dags/example_xcomargs.py for tasks to queue
[2024-02-28T18:40:52.625+0000] {logging_mixin.py:150} INFO - [2024-02-28T18:40:52.625+0000] {dagbag.py:541} INFO - Filling up the DagBag from /home/airflow/.local/lib/python3.7/site-packages/airflow/example_dags/example_xcomargs.py
[2024-02-28T18:40:52.633+0000] {processor.py:836} INFO - DAG(s) dict_keys(['example_xcom_args_with_operators', 'example_xcom_args']) retrieved from /home/airflow/.local/lib/python3.7/site-packages/airflow/example_dags/example_xcomargs.py
[2024-02-28T18:40:52.662+0000] {logging_mixin.py:150} INFO - [2024-02-28T18:40:52.662+0000] {dag.py:2742} INFO - Sync 2 DAGs
[2024-02-28T18:40:52.687+0000] {logging_mixin.py:150} INFO - [2024-02-28T18:40:52.687+0000] {dag.py:3508} INFO - Setting next_dagrun for example_xcom_args to None, run_after=None
[2024-02-28T18:40:52.691+0000] {logging_mixin.py:150} INFO - [2024-02-28T18:40:52.691+0000] {dag.py:3508} INFO - Setting next_dagrun for example_xcom_args_with_operators to None, run_after=None
[2024-02-28T18:40:52.709+0000] {processor.py:179} INFO - Processing /home/airflow/.local/lib/python3.7/site-packages/airflow/example_dags/example_xcomargs.py took 0.091 seconds
[2024-02-28T18:41:22.947+0000] {processor.py:157} INFO - Started process (PID=1055) to work on /home/airflow/.local/lib/python3.7/site-packages/airflow/example_dags/example_xcomargs.py
[2024-02-28T18:41:22.951+0000] {processor.py:826} INFO - Processing file /home/airflow/.local/lib/python3.7/site-packages/airflow/example_dags/example_xcomargs.py for tasks to queue
[2024-02-28T18:41:22.956+0000] {logging_mixin.py:150} INFO - [2024-02-28T18:41:22.955+0000] {dagbag.py:541} INFO - Filling up the DagBag from /home/airflow/.local/lib/python3.7/site-packages/airflow/example_dags/example_xcomargs.py
[2024-02-28T18:41:22.981+0000] {processor.py:836} INFO - DAG(s) dict_keys(['example_xcom_args_with_operators', 'example_xcom_args']) retrieved from /home/airflow/.local/lib/python3.7/site-packages/airflow/example_dags/example_xcomargs.py
[2024-02-28T18:41:23.026+0000] {logging_mixin.py:150} INFO - [2024-02-28T18:41:23.025+0000] {dag.py:2742} INFO - Sync 2 DAGs
[2024-02-28T18:41:23.054+0000] {logging_mixin.py:150} INFO - [2024-02-28T18:41:23.054+0000] {dag.py:3508} INFO - Setting next_dagrun for example_xcom_args to None, run_after=None
[2024-02-28T18:41:23.059+0000] {logging_mixin.py:150} INFO - [2024-02-28T18:41:23.059+0000] {dag.py:3508} INFO - Setting next_dagrun for example_xcom_args_with_operators to None, run_after=None
[2024-02-28T18:41:23.077+0000] {processor.py:179} INFO - Processing /home/airflow/.local/lib/python3.7/site-packages/airflow/example_dags/example_xcomargs.py took 0.136 seconds
[2024-02-28T18:41:53.427+0000] {processor.py:157} INFO - Started process (PID=1118) to work on /home/airflow/.local/lib/python3.7/site-packages/airflow/example_dags/example_xcomargs.py
[2024-02-28T18:41:53.429+0000] {processor.py:826} INFO - Processing file /home/airflow/.local/lib/python3.7/site-packages/airflow/example_dags/example_xcomargs.py for tasks to queue
[2024-02-28T18:41:53.434+0000] {logging_mixin.py:150} INFO - [2024-02-28T18:41:53.434+0000] {dagbag.py:541} INFO - Filling up the DagBag from /home/airflow/.local/lib/python3.7/site-packages/airflow/example_dags/example_xcomargs.py
[2024-02-28T18:41:53.446+0000] {processor.py:836} INFO - DAG(s) dict_keys(['example_xcom_args_with_operators', 'example_xcom_args']) retrieved from /home/airflow/.local/lib/python3.7/site-packages/airflow/example_dags/example_xcomargs.py
[2024-02-28T18:41:53.478+0000] {logging_mixin.py:150} INFO - [2024-02-28T18:41:53.477+0000] {dag.py:2742} INFO - Sync 2 DAGs
[2024-02-28T18:41:53.499+0000] {logging_mixin.py:150} INFO - [2024-02-28T18:41:53.499+0000] {dag.py:3508} INFO - Setting next_dagrun for example_xcom_args to None, run_after=None
[2024-02-28T18:41:53.507+0000] {logging_mixin.py:150} INFO - [2024-02-28T18:41:53.507+0000] {dag.py:3508} INFO - Setting next_dagrun for example_xcom_args_with_operators to None, run_after=None
[2024-02-28T18:41:53.523+0000] {processor.py:179} INFO - Processing /home/airflow/.local/lib/python3.7/site-packages/airflow/example_dags/example_xcomargs.py took 0.099 seconds
[2024-02-28T18:42:24.105+0000] {processor.py:157} INFO - Started process (PID=1181) to work on /home/airflow/.local/lib/python3.7/site-packages/airflow/example_dags/example_xcomargs.py
[2024-02-28T18:42:24.108+0000] {processor.py:826} INFO - Processing file /home/airflow/.local/lib/python3.7/site-packages/airflow/example_dags/example_xcomargs.py for tasks to queue
[2024-02-28T18:42:24.112+0000] {logging_mixin.py:150} INFO - [2024-02-28T18:42:24.111+0000] {dagbag.py:541} INFO - Filling up the DagBag from /home/airflow/.local/lib/python3.7/site-packages/airflow/example_dags/example_xcomargs.py
[2024-02-28T18:42:24.126+0000] {processor.py:836} INFO - DAG(s) dict_keys(['example_xcom_args', 'example_xcom_args_with_operators']) retrieved from /home/airflow/.local/lib/python3.7/site-packages/airflow/example_dags/example_xcomargs.py
[2024-02-28T18:42:24.163+0000] {logging_mixin.py:150} INFO - [2024-02-28T18:42:24.163+0000] {dag.py:2742} INFO - Sync 2 DAGs
[2024-02-28T18:42:24.188+0000] {logging_mixin.py:150} INFO - [2024-02-28T18:42:24.188+0000] {dag.py:3508} INFO - Setting next_dagrun for example_xcom_args to None, run_after=None
[2024-02-28T18:42:24.195+0000] {logging_mixin.py:150} INFO - [2024-02-28T18:42:24.195+0000] {dag.py:3508} INFO - Setting next_dagrun for example_xcom_args_with_operators to None, run_after=None
[2024-02-28T18:42:24.210+0000] {processor.py:179} INFO - Processing /home/airflow/.local/lib/python3.7/site-packages/airflow/example_dags/example_xcomargs.py took 0.108 seconds
[2024-02-28T18:42:54.994+0000] {processor.py:157} INFO - Started process (PID=1244) to work on /home/airflow/.local/lib/python3.7/site-packages/airflow/example_dags/example_xcomargs.py
[2024-02-28T18:42:54.997+0000] {processor.py:826} INFO - Processing file /home/airflow/.local/lib/python3.7/site-packages/airflow/example_dags/example_xcomargs.py for tasks to queue
[2024-02-28T18:42:54.998+0000] {logging_mixin.py:150} INFO - [2024-02-28T18:42:54.998+0000] {dagbag.py:541} INFO - Filling up the DagBag from /home/airflow/.local/lib/python3.7/site-packages/airflow/example_dags/example_xcomargs.py
[2024-02-28T18:42:55.011+0000] {processor.py:836} INFO - DAG(s) dict_keys(['example_xcom_args_with_operators', 'example_xcom_args']) retrieved from /home/airflow/.local/lib/python3.7/site-packages/airflow/example_dags/example_xcomargs.py
[2024-02-28T18:42:55.046+0000] {logging_mixin.py:150} INFO - [2024-02-28T18:42:55.046+0000] {dag.py:2742} INFO - Sync 2 DAGs
[2024-02-28T18:42:55.073+0000] {logging_mixin.py:150} INFO - [2024-02-28T18:42:55.073+0000] {dag.py:3508} INFO - Setting next_dagrun for example_xcom_args to None, run_after=None
[2024-02-28T18:42:55.077+0000] {logging_mixin.py:150} INFO - [2024-02-28T18:42:55.077+0000] {dag.py:3508} INFO - Setting next_dagrun for example_xcom_args_with_operators to None, run_after=None
[2024-02-28T18:42:55.092+0000] {processor.py:179} INFO - Processing /home/airflow/.local/lib/python3.7/site-packages/airflow/example_dags/example_xcomargs.py took 0.102 seconds
[2024-02-28T18:43:25.196+0000] {processor.py:157} INFO - Started process (PID=1306) to work on /home/airflow/.local/lib/python3.7/site-packages/airflow/example_dags/example_xcomargs.py
[2024-02-28T18:43:25.199+0000] {processor.py:826} INFO - Processing file /home/airflow/.local/lib/python3.7/site-packages/airflow/example_dags/example_xcomargs.py for tasks to queue
[2024-02-28T18:43:25.201+0000] {logging_mixin.py:150} INFO - [2024-02-28T18:43:25.201+0000] {dagbag.py:541} INFO - Filling up the DagBag from /home/airflow/.local/lib/python3.7/site-packages/airflow/example_dags/example_xcomargs.py
[2024-02-28T18:43:25.210+0000] {processor.py:836} INFO - DAG(s) dict_keys(['example_xcom_args', 'example_xcom_args_with_operators']) retrieved from /home/airflow/.local/lib/python3.7/site-packages/airflow/example_dags/example_xcomargs.py
[2024-02-28T18:43:25.242+0000] {logging_mixin.py:150} INFO - [2024-02-28T18:43:25.242+0000] {dag.py:2742} INFO - Sync 2 DAGs
[2024-02-28T18:43:25.265+0000] {logging_mixin.py:150} INFO - [2024-02-28T18:43:25.264+0000] {dag.py:3508} INFO - Setting next_dagrun for example_xcom_args to None, run_after=None
[2024-02-28T18:43:25.269+0000] {logging_mixin.py:150} INFO - [2024-02-28T18:43:25.269+0000] {dag.py:3508} INFO - Setting next_dagrun for example_xcom_args_with_operators to None, run_after=None
[2024-02-28T18:43:25.283+0000] {processor.py:179} INFO - Processing /home/airflow/.local/lib/python3.7/site-packages/airflow/example_dags/example_xcomargs.py took 0.091 seconds
[2024-02-28T18:43:55.692+0000] {processor.py:157} INFO - Started process (PID=1369) to work on /home/airflow/.local/lib/python3.7/site-packages/airflow/example_dags/example_xcomargs.py
[2024-02-28T18:43:55.696+0000] {processor.py:826} INFO - Processing file /home/airflow/.local/lib/python3.7/site-packages/airflow/example_dags/example_xcomargs.py for tasks to queue
[2024-02-28T18:43:55.699+0000] {logging_mixin.py:150} INFO - [2024-02-28T18:43:55.699+0000] {dagbag.py:541} INFO - Filling up the DagBag from /home/airflow/.local/lib/python3.7/site-packages/airflow/example_dags/example_xcomargs.py
[2024-02-28T18:43:55.718+0000] {processor.py:836} INFO - DAG(s) dict_keys(['example_xcom_args', 'example_xcom_args_with_operators']) retrieved from /home/airflow/.local/lib/python3.7/site-packages/airflow/example_dags/example_xcomargs.py
[2024-02-28T18:43:55.757+0000] {logging_mixin.py:150} INFO - [2024-02-28T18:43:55.757+0000] {dag.py:2742} INFO - Sync 2 DAGs
[2024-02-28T18:43:55.785+0000] {logging_mixin.py:150} INFO - [2024-02-28T18:43:55.784+0000] {dag.py:3508} INFO - Setting next_dagrun for example_xcom_args to None, run_after=None
[2024-02-28T18:43:55.792+0000] {logging_mixin.py:150} INFO - [2024-02-28T18:43:55.792+0000] {dag.py:3508} INFO - Setting next_dagrun for example_xcom_args_with_operators to None, run_after=None
[2024-02-28T18:43:55.812+0000] {processor.py:179} INFO - Processing /home/airflow/.local/lib/python3.7/site-packages/airflow/example_dags/example_xcomargs.py took 0.131 seconds
[2024-02-28T18:44:26.388+0000] {processor.py:157} INFO - Started process (PID=1433) to work on /home/airflow/.local/lib/python3.7/site-packages/airflow/example_dags/example_xcomargs.py
[2024-02-28T18:44:26.391+0000] {processor.py:826} INFO - Processing file /home/airflow/.local/lib/python3.7/site-packages/airflow/example_dags/example_xcomargs.py for tasks to queue
[2024-02-28T18:44:26.394+0000] {logging_mixin.py:150} INFO - [2024-02-28T18:44:26.393+0000] {dagbag.py:541} INFO - Filling up the DagBag from /home/airflow/.local/lib/python3.7/site-packages/airflow/example_dags/example_xcomargs.py
[2024-02-28T18:44:26.406+0000] {processor.py:836} INFO - DAG(s) dict_keys(['example_xcom_args_with_operators', 'example_xcom_args']) retrieved from /home/airflow/.local/lib/python3.7/site-packages/airflow/example_dags/example_xcomargs.py
[2024-02-28T18:44:26.440+0000] {logging_mixin.py:150} INFO - [2024-02-28T18:44:26.439+0000] {dag.py:2742} INFO - Sync 2 DAGs
[2024-02-28T18:44:26.462+0000] {logging_mixin.py:150} INFO - [2024-02-28T18:44:26.462+0000] {dag.py:3508} INFO - Setting next_dagrun for example_xcom_args to None, run_after=None
[2024-02-28T18:44:26.468+0000] {logging_mixin.py:150} INFO - [2024-02-28T18:44:26.468+0000] {dag.py:3508} INFO - Setting next_dagrun for example_xcom_args_with_operators to None, run_after=None
[2024-02-28T18:44:26.484+0000] {processor.py:179} INFO - Processing /home/airflow/.local/lib/python3.7/site-packages/airflow/example_dags/example_xcomargs.py took 0.100 seconds
[2024-02-28T18:44:56.845+0000] {processor.py:157} INFO - Started process (PID=1495) to work on /home/airflow/.local/lib/python3.7/site-packages/airflow/example_dags/example_xcomargs.py
[2024-02-28T18:44:56.849+0000] {processor.py:826} INFO - Processing file /home/airflow/.local/lib/python3.7/site-packages/airflow/example_dags/example_xcomargs.py for tasks to queue
[2024-02-28T18:44:56.851+0000] {logging_mixin.py:150} INFO - [2024-02-28T18:44:56.850+0000] {dagbag.py:541} INFO - Filling up the DagBag from /home/airflow/.local/lib/python3.7/site-packages/airflow/example_dags/example_xcomargs.py
[2024-02-28T18:44:56.858+0000] {processor.py:836} INFO - DAG(s) dict_keys(['example_xcom_args', 'example_xcom_args_with_operators']) retrieved from /home/airflow/.local/lib/python3.7/site-packages/airflow/example_dags/example_xcomargs.py
[2024-02-28T18:44:56.883+0000] {logging_mixin.py:150} INFO - [2024-02-28T18:44:56.883+0000] {dag.py:2742} INFO - Sync 2 DAGs
[2024-02-28T18:44:56.901+0000] {logging_mixin.py:150} INFO - [2024-02-28T18:44:56.901+0000] {dag.py:3508} INFO - Setting next_dagrun for example_xcom_args to None, run_after=None
[2024-02-28T18:44:56.905+0000] {logging_mixin.py:150} INFO - [2024-02-28T18:44:56.905+0000] {dag.py:3508} INFO - Setting next_dagrun for example_xcom_args_with_operators to None, run_after=None
[2024-02-28T18:44:56.917+0000] {processor.py:179} INFO - Processing /home/airflow/.local/lib/python3.7/site-packages/airflow/example_dags/example_xcomargs.py took 0.077 seconds
[2024-02-28T18:45:27.565+0000] {processor.py:157} INFO - Started process (PID=1559) to work on /home/airflow/.local/lib/python3.7/site-packages/airflow/example_dags/example_xcomargs.py
[2024-02-28T18:45:27.569+0000] {processor.py:826} INFO - Processing file /home/airflow/.local/lib/python3.7/site-packages/airflow/example_dags/example_xcomargs.py for tasks to queue
[2024-02-28T18:45:27.570+0000] {logging_mixin.py:150} INFO - [2024-02-28T18:45:27.570+0000] {dagbag.py:541} INFO - Filling up the DagBag from /home/airflow/.local/lib/python3.7/site-packages/airflow/example_dags/example_xcomargs.py
[2024-02-28T18:45:27.578+0000] {processor.py:836} INFO - DAG(s) dict_keys(['example_xcom_args_with_operators', 'example_xcom_args']) retrieved from /home/airflow/.local/lib/python3.7/site-packages/airflow/example_dags/example_xcomargs.py
[2024-02-28T18:45:27.608+0000] {logging_mixin.py:150} INFO - [2024-02-28T18:45:27.608+0000] {dag.py:2742} INFO - Sync 2 DAGs
[2024-02-28T18:45:27.627+0000] {logging_mixin.py:150} INFO - [2024-02-28T18:45:27.627+0000] {dag.py:3508} INFO - Setting next_dagrun for example_xcom_args to None, run_after=None
[2024-02-28T18:45:27.632+0000] {logging_mixin.py:150} INFO - [2024-02-28T18:45:27.631+0000] {dag.py:3508} INFO - Setting next_dagrun for example_xcom_args_with_operators to None, run_after=None
[2024-02-28T18:45:27.646+0000] {processor.py:179} INFO - Processing /home/airflow/.local/lib/python3.7/site-packages/airflow/example_dags/example_xcomargs.py took 0.084 seconds
[2024-02-28T18:45:58.397+0000] {processor.py:157} INFO - Started process (PID=1622) to work on /home/airflow/.local/lib/python3.7/site-packages/airflow/example_dags/example_xcomargs.py
[2024-02-28T18:45:58.401+0000] {processor.py:826} INFO - Processing file /home/airflow/.local/lib/python3.7/site-packages/airflow/example_dags/example_xcomargs.py for tasks to queue
[2024-02-28T18:45:58.403+0000] {logging_mixin.py:150} INFO - [2024-02-28T18:45:58.402+0000] {dagbag.py:541} INFO - Filling up the DagBag from /home/airflow/.local/lib/python3.7/site-packages/airflow/example_dags/example_xcomargs.py
[2024-02-28T18:45:58.420+0000] {processor.py:836} INFO - DAG(s) dict_keys(['example_xcom_args_with_operators', 'example_xcom_args']) retrieved from /home/airflow/.local/lib/python3.7/site-packages/airflow/example_dags/example_xcomargs.py
[2024-02-28T18:45:58.460+0000] {logging_mixin.py:150} INFO - [2024-02-28T18:45:58.460+0000] {dag.py:2742} INFO - Sync 2 DAGs
[2024-02-28T18:45:58.497+0000] {logging_mixin.py:150} INFO - [2024-02-28T18:45:58.497+0000] {dag.py:3508} INFO - Setting next_dagrun for example_xcom_args to None, run_after=None
[2024-02-28T18:45:58.502+0000] {logging_mixin.py:150} INFO - [2024-02-28T18:45:58.502+0000] {dag.py:3508} INFO - Setting next_dagrun for example_xcom_args_with_operators to None, run_after=None
[2024-02-28T18:45:58.516+0000] {processor.py:179} INFO - Processing /home/airflow/.local/lib/python3.7/site-packages/airflow/example_dags/example_xcomargs.py took 0.130 seconds
[2024-02-28T18:46:28.808+0000] {processor.py:157} INFO - Started process (PID=1685) to work on /home/airflow/.local/lib/python3.7/site-packages/airflow/example_dags/example_xcomargs.py
[2024-02-28T18:46:28.810+0000] {processor.py:826} INFO - Processing file /home/airflow/.local/lib/python3.7/site-packages/airflow/example_dags/example_xcomargs.py for tasks to queue
[2024-02-28T18:46:28.813+0000] {logging_mixin.py:150} INFO - [2024-02-28T18:46:28.813+0000] {dagbag.py:541} INFO - Filling up the DagBag from /home/airflow/.local/lib/python3.7/site-packages/airflow/example_dags/example_xcomargs.py
[2024-02-28T18:46:28.822+0000] {processor.py:836} INFO - DAG(s) dict_keys(['example_xcom_args', 'example_xcom_args_with_operators']) retrieved from /home/airflow/.local/lib/python3.7/site-packages/airflow/example_dags/example_xcomargs.py
[2024-02-28T18:46:28.850+0000] {logging_mixin.py:150} INFO - [2024-02-28T18:46:28.850+0000] {dag.py:2742} INFO - Sync 2 DAGs
[2024-02-28T18:46:28.870+0000] {logging_mixin.py:150} INFO - [2024-02-28T18:46:28.870+0000] {dag.py:3508} INFO - Setting next_dagrun for example_xcom_args to None, run_after=None
[2024-02-28T18:46:28.876+0000] {logging_mixin.py:150} INFO - [2024-02-28T18:46:28.876+0000] {dag.py:3508} INFO - Setting next_dagrun for example_xcom_args_with_operators to None, run_after=None
[2024-02-28T18:46:28.889+0000] {processor.py:179} INFO - Processing /home/airflow/.local/lib/python3.7/site-packages/airflow/example_dags/example_xcomargs.py took 0.085 seconds
[2024-02-28T18:46:59.137+0000] {processor.py:157} INFO - Started process (PID=1748) to work on /home/airflow/.local/lib/python3.7/site-packages/airflow/example_dags/example_xcomargs.py
[2024-02-28T18:46:59.142+0000] {processor.py:826} INFO - Processing file /home/airflow/.local/lib/python3.7/site-packages/airflow/example_dags/example_xcomargs.py for tasks to queue
[2024-02-28T18:46:59.144+0000] {logging_mixin.py:150} INFO - [2024-02-28T18:46:59.144+0000] {dagbag.py:541} INFO - Filling up the DagBag from /home/airflow/.local/lib/python3.7/site-packages/airflow/example_dags/example_xcomargs.py
[2024-02-28T18:46:59.156+0000] {processor.py:836} INFO - DAG(s) dict_keys(['example_xcom_args', 'example_xcom_args_with_operators']) retrieved from /home/airflow/.local/lib/python3.7/site-packages/airflow/example_dags/example_xcomargs.py
[2024-02-28T18:46:59.186+0000] {logging_mixin.py:150} INFO - [2024-02-28T18:46:59.186+0000] {dag.py:2742} INFO - Sync 2 DAGs
[2024-02-28T18:46:59.205+0000] {logging_mixin.py:150} INFO - [2024-02-28T18:46:59.205+0000] {dag.py:3508} INFO - Setting next_dagrun for example_xcom_args to None, run_after=None
[2024-02-28T18:46:59.209+0000] {logging_mixin.py:150} INFO - [2024-02-28T18:46:59.209+0000] {dag.py:3508} INFO - Setting next_dagrun for example_xcom_args_with_operators to None, run_after=None
[2024-02-28T18:46:59.221+0000] {processor.py:179} INFO - Processing /home/airflow/.local/lib/python3.7/site-packages/airflow/example_dags/example_xcomargs.py took 0.089 seconds
[2024-02-28T18:47:29.614+0000] {processor.py:157} INFO - Started process (PID=1811) to work on /home/airflow/.local/lib/python3.7/site-packages/airflow/example_dags/example_xcomargs.py
[2024-02-28T18:47:29.617+0000] {processor.py:826} INFO - Processing file /home/airflow/.local/lib/python3.7/site-packages/airflow/example_dags/example_xcomargs.py for tasks to queue
[2024-02-28T18:47:29.619+0000] {logging_mixin.py:150} INFO - [2024-02-28T18:47:29.619+0000] {dagbag.py:541} INFO - Filling up the DagBag from /home/airflow/.local/lib/python3.7/site-packages/airflow/example_dags/example_xcomargs.py
[2024-02-28T18:47:29.629+0000] {processor.py:836} INFO - DAG(s) dict_keys(['example_xcom_args', 'example_xcom_args_with_operators']) retrieved from /home/airflow/.local/lib/python3.7/site-packages/airflow/example_dags/example_xcomargs.py
[2024-02-28T18:47:29.661+0000] {logging_mixin.py:150} INFO - [2024-02-28T18:47:29.661+0000] {dag.py:2742} INFO - Sync 2 DAGs
[2024-02-28T18:47:29.681+0000] {logging_mixin.py:150} INFO - [2024-02-28T18:47:29.681+0000] {dag.py:3508} INFO - Setting next_dagrun for example_xcom_args to None, run_after=None
[2024-02-28T18:47:29.685+0000] {logging_mixin.py:150} INFO - [2024-02-28T18:47:29.685+0000] {dag.py:3508} INFO - Setting next_dagrun for example_xcom_args_with_operators to None, run_after=None
[2024-02-28T18:47:29.698+0000] {processor.py:179} INFO - Processing /home/airflow/.local/lib/python3.7/site-packages/airflow/example_dags/example_xcomargs.py took 0.088 seconds
[2024-02-28T18:48:00.199+0000] {processor.py:157} INFO - Started process (PID=1874) to work on /home/airflow/.local/lib/python3.7/site-packages/airflow/example_dags/example_xcomargs.py
[2024-02-28T18:48:00.202+0000] {processor.py:826} INFO - Processing file /home/airflow/.local/lib/python3.7/site-packages/airflow/example_dags/example_xcomargs.py for tasks to queue
[2024-02-28T18:48:00.204+0000] {logging_mixin.py:150} INFO - [2024-02-28T18:48:00.204+0000] {dagbag.py:541} INFO - Filling up the DagBag from /home/airflow/.local/lib/python3.7/site-packages/airflow/example_dags/example_xcomargs.py
[2024-02-28T18:48:00.214+0000] {processor.py:836} INFO - DAG(s) dict_keys(['example_xcom_args_with_operators', 'example_xcom_args']) retrieved from /home/airflow/.local/lib/python3.7/site-packages/airflow/example_dags/example_xcomargs.py
[2024-02-28T18:48:00.248+0000] {logging_mixin.py:150} INFO - [2024-02-28T18:48:00.248+0000] {dag.py:2742} INFO - Sync 2 DAGs
[2024-02-28T18:48:00.267+0000] {logging_mixin.py:150} INFO - [2024-02-28T18:48:00.267+0000] {dag.py:3508} INFO - Setting next_dagrun for example_xcom_args to None, run_after=None
[2024-02-28T18:48:00.274+0000] {logging_mixin.py:150} INFO - [2024-02-28T18:48:00.274+0000] {dag.py:3508} INFO - Setting next_dagrun for example_xcom_args_with_operators to None, run_after=None
[2024-02-28T18:48:00.293+0000] {processor.py:179} INFO - Processing /home/airflow/.local/lib/python3.7/site-packages/airflow/example_dags/example_xcomargs.py took 0.099 seconds
[2024-02-28T18:48:30.693+0000] {processor.py:157} INFO - Started process (PID=1936) to work on /home/airflow/.local/lib/python3.7/site-packages/airflow/example_dags/example_xcomargs.py
[2024-02-28T18:48:30.697+0000] {processor.py:826} INFO - Processing file /home/airflow/.local/lib/python3.7/site-packages/airflow/example_dags/example_xcomargs.py for tasks to queue
[2024-02-28T18:48:30.700+0000] {logging_mixin.py:150} INFO - [2024-02-28T18:48:30.699+0000] {dagbag.py:541} INFO - Filling up the DagBag from /home/airflow/.local/lib/python3.7/site-packages/airflow/example_dags/example_xcomargs.py
[2024-02-28T18:48:30.715+0000] {processor.py:836} INFO - DAG(s) dict_keys(['example_xcom_args', 'example_xcom_args_with_operators']) retrieved from /home/airflow/.local/lib/python3.7/site-packages/airflow/example_dags/example_xcomargs.py
[2024-02-28T18:48:30.750+0000] {logging_mixin.py:150} INFO - [2024-02-28T18:48:30.750+0000] {dag.py:2742} INFO - Sync 2 DAGs
[2024-02-28T18:48:30.769+0000] {logging_mixin.py:150} INFO - [2024-02-28T18:48:30.769+0000] {dag.py:3508} INFO - Setting next_dagrun for example_xcom_args to None, run_after=None
[2024-02-28T18:48:30.773+0000] {logging_mixin.py:150} INFO - [2024-02-28T18:48:30.773+0000] {dag.py:3508} INFO - Setting next_dagrun for example_xcom_args_with_operators to None, run_after=None
[2024-02-28T18:48:30.791+0000] {processor.py:179} INFO - Processing /home/airflow/.local/lib/python3.7/site-packages/airflow/example_dags/example_xcomargs.py took 0.102 seconds
[2024-02-28T18:49:01.485+0000] {processor.py:157} INFO - Started process (PID=1999) to work on /home/airflow/.local/lib/python3.7/site-packages/airflow/example_dags/example_xcomargs.py
[2024-02-28T18:49:01.490+0000] {processor.py:826} INFO - Processing file /home/airflow/.local/lib/python3.7/site-packages/airflow/example_dags/example_xcomargs.py for tasks to queue
[2024-02-28T18:49:01.493+0000] {logging_mixin.py:150} INFO - [2024-02-28T18:49:01.493+0000] {dagbag.py:541} INFO - Filling up the DagBag from /home/airflow/.local/lib/python3.7/site-packages/airflow/example_dags/example_xcomargs.py
[2024-02-28T18:49:01.532+0000] {processor.py:836} INFO - DAG(s) dict_keys(['example_xcom_args_with_operators', 'example_xcom_args']) retrieved from /home/airflow/.local/lib/python3.7/site-packages/airflow/example_dags/example_xcomargs.py
[2024-02-28T18:49:01.586+0000] {logging_mixin.py:150} INFO - [2024-02-28T18:49:01.586+0000] {dag.py:2742} INFO - Sync 2 DAGs
[2024-02-28T18:49:01.632+0000] {logging_mixin.py:150} INFO - [2024-02-28T18:49:01.632+0000] {dag.py:3508} INFO - Setting next_dagrun for example_xcom_args to None, run_after=None
[2024-02-28T18:49:01.643+0000] {logging_mixin.py:150} INFO - [2024-02-28T18:49:01.642+0000] {dag.py:3508} INFO - Setting next_dagrun for example_xcom_args_with_operators to None, run_after=None
[2024-02-28T18:49:01.664+0000] {processor.py:179} INFO - Processing /home/airflow/.local/lib/python3.7/site-packages/airflow/example_dags/example_xcomargs.py took 0.188 seconds
[2024-02-28T18:49:32.173+0000] {processor.py:157} INFO - Started process (PID=2070) to work on /home/airflow/.local/lib/python3.7/site-packages/airflow/example_dags/example_xcomargs.py
[2024-02-28T18:49:32.176+0000] {processor.py:826} INFO - Processing file /home/airflow/.local/lib/python3.7/site-packages/airflow/example_dags/example_xcomargs.py for tasks to queue
[2024-02-28T18:49:32.178+0000] {logging_mixin.py:150} INFO - [2024-02-28T18:49:32.177+0000] {dagbag.py:541} INFO - Filling up the DagBag from /home/airflow/.local/lib/python3.7/site-packages/airflow/example_dags/example_xcomargs.py
[2024-02-28T18:49:32.193+0000] {processor.py:836} INFO - DAG(s) dict_keys(['example_xcom_args', 'example_xcom_args_with_operators']) retrieved from /home/airflow/.local/lib/python3.7/site-packages/airflow/example_dags/example_xcomargs.py
[2024-02-28T18:49:32.269+0000] {logging_mixin.py:150} INFO - [2024-02-28T18:49:32.268+0000] {dag.py:2742} INFO - Sync 2 DAGs
[2024-02-28T18:49:32.330+0000] {logging_mixin.py:150} INFO - [2024-02-28T18:49:32.330+0000] {dag.py:3508} INFO - Setting next_dagrun for example_xcom_args to None, run_after=None
[2024-02-28T18:49:32.338+0000] {logging_mixin.py:150} INFO - [2024-02-28T18:49:32.338+0000] {dag.py:3508} INFO - Setting next_dagrun for example_xcom_args_with_operators to None, run_after=None
[2024-02-28T18:49:32.361+0000] {processor.py:179} INFO - Processing /home/airflow/.local/lib/python3.7/site-packages/airflow/example_dags/example_xcomargs.py took 0.193 seconds
[2024-02-28T18:50:04.054+0000] {processor.py:157} INFO - Started process (PID=2133) to work on /home/airflow/.local/lib/python3.7/site-packages/airflow/example_dags/example_xcomargs.py
[2024-02-28T18:50:04.057+0000] {processor.py:826} INFO - Processing file /home/airflow/.local/lib/python3.7/site-packages/airflow/example_dags/example_xcomargs.py for tasks to queue
[2024-02-28T18:50:04.061+0000] {logging_mixin.py:150} INFO - [2024-02-28T18:50:04.060+0000] {dagbag.py:541} INFO - Filling up the DagBag from /home/airflow/.local/lib/python3.7/site-packages/airflow/example_dags/example_xcomargs.py
[2024-02-28T18:50:04.079+0000] {processor.py:836} INFO - DAG(s) dict_keys(['example_xcom_args_with_operators', 'example_xcom_args']) retrieved from /home/airflow/.local/lib/python3.7/site-packages/airflow/example_dags/example_xcomargs.py
[2024-02-28T18:50:04.127+0000] {logging_mixin.py:150} INFO - [2024-02-28T18:50:04.127+0000] {dag.py:2742} INFO - Sync 2 DAGs
[2024-02-28T18:50:04.202+0000] {logging_mixin.py:150} INFO - [2024-02-28T18:50:04.201+0000] {dag.py:3508} INFO - Setting next_dagrun for example_xcom_args to None, run_after=None
[2024-02-28T18:50:04.220+0000] {logging_mixin.py:150} INFO - [2024-02-28T18:50:04.219+0000] {dag.py:3508} INFO - Setting next_dagrun for example_xcom_args_with_operators to None, run_after=None
[2024-02-28T18:50:04.281+0000] {processor.py:179} INFO - Processing /home/airflow/.local/lib/python3.7/site-packages/airflow/example_dags/example_xcomargs.py took 0.232 seconds
[2024-02-28T18:50:34.440+0000] {processor.py:157} INFO - Started process (PID=2195) to work on /home/airflow/.local/lib/python3.7/site-packages/airflow/example_dags/example_xcomargs.py
[2024-02-28T18:50:34.443+0000] {processor.py:826} INFO - Processing file /home/airflow/.local/lib/python3.7/site-packages/airflow/example_dags/example_xcomargs.py for tasks to queue
[2024-02-28T18:50:34.445+0000] {logging_mixin.py:150} INFO - [2024-02-28T18:50:34.445+0000] {dagbag.py:541} INFO - Filling up the DagBag from /home/airflow/.local/lib/python3.7/site-packages/airflow/example_dags/example_xcomargs.py
[2024-02-28T18:50:34.459+0000] {processor.py:836} INFO - DAG(s) dict_keys(['example_xcom_args', 'example_xcom_args_with_operators']) retrieved from /home/airflow/.local/lib/python3.7/site-packages/airflow/example_dags/example_xcomargs.py
[2024-02-28T18:50:34.489+0000] {logging_mixin.py:150} INFO - [2024-02-28T18:50:34.489+0000] {dag.py:2742} INFO - Sync 2 DAGs
[2024-02-28T18:50:34.540+0000] {logging_mixin.py:150} INFO - [2024-02-28T18:50:34.540+0000] {dag.py:3508} INFO - Setting next_dagrun for example_xcom_args to None, run_after=None
[2024-02-28T18:50:34.545+0000] {logging_mixin.py:150} INFO - [2024-02-28T18:50:34.545+0000] {dag.py:3508} INFO - Setting next_dagrun for example_xcom_args_with_operators to None, run_after=None
[2024-02-28T18:50:34.576+0000] {processor.py:179} INFO - Processing /home/airflow/.local/lib/python3.7/site-packages/airflow/example_dags/example_xcomargs.py took 0.138 seconds
[2024-02-28T18:51:04.894+0000] {processor.py:157} INFO - Started process (PID=2258) to work on /home/airflow/.local/lib/python3.7/site-packages/airflow/example_dags/example_xcomargs.py
[2024-02-28T18:51:04.897+0000] {processor.py:826} INFO - Processing file /home/airflow/.local/lib/python3.7/site-packages/airflow/example_dags/example_xcomargs.py for tasks to queue
[2024-02-28T18:51:04.902+0000] {logging_mixin.py:150} INFO - [2024-02-28T18:51:04.902+0000] {dagbag.py:541} INFO - Filling up the DagBag from /home/airflow/.local/lib/python3.7/site-packages/airflow/example_dags/example_xcomargs.py
[2024-02-28T18:51:04.913+0000] {processor.py:836} INFO - DAG(s) dict_keys(['example_xcom_args', 'example_xcom_args_with_operators']) retrieved from /home/airflow/.local/lib/python3.7/site-packages/airflow/example_dags/example_xcomargs.py
[2024-02-28T18:51:04.955+0000] {logging_mixin.py:150} INFO - [2024-02-28T18:51:04.955+0000] {dag.py:2742} INFO - Sync 2 DAGs
[2024-02-28T18:51:05.009+0000] {logging_mixin.py:150} INFO - [2024-02-28T18:51:05.008+0000] {dag.py:3508} INFO - Setting next_dagrun for example_xcom_args to None, run_after=None
[2024-02-28T18:51:05.019+0000] {logging_mixin.py:150} INFO - [2024-02-28T18:51:05.019+0000] {dag.py:3508} INFO - Setting next_dagrun for example_xcom_args_with_operators to None, run_after=None
[2024-02-28T18:51:05.046+0000] {processor.py:179} INFO - Processing /home/airflow/.local/lib/python3.7/site-packages/airflow/example_dags/example_xcomargs.py took 0.155 seconds
[2024-02-28T18:51:35.284+0000] {processor.py:157} INFO - Started process (PID=2332) to work on /home/airflow/.local/lib/python3.7/site-packages/airflow/example_dags/example_xcomargs.py
[2024-02-28T18:51:35.288+0000] {processor.py:826} INFO - Processing file /home/airflow/.local/lib/python3.7/site-packages/airflow/example_dags/example_xcomargs.py for tasks to queue
[2024-02-28T18:51:35.291+0000] {logging_mixin.py:150} INFO - [2024-02-28T18:51:35.290+0000] {dagbag.py:541} INFO - Filling up the DagBag from /home/airflow/.local/lib/python3.7/site-packages/airflow/example_dags/example_xcomargs.py
[2024-02-28T18:51:35.306+0000] {processor.py:836} INFO - DAG(s) dict_keys(['example_xcom_args', 'example_xcom_args_with_operators']) retrieved from /home/airflow/.local/lib/python3.7/site-packages/airflow/example_dags/example_xcomargs.py
[2024-02-28T18:51:35.340+0000] {logging_mixin.py:150} INFO - [2024-02-28T18:51:35.340+0000] {dag.py:2742} INFO - Sync 2 DAGs
[2024-02-28T18:51:35.367+0000] {logging_mixin.py:150} INFO - [2024-02-28T18:51:35.367+0000] {dag.py:3508} INFO - Setting next_dagrun for example_xcom_args to None, run_after=None
[2024-02-28T18:51:35.371+0000] {logging_mixin.py:150} INFO - [2024-02-28T18:51:35.370+0000] {dag.py:3508} INFO - Setting next_dagrun for example_xcom_args_with_operators to None, run_after=None
[2024-02-28T18:51:35.384+0000] {processor.py:179} INFO - Processing /home/airflow/.local/lib/python3.7/site-packages/airflow/example_dags/example_xcomargs.py took 0.105 seconds
[2024-02-28T18:52:05.808+0000] {processor.py:157} INFO - Started process (PID=2399) to work on /home/airflow/.local/lib/python3.7/site-packages/airflow/example_dags/example_xcomargs.py
[2024-02-28T18:52:05.811+0000] {processor.py:826} INFO - Processing file /home/airflow/.local/lib/python3.7/site-packages/airflow/example_dags/example_xcomargs.py for tasks to queue
[2024-02-28T18:52:05.815+0000] {logging_mixin.py:150} INFO - [2024-02-28T18:52:05.815+0000] {dagbag.py:541} INFO - Filling up the DagBag from /home/airflow/.local/lib/python3.7/site-packages/airflow/example_dags/example_xcomargs.py
[2024-02-28T18:52:05.826+0000] {processor.py:836} INFO - DAG(s) dict_keys(['example_xcom_args', 'example_xcom_args_with_operators']) retrieved from /home/airflow/.local/lib/python3.7/site-packages/airflow/example_dags/example_xcomargs.py
[2024-02-28T18:52:05.856+0000] {logging_mixin.py:150} INFO - [2024-02-28T18:52:05.856+0000] {dag.py:2742} INFO - Sync 2 DAGs
[2024-02-28T18:52:05.877+0000] {logging_mixin.py:150} INFO - [2024-02-28T18:52:05.877+0000] {dag.py:3508} INFO - Setting next_dagrun for example_xcom_args to None, run_after=None
[2024-02-28T18:52:05.881+0000] {logging_mixin.py:150} INFO - [2024-02-28T18:52:05.881+0000] {dag.py:3508} INFO - Setting next_dagrun for example_xcom_args_with_operators to None, run_after=None
[2024-02-28T18:52:05.897+0000] {processor.py:179} INFO - Processing /home/airflow/.local/lib/python3.7/site-packages/airflow/example_dags/example_xcomargs.py took 0.094 seconds
[2024-02-28T18:52:36.066+0000] {processor.py:157} INFO - Started process (PID=2466) to work on /home/airflow/.local/lib/python3.7/site-packages/airflow/example_dags/example_xcomargs.py
[2024-02-28T18:52:36.069+0000] {processor.py:826} INFO - Processing file /home/airflow/.local/lib/python3.7/site-packages/airflow/example_dags/example_xcomargs.py for tasks to queue
[2024-02-28T18:52:36.072+0000] {logging_mixin.py:150} INFO - [2024-02-28T18:52:36.072+0000] {dagbag.py:541} INFO - Filling up the DagBag from /home/airflow/.local/lib/python3.7/site-packages/airflow/example_dags/example_xcomargs.py
[2024-02-28T18:52:36.078+0000] {processor.py:836} INFO - DAG(s) dict_keys(['example_xcom_args', 'example_xcom_args_with_operators']) retrieved from /home/airflow/.local/lib/python3.7/site-packages/airflow/example_dags/example_xcomargs.py
[2024-02-28T18:52:36.104+0000] {logging_mixin.py:150} INFO - [2024-02-28T18:52:36.104+0000] {dag.py:2742} INFO - Sync 2 DAGs
[2024-02-28T18:52:36.126+0000] {logging_mixin.py:150} INFO - [2024-02-28T18:52:36.126+0000] {dag.py:3508} INFO - Setting next_dagrun for example_xcom_args to None, run_after=None
[2024-02-28T18:52:36.130+0000] {logging_mixin.py:150} INFO - [2024-02-28T18:52:36.130+0000] {dag.py:3508} INFO - Setting next_dagrun for example_xcom_args_with_operators to None, run_after=None
[2024-02-28T18:52:36.144+0000] {processor.py:179} INFO - Processing /home/airflow/.local/lib/python3.7/site-packages/airflow/example_dags/example_xcomargs.py took 0.080 seconds
