[2024-02-28T18:33:13.931+0000] {processor.py:157} INFO - Started process (PID=69) to work on /home/airflow/.local/lib/python3.7/site-packages/airflow/example_dags/example_skip_dag.py
[2024-02-28T18:33:13.934+0000] {processor.py:826} INFO - Processing file /home/airflow/.local/lib/python3.7/site-packages/airflow/example_dags/example_skip_dag.py for tasks to queue
[2024-02-28T18:33:13.935+0000] {logging_mixin.py:150} INFO - [2024-02-28T18:33:13.935+0000] {dagbag.py:541} INFO - Filling up the DagBag from /home/airflow/.local/lib/python3.7/site-packages/airflow/example_dags/example_skip_dag.py
[2024-02-28T18:33:13.943+0000] {processor.py:836} INFO - DAG(s) dict_keys(['example_skip_dag']) retrieved from /home/airflow/.local/lib/python3.7/site-packages/airflow/example_dags/example_skip_dag.py
[2024-02-28T18:33:13.961+0000] {logging_mixin.py:150} INFO - [2024-02-28T18:33:13.961+0000] {dag.py:2742} INFO - Sync 1 DAGs
[2024-02-28T18:33:13.991+0000] {logging_mixin.py:150} INFO - [2024-02-28T18:33:13.991+0000] {dag.py:3508} INFO - Setting next_dagrun for example_skip_dag to 2024-02-27T18:33:13.990716+00:00, run_after=2024-02-28T18:33:13.990716+00:00
[2024-02-28T18:33:14.031+0000] {processor.py:179} INFO - Processing /home/airflow/.local/lib/python3.7/site-packages/airflow/example_dags/example_skip_dag.py took 0.103 seconds
[2024-02-28T18:33:44.921+0000] {processor.py:157} INFO - Started process (PID=132) to work on /home/airflow/.local/lib/python3.7/site-packages/airflow/example_dags/example_skip_dag.py
[2024-02-28T18:33:44.923+0000] {processor.py:826} INFO - Processing file /home/airflow/.local/lib/python3.7/site-packages/airflow/example_dags/example_skip_dag.py for tasks to queue
[2024-02-28T18:33:44.925+0000] {logging_mixin.py:150} INFO - [2024-02-28T18:33:44.924+0000] {dagbag.py:541} INFO - Filling up the DagBag from /home/airflow/.local/lib/python3.7/site-packages/airflow/example_dags/example_skip_dag.py
[2024-02-28T18:33:44.933+0000] {processor.py:836} INFO - DAG(s) dict_keys(['example_skip_dag']) retrieved from /home/airflow/.local/lib/python3.7/site-packages/airflow/example_dags/example_skip_dag.py
[2024-02-28T18:33:44.994+0000] {logging_mixin.py:150} INFO - [2024-02-28T18:33:44.994+0000] {dag.py:2742} INFO - Sync 1 DAGs
[2024-02-28T18:33:45.025+0000] {logging_mixin.py:150} INFO - [2024-02-28T18:33:45.025+0000] {dag.py:3508} INFO - Setting next_dagrun for example_skip_dag to 2024-02-27T18:33:45.024689+00:00, run_after=2024-02-28T18:33:45.024689+00:00
[2024-02-28T18:33:45.049+0000] {processor.py:179} INFO - Processing /home/airflow/.local/lib/python3.7/site-packages/airflow/example_dags/example_skip_dag.py took 0.132 seconds
[2024-02-28T18:34:15.114+0000] {processor.py:157} INFO - Started process (PID=195) to work on /home/airflow/.local/lib/python3.7/site-packages/airflow/example_dags/example_skip_dag.py
[2024-02-28T18:34:15.117+0000] {processor.py:826} INFO - Processing file /home/airflow/.local/lib/python3.7/site-packages/airflow/example_dags/example_skip_dag.py for tasks to queue
[2024-02-28T18:34:15.120+0000] {logging_mixin.py:150} INFO - [2024-02-28T18:34:15.119+0000] {dagbag.py:541} INFO - Filling up the DagBag from /home/airflow/.local/lib/python3.7/site-packages/airflow/example_dags/example_skip_dag.py
[2024-02-28T18:34:15.127+0000] {processor.py:836} INFO - DAG(s) dict_keys(['example_skip_dag']) retrieved from /home/airflow/.local/lib/python3.7/site-packages/airflow/example_dags/example_skip_dag.py
[2024-02-28T18:34:15.149+0000] {logging_mixin.py:150} INFO - [2024-02-28T18:34:15.149+0000] {dag.py:2742} INFO - Sync 1 DAGs
[2024-02-28T18:34:15.168+0000] {logging_mixin.py:150} INFO - [2024-02-28T18:34:15.168+0000] {dag.py:3508} INFO - Setting next_dagrun for example_skip_dag to 2024-02-27T18:34:15.167873+00:00, run_after=2024-02-28T18:34:15.167873+00:00
[2024-02-28T18:34:15.181+0000] {processor.py:179} INFO - Processing /home/airflow/.local/lib/python3.7/site-packages/airflow/example_dags/example_skip_dag.py took 0.070 seconds
[2024-02-28T18:34:45.904+0000] {processor.py:157} INFO - Started process (PID=258) to work on /home/airflow/.local/lib/python3.7/site-packages/airflow/example_dags/example_skip_dag.py
[2024-02-28T18:34:45.921+0000] {processor.py:826} INFO - Processing file /home/airflow/.local/lib/python3.7/site-packages/airflow/example_dags/example_skip_dag.py for tasks to queue
[2024-02-28T18:34:45.931+0000] {logging_mixin.py:150} INFO - [2024-02-28T18:34:45.927+0000] {dagbag.py:541} INFO - Filling up the DagBag from /home/airflow/.local/lib/python3.7/site-packages/airflow/example_dags/example_skip_dag.py
[2024-02-28T18:34:45.953+0000] {processor.py:836} INFO - DAG(s) dict_keys(['example_skip_dag']) retrieved from /home/airflow/.local/lib/python3.7/site-packages/airflow/example_dags/example_skip_dag.py
[2024-02-28T18:34:45.984+0000] {logging_mixin.py:150} INFO - [2024-02-28T18:34:45.984+0000] {dag.py:2742} INFO - Sync 1 DAGs
[2024-02-28T18:34:46.011+0000] {logging_mixin.py:150} INFO - [2024-02-28T18:34:46.010+0000] {dag.py:3508} INFO - Setting next_dagrun for example_skip_dag to 2024-02-27T18:34:46.010601+00:00, run_after=2024-02-28T18:34:46.010601+00:00
[2024-02-28T18:34:46.030+0000] {processor.py:179} INFO - Processing /home/airflow/.local/lib/python3.7/site-packages/airflow/example_dags/example_skip_dag.py took 0.134 seconds
[2024-02-28T18:35:16.400+0000] {processor.py:157} INFO - Started process (PID=322) to work on /home/airflow/.local/lib/python3.7/site-packages/airflow/example_dags/example_skip_dag.py
[2024-02-28T18:35:16.402+0000] {processor.py:826} INFO - Processing file /home/airflow/.local/lib/python3.7/site-packages/airflow/example_dags/example_skip_dag.py for tasks to queue
[2024-02-28T18:35:16.403+0000] {logging_mixin.py:150} INFO - [2024-02-28T18:35:16.403+0000] {dagbag.py:541} INFO - Filling up the DagBag from /home/airflow/.local/lib/python3.7/site-packages/airflow/example_dags/example_skip_dag.py
[2024-02-28T18:35:16.411+0000] {processor.py:836} INFO - DAG(s) dict_keys(['example_skip_dag']) retrieved from /home/airflow/.local/lib/python3.7/site-packages/airflow/example_dags/example_skip_dag.py
[2024-02-28T18:35:16.440+0000] {logging_mixin.py:150} INFO - [2024-02-28T18:35:16.440+0000] {dag.py:2742} INFO - Sync 1 DAGs
[2024-02-28T18:35:16.464+0000] {logging_mixin.py:150} INFO - [2024-02-28T18:35:16.464+0000] {dag.py:3508} INFO - Setting next_dagrun for example_skip_dag to 2024-02-27T18:35:16.464006+00:00, run_after=2024-02-28T18:35:16.464006+00:00
[2024-02-28T18:35:16.481+0000] {processor.py:179} INFO - Processing /home/airflow/.local/lib/python3.7/site-packages/airflow/example_dags/example_skip_dag.py took 0.086 seconds
[2024-02-28T18:35:47.286+0000] {processor.py:157} INFO - Started process (PID=386) to work on /home/airflow/.local/lib/python3.7/site-packages/airflow/example_dags/example_skip_dag.py
[2024-02-28T18:35:47.288+0000] {processor.py:826} INFO - Processing file /home/airflow/.local/lib/python3.7/site-packages/airflow/example_dags/example_skip_dag.py for tasks to queue
[2024-02-28T18:35:47.290+0000] {logging_mixin.py:150} INFO - [2024-02-28T18:35:47.290+0000] {dagbag.py:541} INFO - Filling up the DagBag from /home/airflow/.local/lib/python3.7/site-packages/airflow/example_dags/example_skip_dag.py
[2024-02-28T18:35:47.299+0000] {processor.py:836} INFO - DAG(s) dict_keys(['example_skip_dag']) retrieved from /home/airflow/.local/lib/python3.7/site-packages/airflow/example_dags/example_skip_dag.py
[2024-02-28T18:35:47.329+0000] {logging_mixin.py:150} INFO - [2024-02-28T18:35:47.329+0000] {dag.py:2742} INFO - Sync 1 DAGs
[2024-02-28T18:35:47.354+0000] {logging_mixin.py:150} INFO - [2024-02-28T18:35:47.354+0000] {dag.py:3508} INFO - Setting next_dagrun for example_skip_dag to 2024-02-27T18:35:47.353908+00:00, run_after=2024-02-28T18:35:47.353908+00:00
[2024-02-28T18:35:47.374+0000] {processor.py:179} INFO - Processing /home/airflow/.local/lib/python3.7/site-packages/airflow/example_dags/example_skip_dag.py took 0.090 seconds
[2024-02-28T18:36:19.461+0000] {processor.py:157} INFO - Started process (PID=449) to work on /home/airflow/.local/lib/python3.7/site-packages/airflow/example_dags/example_skip_dag.py
[2024-02-28T18:36:19.465+0000] {processor.py:826} INFO - Processing file /home/airflow/.local/lib/python3.7/site-packages/airflow/example_dags/example_skip_dag.py for tasks to queue
[2024-02-28T18:36:19.466+0000] {logging_mixin.py:150} INFO - [2024-02-28T18:36:19.466+0000] {dagbag.py:541} INFO - Filling up the DagBag from /home/airflow/.local/lib/python3.7/site-packages/airflow/example_dags/example_skip_dag.py
[2024-02-28T18:36:19.473+0000] {processor.py:836} INFO - DAG(s) dict_keys(['example_skip_dag']) retrieved from /home/airflow/.local/lib/python3.7/site-packages/airflow/example_dags/example_skip_dag.py
[2024-02-28T18:36:19.501+0000] {logging_mixin.py:150} INFO - [2024-02-28T18:36:19.501+0000] {dag.py:2742} INFO - Sync 1 DAGs
[2024-02-28T18:36:19.520+0000] {logging_mixin.py:150} INFO - [2024-02-28T18:36:19.520+0000] {dag.py:3508} INFO - Setting next_dagrun for example_skip_dag to 2024-02-27T18:36:19.520028+00:00, run_after=2024-02-28T18:36:19.520028+00:00
[2024-02-28T18:36:19.538+0000] {processor.py:179} INFO - Processing /home/airflow/.local/lib/python3.7/site-packages/airflow/example_dags/example_skip_dag.py took 0.081 seconds
[2024-02-28T18:36:50.212+0000] {processor.py:157} INFO - Started process (PID=512) to work on /home/airflow/.local/lib/python3.7/site-packages/airflow/example_dags/example_skip_dag.py
[2024-02-28T18:36:50.217+0000] {processor.py:826} INFO - Processing file /home/airflow/.local/lib/python3.7/site-packages/airflow/example_dags/example_skip_dag.py for tasks to queue
[2024-02-28T18:36:50.221+0000] {logging_mixin.py:150} INFO - [2024-02-28T18:36:50.220+0000] {dagbag.py:541} INFO - Filling up the DagBag from /home/airflow/.local/lib/python3.7/site-packages/airflow/example_dags/example_skip_dag.py
[2024-02-28T18:36:50.228+0000] {processor.py:836} INFO - DAG(s) dict_keys(['example_skip_dag']) retrieved from /home/airflow/.local/lib/python3.7/site-packages/airflow/example_dags/example_skip_dag.py
[2024-02-28T18:36:50.256+0000] {logging_mixin.py:150} INFO - [2024-02-28T18:36:50.256+0000] {dag.py:2742} INFO - Sync 1 DAGs
[2024-02-28T18:36:50.278+0000] {logging_mixin.py:150} INFO - [2024-02-28T18:36:50.277+0000] {dag.py:3508} INFO - Setting next_dagrun for example_skip_dag to 2024-02-27T18:36:50.277732+00:00, run_after=2024-02-28T18:36:50.277732+00:00
[2024-02-28T18:36:50.302+0000] {processor.py:179} INFO - Processing /home/airflow/.local/lib/python3.7/site-packages/airflow/example_dags/example_skip_dag.py took 0.094 seconds
[2024-02-28T18:37:20.967+0000] {processor.py:157} INFO - Started process (PID=575) to work on /home/airflow/.local/lib/python3.7/site-packages/airflow/example_dags/example_skip_dag.py
[2024-02-28T18:37:20.971+0000] {processor.py:826} INFO - Processing file /home/airflow/.local/lib/python3.7/site-packages/airflow/example_dags/example_skip_dag.py for tasks to queue
[2024-02-28T18:37:20.974+0000] {logging_mixin.py:150} INFO - [2024-02-28T18:37:20.974+0000] {dagbag.py:541} INFO - Filling up the DagBag from /home/airflow/.local/lib/python3.7/site-packages/airflow/example_dags/example_skip_dag.py
[2024-02-28T18:37:20.983+0000] {processor.py:836} INFO - DAG(s) dict_keys(['example_skip_dag']) retrieved from /home/airflow/.local/lib/python3.7/site-packages/airflow/example_dags/example_skip_dag.py
[2024-02-28T18:37:21.020+0000] {logging_mixin.py:150} INFO - [2024-02-28T18:37:21.020+0000] {dag.py:2742} INFO - Sync 1 DAGs
[2024-02-28T18:37:21.044+0000] {logging_mixin.py:150} INFO - [2024-02-28T18:37:21.043+0000] {dag.py:3508} INFO - Setting next_dagrun for example_skip_dag to 2024-02-27T18:37:21.043676+00:00, run_after=2024-02-28T18:37:21.043676+00:00
[2024-02-28T18:37:21.067+0000] {processor.py:179} INFO - Processing /home/airflow/.local/lib/python3.7/site-packages/airflow/example_dags/example_skip_dag.py took 0.104 seconds
[2024-02-28T18:37:51.232+0000] {processor.py:157} INFO - Started process (PID=638) to work on /home/airflow/.local/lib/python3.7/site-packages/airflow/example_dags/example_skip_dag.py
[2024-02-28T18:37:51.234+0000] {processor.py:826} INFO - Processing file /home/airflow/.local/lib/python3.7/site-packages/airflow/example_dags/example_skip_dag.py for tasks to queue
[2024-02-28T18:37:51.237+0000] {logging_mixin.py:150} INFO - [2024-02-28T18:37:51.237+0000] {dagbag.py:541} INFO - Filling up the DagBag from /home/airflow/.local/lib/python3.7/site-packages/airflow/example_dags/example_skip_dag.py
[2024-02-28T18:37:51.244+0000] {processor.py:836} INFO - DAG(s) dict_keys(['example_skip_dag']) retrieved from /home/airflow/.local/lib/python3.7/site-packages/airflow/example_dags/example_skip_dag.py
[2024-02-28T18:37:51.267+0000] {logging_mixin.py:150} INFO - [2024-02-28T18:37:51.267+0000] {dag.py:2742} INFO - Sync 1 DAGs
[2024-02-28T18:37:51.288+0000] {logging_mixin.py:150} INFO - [2024-02-28T18:37:51.288+0000] {dag.py:3508} INFO - Setting next_dagrun for example_skip_dag to 2024-02-27T18:37:51.288503+00:00, run_after=2024-02-28T18:37:51.288503+00:00
[2024-02-28T18:37:51.301+0000] {processor.py:179} INFO - Processing /home/airflow/.local/lib/python3.7/site-packages/airflow/example_dags/example_skip_dag.py took 0.073 seconds
[2024-02-28T18:38:21.666+0000] {processor.py:157} INFO - Started process (PID=700) to work on /home/airflow/.local/lib/python3.7/site-packages/airflow/example_dags/example_skip_dag.py
[2024-02-28T18:38:21.670+0000] {processor.py:826} INFO - Processing file /home/airflow/.local/lib/python3.7/site-packages/airflow/example_dags/example_skip_dag.py for tasks to queue
[2024-02-28T18:38:21.672+0000] {logging_mixin.py:150} INFO - [2024-02-28T18:38:21.672+0000] {dagbag.py:541} INFO - Filling up the DagBag from /home/airflow/.local/lib/python3.7/site-packages/airflow/example_dags/example_skip_dag.py
[2024-02-28T18:38:21.683+0000] {processor.py:836} INFO - DAG(s) dict_keys(['example_skip_dag']) retrieved from /home/airflow/.local/lib/python3.7/site-packages/airflow/example_dags/example_skip_dag.py
[2024-02-28T18:38:21.721+0000] {logging_mixin.py:150} INFO - [2024-02-28T18:38:21.721+0000] {dag.py:2742} INFO - Sync 1 DAGs
[2024-02-28T18:38:21.753+0000] {logging_mixin.py:150} INFO - [2024-02-28T18:38:21.753+0000] {dag.py:3508} INFO - Setting next_dagrun for example_skip_dag to 2024-02-27T18:38:21.752798+00:00, run_after=2024-02-28T18:38:21.752798+00:00
[2024-02-28T18:38:21.775+0000] {processor.py:179} INFO - Processing /home/airflow/.local/lib/python3.7/site-packages/airflow/example_dags/example_skip_dag.py took 0.113 seconds
[2024-02-28T18:38:52.777+0000] {processor.py:157} INFO - Started process (PID=762) to work on /home/airflow/.local/lib/python3.7/site-packages/airflow/example_dags/example_skip_dag.py
[2024-02-28T18:38:52.779+0000] {processor.py:826} INFO - Processing file /home/airflow/.local/lib/python3.7/site-packages/airflow/example_dags/example_skip_dag.py for tasks to queue
[2024-02-28T18:38:52.781+0000] {logging_mixin.py:150} INFO - [2024-02-28T18:38:52.780+0000] {dagbag.py:541} INFO - Filling up the DagBag from /home/airflow/.local/lib/python3.7/site-packages/airflow/example_dags/example_skip_dag.py
[2024-02-28T18:38:52.789+0000] {processor.py:836} INFO - DAG(s) dict_keys(['example_skip_dag']) retrieved from /home/airflow/.local/lib/python3.7/site-packages/airflow/example_dags/example_skip_dag.py
[2024-02-28T18:38:52.817+0000] {logging_mixin.py:150} INFO - [2024-02-28T18:38:52.816+0000] {dag.py:2742} INFO - Sync 1 DAGs
[2024-02-28T18:38:52.840+0000] {logging_mixin.py:150} INFO - [2024-02-28T18:38:52.840+0000] {dag.py:3508} INFO - Setting next_dagrun for example_skip_dag to 2024-02-27T18:38:52.840415+00:00, run_after=2024-02-28T18:38:52.840415+00:00
[2024-02-28T18:38:52.862+0000] {processor.py:179} INFO - Processing /home/airflow/.local/lib/python3.7/site-packages/airflow/example_dags/example_skip_dag.py took 0.088 seconds
[2024-02-28T18:39:23.597+0000] {processor.py:157} INFO - Started process (PID=825) to work on /home/airflow/.local/lib/python3.7/site-packages/airflow/example_dags/example_skip_dag.py
[2024-02-28T18:39:23.599+0000] {processor.py:826} INFO - Processing file /home/airflow/.local/lib/python3.7/site-packages/airflow/example_dags/example_skip_dag.py for tasks to queue
[2024-02-28T18:39:23.603+0000] {logging_mixin.py:150} INFO - [2024-02-28T18:39:23.602+0000] {dagbag.py:541} INFO - Filling up the DagBag from /home/airflow/.local/lib/python3.7/site-packages/airflow/example_dags/example_skip_dag.py
[2024-02-28T18:39:23.612+0000] {processor.py:836} INFO - DAG(s) dict_keys(['example_skip_dag']) retrieved from /home/airflow/.local/lib/python3.7/site-packages/airflow/example_dags/example_skip_dag.py
[2024-02-28T18:39:23.635+0000] {logging_mixin.py:150} INFO - [2024-02-28T18:39:23.635+0000] {dag.py:2742} INFO - Sync 1 DAGs
[2024-02-28T18:39:23.658+0000] {logging_mixin.py:150} INFO - [2024-02-28T18:39:23.657+0000] {dag.py:3508} INFO - Setting next_dagrun for example_skip_dag to 2024-02-27T18:39:23.657733+00:00, run_after=2024-02-28T18:39:23.657733+00:00
[2024-02-28T18:39:23.678+0000] {processor.py:179} INFO - Processing /home/airflow/.local/lib/python3.7/site-packages/airflow/example_dags/example_skip_dag.py took 0.084 seconds
[2024-02-28T18:39:53.922+0000] {processor.py:157} INFO - Started process (PID=889) to work on /home/airflow/.local/lib/python3.7/site-packages/airflow/example_dags/example_skip_dag.py
[2024-02-28T18:39:53.925+0000] {processor.py:826} INFO - Processing file /home/airflow/.local/lib/python3.7/site-packages/airflow/example_dags/example_skip_dag.py for tasks to queue
[2024-02-28T18:39:53.929+0000] {logging_mixin.py:150} INFO - [2024-02-28T18:39:53.928+0000] {dagbag.py:541} INFO - Filling up the DagBag from /home/airflow/.local/lib/python3.7/site-packages/airflow/example_dags/example_skip_dag.py
[2024-02-28T18:39:53.942+0000] {processor.py:836} INFO - DAG(s) dict_keys(['example_skip_dag']) retrieved from /home/airflow/.local/lib/python3.7/site-packages/airflow/example_dags/example_skip_dag.py
[2024-02-28T18:39:53.975+0000] {logging_mixin.py:150} INFO - [2024-02-28T18:39:53.975+0000] {dag.py:2742} INFO - Sync 1 DAGs
[2024-02-28T18:39:54.008+0000] {logging_mixin.py:150} INFO - [2024-02-28T18:39:54.008+0000] {dag.py:3508} INFO - Setting next_dagrun for example_skip_dag to 2024-02-27T18:39:54.008456+00:00, run_after=2024-02-28T18:39:54.008456+00:00
[2024-02-28T18:39:54.028+0000] {processor.py:179} INFO - Processing /home/airflow/.local/lib/python3.7/site-packages/airflow/example_dags/example_skip_dag.py took 0.110 seconds
[2024-02-28T18:40:24.457+0000] {processor.py:157} INFO - Started process (PID=952) to work on /home/airflow/.local/lib/python3.7/site-packages/airflow/example_dags/example_skip_dag.py
[2024-02-28T18:40:24.459+0000] {processor.py:826} INFO - Processing file /home/airflow/.local/lib/python3.7/site-packages/airflow/example_dags/example_skip_dag.py for tasks to queue
[2024-02-28T18:40:24.461+0000] {logging_mixin.py:150} INFO - [2024-02-28T18:40:24.460+0000] {dagbag.py:541} INFO - Filling up the DagBag from /home/airflow/.local/lib/python3.7/site-packages/airflow/example_dags/example_skip_dag.py
[2024-02-28T18:40:24.468+0000] {processor.py:836} INFO - DAG(s) dict_keys(['example_skip_dag']) retrieved from /home/airflow/.local/lib/python3.7/site-packages/airflow/example_dags/example_skip_dag.py
[2024-02-28T18:40:24.502+0000] {logging_mixin.py:150} INFO - [2024-02-28T18:40:24.501+0000] {dag.py:2742} INFO - Sync 1 DAGs
[2024-02-28T18:40:24.529+0000] {logging_mixin.py:150} INFO - [2024-02-28T18:40:24.529+0000] {dag.py:3508} INFO - Setting next_dagrun for example_skip_dag to 2024-02-27T18:40:24.529022+00:00, run_after=2024-02-28T18:40:24.529022+00:00
[2024-02-28T18:40:24.555+0000] {processor.py:179} INFO - Processing /home/airflow/.local/lib/python3.7/site-packages/airflow/example_dags/example_skip_dag.py took 0.102 seconds
[2024-02-28T18:40:54.984+0000] {processor.py:157} INFO - Started process (PID=1015) to work on /home/airflow/.local/lib/python3.7/site-packages/airflow/example_dags/example_skip_dag.py
[2024-02-28T18:40:54.987+0000] {processor.py:826} INFO - Processing file /home/airflow/.local/lib/python3.7/site-packages/airflow/example_dags/example_skip_dag.py for tasks to queue
[2024-02-28T18:40:54.989+0000] {logging_mixin.py:150} INFO - [2024-02-28T18:40:54.989+0000] {dagbag.py:541} INFO - Filling up the DagBag from /home/airflow/.local/lib/python3.7/site-packages/airflow/example_dags/example_skip_dag.py
[2024-02-28T18:40:54.997+0000] {processor.py:836} INFO - DAG(s) dict_keys(['example_skip_dag']) retrieved from /home/airflow/.local/lib/python3.7/site-packages/airflow/example_dags/example_skip_dag.py
[2024-02-28T18:40:55.023+0000] {logging_mixin.py:150} INFO - [2024-02-28T18:40:55.023+0000] {dag.py:2742} INFO - Sync 1 DAGs
[2024-02-28T18:40:55.046+0000] {logging_mixin.py:150} INFO - [2024-02-28T18:40:55.046+0000] {dag.py:3508} INFO - Setting next_dagrun for example_skip_dag to 2024-02-27T18:40:55.046097+00:00, run_after=2024-02-28T18:40:55.046097+00:00
[2024-02-28T18:40:55.062+0000] {processor.py:179} INFO - Processing /home/airflow/.local/lib/python3.7/site-packages/airflow/example_dags/example_skip_dag.py took 0.080 seconds
[2024-02-28T18:41:25.611+0000] {processor.py:157} INFO - Started process (PID=1078) to work on /home/airflow/.local/lib/python3.7/site-packages/airflow/example_dags/example_skip_dag.py
[2024-02-28T18:41:25.617+0000] {processor.py:826} INFO - Processing file /home/airflow/.local/lib/python3.7/site-packages/airflow/example_dags/example_skip_dag.py for tasks to queue
[2024-02-28T18:41:25.619+0000] {logging_mixin.py:150} INFO - [2024-02-28T18:41:25.619+0000] {dagbag.py:541} INFO - Filling up the DagBag from /home/airflow/.local/lib/python3.7/site-packages/airflow/example_dags/example_skip_dag.py
[2024-02-28T18:41:25.627+0000] {processor.py:836} INFO - DAG(s) dict_keys(['example_skip_dag']) retrieved from /home/airflow/.local/lib/python3.7/site-packages/airflow/example_dags/example_skip_dag.py
[2024-02-28T18:41:25.656+0000] {logging_mixin.py:150} INFO - [2024-02-28T18:41:25.656+0000] {dag.py:2742} INFO - Sync 1 DAGs
[2024-02-28T18:41:25.676+0000] {logging_mixin.py:150} INFO - [2024-02-28T18:41:25.675+0000] {dag.py:3508} INFO - Setting next_dagrun for example_skip_dag to 2024-02-27T18:41:25.675467+00:00, run_after=2024-02-28T18:41:25.675467+00:00
[2024-02-28T18:41:25.698+0000] {processor.py:179} INFO - Processing /home/airflow/.local/lib/python3.7/site-packages/airflow/example_dags/example_skip_dag.py took 0.090 seconds
[2024-02-28T18:41:56.021+0000] {processor.py:157} INFO - Started process (PID=1141) to work on /home/airflow/.local/lib/python3.7/site-packages/airflow/example_dags/example_skip_dag.py
[2024-02-28T18:41:56.025+0000] {processor.py:826} INFO - Processing file /home/airflow/.local/lib/python3.7/site-packages/airflow/example_dags/example_skip_dag.py for tasks to queue
[2024-02-28T18:41:56.026+0000] {logging_mixin.py:150} INFO - [2024-02-28T18:41:56.026+0000] {dagbag.py:541} INFO - Filling up the DagBag from /home/airflow/.local/lib/python3.7/site-packages/airflow/example_dags/example_skip_dag.py
[2024-02-28T18:41:56.033+0000] {processor.py:836} INFO - DAG(s) dict_keys(['example_skip_dag']) retrieved from /home/airflow/.local/lib/python3.7/site-packages/airflow/example_dags/example_skip_dag.py
[2024-02-28T18:41:56.062+0000] {logging_mixin.py:150} INFO - [2024-02-28T18:41:56.062+0000] {dag.py:2742} INFO - Sync 1 DAGs
[2024-02-28T18:41:56.086+0000] {logging_mixin.py:150} INFO - [2024-02-28T18:41:56.086+0000] {dag.py:3508} INFO - Setting next_dagrun for example_skip_dag to 2024-02-27T18:41:56.086397+00:00, run_after=2024-02-28T18:41:56.086397+00:00
[2024-02-28T18:41:56.106+0000] {processor.py:179} INFO - Processing /home/airflow/.local/lib/python3.7/site-packages/airflow/example_dags/example_skip_dag.py took 0.089 seconds
[2024-02-28T18:42:26.924+0000] {processor.py:157} INFO - Started process (PID=1204) to work on /home/airflow/.local/lib/python3.7/site-packages/airflow/example_dags/example_skip_dag.py
[2024-02-28T18:42:26.926+0000] {processor.py:826} INFO - Processing file /home/airflow/.local/lib/python3.7/site-packages/airflow/example_dags/example_skip_dag.py for tasks to queue
[2024-02-28T18:42:26.929+0000] {logging_mixin.py:150} INFO - [2024-02-28T18:42:26.928+0000] {dagbag.py:541} INFO - Filling up the DagBag from /home/airflow/.local/lib/python3.7/site-packages/airflow/example_dags/example_skip_dag.py
[2024-02-28T18:42:26.938+0000] {processor.py:836} INFO - DAG(s) dict_keys(['example_skip_dag']) retrieved from /home/airflow/.local/lib/python3.7/site-packages/airflow/example_dags/example_skip_dag.py
[2024-02-28T18:42:26.973+0000] {logging_mixin.py:150} INFO - [2024-02-28T18:42:26.973+0000] {dag.py:2742} INFO - Sync 1 DAGs
[2024-02-28T18:42:27.000+0000] {logging_mixin.py:150} INFO - [2024-02-28T18:42:27.000+0000] {dag.py:3508} INFO - Setting next_dagrun for example_skip_dag to 2024-02-27T18:42:26.999921+00:00, run_after=2024-02-28T18:42:26.999921+00:00
[2024-02-28T18:42:27.029+0000] {processor.py:179} INFO - Processing /home/airflow/.local/lib/python3.7/site-packages/airflow/example_dags/example_skip_dag.py took 0.109 seconds
[2024-02-28T18:42:57.386+0000] {processor.py:157} INFO - Started process (PID=1267) to work on /home/airflow/.local/lib/python3.7/site-packages/airflow/example_dags/example_skip_dag.py
[2024-02-28T18:42:57.389+0000] {processor.py:826} INFO - Processing file /home/airflow/.local/lib/python3.7/site-packages/airflow/example_dags/example_skip_dag.py for tasks to queue
[2024-02-28T18:42:57.392+0000] {logging_mixin.py:150} INFO - [2024-02-28T18:42:57.392+0000] {dagbag.py:541} INFO - Filling up the DagBag from /home/airflow/.local/lib/python3.7/site-packages/airflow/example_dags/example_skip_dag.py
[2024-02-28T18:42:57.401+0000] {processor.py:836} INFO - DAG(s) dict_keys(['example_skip_dag']) retrieved from /home/airflow/.local/lib/python3.7/site-packages/airflow/example_dags/example_skip_dag.py
[2024-02-28T18:42:57.431+0000] {logging_mixin.py:150} INFO - [2024-02-28T18:42:57.431+0000] {dag.py:2742} INFO - Sync 1 DAGs
[2024-02-28T18:42:57.461+0000] {logging_mixin.py:150} INFO - [2024-02-28T18:42:57.461+0000] {dag.py:3508} INFO - Setting next_dagrun for example_skip_dag to 2024-02-27T18:42:57.460976+00:00, run_after=2024-02-28T18:42:57.460976+00:00
[2024-02-28T18:42:57.480+0000] {processor.py:179} INFO - Processing /home/airflow/.local/lib/python3.7/site-packages/airflow/example_dags/example_skip_dag.py took 0.097 seconds
[2024-02-28T18:43:28.298+0000] {processor.py:157} INFO - Started process (PID=1330) to work on /home/airflow/.local/lib/python3.7/site-packages/airflow/example_dags/example_skip_dag.py
[2024-02-28T18:43:28.300+0000] {processor.py:826} INFO - Processing file /home/airflow/.local/lib/python3.7/site-packages/airflow/example_dags/example_skip_dag.py for tasks to queue
[2024-02-28T18:43:28.302+0000] {logging_mixin.py:150} INFO - [2024-02-28T18:43:28.302+0000] {dagbag.py:541} INFO - Filling up the DagBag from /home/airflow/.local/lib/python3.7/site-packages/airflow/example_dags/example_skip_dag.py
[2024-02-28T18:43:28.312+0000] {processor.py:836} INFO - DAG(s) dict_keys(['example_skip_dag']) retrieved from /home/airflow/.local/lib/python3.7/site-packages/airflow/example_dags/example_skip_dag.py
[2024-02-28T18:43:28.344+0000] {logging_mixin.py:150} INFO - [2024-02-28T18:43:28.344+0000] {dag.py:2742} INFO - Sync 1 DAGs
[2024-02-28T18:43:28.368+0000] {logging_mixin.py:150} INFO - [2024-02-28T18:43:28.368+0000] {dag.py:3508} INFO - Setting next_dagrun for example_skip_dag to 2024-02-27T18:43:28.367757+00:00, run_after=2024-02-28T18:43:28.367757+00:00
[2024-02-28T18:43:28.401+0000] {processor.py:179} INFO - Processing /home/airflow/.local/lib/python3.7/site-packages/airflow/example_dags/example_skip_dag.py took 0.107 seconds
[2024-02-28T18:43:58.888+0000] {processor.py:157} INFO - Started process (PID=1393) to work on /home/airflow/.local/lib/python3.7/site-packages/airflow/example_dags/example_skip_dag.py
[2024-02-28T18:43:58.890+0000] {processor.py:826} INFO - Processing file /home/airflow/.local/lib/python3.7/site-packages/airflow/example_dags/example_skip_dag.py for tasks to queue
[2024-02-28T18:43:58.892+0000] {logging_mixin.py:150} INFO - [2024-02-28T18:43:58.891+0000] {dagbag.py:541} INFO - Filling up the DagBag from /home/airflow/.local/lib/python3.7/site-packages/airflow/example_dags/example_skip_dag.py
[2024-02-28T18:43:58.898+0000] {processor.py:836} INFO - DAG(s) dict_keys(['example_skip_dag']) retrieved from /home/airflow/.local/lib/python3.7/site-packages/airflow/example_dags/example_skip_dag.py
[2024-02-28T18:43:58.925+0000] {logging_mixin.py:150} INFO - [2024-02-28T18:43:58.925+0000] {dag.py:2742} INFO - Sync 1 DAGs
[2024-02-28T18:43:58.946+0000] {logging_mixin.py:150} INFO - [2024-02-28T18:43:58.946+0000] {dag.py:3508} INFO - Setting next_dagrun for example_skip_dag to 2024-02-27T18:43:58.946207+00:00, run_after=2024-02-28T18:43:58.946207+00:00
[2024-02-28T18:43:58.960+0000] {processor.py:179} INFO - Processing /home/airflow/.local/lib/python3.7/site-packages/airflow/example_dags/example_skip_dag.py took 0.075 seconds
[2024-02-28T18:44:29.648+0000] {processor.py:157} INFO - Started process (PID=1456) to work on /home/airflow/.local/lib/python3.7/site-packages/airflow/example_dags/example_skip_dag.py
[2024-02-28T18:44:29.650+0000] {processor.py:826} INFO - Processing file /home/airflow/.local/lib/python3.7/site-packages/airflow/example_dags/example_skip_dag.py for tasks to queue
[2024-02-28T18:44:29.652+0000] {logging_mixin.py:150} INFO - [2024-02-28T18:44:29.652+0000] {dagbag.py:541} INFO - Filling up the DagBag from /home/airflow/.local/lib/python3.7/site-packages/airflow/example_dags/example_skip_dag.py
[2024-02-28T18:44:29.663+0000] {processor.py:836} INFO - DAG(s) dict_keys(['example_skip_dag']) retrieved from /home/airflow/.local/lib/python3.7/site-packages/airflow/example_dags/example_skip_dag.py
[2024-02-28T18:44:29.693+0000] {logging_mixin.py:150} INFO - [2024-02-28T18:44:29.693+0000] {dag.py:2742} INFO - Sync 1 DAGs
[2024-02-28T18:44:29.733+0000] {logging_mixin.py:150} INFO - [2024-02-28T18:44:29.733+0000] {dag.py:3508} INFO - Setting next_dagrun for example_skip_dag to 2024-02-27T18:44:29.733094+00:00, run_after=2024-02-28T18:44:29.733094+00:00
[2024-02-28T18:44:29.776+0000] {processor.py:179} INFO - Processing /home/airflow/.local/lib/python3.7/site-packages/airflow/example_dags/example_skip_dag.py took 0.132 seconds
[2024-02-28T18:44:59.992+0000] {processor.py:157} INFO - Started process (PID=1519) to work on /home/airflow/.local/lib/python3.7/site-packages/airflow/example_dags/example_skip_dag.py
[2024-02-28T18:44:59.995+0000] {processor.py:826} INFO - Processing file /home/airflow/.local/lib/python3.7/site-packages/airflow/example_dags/example_skip_dag.py for tasks to queue
[2024-02-28T18:45:00.000+0000] {logging_mixin.py:150} INFO - [2024-02-28T18:44:59.999+0000] {dagbag.py:541} INFO - Filling up the DagBag from /home/airflow/.local/lib/python3.7/site-packages/airflow/example_dags/example_skip_dag.py
[2024-02-28T18:45:00.034+0000] {processor.py:836} INFO - DAG(s) dict_keys(['example_skip_dag']) retrieved from /home/airflow/.local/lib/python3.7/site-packages/airflow/example_dags/example_skip_dag.py
[2024-02-28T18:45:00.106+0000] {logging_mixin.py:150} INFO - [2024-02-28T18:45:00.103+0000] {dag.py:2742} INFO - Sync 1 DAGs
[2024-02-28T18:45:00.154+0000] {logging_mixin.py:150} INFO - [2024-02-28T18:45:00.153+0000] {dag.py:3508} INFO - Setting next_dagrun for example_skip_dag to 2024-02-27T18:45:00.153122+00:00, run_after=2024-02-28T18:45:00.153122+00:00
[2024-02-28T18:45:00.197+0000] {processor.py:179} INFO - Processing /home/airflow/.local/lib/python3.7/site-packages/airflow/example_dags/example_skip_dag.py took 0.209 seconds
[2024-02-28T18:45:31.142+0000] {processor.py:157} INFO - Started process (PID=1583) to work on /home/airflow/.local/lib/python3.7/site-packages/airflow/example_dags/example_skip_dag.py
[2024-02-28T18:45:31.145+0000] {processor.py:826} INFO - Processing file /home/airflow/.local/lib/python3.7/site-packages/airflow/example_dags/example_skip_dag.py for tasks to queue
[2024-02-28T18:45:31.147+0000] {logging_mixin.py:150} INFO - [2024-02-28T18:45:31.147+0000] {dagbag.py:541} INFO - Filling up the DagBag from /home/airflow/.local/lib/python3.7/site-packages/airflow/example_dags/example_skip_dag.py
[2024-02-28T18:45:31.160+0000] {processor.py:836} INFO - DAG(s) dict_keys(['example_skip_dag']) retrieved from /home/airflow/.local/lib/python3.7/site-packages/airflow/example_dags/example_skip_dag.py
[2024-02-28T18:45:31.193+0000] {logging_mixin.py:150} INFO - [2024-02-28T18:45:31.193+0000] {dag.py:2742} INFO - Sync 1 DAGs
[2024-02-28T18:45:31.224+0000] {logging_mixin.py:150} INFO - [2024-02-28T18:45:31.224+0000] {dag.py:3508} INFO - Setting next_dagrun for example_skip_dag to 2024-02-27T18:45:31.223986+00:00, run_after=2024-02-28T18:45:31.223986+00:00
[2024-02-28T18:45:31.254+0000] {processor.py:179} INFO - Processing /home/airflow/.local/lib/python3.7/site-packages/airflow/example_dags/example_skip_dag.py took 0.119 seconds
[2024-02-28T18:46:02.120+0000] {processor.py:157} INFO - Started process (PID=1646) to work on /home/airflow/.local/lib/python3.7/site-packages/airflow/example_dags/example_skip_dag.py
[2024-02-28T18:46:02.125+0000] {processor.py:826} INFO - Processing file /home/airflow/.local/lib/python3.7/site-packages/airflow/example_dags/example_skip_dag.py for tasks to queue
[2024-02-28T18:46:02.127+0000] {logging_mixin.py:150} INFO - [2024-02-28T18:46:02.127+0000] {dagbag.py:541} INFO - Filling up the DagBag from /home/airflow/.local/lib/python3.7/site-packages/airflow/example_dags/example_skip_dag.py
[2024-02-28T18:46:02.138+0000] {processor.py:836} INFO - DAG(s) dict_keys(['example_skip_dag']) retrieved from /home/airflow/.local/lib/python3.7/site-packages/airflow/example_dags/example_skip_dag.py
[2024-02-28T18:46:02.166+0000] {logging_mixin.py:150} INFO - [2024-02-28T18:46:02.166+0000] {dag.py:2742} INFO - Sync 1 DAGs
[2024-02-28T18:46:02.189+0000] {logging_mixin.py:150} INFO - [2024-02-28T18:46:02.189+0000] {dag.py:3508} INFO - Setting next_dagrun for example_skip_dag to 2024-02-27T18:46:02.189217+00:00, run_after=2024-02-28T18:46:02.189217+00:00
[2024-02-28T18:46:02.206+0000] {processor.py:179} INFO - Processing /home/airflow/.local/lib/python3.7/site-packages/airflow/example_dags/example_skip_dag.py took 0.095 seconds
[2024-02-28T18:46:32.592+0000] {processor.py:157} INFO - Started process (PID=1709) to work on /home/airflow/.local/lib/python3.7/site-packages/airflow/example_dags/example_skip_dag.py
[2024-02-28T18:46:32.595+0000] {processor.py:826} INFO - Processing file /home/airflow/.local/lib/python3.7/site-packages/airflow/example_dags/example_skip_dag.py for tasks to queue
[2024-02-28T18:46:32.597+0000] {logging_mixin.py:150} INFO - [2024-02-28T18:46:32.597+0000] {dagbag.py:541} INFO - Filling up the DagBag from /home/airflow/.local/lib/python3.7/site-packages/airflow/example_dags/example_skip_dag.py
[2024-02-28T18:46:32.609+0000] {processor.py:836} INFO - DAG(s) dict_keys(['example_skip_dag']) retrieved from /home/airflow/.local/lib/python3.7/site-packages/airflow/example_dags/example_skip_dag.py
[2024-02-28T18:46:32.637+0000] {logging_mixin.py:150} INFO - [2024-02-28T18:46:32.637+0000] {dag.py:2742} INFO - Sync 1 DAGs
[2024-02-28T18:46:32.660+0000] {logging_mixin.py:150} INFO - [2024-02-28T18:46:32.660+0000] {dag.py:3508} INFO - Setting next_dagrun for example_skip_dag to 2024-02-27T18:46:32.660315+00:00, run_after=2024-02-28T18:46:32.660315+00:00
[2024-02-28T18:46:32.679+0000] {processor.py:179} INFO - Processing /home/airflow/.local/lib/python3.7/site-packages/airflow/example_dags/example_skip_dag.py took 0.092 seconds
[2024-02-28T18:47:03.040+0000] {processor.py:157} INFO - Started process (PID=1772) to work on /home/airflow/.local/lib/python3.7/site-packages/airflow/example_dags/example_skip_dag.py
[2024-02-28T18:47:03.043+0000] {processor.py:826} INFO - Processing file /home/airflow/.local/lib/python3.7/site-packages/airflow/example_dags/example_skip_dag.py for tasks to queue
[2024-02-28T18:47:03.045+0000] {logging_mixin.py:150} INFO - [2024-02-28T18:47:03.045+0000] {dagbag.py:541} INFO - Filling up the DagBag from /home/airflow/.local/lib/python3.7/site-packages/airflow/example_dags/example_skip_dag.py
[2024-02-28T18:47:03.059+0000] {processor.py:836} INFO - DAG(s) dict_keys(['example_skip_dag']) retrieved from /home/airflow/.local/lib/python3.7/site-packages/airflow/example_dags/example_skip_dag.py
[2024-02-28T18:47:03.091+0000] {logging_mixin.py:150} INFO - [2024-02-28T18:47:03.091+0000] {dag.py:2742} INFO - Sync 1 DAGs
[2024-02-28T18:47:03.117+0000] {logging_mixin.py:150} INFO - [2024-02-28T18:47:03.116+0000] {dag.py:3508} INFO - Setting next_dagrun for example_skip_dag to 2024-02-27T18:47:03.116532+00:00, run_after=2024-02-28T18:47:03.116532+00:00
[2024-02-28T18:47:03.135+0000] {processor.py:179} INFO - Processing /home/airflow/.local/lib/python3.7/site-packages/airflow/example_dags/example_skip_dag.py took 0.099 seconds
[2024-02-28T18:47:33.629+0000] {processor.py:157} INFO - Started process (PID=1835) to work on /home/airflow/.local/lib/python3.7/site-packages/airflow/example_dags/example_skip_dag.py
[2024-02-28T18:47:33.634+0000] {processor.py:826} INFO - Processing file /home/airflow/.local/lib/python3.7/site-packages/airflow/example_dags/example_skip_dag.py for tasks to queue
[2024-02-28T18:47:33.639+0000] {logging_mixin.py:150} INFO - [2024-02-28T18:47:33.638+0000] {dagbag.py:541} INFO - Filling up the DagBag from /home/airflow/.local/lib/python3.7/site-packages/airflow/example_dags/example_skip_dag.py
[2024-02-28T18:47:33.652+0000] {processor.py:836} INFO - DAG(s) dict_keys(['example_skip_dag']) retrieved from /home/airflow/.local/lib/python3.7/site-packages/airflow/example_dags/example_skip_dag.py
[2024-02-28T18:47:33.682+0000] {logging_mixin.py:150} INFO - [2024-02-28T18:47:33.681+0000] {dag.py:2742} INFO - Sync 1 DAGs
[2024-02-28T18:47:33.722+0000] {logging_mixin.py:150} INFO - [2024-02-28T18:47:33.722+0000] {dag.py:3508} INFO - Setting next_dagrun for example_skip_dag to 2024-02-27T18:47:33.722176+00:00, run_after=2024-02-28T18:47:33.722176+00:00
[2024-02-28T18:47:33.750+0000] {processor.py:179} INFO - Processing /home/airflow/.local/lib/python3.7/site-packages/airflow/example_dags/example_skip_dag.py took 0.126 seconds
[2024-02-28T18:48:03.989+0000] {processor.py:157} INFO - Started process (PID=1904) to work on /home/airflow/.local/lib/python3.7/site-packages/airflow/example_dags/example_skip_dag.py
[2024-02-28T18:48:03.991+0000] {processor.py:826} INFO - Processing file /home/airflow/.local/lib/python3.7/site-packages/airflow/example_dags/example_skip_dag.py for tasks to queue
[2024-02-28T18:48:03.993+0000] {logging_mixin.py:150} INFO - [2024-02-28T18:48:03.992+0000] {dagbag.py:541} INFO - Filling up the DagBag from /home/airflow/.local/lib/python3.7/site-packages/airflow/example_dags/example_skip_dag.py
[2024-02-28T18:48:04.002+0000] {processor.py:836} INFO - DAG(s) dict_keys(['example_skip_dag']) retrieved from /home/airflow/.local/lib/python3.7/site-packages/airflow/example_dags/example_skip_dag.py
[2024-02-28T18:48:04.040+0000] {logging_mixin.py:150} INFO - [2024-02-28T18:48:04.040+0000] {dag.py:2742} INFO - Sync 1 DAGs
[2024-02-28T18:48:04.072+0000] {logging_mixin.py:150} INFO - [2024-02-28T18:48:04.072+0000] {dag.py:3508} INFO - Setting next_dagrun for example_skip_dag to 2024-02-27T18:48:04.072310+00:00, run_after=2024-02-28T18:48:04.072310+00:00
[2024-02-28T18:48:04.097+0000] {processor.py:179} INFO - Processing /home/airflow/.local/lib/python3.7/site-packages/airflow/example_dags/example_skip_dag.py took 0.112 seconds
[2024-02-28T18:48:35.089+0000] {processor.py:157} INFO - Started process (PID=1967) to work on /home/airflow/.local/lib/python3.7/site-packages/airflow/example_dags/example_skip_dag.py
[2024-02-28T18:48:35.092+0000] {processor.py:826} INFO - Processing file /home/airflow/.local/lib/python3.7/site-packages/airflow/example_dags/example_skip_dag.py for tasks to queue
[2024-02-28T18:48:35.095+0000] {logging_mixin.py:150} INFO - [2024-02-28T18:48:35.094+0000] {dagbag.py:541} INFO - Filling up the DagBag from /home/airflow/.local/lib/python3.7/site-packages/airflow/example_dags/example_skip_dag.py
[2024-02-28T18:48:35.108+0000] {processor.py:836} INFO - DAG(s) dict_keys(['example_skip_dag']) retrieved from /home/airflow/.local/lib/python3.7/site-packages/airflow/example_dags/example_skip_dag.py
[2024-02-28T18:48:35.158+0000] {logging_mixin.py:150} INFO - [2024-02-28T18:48:35.158+0000] {dag.py:2742} INFO - Sync 1 DAGs
[2024-02-28T18:48:35.189+0000] {logging_mixin.py:150} INFO - [2024-02-28T18:48:35.189+0000] {dag.py:3508} INFO - Setting next_dagrun for example_skip_dag to 2024-02-27T18:48:35.188962+00:00, run_after=2024-02-28T18:48:35.188962+00:00
[2024-02-28T18:48:35.207+0000] {processor.py:179} INFO - Processing /home/airflow/.local/lib/python3.7/site-packages/airflow/example_dags/example_skip_dag.py took 0.130 seconds
[2024-02-28T18:49:09.463+0000] {processor.py:157} INFO - Started process (PID=2030) to work on /home/airflow/.local/lib/python3.7/site-packages/airflow/example_dags/example_skip_dag.py
[2024-02-28T18:49:09.471+0000] {processor.py:826} INFO - Processing file /home/airflow/.local/lib/python3.7/site-packages/airflow/example_dags/example_skip_dag.py for tasks to queue
[2024-02-28T18:49:09.476+0000] {logging_mixin.py:150} INFO - [2024-02-28T18:49:09.475+0000] {dagbag.py:541} INFO - Filling up the DagBag from /home/airflow/.local/lib/python3.7/site-packages/airflow/example_dags/example_skip_dag.py
[2024-02-28T18:49:09.490+0000] {processor.py:836} INFO - DAG(s) dict_keys(['example_skip_dag']) retrieved from /home/airflow/.local/lib/python3.7/site-packages/airflow/example_dags/example_skip_dag.py
[2024-02-28T18:49:09.583+0000] {logging_mixin.py:150} INFO - [2024-02-28T18:49:09.583+0000] {dag.py:2742} INFO - Sync 1 DAGs
[2024-02-28T18:49:09.626+0000] {logging_mixin.py:150} INFO - [2024-02-28T18:49:09.626+0000] {dag.py:3508} INFO - Setting next_dagrun for example_skip_dag to 2024-02-27T18:49:09.626173+00:00, run_after=2024-02-28T18:49:09.626173+00:00
[2024-02-28T18:49:09.660+0000] {processor.py:179} INFO - Processing /home/airflow/.local/lib/python3.7/site-packages/airflow/example_dags/example_skip_dag.py took 0.210 seconds
[2024-02-28T18:49:40.211+0000] {processor.py:157} INFO - Started process (PID=2101) to work on /home/airflow/.local/lib/python3.7/site-packages/airflow/example_dags/example_skip_dag.py
[2024-02-28T18:49:40.215+0000] {processor.py:826} INFO - Processing file /home/airflow/.local/lib/python3.7/site-packages/airflow/example_dags/example_skip_dag.py for tasks to queue
[2024-02-28T18:49:40.219+0000] {logging_mixin.py:150} INFO - [2024-02-28T18:49:40.219+0000] {dagbag.py:541} INFO - Filling up the DagBag from /home/airflow/.local/lib/python3.7/site-packages/airflow/example_dags/example_skip_dag.py
[2024-02-28T18:49:40.229+0000] {processor.py:836} INFO - DAG(s) dict_keys(['example_skip_dag']) retrieved from /home/airflow/.local/lib/python3.7/site-packages/airflow/example_dags/example_skip_dag.py
[2024-02-28T18:49:40.262+0000] {logging_mixin.py:150} INFO - [2024-02-28T18:49:40.262+0000] {dag.py:2742} INFO - Sync 1 DAGs
[2024-02-28T18:49:40.294+0000] {logging_mixin.py:150} INFO - [2024-02-28T18:49:40.293+0000] {dag.py:3508} INFO - Setting next_dagrun for example_skip_dag to 2024-02-27T18:49:40.293528+00:00, run_after=2024-02-28T18:49:40.293528+00:00
[2024-02-28T18:49:40.316+0000] {processor.py:179} INFO - Processing /home/airflow/.local/lib/python3.7/site-packages/airflow/example_dags/example_skip_dag.py took 0.110 seconds
[2024-02-28T18:50:11.480+0000] {processor.py:157} INFO - Started process (PID=2164) to work on /home/airflow/.local/lib/python3.7/site-packages/airflow/example_dags/example_skip_dag.py
[2024-02-28T18:50:11.485+0000] {processor.py:826} INFO - Processing file /home/airflow/.local/lib/python3.7/site-packages/airflow/example_dags/example_skip_dag.py for tasks to queue
[2024-02-28T18:50:11.490+0000] {logging_mixin.py:150} INFO - [2024-02-28T18:50:11.488+0000] {dagbag.py:541} INFO - Filling up the DagBag from /home/airflow/.local/lib/python3.7/site-packages/airflow/example_dags/example_skip_dag.py
[2024-02-28T18:50:11.516+0000] {processor.py:836} INFO - DAG(s) dict_keys(['example_skip_dag']) retrieved from /home/airflow/.local/lib/python3.7/site-packages/airflow/example_dags/example_skip_dag.py
[2024-02-28T18:50:11.573+0000] {logging_mixin.py:150} INFO - [2024-02-28T18:50:11.572+0000] {dag.py:2742} INFO - Sync 1 DAGs
[2024-02-28T18:50:11.609+0000] {logging_mixin.py:150} INFO - [2024-02-28T18:50:11.609+0000] {dag.py:3508} INFO - Setting next_dagrun for example_skip_dag to 2024-02-27T18:50:11.608941+00:00, run_after=2024-02-28T18:50:11.608941+00:00
[2024-02-28T18:50:11.639+0000] {processor.py:179} INFO - Processing /home/airflow/.local/lib/python3.7/site-packages/airflow/example_dags/example_skip_dag.py took 0.167 seconds
[2024-02-28T18:50:42.579+0000] {processor.py:157} INFO - Started process (PID=2231) to work on /home/airflow/.local/lib/python3.7/site-packages/airflow/example_dags/example_skip_dag.py
[2024-02-28T18:50:42.591+0000] {processor.py:826} INFO - Processing file /home/airflow/.local/lib/python3.7/site-packages/airflow/example_dags/example_skip_dag.py for tasks to queue
[2024-02-28T18:50:42.594+0000] {logging_mixin.py:150} INFO - [2024-02-28T18:50:42.594+0000] {dagbag.py:541} INFO - Filling up the DagBag from /home/airflow/.local/lib/python3.7/site-packages/airflow/example_dags/example_skip_dag.py
[2024-02-28T18:50:42.606+0000] {processor.py:836} INFO - DAG(s) dict_keys(['example_skip_dag']) retrieved from /home/airflow/.local/lib/python3.7/site-packages/airflow/example_dags/example_skip_dag.py
[2024-02-28T18:50:42.646+0000] {logging_mixin.py:150} INFO - [2024-02-28T18:50:42.646+0000] {dag.py:2742} INFO - Sync 1 DAGs
[2024-02-28T18:50:42.682+0000] {logging_mixin.py:150} INFO - [2024-02-28T18:50:42.682+0000] {dag.py:3508} INFO - Setting next_dagrun for example_skip_dag to 2024-02-27T18:50:42.682351+00:00, run_after=2024-02-28T18:50:42.682351+00:00
[2024-02-28T18:50:42.714+0000] {processor.py:179} INFO - Processing /home/airflow/.local/lib/python3.7/site-packages/airflow/example_dags/example_skip_dag.py took 0.141 seconds
[2024-02-28T18:51:13.243+0000] {processor.py:157} INFO - Started process (PID=2298) to work on /home/airflow/.local/lib/python3.7/site-packages/airflow/example_dags/example_skip_dag.py
[2024-02-28T18:51:13.247+0000] {processor.py:826} INFO - Processing file /home/airflow/.local/lib/python3.7/site-packages/airflow/example_dags/example_skip_dag.py for tasks to queue
[2024-02-28T18:51:13.249+0000] {logging_mixin.py:150} INFO - [2024-02-28T18:51:13.249+0000] {dagbag.py:541} INFO - Filling up the DagBag from /home/airflow/.local/lib/python3.7/site-packages/airflow/example_dags/example_skip_dag.py
[2024-02-28T18:51:13.267+0000] {processor.py:836} INFO - DAG(s) dict_keys(['example_skip_dag']) retrieved from /home/airflow/.local/lib/python3.7/site-packages/airflow/example_dags/example_skip_dag.py
[2024-02-28T18:51:13.310+0000] {logging_mixin.py:150} INFO - [2024-02-28T18:51:13.309+0000] {dag.py:2742} INFO - Sync 1 DAGs
[2024-02-28T18:51:13.354+0000] {logging_mixin.py:150} INFO - [2024-02-28T18:51:13.354+0000] {dag.py:3508} INFO - Setting next_dagrun for example_skip_dag to 2024-02-27T18:51:13.353997+00:00, run_after=2024-02-28T18:51:13.353997+00:00
[2024-02-28T18:51:13.376+0000] {processor.py:179} INFO - Processing /home/airflow/.local/lib/python3.7/site-packages/airflow/example_dags/example_skip_dag.py took 0.142 seconds
[2024-02-28T18:51:44.302+0000] {processor.py:157} INFO - Started process (PID=2361) to work on /home/airflow/.local/lib/python3.7/site-packages/airflow/example_dags/example_skip_dag.py
[2024-02-28T18:51:44.313+0000] {processor.py:826} INFO - Processing file /home/airflow/.local/lib/python3.7/site-packages/airflow/example_dags/example_skip_dag.py for tasks to queue
[2024-02-28T18:51:44.316+0000] {logging_mixin.py:150} INFO - [2024-02-28T18:51:44.315+0000] {dagbag.py:541} INFO - Filling up the DagBag from /home/airflow/.local/lib/python3.7/site-packages/airflow/example_dags/example_skip_dag.py
[2024-02-28T18:51:44.345+0000] {processor.py:836} INFO - DAG(s) dict_keys(['example_skip_dag']) retrieved from /home/airflow/.local/lib/python3.7/site-packages/airflow/example_dags/example_skip_dag.py
[2024-02-28T18:51:44.432+0000] {logging_mixin.py:150} INFO - [2024-02-28T18:51:44.432+0000] {dag.py:2742} INFO - Sync 1 DAGs
[2024-02-28T18:51:44.524+0000] {logging_mixin.py:150} INFO - [2024-02-28T18:51:44.519+0000] {dag.py:3508} INFO - Setting next_dagrun for example_skip_dag to 2024-02-27T18:51:44.515604+00:00, run_after=2024-02-28T18:51:44.515604+00:00
[2024-02-28T18:51:44.606+0000] {processor.py:179} INFO - Processing /home/airflow/.local/lib/python3.7/site-packages/airflow/example_dags/example_skip_dag.py took 0.326 seconds
[2024-02-28T18:52:14.695+0000] {processor.py:157} INFO - Started process (PID=2432) to work on /home/airflow/.local/lib/python3.7/site-packages/airflow/example_dags/example_skip_dag.py
[2024-02-28T18:52:14.698+0000] {processor.py:826} INFO - Processing file /home/airflow/.local/lib/python3.7/site-packages/airflow/example_dags/example_skip_dag.py for tasks to queue
[2024-02-28T18:52:14.700+0000] {logging_mixin.py:150} INFO - [2024-02-28T18:52:14.700+0000] {dagbag.py:541} INFO - Filling up the DagBag from /home/airflow/.local/lib/python3.7/site-packages/airflow/example_dags/example_skip_dag.py
[2024-02-28T18:52:14.712+0000] {processor.py:836} INFO - DAG(s) dict_keys(['example_skip_dag']) retrieved from /home/airflow/.local/lib/python3.7/site-packages/airflow/example_dags/example_skip_dag.py
[2024-02-28T18:52:14.746+0000] {logging_mixin.py:150} INFO - [2024-02-28T18:52:14.746+0000] {dag.py:2742} INFO - Sync 1 DAGs
[2024-02-28T18:52:14.774+0000] {logging_mixin.py:150} INFO - [2024-02-28T18:52:14.774+0000] {dag.py:3508} INFO - Setting next_dagrun for example_skip_dag to 2024-02-27T18:52:14.773973+00:00, run_after=2024-02-28T18:52:14.773973+00:00
[2024-02-28T18:52:14.795+0000] {processor.py:179} INFO - Processing /home/airflow/.local/lib/python3.7/site-packages/airflow/example_dags/example_skip_dag.py took 0.104 seconds
[2024-02-28T18:52:45.122+0000] {processor.py:157} INFO - Started process (PID=2495) to work on /home/airflow/.local/lib/python3.7/site-packages/airflow/example_dags/example_skip_dag.py
[2024-02-28T18:52:45.124+0000] {processor.py:826} INFO - Processing file /home/airflow/.local/lib/python3.7/site-packages/airflow/example_dags/example_skip_dag.py for tasks to queue
[2024-02-28T18:52:45.127+0000] {logging_mixin.py:150} INFO - [2024-02-28T18:52:45.126+0000] {dagbag.py:541} INFO - Filling up the DagBag from /home/airflow/.local/lib/python3.7/site-packages/airflow/example_dags/example_skip_dag.py
[2024-02-28T18:52:45.139+0000] {processor.py:836} INFO - DAG(s) dict_keys(['example_skip_dag']) retrieved from /home/airflow/.local/lib/python3.7/site-packages/airflow/example_dags/example_skip_dag.py
[2024-02-28T18:52:45.174+0000] {logging_mixin.py:150} INFO - [2024-02-28T18:52:45.174+0000] {dag.py:2742} INFO - Sync 1 DAGs
[2024-02-28T18:52:45.217+0000] {logging_mixin.py:150} INFO - [2024-02-28T18:52:45.216+0000] {dag.py:3508} INFO - Setting next_dagrun for example_skip_dag to 2024-02-27T18:52:45.216109+00:00, run_after=2024-02-28T18:52:45.216109+00:00
[2024-02-28T18:52:45.245+0000] {processor.py:179} INFO - Processing /home/airflow/.local/lib/python3.7/site-packages/airflow/example_dags/example_skip_dag.py took 0.128 seconds
