[2024-02-28T18:33:14.341+0000] {processor.py:157} INFO - Started process (PID=72) to work on /home/airflow/.local/lib/python3.7/site-packages/airflow/example_dags/example_setup_teardown.py
[2024-02-28T18:33:14.348+0000] {processor.py:826} INFO - Processing file /home/airflow/.local/lib/python3.7/site-packages/airflow/example_dags/example_setup_teardown.py for tasks to queue
[2024-02-28T18:33:14.353+0000] {logging_mixin.py:150} INFO - [2024-02-28T18:33:14.352+0000] {dagbag.py:541} INFO - Filling up the DagBag from /home/airflow/.local/lib/python3.7/site-packages/airflow/example_dags/example_setup_teardown.py
[2024-02-28T18:33:14.360+0000] {processor.py:838} WARNING - No viable dags retrieved from /home/airflow/.local/lib/python3.7/site-packages/airflow/example_dags/example_setup_teardown.py
[2024-02-28T18:33:14.390+0000] {processor.py:179} INFO - Processing /home/airflow/.local/lib/python3.7/site-packages/airflow/example_dags/example_setup_teardown.py took 0.073 seconds
[2024-02-28T18:33:45.171+0000] {processor.py:157} INFO - Started process (PID=135) to work on /home/airflow/.local/lib/python3.7/site-packages/airflow/example_dags/example_setup_teardown.py
[2024-02-28T18:33:45.173+0000] {processor.py:826} INFO - Processing file /home/airflow/.local/lib/python3.7/site-packages/airflow/example_dags/example_setup_teardown.py for tasks to queue
[2024-02-28T18:33:45.174+0000] {logging_mixin.py:150} INFO - [2024-02-28T18:33:45.174+0000] {dagbag.py:541} INFO - Filling up the DagBag from /home/airflow/.local/lib/python3.7/site-packages/airflow/example_dags/example_setup_teardown.py
[2024-02-28T18:33:45.178+0000] {processor.py:838} WARNING - No viable dags retrieved from /home/airflow/.local/lib/python3.7/site-packages/airflow/example_dags/example_setup_teardown.py
[2024-02-28T18:33:45.194+0000] {processor.py:179} INFO - Processing /home/airflow/.local/lib/python3.7/site-packages/airflow/example_dags/example_setup_teardown.py took 0.027 seconds
[2024-02-28T18:34:15.372+0000] {processor.py:157} INFO - Started process (PID=198) to work on /home/airflow/.local/lib/python3.7/site-packages/airflow/example_dags/example_setup_teardown.py
[2024-02-28T18:34:15.374+0000] {processor.py:826} INFO - Processing file /home/airflow/.local/lib/python3.7/site-packages/airflow/example_dags/example_setup_teardown.py for tasks to queue
[2024-02-28T18:34:15.376+0000] {logging_mixin.py:150} INFO - [2024-02-28T18:34:15.376+0000] {dagbag.py:541} INFO - Filling up the DagBag from /home/airflow/.local/lib/python3.7/site-packages/airflow/example_dags/example_setup_teardown.py
[2024-02-28T18:34:15.383+0000] {processor.py:838} WARNING - No viable dags retrieved from /home/airflow/.local/lib/python3.7/site-packages/airflow/example_dags/example_setup_teardown.py
[2024-02-28T18:34:15.403+0000] {processor.py:179} INFO - Processing /home/airflow/.local/lib/python3.7/site-packages/airflow/example_dags/example_setup_teardown.py took 0.035 seconds
[2024-02-28T18:34:46.202+0000] {processor.py:157} INFO - Started process (PID=261) to work on /home/airflow/.local/lib/python3.7/site-packages/airflow/example_dags/example_setup_teardown.py
[2024-02-28T18:34:46.207+0000] {processor.py:826} INFO - Processing file /home/airflow/.local/lib/python3.7/site-packages/airflow/example_dags/example_setup_teardown.py for tasks to queue
[2024-02-28T18:34:46.210+0000] {logging_mixin.py:150} INFO - [2024-02-28T18:34:46.209+0000] {dagbag.py:541} INFO - Filling up the DagBag from /home/airflow/.local/lib/python3.7/site-packages/airflow/example_dags/example_setup_teardown.py
[2024-02-28T18:34:46.214+0000] {processor.py:838} WARNING - No viable dags retrieved from /home/airflow/.local/lib/python3.7/site-packages/airflow/example_dags/example_setup_teardown.py
[2024-02-28T18:34:46.232+0000] {processor.py:179} INFO - Processing /home/airflow/.local/lib/python3.7/site-packages/airflow/example_dags/example_setup_teardown.py took 0.034 seconds
[2024-02-28T18:35:16.654+0000] {processor.py:157} INFO - Started process (PID=325) to work on /home/airflow/.local/lib/python3.7/site-packages/airflow/example_dags/example_setup_teardown.py
[2024-02-28T18:35:16.662+0000] {processor.py:826} INFO - Processing file /home/airflow/.local/lib/python3.7/site-packages/airflow/example_dags/example_setup_teardown.py for tasks to queue
[2024-02-28T18:35:16.665+0000] {logging_mixin.py:150} INFO - [2024-02-28T18:35:16.664+0000] {dagbag.py:541} INFO - Filling up the DagBag from /home/airflow/.local/lib/python3.7/site-packages/airflow/example_dags/example_setup_teardown.py
[2024-02-28T18:35:16.668+0000] {processor.py:838} WARNING - No viable dags retrieved from /home/airflow/.local/lib/python3.7/site-packages/airflow/example_dags/example_setup_teardown.py
[2024-02-28T18:35:16.688+0000] {processor.py:179} INFO - Processing /home/airflow/.local/lib/python3.7/site-packages/airflow/example_dags/example_setup_teardown.py took 0.037 seconds
[2024-02-28T18:35:47.576+0000] {processor.py:157} INFO - Started process (PID=389) to work on /home/airflow/.local/lib/python3.7/site-packages/airflow/example_dags/example_setup_teardown.py
[2024-02-28T18:35:47.579+0000] {processor.py:826} INFO - Processing file /home/airflow/.local/lib/python3.7/site-packages/airflow/example_dags/example_setup_teardown.py for tasks to queue
[2024-02-28T18:35:47.581+0000] {logging_mixin.py:150} INFO - [2024-02-28T18:35:47.580+0000] {dagbag.py:541} INFO - Filling up the DagBag from /home/airflow/.local/lib/python3.7/site-packages/airflow/example_dags/example_setup_teardown.py
[2024-02-28T18:35:47.584+0000] {processor.py:838} WARNING - No viable dags retrieved from /home/airflow/.local/lib/python3.7/site-packages/airflow/example_dags/example_setup_teardown.py
[2024-02-28T18:35:47.600+0000] {processor.py:179} INFO - Processing /home/airflow/.local/lib/python3.7/site-packages/airflow/example_dags/example_setup_teardown.py took 0.029 seconds
[2024-02-28T18:36:19.707+0000] {processor.py:157} INFO - Started process (PID=452) to work on /home/airflow/.local/lib/python3.7/site-packages/airflow/example_dags/example_setup_teardown.py
[2024-02-28T18:36:19.709+0000] {processor.py:826} INFO - Processing file /home/airflow/.local/lib/python3.7/site-packages/airflow/example_dags/example_setup_teardown.py for tasks to queue
[2024-02-28T18:36:19.711+0000] {logging_mixin.py:150} INFO - [2024-02-28T18:36:19.710+0000] {dagbag.py:541} INFO - Filling up the DagBag from /home/airflow/.local/lib/python3.7/site-packages/airflow/example_dags/example_setup_teardown.py
[2024-02-28T18:36:19.713+0000] {processor.py:838} WARNING - No viable dags retrieved from /home/airflow/.local/lib/python3.7/site-packages/airflow/example_dags/example_setup_teardown.py
[2024-02-28T18:36:19.733+0000] {processor.py:179} INFO - Processing /home/airflow/.local/lib/python3.7/site-packages/airflow/example_dags/example_setup_teardown.py took 0.029 seconds
[2024-02-28T18:36:50.487+0000] {processor.py:157} INFO - Started process (PID=515) to work on /home/airflow/.local/lib/python3.7/site-packages/airflow/example_dags/example_setup_teardown.py
[2024-02-28T18:36:50.491+0000] {processor.py:826} INFO - Processing file /home/airflow/.local/lib/python3.7/site-packages/airflow/example_dags/example_setup_teardown.py for tasks to queue
[2024-02-28T18:36:50.492+0000] {logging_mixin.py:150} INFO - [2024-02-28T18:36:50.492+0000] {dagbag.py:541} INFO - Filling up the DagBag from /home/airflow/.local/lib/python3.7/site-packages/airflow/example_dags/example_setup_teardown.py
[2024-02-28T18:36:50.496+0000] {processor.py:838} WARNING - No viable dags retrieved from /home/airflow/.local/lib/python3.7/site-packages/airflow/example_dags/example_setup_teardown.py
[2024-02-28T18:36:50.517+0000] {processor.py:179} INFO - Processing /home/airflow/.local/lib/python3.7/site-packages/airflow/example_dags/example_setup_teardown.py took 0.035 seconds
[2024-02-28T18:37:21.358+0000] {processor.py:157} INFO - Started process (PID=578) to work on /home/airflow/.local/lib/python3.7/site-packages/airflow/example_dags/example_setup_teardown.py
[2024-02-28T18:37:21.362+0000] {processor.py:826} INFO - Processing file /home/airflow/.local/lib/python3.7/site-packages/airflow/example_dags/example_setup_teardown.py for tasks to queue
[2024-02-28T18:37:21.371+0000] {logging_mixin.py:150} INFO - [2024-02-28T18:37:21.369+0000] {dagbag.py:541} INFO - Filling up the DagBag from /home/airflow/.local/lib/python3.7/site-packages/airflow/example_dags/example_setup_teardown.py
[2024-02-28T18:37:21.377+0000] {processor.py:838} WARNING - No viable dags retrieved from /home/airflow/.local/lib/python3.7/site-packages/airflow/example_dags/example_setup_teardown.py
[2024-02-28T18:37:21.426+0000] {processor.py:179} INFO - Processing /home/airflow/.local/lib/python3.7/site-packages/airflow/example_dags/example_setup_teardown.py took 0.072 seconds
[2024-02-28T18:37:52.403+0000] {processor.py:157} INFO - Started process (PID=641) to work on /home/airflow/.local/lib/python3.7/site-packages/airflow/example_dags/example_setup_teardown.py
[2024-02-28T18:37:52.405+0000] {processor.py:826} INFO - Processing file /home/airflow/.local/lib/python3.7/site-packages/airflow/example_dags/example_setup_teardown.py for tasks to queue
[2024-02-28T18:37:52.407+0000] {logging_mixin.py:150} INFO - [2024-02-28T18:37:52.407+0000] {dagbag.py:541} INFO - Filling up the DagBag from /home/airflow/.local/lib/python3.7/site-packages/airflow/example_dags/example_setup_teardown.py
[2024-02-28T18:37:52.411+0000] {processor.py:838} WARNING - No viable dags retrieved from /home/airflow/.local/lib/python3.7/site-packages/airflow/example_dags/example_setup_teardown.py
[2024-02-28T18:37:52.431+0000] {processor.py:179} INFO - Processing /home/airflow/.local/lib/python3.7/site-packages/airflow/example_dags/example_setup_teardown.py took 0.032 seconds
[2024-02-28T18:38:22.964+0000] {processor.py:157} INFO - Started process (PID=703) to work on /home/airflow/.local/lib/python3.7/site-packages/airflow/example_dags/example_setup_teardown.py
[2024-02-28T18:38:22.971+0000] {processor.py:826} INFO - Processing file /home/airflow/.local/lib/python3.7/site-packages/airflow/example_dags/example_setup_teardown.py for tasks to queue
[2024-02-28T18:38:22.976+0000] {logging_mixin.py:150} INFO - [2024-02-28T18:38:22.976+0000] {dagbag.py:541} INFO - Filling up the DagBag from /home/airflow/.local/lib/python3.7/site-packages/airflow/example_dags/example_setup_teardown.py
[2024-02-28T18:38:22.982+0000] {processor.py:838} WARNING - No viable dags retrieved from /home/airflow/.local/lib/python3.7/site-packages/airflow/example_dags/example_setup_teardown.py
[2024-02-28T18:38:23.013+0000] {processor.py:179} INFO - Processing /home/airflow/.local/lib/python3.7/site-packages/airflow/example_dags/example_setup_teardown.py took 0.054 seconds
[2024-02-28T18:38:53.954+0000] {processor.py:157} INFO - Started process (PID=765) to work on /home/airflow/.local/lib/python3.7/site-packages/airflow/example_dags/example_setup_teardown.py
[2024-02-28T18:38:53.960+0000] {processor.py:826} INFO - Processing file /home/airflow/.local/lib/python3.7/site-packages/airflow/example_dags/example_setup_teardown.py for tasks to queue
[2024-02-28T18:38:53.967+0000] {logging_mixin.py:150} INFO - [2024-02-28T18:38:53.966+0000] {dagbag.py:541} INFO - Filling up the DagBag from /home/airflow/.local/lib/python3.7/site-packages/airflow/example_dags/example_setup_teardown.py
[2024-02-28T18:38:53.971+0000] {processor.py:838} WARNING - No viable dags retrieved from /home/airflow/.local/lib/python3.7/site-packages/airflow/example_dags/example_setup_teardown.py
[2024-02-28T18:38:53.994+0000] {processor.py:179} INFO - Processing /home/airflow/.local/lib/python3.7/site-packages/airflow/example_dags/example_setup_teardown.py took 0.044 seconds
[2024-02-28T18:39:24.870+0000] {processor.py:157} INFO - Started process (PID=828) to work on /home/airflow/.local/lib/python3.7/site-packages/airflow/example_dags/example_setup_teardown.py
[2024-02-28T18:39:24.874+0000] {processor.py:826} INFO - Processing file /home/airflow/.local/lib/python3.7/site-packages/airflow/example_dags/example_setup_teardown.py for tasks to queue
[2024-02-28T18:39:24.878+0000] {logging_mixin.py:150} INFO - [2024-02-28T18:39:24.878+0000] {dagbag.py:541} INFO - Filling up the DagBag from /home/airflow/.local/lib/python3.7/site-packages/airflow/example_dags/example_setup_teardown.py
[2024-02-28T18:39:24.888+0000] {processor.py:838} WARNING - No viable dags retrieved from /home/airflow/.local/lib/python3.7/site-packages/airflow/example_dags/example_setup_teardown.py
[2024-02-28T18:39:24.908+0000] {processor.py:179} INFO - Processing /home/airflow/.local/lib/python3.7/site-packages/airflow/example_dags/example_setup_teardown.py took 0.043 seconds
[2024-02-28T18:39:55.185+0000] {processor.py:157} INFO - Started process (PID=892) to work on /home/airflow/.local/lib/python3.7/site-packages/airflow/example_dags/example_setup_teardown.py
[2024-02-28T18:39:55.187+0000] {processor.py:826} INFO - Processing file /home/airflow/.local/lib/python3.7/site-packages/airflow/example_dags/example_setup_teardown.py for tasks to queue
[2024-02-28T18:39:55.189+0000] {logging_mixin.py:150} INFO - [2024-02-28T18:39:55.189+0000] {dagbag.py:541} INFO - Filling up the DagBag from /home/airflow/.local/lib/python3.7/site-packages/airflow/example_dags/example_setup_teardown.py
[2024-02-28T18:39:55.194+0000] {processor.py:838} WARNING - No viable dags retrieved from /home/airflow/.local/lib/python3.7/site-packages/airflow/example_dags/example_setup_teardown.py
[2024-02-28T18:39:55.213+0000] {processor.py:179} INFO - Processing /home/airflow/.local/lib/python3.7/site-packages/airflow/example_dags/example_setup_teardown.py took 0.031 seconds
[2024-02-28T18:40:25.757+0000] {processor.py:157} INFO - Started process (PID=955) to work on /home/airflow/.local/lib/python3.7/site-packages/airflow/example_dags/example_setup_teardown.py
[2024-02-28T18:40:25.762+0000] {processor.py:826} INFO - Processing file /home/airflow/.local/lib/python3.7/site-packages/airflow/example_dags/example_setup_teardown.py for tasks to queue
[2024-02-28T18:40:25.765+0000] {logging_mixin.py:150} INFO - [2024-02-28T18:40:25.764+0000] {dagbag.py:541} INFO - Filling up the DagBag from /home/airflow/.local/lib/python3.7/site-packages/airflow/example_dags/example_setup_teardown.py
[2024-02-28T18:40:25.771+0000] {processor.py:838} WARNING - No viable dags retrieved from /home/airflow/.local/lib/python3.7/site-packages/airflow/example_dags/example_setup_teardown.py
[2024-02-28T18:40:25.796+0000] {processor.py:179} INFO - Processing /home/airflow/.local/lib/python3.7/site-packages/airflow/example_dags/example_setup_teardown.py took 0.045 seconds
[2024-02-28T18:40:56.264+0000] {processor.py:157} INFO - Started process (PID=1018) to work on /home/airflow/.local/lib/python3.7/site-packages/airflow/example_dags/example_setup_teardown.py
[2024-02-28T18:40:56.272+0000] {processor.py:826} INFO - Processing file /home/airflow/.local/lib/python3.7/site-packages/airflow/example_dags/example_setup_teardown.py for tasks to queue
[2024-02-28T18:40:56.275+0000] {logging_mixin.py:150} INFO - [2024-02-28T18:40:56.274+0000] {dagbag.py:541} INFO - Filling up the DagBag from /home/airflow/.local/lib/python3.7/site-packages/airflow/example_dags/example_setup_teardown.py
[2024-02-28T18:40:56.280+0000] {processor.py:838} WARNING - No viable dags retrieved from /home/airflow/.local/lib/python3.7/site-packages/airflow/example_dags/example_setup_teardown.py
[2024-02-28T18:40:56.322+0000] {processor.py:179} INFO - Processing /home/airflow/.local/lib/python3.7/site-packages/airflow/example_dags/example_setup_teardown.py took 0.063 seconds
[2024-02-28T18:41:26.867+0000] {processor.py:157} INFO - Started process (PID=1081) to work on /home/airflow/.local/lib/python3.7/site-packages/airflow/example_dags/example_setup_teardown.py
[2024-02-28T18:41:26.869+0000] {processor.py:826} INFO - Processing file /home/airflow/.local/lib/python3.7/site-packages/airflow/example_dags/example_setup_teardown.py for tasks to queue
[2024-02-28T18:41:26.870+0000] {logging_mixin.py:150} INFO - [2024-02-28T18:41:26.870+0000] {dagbag.py:541} INFO - Filling up the DagBag from /home/airflow/.local/lib/python3.7/site-packages/airflow/example_dags/example_setup_teardown.py
[2024-02-28T18:41:26.873+0000] {processor.py:838} WARNING - No viable dags retrieved from /home/airflow/.local/lib/python3.7/site-packages/airflow/example_dags/example_setup_teardown.py
[2024-02-28T18:41:26.905+0000] {processor.py:179} INFO - Processing /home/airflow/.local/lib/python3.7/site-packages/airflow/example_dags/example_setup_teardown.py took 0.041 seconds
[2024-02-28T18:41:57.490+0000] {processor.py:157} INFO - Started process (PID=1144) to work on /home/airflow/.local/lib/python3.7/site-packages/airflow/example_dags/example_setup_teardown.py
[2024-02-28T18:41:57.494+0000] {processor.py:826} INFO - Processing file /home/airflow/.local/lib/python3.7/site-packages/airflow/example_dags/example_setup_teardown.py for tasks to queue
[2024-02-28T18:41:57.497+0000] {logging_mixin.py:150} INFO - [2024-02-28T18:41:57.496+0000] {dagbag.py:541} INFO - Filling up the DagBag from /home/airflow/.local/lib/python3.7/site-packages/airflow/example_dags/example_setup_teardown.py
[2024-02-28T18:41:57.501+0000] {processor.py:838} WARNING - No viable dags retrieved from /home/airflow/.local/lib/python3.7/site-packages/airflow/example_dags/example_setup_teardown.py
[2024-02-28T18:41:57.549+0000] {processor.py:179} INFO - Processing /home/airflow/.local/lib/python3.7/site-packages/airflow/example_dags/example_setup_teardown.py took 0.063 seconds
[2024-02-28T18:42:28.211+0000] {processor.py:157} INFO - Started process (PID=1207) to work on /home/airflow/.local/lib/python3.7/site-packages/airflow/example_dags/example_setup_teardown.py
[2024-02-28T18:42:28.215+0000] {processor.py:826} INFO - Processing file /home/airflow/.local/lib/python3.7/site-packages/airflow/example_dags/example_setup_teardown.py for tasks to queue
[2024-02-28T18:42:28.220+0000] {logging_mixin.py:150} INFO - [2024-02-28T18:42:28.219+0000] {dagbag.py:541} INFO - Filling up the DagBag from /home/airflow/.local/lib/python3.7/site-packages/airflow/example_dags/example_setup_teardown.py
[2024-02-28T18:42:28.226+0000] {processor.py:838} WARNING - No viable dags retrieved from /home/airflow/.local/lib/python3.7/site-packages/airflow/example_dags/example_setup_teardown.py
[2024-02-28T18:42:28.249+0000] {processor.py:179} INFO - Processing /home/airflow/.local/lib/python3.7/site-packages/airflow/example_dags/example_setup_teardown.py took 0.041 seconds
[2024-02-28T18:42:58.650+0000] {processor.py:157} INFO - Started process (PID=1270) to work on /home/airflow/.local/lib/python3.7/site-packages/airflow/example_dags/example_setup_teardown.py
[2024-02-28T18:42:58.652+0000] {processor.py:826} INFO - Processing file /home/airflow/.local/lib/python3.7/site-packages/airflow/example_dags/example_setup_teardown.py for tasks to queue
[2024-02-28T18:42:58.654+0000] {logging_mixin.py:150} INFO - [2024-02-28T18:42:58.654+0000] {dagbag.py:541} INFO - Filling up the DagBag from /home/airflow/.local/lib/python3.7/site-packages/airflow/example_dags/example_setup_teardown.py
[2024-02-28T18:42:58.658+0000] {processor.py:838} WARNING - No viable dags retrieved from /home/airflow/.local/lib/python3.7/site-packages/airflow/example_dags/example_setup_teardown.py
[2024-02-28T18:42:58.682+0000] {processor.py:179} INFO - Processing /home/airflow/.local/lib/python3.7/site-packages/airflow/example_dags/example_setup_teardown.py took 0.035 seconds
[2024-02-28T18:43:29.480+0000] {processor.py:157} INFO - Started process (PID=1333) to work on /home/airflow/.local/lib/python3.7/site-packages/airflow/example_dags/example_setup_teardown.py
[2024-02-28T18:43:29.483+0000] {processor.py:826} INFO - Processing file /home/airflow/.local/lib/python3.7/site-packages/airflow/example_dags/example_setup_teardown.py for tasks to queue
[2024-02-28T18:43:29.486+0000] {logging_mixin.py:150} INFO - [2024-02-28T18:43:29.486+0000] {dagbag.py:541} INFO - Filling up the DagBag from /home/airflow/.local/lib/python3.7/site-packages/airflow/example_dags/example_setup_teardown.py
[2024-02-28T18:43:29.493+0000] {processor.py:838} WARNING - No viable dags retrieved from /home/airflow/.local/lib/python3.7/site-packages/airflow/example_dags/example_setup_teardown.py
[2024-02-28T18:43:29.516+0000] {processor.py:179} INFO - Processing /home/airflow/.local/lib/python3.7/site-packages/airflow/example_dags/example_setup_teardown.py took 0.039 seconds
[2024-02-28T18:44:00.056+0000] {processor.py:157} INFO - Started process (PID=1396) to work on /home/airflow/.local/lib/python3.7/site-packages/airflow/example_dags/example_setup_teardown.py
[2024-02-28T18:44:00.058+0000] {processor.py:826} INFO - Processing file /home/airflow/.local/lib/python3.7/site-packages/airflow/example_dags/example_setup_teardown.py for tasks to queue
[2024-02-28T18:44:00.061+0000] {logging_mixin.py:150} INFO - [2024-02-28T18:44:00.060+0000] {dagbag.py:541} INFO - Filling up the DagBag from /home/airflow/.local/lib/python3.7/site-packages/airflow/example_dags/example_setup_teardown.py
[2024-02-28T18:44:00.068+0000] {processor.py:838} WARNING - No viable dags retrieved from /home/airflow/.local/lib/python3.7/site-packages/airflow/example_dags/example_setup_teardown.py
[2024-02-28T18:44:00.095+0000] {processor.py:179} INFO - Processing /home/airflow/.local/lib/python3.7/site-packages/airflow/example_dags/example_setup_teardown.py took 0.043 seconds
[2024-02-28T18:44:31.033+0000] {processor.py:157} INFO - Started process (PID=1459) to work on /home/airflow/.local/lib/python3.7/site-packages/airflow/example_dags/example_setup_teardown.py
[2024-02-28T18:44:31.035+0000] {processor.py:826} INFO - Processing file /home/airflow/.local/lib/python3.7/site-packages/airflow/example_dags/example_setup_teardown.py for tasks to queue
[2024-02-28T18:44:31.039+0000] {logging_mixin.py:150} INFO - [2024-02-28T18:44:31.038+0000] {dagbag.py:541} INFO - Filling up the DagBag from /home/airflow/.local/lib/python3.7/site-packages/airflow/example_dags/example_setup_teardown.py
[2024-02-28T18:44:31.045+0000] {processor.py:838} WARNING - No viable dags retrieved from /home/airflow/.local/lib/python3.7/site-packages/airflow/example_dags/example_setup_teardown.py
[2024-02-28T18:44:31.081+0000] {processor.py:179} INFO - Processing /home/airflow/.local/lib/python3.7/site-packages/airflow/example_dags/example_setup_teardown.py took 0.060 seconds
[2024-02-28T18:45:01.430+0000] {processor.py:157} INFO - Started process (PID=1522) to work on /home/airflow/.local/lib/python3.7/site-packages/airflow/example_dags/example_setup_teardown.py
[2024-02-28T18:45:01.432+0000] {processor.py:826} INFO - Processing file /home/airflow/.local/lib/python3.7/site-packages/airflow/example_dags/example_setup_teardown.py for tasks to queue
[2024-02-28T18:45:01.436+0000] {logging_mixin.py:150} INFO - [2024-02-28T18:45:01.435+0000] {dagbag.py:541} INFO - Filling up the DagBag from /home/airflow/.local/lib/python3.7/site-packages/airflow/example_dags/example_setup_teardown.py
[2024-02-28T18:45:01.441+0000] {processor.py:838} WARNING - No viable dags retrieved from /home/airflow/.local/lib/python3.7/site-packages/airflow/example_dags/example_setup_teardown.py
[2024-02-28T18:45:01.463+0000] {processor.py:179} INFO - Processing /home/airflow/.local/lib/python3.7/site-packages/airflow/example_dags/example_setup_teardown.py took 0.036 seconds
[2024-02-28T18:45:32.441+0000] {processor.py:157} INFO - Started process (PID=1586) to work on /home/airflow/.local/lib/python3.7/site-packages/airflow/example_dags/example_setup_teardown.py
[2024-02-28T18:45:32.444+0000] {processor.py:826} INFO - Processing file /home/airflow/.local/lib/python3.7/site-packages/airflow/example_dags/example_setup_teardown.py for tasks to queue
[2024-02-28T18:45:32.446+0000] {logging_mixin.py:150} INFO - [2024-02-28T18:45:32.445+0000] {dagbag.py:541} INFO - Filling up the DagBag from /home/airflow/.local/lib/python3.7/site-packages/airflow/example_dags/example_setup_teardown.py
[2024-02-28T18:45:32.449+0000] {processor.py:838} WARNING - No viable dags retrieved from /home/airflow/.local/lib/python3.7/site-packages/airflow/example_dags/example_setup_teardown.py
[2024-02-28T18:45:32.471+0000] {processor.py:179} INFO - Processing /home/airflow/.local/lib/python3.7/site-packages/airflow/example_dags/example_setup_teardown.py took 0.033 seconds
[2024-02-28T18:46:03.499+0000] {processor.py:157} INFO - Started process (PID=1656) to work on /home/airflow/.local/lib/python3.7/site-packages/airflow/example_dags/example_setup_teardown.py
[2024-02-28T18:46:03.501+0000] {processor.py:826} INFO - Processing file /home/airflow/.local/lib/python3.7/site-packages/airflow/example_dags/example_setup_teardown.py for tasks to queue
[2024-02-28T18:46:03.504+0000] {logging_mixin.py:150} INFO - [2024-02-28T18:46:03.504+0000] {dagbag.py:541} INFO - Filling up the DagBag from /home/airflow/.local/lib/python3.7/site-packages/airflow/example_dags/example_setup_teardown.py
[2024-02-28T18:46:03.508+0000] {processor.py:838} WARNING - No viable dags retrieved from /home/airflow/.local/lib/python3.7/site-packages/airflow/example_dags/example_setup_teardown.py
[2024-02-28T18:46:03.529+0000] {processor.py:179} INFO - Processing /home/airflow/.local/lib/python3.7/site-packages/airflow/example_dags/example_setup_teardown.py took 0.034 seconds
[2024-02-28T18:46:33.851+0000] {processor.py:157} INFO - Started process (PID=1719) to work on /home/airflow/.local/lib/python3.7/site-packages/airflow/example_dags/example_setup_teardown.py
[2024-02-28T18:46:33.853+0000] {processor.py:826} INFO - Processing file /home/airflow/.local/lib/python3.7/site-packages/airflow/example_dags/example_setup_teardown.py for tasks to queue
[2024-02-28T18:46:33.855+0000] {logging_mixin.py:150} INFO - [2024-02-28T18:46:33.855+0000] {dagbag.py:541} INFO - Filling up the DagBag from /home/airflow/.local/lib/python3.7/site-packages/airflow/example_dags/example_setup_teardown.py
[2024-02-28T18:46:33.858+0000] {processor.py:838} WARNING - No viable dags retrieved from /home/airflow/.local/lib/python3.7/site-packages/airflow/example_dags/example_setup_teardown.py
[2024-02-28T18:46:33.881+0000] {processor.py:179} INFO - Processing /home/airflow/.local/lib/python3.7/site-packages/airflow/example_dags/example_setup_teardown.py took 0.035 seconds
[2024-02-28T18:47:04.256+0000] {processor.py:157} INFO - Started process (PID=1782) to work on /home/airflow/.local/lib/python3.7/site-packages/airflow/example_dags/example_setup_teardown.py
[2024-02-28T18:47:04.259+0000] {processor.py:826} INFO - Processing file /home/airflow/.local/lib/python3.7/site-packages/airflow/example_dags/example_setup_teardown.py for tasks to queue
[2024-02-28T18:47:04.261+0000] {logging_mixin.py:150} INFO - [2024-02-28T18:47:04.260+0000] {dagbag.py:541} INFO - Filling up the DagBag from /home/airflow/.local/lib/python3.7/site-packages/airflow/example_dags/example_setup_teardown.py
[2024-02-28T18:47:04.264+0000] {processor.py:838} WARNING - No viable dags retrieved from /home/airflow/.local/lib/python3.7/site-packages/airflow/example_dags/example_setup_teardown.py
[2024-02-28T18:47:04.281+0000] {processor.py:179} INFO - Processing /home/airflow/.local/lib/python3.7/site-packages/airflow/example_dags/example_setup_teardown.py took 0.029 seconds
[2024-02-28T18:47:34.970+0000] {processor.py:157} INFO - Started process (PID=1845) to work on /home/airflow/.local/lib/python3.7/site-packages/airflow/example_dags/example_setup_teardown.py
[2024-02-28T18:47:34.975+0000] {processor.py:826} INFO - Processing file /home/airflow/.local/lib/python3.7/site-packages/airflow/example_dags/example_setup_teardown.py for tasks to queue
[2024-02-28T18:47:34.978+0000] {logging_mixin.py:150} INFO - [2024-02-28T18:47:34.978+0000] {dagbag.py:541} INFO - Filling up the DagBag from /home/airflow/.local/lib/python3.7/site-packages/airflow/example_dags/example_setup_teardown.py
[2024-02-28T18:47:34.981+0000] {processor.py:838} WARNING - No viable dags retrieved from /home/airflow/.local/lib/python3.7/site-packages/airflow/example_dags/example_setup_teardown.py
[2024-02-28T18:47:35.001+0000] {processor.py:179} INFO - Processing /home/airflow/.local/lib/python3.7/site-packages/airflow/example_dags/example_setup_teardown.py took 0.034 seconds
[2024-02-28T18:48:05.164+0000] {processor.py:157} INFO - Started process (PID=1907) to work on /home/airflow/.local/lib/python3.7/site-packages/airflow/example_dags/example_setup_teardown.py
[2024-02-28T18:48:05.169+0000] {processor.py:826} INFO - Processing file /home/airflow/.local/lib/python3.7/site-packages/airflow/example_dags/example_setup_teardown.py for tasks to queue
[2024-02-28T18:48:05.171+0000] {logging_mixin.py:150} INFO - [2024-02-28T18:48:05.171+0000] {dagbag.py:541} INFO - Filling up the DagBag from /home/airflow/.local/lib/python3.7/site-packages/airflow/example_dags/example_setup_teardown.py
[2024-02-28T18:48:05.175+0000] {processor.py:838} WARNING - No viable dags retrieved from /home/airflow/.local/lib/python3.7/site-packages/airflow/example_dags/example_setup_teardown.py
[2024-02-28T18:48:05.202+0000] {processor.py:179} INFO - Processing /home/airflow/.local/lib/python3.7/site-packages/airflow/example_dags/example_setup_teardown.py took 0.041 seconds
[2024-02-28T18:48:35.429+0000] {processor.py:157} INFO - Started process (PID=1969) to work on /home/airflow/.local/lib/python3.7/site-packages/airflow/example_dags/example_setup_teardown.py
[2024-02-28T18:48:35.431+0000] {processor.py:826} INFO - Processing file /home/airflow/.local/lib/python3.7/site-packages/airflow/example_dags/example_setup_teardown.py for tasks to queue
[2024-02-28T18:48:35.432+0000] {logging_mixin.py:150} INFO - [2024-02-28T18:48:35.432+0000] {dagbag.py:541} INFO - Filling up the DagBag from /home/airflow/.local/lib/python3.7/site-packages/airflow/example_dags/example_setup_teardown.py
[2024-02-28T18:48:35.435+0000] {processor.py:838} WARNING - No viable dags retrieved from /home/airflow/.local/lib/python3.7/site-packages/airflow/example_dags/example_setup_teardown.py
[2024-02-28T18:48:35.455+0000] {processor.py:179} INFO - Processing /home/airflow/.local/lib/python3.7/site-packages/airflow/example_dags/example_setup_teardown.py took 0.030 seconds
[2024-02-28T18:49:10.007+0000] {processor.py:157} INFO - Started process (PID=2033) to work on /home/airflow/.local/lib/python3.7/site-packages/airflow/example_dags/example_setup_teardown.py
[2024-02-28T18:49:10.012+0000] {processor.py:826} INFO - Processing file /home/airflow/.local/lib/python3.7/site-packages/airflow/example_dags/example_setup_teardown.py for tasks to queue
[2024-02-28T18:49:10.021+0000] {logging_mixin.py:150} INFO - [2024-02-28T18:49:10.020+0000] {dagbag.py:541} INFO - Filling up the DagBag from /home/airflow/.local/lib/python3.7/site-packages/airflow/example_dags/example_setup_teardown.py
[2024-02-28T18:49:10.033+0000] {processor.py:838} WARNING - No viable dags retrieved from /home/airflow/.local/lib/python3.7/site-packages/airflow/example_dags/example_setup_teardown.py
[2024-02-28T18:49:10.063+0000] {processor.py:179} INFO - Processing /home/airflow/.local/lib/python3.7/site-packages/airflow/example_dags/example_setup_teardown.py took 0.075 seconds
[2024-02-28T18:49:40.506+0000] {processor.py:157} INFO - Started process (PID=2104) to work on /home/airflow/.local/lib/python3.7/site-packages/airflow/example_dags/example_setup_teardown.py
[2024-02-28T18:49:40.509+0000] {processor.py:826} INFO - Processing file /home/airflow/.local/lib/python3.7/site-packages/airflow/example_dags/example_setup_teardown.py for tasks to queue
[2024-02-28T18:49:40.516+0000] {logging_mixin.py:150} INFO - [2024-02-28T18:49:40.514+0000] {dagbag.py:541} INFO - Filling up the DagBag from /home/airflow/.local/lib/python3.7/site-packages/airflow/example_dags/example_setup_teardown.py
[2024-02-28T18:49:40.523+0000] {processor.py:838} WARNING - No viable dags retrieved from /home/airflow/.local/lib/python3.7/site-packages/airflow/example_dags/example_setup_teardown.py
[2024-02-28T18:49:40.546+0000] {processor.py:179} INFO - Processing /home/airflow/.local/lib/python3.7/site-packages/airflow/example_dags/example_setup_teardown.py took 0.044 seconds
[2024-02-28T18:50:12.084+0000] {processor.py:157} INFO - Started process (PID=2171) to work on /home/airflow/.local/lib/python3.7/site-packages/airflow/example_dags/example_setup_teardown.py
[2024-02-28T18:50:12.089+0000] {processor.py:826} INFO - Processing file /home/airflow/.local/lib/python3.7/site-packages/airflow/example_dags/example_setup_teardown.py for tasks to queue
[2024-02-28T18:50:12.097+0000] {logging_mixin.py:150} INFO - [2024-02-28T18:50:12.097+0000] {dagbag.py:541} INFO - Filling up the DagBag from /home/airflow/.local/lib/python3.7/site-packages/airflow/example_dags/example_setup_teardown.py
[2024-02-28T18:50:12.105+0000] {processor.py:838} WARNING - No viable dags retrieved from /home/airflow/.local/lib/python3.7/site-packages/airflow/example_dags/example_setup_teardown.py
[2024-02-28T18:50:12.154+0000] {processor.py:179} INFO - Processing /home/airflow/.local/lib/python3.7/site-packages/airflow/example_dags/example_setup_teardown.py took 0.073 seconds
[2024-02-28T18:50:42.842+0000] {processor.py:157} INFO - Started process (PID=2234) to work on /home/airflow/.local/lib/python3.7/site-packages/airflow/example_dags/example_setup_teardown.py
[2024-02-28T18:50:42.844+0000] {processor.py:826} INFO - Processing file /home/airflow/.local/lib/python3.7/site-packages/airflow/example_dags/example_setup_teardown.py for tasks to queue
[2024-02-28T18:50:42.845+0000] {logging_mixin.py:150} INFO - [2024-02-28T18:50:42.845+0000] {dagbag.py:541} INFO - Filling up the DagBag from /home/airflow/.local/lib/python3.7/site-packages/airflow/example_dags/example_setup_teardown.py
[2024-02-28T18:50:42.849+0000] {processor.py:838} WARNING - No viable dags retrieved from /home/airflow/.local/lib/python3.7/site-packages/airflow/example_dags/example_setup_teardown.py
[2024-02-28T18:50:42.870+0000] {processor.py:179} INFO - Processing /home/airflow/.local/lib/python3.7/site-packages/airflow/example_dags/example_setup_teardown.py took 0.032 seconds
[2024-02-28T18:51:13.479+0000] {processor.py:157} INFO - Started process (PID=2301) to work on /home/airflow/.local/lib/python3.7/site-packages/airflow/example_dags/example_setup_teardown.py
[2024-02-28T18:51:13.483+0000] {processor.py:826} INFO - Processing file /home/airflow/.local/lib/python3.7/site-packages/airflow/example_dags/example_setup_teardown.py for tasks to queue
[2024-02-28T18:51:13.485+0000] {logging_mixin.py:150} INFO - [2024-02-28T18:51:13.484+0000] {dagbag.py:541} INFO - Filling up the DagBag from /home/airflow/.local/lib/python3.7/site-packages/airflow/example_dags/example_setup_teardown.py
[2024-02-28T18:51:13.489+0000] {processor.py:838} WARNING - No viable dags retrieved from /home/airflow/.local/lib/python3.7/site-packages/airflow/example_dags/example_setup_teardown.py
[2024-02-28T18:51:13.509+0000] {processor.py:179} INFO - Processing /home/airflow/.local/lib/python3.7/site-packages/airflow/example_dags/example_setup_teardown.py took 0.034 seconds
[2024-02-28T18:51:44.850+0000] {processor.py:157} INFO - Started process (PID=2364) to work on /home/airflow/.local/lib/python3.7/site-packages/airflow/example_dags/example_setup_teardown.py
[2024-02-28T18:51:44.853+0000] {processor.py:826} INFO - Processing file /home/airflow/.local/lib/python3.7/site-packages/airflow/example_dags/example_setup_teardown.py for tasks to queue
[2024-02-28T18:51:44.856+0000] {logging_mixin.py:150} INFO - [2024-02-28T18:51:44.856+0000] {dagbag.py:541} INFO - Filling up the DagBag from /home/airflow/.local/lib/python3.7/site-packages/airflow/example_dags/example_setup_teardown.py
[2024-02-28T18:51:44.866+0000] {processor.py:838} WARNING - No viable dags retrieved from /home/airflow/.local/lib/python3.7/site-packages/airflow/example_dags/example_setup_teardown.py
[2024-02-28T18:51:44.886+0000] {processor.py:179} INFO - Processing /home/airflow/.local/lib/python3.7/site-packages/airflow/example_dags/example_setup_teardown.py took 0.047 seconds
[2024-02-28T18:52:15.079+0000] {processor.py:157} INFO - Started process (PID=2435) to work on /home/airflow/.local/lib/python3.7/site-packages/airflow/example_dags/example_setup_teardown.py
[2024-02-28T18:52:15.083+0000] {processor.py:826} INFO - Processing file /home/airflow/.local/lib/python3.7/site-packages/airflow/example_dags/example_setup_teardown.py for tasks to queue
[2024-02-28T18:52:15.086+0000] {logging_mixin.py:150} INFO - [2024-02-28T18:52:15.085+0000] {dagbag.py:541} INFO - Filling up the DagBag from /home/airflow/.local/lib/python3.7/site-packages/airflow/example_dags/example_setup_teardown.py
[2024-02-28T18:52:15.092+0000] {processor.py:838} WARNING - No viable dags retrieved from /home/airflow/.local/lib/python3.7/site-packages/airflow/example_dags/example_setup_teardown.py
[2024-02-28T18:52:15.118+0000] {processor.py:179} INFO - Processing /home/airflow/.local/lib/python3.7/site-packages/airflow/example_dags/example_setup_teardown.py took 0.048 seconds
[2024-02-28T18:52:45.443+0000] {processor.py:157} INFO - Started process (PID=2498) to work on /home/airflow/.local/lib/python3.7/site-packages/airflow/example_dags/example_setup_teardown.py
[2024-02-28T18:52:45.446+0000] {processor.py:826} INFO - Processing file /home/airflow/.local/lib/python3.7/site-packages/airflow/example_dags/example_setup_teardown.py for tasks to queue
[2024-02-28T18:52:45.448+0000] {logging_mixin.py:150} INFO - [2024-02-28T18:52:45.447+0000] {dagbag.py:541} INFO - Filling up the DagBag from /home/airflow/.local/lib/python3.7/site-packages/airflow/example_dags/example_setup_teardown.py
[2024-02-28T18:52:45.451+0000] {processor.py:838} WARNING - No viable dags retrieved from /home/airflow/.local/lib/python3.7/site-packages/airflow/example_dags/example_setup_teardown.py
[2024-02-28T18:52:45.469+0000] {processor.py:179} INFO - Processing /home/airflow/.local/lib/python3.7/site-packages/airflow/example_dags/example_setup_teardown.py took 0.030 seconds
