[2024-02-28T18:33:10.153+0000] {processor.py:157} INFO - Started process (PID=47) to work on /home/airflow/.local/lib/python3.7/site-packages/airflow/example_dags/example_external_task_marker_dag.py
[2024-02-28T18:33:10.156+0000] {processor.py:826} INFO - Processing file /home/airflow/.local/lib/python3.7/site-packages/airflow/example_dags/example_external_task_marker_dag.py for tasks to queue
[2024-02-28T18:33:10.159+0000] {logging_mixin.py:150} INFO - [2024-02-28T18:33:10.158+0000] {dagbag.py:541} INFO - Filling up the DagBag from /home/airflow/.local/lib/python3.7/site-packages/airflow/example_dags/example_external_task_marker_dag.py
[2024-02-28T18:33:10.174+0000] {processor.py:836} INFO - DAG(s) dict_keys(['example_external_task_marker_parent', 'example_external_task_marker_child']) retrieved from /home/airflow/.local/lib/python3.7/site-packages/airflow/example_dags/example_external_task_marker_dag.py
[2024-02-28T18:33:10.215+0000] {logging_mixin.py:150} INFO - [2024-02-28T18:33:10.215+0000] {dag.py:2742} INFO - Sync 2 DAGs
[2024-02-28T18:33:10.270+0000] {logging_mixin.py:150} INFO - [2024-02-28T18:33:10.269+0000] {dag.py:3508} INFO - Setting next_dagrun for example_external_task_marker_child to None, run_after=None
[2024-02-28T18:33:10.278+0000] {logging_mixin.py:150} INFO - [2024-02-28T18:33:10.278+0000] {dag.py:3508} INFO - Setting next_dagrun for example_external_task_marker_parent to None, run_after=None
[2024-02-28T18:33:10.347+0000] {processor.py:179} INFO - Processing /home/airflow/.local/lib/python3.7/site-packages/airflow/example_dags/example_external_task_marker_dag.py took 0.204 seconds
[2024-02-28T18:33:41.291+0000] {processor.py:157} INFO - Started process (PID=110) to work on /home/airflow/.local/lib/python3.7/site-packages/airflow/example_dags/example_external_task_marker_dag.py
[2024-02-28T18:33:41.294+0000] {processor.py:826} INFO - Processing file /home/airflow/.local/lib/python3.7/site-packages/airflow/example_dags/example_external_task_marker_dag.py for tasks to queue
[2024-02-28T18:33:41.297+0000] {logging_mixin.py:150} INFO - [2024-02-28T18:33:41.296+0000] {dagbag.py:541} INFO - Filling up the DagBag from /home/airflow/.local/lib/python3.7/site-packages/airflow/example_dags/example_external_task_marker_dag.py
[2024-02-28T18:33:41.308+0000] {processor.py:836} INFO - DAG(s) dict_keys(['example_external_task_marker_parent', 'example_external_task_marker_child']) retrieved from /home/airflow/.local/lib/python3.7/site-packages/airflow/example_dags/example_external_task_marker_dag.py
[2024-02-28T18:33:41.340+0000] {logging_mixin.py:150} INFO - [2024-02-28T18:33:41.340+0000] {dag.py:2742} INFO - Sync 2 DAGs
[2024-02-28T18:33:41.361+0000] {logging_mixin.py:150} INFO - [2024-02-28T18:33:41.361+0000] {dag.py:3508} INFO - Setting next_dagrun for example_external_task_marker_child to None, run_after=None
[2024-02-28T18:33:41.367+0000] {logging_mixin.py:150} INFO - [2024-02-28T18:33:41.367+0000] {dag.py:3508} INFO - Setting next_dagrun for example_external_task_marker_parent to None, run_after=None
[2024-02-28T18:33:41.383+0000] {processor.py:179} INFO - Processing /home/airflow/.local/lib/python3.7/site-packages/airflow/example_dags/example_external_task_marker_dag.py took 0.097 seconds
[2024-02-28T18:34:11.485+0000] {processor.py:157} INFO - Started process (PID=173) to work on /home/airflow/.local/lib/python3.7/site-packages/airflow/example_dags/example_external_task_marker_dag.py
[2024-02-28T18:34:11.489+0000] {processor.py:826} INFO - Processing file /home/airflow/.local/lib/python3.7/site-packages/airflow/example_dags/example_external_task_marker_dag.py for tasks to queue
[2024-02-28T18:34:11.492+0000] {logging_mixin.py:150} INFO - [2024-02-28T18:34:11.492+0000] {dagbag.py:541} INFO - Filling up the DagBag from /home/airflow/.local/lib/python3.7/site-packages/airflow/example_dags/example_external_task_marker_dag.py
[2024-02-28T18:34:11.501+0000] {processor.py:836} INFO - DAG(s) dict_keys(['example_external_task_marker_parent', 'example_external_task_marker_child']) retrieved from /home/airflow/.local/lib/python3.7/site-packages/airflow/example_dags/example_external_task_marker_dag.py
[2024-02-28T18:34:11.530+0000] {logging_mixin.py:150} INFO - [2024-02-28T18:34:11.530+0000] {dag.py:2742} INFO - Sync 2 DAGs
[2024-02-28T18:34:11.549+0000] {logging_mixin.py:150} INFO - [2024-02-28T18:34:11.549+0000] {dag.py:3508} INFO - Setting next_dagrun for example_external_task_marker_child to None, run_after=None
[2024-02-28T18:34:11.553+0000] {logging_mixin.py:150} INFO - [2024-02-28T18:34:11.553+0000] {dag.py:3508} INFO - Setting next_dagrun for example_external_task_marker_parent to None, run_after=None
[2024-02-28T18:34:11.569+0000] {processor.py:179} INFO - Processing /home/airflow/.local/lib/python3.7/site-packages/airflow/example_dags/example_external_task_marker_dag.py took 0.088 seconds
[2024-02-28T18:34:42.485+0000] {processor.py:157} INFO - Started process (PID=236) to work on /home/airflow/.local/lib/python3.7/site-packages/airflow/example_dags/example_external_task_marker_dag.py
[2024-02-28T18:34:42.487+0000] {processor.py:826} INFO - Processing file /home/airflow/.local/lib/python3.7/site-packages/airflow/example_dags/example_external_task_marker_dag.py for tasks to queue
[2024-02-28T18:34:42.488+0000] {logging_mixin.py:150} INFO - [2024-02-28T18:34:42.488+0000] {dagbag.py:541} INFO - Filling up the DagBag from /home/airflow/.local/lib/python3.7/site-packages/airflow/example_dags/example_external_task_marker_dag.py
[2024-02-28T18:34:42.494+0000] {processor.py:836} INFO - DAG(s) dict_keys(['example_external_task_marker_child', 'example_external_task_marker_parent']) retrieved from /home/airflow/.local/lib/python3.7/site-packages/airflow/example_dags/example_external_task_marker_dag.py
[2024-02-28T18:34:42.523+0000] {logging_mixin.py:150} INFO - [2024-02-28T18:34:42.523+0000] {dag.py:2742} INFO - Sync 2 DAGs
[2024-02-28T18:34:42.545+0000] {logging_mixin.py:150} INFO - [2024-02-28T18:34:42.545+0000] {dag.py:3508} INFO - Setting next_dagrun for example_external_task_marker_child to None, run_after=None
[2024-02-28T18:34:42.548+0000] {logging_mixin.py:150} INFO - [2024-02-28T18:34:42.548+0000] {dag.py:3508} INFO - Setting next_dagrun for example_external_task_marker_parent to None, run_after=None
[2024-02-28T18:34:42.563+0000] {processor.py:179} INFO - Processing /home/airflow/.local/lib/python3.7/site-packages/airflow/example_dags/example_external_task_marker_dag.py took 0.081 seconds
[2024-02-28T18:35:13.769+0000] {processor.py:157} INFO - Started process (PID=300) to work on /home/airflow/.local/lib/python3.7/site-packages/airflow/example_dags/example_external_task_marker_dag.py
[2024-02-28T18:35:13.771+0000] {processor.py:826} INFO - Processing file /home/airflow/.local/lib/python3.7/site-packages/airflow/example_dags/example_external_task_marker_dag.py for tasks to queue
[2024-02-28T18:35:13.773+0000] {logging_mixin.py:150} INFO - [2024-02-28T18:35:13.773+0000] {dagbag.py:541} INFO - Filling up the DagBag from /home/airflow/.local/lib/python3.7/site-packages/airflow/example_dags/example_external_task_marker_dag.py
[2024-02-28T18:35:13.781+0000] {processor.py:836} INFO - DAG(s) dict_keys(['example_external_task_marker_parent', 'example_external_task_marker_child']) retrieved from /home/airflow/.local/lib/python3.7/site-packages/airflow/example_dags/example_external_task_marker_dag.py
[2024-02-28T18:35:13.813+0000] {logging_mixin.py:150} INFO - [2024-02-28T18:35:13.813+0000] {dag.py:2742} INFO - Sync 2 DAGs
[2024-02-28T18:35:13.837+0000] {logging_mixin.py:150} INFO - [2024-02-28T18:35:13.836+0000] {dag.py:3508} INFO - Setting next_dagrun for example_external_task_marker_child to None, run_after=None
[2024-02-28T18:35:13.842+0000] {logging_mixin.py:150} INFO - [2024-02-28T18:35:13.842+0000] {dag.py:3508} INFO - Setting next_dagrun for example_external_task_marker_parent to None, run_after=None
[2024-02-28T18:35:13.858+0000] {processor.py:179} INFO - Processing /home/airflow/.local/lib/python3.7/site-packages/airflow/example_dags/example_external_task_marker_dag.py took 0.092 seconds
[2024-02-28T18:35:44.574+0000] {processor.py:157} INFO - Started process (PID=364) to work on /home/airflow/.local/lib/python3.7/site-packages/airflow/example_dags/example_external_task_marker_dag.py
[2024-02-28T18:35:44.580+0000] {processor.py:826} INFO - Processing file /home/airflow/.local/lib/python3.7/site-packages/airflow/example_dags/example_external_task_marker_dag.py for tasks to queue
[2024-02-28T18:35:44.582+0000] {logging_mixin.py:150} INFO - [2024-02-28T18:35:44.582+0000] {dagbag.py:541} INFO - Filling up the DagBag from /home/airflow/.local/lib/python3.7/site-packages/airflow/example_dags/example_external_task_marker_dag.py
[2024-02-28T18:35:44.589+0000] {processor.py:836} INFO - DAG(s) dict_keys(['example_external_task_marker_parent', 'example_external_task_marker_child']) retrieved from /home/airflow/.local/lib/python3.7/site-packages/airflow/example_dags/example_external_task_marker_dag.py
[2024-02-28T18:35:44.622+0000] {logging_mixin.py:150} INFO - [2024-02-28T18:35:44.622+0000] {dag.py:2742} INFO - Sync 2 DAGs
[2024-02-28T18:35:44.647+0000] {logging_mixin.py:150} INFO - [2024-02-28T18:35:44.647+0000] {dag.py:3508} INFO - Setting next_dagrun for example_external_task_marker_child to None, run_after=None
[2024-02-28T18:35:44.651+0000] {logging_mixin.py:150} INFO - [2024-02-28T18:35:44.651+0000] {dag.py:3508} INFO - Setting next_dagrun for example_external_task_marker_parent to None, run_after=None
[2024-02-28T18:35:44.666+0000] {processor.py:179} INFO - Processing /home/airflow/.local/lib/python3.7/site-packages/airflow/example_dags/example_external_task_marker_dag.py took 0.096 seconds
[2024-02-28T18:36:15.706+0000] {processor.py:157} INFO - Started process (PID=427) to work on /home/airflow/.local/lib/python3.7/site-packages/airflow/example_dags/example_external_task_marker_dag.py
[2024-02-28T18:36:15.708+0000] {processor.py:826} INFO - Processing file /home/airflow/.local/lib/python3.7/site-packages/airflow/example_dags/example_external_task_marker_dag.py for tasks to queue
[2024-02-28T18:36:15.710+0000] {logging_mixin.py:150} INFO - [2024-02-28T18:36:15.709+0000] {dagbag.py:541} INFO - Filling up the DagBag from /home/airflow/.local/lib/python3.7/site-packages/airflow/example_dags/example_external_task_marker_dag.py
[2024-02-28T18:36:15.717+0000] {processor.py:836} INFO - DAG(s) dict_keys(['example_external_task_marker_child', 'example_external_task_marker_parent']) retrieved from /home/airflow/.local/lib/python3.7/site-packages/airflow/example_dags/example_external_task_marker_dag.py
[2024-02-28T18:36:15.753+0000] {logging_mixin.py:150} INFO - [2024-02-28T18:36:15.753+0000] {dag.py:2742} INFO - Sync 2 DAGs
[2024-02-28T18:36:15.776+0000] {logging_mixin.py:150} INFO - [2024-02-28T18:36:15.776+0000] {dag.py:3508} INFO - Setting next_dagrun for example_external_task_marker_child to None, run_after=None
[2024-02-28T18:36:15.780+0000] {logging_mixin.py:150} INFO - [2024-02-28T18:36:15.780+0000] {dag.py:3508} INFO - Setting next_dagrun for example_external_task_marker_parent to None, run_after=None
[2024-02-28T18:36:15.794+0000] {processor.py:179} INFO - Processing /home/airflow/.local/lib/python3.7/site-packages/airflow/example_dags/example_external_task_marker_dag.py took 0.091 seconds
[2024-02-28T18:36:47.481+0000] {processor.py:157} INFO - Started process (PID=490) to work on /home/airflow/.local/lib/python3.7/site-packages/airflow/example_dags/example_external_task_marker_dag.py
[2024-02-28T18:36:47.486+0000] {processor.py:826} INFO - Processing file /home/airflow/.local/lib/python3.7/site-packages/airflow/example_dags/example_external_task_marker_dag.py for tasks to queue
[2024-02-28T18:36:47.488+0000] {logging_mixin.py:150} INFO - [2024-02-28T18:36:47.488+0000] {dagbag.py:541} INFO - Filling up the DagBag from /home/airflow/.local/lib/python3.7/site-packages/airflow/example_dags/example_external_task_marker_dag.py
[2024-02-28T18:36:47.496+0000] {processor.py:836} INFO - DAG(s) dict_keys(['example_external_task_marker_child', 'example_external_task_marker_parent']) retrieved from /home/airflow/.local/lib/python3.7/site-packages/airflow/example_dags/example_external_task_marker_dag.py
[2024-02-28T18:36:47.537+0000] {logging_mixin.py:150} INFO - [2024-02-28T18:36:47.536+0000] {dag.py:2742} INFO - Sync 2 DAGs
[2024-02-28T18:36:47.571+0000] {logging_mixin.py:150} INFO - [2024-02-28T18:36:47.571+0000] {dag.py:3508} INFO - Setting next_dagrun for example_external_task_marker_child to None, run_after=None
[2024-02-28T18:36:47.579+0000] {logging_mixin.py:150} INFO - [2024-02-28T18:36:47.579+0000] {dag.py:3508} INFO - Setting next_dagrun for example_external_task_marker_parent to None, run_after=None
[2024-02-28T18:36:47.603+0000] {processor.py:179} INFO - Processing /home/airflow/.local/lib/python3.7/site-packages/airflow/example_dags/example_external_task_marker_dag.py took 0.126 seconds
[2024-02-28T18:37:18.121+0000] {processor.py:157} INFO - Started process (PID=553) to work on /home/airflow/.local/lib/python3.7/site-packages/airflow/example_dags/example_external_task_marker_dag.py
[2024-02-28T18:37:18.124+0000] {processor.py:826} INFO - Processing file /home/airflow/.local/lib/python3.7/site-packages/airflow/example_dags/example_external_task_marker_dag.py for tasks to queue
[2024-02-28T18:37:18.127+0000] {logging_mixin.py:150} INFO - [2024-02-28T18:37:18.127+0000] {dagbag.py:541} INFO - Filling up the DagBag from /home/airflow/.local/lib/python3.7/site-packages/airflow/example_dags/example_external_task_marker_dag.py
[2024-02-28T18:37:18.143+0000] {processor.py:836} INFO - DAG(s) dict_keys(['example_external_task_marker_child', 'example_external_task_marker_parent']) retrieved from /home/airflow/.local/lib/python3.7/site-packages/airflow/example_dags/example_external_task_marker_dag.py
[2024-02-28T18:37:18.219+0000] {logging_mixin.py:150} INFO - [2024-02-28T18:37:18.219+0000] {dag.py:2742} INFO - Sync 2 DAGs
[2024-02-28T18:37:18.247+0000] {logging_mixin.py:150} INFO - [2024-02-28T18:37:18.247+0000] {dag.py:3508} INFO - Setting next_dagrun for example_external_task_marker_child to None, run_after=None
[2024-02-28T18:37:18.254+0000] {logging_mixin.py:150} INFO - [2024-02-28T18:37:18.254+0000] {dag.py:3508} INFO - Setting next_dagrun for example_external_task_marker_parent to None, run_after=None
[2024-02-28T18:37:18.279+0000] {processor.py:179} INFO - Processing /home/airflow/.local/lib/python3.7/site-packages/airflow/example_dags/example_external_task_marker_dag.py took 0.163 seconds
[2024-02-28T18:37:48.466+0000] {processor.py:157} INFO - Started process (PID=616) to work on /home/airflow/.local/lib/python3.7/site-packages/airflow/example_dags/example_external_task_marker_dag.py
[2024-02-28T18:37:48.470+0000] {processor.py:826} INFO - Processing file /home/airflow/.local/lib/python3.7/site-packages/airflow/example_dags/example_external_task_marker_dag.py for tasks to queue
[2024-02-28T18:37:48.471+0000] {logging_mixin.py:150} INFO - [2024-02-28T18:37:48.471+0000] {dagbag.py:541} INFO - Filling up the DagBag from /home/airflow/.local/lib/python3.7/site-packages/airflow/example_dags/example_external_task_marker_dag.py
[2024-02-28T18:37:48.477+0000] {processor.py:836} INFO - DAG(s) dict_keys(['example_external_task_marker_parent', 'example_external_task_marker_child']) retrieved from /home/airflow/.local/lib/python3.7/site-packages/airflow/example_dags/example_external_task_marker_dag.py
[2024-02-28T18:37:48.510+0000] {logging_mixin.py:150} INFO - [2024-02-28T18:37:48.510+0000] {dag.py:2742} INFO - Sync 2 DAGs
[2024-02-28T18:37:48.540+0000] {logging_mixin.py:150} INFO - [2024-02-28T18:37:48.540+0000] {dag.py:3508} INFO - Setting next_dagrun for example_external_task_marker_child to None, run_after=None
[2024-02-28T18:37:48.545+0000] {logging_mixin.py:150} INFO - [2024-02-28T18:37:48.544+0000] {dag.py:3508} INFO - Setting next_dagrun for example_external_task_marker_parent to None, run_after=None
[2024-02-28T18:37:48.579+0000] {processor.py:179} INFO - Processing /home/airflow/.local/lib/python3.7/site-packages/airflow/example_dags/example_external_task_marker_dag.py took 0.116 seconds
[2024-02-28T18:38:18.960+0000] {processor.py:157} INFO - Started process (PID=678) to work on /home/airflow/.local/lib/python3.7/site-packages/airflow/example_dags/example_external_task_marker_dag.py
[2024-02-28T18:38:18.971+0000] {processor.py:826} INFO - Processing file /home/airflow/.local/lib/python3.7/site-packages/airflow/example_dags/example_external_task_marker_dag.py for tasks to queue
[2024-02-28T18:38:18.975+0000] {logging_mixin.py:150} INFO - [2024-02-28T18:38:18.974+0000] {dagbag.py:541} INFO - Filling up the DagBag from /home/airflow/.local/lib/python3.7/site-packages/airflow/example_dags/example_external_task_marker_dag.py
[2024-02-28T18:38:18.985+0000] {processor.py:836} INFO - DAG(s) dict_keys(['example_external_task_marker_child', 'example_external_task_marker_parent']) retrieved from /home/airflow/.local/lib/python3.7/site-packages/airflow/example_dags/example_external_task_marker_dag.py
[2024-02-28T18:38:19.022+0000] {logging_mixin.py:150} INFO - [2024-02-28T18:38:19.022+0000] {dag.py:2742} INFO - Sync 2 DAGs
[2024-02-28T18:38:19.060+0000] {logging_mixin.py:150} INFO - [2024-02-28T18:38:19.060+0000] {dag.py:3508} INFO - Setting next_dagrun for example_external_task_marker_child to None, run_after=None
[2024-02-28T18:38:19.065+0000] {logging_mixin.py:150} INFO - [2024-02-28T18:38:19.064+0000] {dag.py:3508} INFO - Setting next_dagrun for example_external_task_marker_parent to None, run_after=None
[2024-02-28T18:38:19.085+0000] {processor.py:179} INFO - Processing /home/airflow/.local/lib/python3.7/site-packages/airflow/example_dags/example_external_task_marker_dag.py took 0.149 seconds
[2024-02-28T18:38:49.644+0000] {processor.py:157} INFO - Started process (PID=740) to work on /home/airflow/.local/lib/python3.7/site-packages/airflow/example_dags/example_external_task_marker_dag.py
[2024-02-28T18:38:49.649+0000] {processor.py:826} INFO - Processing file /home/airflow/.local/lib/python3.7/site-packages/airflow/example_dags/example_external_task_marker_dag.py for tasks to queue
[2024-02-28T18:38:49.654+0000] {logging_mixin.py:150} INFO - [2024-02-28T18:38:49.654+0000] {dagbag.py:541} INFO - Filling up the DagBag from /home/airflow/.local/lib/python3.7/site-packages/airflow/example_dags/example_external_task_marker_dag.py
[2024-02-28T18:38:49.681+0000] {processor.py:836} INFO - DAG(s) dict_keys(['example_external_task_marker_child', 'example_external_task_marker_parent']) retrieved from /home/airflow/.local/lib/python3.7/site-packages/airflow/example_dags/example_external_task_marker_dag.py
[2024-02-28T18:38:49.735+0000] {logging_mixin.py:150} INFO - [2024-02-28T18:38:49.734+0000] {dag.py:2742} INFO - Sync 2 DAGs
[2024-02-28T18:38:49.768+0000] {logging_mixin.py:150} INFO - [2024-02-28T18:38:49.768+0000] {dag.py:3508} INFO - Setting next_dagrun for example_external_task_marker_child to None, run_after=None
[2024-02-28T18:38:49.776+0000] {logging_mixin.py:150} INFO - [2024-02-28T18:38:49.776+0000] {dag.py:3508} INFO - Setting next_dagrun for example_external_task_marker_parent to None, run_after=None
[2024-02-28T18:38:49.802+0000] {processor.py:179} INFO - Processing /home/airflow/.local/lib/python3.7/site-packages/airflow/example_dags/example_external_task_marker_dag.py took 0.163 seconds
[2024-02-28T18:39:20.593+0000] {processor.py:157} INFO - Started process (PID=803) to work on /home/airflow/.local/lib/python3.7/site-packages/airflow/example_dags/example_external_task_marker_dag.py
[2024-02-28T18:39:20.595+0000] {processor.py:826} INFO - Processing file /home/airflow/.local/lib/python3.7/site-packages/airflow/example_dags/example_external_task_marker_dag.py for tasks to queue
[2024-02-28T18:39:20.598+0000] {logging_mixin.py:150} INFO - [2024-02-28T18:39:20.597+0000] {dagbag.py:541} INFO - Filling up the DagBag from /home/airflow/.local/lib/python3.7/site-packages/airflow/example_dags/example_external_task_marker_dag.py
[2024-02-28T18:39:20.606+0000] {processor.py:836} INFO - DAG(s) dict_keys(['example_external_task_marker_parent', 'example_external_task_marker_child']) retrieved from /home/airflow/.local/lib/python3.7/site-packages/airflow/example_dags/example_external_task_marker_dag.py
[2024-02-28T18:39:20.657+0000] {logging_mixin.py:150} INFO - [2024-02-28T18:39:20.657+0000] {dag.py:2742} INFO - Sync 2 DAGs
[2024-02-28T18:39:20.694+0000] {logging_mixin.py:150} INFO - [2024-02-28T18:39:20.694+0000] {dag.py:3508} INFO - Setting next_dagrun for example_external_task_marker_child to None, run_after=None
[2024-02-28T18:39:20.702+0000] {logging_mixin.py:150} INFO - [2024-02-28T18:39:20.701+0000] {dag.py:3508} INFO - Setting next_dagrun for example_external_task_marker_parent to None, run_after=None
[2024-02-28T18:39:20.733+0000] {processor.py:179} INFO - Processing /home/airflow/.local/lib/python3.7/site-packages/airflow/example_dags/example_external_task_marker_dag.py took 0.144 seconds
[2024-02-28T18:39:51.176+0000] {processor.py:157} INFO - Started process (PID=867) to work on /home/airflow/.local/lib/python3.7/site-packages/airflow/example_dags/example_external_task_marker_dag.py
[2024-02-28T18:39:51.180+0000] {processor.py:826} INFO - Processing file /home/airflow/.local/lib/python3.7/site-packages/airflow/example_dags/example_external_task_marker_dag.py for tasks to queue
[2024-02-28T18:39:51.182+0000] {logging_mixin.py:150} INFO - [2024-02-28T18:39:51.182+0000] {dagbag.py:541} INFO - Filling up the DagBag from /home/airflow/.local/lib/python3.7/site-packages/airflow/example_dags/example_external_task_marker_dag.py
[2024-02-28T18:39:51.188+0000] {processor.py:836} INFO - DAG(s) dict_keys(['example_external_task_marker_parent', 'example_external_task_marker_child']) retrieved from /home/airflow/.local/lib/python3.7/site-packages/airflow/example_dags/example_external_task_marker_dag.py
[2024-02-28T18:39:51.230+0000] {logging_mixin.py:150} INFO - [2024-02-28T18:39:51.230+0000] {dag.py:2742} INFO - Sync 2 DAGs
[2024-02-28T18:39:51.253+0000] {logging_mixin.py:150} INFO - [2024-02-28T18:39:51.252+0000] {dag.py:3508} INFO - Setting next_dagrun for example_external_task_marker_child to None, run_after=None
[2024-02-28T18:39:51.257+0000] {logging_mixin.py:150} INFO - [2024-02-28T18:39:51.257+0000] {dag.py:3508} INFO - Setting next_dagrun for example_external_task_marker_parent to None, run_after=None
[2024-02-28T18:39:51.275+0000] {processor.py:179} INFO - Processing /home/airflow/.local/lib/python3.7/site-packages/airflow/example_dags/example_external_task_marker_dag.py took 0.103 seconds
[2024-02-28T18:40:21.999+0000] {processor.py:157} INFO - Started process (PID=930) to work on /home/airflow/.local/lib/python3.7/site-packages/airflow/example_dags/example_external_task_marker_dag.py
[2024-02-28T18:40:22.001+0000] {processor.py:826} INFO - Processing file /home/airflow/.local/lib/python3.7/site-packages/airflow/example_dags/example_external_task_marker_dag.py for tasks to queue
[2024-02-28T18:40:22.003+0000] {logging_mixin.py:150} INFO - [2024-02-28T18:40:22.003+0000] {dagbag.py:541} INFO - Filling up the DagBag from /home/airflow/.local/lib/python3.7/site-packages/airflow/example_dags/example_external_task_marker_dag.py
[2024-02-28T18:40:22.010+0000] {processor.py:836} INFO - DAG(s) dict_keys(['example_external_task_marker_child', 'example_external_task_marker_parent']) retrieved from /home/airflow/.local/lib/python3.7/site-packages/airflow/example_dags/example_external_task_marker_dag.py
[2024-02-28T18:40:22.049+0000] {logging_mixin.py:150} INFO - [2024-02-28T18:40:22.048+0000] {dag.py:2742} INFO - Sync 2 DAGs
[2024-02-28T18:40:22.073+0000] {logging_mixin.py:150} INFO - [2024-02-28T18:40:22.073+0000] {dag.py:3508} INFO - Setting next_dagrun for example_external_task_marker_child to None, run_after=None
[2024-02-28T18:40:22.078+0000] {logging_mixin.py:150} INFO - [2024-02-28T18:40:22.078+0000] {dag.py:3508} INFO - Setting next_dagrun for example_external_task_marker_parent to None, run_after=None
[2024-02-28T18:40:22.098+0000] {processor.py:179} INFO - Processing /home/airflow/.local/lib/python3.7/site-packages/airflow/example_dags/example_external_task_marker_dag.py took 0.102 seconds
[2024-02-28T18:40:52.692+0000] {processor.py:157} INFO - Started process (PID=993) to work on /home/airflow/.local/lib/python3.7/site-packages/airflow/example_dags/example_external_task_marker_dag.py
[2024-02-28T18:40:52.695+0000] {processor.py:826} INFO - Processing file /home/airflow/.local/lib/python3.7/site-packages/airflow/example_dags/example_external_task_marker_dag.py for tasks to queue
[2024-02-28T18:40:52.698+0000] {logging_mixin.py:150} INFO - [2024-02-28T18:40:52.697+0000] {dagbag.py:541} INFO - Filling up the DagBag from /home/airflow/.local/lib/python3.7/site-packages/airflow/example_dags/example_external_task_marker_dag.py
[2024-02-28T18:40:52.704+0000] {processor.py:836} INFO - DAG(s) dict_keys(['example_external_task_marker_child', 'example_external_task_marker_parent']) retrieved from /home/airflow/.local/lib/python3.7/site-packages/airflow/example_dags/example_external_task_marker_dag.py
[2024-02-28T18:40:52.737+0000] {logging_mixin.py:150} INFO - [2024-02-28T18:40:52.737+0000] {dag.py:2742} INFO - Sync 2 DAGs
[2024-02-28T18:40:52.758+0000] {logging_mixin.py:150} INFO - [2024-02-28T18:40:52.758+0000] {dag.py:3508} INFO - Setting next_dagrun for example_external_task_marker_child to None, run_after=None
[2024-02-28T18:40:52.762+0000] {logging_mixin.py:150} INFO - [2024-02-28T18:40:52.762+0000] {dag.py:3508} INFO - Setting next_dagrun for example_external_task_marker_parent to None, run_after=None
[2024-02-28T18:40:52.779+0000] {processor.py:179} INFO - Processing /home/airflow/.local/lib/python3.7/site-packages/airflow/example_dags/example_external_task_marker_dag.py took 0.089 seconds
[2024-02-28T18:41:23.066+0000] {processor.py:157} INFO - Started process (PID=1056) to work on /home/airflow/.local/lib/python3.7/site-packages/airflow/example_dags/example_external_task_marker_dag.py
[2024-02-28T18:41:23.069+0000] {processor.py:826} INFO - Processing file /home/airflow/.local/lib/python3.7/site-packages/airflow/example_dags/example_external_task_marker_dag.py for tasks to queue
[2024-02-28T18:41:23.070+0000] {logging_mixin.py:150} INFO - [2024-02-28T18:41:23.070+0000] {dagbag.py:541} INFO - Filling up the DagBag from /home/airflow/.local/lib/python3.7/site-packages/airflow/example_dags/example_external_task_marker_dag.py
[2024-02-28T18:41:23.078+0000] {processor.py:836} INFO - DAG(s) dict_keys(['example_external_task_marker_child', 'example_external_task_marker_parent']) retrieved from /home/airflow/.local/lib/python3.7/site-packages/airflow/example_dags/example_external_task_marker_dag.py
[2024-02-28T18:41:23.115+0000] {logging_mixin.py:150} INFO - [2024-02-28T18:41:23.115+0000] {dag.py:2742} INFO - Sync 2 DAGs
[2024-02-28T18:41:23.138+0000] {logging_mixin.py:150} INFO - [2024-02-28T18:41:23.138+0000] {dag.py:3508} INFO - Setting next_dagrun for example_external_task_marker_child to None, run_after=None
[2024-02-28T18:41:23.143+0000] {logging_mixin.py:150} INFO - [2024-02-28T18:41:23.143+0000] {dag.py:3508} INFO - Setting next_dagrun for example_external_task_marker_parent to None, run_after=None
[2024-02-28T18:41:23.160+0000] {processor.py:179} INFO - Processing /home/airflow/.local/lib/python3.7/site-packages/airflow/example_dags/example_external_task_marker_dag.py took 0.098 seconds
[2024-02-28T18:41:53.434+0000] {processor.py:157} INFO - Started process (PID=1119) to work on /home/airflow/.local/lib/python3.7/site-packages/airflow/example_dags/example_external_task_marker_dag.py
[2024-02-28T18:41:53.437+0000] {processor.py:826} INFO - Processing file /home/airflow/.local/lib/python3.7/site-packages/airflow/example_dags/example_external_task_marker_dag.py for tasks to queue
[2024-02-28T18:41:53.439+0000] {logging_mixin.py:150} INFO - [2024-02-28T18:41:53.439+0000] {dagbag.py:541} INFO - Filling up the DagBag from /home/airflow/.local/lib/python3.7/site-packages/airflow/example_dags/example_external_task_marker_dag.py
[2024-02-28T18:41:53.449+0000] {processor.py:836} INFO - DAG(s) dict_keys(['example_external_task_marker_child', 'example_external_task_marker_parent']) retrieved from /home/airflow/.local/lib/python3.7/site-packages/airflow/example_dags/example_external_task_marker_dag.py
[2024-02-28T18:41:53.481+0000] {logging_mixin.py:150} INFO - [2024-02-28T18:41:53.481+0000] {dag.py:2742} INFO - Sync 2 DAGs
[2024-02-28T18:41:53.507+0000] {logging_mixin.py:150} INFO - [2024-02-28T18:41:53.507+0000] {dag.py:3508} INFO - Setting next_dagrun for example_external_task_marker_child to None, run_after=None
[2024-02-28T18:41:53.512+0000] {logging_mixin.py:150} INFO - [2024-02-28T18:41:53.512+0000] {dag.py:3508} INFO - Setting next_dagrun for example_external_task_marker_parent to None, run_after=None
[2024-02-28T18:41:53.529+0000] {processor.py:179} INFO - Processing /home/airflow/.local/lib/python3.7/site-packages/airflow/example_dags/example_external_task_marker_dag.py took 0.098 seconds
[2024-02-28T18:42:24.126+0000] {processor.py:157} INFO - Started process (PID=1182) to work on /home/airflow/.local/lib/python3.7/site-packages/airflow/example_dags/example_external_task_marker_dag.py
[2024-02-28T18:42:24.129+0000] {processor.py:826} INFO - Processing file /home/airflow/.local/lib/python3.7/site-packages/airflow/example_dags/example_external_task_marker_dag.py for tasks to queue
[2024-02-28T18:42:24.131+0000] {logging_mixin.py:150} INFO - [2024-02-28T18:42:24.130+0000] {dagbag.py:541} INFO - Filling up the DagBag from /home/airflow/.local/lib/python3.7/site-packages/airflow/example_dags/example_external_task_marker_dag.py
[2024-02-28T18:42:24.139+0000] {processor.py:836} INFO - DAG(s) dict_keys(['example_external_task_marker_child', 'example_external_task_marker_parent']) retrieved from /home/airflow/.local/lib/python3.7/site-packages/airflow/example_dags/example_external_task_marker_dag.py
[2024-02-28T18:42:24.174+0000] {logging_mixin.py:150} INFO - [2024-02-28T18:42:24.174+0000] {dag.py:2742} INFO - Sync 2 DAGs
[2024-02-28T18:42:24.199+0000] {logging_mixin.py:150} INFO - [2024-02-28T18:42:24.199+0000] {dag.py:3508} INFO - Setting next_dagrun for example_external_task_marker_child to None, run_after=None
[2024-02-28T18:42:24.202+0000] {logging_mixin.py:150} INFO - [2024-02-28T18:42:24.202+0000] {dag.py:3508} INFO - Setting next_dagrun for example_external_task_marker_parent to None, run_after=None
[2024-02-28T18:42:24.223+0000] {processor.py:179} INFO - Processing /home/airflow/.local/lib/python3.7/site-packages/airflow/example_dags/example_external_task_marker_dag.py took 0.101 seconds
[2024-02-28T18:42:55.130+0000] {processor.py:157} INFO - Started process (PID=1245) to work on /home/airflow/.local/lib/python3.7/site-packages/airflow/example_dags/example_external_task_marker_dag.py
[2024-02-28T18:42:55.133+0000] {processor.py:826} INFO - Processing file /home/airflow/.local/lib/python3.7/site-packages/airflow/example_dags/example_external_task_marker_dag.py for tasks to queue
[2024-02-28T18:42:55.137+0000] {logging_mixin.py:150} INFO - [2024-02-28T18:42:55.137+0000] {dagbag.py:541} INFO - Filling up the DagBag from /home/airflow/.local/lib/python3.7/site-packages/airflow/example_dags/example_external_task_marker_dag.py
[2024-02-28T18:42:55.147+0000] {processor.py:836} INFO - DAG(s) dict_keys(['example_external_task_marker_parent', 'example_external_task_marker_child']) retrieved from /home/airflow/.local/lib/python3.7/site-packages/airflow/example_dags/example_external_task_marker_dag.py
[2024-02-28T18:42:55.180+0000] {logging_mixin.py:150} INFO - [2024-02-28T18:42:55.180+0000] {dag.py:2742} INFO - Sync 2 DAGs
[2024-02-28T18:42:55.208+0000] {logging_mixin.py:150} INFO - [2024-02-28T18:42:55.208+0000] {dag.py:3508} INFO - Setting next_dagrun for example_external_task_marker_child to None, run_after=None
[2024-02-28T18:42:55.212+0000] {logging_mixin.py:150} INFO - [2024-02-28T18:42:55.212+0000] {dag.py:3508} INFO - Setting next_dagrun for example_external_task_marker_parent to None, run_after=None
[2024-02-28T18:42:55.247+0000] {processor.py:179} INFO - Processing /home/airflow/.local/lib/python3.7/site-packages/airflow/example_dags/example_external_task_marker_dag.py took 0.122 seconds
[2024-02-28T18:43:25.317+0000] {processor.py:157} INFO - Started process (PID=1307) to work on /home/airflow/.local/lib/python3.7/site-packages/airflow/example_dags/example_external_task_marker_dag.py
[2024-02-28T18:43:25.325+0000] {processor.py:826} INFO - Processing file /home/airflow/.local/lib/python3.7/site-packages/airflow/example_dags/example_external_task_marker_dag.py for tasks to queue
[2024-02-28T18:43:25.331+0000] {logging_mixin.py:150} INFO - [2024-02-28T18:43:25.331+0000] {dagbag.py:541} INFO - Filling up the DagBag from /home/airflow/.local/lib/python3.7/site-packages/airflow/example_dags/example_external_task_marker_dag.py
[2024-02-28T18:43:25.339+0000] {processor.py:836} INFO - DAG(s) dict_keys(['example_external_task_marker_child', 'example_external_task_marker_parent']) retrieved from /home/airflow/.local/lib/python3.7/site-packages/airflow/example_dags/example_external_task_marker_dag.py
[2024-02-28T18:43:25.374+0000] {logging_mixin.py:150} INFO - [2024-02-28T18:43:25.374+0000] {dag.py:2742} INFO - Sync 2 DAGs
[2024-02-28T18:43:25.397+0000] {logging_mixin.py:150} INFO - [2024-02-28T18:43:25.396+0000] {dag.py:3508} INFO - Setting next_dagrun for example_external_task_marker_child to None, run_after=None
[2024-02-28T18:43:25.402+0000] {logging_mixin.py:150} INFO - [2024-02-28T18:43:25.401+0000] {dag.py:3508} INFO - Setting next_dagrun for example_external_task_marker_parent to None, run_after=None
[2024-02-28T18:43:25.415+0000] {processor.py:179} INFO - Processing /home/airflow/.local/lib/python3.7/site-packages/airflow/example_dags/example_external_task_marker_dag.py took 0.102 seconds
[2024-02-28T18:43:55.701+0000] {processor.py:157} INFO - Started process (PID=1370) to work on /home/airflow/.local/lib/python3.7/site-packages/airflow/example_dags/example_external_task_marker_dag.py
[2024-02-28T18:43:55.707+0000] {processor.py:826} INFO - Processing file /home/airflow/.local/lib/python3.7/site-packages/airflow/example_dags/example_external_task_marker_dag.py for tasks to queue
[2024-02-28T18:43:55.713+0000] {logging_mixin.py:150} INFO - [2024-02-28T18:43:55.711+0000] {dagbag.py:541} INFO - Filling up the DagBag from /home/airflow/.local/lib/python3.7/site-packages/airflow/example_dags/example_external_task_marker_dag.py
[2024-02-28T18:43:55.724+0000] {processor.py:836} INFO - DAG(s) dict_keys(['example_external_task_marker_child', 'example_external_task_marker_parent']) retrieved from /home/airflow/.local/lib/python3.7/site-packages/airflow/example_dags/example_external_task_marker_dag.py
[2024-02-28T18:43:55.763+0000] {logging_mixin.py:150} INFO - [2024-02-28T18:43:55.763+0000] {dag.py:2742} INFO - Sync 2 DAGs
[2024-02-28T18:43:55.790+0000] {logging_mixin.py:150} INFO - [2024-02-28T18:43:55.790+0000] {dag.py:3508} INFO - Setting next_dagrun for example_external_task_marker_child to None, run_after=None
[2024-02-28T18:43:55.797+0000] {logging_mixin.py:150} INFO - [2024-02-28T18:43:55.797+0000] {dag.py:3508} INFO - Setting next_dagrun for example_external_task_marker_parent to None, run_after=None
[2024-02-28T18:43:55.817+0000] {processor.py:179} INFO - Processing /home/airflow/.local/lib/python3.7/site-packages/airflow/example_dags/example_external_task_marker_dag.py took 0.122 seconds
[2024-02-28T18:44:26.569+0000] {processor.py:157} INFO - Started process (PID=1434) to work on /home/airflow/.local/lib/python3.7/site-packages/airflow/example_dags/example_external_task_marker_dag.py
[2024-02-28T18:44:26.576+0000] {processor.py:826} INFO - Processing file /home/airflow/.local/lib/python3.7/site-packages/airflow/example_dags/example_external_task_marker_dag.py for tasks to queue
[2024-02-28T18:44:26.590+0000] {logging_mixin.py:150} INFO - [2024-02-28T18:44:26.589+0000] {dagbag.py:541} INFO - Filling up the DagBag from /home/airflow/.local/lib/python3.7/site-packages/airflow/example_dags/example_external_task_marker_dag.py
[2024-02-28T18:44:26.651+0000] {processor.py:836} INFO - DAG(s) dict_keys(['example_external_task_marker_child', 'example_external_task_marker_parent']) retrieved from /home/airflow/.local/lib/python3.7/site-packages/airflow/example_dags/example_external_task_marker_dag.py
[2024-02-28T18:44:26.759+0000] {logging_mixin.py:150} INFO - [2024-02-28T18:44:26.759+0000] {dag.py:2742} INFO - Sync 2 DAGs
[2024-02-28T18:44:27.096+0000] {logging_mixin.py:150} INFO - [2024-02-28T18:44:27.095+0000] {dag.py:3508} INFO - Setting next_dagrun for example_external_task_marker_child to None, run_after=None
[2024-02-28T18:44:27.151+0000] {logging_mixin.py:150} INFO - [2024-02-28T18:44:27.150+0000] {dag.py:3508} INFO - Setting next_dagrun for example_external_task_marker_parent to None, run_after=None
[2024-02-28T18:44:27.280+0000] {processor.py:179} INFO - Processing /home/airflow/.local/lib/python3.7/site-packages/airflow/example_dags/example_external_task_marker_dag.py took 0.722 seconds
[2024-02-28T18:44:57.920+0000] {processor.py:157} INFO - Started process (PID=1497) to work on /home/airflow/.local/lib/python3.7/site-packages/airflow/example_dags/example_external_task_marker_dag.py
[2024-02-28T18:44:57.922+0000] {processor.py:826} INFO - Processing file /home/airflow/.local/lib/python3.7/site-packages/airflow/example_dags/example_external_task_marker_dag.py for tasks to queue
[2024-02-28T18:44:57.925+0000] {logging_mixin.py:150} INFO - [2024-02-28T18:44:57.924+0000] {dagbag.py:541} INFO - Filling up the DagBag from /home/airflow/.local/lib/python3.7/site-packages/airflow/example_dags/example_external_task_marker_dag.py
[2024-02-28T18:44:57.936+0000] {processor.py:836} INFO - DAG(s) dict_keys(['example_external_task_marker_parent', 'example_external_task_marker_child']) retrieved from /home/airflow/.local/lib/python3.7/site-packages/airflow/example_dags/example_external_task_marker_dag.py
[2024-02-28T18:44:57.985+0000] {logging_mixin.py:150} INFO - [2024-02-28T18:44:57.985+0000] {dag.py:2742} INFO - Sync 2 DAGs
[2024-02-28T18:44:58.014+0000] {logging_mixin.py:150} INFO - [2024-02-28T18:44:58.013+0000] {dag.py:3508} INFO - Setting next_dagrun for example_external_task_marker_child to None, run_after=None
[2024-02-28T18:44:58.020+0000] {logging_mixin.py:150} INFO - [2024-02-28T18:44:58.019+0000] {dag.py:3508} INFO - Setting next_dagrun for example_external_task_marker_parent to None, run_after=None
[2024-02-28T18:44:58.037+0000] {processor.py:179} INFO - Processing /home/airflow/.local/lib/python3.7/site-packages/airflow/example_dags/example_external_task_marker_dag.py took 0.126 seconds
[2024-02-28T18:45:28.613+0000] {processor.py:157} INFO - Started process (PID=1561) to work on /home/airflow/.local/lib/python3.7/site-packages/airflow/example_dags/example_external_task_marker_dag.py
[2024-02-28T18:45:28.616+0000] {processor.py:826} INFO - Processing file /home/airflow/.local/lib/python3.7/site-packages/airflow/example_dags/example_external_task_marker_dag.py for tasks to queue
[2024-02-28T18:45:28.618+0000] {logging_mixin.py:150} INFO - [2024-02-28T18:45:28.617+0000] {dagbag.py:541} INFO - Filling up the DagBag from /home/airflow/.local/lib/python3.7/site-packages/airflow/example_dags/example_external_task_marker_dag.py
[2024-02-28T18:45:28.626+0000] {processor.py:836} INFO - DAG(s) dict_keys(['example_external_task_marker_parent', 'example_external_task_marker_child']) retrieved from /home/airflow/.local/lib/python3.7/site-packages/airflow/example_dags/example_external_task_marker_dag.py
[2024-02-28T18:45:28.661+0000] {logging_mixin.py:150} INFO - [2024-02-28T18:45:28.661+0000] {dag.py:2742} INFO - Sync 2 DAGs
[2024-02-28T18:45:28.684+0000] {logging_mixin.py:150} INFO - [2024-02-28T18:45:28.684+0000] {dag.py:3508} INFO - Setting next_dagrun for example_external_task_marker_child to None, run_after=None
[2024-02-28T18:45:28.687+0000] {logging_mixin.py:150} INFO - [2024-02-28T18:45:28.687+0000] {dag.py:3508} INFO - Setting next_dagrun for example_external_task_marker_parent to None, run_after=None
[2024-02-28T18:45:28.704+0000] {processor.py:179} INFO - Processing /home/airflow/.local/lib/python3.7/site-packages/airflow/example_dags/example_external_task_marker_dag.py took 0.096 seconds
[2024-02-28T18:45:59.439+0000] {processor.py:157} INFO - Started process (PID=1624) to work on /home/airflow/.local/lib/python3.7/site-packages/airflow/example_dags/example_external_task_marker_dag.py
[2024-02-28T18:45:59.443+0000] {processor.py:826} INFO - Processing file /home/airflow/.local/lib/python3.7/site-packages/airflow/example_dags/example_external_task_marker_dag.py for tasks to queue
[2024-02-28T18:45:59.445+0000] {logging_mixin.py:150} INFO - [2024-02-28T18:45:59.445+0000] {dagbag.py:541} INFO - Filling up the DagBag from /home/airflow/.local/lib/python3.7/site-packages/airflow/example_dags/example_external_task_marker_dag.py
[2024-02-28T18:45:59.453+0000] {processor.py:836} INFO - DAG(s) dict_keys(['example_external_task_marker_child', 'example_external_task_marker_parent']) retrieved from /home/airflow/.local/lib/python3.7/site-packages/airflow/example_dags/example_external_task_marker_dag.py
[2024-02-28T18:45:59.483+0000] {logging_mixin.py:150} INFO - [2024-02-28T18:45:59.483+0000] {dag.py:2742} INFO - Sync 2 DAGs
[2024-02-28T18:45:59.506+0000] {logging_mixin.py:150} INFO - [2024-02-28T18:45:59.505+0000] {dag.py:3508} INFO - Setting next_dagrun for example_external_task_marker_child to None, run_after=None
[2024-02-28T18:45:59.509+0000] {logging_mixin.py:150} INFO - [2024-02-28T18:45:59.509+0000] {dag.py:3508} INFO - Setting next_dagrun for example_external_task_marker_parent to None, run_after=None
[2024-02-28T18:45:59.526+0000] {processor.py:179} INFO - Processing /home/airflow/.local/lib/python3.7/site-packages/airflow/example_dags/example_external_task_marker_dag.py took 0.093 seconds
[2024-02-28T18:46:29.929+0000] {processor.py:157} INFO - Started process (PID=1686) to work on /home/airflow/.local/lib/python3.7/site-packages/airflow/example_dags/example_external_task_marker_dag.py
[2024-02-28T18:46:29.934+0000] {processor.py:826} INFO - Processing file /home/airflow/.local/lib/python3.7/site-packages/airflow/example_dags/example_external_task_marker_dag.py for tasks to queue
[2024-02-28T18:46:29.938+0000] {logging_mixin.py:150} INFO - [2024-02-28T18:46:29.938+0000] {dagbag.py:541} INFO - Filling up the DagBag from /home/airflow/.local/lib/python3.7/site-packages/airflow/example_dags/example_external_task_marker_dag.py
[2024-02-28T18:46:29.948+0000] {processor.py:836} INFO - DAG(s) dict_keys(['example_external_task_marker_parent', 'example_external_task_marker_child']) retrieved from /home/airflow/.local/lib/python3.7/site-packages/airflow/example_dags/example_external_task_marker_dag.py
[2024-02-28T18:46:29.982+0000] {logging_mixin.py:150} INFO - [2024-02-28T18:46:29.982+0000] {dag.py:2742} INFO - Sync 2 DAGs
[2024-02-28T18:46:30.001+0000] {logging_mixin.py:150} INFO - [2024-02-28T18:46:30.001+0000] {dag.py:3508} INFO - Setting next_dagrun for example_external_task_marker_child to None, run_after=None
[2024-02-28T18:46:30.007+0000] {logging_mixin.py:150} INFO - [2024-02-28T18:46:30.006+0000] {dag.py:3508} INFO - Setting next_dagrun for example_external_task_marker_parent to None, run_after=None
[2024-02-28T18:46:30.019+0000] {processor.py:179} INFO - Processing /home/airflow/.local/lib/python3.7/site-packages/airflow/example_dags/example_external_task_marker_dag.py took 0.101 seconds
[2024-02-28T18:47:00.171+0000] {processor.py:157} INFO - Started process (PID=1749) to work on /home/airflow/.local/lib/python3.7/site-packages/airflow/example_dags/example_external_task_marker_dag.py
[2024-02-28T18:47:00.175+0000] {processor.py:826} INFO - Processing file /home/airflow/.local/lib/python3.7/site-packages/airflow/example_dags/example_external_task_marker_dag.py for tasks to queue
[2024-02-28T18:47:00.177+0000] {logging_mixin.py:150} INFO - [2024-02-28T18:47:00.176+0000] {dagbag.py:541} INFO - Filling up the DagBag from /home/airflow/.local/lib/python3.7/site-packages/airflow/example_dags/example_external_task_marker_dag.py
[2024-02-28T18:47:00.191+0000] {processor.py:836} INFO - DAG(s) dict_keys(['example_external_task_marker_parent', 'example_external_task_marker_child']) retrieved from /home/airflow/.local/lib/python3.7/site-packages/airflow/example_dags/example_external_task_marker_dag.py
[2024-02-28T18:47:00.253+0000] {logging_mixin.py:150} INFO - [2024-02-28T18:47:00.253+0000] {dag.py:2742} INFO - Sync 2 DAGs
[2024-02-28T18:47:00.288+0000] {logging_mixin.py:150} INFO - [2024-02-28T18:47:00.288+0000] {dag.py:3508} INFO - Setting next_dagrun for example_external_task_marker_child to None, run_after=None
[2024-02-28T18:47:00.295+0000] {logging_mixin.py:150} INFO - [2024-02-28T18:47:00.295+0000] {dag.py:3508} INFO - Setting next_dagrun for example_external_task_marker_parent to None, run_after=None
[2024-02-28T18:47:00.315+0000] {processor.py:179} INFO - Processing /home/airflow/.local/lib/python3.7/site-packages/airflow/example_dags/example_external_task_marker_dag.py took 0.165 seconds
[2024-02-28T18:47:30.644+0000] {processor.py:157} INFO - Started process (PID=1812) to work on /home/airflow/.local/lib/python3.7/site-packages/airflow/example_dags/example_external_task_marker_dag.py
[2024-02-28T18:47:30.651+0000] {processor.py:826} INFO - Processing file /home/airflow/.local/lib/python3.7/site-packages/airflow/example_dags/example_external_task_marker_dag.py for tasks to queue
[2024-02-28T18:47:30.654+0000] {logging_mixin.py:150} INFO - [2024-02-28T18:47:30.653+0000] {dagbag.py:541} INFO - Filling up the DagBag from /home/airflow/.local/lib/python3.7/site-packages/airflow/example_dags/example_external_task_marker_dag.py
[2024-02-28T18:47:30.665+0000] {processor.py:836} INFO - DAG(s) dict_keys(['example_external_task_marker_parent', 'example_external_task_marker_child']) retrieved from /home/airflow/.local/lib/python3.7/site-packages/airflow/example_dags/example_external_task_marker_dag.py
[2024-02-28T18:47:30.703+0000] {logging_mixin.py:150} INFO - [2024-02-28T18:47:30.703+0000] {dag.py:2742} INFO - Sync 2 DAGs
[2024-02-28T18:47:30.730+0000] {logging_mixin.py:150} INFO - [2024-02-28T18:47:30.730+0000] {dag.py:3508} INFO - Setting next_dagrun for example_external_task_marker_child to None, run_after=None
[2024-02-28T18:47:30.734+0000] {logging_mixin.py:150} INFO - [2024-02-28T18:47:30.734+0000] {dag.py:3508} INFO - Setting next_dagrun for example_external_task_marker_parent to None, run_after=None
[2024-02-28T18:47:30.752+0000] {processor.py:179} INFO - Processing /home/airflow/.local/lib/python3.7/site-packages/airflow/example_dags/example_external_task_marker_dag.py took 0.114 seconds
[2024-02-28T18:48:01.243+0000] {processor.py:157} INFO - Started process (PID=1875) to work on /home/airflow/.local/lib/python3.7/site-packages/airflow/example_dags/example_external_task_marker_dag.py
[2024-02-28T18:48:01.245+0000] {processor.py:826} INFO - Processing file /home/airflow/.local/lib/python3.7/site-packages/airflow/example_dags/example_external_task_marker_dag.py for tasks to queue
[2024-02-28T18:48:01.250+0000] {logging_mixin.py:150} INFO - [2024-02-28T18:48:01.249+0000] {dagbag.py:541} INFO - Filling up the DagBag from /home/airflow/.local/lib/python3.7/site-packages/airflow/example_dags/example_external_task_marker_dag.py
[2024-02-28T18:48:01.266+0000] {processor.py:836} INFO - DAG(s) dict_keys(['example_external_task_marker_parent', 'example_external_task_marker_child']) retrieved from /home/airflow/.local/lib/python3.7/site-packages/airflow/example_dags/example_external_task_marker_dag.py
[2024-02-28T18:48:01.306+0000] {logging_mixin.py:150} INFO - [2024-02-28T18:48:01.306+0000] {dag.py:2742} INFO - Sync 2 DAGs
[2024-02-28T18:48:01.327+0000] {logging_mixin.py:150} INFO - [2024-02-28T18:48:01.327+0000] {dag.py:3508} INFO - Setting next_dagrun for example_external_task_marker_child to None, run_after=None
[2024-02-28T18:48:01.333+0000] {logging_mixin.py:150} INFO - [2024-02-28T18:48:01.333+0000] {dag.py:3508} INFO - Setting next_dagrun for example_external_task_marker_parent to None, run_after=None
[2024-02-28T18:48:01.348+0000] {processor.py:179} INFO - Processing /home/airflow/.local/lib/python3.7/site-packages/airflow/example_dags/example_external_task_marker_dag.py took 0.110 seconds
[2024-02-28T18:48:31.762+0000] {processor.py:157} INFO - Started process (PID=1937) to work on /home/airflow/.local/lib/python3.7/site-packages/airflow/example_dags/example_external_task_marker_dag.py
[2024-02-28T18:48:31.765+0000] {processor.py:826} INFO - Processing file /home/airflow/.local/lib/python3.7/site-packages/airflow/example_dags/example_external_task_marker_dag.py for tasks to queue
[2024-02-28T18:48:31.770+0000] {logging_mixin.py:150} INFO - [2024-02-28T18:48:31.769+0000] {dagbag.py:541} INFO - Filling up the DagBag from /home/airflow/.local/lib/python3.7/site-packages/airflow/example_dags/example_external_task_marker_dag.py
[2024-02-28T18:48:31.783+0000] {processor.py:836} INFO - DAG(s) dict_keys(['example_external_task_marker_parent', 'example_external_task_marker_child']) retrieved from /home/airflow/.local/lib/python3.7/site-packages/airflow/example_dags/example_external_task_marker_dag.py
[2024-02-28T18:48:31.819+0000] {logging_mixin.py:150} INFO - [2024-02-28T18:48:31.819+0000] {dag.py:2742} INFO - Sync 2 DAGs
[2024-02-28T18:48:31.841+0000] {logging_mixin.py:150} INFO - [2024-02-28T18:48:31.841+0000] {dag.py:3508} INFO - Setting next_dagrun for example_external_task_marker_child to None, run_after=None
[2024-02-28T18:48:31.846+0000] {logging_mixin.py:150} INFO - [2024-02-28T18:48:31.845+0000] {dag.py:3508} INFO - Setting next_dagrun for example_external_task_marker_parent to None, run_after=None
[2024-02-28T18:48:31.864+0000] {processor.py:179} INFO - Processing /home/airflow/.local/lib/python3.7/site-packages/airflow/example_dags/example_external_task_marker_dag.py took 0.110 seconds
[2024-02-28T18:49:02.688+0000] {processor.py:157} INFO - Started process (PID=2000) to work on /home/airflow/.local/lib/python3.7/site-packages/airflow/example_dags/example_external_task_marker_dag.py
[2024-02-28T18:49:02.696+0000] {processor.py:826} INFO - Processing file /home/airflow/.local/lib/python3.7/site-packages/airflow/example_dags/example_external_task_marker_dag.py for tasks to queue
[2024-02-28T18:49:02.703+0000] {logging_mixin.py:150} INFO - [2024-02-28T18:49:02.701+0000] {dagbag.py:541} INFO - Filling up the DagBag from /home/airflow/.local/lib/python3.7/site-packages/airflow/example_dags/example_external_task_marker_dag.py
[2024-02-28T18:49:02.752+0000] {processor.py:836} INFO - DAG(s) dict_keys(['example_external_task_marker_child', 'example_external_task_marker_parent']) retrieved from /home/airflow/.local/lib/python3.7/site-packages/airflow/example_dags/example_external_task_marker_dag.py
[2024-02-28T18:49:02.844+0000] {logging_mixin.py:150} INFO - [2024-02-28T18:49:02.844+0000] {dag.py:2742} INFO - Sync 2 DAGs
[2024-02-28T18:49:02.889+0000] {logging_mixin.py:150} INFO - [2024-02-28T18:49:02.889+0000] {dag.py:3508} INFO - Setting next_dagrun for example_external_task_marker_child to None, run_after=None
[2024-02-28T18:49:02.899+0000] {logging_mixin.py:150} INFO - [2024-02-28T18:49:02.899+0000] {dag.py:3508} INFO - Setting next_dagrun for example_external_task_marker_parent to None, run_after=None
[2024-02-28T18:49:02.932+0000] {processor.py:179} INFO - Processing /home/airflow/.local/lib/python3.7/site-packages/airflow/example_dags/example_external_task_marker_dag.py took 0.273 seconds
[2024-02-28T18:49:33.334+0000] {processor.py:157} INFO - Started process (PID=2071) to work on /home/airflow/.local/lib/python3.7/site-packages/airflow/example_dags/example_external_task_marker_dag.py
[2024-02-28T18:49:33.337+0000] {processor.py:826} INFO - Processing file /home/airflow/.local/lib/python3.7/site-packages/airflow/example_dags/example_external_task_marker_dag.py for tasks to queue
[2024-02-28T18:49:33.338+0000] {logging_mixin.py:150} INFO - [2024-02-28T18:49:33.338+0000] {dagbag.py:541} INFO - Filling up the DagBag from /home/airflow/.local/lib/python3.7/site-packages/airflow/example_dags/example_external_task_marker_dag.py
[2024-02-28T18:49:33.348+0000] {processor.py:836} INFO - DAG(s) dict_keys(['example_external_task_marker_parent', 'example_external_task_marker_child']) retrieved from /home/airflow/.local/lib/python3.7/site-packages/airflow/example_dags/example_external_task_marker_dag.py
[2024-02-28T18:49:33.385+0000] {logging_mixin.py:150} INFO - [2024-02-28T18:49:33.385+0000] {dag.py:2742} INFO - Sync 2 DAGs
[2024-02-28T18:49:33.408+0000] {logging_mixin.py:150} INFO - [2024-02-28T18:49:33.407+0000] {dag.py:3508} INFO - Setting next_dagrun for example_external_task_marker_child to None, run_after=None
[2024-02-28T18:49:33.411+0000] {logging_mixin.py:150} INFO - [2024-02-28T18:49:33.411+0000] {dag.py:3508} INFO - Setting next_dagrun for example_external_task_marker_parent to None, run_after=None
[2024-02-28T18:49:33.427+0000] {processor.py:179} INFO - Processing /home/airflow/.local/lib/python3.7/site-packages/airflow/example_dags/example_external_task_marker_dag.py took 0.099 seconds
[2024-02-28T18:50:04.380+0000] {processor.py:157} INFO - Started process (PID=2134) to work on /home/airflow/.local/lib/python3.7/site-packages/airflow/example_dags/example_external_task_marker_dag.py
[2024-02-28T18:50:04.386+0000] {processor.py:826} INFO - Processing file /home/airflow/.local/lib/python3.7/site-packages/airflow/example_dags/example_external_task_marker_dag.py for tasks to queue
[2024-02-28T18:50:04.390+0000] {logging_mixin.py:150} INFO - [2024-02-28T18:50:04.390+0000] {dagbag.py:541} INFO - Filling up the DagBag from /home/airflow/.local/lib/python3.7/site-packages/airflow/example_dags/example_external_task_marker_dag.py
[2024-02-28T18:50:04.401+0000] {processor.py:836} INFO - DAG(s) dict_keys(['example_external_task_marker_parent', 'example_external_task_marker_child']) retrieved from /home/airflow/.local/lib/python3.7/site-packages/airflow/example_dags/example_external_task_marker_dag.py
[2024-02-28T18:50:04.455+0000] {logging_mixin.py:150} INFO - [2024-02-28T18:50:04.455+0000] {dag.py:2742} INFO - Sync 2 DAGs
[2024-02-28T18:50:04.531+0000] {logging_mixin.py:150} INFO - [2024-02-28T18:50:04.531+0000] {dag.py:3508} INFO - Setting next_dagrun for example_external_task_marker_child to None, run_after=None
[2024-02-28T18:50:04.540+0000] {logging_mixin.py:150} INFO - [2024-02-28T18:50:04.539+0000] {dag.py:3508} INFO - Setting next_dagrun for example_external_task_marker_parent to None, run_after=None
[2024-02-28T18:50:04.583+0000] {processor.py:179} INFO - Processing /home/airflow/.local/lib/python3.7/site-packages/airflow/example_dags/example_external_task_marker_dag.py took 0.217 seconds
[2024-02-28T18:50:35.203+0000] {processor.py:157} INFO - Started process (PID=2208) to work on /home/airflow/.local/lib/python3.7/site-packages/airflow/example_dags/example_external_task_marker_dag.py
[2024-02-28T18:50:35.205+0000] {processor.py:826} INFO - Processing file /home/airflow/.local/lib/python3.7/site-packages/airflow/example_dags/example_external_task_marker_dag.py for tasks to queue
[2024-02-28T18:50:35.207+0000] {logging_mixin.py:150} INFO - [2024-02-28T18:50:35.206+0000] {dagbag.py:541} INFO - Filling up the DagBag from /home/airflow/.local/lib/python3.7/site-packages/airflow/example_dags/example_external_task_marker_dag.py
[2024-02-28T18:50:35.213+0000] {processor.py:836} INFO - DAG(s) dict_keys(['example_external_task_marker_parent', 'example_external_task_marker_child']) retrieved from /home/airflow/.local/lib/python3.7/site-packages/airflow/example_dags/example_external_task_marker_dag.py
[2024-02-28T18:50:35.241+0000] {logging_mixin.py:150} INFO - [2024-02-28T18:50:35.241+0000] {dag.py:2742} INFO - Sync 2 DAGs
[2024-02-28T18:50:35.265+0000] {logging_mixin.py:150} INFO - [2024-02-28T18:50:35.265+0000] {dag.py:3508} INFO - Setting next_dagrun for example_external_task_marker_child to None, run_after=None
[2024-02-28T18:50:35.270+0000] {logging_mixin.py:150} INFO - [2024-02-28T18:50:35.270+0000] {dag.py:3508} INFO - Setting next_dagrun for example_external_task_marker_parent to None, run_after=None
[2024-02-28T18:50:35.284+0000] {processor.py:179} INFO - Processing /home/airflow/.local/lib/python3.7/site-packages/airflow/example_dags/example_external_task_marker_dag.py took 0.085 seconds
[2024-02-28T18:51:05.915+0000] {processor.py:157} INFO - Started process (PID=2267) to work on /home/airflow/.local/lib/python3.7/site-packages/airflow/example_dags/example_external_task_marker_dag.py
[2024-02-28T18:51:05.917+0000] {processor.py:826} INFO - Processing file /home/airflow/.local/lib/python3.7/site-packages/airflow/example_dags/example_external_task_marker_dag.py for tasks to queue
[2024-02-28T18:51:05.920+0000] {logging_mixin.py:150} INFO - [2024-02-28T18:51:05.920+0000] {dagbag.py:541} INFO - Filling up the DagBag from /home/airflow/.local/lib/python3.7/site-packages/airflow/example_dags/example_external_task_marker_dag.py
[2024-02-28T18:51:05.929+0000] {processor.py:836} INFO - DAG(s) dict_keys(['example_external_task_marker_parent', 'example_external_task_marker_child']) retrieved from /home/airflow/.local/lib/python3.7/site-packages/airflow/example_dags/example_external_task_marker_dag.py
[2024-02-28T18:51:05.964+0000] {logging_mixin.py:150} INFO - [2024-02-28T18:51:05.964+0000] {dag.py:2742} INFO - Sync 2 DAGs
[2024-02-28T18:51:05.999+0000] {logging_mixin.py:150} INFO - [2024-02-28T18:51:05.999+0000] {dag.py:3508} INFO - Setting next_dagrun for example_external_task_marker_child to None, run_after=None
[2024-02-28T18:51:06.010+0000] {logging_mixin.py:150} INFO - [2024-02-28T18:51:06.009+0000] {dag.py:3508} INFO - Setting next_dagrun for example_external_task_marker_parent to None, run_after=None
[2024-02-28T18:51:06.039+0000] {processor.py:179} INFO - Processing /home/airflow/.local/lib/python3.7/site-packages/airflow/example_dags/example_external_task_marker_dag.py took 0.129 seconds
[2024-02-28T18:51:36.310+0000] {processor.py:157} INFO - Started process (PID=2333) to work on /home/airflow/.local/lib/python3.7/site-packages/airflow/example_dags/example_external_task_marker_dag.py
[2024-02-28T18:51:36.314+0000] {processor.py:826} INFO - Processing file /home/airflow/.local/lib/python3.7/site-packages/airflow/example_dags/example_external_task_marker_dag.py for tasks to queue
[2024-02-28T18:51:36.317+0000] {logging_mixin.py:150} INFO - [2024-02-28T18:51:36.316+0000] {dagbag.py:541} INFO - Filling up the DagBag from /home/airflow/.local/lib/python3.7/site-packages/airflow/example_dags/example_external_task_marker_dag.py
[2024-02-28T18:51:36.329+0000] {processor.py:836} INFO - DAG(s) dict_keys(['example_external_task_marker_parent', 'example_external_task_marker_child']) retrieved from /home/airflow/.local/lib/python3.7/site-packages/airflow/example_dags/example_external_task_marker_dag.py
[2024-02-28T18:51:36.367+0000] {logging_mixin.py:150} INFO - [2024-02-28T18:51:36.366+0000] {dag.py:2742} INFO - Sync 2 DAGs
[2024-02-28T18:51:36.388+0000] {logging_mixin.py:150} INFO - [2024-02-28T18:51:36.388+0000] {dag.py:3508} INFO - Setting next_dagrun for example_external_task_marker_child to None, run_after=None
[2024-02-28T18:51:36.392+0000] {logging_mixin.py:150} INFO - [2024-02-28T18:51:36.392+0000] {dag.py:3508} INFO - Setting next_dagrun for example_external_task_marker_parent to None, run_after=None
[2024-02-28T18:51:36.411+0000] {processor.py:179} INFO - Processing /home/airflow/.local/lib/python3.7/site-packages/airflow/example_dags/example_external_task_marker_dag.py took 0.108 seconds
[2024-02-28T18:52:06.848+0000] {processor.py:157} INFO - Started process (PID=2400) to work on /home/airflow/.local/lib/python3.7/site-packages/airflow/example_dags/example_external_task_marker_dag.py
[2024-02-28T18:52:06.852+0000] {processor.py:826} INFO - Processing file /home/airflow/.local/lib/python3.7/site-packages/airflow/example_dags/example_external_task_marker_dag.py for tasks to queue
[2024-02-28T18:52:06.855+0000] {logging_mixin.py:150} INFO - [2024-02-28T18:52:06.855+0000] {dagbag.py:541} INFO - Filling up the DagBag from /home/airflow/.local/lib/python3.7/site-packages/airflow/example_dags/example_external_task_marker_dag.py
[2024-02-28T18:52:06.866+0000] {processor.py:836} INFO - DAG(s) dict_keys(['example_external_task_marker_child', 'example_external_task_marker_parent']) retrieved from /home/airflow/.local/lib/python3.7/site-packages/airflow/example_dags/example_external_task_marker_dag.py
[2024-02-28T18:52:06.898+0000] {logging_mixin.py:150} INFO - [2024-02-28T18:52:06.898+0000] {dag.py:2742} INFO - Sync 2 DAGs
[2024-02-28T18:52:06.920+0000] {logging_mixin.py:150} INFO - [2024-02-28T18:52:06.920+0000] {dag.py:3508} INFO - Setting next_dagrun for example_external_task_marker_child to None, run_after=None
[2024-02-28T18:52:06.926+0000] {logging_mixin.py:150} INFO - [2024-02-28T18:52:06.926+0000] {dag.py:3508} INFO - Setting next_dagrun for example_external_task_marker_parent to None, run_after=None
[2024-02-28T18:52:06.939+0000] {processor.py:179} INFO - Processing /home/airflow/.local/lib/python3.7/site-packages/airflow/example_dags/example_external_task_marker_dag.py took 0.099 seconds
[2024-02-28T18:52:37.120+0000] {processor.py:157} INFO - Started process (PID=2467) to work on /home/airflow/.local/lib/python3.7/site-packages/airflow/example_dags/example_external_task_marker_dag.py
[2024-02-28T18:52:37.124+0000] {processor.py:826} INFO - Processing file /home/airflow/.local/lib/python3.7/site-packages/airflow/example_dags/example_external_task_marker_dag.py for tasks to queue
[2024-02-28T18:52:37.126+0000] {logging_mixin.py:150} INFO - [2024-02-28T18:52:37.126+0000] {dagbag.py:541} INFO - Filling up the DagBag from /home/airflow/.local/lib/python3.7/site-packages/airflow/example_dags/example_external_task_marker_dag.py
[2024-02-28T18:52:37.142+0000] {processor.py:836} INFO - DAG(s) dict_keys(['example_external_task_marker_parent', 'example_external_task_marker_child']) retrieved from /home/airflow/.local/lib/python3.7/site-packages/airflow/example_dags/example_external_task_marker_dag.py
[2024-02-28T18:52:37.177+0000] {logging_mixin.py:150} INFO - [2024-02-28T18:52:37.177+0000] {dag.py:2742} INFO - Sync 2 DAGs
[2024-02-28T18:52:37.198+0000] {logging_mixin.py:150} INFO - [2024-02-28T18:52:37.198+0000] {dag.py:3508} INFO - Setting next_dagrun for example_external_task_marker_child to None, run_after=None
[2024-02-28T18:52:37.203+0000] {logging_mixin.py:150} INFO - [2024-02-28T18:52:37.203+0000] {dag.py:3508} INFO - Setting next_dagrun for example_external_task_marker_parent to None, run_after=None
[2024-02-28T18:52:37.218+0000] {processor.py:179} INFO - Processing /home/airflow/.local/lib/python3.7/site-packages/airflow/example_dags/example_external_task_marker_dag.py took 0.104 seconds
