[2024-02-28T18:33:12.308+0000] {processor.py:157} INFO - Started process (PID=59) to work on /home/airflow/.local/lib/python3.7/site-packages/airflow/example_dags/example_dag_decorator.py
[2024-02-28T18:33:12.315+0000] {processor.py:826} INFO - Processing file /home/airflow/.local/lib/python3.7/site-packages/airflow/example_dags/example_dag_decorator.py for tasks to queue
[2024-02-28T18:33:12.321+0000] {logging_mixin.py:150} INFO - [2024-02-28T18:33:12.319+0000] {dagbag.py:541} INFO - Filling up the DagBag from /home/airflow/.local/lib/python3.7/site-packages/airflow/example_dags/example_dag_decorator.py
[2024-02-28T18:33:12.412+0000] {processor.py:836} INFO - DAG(s) dict_keys(['example_dag_decorator']) retrieved from /home/airflow/.local/lib/python3.7/site-packages/airflow/example_dags/example_dag_decorator.py
[2024-02-28T18:33:12.479+0000] {logging_mixin.py:150} INFO - [2024-02-28T18:33:12.479+0000] {dag.py:2742} INFO - Sync 1 DAGs
[2024-02-28T18:33:12.556+0000] {logging_mixin.py:150} INFO - [2024-02-28T18:33:12.556+0000] {dag.py:3508} INFO - Setting next_dagrun for example_dag_decorator to None, run_after=None
[2024-02-28T18:33:12.598+0000] {processor.py:179} INFO - Processing /home/airflow/.local/lib/python3.7/site-packages/airflow/example_dags/example_dag_decorator.py took 0.298 seconds
[2024-02-28T18:33:43.245+0000] {processor.py:157} INFO - Started process (PID=122) to work on /home/airflow/.local/lib/python3.7/site-packages/airflow/example_dags/example_dag_decorator.py
[2024-02-28T18:33:43.248+0000] {processor.py:826} INFO - Processing file /home/airflow/.local/lib/python3.7/site-packages/airflow/example_dags/example_dag_decorator.py for tasks to queue
[2024-02-28T18:33:43.249+0000] {logging_mixin.py:150} INFO - [2024-02-28T18:33:43.249+0000] {dagbag.py:541} INFO - Filling up the DagBag from /home/airflow/.local/lib/python3.7/site-packages/airflow/example_dags/example_dag_decorator.py
[2024-02-28T18:33:43.265+0000] {processor.py:836} INFO - DAG(s) dict_keys(['example_dag_decorator']) retrieved from /home/airflow/.local/lib/python3.7/site-packages/airflow/example_dags/example_dag_decorator.py
[2024-02-28T18:33:43.404+0000] {logging_mixin.py:150} INFO - [2024-02-28T18:33:43.404+0000] {dag.py:2742} INFO - Sync 1 DAGs
[2024-02-28T18:33:43.427+0000] {logging_mixin.py:150} INFO - [2024-02-28T18:33:43.427+0000] {dag.py:3508} INFO - Setting next_dagrun for example_dag_decorator to None, run_after=None
[2024-02-28T18:33:43.446+0000] {processor.py:179} INFO - Processing /home/airflow/.local/lib/python3.7/site-packages/airflow/example_dags/example_dag_decorator.py took 0.205 seconds
[2024-02-28T18:34:13.503+0000] {processor.py:157} INFO - Started process (PID=185) to work on /home/airflow/.local/lib/python3.7/site-packages/airflow/example_dags/example_dag_decorator.py
[2024-02-28T18:34:13.506+0000] {processor.py:826} INFO - Processing file /home/airflow/.local/lib/python3.7/site-packages/airflow/example_dags/example_dag_decorator.py for tasks to queue
[2024-02-28T18:34:13.507+0000] {logging_mixin.py:150} INFO - [2024-02-28T18:34:13.507+0000] {dagbag.py:541} INFO - Filling up the DagBag from /home/airflow/.local/lib/python3.7/site-packages/airflow/example_dags/example_dag_decorator.py
[2024-02-28T18:34:13.523+0000] {processor.py:836} INFO - DAG(s) dict_keys(['example_dag_decorator']) retrieved from /home/airflow/.local/lib/python3.7/site-packages/airflow/example_dags/example_dag_decorator.py
[2024-02-28T18:34:13.636+0000] {logging_mixin.py:150} INFO - [2024-02-28T18:34:13.636+0000] {dag.py:2742} INFO - Sync 1 DAGs
[2024-02-28T18:34:13.662+0000] {logging_mixin.py:150} INFO - [2024-02-28T18:34:13.661+0000] {dag.py:3508} INFO - Setting next_dagrun for example_dag_decorator to None, run_after=None
[2024-02-28T18:34:13.677+0000] {processor.py:179} INFO - Processing /home/airflow/.local/lib/python3.7/site-packages/airflow/example_dags/example_dag_decorator.py took 0.177 seconds
[2024-02-28T18:34:44.238+0000] {processor.py:157} INFO - Started process (PID=248) to work on /home/airflow/.local/lib/python3.7/site-packages/airflow/example_dags/example_dag_decorator.py
[2024-02-28T18:34:44.247+0000] {processor.py:826} INFO - Processing file /home/airflow/.local/lib/python3.7/site-packages/airflow/example_dags/example_dag_decorator.py for tasks to queue
[2024-02-28T18:34:44.255+0000] {logging_mixin.py:150} INFO - [2024-02-28T18:34:44.254+0000] {dagbag.py:541} INFO - Filling up the DagBag from /home/airflow/.local/lib/python3.7/site-packages/airflow/example_dags/example_dag_decorator.py
[2024-02-28T18:34:44.310+0000] {processor.py:836} INFO - DAG(s) dict_keys(['example_dag_decorator']) retrieved from /home/airflow/.local/lib/python3.7/site-packages/airflow/example_dags/example_dag_decorator.py
[2024-02-28T18:34:44.777+0000] {logging_mixin.py:150} INFO - [2024-02-28T18:34:44.770+0000] {dag.py:2742} INFO - Sync 1 DAGs
[2024-02-28T18:34:44.902+0000] {logging_mixin.py:150} INFO - [2024-02-28T18:34:44.901+0000] {dag.py:3508} INFO - Setting next_dagrun for example_dag_decorator to None, run_after=None
[2024-02-28T18:34:45.004+0000] {processor.py:179} INFO - Processing /home/airflow/.local/lib/python3.7/site-packages/airflow/example_dags/example_dag_decorator.py took 0.777 seconds
[2024-02-28T18:35:15.543+0000] {processor.py:157} INFO - Started process (PID=312) to work on /home/airflow/.local/lib/python3.7/site-packages/airflow/example_dags/example_dag_decorator.py
[2024-02-28T18:35:15.547+0000] {processor.py:826} INFO - Processing file /home/airflow/.local/lib/python3.7/site-packages/airflow/example_dags/example_dag_decorator.py for tasks to queue
[2024-02-28T18:35:15.550+0000] {logging_mixin.py:150} INFO - [2024-02-28T18:35:15.549+0000] {dagbag.py:541} INFO - Filling up the DagBag from /home/airflow/.local/lib/python3.7/site-packages/airflow/example_dags/example_dag_decorator.py
[2024-02-28T18:35:15.579+0000] {processor.py:836} INFO - DAG(s) dict_keys(['example_dag_decorator']) retrieved from /home/airflow/.local/lib/python3.7/site-packages/airflow/example_dags/example_dag_decorator.py
[2024-02-28T18:35:15.728+0000] {logging_mixin.py:150} INFO - [2024-02-28T18:35:15.728+0000] {dag.py:2742} INFO - Sync 1 DAGs
[2024-02-28T18:35:15.750+0000] {logging_mixin.py:150} INFO - [2024-02-28T18:35:15.750+0000] {dag.py:3508} INFO - Setting next_dagrun for example_dag_decorator to None, run_after=None
[2024-02-28T18:35:15.776+0000] {processor.py:179} INFO - Processing /home/airflow/.local/lib/python3.7/site-packages/airflow/example_dags/example_dag_decorator.py took 0.238 seconds
[2024-02-28T18:35:46.446+0000] {processor.py:157} INFO - Started process (PID=376) to work on /home/airflow/.local/lib/python3.7/site-packages/airflow/example_dags/example_dag_decorator.py
[2024-02-28T18:35:46.454+0000] {processor.py:826} INFO - Processing file /home/airflow/.local/lib/python3.7/site-packages/airflow/example_dags/example_dag_decorator.py for tasks to queue
[2024-02-28T18:35:46.463+0000] {logging_mixin.py:150} INFO - [2024-02-28T18:35:46.460+0000] {dagbag.py:541} INFO - Filling up the DagBag from /home/airflow/.local/lib/python3.7/site-packages/airflow/example_dags/example_dag_decorator.py
[2024-02-28T18:35:46.520+0000] {processor.py:836} INFO - DAG(s) dict_keys(['example_dag_decorator']) retrieved from /home/airflow/.local/lib/python3.7/site-packages/airflow/example_dags/example_dag_decorator.py
[2024-02-28T18:35:46.711+0000] {logging_mixin.py:150} INFO - [2024-02-28T18:35:46.710+0000] {dag.py:2742} INFO - Sync 1 DAGs
[2024-02-28T18:35:46.742+0000] {logging_mixin.py:150} INFO - [2024-02-28T18:35:46.741+0000] {dag.py:3508} INFO - Setting next_dagrun for example_dag_decorator to None, run_after=None
[2024-02-28T18:35:46.761+0000] {processor.py:179} INFO - Processing /home/airflow/.local/lib/python3.7/site-packages/airflow/example_dags/example_dag_decorator.py took 0.327 seconds
[2024-02-28T18:36:17.563+0000] {processor.py:157} INFO - Started process (PID=439) to work on /home/airflow/.local/lib/python3.7/site-packages/airflow/example_dags/example_dag_decorator.py
[2024-02-28T18:36:17.571+0000] {processor.py:826} INFO - Processing file /home/airflow/.local/lib/python3.7/site-packages/airflow/example_dags/example_dag_decorator.py for tasks to queue
[2024-02-28T18:36:17.583+0000] {logging_mixin.py:150} INFO - [2024-02-28T18:36:17.582+0000] {dagbag.py:541} INFO - Filling up the DagBag from /home/airflow/.local/lib/python3.7/site-packages/airflow/example_dags/example_dag_decorator.py
[2024-02-28T18:36:17.853+0000] {processor.py:836} INFO - DAG(s) dict_keys(['example_dag_decorator']) retrieved from /home/airflow/.local/lib/python3.7/site-packages/airflow/example_dags/example_dag_decorator.py
[2024-02-28T18:36:18.382+0000] {logging_mixin.py:150} INFO - [2024-02-28T18:36:18.381+0000] {dag.py:2742} INFO - Sync 1 DAGs
[2024-02-28T18:36:18.533+0000] {logging_mixin.py:150} INFO - [2024-02-28T18:36:18.530+0000] {dag.py:3508} INFO - Setting next_dagrun for example_dag_decorator to None, run_after=None
[2024-02-28T18:36:18.682+0000] {processor.py:179} INFO - Processing /home/airflow/.local/lib/python3.7/site-packages/airflow/example_dags/example_dag_decorator.py took 1.128 seconds
[2024-02-28T18:36:49.555+0000] {processor.py:157} INFO - Started process (PID=503) to work on /home/airflow/.local/lib/python3.7/site-packages/airflow/example_dags/example_dag_decorator.py
[2024-02-28T18:36:49.559+0000] {processor.py:826} INFO - Processing file /home/airflow/.local/lib/python3.7/site-packages/airflow/example_dags/example_dag_decorator.py for tasks to queue
[2024-02-28T18:36:49.564+0000] {logging_mixin.py:150} INFO - [2024-02-28T18:36:49.563+0000] {dagbag.py:541} INFO - Filling up the DagBag from /home/airflow/.local/lib/python3.7/site-packages/airflow/example_dags/example_dag_decorator.py
[2024-02-28T18:36:49.588+0000] {processor.py:836} INFO - DAG(s) dict_keys(['example_dag_decorator']) retrieved from /home/airflow/.local/lib/python3.7/site-packages/airflow/example_dags/example_dag_decorator.py
[2024-02-28T18:36:49.746+0000] {logging_mixin.py:150} INFO - [2024-02-28T18:36:49.745+0000] {dag.py:2742} INFO - Sync 1 DAGs
[2024-02-28T18:36:49.779+0000] {logging_mixin.py:150} INFO - [2024-02-28T18:36:49.778+0000] {dag.py:3508} INFO - Setting next_dagrun for example_dag_decorator to None, run_after=None
[2024-02-28T18:36:49.801+0000] {processor.py:179} INFO - Processing /home/airflow/.local/lib/python3.7/site-packages/airflow/example_dags/example_dag_decorator.py took 0.253 seconds
[2024-02-28T18:37:20.346+0000] {processor.py:157} INFO - Started process (PID=566) to work on /home/airflow/.local/lib/python3.7/site-packages/airflow/example_dags/example_dag_decorator.py
[2024-02-28T18:37:20.350+0000] {processor.py:826} INFO - Processing file /home/airflow/.local/lib/python3.7/site-packages/airflow/example_dags/example_dag_decorator.py for tasks to queue
[2024-02-28T18:37:20.352+0000] {logging_mixin.py:150} INFO - [2024-02-28T18:37:20.352+0000] {dagbag.py:541} INFO - Filling up the DagBag from /home/airflow/.local/lib/python3.7/site-packages/airflow/example_dags/example_dag_decorator.py
[2024-02-28T18:37:20.372+0000] {processor.py:836} INFO - DAG(s) dict_keys(['example_dag_decorator']) retrieved from /home/airflow/.local/lib/python3.7/site-packages/airflow/example_dags/example_dag_decorator.py
[2024-02-28T18:37:20.509+0000] {logging_mixin.py:150} INFO - [2024-02-28T18:37:20.509+0000] {dag.py:2742} INFO - Sync 1 DAGs
[2024-02-28T18:37:20.541+0000] {logging_mixin.py:150} INFO - [2024-02-28T18:37:20.541+0000] {dag.py:3508} INFO - Setting next_dagrun for example_dag_decorator to None, run_after=None
[2024-02-28T18:37:20.567+0000] {processor.py:179} INFO - Processing /home/airflow/.local/lib/python3.7/site-packages/airflow/example_dags/example_dag_decorator.py took 0.226 seconds
[2024-02-28T18:37:50.630+0000] {processor.py:157} INFO - Started process (PID=630) to work on /home/airflow/.local/lib/python3.7/site-packages/airflow/example_dags/example_dag_decorator.py
[2024-02-28T18:37:50.633+0000] {processor.py:826} INFO - Processing file /home/airflow/.local/lib/python3.7/site-packages/airflow/example_dags/example_dag_decorator.py for tasks to queue
[2024-02-28T18:37:50.635+0000] {logging_mixin.py:150} INFO - [2024-02-28T18:37:50.635+0000] {dagbag.py:541} INFO - Filling up the DagBag from /home/airflow/.local/lib/python3.7/site-packages/airflow/example_dags/example_dag_decorator.py
[2024-02-28T18:37:50.652+0000] {processor.py:836} INFO - DAG(s) dict_keys(['example_dag_decorator']) retrieved from /home/airflow/.local/lib/python3.7/site-packages/airflow/example_dags/example_dag_decorator.py
[2024-02-28T18:37:50.799+0000] {logging_mixin.py:150} INFO - [2024-02-28T18:37:50.799+0000] {dag.py:2742} INFO - Sync 1 DAGs
[2024-02-28T18:37:50.823+0000] {logging_mixin.py:150} INFO - [2024-02-28T18:37:50.823+0000] {dag.py:3508} INFO - Setting next_dagrun for example_dag_decorator to None, run_after=None
[2024-02-28T18:37:50.843+0000] {processor.py:179} INFO - Processing /home/airflow/.local/lib/python3.7/site-packages/airflow/example_dags/example_dag_decorator.py took 0.216 seconds
[2024-02-28T18:38:20.934+0000] {processor.py:157} INFO - Started process (PID=691) to work on /home/airflow/.local/lib/python3.7/site-packages/airflow/example_dags/example_dag_decorator.py
[2024-02-28T18:38:20.939+0000] {processor.py:826} INFO - Processing file /home/airflow/.local/lib/python3.7/site-packages/airflow/example_dags/example_dag_decorator.py for tasks to queue
[2024-02-28T18:38:20.943+0000] {logging_mixin.py:150} INFO - [2024-02-28T18:38:20.942+0000] {dagbag.py:541} INFO - Filling up the DagBag from /home/airflow/.local/lib/python3.7/site-packages/airflow/example_dags/example_dag_decorator.py
[2024-02-28T18:38:20.969+0000] {processor.py:836} INFO - DAG(s) dict_keys(['example_dag_decorator']) retrieved from /home/airflow/.local/lib/python3.7/site-packages/airflow/example_dags/example_dag_decorator.py
[2024-02-28T18:38:21.140+0000] {logging_mixin.py:150} INFO - [2024-02-28T18:38:21.139+0000] {dag.py:2742} INFO - Sync 1 DAGs
[2024-02-28T18:38:21.201+0000] {logging_mixin.py:150} INFO - [2024-02-28T18:38:21.201+0000] {dag.py:3508} INFO - Setting next_dagrun for example_dag_decorator to None, run_after=None
[2024-02-28T18:38:21.256+0000] {processor.py:179} INFO - Processing /home/airflow/.local/lib/python3.7/site-packages/airflow/example_dags/example_dag_decorator.py took 0.327 seconds
[2024-02-28T18:38:52.070+0000] {processor.py:157} INFO - Started process (PID=753) to work on /home/airflow/.local/lib/python3.7/site-packages/airflow/example_dags/example_dag_decorator.py
[2024-02-28T18:38:52.074+0000] {processor.py:826} INFO - Processing file /home/airflow/.local/lib/python3.7/site-packages/airflow/example_dags/example_dag_decorator.py for tasks to queue
[2024-02-28T18:38:52.077+0000] {logging_mixin.py:150} INFO - [2024-02-28T18:38:52.076+0000] {dagbag.py:541} INFO - Filling up the DagBag from /home/airflow/.local/lib/python3.7/site-packages/airflow/example_dags/example_dag_decorator.py
[2024-02-28T18:38:52.097+0000] {processor.py:836} INFO - DAG(s) dict_keys(['example_dag_decorator']) retrieved from /home/airflow/.local/lib/python3.7/site-packages/airflow/example_dags/example_dag_decorator.py
[2024-02-28T18:38:52.299+0000] {logging_mixin.py:150} INFO - [2024-02-28T18:38:52.299+0000] {dag.py:2742} INFO - Sync 1 DAGs
[2024-02-28T18:38:52.333+0000] {logging_mixin.py:150} INFO - [2024-02-28T18:38:52.333+0000] {dag.py:3508} INFO - Setting next_dagrun for example_dag_decorator to None, run_after=None
[2024-02-28T18:38:52.363+0000] {processor.py:179} INFO - Processing /home/airflow/.local/lib/python3.7/site-packages/airflow/example_dags/example_dag_decorator.py took 0.299 seconds
[2024-02-28T18:39:22.957+0000] {processor.py:157} INFO - Started process (PID=816) to work on /home/airflow/.local/lib/python3.7/site-packages/airflow/example_dags/example_dag_decorator.py
[2024-02-28T18:39:22.960+0000] {processor.py:826} INFO - Processing file /home/airflow/.local/lib/python3.7/site-packages/airflow/example_dags/example_dag_decorator.py for tasks to queue
[2024-02-28T18:39:22.963+0000] {logging_mixin.py:150} INFO - [2024-02-28T18:39:22.962+0000] {dagbag.py:541} INFO - Filling up the DagBag from /home/airflow/.local/lib/python3.7/site-packages/airflow/example_dags/example_dag_decorator.py
[2024-02-28T18:39:22.983+0000] {processor.py:836} INFO - DAG(s) dict_keys(['example_dag_decorator']) retrieved from /home/airflow/.local/lib/python3.7/site-packages/airflow/example_dags/example_dag_decorator.py
[2024-02-28T18:39:23.112+0000] {logging_mixin.py:150} INFO - [2024-02-28T18:39:23.112+0000] {dag.py:2742} INFO - Sync 1 DAGs
[2024-02-28T18:39:23.139+0000] {logging_mixin.py:150} INFO - [2024-02-28T18:39:23.139+0000] {dag.py:3508} INFO - Setting next_dagrun for example_dag_decorator to None, run_after=None
[2024-02-28T18:39:23.166+0000] {processor.py:179} INFO - Processing /home/airflow/.local/lib/python3.7/site-packages/airflow/example_dags/example_dag_decorator.py took 0.215 seconds
[2024-02-28T18:39:53.298+0000] {processor.py:157} INFO - Started process (PID=881) to work on /home/airflow/.local/lib/python3.7/site-packages/airflow/example_dags/example_dag_decorator.py
[2024-02-28T18:39:53.302+0000] {processor.py:826} INFO - Processing file /home/airflow/.local/lib/python3.7/site-packages/airflow/example_dags/example_dag_decorator.py for tasks to queue
[2024-02-28T18:39:53.304+0000] {logging_mixin.py:150} INFO - [2024-02-28T18:39:53.304+0000] {dagbag.py:541} INFO - Filling up the DagBag from /home/airflow/.local/lib/python3.7/site-packages/airflow/example_dags/example_dag_decorator.py
[2024-02-28T18:39:53.323+0000] {processor.py:836} INFO - DAG(s) dict_keys(['example_dag_decorator']) retrieved from /home/airflow/.local/lib/python3.7/site-packages/airflow/example_dags/example_dag_decorator.py
[2024-02-28T18:39:53.528+0000] {logging_mixin.py:150} INFO - [2024-02-28T18:39:53.527+0000] {dag.py:2742} INFO - Sync 1 DAGs
[2024-02-28T18:39:53.552+0000] {logging_mixin.py:150} INFO - [2024-02-28T18:39:53.552+0000] {dag.py:3508} INFO - Setting next_dagrun for example_dag_decorator to None, run_after=None
[2024-02-28T18:39:53.577+0000] {processor.py:179} INFO - Processing /home/airflow/.local/lib/python3.7/site-packages/airflow/example_dags/example_dag_decorator.py took 0.288 seconds
[2024-02-28T18:40:23.884+0000] {processor.py:157} INFO - Started process (PID=943) to work on /home/airflow/.local/lib/python3.7/site-packages/airflow/example_dags/example_dag_decorator.py
[2024-02-28T18:40:23.890+0000] {processor.py:826} INFO - Processing file /home/airflow/.local/lib/python3.7/site-packages/airflow/example_dags/example_dag_decorator.py for tasks to queue
[2024-02-28T18:40:23.893+0000] {logging_mixin.py:150} INFO - [2024-02-28T18:40:23.893+0000] {dagbag.py:541} INFO - Filling up the DagBag from /home/airflow/.local/lib/python3.7/site-packages/airflow/example_dags/example_dag_decorator.py
[2024-02-28T18:40:23.912+0000] {processor.py:836} INFO - DAG(s) dict_keys(['example_dag_decorator']) retrieved from /home/airflow/.local/lib/python3.7/site-packages/airflow/example_dags/example_dag_decorator.py
[2024-02-28T18:40:24.030+0000] {logging_mixin.py:150} INFO - [2024-02-28T18:40:24.030+0000] {dag.py:2742} INFO - Sync 1 DAGs
[2024-02-28T18:40:24.059+0000] {logging_mixin.py:150} INFO - [2024-02-28T18:40:24.059+0000] {dag.py:3508} INFO - Setting next_dagrun for example_dag_decorator to None, run_after=None
[2024-02-28T18:40:24.079+0000] {processor.py:179} INFO - Processing /home/airflow/.local/lib/python3.7/site-packages/airflow/example_dags/example_dag_decorator.py took 0.202 seconds
[2024-02-28T18:40:54.453+0000] {processor.py:157} INFO - Started process (PID=1006) to work on /home/airflow/.local/lib/python3.7/site-packages/airflow/example_dags/example_dag_decorator.py
[2024-02-28T18:40:54.455+0000] {processor.py:826} INFO - Processing file /home/airflow/.local/lib/python3.7/site-packages/airflow/example_dags/example_dag_decorator.py for tasks to queue
[2024-02-28T18:40:54.457+0000] {logging_mixin.py:150} INFO - [2024-02-28T18:40:54.457+0000] {dagbag.py:541} INFO - Filling up the DagBag from /home/airflow/.local/lib/python3.7/site-packages/airflow/example_dags/example_dag_decorator.py
[2024-02-28T18:40:54.475+0000] {processor.py:836} INFO - DAG(s) dict_keys(['example_dag_decorator']) retrieved from /home/airflow/.local/lib/python3.7/site-packages/airflow/example_dags/example_dag_decorator.py
[2024-02-28T18:40:54.596+0000] {logging_mixin.py:150} INFO - [2024-02-28T18:40:54.595+0000] {dag.py:2742} INFO - Sync 1 DAGs
[2024-02-28T18:40:54.626+0000] {logging_mixin.py:150} INFO - [2024-02-28T18:40:54.625+0000] {dag.py:3508} INFO - Setting next_dagrun for example_dag_decorator to None, run_after=None
[2024-02-28T18:40:54.645+0000] {processor.py:179} INFO - Processing /home/airflow/.local/lib/python3.7/site-packages/airflow/example_dags/example_dag_decorator.py took 0.197 seconds
[2024-02-28T18:41:24.992+0000] {processor.py:157} INFO - Started process (PID=1069) to work on /home/airflow/.local/lib/python3.7/site-packages/airflow/example_dags/example_dag_decorator.py
[2024-02-28T18:41:24.995+0000] {processor.py:826} INFO - Processing file /home/airflow/.local/lib/python3.7/site-packages/airflow/example_dags/example_dag_decorator.py for tasks to queue
[2024-02-28T18:41:25.000+0000] {logging_mixin.py:150} INFO - [2024-02-28T18:41:25.000+0000] {dagbag.py:541} INFO - Filling up the DagBag from /home/airflow/.local/lib/python3.7/site-packages/airflow/example_dags/example_dag_decorator.py
[2024-02-28T18:41:25.030+0000] {processor.py:836} INFO - DAG(s) dict_keys(['example_dag_decorator']) retrieved from /home/airflow/.local/lib/python3.7/site-packages/airflow/example_dags/example_dag_decorator.py
[2024-02-28T18:41:25.168+0000] {logging_mixin.py:150} INFO - [2024-02-28T18:41:25.168+0000] {dag.py:2742} INFO - Sync 1 DAGs
[2024-02-28T18:41:25.198+0000] {logging_mixin.py:150} INFO - [2024-02-28T18:41:25.198+0000] {dag.py:3508} INFO - Setting next_dagrun for example_dag_decorator to None, run_after=None
[2024-02-28T18:41:25.222+0000] {processor.py:179} INFO - Processing /home/airflow/.local/lib/python3.7/site-packages/airflow/example_dags/example_dag_decorator.py took 0.239 seconds
[2024-02-28T18:41:55.415+0000] {processor.py:157} INFO - Started process (PID=1132) to work on /home/airflow/.local/lib/python3.7/site-packages/airflow/example_dags/example_dag_decorator.py
[2024-02-28T18:41:55.418+0000] {processor.py:826} INFO - Processing file /home/airflow/.local/lib/python3.7/site-packages/airflow/example_dags/example_dag_decorator.py for tasks to queue
[2024-02-28T18:41:55.421+0000] {logging_mixin.py:150} INFO - [2024-02-28T18:41:55.420+0000] {dagbag.py:541} INFO - Filling up the DagBag from /home/airflow/.local/lib/python3.7/site-packages/airflow/example_dags/example_dag_decorator.py
[2024-02-28T18:41:55.448+0000] {processor.py:836} INFO - DAG(s) dict_keys(['example_dag_decorator']) retrieved from /home/airflow/.local/lib/python3.7/site-packages/airflow/example_dags/example_dag_decorator.py
[2024-02-28T18:41:55.598+0000] {logging_mixin.py:150} INFO - [2024-02-28T18:41:55.598+0000] {dag.py:2742} INFO - Sync 1 DAGs
[2024-02-28T18:41:55.622+0000] {logging_mixin.py:150} INFO - [2024-02-28T18:41:55.622+0000] {dag.py:3508} INFO - Setting next_dagrun for example_dag_decorator to None, run_after=None
[2024-02-28T18:41:55.643+0000] {processor.py:179} INFO - Processing /home/airflow/.local/lib/python3.7/site-packages/airflow/example_dags/example_dag_decorator.py took 0.237 seconds
[2024-02-28T18:42:26.202+0000] {processor.py:157} INFO - Started process (PID=1195) to work on /home/airflow/.local/lib/python3.7/site-packages/airflow/example_dags/example_dag_decorator.py
[2024-02-28T18:42:26.206+0000] {processor.py:826} INFO - Processing file /home/airflow/.local/lib/python3.7/site-packages/airflow/example_dags/example_dag_decorator.py for tasks to queue
[2024-02-28T18:42:26.208+0000] {logging_mixin.py:150} INFO - [2024-02-28T18:42:26.207+0000] {dagbag.py:541} INFO - Filling up the DagBag from /home/airflow/.local/lib/python3.7/site-packages/airflow/example_dags/example_dag_decorator.py
[2024-02-28T18:42:26.230+0000] {processor.py:836} INFO - DAG(s) dict_keys(['example_dag_decorator']) retrieved from /home/airflow/.local/lib/python3.7/site-packages/airflow/example_dags/example_dag_decorator.py
[2024-02-28T18:42:26.354+0000] {logging_mixin.py:150} INFO - [2024-02-28T18:42:26.353+0000] {dag.py:2742} INFO - Sync 1 DAGs
[2024-02-28T18:42:26.375+0000] {logging_mixin.py:150} INFO - [2024-02-28T18:42:26.375+0000] {dag.py:3508} INFO - Setting next_dagrun for example_dag_decorator to None, run_after=None
[2024-02-28T18:42:26.401+0000] {processor.py:179} INFO - Processing /home/airflow/.local/lib/python3.7/site-packages/airflow/example_dags/example_dag_decorator.py took 0.205 seconds
[2024-02-28T18:42:56.599+0000] {processor.py:157} INFO - Started process (PID=1258) to work on /home/airflow/.local/lib/python3.7/site-packages/airflow/example_dags/example_dag_decorator.py
[2024-02-28T18:42:56.602+0000] {processor.py:826} INFO - Processing file /home/airflow/.local/lib/python3.7/site-packages/airflow/example_dags/example_dag_decorator.py for tasks to queue
[2024-02-28T18:42:56.606+0000] {logging_mixin.py:150} INFO - [2024-02-28T18:42:56.606+0000] {dagbag.py:541} INFO - Filling up the DagBag from /home/airflow/.local/lib/python3.7/site-packages/airflow/example_dags/example_dag_decorator.py
[2024-02-28T18:42:56.633+0000] {processor.py:836} INFO - DAG(s) dict_keys(['example_dag_decorator']) retrieved from /home/airflow/.local/lib/python3.7/site-packages/airflow/example_dags/example_dag_decorator.py
[2024-02-28T18:42:56.737+0000] {logging_mixin.py:150} INFO - [2024-02-28T18:42:56.737+0000] {dag.py:2742} INFO - Sync 1 DAGs
[2024-02-28T18:42:56.757+0000] {logging_mixin.py:150} INFO - [2024-02-28T18:42:56.756+0000] {dag.py:3508} INFO - Setting next_dagrun for example_dag_decorator to None, run_after=None
[2024-02-28T18:42:56.774+0000] {processor.py:179} INFO - Processing /home/airflow/.local/lib/python3.7/site-packages/airflow/example_dags/example_dag_decorator.py took 0.178 seconds
[2024-02-28T18:43:27.538+0000] {processor.py:157} INFO - Started process (PID=1320) to work on /home/airflow/.local/lib/python3.7/site-packages/airflow/example_dags/example_dag_decorator.py
[2024-02-28T18:43:27.541+0000] {processor.py:826} INFO - Processing file /home/airflow/.local/lib/python3.7/site-packages/airflow/example_dags/example_dag_decorator.py for tasks to queue
[2024-02-28T18:43:27.543+0000] {logging_mixin.py:150} INFO - [2024-02-28T18:43:27.542+0000] {dagbag.py:541} INFO - Filling up the DagBag from /home/airflow/.local/lib/python3.7/site-packages/airflow/example_dags/example_dag_decorator.py
[2024-02-28T18:43:27.564+0000] {processor.py:836} INFO - DAG(s) dict_keys(['example_dag_decorator']) retrieved from /home/airflow/.local/lib/python3.7/site-packages/airflow/example_dags/example_dag_decorator.py
[2024-02-28T18:43:27.682+0000] {logging_mixin.py:150} INFO - [2024-02-28T18:43:27.682+0000] {dag.py:2742} INFO - Sync 1 DAGs
[2024-02-28T18:43:27.708+0000] {logging_mixin.py:150} INFO - [2024-02-28T18:43:27.707+0000] {dag.py:3508} INFO - Setting next_dagrun for example_dag_decorator to None, run_after=None
[2024-02-28T18:43:27.733+0000] {processor.py:179} INFO - Processing /home/airflow/.local/lib/python3.7/site-packages/airflow/example_dags/example_dag_decorator.py took 0.201 seconds
[2024-02-28T18:43:58.040+0000] {processor.py:157} INFO - Started process (PID=1383) to work on /home/airflow/.local/lib/python3.7/site-packages/airflow/example_dags/example_dag_decorator.py
[2024-02-28T18:43:58.045+0000] {processor.py:826} INFO - Processing file /home/airflow/.local/lib/python3.7/site-packages/airflow/example_dags/example_dag_decorator.py for tasks to queue
[2024-02-28T18:43:58.048+0000] {logging_mixin.py:150} INFO - [2024-02-28T18:43:58.048+0000] {dagbag.py:541} INFO - Filling up the DagBag from /home/airflow/.local/lib/python3.7/site-packages/airflow/example_dags/example_dag_decorator.py
[2024-02-28T18:43:58.068+0000] {processor.py:836} INFO - DAG(s) dict_keys(['example_dag_decorator']) retrieved from /home/airflow/.local/lib/python3.7/site-packages/airflow/example_dags/example_dag_decorator.py
[2024-02-28T18:43:58.211+0000] {logging_mixin.py:150} INFO - [2024-02-28T18:43:58.210+0000] {dag.py:2742} INFO - Sync 1 DAGs
[2024-02-28T18:43:58.234+0000] {logging_mixin.py:150} INFO - [2024-02-28T18:43:58.234+0000] {dag.py:3508} INFO - Setting next_dagrun for example_dag_decorator to None, run_after=None
[2024-02-28T18:43:58.263+0000] {processor.py:179} INFO - Processing /home/airflow/.local/lib/python3.7/site-packages/airflow/example_dags/example_dag_decorator.py took 0.231 seconds
[2024-02-28T18:44:28.850+0000] {processor.py:157} INFO - Started process (PID=1446) to work on /home/airflow/.local/lib/python3.7/site-packages/airflow/example_dags/example_dag_decorator.py
[2024-02-28T18:44:28.858+0000] {processor.py:826} INFO - Processing file /home/airflow/.local/lib/python3.7/site-packages/airflow/example_dags/example_dag_decorator.py for tasks to queue
[2024-02-28T18:44:28.866+0000] {logging_mixin.py:150} INFO - [2024-02-28T18:44:28.866+0000] {dagbag.py:541} INFO - Filling up the DagBag from /home/airflow/.local/lib/python3.7/site-packages/airflow/example_dags/example_dag_decorator.py
[2024-02-28T18:44:28.882+0000] {processor.py:836} INFO - DAG(s) dict_keys(['example_dag_decorator']) retrieved from /home/airflow/.local/lib/python3.7/site-packages/airflow/example_dags/example_dag_decorator.py
[2024-02-28T18:44:29.032+0000] {logging_mixin.py:150} INFO - [2024-02-28T18:44:29.032+0000] {dag.py:2742} INFO - Sync 1 DAGs
[2024-02-28T18:44:29.060+0000] {logging_mixin.py:150} INFO - [2024-02-28T18:44:29.060+0000] {dag.py:3508} INFO - Setting next_dagrun for example_dag_decorator to None, run_after=None
[2024-02-28T18:44:29.082+0000] {processor.py:179} INFO - Processing /home/airflow/.local/lib/python3.7/site-packages/airflow/example_dags/example_dag_decorator.py took 0.238 seconds
[2024-02-28T18:44:59.195+0000] {processor.py:157} INFO - Started process (PID=1509) to work on /home/airflow/.local/lib/python3.7/site-packages/airflow/example_dags/example_dag_decorator.py
[2024-02-28T18:44:59.197+0000] {processor.py:826} INFO - Processing file /home/airflow/.local/lib/python3.7/site-packages/airflow/example_dags/example_dag_decorator.py for tasks to queue
[2024-02-28T18:44:59.199+0000] {logging_mixin.py:150} INFO - [2024-02-28T18:44:59.199+0000] {dagbag.py:541} INFO - Filling up the DagBag from /home/airflow/.local/lib/python3.7/site-packages/airflow/example_dags/example_dag_decorator.py
[2024-02-28T18:44:59.213+0000] {processor.py:836} INFO - DAG(s) dict_keys(['example_dag_decorator']) retrieved from /home/airflow/.local/lib/python3.7/site-packages/airflow/example_dags/example_dag_decorator.py
[2024-02-28T18:44:59.333+0000] {logging_mixin.py:150} INFO - [2024-02-28T18:44:59.332+0000] {dag.py:2742} INFO - Sync 1 DAGs
[2024-02-28T18:44:59.354+0000] {logging_mixin.py:150} INFO - [2024-02-28T18:44:59.354+0000] {dag.py:3508} INFO - Setting next_dagrun for example_dag_decorator to None, run_after=None
[2024-02-28T18:44:59.372+0000] {processor.py:179} INFO - Processing /home/airflow/.local/lib/python3.7/site-packages/airflow/example_dags/example_dag_decorator.py took 0.180 seconds
[2024-02-28T18:45:29.541+0000] {processor.py:157} INFO - Started process (PID=1573) to work on /home/airflow/.local/lib/python3.7/site-packages/airflow/example_dags/example_dag_decorator.py
[2024-02-28T18:45:29.543+0000] {processor.py:826} INFO - Processing file /home/airflow/.local/lib/python3.7/site-packages/airflow/example_dags/example_dag_decorator.py for tasks to queue
[2024-02-28T18:45:29.545+0000] {logging_mixin.py:150} INFO - [2024-02-28T18:45:29.544+0000] {dagbag.py:541} INFO - Filling up the DagBag from /home/airflow/.local/lib/python3.7/site-packages/airflow/example_dags/example_dag_decorator.py
[2024-02-28T18:45:29.556+0000] {processor.py:836} INFO - DAG(s) dict_keys(['example_dag_decorator']) retrieved from /home/airflow/.local/lib/python3.7/site-packages/airflow/example_dags/example_dag_decorator.py
[2024-02-28T18:45:29.654+0000] {logging_mixin.py:150} INFO - [2024-02-28T18:45:29.654+0000] {dag.py:2742} INFO - Sync 1 DAGs
[2024-02-28T18:45:29.673+0000] {logging_mixin.py:150} INFO - [2024-02-28T18:45:29.672+0000] {dag.py:3508} INFO - Setting next_dagrun for example_dag_decorator to None, run_after=None
[2024-02-28T18:45:29.687+0000] {processor.py:179} INFO - Processing /home/airflow/.local/lib/python3.7/site-packages/airflow/example_dags/example_dag_decorator.py took 0.149 seconds
[2024-02-28T18:46:00.474+0000] {processor.py:157} INFO - Started process (PID=1636) to work on /home/airflow/.local/lib/python3.7/site-packages/airflow/example_dags/example_dag_decorator.py
[2024-02-28T18:46:00.476+0000] {processor.py:826} INFO - Processing file /home/airflow/.local/lib/python3.7/site-packages/airflow/example_dags/example_dag_decorator.py for tasks to queue
[2024-02-28T18:46:00.478+0000] {logging_mixin.py:150} INFO - [2024-02-28T18:46:00.478+0000] {dagbag.py:541} INFO - Filling up the DagBag from /home/airflow/.local/lib/python3.7/site-packages/airflow/example_dags/example_dag_decorator.py
[2024-02-28T18:46:00.492+0000] {processor.py:836} INFO - DAG(s) dict_keys(['example_dag_decorator']) retrieved from /home/airflow/.local/lib/python3.7/site-packages/airflow/example_dags/example_dag_decorator.py
[2024-02-28T18:46:00.611+0000] {logging_mixin.py:150} INFO - [2024-02-28T18:46:00.611+0000] {dag.py:2742} INFO - Sync 1 DAGs
[2024-02-28T18:46:00.632+0000] {logging_mixin.py:150} INFO - [2024-02-28T18:46:00.632+0000] {dag.py:3508} INFO - Setting next_dagrun for example_dag_decorator to None, run_after=None
[2024-02-28T18:46:00.652+0000] {processor.py:179} INFO - Processing /home/airflow/.local/lib/python3.7/site-packages/airflow/example_dags/example_dag_decorator.py took 0.182 seconds
[2024-02-28T18:46:30.870+0000] {processor.py:157} INFO - Started process (PID=1699) to work on /home/airflow/.local/lib/python3.7/site-packages/airflow/example_dags/example_dag_decorator.py
[2024-02-28T18:46:30.872+0000] {processor.py:826} INFO - Processing file /home/airflow/.local/lib/python3.7/site-packages/airflow/example_dags/example_dag_decorator.py for tasks to queue
[2024-02-28T18:46:30.873+0000] {logging_mixin.py:150} INFO - [2024-02-28T18:46:30.873+0000] {dagbag.py:541} INFO - Filling up the DagBag from /home/airflow/.local/lib/python3.7/site-packages/airflow/example_dags/example_dag_decorator.py
[2024-02-28T18:46:30.885+0000] {processor.py:836} INFO - DAG(s) dict_keys(['example_dag_decorator']) retrieved from /home/airflow/.local/lib/python3.7/site-packages/airflow/example_dags/example_dag_decorator.py
[2024-02-28T18:46:30.997+0000] {logging_mixin.py:150} INFO - [2024-02-28T18:46:30.996+0000] {dag.py:2742} INFO - Sync 1 DAGs
[2024-02-28T18:46:31.017+0000] {logging_mixin.py:150} INFO - [2024-02-28T18:46:31.017+0000] {dag.py:3508} INFO - Setting next_dagrun for example_dag_decorator to None, run_after=None
[2024-02-28T18:46:31.034+0000] {processor.py:179} INFO - Processing /home/airflow/.local/lib/python3.7/site-packages/airflow/example_dags/example_dag_decorator.py took 0.167 seconds
[2024-02-28T18:47:01.261+0000] {processor.py:157} INFO - Started process (PID=1762) to work on /home/airflow/.local/lib/python3.7/site-packages/airflow/example_dags/example_dag_decorator.py
[2024-02-28T18:47:01.267+0000] {processor.py:826} INFO - Processing file /home/airflow/.local/lib/python3.7/site-packages/airflow/example_dags/example_dag_decorator.py for tasks to queue
[2024-02-28T18:47:01.269+0000] {logging_mixin.py:150} INFO - [2024-02-28T18:47:01.269+0000] {dagbag.py:541} INFO - Filling up the DagBag from /home/airflow/.local/lib/python3.7/site-packages/airflow/example_dags/example_dag_decorator.py
[2024-02-28T18:47:01.290+0000] {processor.py:836} INFO - DAG(s) dict_keys(['example_dag_decorator']) retrieved from /home/airflow/.local/lib/python3.7/site-packages/airflow/example_dags/example_dag_decorator.py
[2024-02-28T18:47:01.413+0000] {logging_mixin.py:150} INFO - [2024-02-28T18:47:01.413+0000] {dag.py:2742} INFO - Sync 1 DAGs
[2024-02-28T18:47:01.435+0000] {logging_mixin.py:150} INFO - [2024-02-28T18:47:01.435+0000] {dag.py:3508} INFO - Setting next_dagrun for example_dag_decorator to None, run_after=None
[2024-02-28T18:47:01.450+0000] {processor.py:179} INFO - Processing /home/airflow/.local/lib/python3.7/site-packages/airflow/example_dags/example_dag_decorator.py took 0.195 seconds
[2024-02-28T18:47:31.922+0000] {processor.py:157} INFO - Started process (PID=1825) to work on /home/airflow/.local/lib/python3.7/site-packages/airflow/example_dags/example_dag_decorator.py
[2024-02-28T18:47:31.926+0000] {processor.py:826} INFO - Processing file /home/airflow/.local/lib/python3.7/site-packages/airflow/example_dags/example_dag_decorator.py for tasks to queue
[2024-02-28T18:47:31.929+0000] {logging_mixin.py:150} INFO - [2024-02-28T18:47:31.928+0000] {dagbag.py:541} INFO - Filling up the DagBag from /home/airflow/.local/lib/python3.7/site-packages/airflow/example_dags/example_dag_decorator.py
[2024-02-28T18:47:31.952+0000] {processor.py:836} INFO - DAG(s) dict_keys(['example_dag_decorator']) retrieved from /home/airflow/.local/lib/python3.7/site-packages/airflow/example_dags/example_dag_decorator.py
[2024-02-28T18:47:32.084+0000] {logging_mixin.py:150} INFO - [2024-02-28T18:47:32.083+0000] {dag.py:2742} INFO - Sync 1 DAGs
[2024-02-28T18:47:32.105+0000] {logging_mixin.py:150} INFO - [2024-02-28T18:47:32.105+0000] {dag.py:3508} INFO - Setting next_dagrun for example_dag_decorator to None, run_after=None
[2024-02-28T18:47:32.123+0000] {processor.py:179} INFO - Processing /home/airflow/.local/lib/python3.7/site-packages/airflow/example_dags/example_dag_decorator.py took 0.210 seconds
[2024-02-28T18:48:02.228+0000] {processor.py:157} INFO - Started process (PID=1888) to work on /home/airflow/.local/lib/python3.7/site-packages/airflow/example_dags/example_dag_decorator.py
[2024-02-28T18:48:02.232+0000] {processor.py:826} INFO - Processing file /home/airflow/.local/lib/python3.7/site-packages/airflow/example_dags/example_dag_decorator.py for tasks to queue
[2024-02-28T18:48:02.236+0000] {logging_mixin.py:150} INFO - [2024-02-28T18:48:02.235+0000] {dagbag.py:541} INFO - Filling up the DagBag from /home/airflow/.local/lib/python3.7/site-packages/airflow/example_dags/example_dag_decorator.py
[2024-02-28T18:48:02.258+0000] {processor.py:836} INFO - DAG(s) dict_keys(['example_dag_decorator']) retrieved from /home/airflow/.local/lib/python3.7/site-packages/airflow/example_dags/example_dag_decorator.py
[2024-02-28T18:48:02.412+0000] {logging_mixin.py:150} INFO - [2024-02-28T18:48:02.412+0000] {dag.py:2742} INFO - Sync 1 DAGs
[2024-02-28T18:48:02.437+0000] {logging_mixin.py:150} INFO - [2024-02-28T18:48:02.436+0000] {dag.py:3508} INFO - Setting next_dagrun for example_dag_decorator to None, run_after=None
[2024-02-28T18:48:02.467+0000] {processor.py:179} INFO - Processing /home/airflow/.local/lib/python3.7/site-packages/airflow/example_dags/example_dag_decorator.py took 0.243 seconds
[2024-02-28T18:48:33.111+0000] {processor.py:157} INFO - Started process (PID=1950) to work on /home/airflow/.local/lib/python3.7/site-packages/airflow/example_dags/example_dag_decorator.py
[2024-02-28T18:48:33.114+0000] {processor.py:826} INFO - Processing file /home/airflow/.local/lib/python3.7/site-packages/airflow/example_dags/example_dag_decorator.py for tasks to queue
[2024-02-28T18:48:33.121+0000] {logging_mixin.py:150} INFO - [2024-02-28T18:48:33.120+0000] {dagbag.py:541} INFO - Filling up the DagBag from /home/airflow/.local/lib/python3.7/site-packages/airflow/example_dags/example_dag_decorator.py
[2024-02-28T18:48:33.138+0000] {processor.py:836} INFO - DAG(s) dict_keys(['example_dag_decorator']) retrieved from /home/airflow/.local/lib/python3.7/site-packages/airflow/example_dags/example_dag_decorator.py
[2024-02-28T18:48:33.286+0000] {logging_mixin.py:150} INFO - [2024-02-28T18:48:33.285+0000] {dag.py:2742} INFO - Sync 1 DAGs
[2024-02-28T18:48:33.336+0000] {logging_mixin.py:150} INFO - [2024-02-28T18:48:33.336+0000] {dag.py:3508} INFO - Setting next_dagrun for example_dag_decorator to None, run_after=None
[2024-02-28T18:48:33.364+0000] {processor.py:179} INFO - Processing /home/airflow/.local/lib/python3.7/site-packages/airflow/example_dags/example_dag_decorator.py took 0.257 seconds
[2024-02-28T18:49:07.036+0000] {processor.py:157} INFO - Started process (PID=2020) to work on /home/airflow/.local/lib/python3.7/site-packages/airflow/example_dags/example_dag_decorator.py
[2024-02-28T18:49:07.042+0000] {processor.py:826} INFO - Processing file /home/airflow/.local/lib/python3.7/site-packages/airflow/example_dags/example_dag_decorator.py for tasks to queue
[2024-02-28T18:49:07.060+0000] {logging_mixin.py:150} INFO - [2024-02-28T18:49:07.053+0000] {dagbag.py:541} INFO - Filling up the DagBag from /home/airflow/.local/lib/python3.7/site-packages/airflow/example_dags/example_dag_decorator.py
[2024-02-28T18:49:07.113+0000] {processor.py:836} INFO - DAG(s) dict_keys(['example_dag_decorator']) retrieved from /home/airflow/.local/lib/python3.7/site-packages/airflow/example_dags/example_dag_decorator.py
[2024-02-28T18:49:07.689+0000] {logging_mixin.py:150} INFO - [2024-02-28T18:49:07.688+0000] {dag.py:2742} INFO - Sync 1 DAGs
[2024-02-28T18:49:07.769+0000] {logging_mixin.py:150} INFO - [2024-02-28T18:49:07.769+0000] {dag.py:3508} INFO - Setting next_dagrun for example_dag_decorator to None, run_after=None
[2024-02-28T18:49:07.853+0000] {processor.py:179} INFO - Processing /home/airflow/.local/lib/python3.7/site-packages/airflow/example_dags/example_dag_decorator.py took 0.835 seconds
[2024-02-28T18:49:38.501+0000] {processor.py:157} INFO - Started process (PID=2091) to work on /home/airflow/.local/lib/python3.7/site-packages/airflow/example_dags/example_dag_decorator.py
[2024-02-28T18:49:38.506+0000] {processor.py:826} INFO - Processing file /home/airflow/.local/lib/python3.7/site-packages/airflow/example_dags/example_dag_decorator.py for tasks to queue
[2024-02-28T18:49:38.509+0000] {logging_mixin.py:150} INFO - [2024-02-28T18:49:38.508+0000] {dagbag.py:541} INFO - Filling up the DagBag from /home/airflow/.local/lib/python3.7/site-packages/airflow/example_dags/example_dag_decorator.py
[2024-02-28T18:49:38.533+0000] {processor.py:836} INFO - DAG(s) dict_keys(['example_dag_decorator']) retrieved from /home/airflow/.local/lib/python3.7/site-packages/airflow/example_dags/example_dag_decorator.py
[2024-02-28T18:49:38.644+0000] {logging_mixin.py:150} INFO - [2024-02-28T18:49:38.644+0000] {dag.py:2742} INFO - Sync 1 DAGs
[2024-02-28T18:49:38.670+0000] {logging_mixin.py:150} INFO - [2024-02-28T18:49:38.670+0000] {dag.py:3508} INFO - Setting next_dagrun for example_dag_decorator to None, run_after=None
[2024-02-28T18:49:38.693+0000] {processor.py:179} INFO - Processing /home/airflow/.local/lib/python3.7/site-packages/airflow/example_dags/example_dag_decorator.py took 0.199 seconds
[2024-02-28T18:50:09.361+0000] {processor.py:157} INFO - Started process (PID=2154) to work on /home/airflow/.local/lib/python3.7/site-packages/airflow/example_dags/example_dag_decorator.py
[2024-02-28T18:50:09.365+0000] {processor.py:826} INFO - Processing file /home/airflow/.local/lib/python3.7/site-packages/airflow/example_dags/example_dag_decorator.py for tasks to queue
[2024-02-28T18:50:09.373+0000] {logging_mixin.py:150} INFO - [2024-02-28T18:50:09.372+0000] {dagbag.py:541} INFO - Filling up the DagBag from /home/airflow/.local/lib/python3.7/site-packages/airflow/example_dags/example_dag_decorator.py
[2024-02-28T18:50:09.407+0000] {processor.py:836} INFO - DAG(s) dict_keys(['example_dag_decorator']) retrieved from /home/airflow/.local/lib/python3.7/site-packages/airflow/example_dags/example_dag_decorator.py
[2024-02-28T18:50:09.610+0000] {logging_mixin.py:150} INFO - [2024-02-28T18:50:09.609+0000] {dag.py:2742} INFO - Sync 1 DAGs
[2024-02-28T18:50:09.640+0000] {logging_mixin.py:150} INFO - [2024-02-28T18:50:09.640+0000] {dag.py:3508} INFO - Setting next_dagrun for example_dag_decorator to None, run_after=None
[2024-02-28T18:50:09.664+0000] {processor.py:179} INFO - Processing /home/airflow/.local/lib/python3.7/site-packages/airflow/example_dags/example_dag_decorator.py took 0.309 seconds
[2024-02-28T18:50:39.788+0000] {processor.py:157} INFO - Started process (PID=2222) to work on /home/airflow/.local/lib/python3.7/site-packages/airflow/example_dags/example_dag_decorator.py
[2024-02-28T18:50:39.794+0000] {processor.py:826} INFO - Processing file /home/airflow/.local/lib/python3.7/site-packages/airflow/example_dags/example_dag_decorator.py for tasks to queue
[2024-02-28T18:50:39.800+0000] {logging_mixin.py:150} INFO - [2024-02-28T18:50:39.799+0000] {dagbag.py:541} INFO - Filling up the DagBag from /home/airflow/.local/lib/python3.7/site-packages/airflow/example_dags/example_dag_decorator.py
[2024-02-28T18:50:39.812+0000] {processor.py:836} INFO - DAG(s) dict_keys(['example_dag_decorator']) retrieved from /home/airflow/.local/lib/python3.7/site-packages/airflow/example_dags/example_dag_decorator.py
[2024-02-28T18:50:39.914+0000] {logging_mixin.py:150} INFO - [2024-02-28T18:50:39.914+0000] {dag.py:2742} INFO - Sync 1 DAGs
[2024-02-28T18:50:39.934+0000] {logging_mixin.py:150} INFO - [2024-02-28T18:50:39.934+0000] {dag.py:3508} INFO - Setting next_dagrun for example_dag_decorator to None, run_after=None
[2024-02-28T18:50:39.949+0000] {processor.py:179} INFO - Processing /home/airflow/.local/lib/python3.7/site-packages/airflow/example_dags/example_dag_decorator.py took 0.172 seconds
[2024-02-28T18:51:10.627+0000] {processor.py:157} INFO - Started process (PID=2289) to work on /home/airflow/.local/lib/python3.7/site-packages/airflow/example_dags/example_dag_decorator.py
[2024-02-28T18:51:10.631+0000] {processor.py:826} INFO - Processing file /home/airflow/.local/lib/python3.7/site-packages/airflow/example_dags/example_dag_decorator.py for tasks to queue
[2024-02-28T18:51:10.633+0000] {logging_mixin.py:150} INFO - [2024-02-28T18:51:10.633+0000] {dagbag.py:541} INFO - Filling up the DagBag from /home/airflow/.local/lib/python3.7/site-packages/airflow/example_dags/example_dag_decorator.py
[2024-02-28T18:51:10.659+0000] {processor.py:836} INFO - DAG(s) dict_keys(['example_dag_decorator']) retrieved from /home/airflow/.local/lib/python3.7/site-packages/airflow/example_dags/example_dag_decorator.py
[2024-02-28T18:51:10.851+0000] {logging_mixin.py:150} INFO - [2024-02-28T18:51:10.851+0000] {dag.py:2742} INFO - Sync 1 DAGs
[2024-02-28T18:51:10.903+0000] {logging_mixin.py:150} INFO - [2024-02-28T18:51:10.902+0000] {dag.py:3508} INFO - Setting next_dagrun for example_dag_decorator to None, run_after=None
[2024-02-28T18:51:10.947+0000] {processor.py:179} INFO - Processing /home/airflow/.local/lib/python3.7/site-packages/airflow/example_dags/example_dag_decorator.py took 0.326 seconds
[2024-02-28T18:51:41.438+0000] {processor.py:157} INFO - Started process (PID=2352) to work on /home/airflow/.local/lib/python3.7/site-packages/airflow/example_dags/example_dag_decorator.py
[2024-02-28T18:51:41.441+0000] {processor.py:826} INFO - Processing file /home/airflow/.local/lib/python3.7/site-packages/airflow/example_dags/example_dag_decorator.py for tasks to queue
[2024-02-28T18:51:41.445+0000] {logging_mixin.py:150} INFO - [2024-02-28T18:51:41.444+0000] {dagbag.py:541} INFO - Filling up the DagBag from /home/airflow/.local/lib/python3.7/site-packages/airflow/example_dags/example_dag_decorator.py
[2024-02-28T18:51:41.465+0000] {processor.py:836} INFO - DAG(s) dict_keys(['example_dag_decorator']) retrieved from /home/airflow/.local/lib/python3.7/site-packages/airflow/example_dags/example_dag_decorator.py
[2024-02-28T18:51:41.627+0000] {logging_mixin.py:150} INFO - [2024-02-28T18:51:41.627+0000] {dag.py:2742} INFO - Sync 1 DAGs
[2024-02-28T18:51:41.660+0000] {logging_mixin.py:150} INFO - [2024-02-28T18:51:41.660+0000] {dag.py:3508} INFO - Setting next_dagrun for example_dag_decorator to None, run_after=None
[2024-02-28T18:51:41.705+0000] {processor.py:179} INFO - Processing /home/airflow/.local/lib/python3.7/site-packages/airflow/example_dags/example_dag_decorator.py took 0.274 seconds
[2024-02-28T18:52:12.341+0000] {processor.py:157} INFO - Started process (PID=2423) to work on /home/airflow/.local/lib/python3.7/site-packages/airflow/example_dags/example_dag_decorator.py
[2024-02-28T18:52:12.356+0000] {processor.py:826} INFO - Processing file /home/airflow/.local/lib/python3.7/site-packages/airflow/example_dags/example_dag_decorator.py for tasks to queue
[2024-02-28T18:52:12.369+0000] {logging_mixin.py:150} INFO - [2024-02-28T18:52:12.367+0000] {dagbag.py:541} INFO - Filling up the DagBag from /home/airflow/.local/lib/python3.7/site-packages/airflow/example_dags/example_dag_decorator.py
[2024-02-28T18:52:12.455+0000] {processor.py:836} INFO - DAG(s) dict_keys(['example_dag_decorator']) retrieved from /home/airflow/.local/lib/python3.7/site-packages/airflow/example_dags/example_dag_decorator.py
[2024-02-28T18:52:12.847+0000] {logging_mixin.py:150} INFO - [2024-02-28T18:52:12.846+0000] {dag.py:2742} INFO - Sync 1 DAGs
[2024-02-28T18:52:12.921+0000] {logging_mixin.py:150} INFO - [2024-02-28T18:52:12.921+0000] {dag.py:3508} INFO - Setting next_dagrun for example_dag_decorator to None, run_after=None
[2024-02-28T18:52:13.010+0000] {processor.py:179} INFO - Processing /home/airflow/.local/lib/python3.7/site-packages/airflow/example_dags/example_dag_decorator.py took 0.682 seconds
[2024-02-28T18:52:43.581+0000] {processor.py:157} INFO - Started process (PID=2485) to work on /home/airflow/.local/lib/python3.7/site-packages/airflow/example_dags/example_dag_decorator.py
[2024-02-28T18:52:43.585+0000] {processor.py:826} INFO - Processing file /home/airflow/.local/lib/python3.7/site-packages/airflow/example_dags/example_dag_decorator.py for tasks to queue
[2024-02-28T18:52:43.588+0000] {logging_mixin.py:150} INFO - [2024-02-28T18:52:43.587+0000] {dagbag.py:541} INFO - Filling up the DagBag from /home/airflow/.local/lib/python3.7/site-packages/airflow/example_dags/example_dag_decorator.py
[2024-02-28T18:52:43.614+0000] {processor.py:836} INFO - DAG(s) dict_keys(['example_dag_decorator']) retrieved from /home/airflow/.local/lib/python3.7/site-packages/airflow/example_dags/example_dag_decorator.py
[2024-02-28T18:52:43.849+0000] {logging_mixin.py:150} INFO - [2024-02-28T18:52:43.848+0000] {dag.py:2742} INFO - Sync 1 DAGs
[2024-02-28T18:52:43.894+0000] {logging_mixin.py:150} INFO - [2024-02-28T18:52:43.894+0000] {dag.py:3508} INFO - Setting next_dagrun for example_dag_decorator to None, run_after=None
[2024-02-28T18:52:44.080+0000] {processor.py:179} INFO - Processing /home/airflow/.local/lib/python3.7/site-packages/airflow/example_dags/example_dag_decorator.py took 0.520 seconds
