[2024-02-28T18:33:12.019+0000] {processor.py:157} INFO - Started process (PID=58) to work on /home/airflow/.local/lib/python3.7/site-packages/airflow/example_dags/example_params_trigger_ui.py
[2024-02-28T18:33:12.031+0000] {processor.py:826} INFO - Processing file /home/airflow/.local/lib/python3.7/site-packages/airflow/example_dags/example_params_trigger_ui.py for tasks to queue
[2024-02-28T18:33:12.035+0000] {logging_mixin.py:150} INFO - [2024-02-28T18:33:12.034+0000] {dagbag.py:541} INFO - Filling up the DagBag from /home/airflow/.local/lib/python3.7/site-packages/airflow/example_dags/example_params_trigger_ui.py
[2024-02-28T18:33:12.157+0000] {processor.py:836} INFO - DAG(s) dict_keys(['example_params_trigger_ui']) retrieved from /home/airflow/.local/lib/python3.7/site-packages/airflow/example_dags/example_params_trigger_ui.py
[2024-02-28T18:33:12.227+0000] {logging_mixin.py:150} INFO - [2024-02-28T18:33:12.224+0000] {dag.py:2742} INFO - Sync 1 DAGs
[2024-02-28T18:33:12.322+0000] {logging_mixin.py:150} INFO - [2024-02-28T18:33:12.322+0000] {dag.py:3508} INFO - Setting next_dagrun for example_params_trigger_ui to None, run_after=None
[2024-02-28T18:33:12.410+0000] {processor.py:179} INFO - Processing /home/airflow/.local/lib/python3.7/site-packages/airflow/example_dags/example_params_trigger_ui.py took 0.410 seconds
[2024-02-28T18:33:43.112+0000] {processor.py:157} INFO - Started process (PID=121) to work on /home/airflow/.local/lib/python3.7/site-packages/airflow/example_dags/example_params_trigger_ui.py
[2024-02-28T18:33:43.117+0000] {processor.py:826} INFO - Processing file /home/airflow/.local/lib/python3.7/site-packages/airflow/example_dags/example_params_trigger_ui.py for tasks to queue
[2024-02-28T18:33:43.119+0000] {logging_mixin.py:150} INFO - [2024-02-28T18:33:43.118+0000] {dagbag.py:541} INFO - Filling up the DagBag from /home/airflow/.local/lib/python3.7/site-packages/airflow/example_dags/example_params_trigger_ui.py
[2024-02-28T18:33:43.151+0000] {processor.py:836} INFO - DAG(s) dict_keys(['example_params_trigger_ui']) retrieved from /home/airflow/.local/lib/python3.7/site-packages/airflow/example_dags/example_params_trigger_ui.py
[2024-02-28T18:33:43.218+0000] {logging_mixin.py:150} INFO - [2024-02-28T18:33:43.218+0000] {dag.py:2742} INFO - Sync 1 DAGs
[2024-02-28T18:33:43.243+0000] {logging_mixin.py:150} INFO - [2024-02-28T18:33:43.242+0000] {dag.py:3508} INFO - Setting next_dagrun for example_params_trigger_ui to None, run_after=None
[2024-02-28T18:33:43.259+0000] {processor.py:179} INFO - Processing /home/airflow/.local/lib/python3.7/site-packages/airflow/example_dags/example_params_trigger_ui.py took 0.152 seconds
[2024-02-28T18:34:13.339+0000] {processor.py:157} INFO - Started process (PID=184) to work on /home/airflow/.local/lib/python3.7/site-packages/airflow/example_dags/example_params_trigger_ui.py
[2024-02-28T18:34:13.343+0000] {processor.py:826} INFO - Processing file /home/airflow/.local/lib/python3.7/site-packages/airflow/example_dags/example_params_trigger_ui.py for tasks to queue
[2024-02-28T18:34:13.350+0000] {logging_mixin.py:150} INFO - [2024-02-28T18:34:13.348+0000] {dagbag.py:541} INFO - Filling up the DagBag from /home/airflow/.local/lib/python3.7/site-packages/airflow/example_dags/example_params_trigger_ui.py
[2024-02-28T18:34:13.399+0000] {processor.py:836} INFO - DAG(s) dict_keys(['example_params_trigger_ui']) retrieved from /home/airflow/.local/lib/python3.7/site-packages/airflow/example_dags/example_params_trigger_ui.py
[2024-02-28T18:34:13.479+0000] {logging_mixin.py:150} INFO - [2024-02-28T18:34:13.479+0000] {dag.py:2742} INFO - Sync 1 DAGs
[2024-02-28T18:34:13.504+0000] {logging_mixin.py:150} INFO - [2024-02-28T18:34:13.504+0000] {dag.py:3508} INFO - Setting next_dagrun for example_params_trigger_ui to None, run_after=None
[2024-02-28T18:34:13.522+0000] {processor.py:179} INFO - Processing /home/airflow/.local/lib/python3.7/site-packages/airflow/example_dags/example_params_trigger_ui.py took 0.188 seconds
[2024-02-28T18:34:43.822+0000] {processor.py:157} INFO - Started process (PID=247) to work on /home/airflow/.local/lib/python3.7/site-packages/airflow/example_dags/example_params_trigger_ui.py
[2024-02-28T18:34:43.849+0000] {processor.py:826} INFO - Processing file /home/airflow/.local/lib/python3.7/site-packages/airflow/example_dags/example_params_trigger_ui.py for tasks to queue
[2024-02-28T18:34:43.858+0000] {logging_mixin.py:150} INFO - [2024-02-28T18:34:43.857+0000] {dagbag.py:541} INFO - Filling up the DagBag from /home/airflow/.local/lib/python3.7/site-packages/airflow/example_dags/example_params_trigger_ui.py
[2024-02-28T18:34:43.967+0000] {processor.py:836} INFO - DAG(s) dict_keys(['example_params_trigger_ui']) retrieved from /home/airflow/.local/lib/python3.7/site-packages/airflow/example_dags/example_params_trigger_ui.py
[2024-02-28T18:34:44.193+0000] {logging_mixin.py:150} INFO - [2024-02-28T18:34:44.184+0000] {dag.py:2742} INFO - Sync 1 DAGs
[2024-02-28T18:34:44.280+0000] {logging_mixin.py:150} INFO - [2024-02-28T18:34:44.279+0000] {dag.py:3508} INFO - Setting next_dagrun for example_params_trigger_ui to None, run_after=None
[2024-02-28T18:34:44.325+0000] {processor.py:179} INFO - Processing /home/airflow/.local/lib/python3.7/site-packages/airflow/example_dags/example_params_trigger_ui.py took 0.521 seconds
[2024-02-28T18:35:14.456+0000] {processor.py:157} INFO - Started process (PID=311) to work on /home/airflow/.local/lib/python3.7/site-packages/airflow/example_dags/example_params_trigger_ui.py
[2024-02-28T18:35:14.460+0000] {processor.py:826} INFO - Processing file /home/airflow/.local/lib/python3.7/site-packages/airflow/example_dags/example_params_trigger_ui.py for tasks to queue
[2024-02-28T18:35:14.462+0000] {logging_mixin.py:150} INFO - [2024-02-28T18:35:14.462+0000] {dagbag.py:541} INFO - Filling up the DagBag from /home/airflow/.local/lib/python3.7/site-packages/airflow/example_dags/example_params_trigger_ui.py
[2024-02-28T18:35:14.480+0000] {processor.py:836} INFO - DAG(s) dict_keys(['example_params_trigger_ui']) retrieved from /home/airflow/.local/lib/python3.7/site-packages/airflow/example_dags/example_params_trigger_ui.py
[2024-02-28T18:35:14.536+0000] {logging_mixin.py:150} INFO - [2024-02-28T18:35:14.535+0000] {dag.py:2742} INFO - Sync 1 DAGs
[2024-02-28T18:35:14.566+0000] {logging_mixin.py:150} INFO - [2024-02-28T18:35:14.566+0000] {dag.py:3508} INFO - Setting next_dagrun for example_params_trigger_ui to None, run_after=None
[2024-02-28T18:35:14.599+0000] {processor.py:179} INFO - Processing /home/airflow/.local/lib/python3.7/site-packages/airflow/example_dags/example_params_trigger_ui.py took 0.147 seconds
[2024-02-28T18:35:45.360+0000] {processor.py:157} INFO - Started process (PID=375) to work on /home/airflow/.local/lib/python3.7/site-packages/airflow/example_dags/example_params_trigger_ui.py
[2024-02-28T18:35:45.362+0000] {processor.py:826} INFO - Processing file /home/airflow/.local/lib/python3.7/site-packages/airflow/example_dags/example_params_trigger_ui.py for tasks to queue
[2024-02-28T18:35:45.364+0000] {logging_mixin.py:150} INFO - [2024-02-28T18:35:45.363+0000] {dagbag.py:541} INFO - Filling up the DagBag from /home/airflow/.local/lib/python3.7/site-packages/airflow/example_dags/example_params_trigger_ui.py
[2024-02-28T18:35:45.388+0000] {processor.py:836} INFO - DAG(s) dict_keys(['example_params_trigger_ui']) retrieved from /home/airflow/.local/lib/python3.7/site-packages/airflow/example_dags/example_params_trigger_ui.py
[2024-02-28T18:35:45.438+0000] {logging_mixin.py:150} INFO - [2024-02-28T18:35:45.438+0000] {dag.py:2742} INFO - Sync 1 DAGs
[2024-02-28T18:35:45.458+0000] {logging_mixin.py:150} INFO - [2024-02-28T18:35:45.458+0000] {dag.py:3508} INFO - Setting next_dagrun for example_params_trigger_ui to None, run_after=None
[2024-02-28T18:35:45.473+0000] {processor.py:179} INFO - Processing /home/airflow/.local/lib/python3.7/site-packages/airflow/example_dags/example_params_trigger_ui.py took 0.116 seconds
[2024-02-28T18:36:16.425+0000] {processor.py:157} INFO - Started process (PID=438) to work on /home/airflow/.local/lib/python3.7/site-packages/airflow/example_dags/example_params_trigger_ui.py
[2024-02-28T18:36:16.429+0000] {processor.py:826} INFO - Processing file /home/airflow/.local/lib/python3.7/site-packages/airflow/example_dags/example_params_trigger_ui.py for tasks to queue
[2024-02-28T18:36:16.432+0000] {logging_mixin.py:150} INFO - [2024-02-28T18:36:16.432+0000] {dagbag.py:541} INFO - Filling up the DagBag from /home/airflow/.local/lib/python3.7/site-packages/airflow/example_dags/example_params_trigger_ui.py
[2024-02-28T18:36:16.452+0000] {processor.py:836} INFO - DAG(s) dict_keys(['example_params_trigger_ui']) retrieved from /home/airflow/.local/lib/python3.7/site-packages/airflow/example_dags/example_params_trigger_ui.py
[2024-02-28T18:36:16.509+0000] {logging_mixin.py:150} INFO - [2024-02-28T18:36:16.509+0000] {dag.py:2742} INFO - Sync 1 DAGs
[2024-02-28T18:36:16.528+0000] {logging_mixin.py:150} INFO - [2024-02-28T18:36:16.527+0000] {dag.py:3508} INFO - Setting next_dagrun for example_params_trigger_ui to None, run_after=None
[2024-02-28T18:36:16.543+0000] {processor.py:179} INFO - Processing /home/airflow/.local/lib/python3.7/site-packages/airflow/example_dags/example_params_trigger_ui.py took 0.121 seconds
[2024-02-28T18:36:48.476+0000] {processor.py:157} INFO - Started process (PID=501) to work on /home/airflow/.local/lib/python3.7/site-packages/airflow/example_dags/example_params_trigger_ui.py
[2024-02-28T18:36:48.479+0000] {processor.py:826} INFO - Processing file /home/airflow/.local/lib/python3.7/site-packages/airflow/example_dags/example_params_trigger_ui.py for tasks to queue
[2024-02-28T18:36:48.482+0000] {logging_mixin.py:150} INFO - [2024-02-28T18:36:48.482+0000] {dagbag.py:541} INFO - Filling up the DagBag from /home/airflow/.local/lib/python3.7/site-packages/airflow/example_dags/example_params_trigger_ui.py
[2024-02-28T18:36:48.505+0000] {processor.py:836} INFO - DAG(s) dict_keys(['example_params_trigger_ui']) retrieved from /home/airflow/.local/lib/python3.7/site-packages/airflow/example_dags/example_params_trigger_ui.py
[2024-02-28T18:36:48.571+0000] {logging_mixin.py:150} INFO - [2024-02-28T18:36:48.571+0000] {dag.py:2742} INFO - Sync 1 DAGs
[2024-02-28T18:36:48.595+0000] {logging_mixin.py:150} INFO - [2024-02-28T18:36:48.595+0000] {dag.py:3508} INFO - Setting next_dagrun for example_params_trigger_ui to None, run_after=None
[2024-02-28T18:36:48.616+0000] {processor.py:179} INFO - Processing /home/airflow/.local/lib/python3.7/site-packages/airflow/example_dags/example_params_trigger_ui.py took 0.144 seconds
[2024-02-28T18:37:19.133+0000] {processor.py:157} INFO - Started process (PID=564) to work on /home/airflow/.local/lib/python3.7/site-packages/airflow/example_dags/example_params_trigger_ui.py
[2024-02-28T18:37:19.142+0000] {processor.py:826} INFO - Processing file /home/airflow/.local/lib/python3.7/site-packages/airflow/example_dags/example_params_trigger_ui.py for tasks to queue
[2024-02-28T18:37:19.146+0000] {logging_mixin.py:150} INFO - [2024-02-28T18:37:19.146+0000] {dagbag.py:541} INFO - Filling up the DagBag from /home/airflow/.local/lib/python3.7/site-packages/airflow/example_dags/example_params_trigger_ui.py
[2024-02-28T18:37:19.168+0000] {processor.py:836} INFO - DAG(s) dict_keys(['example_params_trigger_ui']) retrieved from /home/airflow/.local/lib/python3.7/site-packages/airflow/example_dags/example_params_trigger_ui.py
[2024-02-28T18:37:19.236+0000] {logging_mixin.py:150} INFO - [2024-02-28T18:37:19.236+0000] {dag.py:2742} INFO - Sync 1 DAGs
[2024-02-28T18:37:19.261+0000] {logging_mixin.py:150} INFO - [2024-02-28T18:37:19.261+0000] {dag.py:3508} INFO - Setting next_dagrun for example_params_trigger_ui to None, run_after=None
[2024-02-28T18:37:19.283+0000] {processor.py:179} INFO - Processing /home/airflow/.local/lib/python3.7/site-packages/airflow/example_dags/example_params_trigger_ui.py took 0.157 seconds
[2024-02-28T18:37:49.370+0000] {processor.py:157} INFO - Started process (PID=627) to work on /home/airflow/.local/lib/python3.7/site-packages/airflow/example_dags/example_params_trigger_ui.py
[2024-02-28T18:37:49.373+0000] {processor.py:826} INFO - Processing file /home/airflow/.local/lib/python3.7/site-packages/airflow/example_dags/example_params_trigger_ui.py for tasks to queue
[2024-02-28T18:37:49.376+0000] {logging_mixin.py:150} INFO - [2024-02-28T18:37:49.375+0000] {dagbag.py:541} INFO - Filling up the DagBag from /home/airflow/.local/lib/python3.7/site-packages/airflow/example_dags/example_params_trigger_ui.py
[2024-02-28T18:37:49.397+0000] {processor.py:836} INFO - DAG(s) dict_keys(['example_params_trigger_ui']) retrieved from /home/airflow/.local/lib/python3.7/site-packages/airflow/example_dags/example_params_trigger_ui.py
[2024-02-28T18:37:49.450+0000] {logging_mixin.py:150} INFO - [2024-02-28T18:37:49.450+0000] {dag.py:2742} INFO - Sync 1 DAGs
[2024-02-28T18:37:49.469+0000] {logging_mixin.py:150} INFO - [2024-02-28T18:37:49.469+0000] {dag.py:3508} INFO - Setting next_dagrun for example_params_trigger_ui to None, run_after=None
[2024-02-28T18:37:49.484+0000] {processor.py:179} INFO - Processing /home/airflow/.local/lib/python3.7/site-packages/airflow/example_dags/example_params_trigger_ui.py took 0.118 seconds
[2024-02-28T18:38:19.851+0000] {processor.py:157} INFO - Started process (PID=689) to work on /home/airflow/.local/lib/python3.7/site-packages/airflow/example_dags/example_params_trigger_ui.py
[2024-02-28T18:38:19.853+0000] {processor.py:826} INFO - Processing file /home/airflow/.local/lib/python3.7/site-packages/airflow/example_dags/example_params_trigger_ui.py for tasks to queue
[2024-02-28T18:38:19.856+0000] {logging_mixin.py:150} INFO - [2024-02-28T18:38:19.855+0000] {dagbag.py:541} INFO - Filling up the DagBag from /home/airflow/.local/lib/python3.7/site-packages/airflow/example_dags/example_params_trigger_ui.py
[2024-02-28T18:38:19.879+0000] {processor.py:836} INFO - DAG(s) dict_keys(['example_params_trigger_ui']) retrieved from /home/airflow/.local/lib/python3.7/site-packages/airflow/example_dags/example_params_trigger_ui.py
[2024-02-28T18:38:19.956+0000] {logging_mixin.py:150} INFO - [2024-02-28T18:38:19.956+0000] {dag.py:2742} INFO - Sync 1 DAGs
[2024-02-28T18:38:19.988+0000] {logging_mixin.py:150} INFO - [2024-02-28T18:38:19.988+0000] {dag.py:3508} INFO - Setting next_dagrun for example_params_trigger_ui to None, run_after=None
[2024-02-28T18:38:20.018+0000] {processor.py:179} INFO - Processing /home/airflow/.local/lib/python3.7/site-packages/airflow/example_dags/example_params_trigger_ui.py took 0.170 seconds
[2024-02-28T18:38:50.857+0000] {processor.py:157} INFO - Started process (PID=751) to work on /home/airflow/.local/lib/python3.7/site-packages/airflow/example_dags/example_params_trigger_ui.py
[2024-02-28T18:38:50.862+0000] {processor.py:826} INFO - Processing file /home/airflow/.local/lib/python3.7/site-packages/airflow/example_dags/example_params_trigger_ui.py for tasks to queue
[2024-02-28T18:38:50.864+0000] {logging_mixin.py:150} INFO - [2024-02-28T18:38:50.864+0000] {dagbag.py:541} INFO - Filling up the DagBag from /home/airflow/.local/lib/python3.7/site-packages/airflow/example_dags/example_params_trigger_ui.py
[2024-02-28T18:38:50.893+0000] {processor.py:836} INFO - DAG(s) dict_keys(['example_params_trigger_ui']) retrieved from /home/airflow/.local/lib/python3.7/site-packages/airflow/example_dags/example_params_trigger_ui.py
[2024-02-28T18:38:50.968+0000] {logging_mixin.py:150} INFO - [2024-02-28T18:38:50.968+0000] {dag.py:2742} INFO - Sync 1 DAGs
[2024-02-28T18:38:51.014+0000] {logging_mixin.py:150} INFO - [2024-02-28T18:38:51.014+0000] {dag.py:3508} INFO - Setting next_dagrun for example_params_trigger_ui to None, run_after=None
[2024-02-28T18:38:51.037+0000] {processor.py:179} INFO - Processing /home/airflow/.local/lib/python3.7/site-packages/airflow/example_dags/example_params_trigger_ui.py took 0.186 seconds
[2024-02-28T18:39:21.714+0000] {processor.py:157} INFO - Started process (PID=814) to work on /home/airflow/.local/lib/python3.7/site-packages/airflow/example_dags/example_params_trigger_ui.py
[2024-02-28T18:39:21.718+0000] {processor.py:826} INFO - Processing file /home/airflow/.local/lib/python3.7/site-packages/airflow/example_dags/example_params_trigger_ui.py for tasks to queue
[2024-02-28T18:39:21.729+0000] {logging_mixin.py:150} INFO - [2024-02-28T18:39:21.728+0000] {dagbag.py:541} INFO - Filling up the DagBag from /home/airflow/.local/lib/python3.7/site-packages/airflow/example_dags/example_params_trigger_ui.py
[2024-02-28T18:39:21.770+0000] {processor.py:836} INFO - DAG(s) dict_keys(['example_params_trigger_ui']) retrieved from /home/airflow/.local/lib/python3.7/site-packages/airflow/example_dags/example_params_trigger_ui.py
[2024-02-28T18:39:21.874+0000] {logging_mixin.py:150} INFO - [2024-02-28T18:39:21.873+0000] {dag.py:2742} INFO - Sync 1 DAGs
[2024-02-28T18:39:21.912+0000] {logging_mixin.py:150} INFO - [2024-02-28T18:39:21.912+0000] {dag.py:3508} INFO - Setting next_dagrun for example_params_trigger_ui to None, run_after=None
[2024-02-28T18:39:21.935+0000] {processor.py:179} INFO - Processing /home/airflow/.local/lib/python3.7/site-packages/airflow/example_dags/example_params_trigger_ui.py took 0.229 seconds
[2024-02-28T18:39:51.985+0000] {processor.py:157} INFO - Started process (PID=878) to work on /home/airflow/.local/lib/python3.7/site-packages/airflow/example_dags/example_params_trigger_ui.py
[2024-02-28T18:39:51.987+0000] {processor.py:826} INFO - Processing file /home/airflow/.local/lib/python3.7/site-packages/airflow/example_dags/example_params_trigger_ui.py for tasks to queue
[2024-02-28T18:39:51.991+0000] {logging_mixin.py:150} INFO - [2024-02-28T18:39:51.990+0000] {dagbag.py:541} INFO - Filling up the DagBag from /home/airflow/.local/lib/python3.7/site-packages/airflow/example_dags/example_params_trigger_ui.py
[2024-02-28T18:39:52.025+0000] {processor.py:836} INFO - DAG(s) dict_keys(['example_params_trigger_ui']) retrieved from /home/airflow/.local/lib/python3.7/site-packages/airflow/example_dags/example_params_trigger_ui.py
[2024-02-28T18:39:52.099+0000] {logging_mixin.py:150} INFO - [2024-02-28T18:39:52.099+0000] {dag.py:2742} INFO - Sync 1 DAGs
[2024-02-28T18:39:52.118+0000] {logging_mixin.py:150} INFO - [2024-02-28T18:39:52.118+0000] {dag.py:3508} INFO - Setting next_dagrun for example_params_trigger_ui to None, run_after=None
[2024-02-28T18:39:52.132+0000] {processor.py:179} INFO - Processing /home/airflow/.local/lib/python3.7/site-packages/airflow/example_dags/example_params_trigger_ui.py took 0.155 seconds
[2024-02-28T18:40:22.697+0000] {processor.py:157} INFO - Started process (PID=941) to work on /home/airflow/.local/lib/python3.7/site-packages/airflow/example_dags/example_params_trigger_ui.py
[2024-02-28T18:40:22.699+0000] {processor.py:826} INFO - Processing file /home/airflow/.local/lib/python3.7/site-packages/airflow/example_dags/example_params_trigger_ui.py for tasks to queue
[2024-02-28T18:40:22.700+0000] {logging_mixin.py:150} INFO - [2024-02-28T18:40:22.700+0000] {dagbag.py:541} INFO - Filling up the DagBag from /home/airflow/.local/lib/python3.7/site-packages/airflow/example_dags/example_params_trigger_ui.py
[2024-02-28T18:40:22.718+0000] {processor.py:836} INFO - DAG(s) dict_keys(['example_params_trigger_ui']) retrieved from /home/airflow/.local/lib/python3.7/site-packages/airflow/example_dags/example_params_trigger_ui.py
[2024-02-28T18:40:22.777+0000] {logging_mixin.py:150} INFO - [2024-02-28T18:40:22.777+0000] {dag.py:2742} INFO - Sync 1 DAGs
[2024-02-28T18:40:22.798+0000] {logging_mixin.py:150} INFO - [2024-02-28T18:40:22.797+0000] {dag.py:3508} INFO - Setting next_dagrun for example_params_trigger_ui to None, run_after=None
[2024-02-28T18:40:22.811+0000] {processor.py:179} INFO - Processing /home/airflow/.local/lib/python3.7/site-packages/airflow/example_dags/example_params_trigger_ui.py took 0.117 seconds
[2024-02-28T18:40:53.379+0000] {processor.py:157} INFO - Started process (PID=1004) to work on /home/airflow/.local/lib/python3.7/site-packages/airflow/example_dags/example_params_trigger_ui.py
[2024-02-28T18:40:53.381+0000] {processor.py:826} INFO - Processing file /home/airflow/.local/lib/python3.7/site-packages/airflow/example_dags/example_params_trigger_ui.py for tasks to queue
[2024-02-28T18:40:53.384+0000] {logging_mixin.py:150} INFO - [2024-02-28T18:40:53.384+0000] {dagbag.py:541} INFO - Filling up the DagBag from /home/airflow/.local/lib/python3.7/site-packages/airflow/example_dags/example_params_trigger_ui.py
[2024-02-28T18:40:53.406+0000] {processor.py:836} INFO - DAG(s) dict_keys(['example_params_trigger_ui']) retrieved from /home/airflow/.local/lib/python3.7/site-packages/airflow/example_dags/example_params_trigger_ui.py
[2024-02-28T18:40:53.469+0000] {logging_mixin.py:150} INFO - [2024-02-28T18:40:53.469+0000] {dag.py:2742} INFO - Sync 1 DAGs
[2024-02-28T18:40:53.489+0000] {logging_mixin.py:150} INFO - [2024-02-28T18:40:53.489+0000] {dag.py:3508} INFO - Setting next_dagrun for example_params_trigger_ui to None, run_after=None
[2024-02-28T18:40:53.505+0000] {processor.py:179} INFO - Processing /home/airflow/.local/lib/python3.7/site-packages/airflow/example_dags/example_params_trigger_ui.py took 0.130 seconds
[2024-02-28T18:41:23.876+0000] {processor.py:157} INFO - Started process (PID=1067) to work on /home/airflow/.local/lib/python3.7/site-packages/airflow/example_dags/example_params_trigger_ui.py
[2024-02-28T18:41:23.878+0000] {processor.py:826} INFO - Processing file /home/airflow/.local/lib/python3.7/site-packages/airflow/example_dags/example_params_trigger_ui.py for tasks to queue
[2024-02-28T18:41:23.881+0000] {logging_mixin.py:150} INFO - [2024-02-28T18:41:23.881+0000] {dagbag.py:541} INFO - Filling up the DagBag from /home/airflow/.local/lib/python3.7/site-packages/airflow/example_dags/example_params_trigger_ui.py
[2024-02-28T18:41:23.911+0000] {processor.py:836} INFO - DAG(s) dict_keys(['example_params_trigger_ui']) retrieved from /home/airflow/.local/lib/python3.7/site-packages/airflow/example_dags/example_params_trigger_ui.py
[2024-02-28T18:41:23.989+0000] {logging_mixin.py:150} INFO - [2024-02-28T18:41:23.988+0000] {dag.py:2742} INFO - Sync 1 DAGs
[2024-02-28T18:41:24.022+0000] {logging_mixin.py:150} INFO - [2024-02-28T18:41:24.021+0000] {dag.py:3508} INFO - Setting next_dagrun for example_params_trigger_ui to None, run_after=None
[2024-02-28T18:41:24.040+0000] {processor.py:179} INFO - Processing /home/airflow/.local/lib/python3.7/site-packages/airflow/example_dags/example_params_trigger_ui.py took 0.169 seconds
[2024-02-28T18:41:54.318+0000] {processor.py:157} INFO - Started process (PID=1130) to work on /home/airflow/.local/lib/python3.7/site-packages/airflow/example_dags/example_params_trigger_ui.py
[2024-02-28T18:41:54.320+0000] {processor.py:826} INFO - Processing file /home/airflow/.local/lib/python3.7/site-packages/airflow/example_dags/example_params_trigger_ui.py for tasks to queue
[2024-02-28T18:41:54.323+0000] {logging_mixin.py:150} INFO - [2024-02-28T18:41:54.322+0000] {dagbag.py:541} INFO - Filling up the DagBag from /home/airflow/.local/lib/python3.7/site-packages/airflow/example_dags/example_params_trigger_ui.py
[2024-02-28T18:41:54.347+0000] {processor.py:836} INFO - DAG(s) dict_keys(['example_params_trigger_ui']) retrieved from /home/airflow/.local/lib/python3.7/site-packages/airflow/example_dags/example_params_trigger_ui.py
[2024-02-28T18:41:54.412+0000] {logging_mixin.py:150} INFO - [2024-02-28T18:41:54.412+0000] {dag.py:2742} INFO - Sync 1 DAGs
[2024-02-28T18:41:54.432+0000] {logging_mixin.py:150} INFO - [2024-02-28T18:41:54.432+0000] {dag.py:3508} INFO - Setting next_dagrun for example_params_trigger_ui to None, run_after=None
[2024-02-28T18:41:54.450+0000] {processor.py:179} INFO - Processing /home/airflow/.local/lib/python3.7/site-packages/airflow/example_dags/example_params_trigger_ui.py took 0.136 seconds
[2024-02-28T18:42:24.999+0000] {processor.py:157} INFO - Started process (PID=1193) to work on /home/airflow/.local/lib/python3.7/site-packages/airflow/example_dags/example_params_trigger_ui.py
[2024-02-28T18:42:25.001+0000] {processor.py:826} INFO - Processing file /home/airflow/.local/lib/python3.7/site-packages/airflow/example_dags/example_params_trigger_ui.py for tasks to queue
[2024-02-28T18:42:25.003+0000] {logging_mixin.py:150} INFO - [2024-02-28T18:42:25.002+0000] {dagbag.py:541} INFO - Filling up the DagBag from /home/airflow/.local/lib/python3.7/site-packages/airflow/example_dags/example_params_trigger_ui.py
[2024-02-28T18:42:25.039+0000] {processor.py:836} INFO - DAG(s) dict_keys(['example_params_trigger_ui']) retrieved from /home/airflow/.local/lib/python3.7/site-packages/airflow/example_dags/example_params_trigger_ui.py
[2024-02-28T18:42:25.117+0000] {logging_mixin.py:150} INFO - [2024-02-28T18:42:25.117+0000] {dag.py:2742} INFO - Sync 1 DAGs
[2024-02-28T18:42:25.139+0000] {logging_mixin.py:150} INFO - [2024-02-28T18:42:25.139+0000] {dag.py:3508} INFO - Setting next_dagrun for example_params_trigger_ui to None, run_after=None
[2024-02-28T18:42:25.165+0000] {processor.py:179} INFO - Processing /home/airflow/.local/lib/python3.7/site-packages/airflow/example_dags/example_params_trigger_ui.py took 0.170 seconds
[2024-02-28T18:42:56.341+0000] {processor.py:157} INFO - Started process (PID=1256) to work on /home/airflow/.local/lib/python3.7/site-packages/airflow/example_dags/example_params_trigger_ui.py
[2024-02-28T18:42:56.345+0000] {processor.py:826} INFO - Processing file /home/airflow/.local/lib/python3.7/site-packages/airflow/example_dags/example_params_trigger_ui.py for tasks to queue
[2024-02-28T18:42:56.348+0000] {logging_mixin.py:150} INFO - [2024-02-28T18:42:56.347+0000] {dagbag.py:541} INFO - Filling up the DagBag from /home/airflow/.local/lib/python3.7/site-packages/airflow/example_dags/example_params_trigger_ui.py
[2024-02-28T18:42:56.380+0000] {processor.py:836} INFO - DAG(s) dict_keys(['example_params_trigger_ui']) retrieved from /home/airflow/.local/lib/python3.7/site-packages/airflow/example_dags/example_params_trigger_ui.py
[2024-02-28T18:42:56.500+0000] {logging_mixin.py:150} INFO - [2024-02-28T18:42:56.499+0000] {dag.py:2742} INFO - Sync 1 DAGs
[2024-02-28T18:42:56.531+0000] {logging_mixin.py:150} INFO - [2024-02-28T18:42:56.531+0000] {dag.py:3508} INFO - Setting next_dagrun for example_params_trigger_ui to None, run_after=None
[2024-02-28T18:42:56.557+0000] {processor.py:179} INFO - Processing /home/airflow/.local/lib/python3.7/site-packages/airflow/example_dags/example_params_trigger_ui.py took 0.224 seconds
[2024-02-28T18:43:27.527+0000] {processor.py:157} INFO - Started process (PID=1319) to work on /home/airflow/.local/lib/python3.7/site-packages/airflow/example_dags/example_params_trigger_ui.py
[2024-02-28T18:43:27.530+0000] {processor.py:826} INFO - Processing file /home/airflow/.local/lib/python3.7/site-packages/airflow/example_dags/example_params_trigger_ui.py for tasks to queue
[2024-02-28T18:43:27.533+0000] {logging_mixin.py:150} INFO - [2024-02-28T18:43:27.532+0000] {dagbag.py:541} INFO - Filling up the DagBag from /home/airflow/.local/lib/python3.7/site-packages/airflow/example_dags/example_params_trigger_ui.py
[2024-02-28T18:43:27.566+0000] {processor.py:836} INFO - DAG(s) dict_keys(['example_params_trigger_ui']) retrieved from /home/airflow/.local/lib/python3.7/site-packages/airflow/example_dags/example_params_trigger_ui.py
[2024-02-28T18:43:27.635+0000] {logging_mixin.py:150} INFO - [2024-02-28T18:43:27.634+0000] {dag.py:2742} INFO - Sync 1 DAGs
[2024-02-28T18:43:27.659+0000] {logging_mixin.py:150} INFO - [2024-02-28T18:43:27.659+0000] {dag.py:3508} INFO - Setting next_dagrun for example_params_trigger_ui to None, run_after=None
[2024-02-28T18:43:27.677+0000] {processor.py:179} INFO - Processing /home/airflow/.local/lib/python3.7/site-packages/airflow/example_dags/example_params_trigger_ui.py took 0.157 seconds
[2024-02-28T18:43:58.030+0000] {processor.py:157} INFO - Started process (PID=1382) to work on /home/airflow/.local/lib/python3.7/site-packages/airflow/example_dags/example_params_trigger_ui.py
[2024-02-28T18:43:58.034+0000] {processor.py:826} INFO - Processing file /home/airflow/.local/lib/python3.7/site-packages/airflow/example_dags/example_params_trigger_ui.py for tasks to queue
[2024-02-28T18:43:58.037+0000] {logging_mixin.py:150} INFO - [2024-02-28T18:43:58.036+0000] {dagbag.py:541} INFO - Filling up the DagBag from /home/airflow/.local/lib/python3.7/site-packages/airflow/example_dags/example_params_trigger_ui.py
[2024-02-28T18:43:58.068+0000] {processor.py:836} INFO - DAG(s) dict_keys(['example_params_trigger_ui']) retrieved from /home/airflow/.local/lib/python3.7/site-packages/airflow/example_dags/example_params_trigger_ui.py
[2024-02-28T18:43:58.160+0000] {logging_mixin.py:150} INFO - [2024-02-28T18:43:58.160+0000] {dag.py:2742} INFO - Sync 1 DAGs
[2024-02-28T18:43:58.191+0000] {logging_mixin.py:150} INFO - [2024-02-28T18:43:58.190+0000] {dag.py:3508} INFO - Setting next_dagrun for example_params_trigger_ui to None, run_after=None
[2024-02-28T18:43:58.211+0000] {processor.py:179} INFO - Processing /home/airflow/.local/lib/python3.7/site-packages/airflow/example_dags/example_params_trigger_ui.py took 0.187 seconds
[2024-02-28T18:44:28.808+0000] {processor.py:157} INFO - Started process (PID=1445) to work on /home/airflow/.local/lib/python3.7/site-packages/airflow/example_dags/example_params_trigger_ui.py
[2024-02-28T18:44:28.811+0000] {processor.py:826} INFO - Processing file /home/airflow/.local/lib/python3.7/site-packages/airflow/example_dags/example_params_trigger_ui.py for tasks to queue
[2024-02-28T18:44:28.812+0000] {logging_mixin.py:150} INFO - [2024-02-28T18:44:28.812+0000] {dagbag.py:541} INFO - Filling up the DagBag from /home/airflow/.local/lib/python3.7/site-packages/airflow/example_dags/example_params_trigger_ui.py
[2024-02-28T18:44:28.840+0000] {processor.py:836} INFO - DAG(s) dict_keys(['example_params_trigger_ui']) retrieved from /home/airflow/.local/lib/python3.7/site-packages/airflow/example_dags/example_params_trigger_ui.py
[2024-02-28T18:44:28.923+0000] {logging_mixin.py:150} INFO - [2024-02-28T18:44:28.923+0000] {dag.py:2742} INFO - Sync 1 DAGs
[2024-02-28T18:44:28.951+0000] {logging_mixin.py:150} INFO - [2024-02-28T18:44:28.951+0000] {dag.py:3508} INFO - Setting next_dagrun for example_params_trigger_ui to None, run_after=None
[2024-02-28T18:44:28.973+0000] {processor.py:179} INFO - Processing /home/airflow/.local/lib/python3.7/site-packages/airflow/example_dags/example_params_trigger_ui.py took 0.170 seconds
[2024-02-28T18:44:59.042+0000] {processor.py:157} INFO - Started process (PID=1508) to work on /home/airflow/.local/lib/python3.7/site-packages/airflow/example_dags/example_params_trigger_ui.py
[2024-02-28T18:44:59.045+0000] {processor.py:826} INFO - Processing file /home/airflow/.local/lib/python3.7/site-packages/airflow/example_dags/example_params_trigger_ui.py for tasks to queue
[2024-02-28T18:44:59.048+0000] {logging_mixin.py:150} INFO - [2024-02-28T18:44:59.048+0000] {dagbag.py:541} INFO - Filling up the DagBag from /home/airflow/.local/lib/python3.7/site-packages/airflow/example_dags/example_params_trigger_ui.py
[2024-02-28T18:44:59.066+0000] {processor.py:836} INFO - DAG(s) dict_keys(['example_params_trigger_ui']) retrieved from /home/airflow/.local/lib/python3.7/site-packages/airflow/example_dags/example_params_trigger_ui.py
[2024-02-28T18:44:59.123+0000] {logging_mixin.py:150} INFO - [2024-02-28T18:44:59.123+0000] {dag.py:2742} INFO - Sync 1 DAGs
[2024-02-28T18:44:59.142+0000] {logging_mixin.py:150} INFO - [2024-02-28T18:44:59.142+0000] {dag.py:3508} INFO - Setting next_dagrun for example_params_trigger_ui to None, run_after=None
[2024-02-28T18:44:59.158+0000] {processor.py:179} INFO - Processing /home/airflow/.local/lib/python3.7/site-packages/airflow/example_dags/example_params_trigger_ui.py took 0.119 seconds
[2024-02-28T18:45:29.493+0000] {processor.py:157} INFO - Started process (PID=1572) to work on /home/airflow/.local/lib/python3.7/site-packages/airflow/example_dags/example_params_trigger_ui.py
[2024-02-28T18:45:29.496+0000] {processor.py:826} INFO - Processing file /home/airflow/.local/lib/python3.7/site-packages/airflow/example_dags/example_params_trigger_ui.py for tasks to queue
[2024-02-28T18:45:29.498+0000] {logging_mixin.py:150} INFO - [2024-02-28T18:45:29.497+0000] {dagbag.py:541} INFO - Filling up the DagBag from /home/airflow/.local/lib/python3.7/site-packages/airflow/example_dags/example_params_trigger_ui.py
[2024-02-28T18:45:29.517+0000] {processor.py:836} INFO - DAG(s) dict_keys(['example_params_trigger_ui']) retrieved from /home/airflow/.local/lib/python3.7/site-packages/airflow/example_dags/example_params_trigger_ui.py
[2024-02-28T18:45:29.579+0000] {logging_mixin.py:150} INFO - [2024-02-28T18:45:29.579+0000] {dag.py:2742} INFO - Sync 1 DAGs
[2024-02-28T18:45:29.598+0000] {logging_mixin.py:150} INFO - [2024-02-28T18:45:29.598+0000] {dag.py:3508} INFO - Setting next_dagrun for example_params_trigger_ui to None, run_after=None
[2024-02-28T18:45:29.614+0000] {processor.py:179} INFO - Processing /home/airflow/.local/lib/python3.7/site-packages/airflow/example_dags/example_params_trigger_ui.py took 0.124 seconds
[2024-02-28T18:46:00.415+0000] {processor.py:157} INFO - Started process (PID=1635) to work on /home/airflow/.local/lib/python3.7/site-packages/airflow/example_dags/example_params_trigger_ui.py
[2024-02-28T18:46:00.418+0000] {processor.py:826} INFO - Processing file /home/airflow/.local/lib/python3.7/site-packages/airflow/example_dags/example_params_trigger_ui.py for tasks to queue
[2024-02-28T18:46:00.420+0000] {logging_mixin.py:150} INFO - [2024-02-28T18:46:00.420+0000] {dagbag.py:541} INFO - Filling up the DagBag from /home/airflow/.local/lib/python3.7/site-packages/airflow/example_dags/example_params_trigger_ui.py
[2024-02-28T18:46:00.438+0000] {processor.py:836} INFO - DAG(s) dict_keys(['example_params_trigger_ui']) retrieved from /home/airflow/.local/lib/python3.7/site-packages/airflow/example_dags/example_params_trigger_ui.py
[2024-02-28T18:46:00.503+0000] {logging_mixin.py:150} INFO - [2024-02-28T18:46:00.503+0000] {dag.py:2742} INFO - Sync 1 DAGs
[2024-02-28T18:46:00.526+0000] {logging_mixin.py:150} INFO - [2024-02-28T18:46:00.526+0000] {dag.py:3508} INFO - Setting next_dagrun for example_params_trigger_ui to None, run_after=None
[2024-02-28T18:46:00.540+0000] {processor.py:179} INFO - Processing /home/airflow/.local/lib/python3.7/site-packages/airflow/example_dags/example_params_trigger_ui.py took 0.129 seconds
[2024-02-28T18:46:30.810+0000] {processor.py:157} INFO - Started process (PID=1698) to work on /home/airflow/.local/lib/python3.7/site-packages/airflow/example_dags/example_params_trigger_ui.py
[2024-02-28T18:46:30.811+0000] {processor.py:826} INFO - Processing file /home/airflow/.local/lib/python3.7/site-packages/airflow/example_dags/example_params_trigger_ui.py for tasks to queue
[2024-02-28T18:46:30.813+0000] {logging_mixin.py:150} INFO - [2024-02-28T18:46:30.812+0000] {dagbag.py:541} INFO - Filling up the DagBag from /home/airflow/.local/lib/python3.7/site-packages/airflow/example_dags/example_params_trigger_ui.py
[2024-02-28T18:46:30.830+0000] {processor.py:836} INFO - DAG(s) dict_keys(['example_params_trigger_ui']) retrieved from /home/airflow/.local/lib/python3.7/site-packages/airflow/example_dags/example_params_trigger_ui.py
[2024-02-28T18:46:30.900+0000] {logging_mixin.py:150} INFO - [2024-02-28T18:46:30.900+0000] {dag.py:2742} INFO - Sync 1 DAGs
[2024-02-28T18:46:30.921+0000] {logging_mixin.py:150} INFO - [2024-02-28T18:46:30.921+0000] {dag.py:3508} INFO - Setting next_dagrun for example_params_trigger_ui to None, run_after=None
[2024-02-28T18:46:30.938+0000] {processor.py:179} INFO - Processing /home/airflow/.local/lib/python3.7/site-packages/airflow/example_dags/example_params_trigger_ui.py took 0.131 seconds
[2024-02-28T18:47:01.172+0000] {processor.py:157} INFO - Started process (PID=1761) to work on /home/airflow/.local/lib/python3.7/site-packages/airflow/example_dags/example_params_trigger_ui.py
[2024-02-28T18:47:01.174+0000] {processor.py:826} INFO - Processing file /home/airflow/.local/lib/python3.7/site-packages/airflow/example_dags/example_params_trigger_ui.py for tasks to queue
[2024-02-28T18:47:01.175+0000] {logging_mixin.py:150} INFO - [2024-02-28T18:47:01.175+0000] {dagbag.py:541} INFO - Filling up the DagBag from /home/airflow/.local/lib/python3.7/site-packages/airflow/example_dags/example_params_trigger_ui.py
[2024-02-28T18:47:01.194+0000] {processor.py:836} INFO - DAG(s) dict_keys(['example_params_trigger_ui']) retrieved from /home/airflow/.local/lib/python3.7/site-packages/airflow/example_dags/example_params_trigger_ui.py
[2024-02-28T18:47:01.276+0000] {logging_mixin.py:150} INFO - [2024-02-28T18:47:01.275+0000] {dag.py:2742} INFO - Sync 1 DAGs
[2024-02-28T18:47:01.306+0000] {logging_mixin.py:150} INFO - [2024-02-28T18:47:01.306+0000] {dag.py:3508} INFO - Setting next_dagrun for example_params_trigger_ui to None, run_after=None
[2024-02-28T18:47:01.327+0000] {processor.py:179} INFO - Processing /home/airflow/.local/lib/python3.7/site-packages/airflow/example_dags/example_params_trigger_ui.py took 0.158 seconds
[2024-02-28T18:47:31.852+0000] {processor.py:157} INFO - Started process (PID=1824) to work on /home/airflow/.local/lib/python3.7/site-packages/airflow/example_dags/example_params_trigger_ui.py
[2024-02-28T18:47:31.855+0000] {processor.py:826} INFO - Processing file /home/airflow/.local/lib/python3.7/site-packages/airflow/example_dags/example_params_trigger_ui.py for tasks to queue
[2024-02-28T18:47:31.857+0000] {logging_mixin.py:150} INFO - [2024-02-28T18:47:31.857+0000] {dagbag.py:541} INFO - Filling up the DagBag from /home/airflow/.local/lib/python3.7/site-packages/airflow/example_dags/example_params_trigger_ui.py
[2024-02-28T18:47:31.883+0000] {processor.py:836} INFO - DAG(s) dict_keys(['example_params_trigger_ui']) retrieved from /home/airflow/.local/lib/python3.7/site-packages/airflow/example_dags/example_params_trigger_ui.py
[2024-02-28T18:47:31.971+0000] {logging_mixin.py:150} INFO - [2024-02-28T18:47:31.971+0000] {dag.py:2742} INFO - Sync 1 DAGs
[2024-02-28T18:47:32.010+0000] {logging_mixin.py:150} INFO - [2024-02-28T18:47:32.010+0000] {dag.py:3508} INFO - Setting next_dagrun for example_params_trigger_ui to None, run_after=None
[2024-02-28T18:47:32.028+0000] {processor.py:179} INFO - Processing /home/airflow/.local/lib/python3.7/site-packages/airflow/example_dags/example_params_trigger_ui.py took 0.181 seconds
[2024-02-28T18:48:02.117+0000] {processor.py:157} INFO - Started process (PID=1887) to work on /home/airflow/.local/lib/python3.7/site-packages/airflow/example_dags/example_params_trigger_ui.py
[2024-02-28T18:48:02.119+0000] {processor.py:826} INFO - Processing file /home/airflow/.local/lib/python3.7/site-packages/airflow/example_dags/example_params_trigger_ui.py for tasks to queue
[2024-02-28T18:48:02.121+0000] {logging_mixin.py:150} INFO - [2024-02-28T18:48:02.120+0000] {dagbag.py:541} INFO - Filling up the DagBag from /home/airflow/.local/lib/python3.7/site-packages/airflow/example_dags/example_params_trigger_ui.py
[2024-02-28T18:48:02.143+0000] {processor.py:836} INFO - DAG(s) dict_keys(['example_params_trigger_ui']) retrieved from /home/airflow/.local/lib/python3.7/site-packages/airflow/example_dags/example_params_trigger_ui.py
[2024-02-28T18:48:02.215+0000] {logging_mixin.py:150} INFO - [2024-02-28T18:48:02.214+0000] {dag.py:2742} INFO - Sync 1 DAGs
[2024-02-28T18:48:02.242+0000] {logging_mixin.py:150} INFO - [2024-02-28T18:48:02.242+0000] {dag.py:3508} INFO - Setting next_dagrun for example_params_trigger_ui to None, run_after=None
[2024-02-28T18:48:02.271+0000] {processor.py:179} INFO - Processing /home/airflow/.local/lib/python3.7/site-packages/airflow/example_dags/example_params_trigger_ui.py took 0.157 seconds
[2024-02-28T18:48:33.092+0000] {processor.py:157} INFO - Started process (PID=1949) to work on /home/airflow/.local/lib/python3.7/site-packages/airflow/example_dags/example_params_trigger_ui.py
[2024-02-28T18:48:33.094+0000] {processor.py:826} INFO - Processing file /home/airflow/.local/lib/python3.7/site-packages/airflow/example_dags/example_params_trigger_ui.py for tasks to queue
[2024-02-28T18:48:33.098+0000] {logging_mixin.py:150} INFO - [2024-02-28T18:48:33.097+0000] {dagbag.py:541} INFO - Filling up the DagBag from /home/airflow/.local/lib/python3.7/site-packages/airflow/example_dags/example_params_trigger_ui.py
[2024-02-28T18:48:33.123+0000] {processor.py:836} INFO - DAG(s) dict_keys(['example_params_trigger_ui']) retrieved from /home/airflow/.local/lib/python3.7/site-packages/airflow/example_dags/example_params_trigger_ui.py
[2024-02-28T18:48:33.191+0000] {logging_mixin.py:150} INFO - [2024-02-28T18:48:33.191+0000] {dag.py:2742} INFO - Sync 1 DAGs
[2024-02-28T18:48:33.223+0000] {logging_mixin.py:150} INFO - [2024-02-28T18:48:33.223+0000] {dag.py:3508} INFO - Setting next_dagrun for example_params_trigger_ui to None, run_after=None
[2024-02-28T18:48:33.254+0000] {processor.py:179} INFO - Processing /home/airflow/.local/lib/python3.7/site-packages/airflow/example_dags/example_params_trigger_ui.py took 0.165 seconds
[2024-02-28T18:49:06.565+0000] {processor.py:157} INFO - Started process (PID=2019) to work on /home/airflow/.local/lib/python3.7/site-packages/airflow/example_dags/example_params_trigger_ui.py
[2024-02-28T18:49:06.587+0000] {processor.py:826} INFO - Processing file /home/airflow/.local/lib/python3.7/site-packages/airflow/example_dags/example_params_trigger_ui.py for tasks to queue
[2024-02-28T18:49:06.598+0000] {logging_mixin.py:150} INFO - [2024-02-28T18:49:06.597+0000] {dagbag.py:541} INFO - Filling up the DagBag from /home/airflow/.local/lib/python3.7/site-packages/airflow/example_dags/example_params_trigger_ui.py
[2024-02-28T18:49:06.860+0000] {processor.py:836} INFO - DAG(s) dict_keys(['example_params_trigger_ui']) retrieved from /home/airflow/.local/lib/python3.7/site-packages/airflow/example_dags/example_params_trigger_ui.py
[2024-02-28T18:49:07.091+0000] {logging_mixin.py:150} INFO - [2024-02-28T18:49:07.091+0000] {dag.py:2742} INFO - Sync 1 DAGs
[2024-02-28T18:49:07.146+0000] {logging_mixin.py:150} INFO - [2024-02-28T18:49:07.146+0000] {dag.py:3508} INFO - Setting next_dagrun for example_params_trigger_ui to None, run_after=None
[2024-02-28T18:49:07.186+0000] {processor.py:179} INFO - Processing /home/airflow/.local/lib/python3.7/site-packages/airflow/example_dags/example_params_trigger_ui.py took 0.655 seconds
[2024-02-28T18:49:37.357+0000] {processor.py:157} INFO - Started process (PID=2090) to work on /home/airflow/.local/lib/python3.7/site-packages/airflow/example_dags/example_params_trigger_ui.py
[2024-02-28T18:49:37.359+0000] {processor.py:826} INFO - Processing file /home/airflow/.local/lib/python3.7/site-packages/airflow/example_dags/example_params_trigger_ui.py for tasks to queue
[2024-02-28T18:49:37.360+0000] {logging_mixin.py:150} INFO - [2024-02-28T18:49:37.360+0000] {dagbag.py:541} INFO - Filling up the DagBag from /home/airflow/.local/lib/python3.7/site-packages/airflow/example_dags/example_params_trigger_ui.py
[2024-02-28T18:49:37.385+0000] {processor.py:836} INFO - DAG(s) dict_keys(['example_params_trigger_ui']) retrieved from /home/airflow/.local/lib/python3.7/site-packages/airflow/example_dags/example_params_trigger_ui.py
[2024-02-28T18:49:37.465+0000] {logging_mixin.py:150} INFO - [2024-02-28T18:49:37.465+0000] {dag.py:2742} INFO - Sync 1 DAGs
[2024-02-28T18:49:37.488+0000] {logging_mixin.py:150} INFO - [2024-02-28T18:49:37.487+0000] {dag.py:3508} INFO - Setting next_dagrun for example_params_trigger_ui to None, run_after=None
[2024-02-28T18:49:37.503+0000] {processor.py:179} INFO - Processing /home/airflow/.local/lib/python3.7/site-packages/airflow/example_dags/example_params_trigger_ui.py took 0.151 seconds
[2024-02-28T18:50:08.100+0000] {processor.py:157} INFO - Started process (PID=2153) to work on /home/airflow/.local/lib/python3.7/site-packages/airflow/example_dags/example_params_trigger_ui.py
[2024-02-28T18:50:08.107+0000] {processor.py:826} INFO - Processing file /home/airflow/.local/lib/python3.7/site-packages/airflow/example_dags/example_params_trigger_ui.py for tasks to queue
[2024-02-28T18:50:08.116+0000] {logging_mixin.py:150} INFO - [2024-02-28T18:50:08.115+0000] {dagbag.py:541} INFO - Filling up the DagBag from /home/airflow/.local/lib/python3.7/site-packages/airflow/example_dags/example_params_trigger_ui.py
[2024-02-28T18:50:08.147+0000] {processor.py:836} INFO - DAG(s) dict_keys(['example_params_trigger_ui']) retrieved from /home/airflow/.local/lib/python3.7/site-packages/airflow/example_dags/example_params_trigger_ui.py
[2024-02-28T18:50:08.259+0000] {logging_mixin.py:150} INFO - [2024-02-28T18:50:08.259+0000] {dag.py:2742} INFO - Sync 1 DAGs
[2024-02-28T18:50:08.290+0000] {logging_mixin.py:150} INFO - [2024-02-28T18:50:08.290+0000] {dag.py:3508} INFO - Setting next_dagrun for example_params_trigger_ui to None, run_after=None
[2024-02-28T18:50:08.311+0000] {processor.py:179} INFO - Processing /home/airflow/.local/lib/python3.7/site-packages/airflow/example_dags/example_params_trigger_ui.py took 0.216 seconds
[2024-02-28T18:50:39.174+0000] {processor.py:157} INFO - Started process (PID=2220) to work on /home/airflow/.local/lib/python3.7/site-packages/airflow/example_dags/example_params_trigger_ui.py
[2024-02-28T18:50:39.176+0000] {processor.py:826} INFO - Processing file /home/airflow/.local/lib/python3.7/site-packages/airflow/example_dags/example_params_trigger_ui.py for tasks to queue
[2024-02-28T18:50:39.179+0000] {logging_mixin.py:150} INFO - [2024-02-28T18:50:39.179+0000] {dagbag.py:541} INFO - Filling up the DagBag from /home/airflow/.local/lib/python3.7/site-packages/airflow/example_dags/example_params_trigger_ui.py
[2024-02-28T18:50:39.203+0000] {processor.py:836} INFO - DAG(s) dict_keys(['example_params_trigger_ui']) retrieved from /home/airflow/.local/lib/python3.7/site-packages/airflow/example_dags/example_params_trigger_ui.py
[2024-02-28T18:50:39.272+0000] {logging_mixin.py:150} INFO - [2024-02-28T18:50:39.272+0000] {dag.py:2742} INFO - Sync 1 DAGs
[2024-02-28T18:50:39.302+0000] {logging_mixin.py:150} INFO - [2024-02-28T18:50:39.302+0000] {dag.py:3508} INFO - Setting next_dagrun for example_params_trigger_ui to None, run_after=None
[2024-02-28T18:50:39.322+0000] {processor.py:179} INFO - Processing /home/airflow/.local/lib/python3.7/site-packages/airflow/example_dags/example_params_trigger_ui.py took 0.154 seconds
[2024-02-28T18:51:09.823+0000] {processor.py:157} INFO - Started process (PID=2283) to work on /home/airflow/.local/lib/python3.7/site-packages/airflow/example_dags/example_params_trigger_ui.py
[2024-02-28T18:51:09.828+0000] {processor.py:826} INFO - Processing file /home/airflow/.local/lib/python3.7/site-packages/airflow/example_dags/example_params_trigger_ui.py for tasks to queue
[2024-02-28T18:51:09.832+0000] {logging_mixin.py:150} INFO - [2024-02-28T18:51:09.831+0000] {dagbag.py:541} INFO - Filling up the DagBag from /home/airflow/.local/lib/python3.7/site-packages/airflow/example_dags/example_params_trigger_ui.py
[2024-02-28T18:51:09.881+0000] {processor.py:836} INFO - DAG(s) dict_keys(['example_params_trigger_ui']) retrieved from /home/airflow/.local/lib/python3.7/site-packages/airflow/example_dags/example_params_trigger_ui.py
[2024-02-28T18:51:10.085+0000] {logging_mixin.py:150} INFO - [2024-02-28T18:51:10.083+0000] {dag.py:2742} INFO - Sync 1 DAGs
[2024-02-28T18:51:10.191+0000] {logging_mixin.py:150} INFO - [2024-02-28T18:51:10.190+0000] {dag.py:3508} INFO - Setting next_dagrun for example_params_trigger_ui to None, run_after=None
[2024-02-28T18:51:10.282+0000] {processor.py:179} INFO - Processing /home/airflow/.local/lib/python3.7/site-packages/airflow/example_dags/example_params_trigger_ui.py took 0.465 seconds
[2024-02-28T18:51:40.553+0000] {processor.py:157} INFO - Started process (PID=2349) to work on /home/airflow/.local/lib/python3.7/site-packages/airflow/example_dags/example_params_trigger_ui.py
[2024-02-28T18:51:40.556+0000] {processor.py:826} INFO - Processing file /home/airflow/.local/lib/python3.7/site-packages/airflow/example_dags/example_params_trigger_ui.py for tasks to queue
[2024-02-28T18:51:40.563+0000] {logging_mixin.py:150} INFO - [2024-02-28T18:51:40.562+0000] {dagbag.py:541} INFO - Filling up the DagBag from /home/airflow/.local/lib/python3.7/site-packages/airflow/example_dags/example_params_trigger_ui.py
[2024-02-28T18:51:40.593+0000] {processor.py:836} INFO - DAG(s) dict_keys(['example_params_trigger_ui']) retrieved from /home/airflow/.local/lib/python3.7/site-packages/airflow/example_dags/example_params_trigger_ui.py
[2024-02-28T18:51:40.655+0000] {logging_mixin.py:150} INFO - [2024-02-28T18:51:40.655+0000] {dag.py:2742} INFO - Sync 1 DAGs
[2024-02-28T18:51:40.677+0000] {logging_mixin.py:150} INFO - [2024-02-28T18:51:40.677+0000] {dag.py:3508} INFO - Setting next_dagrun for example_params_trigger_ui to None, run_after=None
[2024-02-28T18:51:40.693+0000] {processor.py:179} INFO - Processing /home/airflow/.local/lib/python3.7/site-packages/airflow/example_dags/example_params_trigger_ui.py took 0.145 seconds
[2024-02-28T18:52:10.951+0000] {processor.py:157} INFO - Started process (PID=2420) to work on /home/airflow/.local/lib/python3.7/site-packages/airflow/example_dags/example_params_trigger_ui.py
[2024-02-28T18:52:10.955+0000] {processor.py:826} INFO - Processing file /home/airflow/.local/lib/python3.7/site-packages/airflow/example_dags/example_params_trigger_ui.py for tasks to queue
[2024-02-28T18:52:10.959+0000] {logging_mixin.py:150} INFO - [2024-02-28T18:52:10.957+0000] {dagbag.py:541} INFO - Filling up the DagBag from /home/airflow/.local/lib/python3.7/site-packages/airflow/example_dags/example_params_trigger_ui.py
[2024-02-28T18:52:11.037+0000] {processor.py:836} INFO - DAG(s) dict_keys(['example_params_trigger_ui']) retrieved from /home/airflow/.local/lib/python3.7/site-packages/airflow/example_dags/example_params_trigger_ui.py
[2024-02-28T18:52:11.198+0000] {logging_mixin.py:150} INFO - [2024-02-28T18:52:11.198+0000] {dag.py:2742} INFO - Sync 1 DAGs
[2024-02-28T18:52:11.266+0000] {logging_mixin.py:150} INFO - [2024-02-28T18:52:11.266+0000] {dag.py:3508} INFO - Setting next_dagrun for example_params_trigger_ui to None, run_after=None
[2024-02-28T18:52:11.336+0000] {processor.py:179} INFO - Processing /home/airflow/.local/lib/python3.7/site-packages/airflow/example_dags/example_params_trigger_ui.py took 0.396 seconds
[2024-02-28T18:52:41.459+0000] {processor.py:157} INFO - Started process (PID=2484) to work on /home/airflow/.local/lib/python3.7/site-packages/airflow/example_dags/example_params_trigger_ui.py
[2024-02-28T18:52:41.464+0000] {processor.py:826} INFO - Processing file /home/airflow/.local/lib/python3.7/site-packages/airflow/example_dags/example_params_trigger_ui.py for tasks to queue
[2024-02-28T18:52:41.467+0000] {logging_mixin.py:150} INFO - [2024-02-28T18:52:41.467+0000] {dagbag.py:541} INFO - Filling up the DagBag from /home/airflow/.local/lib/python3.7/site-packages/airflow/example_dags/example_params_trigger_ui.py
[2024-02-28T18:52:41.486+0000] {processor.py:836} INFO - DAG(s) dict_keys(['example_params_trigger_ui']) retrieved from /home/airflow/.local/lib/python3.7/site-packages/airflow/example_dags/example_params_trigger_ui.py
[2024-02-28T18:52:41.554+0000] {logging_mixin.py:150} INFO - [2024-02-28T18:52:41.554+0000] {dag.py:2742} INFO - Sync 1 DAGs
[2024-02-28T18:52:41.588+0000] {logging_mixin.py:150} INFO - [2024-02-28T18:52:41.588+0000] {dag.py:3508} INFO - Setting next_dagrun for example_params_trigger_ui to None, run_after=None
[2024-02-28T18:52:41.606+0000] {processor.py:179} INFO - Processing /home/airflow/.local/lib/python3.7/site-packages/airflow/example_dags/example_params_trigger_ui.py took 0.152 seconds
