[2024-02-28T18:33:12.975+0000] {processor.py:157} INFO - Started process (PID=63) to work on /home/airflow/.local/lib/python3.7/site-packages/airflow/example_dags/example_task_group.py
[2024-02-28T18:33:12.983+0000] {processor.py:826} INFO - Processing file /home/airflow/.local/lib/python3.7/site-packages/airflow/example_dags/example_task_group.py for tasks to queue
[2024-02-28T18:33:12.995+0000] {logging_mixin.py:150} INFO - [2024-02-28T18:33:12.993+0000] {dagbag.py:541} INFO - Filling up the DagBag from /home/airflow/.local/lib/python3.7/site-packages/airflow/example_dags/example_task_group.py
[2024-02-28T18:33:13.048+0000] {processor.py:836} INFO - DAG(s) dict_keys(['example_task_group']) retrieved from /home/airflow/.local/lib/python3.7/site-packages/airflow/example_dags/example_task_group.py
[2024-02-28T18:33:13.114+0000] {logging_mixin.py:150} INFO - [2024-02-28T18:33:13.112+0000] {dag.py:2742} INFO - Sync 1 DAGs
[2024-02-28T18:33:13.193+0000] {logging_mixin.py:150} INFO - [2024-02-28T18:33:13.193+0000] {dag.py:3508} INFO - Setting next_dagrun for example_task_group to 2024-02-27T18:33:13.192598+00:00, run_after=2024-02-28T18:33:13.192598+00:00
[2024-02-28T18:33:13.225+0000] {processor.py:179} INFO - Processing /home/airflow/.local/lib/python3.7/site-packages/airflow/example_dags/example_task_group.py took 0.255 seconds
[2024-02-28T18:33:43.558+0000] {processor.py:157} INFO - Started process (PID=126) to work on /home/airflow/.local/lib/python3.7/site-packages/airflow/example_dags/example_task_group.py
[2024-02-28T18:33:43.561+0000] {processor.py:826} INFO - Processing file /home/airflow/.local/lib/python3.7/site-packages/airflow/example_dags/example_task_group.py for tasks to queue
[2024-02-28T18:33:43.563+0000] {logging_mixin.py:150} INFO - [2024-02-28T18:33:43.563+0000] {dagbag.py:541} INFO - Filling up the DagBag from /home/airflow/.local/lib/python3.7/site-packages/airflow/example_dags/example_task_group.py
[2024-02-28T18:33:43.572+0000] {processor.py:836} INFO - DAG(s) dict_keys(['example_task_group']) retrieved from /home/airflow/.local/lib/python3.7/site-packages/airflow/example_dags/example_task_group.py
[2024-02-28T18:33:43.603+0000] {logging_mixin.py:150} INFO - [2024-02-28T18:33:43.602+0000] {dag.py:2742} INFO - Sync 1 DAGs
[2024-02-28T18:33:43.625+0000] {logging_mixin.py:150} INFO - [2024-02-28T18:33:43.624+0000] {dag.py:3508} INFO - Setting next_dagrun for example_task_group to 2024-02-27T18:33:43.624553+00:00, run_after=2024-02-28T18:33:43.624553+00:00
[2024-02-28T18:33:43.645+0000] {processor.py:179} INFO - Processing /home/airflow/.local/lib/python3.7/site-packages/airflow/example_dags/example_task_group.py took 0.090 seconds
[2024-02-28T18:34:13.834+0000] {processor.py:157} INFO - Started process (PID=190) to work on /home/airflow/.local/lib/python3.7/site-packages/airflow/example_dags/example_task_group.py
[2024-02-28T18:34:13.836+0000] {processor.py:826} INFO - Processing file /home/airflow/.local/lib/python3.7/site-packages/airflow/example_dags/example_task_group.py for tasks to queue
[2024-02-28T18:34:13.837+0000] {logging_mixin.py:150} INFO - [2024-02-28T18:34:13.837+0000] {dagbag.py:541} INFO - Filling up the DagBag from /home/airflow/.local/lib/python3.7/site-packages/airflow/example_dags/example_task_group.py
[2024-02-28T18:34:13.848+0000] {processor.py:836} INFO - DAG(s) dict_keys(['example_task_group']) retrieved from /home/airflow/.local/lib/python3.7/site-packages/airflow/example_dags/example_task_group.py
[2024-02-28T18:34:13.871+0000] {logging_mixin.py:150} INFO - [2024-02-28T18:34:13.871+0000] {dag.py:2742} INFO - Sync 1 DAGs
[2024-02-28T18:34:13.893+0000] {logging_mixin.py:150} INFO - [2024-02-28T18:34:13.893+0000] {dag.py:3508} INFO - Setting next_dagrun for example_task_group to 2024-02-27T18:34:13.892675+00:00, run_after=2024-02-28T18:34:13.892675+00:00
[2024-02-28T18:34:13.908+0000] {processor.py:179} INFO - Processing /home/airflow/.local/lib/python3.7/site-packages/airflow/example_dags/example_task_group.py took 0.077 seconds
[2024-02-28T18:34:45.284+0000] {processor.py:157} INFO - Started process (PID=252) to work on /home/airflow/.local/lib/python3.7/site-packages/airflow/example_dags/example_task_group.py
[2024-02-28T18:34:45.291+0000] {processor.py:826} INFO - Processing file /home/airflow/.local/lib/python3.7/site-packages/airflow/example_dags/example_task_group.py for tasks to queue
[2024-02-28T18:34:45.294+0000] {logging_mixin.py:150} INFO - [2024-02-28T18:34:45.294+0000] {dagbag.py:541} INFO - Filling up the DagBag from /home/airflow/.local/lib/python3.7/site-packages/airflow/example_dags/example_task_group.py
[2024-02-28T18:34:45.326+0000] {processor.py:836} INFO - DAG(s) dict_keys(['example_task_group']) retrieved from /home/airflow/.local/lib/python3.7/site-packages/airflow/example_dags/example_task_group.py
[2024-02-28T18:34:45.380+0000] {logging_mixin.py:150} INFO - [2024-02-28T18:34:45.380+0000] {dag.py:2742} INFO - Sync 1 DAGs
[2024-02-28T18:34:45.425+0000] {logging_mixin.py:150} INFO - [2024-02-28T18:34:45.425+0000] {dag.py:3508} INFO - Setting next_dagrun for example_task_group to 2024-02-27T18:34:45.424160+00:00, run_after=2024-02-28T18:34:45.424160+00:00
[2024-02-28T18:34:45.455+0000] {processor.py:179} INFO - Processing /home/airflow/.local/lib/python3.7/site-packages/airflow/example_dags/example_task_group.py took 0.177 seconds
[2024-02-28T18:35:15.872+0000] {processor.py:157} INFO - Started process (PID=316) to work on /home/airflow/.local/lib/python3.7/site-packages/airflow/example_dags/example_task_group.py
[2024-02-28T18:35:15.876+0000] {processor.py:826} INFO - Processing file /home/airflow/.local/lib/python3.7/site-packages/airflow/example_dags/example_task_group.py for tasks to queue
[2024-02-28T18:35:15.881+0000] {logging_mixin.py:150} INFO - [2024-02-28T18:35:15.879+0000] {dagbag.py:541} INFO - Filling up the DagBag from /home/airflow/.local/lib/python3.7/site-packages/airflow/example_dags/example_task_group.py
[2024-02-28T18:35:15.900+0000] {processor.py:836} INFO - DAG(s) dict_keys(['example_task_group']) retrieved from /home/airflow/.local/lib/python3.7/site-packages/airflow/example_dags/example_task_group.py
[2024-02-28T18:35:15.944+0000] {logging_mixin.py:150} INFO - [2024-02-28T18:35:15.944+0000] {dag.py:2742} INFO - Sync 1 DAGs
[2024-02-28T18:35:15.982+0000] {logging_mixin.py:150} INFO - [2024-02-28T18:35:15.982+0000] {dag.py:3508} INFO - Setting next_dagrun for example_task_group to 2024-02-27T18:35:15.981640+00:00, run_after=2024-02-28T18:35:15.981640+00:00
[2024-02-28T18:35:16.039+0000] {processor.py:179} INFO - Processing /home/airflow/.local/lib/python3.7/site-packages/airflow/example_dags/example_task_group.py took 0.172 seconds
[2024-02-28T18:35:46.862+0000] {processor.py:157} INFO - Started process (PID=380) to work on /home/airflow/.local/lib/python3.7/site-packages/airflow/example_dags/example_task_group.py
[2024-02-28T18:35:46.864+0000] {processor.py:826} INFO - Processing file /home/airflow/.local/lib/python3.7/site-packages/airflow/example_dags/example_task_group.py for tasks to queue
[2024-02-28T18:35:46.865+0000] {logging_mixin.py:150} INFO - [2024-02-28T18:35:46.865+0000] {dagbag.py:541} INFO - Filling up the DagBag from /home/airflow/.local/lib/python3.7/site-packages/airflow/example_dags/example_task_group.py
[2024-02-28T18:35:46.878+0000] {processor.py:836} INFO - DAG(s) dict_keys(['example_task_group']) retrieved from /home/airflow/.local/lib/python3.7/site-packages/airflow/example_dags/example_task_group.py
[2024-02-28T18:35:46.910+0000] {logging_mixin.py:150} INFO - [2024-02-28T18:35:46.909+0000] {dag.py:2742} INFO - Sync 1 DAGs
[2024-02-28T18:35:46.947+0000] {logging_mixin.py:150} INFO - [2024-02-28T18:35:46.947+0000] {dag.py:3508} INFO - Setting next_dagrun for example_task_group to 2024-02-27T18:35:46.946684+00:00, run_after=2024-02-28T18:35:46.946684+00:00
[2024-02-28T18:35:46.987+0000] {processor.py:179} INFO - Processing /home/airflow/.local/lib/python3.7/site-packages/airflow/example_dags/example_task_group.py took 0.127 seconds
[2024-02-28T18:36:18.985+0000] {processor.py:157} INFO - Started process (PID=443) to work on /home/airflow/.local/lib/python3.7/site-packages/airflow/example_dags/example_task_group.py
[2024-02-28T18:36:18.990+0000] {processor.py:826} INFO - Processing file /home/airflow/.local/lib/python3.7/site-packages/airflow/example_dags/example_task_group.py for tasks to queue
[2024-02-28T18:36:18.993+0000] {logging_mixin.py:150} INFO - [2024-02-28T18:36:18.993+0000] {dagbag.py:541} INFO - Filling up the DagBag from /home/airflow/.local/lib/python3.7/site-packages/airflow/example_dags/example_task_group.py
[2024-02-28T18:36:19.004+0000] {processor.py:836} INFO - DAG(s) dict_keys(['example_task_group']) retrieved from /home/airflow/.local/lib/python3.7/site-packages/airflow/example_dags/example_task_group.py
[2024-02-28T18:36:19.097+0000] {logging_mixin.py:150} INFO - [2024-02-28T18:36:19.096+0000] {dag.py:2742} INFO - Sync 1 DAGs
[2024-02-28T18:36:19.139+0000] {logging_mixin.py:150} INFO - [2024-02-28T18:36:19.139+0000] {dag.py:3508} INFO - Setting next_dagrun for example_task_group to 2024-02-27T18:36:19.139128+00:00, run_after=2024-02-28T18:36:19.139128+00:00
[2024-02-28T18:36:19.185+0000] {processor.py:179} INFO - Processing /home/airflow/.local/lib/python3.7/site-packages/airflow/example_dags/example_task_group.py took 0.204 seconds
[2024-02-28T18:36:49.847+0000] {processor.py:157} INFO - Started process (PID=506) to work on /home/airflow/.local/lib/python3.7/site-packages/airflow/example_dags/example_task_group.py
[2024-02-28T18:36:49.852+0000] {processor.py:826} INFO - Processing file /home/airflow/.local/lib/python3.7/site-packages/airflow/example_dags/example_task_group.py for tasks to queue
[2024-02-28T18:36:49.855+0000] {logging_mixin.py:150} INFO - [2024-02-28T18:36:49.855+0000] {dagbag.py:541} INFO - Filling up the DagBag from /home/airflow/.local/lib/python3.7/site-packages/airflow/example_dags/example_task_group.py
[2024-02-28T18:36:49.866+0000] {processor.py:836} INFO - DAG(s) dict_keys(['example_task_group']) retrieved from /home/airflow/.local/lib/python3.7/site-packages/airflow/example_dags/example_task_group.py
[2024-02-28T18:36:49.898+0000] {logging_mixin.py:150} INFO - [2024-02-28T18:36:49.898+0000] {dag.py:2742} INFO - Sync 1 DAGs
[2024-02-28T18:36:49.921+0000] {logging_mixin.py:150} INFO - [2024-02-28T18:36:49.921+0000] {dag.py:3508} INFO - Setting next_dagrun for example_task_group to 2024-02-27T18:36:49.921271+00:00, run_after=2024-02-28T18:36:49.921271+00:00
[2024-02-28T18:36:49.939+0000] {processor.py:179} INFO - Processing /home/airflow/.local/lib/python3.7/site-packages/airflow/example_dags/example_task_group.py took 0.096 seconds
[2024-02-28T18:37:20.630+0000] {processor.py:157} INFO - Started process (PID=569) to work on /home/airflow/.local/lib/python3.7/site-packages/airflow/example_dags/example_task_group.py
[2024-02-28T18:37:20.634+0000] {processor.py:826} INFO - Processing file /home/airflow/.local/lib/python3.7/site-packages/airflow/example_dags/example_task_group.py for tasks to queue
[2024-02-28T18:37:20.636+0000] {logging_mixin.py:150} INFO - [2024-02-28T18:37:20.636+0000] {dagbag.py:541} INFO - Filling up the DagBag from /home/airflow/.local/lib/python3.7/site-packages/airflow/example_dags/example_task_group.py
[2024-02-28T18:37:20.653+0000] {processor.py:836} INFO - DAG(s) dict_keys(['example_task_group']) retrieved from /home/airflow/.local/lib/python3.7/site-packages/airflow/example_dags/example_task_group.py
[2024-02-28T18:37:20.687+0000] {logging_mixin.py:150} INFO - [2024-02-28T18:37:20.687+0000] {dag.py:2742} INFO - Sync 1 DAGs
[2024-02-28T18:37:20.714+0000] {logging_mixin.py:150} INFO - [2024-02-28T18:37:20.714+0000] {dag.py:3508} INFO - Setting next_dagrun for example_task_group to 2024-02-27T18:37:20.714142+00:00, run_after=2024-02-28T18:37:20.714142+00:00
[2024-02-28T18:37:20.736+0000] {processor.py:179} INFO - Processing /home/airflow/.local/lib/python3.7/site-packages/airflow/example_dags/example_task_group.py took 0.110 seconds
[2024-02-28T18:37:50.830+0000] {processor.py:157} INFO - Started process (PID=632) to work on /home/airflow/.local/lib/python3.7/site-packages/airflow/example_dags/example_task_group.py
[2024-02-28T18:37:50.834+0000] {processor.py:826} INFO - Processing file /home/airflow/.local/lib/python3.7/site-packages/airflow/example_dags/example_task_group.py for tasks to queue
[2024-02-28T18:37:50.836+0000] {logging_mixin.py:150} INFO - [2024-02-28T18:37:50.836+0000] {dagbag.py:541} INFO - Filling up the DagBag from /home/airflow/.local/lib/python3.7/site-packages/airflow/example_dags/example_task_group.py
[2024-02-28T18:37:50.845+0000] {processor.py:836} INFO - DAG(s) dict_keys(['example_task_group']) retrieved from /home/airflow/.local/lib/python3.7/site-packages/airflow/example_dags/example_task_group.py
[2024-02-28T18:37:50.876+0000] {logging_mixin.py:150} INFO - [2024-02-28T18:37:50.876+0000] {dag.py:2742} INFO - Sync 1 DAGs
[2024-02-28T18:37:50.898+0000] {logging_mixin.py:150} INFO - [2024-02-28T18:37:50.898+0000] {dag.py:3508} INFO - Setting next_dagrun for example_task_group to 2024-02-27T18:37:50.898167+00:00, run_after=2024-02-28T18:37:50.898167+00:00
[2024-02-28T18:37:50.914+0000] {processor.py:179} INFO - Processing /home/airflow/.local/lib/python3.7/site-packages/airflow/example_dags/example_task_group.py took 0.087 seconds
[2024-02-28T18:38:21.315+0000] {processor.py:157} INFO - Started process (PID=694) to work on /home/airflow/.local/lib/python3.7/site-packages/airflow/example_dags/example_task_group.py
[2024-02-28T18:38:21.319+0000] {processor.py:826} INFO - Processing file /home/airflow/.local/lib/python3.7/site-packages/airflow/example_dags/example_task_group.py for tasks to queue
[2024-02-28T18:38:21.322+0000] {logging_mixin.py:150} INFO - [2024-02-28T18:38:21.321+0000] {dagbag.py:541} INFO - Filling up the DagBag from /home/airflow/.local/lib/python3.7/site-packages/airflow/example_dags/example_task_group.py
[2024-02-28T18:38:21.333+0000] {processor.py:836} INFO - DAG(s) dict_keys(['example_task_group']) retrieved from /home/airflow/.local/lib/python3.7/site-packages/airflow/example_dags/example_task_group.py
[2024-02-28T18:38:21.369+0000] {logging_mixin.py:150} INFO - [2024-02-28T18:38:21.368+0000] {dag.py:2742} INFO - Sync 1 DAGs
[2024-02-28T18:38:21.393+0000] {logging_mixin.py:150} INFO - [2024-02-28T18:38:21.393+0000] {dag.py:3508} INFO - Setting next_dagrun for example_task_group to 2024-02-27T18:38:21.392782+00:00, run_after=2024-02-28T18:38:21.392782+00:00
[2024-02-28T18:38:21.414+0000] {processor.py:179} INFO - Processing /home/airflow/.local/lib/python3.7/site-packages/airflow/example_dags/example_task_group.py took 0.104 seconds
[2024-02-28T18:38:52.416+0000] {processor.py:157} INFO - Started process (PID=756) to work on /home/airflow/.local/lib/python3.7/site-packages/airflow/example_dags/example_task_group.py
[2024-02-28T18:38:52.418+0000] {processor.py:826} INFO - Processing file /home/airflow/.local/lib/python3.7/site-packages/airflow/example_dags/example_task_group.py for tasks to queue
[2024-02-28T18:38:52.421+0000] {logging_mixin.py:150} INFO - [2024-02-28T18:38:52.421+0000] {dagbag.py:541} INFO - Filling up the DagBag from /home/airflow/.local/lib/python3.7/site-packages/airflow/example_dags/example_task_group.py
[2024-02-28T18:38:52.434+0000] {processor.py:836} INFO - DAG(s) dict_keys(['example_task_group']) retrieved from /home/airflow/.local/lib/python3.7/site-packages/airflow/example_dags/example_task_group.py
[2024-02-28T18:38:52.464+0000] {logging_mixin.py:150} INFO - [2024-02-28T18:38:52.464+0000] {dag.py:2742} INFO - Sync 1 DAGs
[2024-02-28T18:38:52.487+0000] {logging_mixin.py:150} INFO - [2024-02-28T18:38:52.486+0000] {dag.py:3508} INFO - Setting next_dagrun for example_task_group to 2024-02-27T18:38:52.486648+00:00, run_after=2024-02-28T18:38:52.486648+00:00
[2024-02-28T18:38:52.517+0000] {processor.py:179} INFO - Processing /home/airflow/.local/lib/python3.7/site-packages/airflow/example_dags/example_task_group.py took 0.105 seconds
[2024-02-28T18:39:23.215+0000] {processor.py:157} INFO - Started process (PID=819) to work on /home/airflow/.local/lib/python3.7/site-packages/airflow/example_dags/example_task_group.py
[2024-02-28T18:39:23.217+0000] {processor.py:826} INFO - Processing file /home/airflow/.local/lib/python3.7/site-packages/airflow/example_dags/example_task_group.py for tasks to queue
[2024-02-28T18:39:23.221+0000] {logging_mixin.py:150} INFO - [2024-02-28T18:39:23.220+0000] {dagbag.py:541} INFO - Filling up the DagBag from /home/airflow/.local/lib/python3.7/site-packages/airflow/example_dags/example_task_group.py
[2024-02-28T18:39:23.231+0000] {processor.py:836} INFO - DAG(s) dict_keys(['example_task_group']) retrieved from /home/airflow/.local/lib/python3.7/site-packages/airflow/example_dags/example_task_group.py
[2024-02-28T18:39:23.261+0000] {logging_mixin.py:150} INFO - [2024-02-28T18:39:23.261+0000] {dag.py:2742} INFO - Sync 1 DAGs
[2024-02-28T18:39:23.291+0000] {logging_mixin.py:150} INFO - [2024-02-28T18:39:23.291+0000] {dag.py:3508} INFO - Setting next_dagrun for example_task_group to 2024-02-27T18:39:23.290564+00:00, run_after=2024-02-28T18:39:23.290564+00:00
[2024-02-28T18:39:23.322+0000] {processor.py:179} INFO - Processing /home/airflow/.local/lib/python3.7/site-packages/airflow/example_dags/example_task_group.py took 0.110 seconds
[2024-02-28T18:39:53.504+0000] {processor.py:157} INFO - Started process (PID=883) to work on /home/airflow/.local/lib/python3.7/site-packages/airflow/example_dags/example_task_group.py
[2024-02-28T18:39:53.507+0000] {processor.py:826} INFO - Processing file /home/airflow/.local/lib/python3.7/site-packages/airflow/example_dags/example_task_group.py for tasks to queue
[2024-02-28T18:39:53.509+0000] {logging_mixin.py:150} INFO - [2024-02-28T18:39:53.509+0000] {dagbag.py:541} INFO - Filling up the DagBag from /home/airflow/.local/lib/python3.7/site-packages/airflow/example_dags/example_task_group.py
[2024-02-28T18:39:53.518+0000] {processor.py:836} INFO - DAG(s) dict_keys(['example_task_group']) retrieved from /home/airflow/.local/lib/python3.7/site-packages/airflow/example_dags/example_task_group.py
[2024-02-28T18:39:53.557+0000] {logging_mixin.py:150} INFO - [2024-02-28T18:39:53.556+0000] {dag.py:2742} INFO - Sync 1 DAGs
[2024-02-28T18:39:53.590+0000] {logging_mixin.py:150} INFO - [2024-02-28T18:39:53.590+0000] {dag.py:3508} INFO - Setting next_dagrun for example_task_group to 2024-02-27T18:39:53.589884+00:00, run_after=2024-02-28T18:39:53.589884+00:00
[2024-02-28T18:39:53.619+0000] {processor.py:179} INFO - Processing /home/airflow/.local/lib/python3.7/site-packages/airflow/example_dags/example_task_group.py took 0.117 seconds
[2024-02-28T18:40:24.128+0000] {processor.py:157} INFO - Started process (PID=946) to work on /home/airflow/.local/lib/python3.7/site-packages/airflow/example_dags/example_task_group.py
[2024-02-28T18:40:24.133+0000] {processor.py:826} INFO - Processing file /home/airflow/.local/lib/python3.7/site-packages/airflow/example_dags/example_task_group.py for tasks to queue
[2024-02-28T18:40:24.135+0000] {logging_mixin.py:150} INFO - [2024-02-28T18:40:24.135+0000] {dagbag.py:541} INFO - Filling up the DagBag from /home/airflow/.local/lib/python3.7/site-packages/airflow/example_dags/example_task_group.py
[2024-02-28T18:40:24.146+0000] {processor.py:836} INFO - DAG(s) dict_keys(['example_task_group']) retrieved from /home/airflow/.local/lib/python3.7/site-packages/airflow/example_dags/example_task_group.py
[2024-02-28T18:40:24.176+0000] {logging_mixin.py:150} INFO - [2024-02-28T18:40:24.176+0000] {dag.py:2742} INFO - Sync 1 DAGs
[2024-02-28T18:40:24.200+0000] {logging_mixin.py:150} INFO - [2024-02-28T18:40:24.200+0000] {dag.py:3508} INFO - Setting next_dagrun for example_task_group to 2024-02-27T18:40:24.200186+00:00, run_after=2024-02-28T18:40:24.200186+00:00
[2024-02-28T18:40:24.218+0000] {processor.py:179} INFO - Processing /home/airflow/.local/lib/python3.7/site-packages/airflow/example_dags/example_task_group.py took 0.094 seconds
[2024-02-28T18:40:54.687+0000] {processor.py:157} INFO - Started process (PID=1009) to work on /home/airflow/.local/lib/python3.7/site-packages/airflow/example_dags/example_task_group.py
[2024-02-28T18:40:54.689+0000] {processor.py:826} INFO - Processing file /home/airflow/.local/lib/python3.7/site-packages/airflow/example_dags/example_task_group.py for tasks to queue
[2024-02-28T18:40:54.692+0000] {logging_mixin.py:150} INFO - [2024-02-28T18:40:54.692+0000] {dagbag.py:541} INFO - Filling up the DagBag from /home/airflow/.local/lib/python3.7/site-packages/airflow/example_dags/example_task_group.py
[2024-02-28T18:40:54.705+0000] {processor.py:836} INFO - DAG(s) dict_keys(['example_task_group']) retrieved from /home/airflow/.local/lib/python3.7/site-packages/airflow/example_dags/example_task_group.py
[2024-02-28T18:40:54.734+0000] {logging_mixin.py:150} INFO - [2024-02-28T18:40:54.734+0000] {dag.py:2742} INFO - Sync 1 DAGs
[2024-02-28T18:40:54.754+0000] {logging_mixin.py:150} INFO - [2024-02-28T18:40:54.754+0000] {dag.py:3508} INFO - Setting next_dagrun for example_task_group to 2024-02-27T18:40:54.754077+00:00, run_after=2024-02-28T18:40:54.754077+00:00
[2024-02-28T18:40:54.772+0000] {processor.py:179} INFO - Processing /home/airflow/.local/lib/python3.7/site-packages/airflow/example_dags/example_task_group.py took 0.089 seconds
[2024-02-28T18:41:25.282+0000] {processor.py:157} INFO - Started process (PID=1072) to work on /home/airflow/.local/lib/python3.7/site-packages/airflow/example_dags/example_task_group.py
[2024-02-28T18:41:25.286+0000] {processor.py:826} INFO - Processing file /home/airflow/.local/lib/python3.7/site-packages/airflow/example_dags/example_task_group.py for tasks to queue
[2024-02-28T18:41:25.289+0000] {logging_mixin.py:150} INFO - [2024-02-28T18:41:25.288+0000] {dagbag.py:541} INFO - Filling up the DagBag from /home/airflow/.local/lib/python3.7/site-packages/airflow/example_dags/example_task_group.py
[2024-02-28T18:41:25.299+0000] {processor.py:836} INFO - DAG(s) dict_keys(['example_task_group']) retrieved from /home/airflow/.local/lib/python3.7/site-packages/airflow/example_dags/example_task_group.py
[2024-02-28T18:41:25.329+0000] {logging_mixin.py:150} INFO - [2024-02-28T18:41:25.329+0000] {dag.py:2742} INFO - Sync 1 DAGs
[2024-02-28T18:41:25.354+0000] {logging_mixin.py:150} INFO - [2024-02-28T18:41:25.353+0000] {dag.py:3508} INFO - Setting next_dagrun for example_task_group to 2024-02-27T18:41:25.353566+00:00, run_after=2024-02-28T18:41:25.353566+00:00
[2024-02-28T18:41:25.369+0000] {processor.py:179} INFO - Processing /home/airflow/.local/lib/python3.7/site-packages/airflow/example_dags/example_task_group.py took 0.093 seconds
[2024-02-28T18:41:55.693+0000] {processor.py:157} INFO - Started process (PID=1135) to work on /home/airflow/.local/lib/python3.7/site-packages/airflow/example_dags/example_task_group.py
[2024-02-28T18:41:55.695+0000] {processor.py:826} INFO - Processing file /home/airflow/.local/lib/python3.7/site-packages/airflow/example_dags/example_task_group.py for tasks to queue
[2024-02-28T18:41:55.697+0000] {logging_mixin.py:150} INFO - [2024-02-28T18:41:55.697+0000] {dagbag.py:541} INFO - Filling up the DagBag from /home/airflow/.local/lib/python3.7/site-packages/airflow/example_dags/example_task_group.py
[2024-02-28T18:41:55.709+0000] {processor.py:836} INFO - DAG(s) dict_keys(['example_task_group']) retrieved from /home/airflow/.local/lib/python3.7/site-packages/airflow/example_dags/example_task_group.py
[2024-02-28T18:41:55.746+0000] {logging_mixin.py:150} INFO - [2024-02-28T18:41:55.745+0000] {dag.py:2742} INFO - Sync 1 DAGs
[2024-02-28T18:41:55.770+0000] {logging_mixin.py:150} INFO - [2024-02-28T18:41:55.770+0000] {dag.py:3508} INFO - Setting next_dagrun for example_task_group to 2024-02-27T18:41:55.770302+00:00, run_after=2024-02-28T18:41:55.770302+00:00
[2024-02-28T18:41:55.787+0000] {processor.py:179} INFO - Processing /home/airflow/.local/lib/python3.7/site-packages/airflow/example_dags/example_task_group.py took 0.098 seconds
[2024-02-28T18:42:26.450+0000] {processor.py:157} INFO - Started process (PID=1198) to work on /home/airflow/.local/lib/python3.7/site-packages/airflow/example_dags/example_task_group.py
[2024-02-28T18:42:26.456+0000] {processor.py:826} INFO - Processing file /home/airflow/.local/lib/python3.7/site-packages/airflow/example_dags/example_task_group.py for tasks to queue
[2024-02-28T18:42:26.461+0000] {logging_mixin.py:150} INFO - [2024-02-28T18:42:26.460+0000] {dagbag.py:541} INFO - Filling up the DagBag from /home/airflow/.local/lib/python3.7/site-packages/airflow/example_dags/example_task_group.py
[2024-02-28T18:42:26.472+0000] {processor.py:836} INFO - DAG(s) dict_keys(['example_task_group']) retrieved from /home/airflow/.local/lib/python3.7/site-packages/airflow/example_dags/example_task_group.py
[2024-02-28T18:42:26.517+0000] {logging_mixin.py:150} INFO - [2024-02-28T18:42:26.515+0000] {dag.py:2742} INFO - Sync 1 DAGs
[2024-02-28T18:42:26.602+0000] {logging_mixin.py:150} INFO - [2024-02-28T18:42:26.601+0000] {dag.py:3508} INFO - Setting next_dagrun for example_task_group to 2024-02-27T18:42:26.601322+00:00, run_after=2024-02-28T18:42:26.601322+00:00
[2024-02-28T18:42:26.637+0000] {processor.py:179} INFO - Processing /home/airflow/.local/lib/python3.7/site-packages/airflow/example_dags/example_task_group.py took 0.196 seconds
[2024-02-28T18:42:56.962+0000] {processor.py:157} INFO - Started process (PID=1261) to work on /home/airflow/.local/lib/python3.7/site-packages/airflow/example_dags/example_task_group.py
[2024-02-28T18:42:56.966+0000] {processor.py:826} INFO - Processing file /home/airflow/.local/lib/python3.7/site-packages/airflow/example_dags/example_task_group.py for tasks to queue
[2024-02-28T18:42:56.971+0000] {logging_mixin.py:150} INFO - [2024-02-28T18:42:56.970+0000] {dagbag.py:541} INFO - Filling up the DagBag from /home/airflow/.local/lib/python3.7/site-packages/airflow/example_dags/example_task_group.py
[2024-02-28T18:42:56.981+0000] {processor.py:836} INFO - DAG(s) dict_keys(['example_task_group']) retrieved from /home/airflow/.local/lib/python3.7/site-packages/airflow/example_dags/example_task_group.py
[2024-02-28T18:42:57.007+0000] {logging_mixin.py:150} INFO - [2024-02-28T18:42:57.007+0000] {dag.py:2742} INFO - Sync 1 DAGs
[2024-02-28T18:42:57.026+0000] {logging_mixin.py:150} INFO - [2024-02-28T18:42:57.026+0000] {dag.py:3508} INFO - Setting next_dagrun for example_task_group to 2024-02-27T18:42:57.025857+00:00, run_after=2024-02-28T18:42:57.025857+00:00
[2024-02-28T18:42:57.043+0000] {processor.py:179} INFO - Processing /home/airflow/.local/lib/python3.7/site-packages/airflow/example_dags/example_task_group.py took 0.084 seconds
[2024-02-28T18:43:27.935+0000] {processor.py:157} INFO - Started process (PID=1324) to work on /home/airflow/.local/lib/python3.7/site-packages/airflow/example_dags/example_task_group.py
[2024-02-28T18:43:27.937+0000] {processor.py:826} INFO - Processing file /home/airflow/.local/lib/python3.7/site-packages/airflow/example_dags/example_task_group.py for tasks to queue
[2024-02-28T18:43:27.939+0000] {logging_mixin.py:150} INFO - [2024-02-28T18:43:27.938+0000] {dagbag.py:541} INFO - Filling up the DagBag from /home/airflow/.local/lib/python3.7/site-packages/airflow/example_dags/example_task_group.py
[2024-02-28T18:43:27.947+0000] {processor.py:836} INFO - DAG(s) dict_keys(['example_task_group']) retrieved from /home/airflow/.local/lib/python3.7/site-packages/airflow/example_dags/example_task_group.py
[2024-02-28T18:43:27.976+0000] {logging_mixin.py:150} INFO - [2024-02-28T18:43:27.976+0000] {dag.py:2742} INFO - Sync 1 DAGs
[2024-02-28T18:43:28.008+0000] {logging_mixin.py:150} INFO - [2024-02-28T18:43:28.008+0000] {dag.py:3508} INFO - Setting next_dagrun for example_task_group to 2024-02-27T18:43:28.008109+00:00, run_after=2024-02-28T18:43:28.008109+00:00
[2024-02-28T18:43:28.028+0000] {processor.py:179} INFO - Processing /home/airflow/.local/lib/python3.7/site-packages/airflow/example_dags/example_task_group.py took 0.097 seconds
[2024-02-28T18:43:58.449+0000] {processor.py:157} INFO - Started process (PID=1387) to work on /home/airflow/.local/lib/python3.7/site-packages/airflow/example_dags/example_task_group.py
[2024-02-28T18:43:58.453+0000] {processor.py:826} INFO - Processing file /home/airflow/.local/lib/python3.7/site-packages/airflow/example_dags/example_task_group.py for tasks to queue
[2024-02-28T18:43:58.456+0000] {logging_mixin.py:150} INFO - [2024-02-28T18:43:58.456+0000] {dagbag.py:541} INFO - Filling up the DagBag from /home/airflow/.local/lib/python3.7/site-packages/airflow/example_dags/example_task_group.py
[2024-02-28T18:43:58.466+0000] {processor.py:836} INFO - DAG(s) dict_keys(['example_task_group']) retrieved from /home/airflow/.local/lib/python3.7/site-packages/airflow/example_dags/example_task_group.py
[2024-02-28T18:43:58.497+0000] {logging_mixin.py:150} INFO - [2024-02-28T18:43:58.497+0000] {dag.py:2742} INFO - Sync 1 DAGs
[2024-02-28T18:43:58.523+0000] {logging_mixin.py:150} INFO - [2024-02-28T18:43:58.522+0000] {dag.py:3508} INFO - Setting next_dagrun for example_task_group to 2024-02-27T18:43:58.522732+00:00, run_after=2024-02-28T18:43:58.522732+00:00
[2024-02-28T18:43:58.545+0000] {processor.py:179} INFO - Processing /home/airflow/.local/lib/python3.7/site-packages/airflow/example_dags/example_task_group.py took 0.100 seconds
[2024-02-28T18:44:29.295+0000] {processor.py:157} INFO - Started process (PID=1450) to work on /home/airflow/.local/lib/python3.7/site-packages/airflow/example_dags/example_task_group.py
[2024-02-28T18:44:29.298+0000] {processor.py:826} INFO - Processing file /home/airflow/.local/lib/python3.7/site-packages/airflow/example_dags/example_task_group.py for tasks to queue
[2024-02-28T18:44:29.299+0000] {logging_mixin.py:150} INFO - [2024-02-28T18:44:29.299+0000] {dagbag.py:541} INFO - Filling up the DagBag from /home/airflow/.local/lib/python3.7/site-packages/airflow/example_dags/example_task_group.py
[2024-02-28T18:44:29.309+0000] {processor.py:836} INFO - DAG(s) dict_keys(['example_task_group']) retrieved from /home/airflow/.local/lib/python3.7/site-packages/airflow/example_dags/example_task_group.py
[2024-02-28T18:44:29.346+0000] {logging_mixin.py:150} INFO - [2024-02-28T18:44:29.345+0000] {dag.py:2742} INFO - Sync 1 DAGs
[2024-02-28T18:44:29.370+0000] {logging_mixin.py:150} INFO - [2024-02-28T18:44:29.370+0000] {dag.py:3508} INFO - Setting next_dagrun for example_task_group to 2024-02-27T18:44:29.370350+00:00, run_after=2024-02-28T18:44:29.370350+00:00
[2024-02-28T18:44:29.391+0000] {processor.py:179} INFO - Processing /home/airflow/.local/lib/python3.7/site-packages/airflow/example_dags/example_task_group.py took 0.102 seconds
[2024-02-28T18:44:59.447+0000] {processor.py:157} INFO - Started process (PID=1513) to work on /home/airflow/.local/lib/python3.7/site-packages/airflow/example_dags/example_task_group.py
[2024-02-28T18:44:59.449+0000] {processor.py:826} INFO - Processing file /home/airflow/.local/lib/python3.7/site-packages/airflow/example_dags/example_task_group.py for tasks to queue
[2024-02-28T18:44:59.452+0000] {logging_mixin.py:150} INFO - [2024-02-28T18:44:59.452+0000] {dagbag.py:541} INFO - Filling up the DagBag from /home/airflow/.local/lib/python3.7/site-packages/airflow/example_dags/example_task_group.py
[2024-02-28T18:44:59.460+0000] {processor.py:836} INFO - DAG(s) dict_keys(['example_task_group']) retrieved from /home/airflow/.local/lib/python3.7/site-packages/airflow/example_dags/example_task_group.py
[2024-02-28T18:44:59.486+0000] {logging_mixin.py:150} INFO - [2024-02-28T18:44:59.485+0000] {dag.py:2742} INFO - Sync 1 DAGs
[2024-02-28T18:44:59.510+0000] {logging_mixin.py:150} INFO - [2024-02-28T18:44:59.509+0000] {dag.py:3508} INFO - Setting next_dagrun for example_task_group to 2024-02-27T18:44:59.509289+00:00, run_after=2024-02-28T18:44:59.509289+00:00
[2024-02-28T18:44:59.529+0000] {processor.py:179} INFO - Processing /home/airflow/.local/lib/python3.7/site-packages/airflow/example_dags/example_task_group.py took 0.087 seconds
[2024-02-28T18:45:29.836+0000] {processor.py:157} INFO - Started process (PID=1577) to work on /home/airflow/.local/lib/python3.7/site-packages/airflow/example_dags/example_task_group.py
[2024-02-28T18:45:29.838+0000] {processor.py:826} INFO - Processing file /home/airflow/.local/lib/python3.7/site-packages/airflow/example_dags/example_task_group.py for tasks to queue
[2024-02-28T18:45:29.840+0000] {logging_mixin.py:150} INFO - [2024-02-28T18:45:29.840+0000] {dagbag.py:541} INFO - Filling up the DagBag from /home/airflow/.local/lib/python3.7/site-packages/airflow/example_dags/example_task_group.py
[2024-02-28T18:45:29.848+0000] {processor.py:836} INFO - DAG(s) dict_keys(['example_task_group']) retrieved from /home/airflow/.local/lib/python3.7/site-packages/airflow/example_dags/example_task_group.py
[2024-02-28T18:45:29.883+0000] {logging_mixin.py:150} INFO - [2024-02-28T18:45:29.883+0000] {dag.py:2742} INFO - Sync 1 DAGs
[2024-02-28T18:45:29.909+0000] {logging_mixin.py:150} INFO - [2024-02-28T18:45:29.909+0000] {dag.py:3508} INFO - Setting next_dagrun for example_task_group to 2024-02-27T18:45:29.909316+00:00, run_after=2024-02-28T18:45:29.909316+00:00
[2024-02-28T18:45:29.924+0000] {processor.py:179} INFO - Processing /home/airflow/.local/lib/python3.7/site-packages/airflow/example_dags/example_task_group.py took 0.092 seconds
[2024-02-28T18:46:00.794+0000] {processor.py:157} INFO - Started process (PID=1640) to work on /home/airflow/.local/lib/python3.7/site-packages/airflow/example_dags/example_task_group.py
[2024-02-28T18:46:00.796+0000] {processor.py:826} INFO - Processing file /home/airflow/.local/lib/python3.7/site-packages/airflow/example_dags/example_task_group.py for tasks to queue
[2024-02-28T18:46:00.798+0000] {logging_mixin.py:150} INFO - [2024-02-28T18:46:00.798+0000] {dagbag.py:541} INFO - Filling up the DagBag from /home/airflow/.local/lib/python3.7/site-packages/airflow/example_dags/example_task_group.py
[2024-02-28T18:46:00.807+0000] {processor.py:836} INFO - DAG(s) dict_keys(['example_task_group']) retrieved from /home/airflow/.local/lib/python3.7/site-packages/airflow/example_dags/example_task_group.py
[2024-02-28T18:46:00.832+0000] {logging_mixin.py:150} INFO - [2024-02-28T18:46:00.832+0000] {dag.py:2742} INFO - Sync 1 DAGs
[2024-02-28T18:46:00.856+0000] {logging_mixin.py:150} INFO - [2024-02-28T18:46:00.855+0000] {dag.py:3508} INFO - Setting next_dagrun for example_task_group to 2024-02-27T18:46:00.855670+00:00, run_after=2024-02-28T18:46:00.855670+00:00
[2024-02-28T18:46:00.874+0000] {processor.py:179} INFO - Processing /home/airflow/.local/lib/python3.7/site-packages/airflow/example_dags/example_task_group.py took 0.082 seconds
[2024-02-28T18:46:31.237+0000] {processor.py:157} INFO - Started process (PID=1703) to work on /home/airflow/.local/lib/python3.7/site-packages/airflow/example_dags/example_task_group.py
[2024-02-28T18:46:31.240+0000] {processor.py:826} INFO - Processing file /home/airflow/.local/lib/python3.7/site-packages/airflow/example_dags/example_task_group.py for tasks to queue
[2024-02-28T18:46:31.246+0000] {logging_mixin.py:150} INFO - [2024-02-28T18:46:31.245+0000] {dagbag.py:541} INFO - Filling up the DagBag from /home/airflow/.local/lib/python3.7/site-packages/airflow/example_dags/example_task_group.py
[2024-02-28T18:46:31.276+0000] {processor.py:836} INFO - DAG(s) dict_keys(['example_task_group']) retrieved from /home/airflow/.local/lib/python3.7/site-packages/airflow/example_dags/example_task_group.py
[2024-02-28T18:46:31.322+0000] {logging_mixin.py:150} INFO - [2024-02-28T18:46:31.321+0000] {dag.py:2742} INFO - Sync 1 DAGs
[2024-02-28T18:46:31.354+0000] {logging_mixin.py:150} INFO - [2024-02-28T18:46:31.353+0000] {dag.py:3508} INFO - Setting next_dagrun for example_task_group to 2024-02-27T18:46:31.353579+00:00, run_after=2024-02-28T18:46:31.353579+00:00
[2024-02-28T18:46:31.377+0000] {processor.py:179} INFO - Processing /home/airflow/.local/lib/python3.7/site-packages/airflow/example_dags/example_task_group.py took 0.145 seconds
[2024-02-28T18:47:01.704+0000] {processor.py:157} INFO - Started process (PID=1766) to work on /home/airflow/.local/lib/python3.7/site-packages/airflow/example_dags/example_task_group.py
[2024-02-28T18:47:01.706+0000] {processor.py:826} INFO - Processing file /home/airflow/.local/lib/python3.7/site-packages/airflow/example_dags/example_task_group.py for tasks to queue
[2024-02-28T18:47:01.708+0000] {logging_mixin.py:150} INFO - [2024-02-28T18:47:01.707+0000] {dagbag.py:541} INFO - Filling up the DagBag from /home/airflow/.local/lib/python3.7/site-packages/airflow/example_dags/example_task_group.py
[2024-02-28T18:47:01.720+0000] {processor.py:836} INFO - DAG(s) dict_keys(['example_task_group']) retrieved from /home/airflow/.local/lib/python3.7/site-packages/airflow/example_dags/example_task_group.py
[2024-02-28T18:47:01.746+0000] {logging_mixin.py:150} INFO - [2024-02-28T18:47:01.746+0000] {dag.py:2742} INFO - Sync 1 DAGs
[2024-02-28T18:47:01.769+0000] {logging_mixin.py:150} INFO - [2024-02-28T18:47:01.769+0000] {dag.py:3508} INFO - Setting next_dagrun for example_task_group to 2024-02-27T18:47:01.769008+00:00, run_after=2024-02-28T18:47:01.769008+00:00
[2024-02-28T18:47:01.795+0000] {processor.py:179} INFO - Processing /home/airflow/.local/lib/python3.7/site-packages/airflow/example_dags/example_task_group.py took 0.095 seconds
[2024-02-28T18:47:32.321+0000] {processor.py:157} INFO - Started process (PID=1829) to work on /home/airflow/.local/lib/python3.7/site-packages/airflow/example_dags/example_task_group.py
[2024-02-28T18:47:32.323+0000] {processor.py:826} INFO - Processing file /home/airflow/.local/lib/python3.7/site-packages/airflow/example_dags/example_task_group.py for tasks to queue
[2024-02-28T18:47:32.325+0000] {logging_mixin.py:150} INFO - [2024-02-28T18:47:32.325+0000] {dagbag.py:541} INFO - Filling up the DagBag from /home/airflow/.local/lib/python3.7/site-packages/airflow/example_dags/example_task_group.py
[2024-02-28T18:47:32.336+0000] {processor.py:836} INFO - DAG(s) dict_keys(['example_task_group']) retrieved from /home/airflow/.local/lib/python3.7/site-packages/airflow/example_dags/example_task_group.py
[2024-02-28T18:47:32.363+0000] {logging_mixin.py:150} INFO - [2024-02-28T18:47:32.363+0000] {dag.py:2742} INFO - Sync 1 DAGs
[2024-02-28T18:47:32.389+0000] {logging_mixin.py:150} INFO - [2024-02-28T18:47:32.389+0000] {dag.py:3508} INFO - Setting next_dagrun for example_task_group to 2024-02-27T18:47:32.389010+00:00, run_after=2024-02-28T18:47:32.389010+00:00
[2024-02-28T18:47:32.404+0000] {processor.py:179} INFO - Processing /home/airflow/.local/lib/python3.7/site-packages/airflow/example_dags/example_task_group.py took 0.086 seconds
[2024-02-28T18:48:02.608+0000] {processor.py:157} INFO - Started process (PID=1892) to work on /home/airflow/.local/lib/python3.7/site-packages/airflow/example_dags/example_task_group.py
[2024-02-28T18:48:02.610+0000] {processor.py:826} INFO - Processing file /home/airflow/.local/lib/python3.7/site-packages/airflow/example_dags/example_task_group.py for tasks to queue
[2024-02-28T18:48:02.613+0000] {logging_mixin.py:150} INFO - [2024-02-28T18:48:02.612+0000] {dagbag.py:541} INFO - Filling up the DagBag from /home/airflow/.local/lib/python3.7/site-packages/airflow/example_dags/example_task_group.py
[2024-02-28T18:48:02.629+0000] {processor.py:836} INFO - DAG(s) dict_keys(['example_task_group']) retrieved from /home/airflow/.local/lib/python3.7/site-packages/airflow/example_dags/example_task_group.py
[2024-02-28T18:48:02.659+0000] {logging_mixin.py:150} INFO - [2024-02-28T18:48:02.659+0000] {dag.py:2742} INFO - Sync 1 DAGs
[2024-02-28T18:48:02.682+0000] {logging_mixin.py:150} INFO - [2024-02-28T18:48:02.682+0000] {dag.py:3508} INFO - Setting next_dagrun for example_task_group to 2024-02-27T18:48:02.682094+00:00, run_after=2024-02-28T18:48:02.682094+00:00
[2024-02-28T18:48:02.699+0000] {processor.py:179} INFO - Processing /home/airflow/.local/lib/python3.7/site-packages/airflow/example_dags/example_task_group.py took 0.095 seconds
[2024-02-28T18:48:33.585+0000] {processor.py:157} INFO - Started process (PID=1954) to work on /home/airflow/.local/lib/python3.7/site-packages/airflow/example_dags/example_task_group.py
[2024-02-28T18:48:33.588+0000] {processor.py:826} INFO - Processing file /home/airflow/.local/lib/python3.7/site-packages/airflow/example_dags/example_task_group.py for tasks to queue
[2024-02-28T18:48:33.590+0000] {logging_mixin.py:150} INFO - [2024-02-28T18:48:33.590+0000] {dagbag.py:541} INFO - Filling up the DagBag from /home/airflow/.local/lib/python3.7/site-packages/airflow/example_dags/example_task_group.py
[2024-02-28T18:48:33.602+0000] {processor.py:836} INFO - DAG(s) dict_keys(['example_task_group']) retrieved from /home/airflow/.local/lib/python3.7/site-packages/airflow/example_dags/example_task_group.py
[2024-02-28T18:48:33.641+0000] {logging_mixin.py:150} INFO - [2024-02-28T18:48:33.640+0000] {dag.py:2742} INFO - Sync 1 DAGs
[2024-02-28T18:48:33.677+0000] {logging_mixin.py:150} INFO - [2024-02-28T18:48:33.677+0000] {dag.py:3508} INFO - Setting next_dagrun for example_task_group to 2024-02-27T18:48:33.676740+00:00, run_after=2024-02-28T18:48:33.676740+00:00
[2024-02-28T18:48:33.699+0000] {processor.py:179} INFO - Processing /home/airflow/.local/lib/python3.7/site-packages/airflow/example_dags/example_task_group.py took 0.121 seconds
[2024-02-28T18:49:08.293+0000] {processor.py:157} INFO - Started process (PID=2024) to work on /home/airflow/.local/lib/python3.7/site-packages/airflow/example_dags/example_task_group.py
[2024-02-28T18:49:08.299+0000] {processor.py:826} INFO - Processing file /home/airflow/.local/lib/python3.7/site-packages/airflow/example_dags/example_task_group.py for tasks to queue
[2024-02-28T18:49:08.304+0000] {logging_mixin.py:150} INFO - [2024-02-28T18:49:08.302+0000] {dagbag.py:541} INFO - Filling up the DagBag from /home/airflow/.local/lib/python3.7/site-packages/airflow/example_dags/example_task_group.py
[2024-02-28T18:49:08.329+0000] {processor.py:836} INFO - DAG(s) dict_keys(['example_task_group']) retrieved from /home/airflow/.local/lib/python3.7/site-packages/airflow/example_dags/example_task_group.py
[2024-02-28T18:49:08.420+0000] {logging_mixin.py:150} INFO - [2024-02-28T18:49:08.420+0000] {dag.py:2742} INFO - Sync 1 DAGs
[2024-02-28T18:49:08.511+0000] {logging_mixin.py:150} INFO - [2024-02-28T18:49:08.510+0000] {dag.py:3508} INFO - Setting next_dagrun for example_task_group to 2024-02-27T18:49:08.509742+00:00, run_after=2024-02-28T18:49:08.509742+00:00
[2024-02-28T18:49:08.575+0000] {processor.py:179} INFO - Processing /home/airflow/.local/lib/python3.7/site-packages/airflow/example_dags/example_task_group.py took 0.291 seconds
[2024-02-28T18:49:38.759+0000] {processor.py:157} INFO - Started process (PID=2095) to work on /home/airflow/.local/lib/python3.7/site-packages/airflow/example_dags/example_task_group.py
[2024-02-28T18:49:38.761+0000] {processor.py:826} INFO - Processing file /home/airflow/.local/lib/python3.7/site-packages/airflow/example_dags/example_task_group.py for tasks to queue
[2024-02-28T18:49:38.762+0000] {logging_mixin.py:150} INFO - [2024-02-28T18:49:38.762+0000] {dagbag.py:541} INFO - Filling up the DagBag from /home/airflow/.local/lib/python3.7/site-packages/airflow/example_dags/example_task_group.py
[2024-02-28T18:49:38.770+0000] {processor.py:836} INFO - DAG(s) dict_keys(['example_task_group']) retrieved from /home/airflow/.local/lib/python3.7/site-packages/airflow/example_dags/example_task_group.py
[2024-02-28T18:49:38.796+0000] {logging_mixin.py:150} INFO - [2024-02-28T18:49:38.796+0000] {dag.py:2742} INFO - Sync 1 DAGs
[2024-02-28T18:49:38.816+0000] {logging_mixin.py:150} INFO - [2024-02-28T18:49:38.816+0000] {dag.py:3508} INFO - Setting next_dagrun for example_task_group to 2024-02-27T18:49:38.815994+00:00, run_after=2024-02-28T18:49:38.815994+00:00
[2024-02-28T18:49:38.834+0000] {processor.py:179} INFO - Processing /home/airflow/.local/lib/python3.7/site-packages/airflow/example_dags/example_task_group.py took 0.079 seconds
[2024-02-28T18:50:09.826+0000] {processor.py:157} INFO - Started process (PID=2158) to work on /home/airflow/.local/lib/python3.7/site-packages/airflow/example_dags/example_task_group.py
[2024-02-28T18:50:09.831+0000] {processor.py:826} INFO - Processing file /home/airflow/.local/lib/python3.7/site-packages/airflow/example_dags/example_task_group.py for tasks to queue
[2024-02-28T18:50:09.835+0000] {logging_mixin.py:150} INFO - [2024-02-28T18:50:09.834+0000] {dagbag.py:541} INFO - Filling up the DagBag from /home/airflow/.local/lib/python3.7/site-packages/airflow/example_dags/example_task_group.py
[2024-02-28T18:50:09.859+0000] {processor.py:836} INFO - DAG(s) dict_keys(['example_task_group']) retrieved from /home/airflow/.local/lib/python3.7/site-packages/airflow/example_dags/example_task_group.py
[2024-02-28T18:50:09.919+0000] {logging_mixin.py:150} INFO - [2024-02-28T18:50:09.919+0000] {dag.py:2742} INFO - Sync 1 DAGs
[2024-02-28T18:50:09.978+0000] {logging_mixin.py:150} INFO - [2024-02-28T18:50:09.977+0000] {dag.py:3508} INFO - Setting next_dagrun for example_task_group to 2024-02-27T18:50:09.977427+00:00, run_after=2024-02-28T18:50:09.977427+00:00
[2024-02-28T18:50:10.011+0000] {processor.py:179} INFO - Processing /home/airflow/.local/lib/python3.7/site-packages/airflow/example_dags/example_task_group.py took 0.199 seconds
[2024-02-28T18:50:40.100+0000] {processor.py:157} INFO - Started process (PID=2225) to work on /home/airflow/.local/lib/python3.7/site-packages/airflow/example_dags/example_task_group.py
[2024-02-28T18:50:40.102+0000] {processor.py:826} INFO - Processing file /home/airflow/.local/lib/python3.7/site-packages/airflow/example_dags/example_task_group.py for tasks to queue
[2024-02-28T18:50:40.104+0000] {logging_mixin.py:150} INFO - [2024-02-28T18:50:40.104+0000] {dagbag.py:541} INFO - Filling up the DagBag from /home/airflow/.local/lib/python3.7/site-packages/airflow/example_dags/example_task_group.py
[2024-02-28T18:50:40.113+0000] {processor.py:836} INFO - DAG(s) dict_keys(['example_task_group']) retrieved from /home/airflow/.local/lib/python3.7/site-packages/airflow/example_dags/example_task_group.py
[2024-02-28T18:50:40.142+0000] {logging_mixin.py:150} INFO - [2024-02-28T18:50:40.141+0000] {dag.py:2742} INFO - Sync 1 DAGs
[2024-02-28T18:50:40.164+0000] {logging_mixin.py:150} INFO - [2024-02-28T18:50:40.163+0000] {dag.py:3508} INFO - Setting next_dagrun for example_task_group to 2024-02-27T18:50:40.163678+00:00, run_after=2024-02-28T18:50:40.163678+00:00
[2024-02-28T18:50:40.180+0000] {processor.py:179} INFO - Processing /home/airflow/.local/lib/python3.7/site-packages/airflow/example_dags/example_task_group.py took 0.084 seconds
[2024-02-28T18:51:11.124+0000] {processor.py:157} INFO - Started process (PID=2292) to work on /home/airflow/.local/lib/python3.7/site-packages/airflow/example_dags/example_task_group.py
[2024-02-28T18:51:11.129+0000] {processor.py:826} INFO - Processing file /home/airflow/.local/lib/python3.7/site-packages/airflow/example_dags/example_task_group.py for tasks to queue
[2024-02-28T18:51:11.132+0000] {logging_mixin.py:150} INFO - [2024-02-28T18:51:11.131+0000] {dagbag.py:541} INFO - Filling up the DagBag from /home/airflow/.local/lib/python3.7/site-packages/airflow/example_dags/example_task_group.py
[2024-02-28T18:51:11.157+0000] {processor.py:836} INFO - DAG(s) dict_keys(['example_task_group']) retrieved from /home/airflow/.local/lib/python3.7/site-packages/airflow/example_dags/example_task_group.py
[2024-02-28T18:51:11.234+0000] {logging_mixin.py:150} INFO - [2024-02-28T18:51:11.234+0000] {dag.py:2742} INFO - Sync 1 DAGs
[2024-02-28T18:51:11.336+0000] {logging_mixin.py:150} INFO - [2024-02-28T18:51:11.336+0000] {dag.py:3508} INFO - Setting next_dagrun for example_task_group to 2024-02-27T18:51:11.336207+00:00, run_after=2024-02-28T18:51:11.336207+00:00
[2024-02-28T18:51:11.419+0000] {processor.py:179} INFO - Processing /home/airflow/.local/lib/python3.7/site-packages/airflow/example_dags/example_task_group.py took 0.301 seconds
[2024-02-28T18:51:41.758+0000] {processor.py:157} INFO - Started process (PID=2355) to work on /home/airflow/.local/lib/python3.7/site-packages/airflow/example_dags/example_task_group.py
[2024-02-28T18:51:41.761+0000] {processor.py:826} INFO - Processing file /home/airflow/.local/lib/python3.7/site-packages/airflow/example_dags/example_task_group.py for tasks to queue
[2024-02-28T18:51:41.766+0000] {logging_mixin.py:150} INFO - [2024-02-28T18:51:41.765+0000] {dagbag.py:541} INFO - Filling up the DagBag from /home/airflow/.local/lib/python3.7/site-packages/airflow/example_dags/example_task_group.py
[2024-02-28T18:51:41.780+0000] {processor.py:836} INFO - DAG(s) dict_keys(['example_task_group']) retrieved from /home/airflow/.local/lib/python3.7/site-packages/airflow/example_dags/example_task_group.py
[2024-02-28T18:51:41.813+0000] {logging_mixin.py:150} INFO - [2024-02-28T18:51:41.813+0000] {dag.py:2742} INFO - Sync 1 DAGs
[2024-02-28T18:51:41.842+0000] {logging_mixin.py:150} INFO - [2024-02-28T18:51:41.842+0000] {dag.py:3508} INFO - Setting next_dagrun for example_task_group to 2024-02-27T18:51:41.842029+00:00, run_after=2024-02-28T18:51:41.842029+00:00
[2024-02-28T18:51:41.869+0000] {processor.py:179} INFO - Processing /home/airflow/.local/lib/python3.7/site-packages/airflow/example_dags/example_task_group.py took 0.115 seconds
[2024-02-28T18:52:13.935+0000] {processor.py:157} INFO - Started process (PID=2426) to work on /home/airflow/.local/lib/python3.7/site-packages/airflow/example_dags/example_task_group.py
[2024-02-28T18:52:13.938+0000] {processor.py:826} INFO - Processing file /home/airflow/.local/lib/python3.7/site-packages/airflow/example_dags/example_task_group.py for tasks to queue
[2024-02-28T18:52:13.940+0000] {logging_mixin.py:150} INFO - [2024-02-28T18:52:13.940+0000] {dagbag.py:541} INFO - Filling up the DagBag from /home/airflow/.local/lib/python3.7/site-packages/airflow/example_dags/example_task_group.py
[2024-02-28T18:52:13.957+0000] {processor.py:836} INFO - DAG(s) dict_keys(['example_task_group']) retrieved from /home/airflow/.local/lib/python3.7/site-packages/airflow/example_dags/example_task_group.py
[2024-02-28T18:52:14.011+0000] {logging_mixin.py:150} INFO - [2024-02-28T18:52:14.011+0000] {dag.py:2742} INFO - Sync 1 DAGs
[2024-02-28T18:52:14.048+0000] {logging_mixin.py:150} INFO - [2024-02-28T18:52:14.047+0000] {dag.py:3508} INFO - Setting next_dagrun for example_task_group to 2024-02-27T18:52:14.047372+00:00, run_after=2024-02-28T18:52:14.047372+00:00
[2024-02-28T18:52:14.069+0000] {processor.py:179} INFO - Processing /home/airflow/.local/lib/python3.7/site-packages/airflow/example_dags/example_task_group.py took 0.140 seconds
[2024-02-28T18:52:44.479+0000] {processor.py:157} INFO - Started process (PID=2489) to work on /home/airflow/.local/lib/python3.7/site-packages/airflow/example_dags/example_task_group.py
[2024-02-28T18:52:44.482+0000] {processor.py:826} INFO - Processing file /home/airflow/.local/lib/python3.7/site-packages/airflow/example_dags/example_task_group.py for tasks to queue
[2024-02-28T18:52:44.484+0000] {logging_mixin.py:150} INFO - [2024-02-28T18:52:44.484+0000] {dagbag.py:541} INFO - Filling up the DagBag from /home/airflow/.local/lib/python3.7/site-packages/airflow/example_dags/example_task_group.py
[2024-02-28T18:52:44.495+0000] {processor.py:836} INFO - DAG(s) dict_keys(['example_task_group']) retrieved from /home/airflow/.local/lib/python3.7/site-packages/airflow/example_dags/example_task_group.py
[2024-02-28T18:52:44.543+0000] {logging_mixin.py:150} INFO - [2024-02-28T18:52:44.543+0000] {dag.py:2742} INFO - Sync 1 DAGs
[2024-02-28T18:52:44.588+0000] {logging_mixin.py:150} INFO - [2024-02-28T18:52:44.588+0000] {dag.py:3508} INFO - Setting next_dagrun for example_task_group to 2024-02-27T18:52:44.588105+00:00, run_after=2024-02-28T18:52:44.588105+00:00
[2024-02-28T18:52:44.616+0000] {processor.py:179} INFO - Processing /home/airflow/.local/lib/python3.7/site-packages/airflow/example_dags/example_task_group.py took 0.142 seconds
