[2024-02-28T18:33:10.803+0000] {processor.py:157} INFO - Started process (PID=51) to work on /home/airflow/.local/lib/python3.7/site-packages/airflow/example_dags/example_task_group_decorator.py
[2024-02-28T18:33:10.815+0000] {processor.py:826} INFO - Processing file /home/airflow/.local/lib/python3.7/site-packages/airflow/example_dags/example_task_group_decorator.py for tasks to queue
[2024-02-28T18:33:10.830+0000] {logging_mixin.py:150} INFO - [2024-02-28T18:33:10.828+0000] {dagbag.py:541} INFO - Filling up the DagBag from /home/airflow/.local/lib/python3.7/site-packages/airflow/example_dags/example_task_group_decorator.py
[2024-02-28T18:33:10.874+0000] {processor.py:836} INFO - DAG(s) dict_keys(['example_task_group_decorator']) retrieved from /home/airflow/.local/lib/python3.7/site-packages/airflow/example_dags/example_task_group_decorator.py
[2024-02-28T18:33:10.921+0000] {logging_mixin.py:150} INFO - [2024-02-28T18:33:10.920+0000] {dag.py:2742} INFO - Sync 1 DAGs
[2024-02-28T18:33:10.997+0000] {logging_mixin.py:150} INFO - [2024-02-28T18:33:10.996+0000] {dag.py:3508} INFO - Setting next_dagrun for example_task_group_decorator to 2024-02-27T18:33:10.996070+00:00, run_after=2024-02-28T18:33:10.996070+00:00
[2024-02-28T18:33:11.063+0000] {processor.py:179} INFO - Processing /home/airflow/.local/lib/python3.7/site-packages/airflow/example_dags/example_task_group_decorator.py took 0.266 seconds
[2024-02-28T18:33:41.518+0000] {processor.py:157} INFO - Started process (PID=114) to work on /home/airflow/.local/lib/python3.7/site-packages/airflow/example_dags/example_task_group_decorator.py
[2024-02-28T18:33:41.521+0000] {processor.py:826} INFO - Processing file /home/airflow/.local/lib/python3.7/site-packages/airflow/example_dags/example_task_group_decorator.py for tasks to queue
[2024-02-28T18:33:41.524+0000] {logging_mixin.py:150} INFO - [2024-02-28T18:33:41.523+0000] {dagbag.py:541} INFO - Filling up the DagBag from /home/airflow/.local/lib/python3.7/site-packages/airflow/example_dags/example_task_group_decorator.py
[2024-02-28T18:33:41.545+0000] {processor.py:836} INFO - DAG(s) dict_keys(['example_task_group_decorator']) retrieved from /home/airflow/.local/lib/python3.7/site-packages/airflow/example_dags/example_task_group_decorator.py
[2024-02-28T18:33:41.572+0000] {logging_mixin.py:150} INFO - [2024-02-28T18:33:41.572+0000] {dag.py:2742} INFO - Sync 1 DAGs
[2024-02-28T18:33:41.593+0000] {logging_mixin.py:150} INFO - [2024-02-28T18:33:41.593+0000] {dag.py:3508} INFO - Setting next_dagrun for example_task_group_decorator to 2024-02-27T18:33:41.592879+00:00, run_after=2024-02-28T18:33:41.592879+00:00
[2024-02-28T18:33:41.609+0000] {processor.py:179} INFO - Processing /home/airflow/.local/lib/python3.7/site-packages/airflow/example_dags/example_task_group_decorator.py took 0.094 seconds
[2024-02-28T18:34:11.707+0000] {processor.py:157} INFO - Started process (PID=177) to work on /home/airflow/.local/lib/python3.7/site-packages/airflow/example_dags/example_task_group_decorator.py
[2024-02-28T18:34:11.709+0000] {processor.py:826} INFO - Processing file /home/airflow/.local/lib/python3.7/site-packages/airflow/example_dags/example_task_group_decorator.py for tasks to queue
[2024-02-28T18:34:11.710+0000] {logging_mixin.py:150} INFO - [2024-02-28T18:34:11.710+0000] {dagbag.py:541} INFO - Filling up the DagBag from /home/airflow/.local/lib/python3.7/site-packages/airflow/example_dags/example_task_group_decorator.py
[2024-02-28T18:34:11.724+0000] {processor.py:836} INFO - DAG(s) dict_keys(['example_task_group_decorator']) retrieved from /home/airflow/.local/lib/python3.7/site-packages/airflow/example_dags/example_task_group_decorator.py
[2024-02-28T18:34:11.749+0000] {logging_mixin.py:150} INFO - [2024-02-28T18:34:11.749+0000] {dag.py:2742} INFO - Sync 1 DAGs
[2024-02-28T18:34:11.772+0000] {logging_mixin.py:150} INFO - [2024-02-28T18:34:11.772+0000] {dag.py:3508} INFO - Setting next_dagrun for example_task_group_decorator to 2024-02-27T18:34:11.771722+00:00, run_after=2024-02-28T18:34:11.771722+00:00
[2024-02-28T18:34:11.786+0000] {processor.py:179} INFO - Processing /home/airflow/.local/lib/python3.7/site-packages/airflow/example_dags/example_task_group_decorator.py took 0.082 seconds
[2024-02-28T18:34:42.818+0000] {processor.py:157} INFO - Started process (PID=240) to work on /home/airflow/.local/lib/python3.7/site-packages/airflow/example_dags/example_task_group_decorator.py
[2024-02-28T18:34:42.821+0000] {processor.py:826} INFO - Processing file /home/airflow/.local/lib/python3.7/site-packages/airflow/example_dags/example_task_group_decorator.py for tasks to queue
[2024-02-28T18:34:42.823+0000] {logging_mixin.py:150} INFO - [2024-02-28T18:34:42.822+0000] {dagbag.py:541} INFO - Filling up the DagBag from /home/airflow/.local/lib/python3.7/site-packages/airflow/example_dags/example_task_group_decorator.py
[2024-02-28T18:34:42.838+0000] {processor.py:836} INFO - DAG(s) dict_keys(['example_task_group_decorator']) retrieved from /home/airflow/.local/lib/python3.7/site-packages/airflow/example_dags/example_task_group_decorator.py
[2024-02-28T18:34:42.868+0000] {logging_mixin.py:150} INFO - [2024-02-28T18:34:42.868+0000] {dag.py:2742} INFO - Sync 1 DAGs
[2024-02-28T18:34:42.912+0000] {logging_mixin.py:150} INFO - [2024-02-28T18:34:42.911+0000] {dag.py:3508} INFO - Setting next_dagrun for example_task_group_decorator to 2024-02-27T18:34:42.911354+00:00, run_after=2024-02-28T18:34:42.911354+00:00
[2024-02-28T18:34:42.969+0000] {processor.py:179} INFO - Processing /home/airflow/.local/lib/python3.7/site-packages/airflow/example_dags/example_task_group_decorator.py took 0.153 seconds
[2024-02-28T18:35:14.000+0000] {processor.py:157} INFO - Started process (PID=304) to work on /home/airflow/.local/lib/python3.7/site-packages/airflow/example_dags/example_task_group_decorator.py
[2024-02-28T18:35:14.001+0000] {processor.py:826} INFO - Processing file /home/airflow/.local/lib/python3.7/site-packages/airflow/example_dags/example_task_group_decorator.py for tasks to queue
[2024-02-28T18:35:14.003+0000] {logging_mixin.py:150} INFO - [2024-02-28T18:35:14.003+0000] {dagbag.py:541} INFO - Filling up the DagBag from /home/airflow/.local/lib/python3.7/site-packages/airflow/example_dags/example_task_group_decorator.py
[2024-02-28T18:35:14.015+0000] {processor.py:836} INFO - DAG(s) dict_keys(['example_task_group_decorator']) retrieved from /home/airflow/.local/lib/python3.7/site-packages/airflow/example_dags/example_task_group_decorator.py
[2024-02-28T18:35:14.045+0000] {logging_mixin.py:150} INFO - [2024-02-28T18:35:14.044+0000] {dag.py:2742} INFO - Sync 1 DAGs
[2024-02-28T18:35:14.066+0000] {logging_mixin.py:150} INFO - [2024-02-28T18:35:14.066+0000] {dag.py:3508} INFO - Setting next_dagrun for example_task_group_decorator to 2024-02-27T18:35:14.066571+00:00, run_after=2024-02-28T18:35:14.066571+00:00
[2024-02-28T18:35:14.082+0000] {processor.py:179} INFO - Processing /home/airflow/.local/lib/python3.7/site-packages/airflow/example_dags/example_task_group_decorator.py took 0.086 seconds
[2024-02-28T18:35:44.831+0000] {processor.py:157} INFO - Started process (PID=368) to work on /home/airflow/.local/lib/python3.7/site-packages/airflow/example_dags/example_task_group_decorator.py
[2024-02-28T18:35:44.833+0000] {processor.py:826} INFO - Processing file /home/airflow/.local/lib/python3.7/site-packages/airflow/example_dags/example_task_group_decorator.py for tasks to queue
[2024-02-28T18:35:44.835+0000] {logging_mixin.py:150} INFO - [2024-02-28T18:35:44.834+0000] {dagbag.py:541} INFO - Filling up the DagBag from /home/airflow/.local/lib/python3.7/site-packages/airflow/example_dags/example_task_group_decorator.py
[2024-02-28T18:35:44.850+0000] {processor.py:836} INFO - DAG(s) dict_keys(['example_task_group_decorator']) retrieved from /home/airflow/.local/lib/python3.7/site-packages/airflow/example_dags/example_task_group_decorator.py
[2024-02-28T18:35:44.892+0000] {logging_mixin.py:150} INFO - [2024-02-28T18:35:44.892+0000] {dag.py:2742} INFO - Sync 1 DAGs
[2024-02-28T18:35:44.922+0000] {logging_mixin.py:150} INFO - [2024-02-28T18:35:44.922+0000] {dag.py:3508} INFO - Setting next_dagrun for example_task_group_decorator to 2024-02-27T18:35:44.922021+00:00, run_after=2024-02-28T18:35:44.922021+00:00
[2024-02-28T18:35:44.943+0000] {processor.py:179} INFO - Processing /home/airflow/.local/lib/python3.7/site-packages/airflow/example_dags/example_task_group_decorator.py took 0.115 seconds
[2024-02-28T18:36:15.953+0000] {processor.py:157} INFO - Started process (PID=431) to work on /home/airflow/.local/lib/python3.7/site-packages/airflow/example_dags/example_task_group_decorator.py
[2024-02-28T18:36:15.957+0000] {processor.py:826} INFO - Processing file /home/airflow/.local/lib/python3.7/site-packages/airflow/example_dags/example_task_group_decorator.py for tasks to queue
[2024-02-28T18:36:15.960+0000] {logging_mixin.py:150} INFO - [2024-02-28T18:36:15.959+0000] {dagbag.py:541} INFO - Filling up the DagBag from /home/airflow/.local/lib/python3.7/site-packages/airflow/example_dags/example_task_group_decorator.py
[2024-02-28T18:36:15.976+0000] {processor.py:836} INFO - DAG(s) dict_keys(['example_task_group_decorator']) retrieved from /home/airflow/.local/lib/python3.7/site-packages/airflow/example_dags/example_task_group_decorator.py
[2024-02-28T18:36:16.007+0000] {logging_mixin.py:150} INFO - [2024-02-28T18:36:16.007+0000] {dag.py:2742} INFO - Sync 1 DAGs
[2024-02-28T18:36:16.030+0000] {logging_mixin.py:150} INFO - [2024-02-28T18:36:16.029+0000] {dag.py:3508} INFO - Setting next_dagrun for example_task_group_decorator to 2024-02-27T18:36:16.029556+00:00, run_after=2024-02-28T18:36:16.029556+00:00
[2024-02-28T18:36:16.045+0000] {processor.py:179} INFO - Processing /home/airflow/.local/lib/python3.7/site-packages/airflow/example_dags/example_task_group_decorator.py took 0.095 seconds
[2024-02-28T18:36:47.939+0000] {processor.py:157} INFO - Started process (PID=494) to work on /home/airflow/.local/lib/python3.7/site-packages/airflow/example_dags/example_task_group_decorator.py
[2024-02-28T18:36:47.941+0000] {processor.py:826} INFO - Processing file /home/airflow/.local/lib/python3.7/site-packages/airflow/example_dags/example_task_group_decorator.py for tasks to queue
[2024-02-28T18:36:47.943+0000] {logging_mixin.py:150} INFO - [2024-02-28T18:36:47.943+0000] {dagbag.py:541} INFO - Filling up the DagBag from /home/airflow/.local/lib/python3.7/site-packages/airflow/example_dags/example_task_group_decorator.py
[2024-02-28T18:36:47.957+0000] {processor.py:836} INFO - DAG(s) dict_keys(['example_task_group_decorator']) retrieved from /home/airflow/.local/lib/python3.7/site-packages/airflow/example_dags/example_task_group_decorator.py
[2024-02-28T18:36:47.984+0000] {logging_mixin.py:150} INFO - [2024-02-28T18:36:47.984+0000] {dag.py:2742} INFO - Sync 1 DAGs
[2024-02-28T18:36:48.003+0000] {logging_mixin.py:150} INFO - [2024-02-28T18:36:48.003+0000] {dag.py:3508} INFO - Setting next_dagrun for example_task_group_decorator to 2024-02-27T18:36:48.003196+00:00, run_after=2024-02-28T18:36:48.003196+00:00
[2024-02-28T18:36:48.021+0000] {processor.py:179} INFO - Processing /home/airflow/.local/lib/python3.7/site-packages/airflow/example_dags/example_task_group_decorator.py took 0.086 seconds
[2024-02-28T18:37:18.503+0000] {processor.py:157} INFO - Started process (PID=557) to work on /home/airflow/.local/lib/python3.7/site-packages/airflow/example_dags/example_task_group_decorator.py
[2024-02-28T18:37:18.507+0000] {processor.py:826} INFO - Processing file /home/airflow/.local/lib/python3.7/site-packages/airflow/example_dags/example_task_group_decorator.py for tasks to queue
[2024-02-28T18:37:18.509+0000] {logging_mixin.py:150} INFO - [2024-02-28T18:37:18.509+0000] {dagbag.py:541} INFO - Filling up the DagBag from /home/airflow/.local/lib/python3.7/site-packages/airflow/example_dags/example_task_group_decorator.py
[2024-02-28T18:37:18.526+0000] {processor.py:836} INFO - DAG(s) dict_keys(['example_task_group_decorator']) retrieved from /home/airflow/.local/lib/python3.7/site-packages/airflow/example_dags/example_task_group_decorator.py
[2024-02-28T18:37:18.567+0000] {logging_mixin.py:150} INFO - [2024-02-28T18:37:18.566+0000] {dag.py:2742} INFO - Sync 1 DAGs
[2024-02-28T18:37:18.598+0000] {logging_mixin.py:150} INFO - [2024-02-28T18:37:18.597+0000] {dag.py:3508} INFO - Setting next_dagrun for example_task_group_decorator to 2024-02-27T18:37:18.597533+00:00, run_after=2024-02-28T18:37:18.597533+00:00
[2024-02-28T18:37:18.620+0000] {processor.py:179} INFO - Processing /home/airflow/.local/lib/python3.7/site-packages/airflow/example_dags/example_task_group_decorator.py took 0.122 seconds
[2024-02-28T18:37:48.777+0000] {processor.py:157} INFO - Started process (PID=620) to work on /home/airflow/.local/lib/python3.7/site-packages/airflow/example_dags/example_task_group_decorator.py
[2024-02-28T18:37:48.779+0000] {processor.py:826} INFO - Processing file /home/airflow/.local/lib/python3.7/site-packages/airflow/example_dags/example_task_group_decorator.py for tasks to queue
[2024-02-28T18:37:48.782+0000] {logging_mixin.py:150} INFO - [2024-02-28T18:37:48.781+0000] {dagbag.py:541} INFO - Filling up the DagBag from /home/airflow/.local/lib/python3.7/site-packages/airflow/example_dags/example_task_group_decorator.py
[2024-02-28T18:37:48.797+0000] {processor.py:836} INFO - DAG(s) dict_keys(['example_task_group_decorator']) retrieved from /home/airflow/.local/lib/python3.7/site-packages/airflow/example_dags/example_task_group_decorator.py
[2024-02-28T18:37:48.827+0000] {logging_mixin.py:150} INFO - [2024-02-28T18:37:48.827+0000] {dag.py:2742} INFO - Sync 1 DAGs
[2024-02-28T18:37:48.848+0000] {logging_mixin.py:150} INFO - [2024-02-28T18:37:48.848+0000] {dag.py:3508} INFO - Setting next_dagrun for example_task_group_decorator to 2024-02-27T18:37:48.848056+00:00, run_after=2024-02-28T18:37:48.848056+00:00
[2024-02-28T18:37:48.866+0000] {processor.py:179} INFO - Processing /home/airflow/.local/lib/python3.7/site-packages/airflow/example_dags/example_task_group_decorator.py took 0.092 seconds
[2024-02-28T18:38:19.261+0000] {processor.py:157} INFO - Started process (PID=682) to work on /home/airflow/.local/lib/python3.7/site-packages/airflow/example_dags/example_task_group_decorator.py
[2024-02-28T18:38:19.265+0000] {processor.py:826} INFO - Processing file /home/airflow/.local/lib/python3.7/site-packages/airflow/example_dags/example_task_group_decorator.py for tasks to queue
[2024-02-28T18:38:19.269+0000] {logging_mixin.py:150} INFO - [2024-02-28T18:38:19.269+0000] {dagbag.py:541} INFO - Filling up the DagBag from /home/airflow/.local/lib/python3.7/site-packages/airflow/example_dags/example_task_group_decorator.py
[2024-02-28T18:38:19.290+0000] {processor.py:836} INFO - DAG(s) dict_keys(['example_task_group_decorator']) retrieved from /home/airflow/.local/lib/python3.7/site-packages/airflow/example_dags/example_task_group_decorator.py
[2024-02-28T18:38:19.336+0000] {logging_mixin.py:150} INFO - [2024-02-28T18:38:19.335+0000] {dag.py:2742} INFO - Sync 1 DAGs
[2024-02-28T18:38:19.366+0000] {logging_mixin.py:150} INFO - [2024-02-28T18:38:19.366+0000] {dag.py:3508} INFO - Setting next_dagrun for example_task_group_decorator to 2024-02-27T18:38:19.365930+00:00, run_after=2024-02-28T18:38:19.365930+00:00
[2024-02-28T18:38:19.386+0000] {processor.py:179} INFO - Processing /home/airflow/.local/lib/python3.7/site-packages/airflow/example_dags/example_task_group_decorator.py took 0.129 seconds
[2024-02-28T18:38:50.115+0000] {processor.py:157} INFO - Started process (PID=744) to work on /home/airflow/.local/lib/python3.7/site-packages/airflow/example_dags/example_task_group_decorator.py
[2024-02-28T18:38:50.118+0000] {processor.py:826} INFO - Processing file /home/airflow/.local/lib/python3.7/site-packages/airflow/example_dags/example_task_group_decorator.py for tasks to queue
[2024-02-28T18:38:50.120+0000] {logging_mixin.py:150} INFO - [2024-02-28T18:38:50.120+0000] {dagbag.py:541} INFO - Filling up the DagBag from /home/airflow/.local/lib/python3.7/site-packages/airflow/example_dags/example_task_group_decorator.py
[2024-02-28T18:38:50.139+0000] {processor.py:836} INFO - DAG(s) dict_keys(['example_task_group_decorator']) retrieved from /home/airflow/.local/lib/python3.7/site-packages/airflow/example_dags/example_task_group_decorator.py
[2024-02-28T18:38:50.173+0000] {logging_mixin.py:150} INFO - [2024-02-28T18:38:50.173+0000] {dag.py:2742} INFO - Sync 1 DAGs
[2024-02-28T18:38:50.203+0000] {logging_mixin.py:150} INFO - [2024-02-28T18:38:50.203+0000] {dag.py:3508} INFO - Setting next_dagrun for example_task_group_decorator to 2024-02-27T18:38:50.202841+00:00, run_after=2024-02-28T18:38:50.202841+00:00
[2024-02-28T18:38:50.234+0000] {processor.py:179} INFO - Processing /home/airflow/.local/lib/python3.7/site-packages/airflow/example_dags/example_task_group_decorator.py took 0.122 seconds
[2024-02-28T18:39:20.957+0000] {processor.py:157} INFO - Started process (PID=807) to work on /home/airflow/.local/lib/python3.7/site-packages/airflow/example_dags/example_task_group_decorator.py
[2024-02-28T18:39:20.959+0000] {processor.py:826} INFO - Processing file /home/airflow/.local/lib/python3.7/site-packages/airflow/example_dags/example_task_group_decorator.py for tasks to queue
[2024-02-28T18:39:20.961+0000] {logging_mixin.py:150} INFO - [2024-02-28T18:39:20.960+0000] {dagbag.py:541} INFO - Filling up the DagBag from /home/airflow/.local/lib/python3.7/site-packages/airflow/example_dags/example_task_group_decorator.py
[2024-02-28T18:39:20.980+0000] {processor.py:836} INFO - DAG(s) dict_keys(['example_task_group_decorator']) retrieved from /home/airflow/.local/lib/python3.7/site-packages/airflow/example_dags/example_task_group_decorator.py
[2024-02-28T18:39:21.018+0000] {logging_mixin.py:150} INFO - [2024-02-28T18:39:21.018+0000] {dag.py:2742} INFO - Sync 1 DAGs
[2024-02-28T18:39:21.052+0000] {logging_mixin.py:150} INFO - [2024-02-28T18:39:21.052+0000] {dag.py:3508} INFO - Setting next_dagrun for example_task_group_decorator to 2024-02-27T18:39:21.051931+00:00, run_after=2024-02-28T18:39:21.051931+00:00
[2024-02-28T18:39:21.090+0000] {processor.py:179} INFO - Processing /home/airflow/.local/lib/python3.7/site-packages/airflow/example_dags/example_task_group_decorator.py took 0.137 seconds
[2024-02-28T18:39:51.450+0000] {processor.py:157} INFO - Started process (PID=871) to work on /home/airflow/.local/lib/python3.7/site-packages/airflow/example_dags/example_task_group_decorator.py
[2024-02-28T18:39:51.452+0000] {processor.py:826} INFO - Processing file /home/airflow/.local/lib/python3.7/site-packages/airflow/example_dags/example_task_group_decorator.py for tasks to queue
[2024-02-28T18:39:51.453+0000] {logging_mixin.py:150} INFO - [2024-02-28T18:39:51.453+0000] {dagbag.py:541} INFO - Filling up the DagBag from /home/airflow/.local/lib/python3.7/site-packages/airflow/example_dags/example_task_group_decorator.py
[2024-02-28T18:39:51.470+0000] {processor.py:836} INFO - DAG(s) dict_keys(['example_task_group_decorator']) retrieved from /home/airflow/.local/lib/python3.7/site-packages/airflow/example_dags/example_task_group_decorator.py
[2024-02-28T18:39:51.506+0000] {logging_mixin.py:150} INFO - [2024-02-28T18:39:51.506+0000] {dag.py:2742} INFO - Sync 1 DAGs
[2024-02-28T18:39:51.534+0000] {logging_mixin.py:150} INFO - [2024-02-28T18:39:51.534+0000] {dag.py:3508} INFO - Setting next_dagrun for example_task_group_decorator to 2024-02-27T18:39:51.534227+00:00, run_after=2024-02-28T18:39:51.534227+00:00
[2024-02-28T18:39:51.550+0000] {processor.py:179} INFO - Processing /home/airflow/.local/lib/python3.7/site-packages/airflow/example_dags/example_task_group_decorator.py took 0.103 seconds
[2024-02-28T18:40:22.264+0000] {processor.py:157} INFO - Started process (PID=934) to work on /home/airflow/.local/lib/python3.7/site-packages/airflow/example_dags/example_task_group_decorator.py
[2024-02-28T18:40:22.266+0000] {processor.py:826} INFO - Processing file /home/airflow/.local/lib/python3.7/site-packages/airflow/example_dags/example_task_group_decorator.py for tasks to queue
[2024-02-28T18:40:22.268+0000] {logging_mixin.py:150} INFO - [2024-02-28T18:40:22.268+0000] {dagbag.py:541} INFO - Filling up the DagBag from /home/airflow/.local/lib/python3.7/site-packages/airflow/example_dags/example_task_group_decorator.py
[2024-02-28T18:40:22.281+0000] {processor.py:836} INFO - DAG(s) dict_keys(['example_task_group_decorator']) retrieved from /home/airflow/.local/lib/python3.7/site-packages/airflow/example_dags/example_task_group_decorator.py
[2024-02-28T18:40:22.313+0000] {logging_mixin.py:150} INFO - [2024-02-28T18:40:22.313+0000] {dag.py:2742} INFO - Sync 1 DAGs
[2024-02-28T18:40:22.334+0000] {logging_mixin.py:150} INFO - [2024-02-28T18:40:22.334+0000] {dag.py:3508} INFO - Setting next_dagrun for example_task_group_decorator to 2024-02-27T18:40:22.334062+00:00, run_after=2024-02-28T18:40:22.334062+00:00
[2024-02-28T18:40:22.349+0000] {processor.py:179} INFO - Processing /home/airflow/.local/lib/python3.7/site-packages/airflow/example_dags/example_task_group_decorator.py took 0.089 seconds
[2024-02-28T18:40:52.922+0000] {processor.py:157} INFO - Started process (PID=997) to work on /home/airflow/.local/lib/python3.7/site-packages/airflow/example_dags/example_task_group_decorator.py
[2024-02-28T18:40:52.924+0000] {processor.py:826} INFO - Processing file /home/airflow/.local/lib/python3.7/site-packages/airflow/example_dags/example_task_group_decorator.py for tasks to queue
[2024-02-28T18:40:52.926+0000] {logging_mixin.py:150} INFO - [2024-02-28T18:40:52.925+0000] {dagbag.py:541} INFO - Filling up the DagBag from /home/airflow/.local/lib/python3.7/site-packages/airflow/example_dags/example_task_group_decorator.py
[2024-02-28T18:40:52.939+0000] {processor.py:836} INFO - DAG(s) dict_keys(['example_task_group_decorator']) retrieved from /home/airflow/.local/lib/python3.7/site-packages/airflow/example_dags/example_task_group_decorator.py
[2024-02-28T18:40:52.970+0000] {logging_mixin.py:150} INFO - [2024-02-28T18:40:52.969+0000] {dag.py:2742} INFO - Sync 1 DAGs
[2024-02-28T18:40:52.992+0000] {logging_mixin.py:150} INFO - [2024-02-28T18:40:52.992+0000] {dag.py:3508} INFO - Setting next_dagrun for example_task_group_decorator to 2024-02-27T18:40:52.992038+00:00, run_after=2024-02-28T18:40:52.992038+00:00
[2024-02-28T18:40:53.014+0000] {processor.py:179} INFO - Processing /home/airflow/.local/lib/python3.7/site-packages/airflow/example_dags/example_task_group_decorator.py took 0.095 seconds
[2024-02-28T18:41:23.321+0000] {processor.py:157} INFO - Started process (PID=1060) to work on /home/airflow/.local/lib/python3.7/site-packages/airflow/example_dags/example_task_group_decorator.py
[2024-02-28T18:41:23.323+0000] {processor.py:826} INFO - Processing file /home/airflow/.local/lib/python3.7/site-packages/airflow/example_dags/example_task_group_decorator.py for tasks to queue
[2024-02-28T18:41:23.325+0000] {logging_mixin.py:150} INFO - [2024-02-28T18:41:23.324+0000] {dagbag.py:541} INFO - Filling up the DagBag from /home/airflow/.local/lib/python3.7/site-packages/airflow/example_dags/example_task_group_decorator.py
[2024-02-28T18:41:23.339+0000] {processor.py:836} INFO - DAG(s) dict_keys(['example_task_group_decorator']) retrieved from /home/airflow/.local/lib/python3.7/site-packages/airflow/example_dags/example_task_group_decorator.py
[2024-02-28T18:41:23.375+0000] {logging_mixin.py:150} INFO - [2024-02-28T18:41:23.374+0000] {dag.py:2742} INFO - Sync 1 DAGs
[2024-02-28T18:41:23.419+0000] {logging_mixin.py:150} INFO - [2024-02-28T18:41:23.419+0000] {dag.py:3508} INFO - Setting next_dagrun for example_task_group_decorator to 2024-02-27T18:41:23.418823+00:00, run_after=2024-02-28T18:41:23.418823+00:00
[2024-02-28T18:41:23.439+0000] {processor.py:179} INFO - Processing /home/airflow/.local/lib/python3.7/site-packages/airflow/example_dags/example_task_group_decorator.py took 0.121 seconds
[2024-02-28T18:41:53.795+0000] {processor.py:157} INFO - Started process (PID=1123) to work on /home/airflow/.local/lib/python3.7/site-packages/airflow/example_dags/example_task_group_decorator.py
[2024-02-28T18:41:53.797+0000] {processor.py:826} INFO - Processing file /home/airflow/.local/lib/python3.7/site-packages/airflow/example_dags/example_task_group_decorator.py for tasks to queue
[2024-02-28T18:41:53.798+0000] {logging_mixin.py:150} INFO - [2024-02-28T18:41:53.798+0000] {dagbag.py:541} INFO - Filling up the DagBag from /home/airflow/.local/lib/python3.7/site-packages/airflow/example_dags/example_task_group_decorator.py
[2024-02-28T18:41:53.813+0000] {processor.py:836} INFO - DAG(s) dict_keys(['example_task_group_decorator']) retrieved from /home/airflow/.local/lib/python3.7/site-packages/airflow/example_dags/example_task_group_decorator.py
[2024-02-28T18:41:53.843+0000] {logging_mixin.py:150} INFO - [2024-02-28T18:41:53.843+0000] {dag.py:2742} INFO - Sync 1 DAGs
[2024-02-28T18:41:53.863+0000] {logging_mixin.py:150} INFO - [2024-02-28T18:41:53.863+0000] {dag.py:3508} INFO - Setting next_dagrun for example_task_group_decorator to 2024-02-27T18:41:53.862993+00:00, run_after=2024-02-28T18:41:53.862993+00:00
[2024-02-28T18:41:53.880+0000] {processor.py:179} INFO - Processing /home/airflow/.local/lib/python3.7/site-packages/airflow/example_dags/example_task_group_decorator.py took 0.088 seconds
[2024-02-28T18:42:24.407+0000] {processor.py:157} INFO - Started process (PID=1186) to work on /home/airflow/.local/lib/python3.7/site-packages/airflow/example_dags/example_task_group_decorator.py
[2024-02-28T18:42:24.411+0000] {processor.py:826} INFO - Processing file /home/airflow/.local/lib/python3.7/site-packages/airflow/example_dags/example_task_group_decorator.py for tasks to queue
[2024-02-28T18:42:24.413+0000] {logging_mixin.py:150} INFO - [2024-02-28T18:42:24.412+0000] {dagbag.py:541} INFO - Filling up the DagBag from /home/airflow/.local/lib/python3.7/site-packages/airflow/example_dags/example_task_group_decorator.py
[2024-02-28T18:42:24.431+0000] {processor.py:836} INFO - DAG(s) dict_keys(['example_task_group_decorator']) retrieved from /home/airflow/.local/lib/python3.7/site-packages/airflow/example_dags/example_task_group_decorator.py
[2024-02-28T18:42:24.463+0000] {logging_mixin.py:150} INFO - [2024-02-28T18:42:24.463+0000] {dag.py:2742} INFO - Sync 1 DAGs
[2024-02-28T18:42:24.490+0000] {logging_mixin.py:150} INFO - [2024-02-28T18:42:24.490+0000] {dag.py:3508} INFO - Setting next_dagrun for example_task_group_decorator to 2024-02-27T18:42:24.490291+00:00, run_after=2024-02-28T18:42:24.490291+00:00
[2024-02-28T18:42:24.512+0000] {processor.py:179} INFO - Processing /home/airflow/.local/lib/python3.7/site-packages/airflow/example_dags/example_task_group_decorator.py took 0.111 seconds
[2024-02-28T18:42:55.537+0000] {processor.py:157} INFO - Started process (PID=1249) to work on /home/airflow/.local/lib/python3.7/site-packages/airflow/example_dags/example_task_group_decorator.py
[2024-02-28T18:42:55.540+0000] {processor.py:826} INFO - Processing file /home/airflow/.local/lib/python3.7/site-packages/airflow/example_dags/example_task_group_decorator.py for tasks to queue
[2024-02-28T18:42:55.544+0000] {logging_mixin.py:150} INFO - [2024-02-28T18:42:55.543+0000] {dagbag.py:541} INFO - Filling up the DagBag from /home/airflow/.local/lib/python3.7/site-packages/airflow/example_dags/example_task_group_decorator.py
[2024-02-28T18:42:55.557+0000] {processor.py:836} INFO - DAG(s) dict_keys(['example_task_group_decorator']) retrieved from /home/airflow/.local/lib/python3.7/site-packages/airflow/example_dags/example_task_group_decorator.py
[2024-02-28T18:42:55.621+0000] {logging_mixin.py:150} INFO - [2024-02-28T18:42:55.620+0000] {dag.py:2742} INFO - Sync 1 DAGs
[2024-02-28T18:42:55.648+0000] {logging_mixin.py:150} INFO - [2024-02-28T18:42:55.648+0000] {dag.py:3508} INFO - Setting next_dagrun for example_task_group_decorator to 2024-02-27T18:42:55.648060+00:00, run_after=2024-02-28T18:42:55.648060+00:00
[2024-02-28T18:42:55.669+0000] {processor.py:179} INFO - Processing /home/airflow/.local/lib/python3.7/site-packages/airflow/example_dags/example_task_group_decorator.py took 0.136 seconds
[2024-02-28T18:43:25.976+0000] {processor.py:157} INFO - Started process (PID=1312) to work on /home/airflow/.local/lib/python3.7/site-packages/airflow/example_dags/example_task_group_decorator.py
[2024-02-28T18:43:25.978+0000] {processor.py:826} INFO - Processing file /home/airflow/.local/lib/python3.7/site-packages/airflow/example_dags/example_task_group_decorator.py for tasks to queue
[2024-02-28T18:43:25.982+0000] {logging_mixin.py:150} INFO - [2024-02-28T18:43:25.982+0000] {dagbag.py:541} INFO - Filling up the DagBag from /home/airflow/.local/lib/python3.7/site-packages/airflow/example_dags/example_task_group_decorator.py
[2024-02-28T18:43:25.996+0000] {processor.py:836} INFO - DAG(s) dict_keys(['example_task_group_decorator']) retrieved from /home/airflow/.local/lib/python3.7/site-packages/airflow/example_dags/example_task_group_decorator.py
[2024-02-28T18:43:26.022+0000] {logging_mixin.py:150} INFO - [2024-02-28T18:43:26.022+0000] {dag.py:2742} INFO - Sync 1 DAGs
[2024-02-28T18:43:26.042+0000] {logging_mixin.py:150} INFO - [2024-02-28T18:43:26.042+0000] {dag.py:3508} INFO - Setting next_dagrun for example_task_group_decorator to 2024-02-27T18:43:26.042247+00:00, run_after=2024-02-28T18:43:26.042247+00:00
[2024-02-28T18:43:26.058+0000] {processor.py:179} INFO - Processing /home/airflow/.local/lib/python3.7/site-packages/airflow/example_dags/example_task_group_decorator.py took 0.085 seconds
[2024-02-28T18:43:56.435+0000] {processor.py:157} INFO - Started process (PID=1375) to work on /home/airflow/.local/lib/python3.7/site-packages/airflow/example_dags/example_task_group_decorator.py
[2024-02-28T18:43:56.437+0000] {processor.py:826} INFO - Processing file /home/airflow/.local/lib/python3.7/site-packages/airflow/example_dags/example_task_group_decorator.py for tasks to queue
[2024-02-28T18:43:56.441+0000] {logging_mixin.py:150} INFO - [2024-02-28T18:43:56.441+0000] {dagbag.py:541} INFO - Filling up the DagBag from /home/airflow/.local/lib/python3.7/site-packages/airflow/example_dags/example_task_group_decorator.py
[2024-02-28T18:43:56.455+0000] {processor.py:836} INFO - DAG(s) dict_keys(['example_task_group_decorator']) retrieved from /home/airflow/.local/lib/python3.7/site-packages/airflow/example_dags/example_task_group_decorator.py
[2024-02-28T18:43:56.483+0000] {logging_mixin.py:150} INFO - [2024-02-28T18:43:56.483+0000] {dag.py:2742} INFO - Sync 1 DAGs
[2024-02-28T18:43:56.501+0000] {logging_mixin.py:150} INFO - [2024-02-28T18:43:56.501+0000] {dag.py:3508} INFO - Setting next_dagrun for example_task_group_decorator to 2024-02-27T18:43:56.501395+00:00, run_after=2024-02-28T18:43:56.501395+00:00
[2024-02-28T18:43:56.520+0000] {processor.py:179} INFO - Processing /home/airflow/.local/lib/python3.7/site-packages/airflow/example_dags/example_task_group_decorator.py took 0.088 seconds
[2024-02-28T18:44:28.081+0000] {processor.py:157} INFO - Started process (PID=1438) to work on /home/airflow/.local/lib/python3.7/site-packages/airflow/example_dags/example_task_group_decorator.py
[2024-02-28T18:44:28.084+0000] {processor.py:826} INFO - Processing file /home/airflow/.local/lib/python3.7/site-packages/airflow/example_dags/example_task_group_decorator.py for tasks to queue
[2024-02-28T18:44:28.086+0000] {logging_mixin.py:150} INFO - [2024-02-28T18:44:28.085+0000] {dagbag.py:541} INFO - Filling up the DagBag from /home/airflow/.local/lib/python3.7/site-packages/airflow/example_dags/example_task_group_decorator.py
[2024-02-28T18:44:28.103+0000] {processor.py:836} INFO - DAG(s) dict_keys(['example_task_group_decorator']) retrieved from /home/airflow/.local/lib/python3.7/site-packages/airflow/example_dags/example_task_group_decorator.py
[2024-02-28T18:44:28.139+0000] {logging_mixin.py:150} INFO - [2024-02-28T18:44:28.139+0000] {dag.py:2742} INFO - Sync 1 DAGs
[2024-02-28T18:44:28.172+0000] {logging_mixin.py:150} INFO - [2024-02-28T18:44:28.172+0000] {dag.py:3508} INFO - Setting next_dagrun for example_task_group_decorator to 2024-02-27T18:44:28.171787+00:00, run_after=2024-02-28T18:44:28.171787+00:00
[2024-02-28T18:44:28.192+0000] {processor.py:179} INFO - Processing /home/airflow/.local/lib/python3.7/site-packages/airflow/example_dags/example_task_group_decorator.py took 0.114 seconds
[2024-02-28T18:44:58.382+0000] {processor.py:157} INFO - Started process (PID=1501) to work on /home/airflow/.local/lib/python3.7/site-packages/airflow/example_dags/example_task_group_decorator.py
[2024-02-28T18:44:58.387+0000] {processor.py:826} INFO - Processing file /home/airflow/.local/lib/python3.7/site-packages/airflow/example_dags/example_task_group_decorator.py for tasks to queue
[2024-02-28T18:44:58.389+0000] {logging_mixin.py:150} INFO - [2024-02-28T18:44:58.388+0000] {dagbag.py:541} INFO - Filling up the DagBag from /home/airflow/.local/lib/python3.7/site-packages/airflow/example_dags/example_task_group_decorator.py
[2024-02-28T18:44:58.402+0000] {processor.py:836} INFO - DAG(s) dict_keys(['example_task_group_decorator']) retrieved from /home/airflow/.local/lib/python3.7/site-packages/airflow/example_dags/example_task_group_decorator.py
[2024-02-28T18:44:58.432+0000] {logging_mixin.py:150} INFO - [2024-02-28T18:44:58.431+0000] {dag.py:2742} INFO - Sync 1 DAGs
[2024-02-28T18:44:58.459+0000] {logging_mixin.py:150} INFO - [2024-02-28T18:44:58.459+0000] {dag.py:3508} INFO - Setting next_dagrun for example_task_group_decorator to 2024-02-27T18:44:58.459107+00:00, run_after=2024-02-28T18:44:58.459107+00:00
[2024-02-28T18:44:58.491+0000] {processor.py:179} INFO - Processing /home/airflow/.local/lib/python3.7/site-packages/airflow/example_dags/example_task_group_decorator.py took 0.113 seconds
[2024-02-28T18:45:29.006+0000] {processor.py:157} INFO - Started process (PID=1565) to work on /home/airflow/.local/lib/python3.7/site-packages/airflow/example_dags/example_task_group_decorator.py
[2024-02-28T18:45:29.009+0000] {processor.py:826} INFO - Processing file /home/airflow/.local/lib/python3.7/site-packages/airflow/example_dags/example_task_group_decorator.py for tasks to queue
[2024-02-28T18:45:29.011+0000] {logging_mixin.py:150} INFO - [2024-02-28T18:45:29.010+0000] {dagbag.py:541} INFO - Filling up the DagBag from /home/airflow/.local/lib/python3.7/site-packages/airflow/example_dags/example_task_group_decorator.py
[2024-02-28T18:45:29.027+0000] {processor.py:836} INFO - DAG(s) dict_keys(['example_task_group_decorator']) retrieved from /home/airflow/.local/lib/python3.7/site-packages/airflow/example_dags/example_task_group_decorator.py
[2024-02-28T18:45:29.061+0000] {logging_mixin.py:150} INFO - [2024-02-28T18:45:29.061+0000] {dag.py:2742} INFO - Sync 1 DAGs
[2024-02-28T18:45:29.087+0000] {logging_mixin.py:150} INFO - [2024-02-28T18:45:29.087+0000] {dag.py:3508} INFO - Setting next_dagrun for example_task_group_decorator to 2024-02-27T18:45:29.087302+00:00, run_after=2024-02-28T18:45:29.087302+00:00
[2024-02-28T18:45:29.107+0000] {processor.py:179} INFO - Processing /home/airflow/.local/lib/python3.7/site-packages/airflow/example_dags/example_task_group_decorator.py took 0.106 seconds
[2024-02-28T18:45:59.956+0000] {processor.py:157} INFO - Started process (PID=1628) to work on /home/airflow/.local/lib/python3.7/site-packages/airflow/example_dags/example_task_group_decorator.py
[2024-02-28T18:45:59.958+0000] {processor.py:826} INFO - Processing file /home/airflow/.local/lib/python3.7/site-packages/airflow/example_dags/example_task_group_decorator.py for tasks to queue
[2024-02-28T18:45:59.959+0000] {logging_mixin.py:150} INFO - [2024-02-28T18:45:59.959+0000] {dagbag.py:541} INFO - Filling up the DagBag from /home/airflow/.local/lib/python3.7/site-packages/airflow/example_dags/example_task_group_decorator.py
[2024-02-28T18:45:59.970+0000] {processor.py:836} INFO - DAG(s) dict_keys(['example_task_group_decorator']) retrieved from /home/airflow/.local/lib/python3.7/site-packages/airflow/example_dags/example_task_group_decorator.py
[2024-02-28T18:45:59.994+0000] {logging_mixin.py:150} INFO - [2024-02-28T18:45:59.994+0000] {dag.py:2742} INFO - Sync 1 DAGs
[2024-02-28T18:46:00.012+0000] {logging_mixin.py:150} INFO - [2024-02-28T18:46:00.012+0000] {dag.py:3508} INFO - Setting next_dagrun for example_task_group_decorator to 2024-02-27T18:46:00.012030+00:00, run_after=2024-02-28T18:46:00.012030+00:00
[2024-02-28T18:46:00.027+0000] {processor.py:179} INFO - Processing /home/airflow/.local/lib/python3.7/site-packages/airflow/example_dags/example_task_group_decorator.py took 0.074 seconds
[2024-02-28T18:46:30.281+0000] {processor.py:157} INFO - Started process (PID=1691) to work on /home/airflow/.local/lib/python3.7/site-packages/airflow/example_dags/example_task_group_decorator.py
[2024-02-28T18:46:30.282+0000] {processor.py:826} INFO - Processing file /home/airflow/.local/lib/python3.7/site-packages/airflow/example_dags/example_task_group_decorator.py for tasks to queue
[2024-02-28T18:46:30.284+0000] {logging_mixin.py:150} INFO - [2024-02-28T18:46:30.284+0000] {dagbag.py:541} INFO - Filling up the DagBag from /home/airflow/.local/lib/python3.7/site-packages/airflow/example_dags/example_task_group_decorator.py
[2024-02-28T18:46:30.296+0000] {processor.py:836} INFO - DAG(s) dict_keys(['example_task_group_decorator']) retrieved from /home/airflow/.local/lib/python3.7/site-packages/airflow/example_dags/example_task_group_decorator.py
[2024-02-28T18:46:30.334+0000] {logging_mixin.py:150} INFO - [2024-02-28T18:46:30.333+0000] {dag.py:2742} INFO - Sync 1 DAGs
[2024-02-28T18:46:30.360+0000] {logging_mixin.py:150} INFO - [2024-02-28T18:46:30.359+0000] {dag.py:3508} INFO - Setting next_dagrun for example_task_group_decorator to 2024-02-27T18:46:30.359728+00:00, run_after=2024-02-28T18:46:30.359728+00:00
[2024-02-28T18:46:30.378+0000] {processor.py:179} INFO - Processing /home/airflow/.local/lib/python3.7/site-packages/airflow/example_dags/example_task_group_decorator.py took 0.101 seconds
[2024-02-28T18:47:00.561+0000] {processor.py:157} INFO - Started process (PID=1754) to work on /home/airflow/.local/lib/python3.7/site-packages/airflow/example_dags/example_task_group_decorator.py
[2024-02-28T18:47:00.564+0000] {processor.py:826} INFO - Processing file /home/airflow/.local/lib/python3.7/site-packages/airflow/example_dags/example_task_group_decorator.py for tasks to queue
[2024-02-28T18:47:00.566+0000] {logging_mixin.py:150} INFO - [2024-02-28T18:47:00.566+0000] {dagbag.py:541} INFO - Filling up the DagBag from /home/airflow/.local/lib/python3.7/site-packages/airflow/example_dags/example_task_group_decorator.py
[2024-02-28T18:47:00.585+0000] {processor.py:836} INFO - DAG(s) dict_keys(['example_task_group_decorator']) retrieved from /home/airflow/.local/lib/python3.7/site-packages/airflow/example_dags/example_task_group_decorator.py
[2024-02-28T18:47:00.621+0000] {logging_mixin.py:150} INFO - [2024-02-28T18:47:00.621+0000] {dag.py:2742} INFO - Sync 1 DAGs
[2024-02-28T18:47:00.653+0000] {logging_mixin.py:150} INFO - [2024-02-28T18:47:00.652+0000] {dag.py:3508} INFO - Setting next_dagrun for example_task_group_decorator to 2024-02-27T18:47:00.652556+00:00, run_after=2024-02-28T18:47:00.652556+00:00
[2024-02-28T18:47:00.670+0000] {processor.py:179} INFO - Processing /home/airflow/.local/lib/python3.7/site-packages/airflow/example_dags/example_task_group_decorator.py took 0.118 seconds
[2024-02-28T18:47:30.969+0000] {processor.py:157} INFO - Started process (PID=1817) to work on /home/airflow/.local/lib/python3.7/site-packages/airflow/example_dags/example_task_group_decorator.py
[2024-02-28T18:47:30.972+0000] {processor.py:826} INFO - Processing file /home/airflow/.local/lib/python3.7/site-packages/airflow/example_dags/example_task_group_decorator.py for tasks to queue
[2024-02-28T18:47:30.974+0000] {logging_mixin.py:150} INFO - [2024-02-28T18:47:30.973+0000] {dagbag.py:541} INFO - Filling up the DagBag from /home/airflow/.local/lib/python3.7/site-packages/airflow/example_dags/example_task_group_decorator.py
[2024-02-28T18:47:30.990+0000] {processor.py:836} INFO - DAG(s) dict_keys(['example_task_group_decorator']) retrieved from /home/airflow/.local/lib/python3.7/site-packages/airflow/example_dags/example_task_group_decorator.py
[2024-02-28T18:47:31.020+0000] {logging_mixin.py:150} INFO - [2024-02-28T18:47:31.020+0000] {dag.py:2742} INFO - Sync 1 DAGs
[2024-02-28T18:47:31.054+0000] {logging_mixin.py:150} INFO - [2024-02-28T18:47:31.054+0000] {dag.py:3508} INFO - Setting next_dagrun for example_task_group_decorator to 2024-02-27T18:47:31.054127+00:00, run_after=2024-02-28T18:47:31.054127+00:00
[2024-02-28T18:47:31.085+0000] {processor.py:179} INFO - Processing /home/airflow/.local/lib/python3.7/site-packages/airflow/example_dags/example_task_group_decorator.py took 0.120 seconds
[2024-02-28T18:48:01.493+0000] {processor.py:157} INFO - Started process (PID=1879) to work on /home/airflow/.local/lib/python3.7/site-packages/airflow/example_dags/example_task_group_decorator.py
[2024-02-28T18:48:01.496+0000] {processor.py:826} INFO - Processing file /home/airflow/.local/lib/python3.7/site-packages/airflow/example_dags/example_task_group_decorator.py for tasks to queue
[2024-02-28T18:48:01.500+0000] {logging_mixin.py:150} INFO - [2024-02-28T18:48:01.499+0000] {dagbag.py:541} INFO - Filling up the DagBag from /home/airflow/.local/lib/python3.7/site-packages/airflow/example_dags/example_task_group_decorator.py
[2024-02-28T18:48:01.516+0000] {processor.py:836} INFO - DAG(s) dict_keys(['example_task_group_decorator']) retrieved from /home/airflow/.local/lib/python3.7/site-packages/airflow/example_dags/example_task_group_decorator.py
[2024-02-28T18:48:01.543+0000] {logging_mixin.py:150} INFO - [2024-02-28T18:48:01.543+0000] {dag.py:2742} INFO - Sync 1 DAGs
[2024-02-28T18:48:01.564+0000] {logging_mixin.py:150} INFO - [2024-02-28T18:48:01.564+0000] {dag.py:3508} INFO - Setting next_dagrun for example_task_group_decorator to 2024-02-27T18:48:01.564345+00:00, run_after=2024-02-28T18:48:01.564345+00:00
[2024-02-28T18:48:01.580+0000] {processor.py:179} INFO - Processing /home/airflow/.local/lib/python3.7/site-packages/airflow/example_dags/example_task_group_decorator.py took 0.091 seconds
[2024-02-28T18:48:32.059+0000] {processor.py:157} INFO - Started process (PID=1941) to work on /home/airflow/.local/lib/python3.7/site-packages/airflow/example_dags/example_task_group_decorator.py
[2024-02-28T18:48:32.061+0000] {processor.py:826} INFO - Processing file /home/airflow/.local/lib/python3.7/site-packages/airflow/example_dags/example_task_group_decorator.py for tasks to queue
[2024-02-28T18:48:32.069+0000] {logging_mixin.py:150} INFO - [2024-02-28T18:48:32.067+0000] {dagbag.py:541} INFO - Filling up the DagBag from /home/airflow/.local/lib/python3.7/site-packages/airflow/example_dags/example_task_group_decorator.py
[2024-02-28T18:48:32.106+0000] {processor.py:836} INFO - DAG(s) dict_keys(['example_task_group_decorator']) retrieved from /home/airflow/.local/lib/python3.7/site-packages/airflow/example_dags/example_task_group_decorator.py
[2024-02-28T18:48:32.148+0000] {logging_mixin.py:150} INFO - [2024-02-28T18:48:32.148+0000] {dag.py:2742} INFO - Sync 1 DAGs
[2024-02-28T18:48:32.179+0000] {logging_mixin.py:150} INFO - [2024-02-28T18:48:32.178+0000] {dag.py:3508} INFO - Setting next_dagrun for example_task_group_decorator to 2024-02-27T18:48:32.178371+00:00, run_after=2024-02-28T18:48:32.178371+00:00
[2024-02-28T18:48:32.199+0000] {processor.py:179} INFO - Processing /home/airflow/.local/lib/python3.7/site-packages/airflow/example_dags/example_task_group_decorator.py took 0.144 seconds
[2024-02-28T18:49:03.232+0000] {processor.py:157} INFO - Started process (PID=2004) to work on /home/airflow/.local/lib/python3.7/site-packages/airflow/example_dags/example_task_group_decorator.py
[2024-02-28T18:49:03.239+0000] {processor.py:826} INFO - Processing file /home/airflow/.local/lib/python3.7/site-packages/airflow/example_dags/example_task_group_decorator.py for tasks to queue
[2024-02-28T18:49:03.242+0000] {logging_mixin.py:150} INFO - [2024-02-28T18:49:03.241+0000] {dagbag.py:541} INFO - Filling up the DagBag from /home/airflow/.local/lib/python3.7/site-packages/airflow/example_dags/example_task_group_decorator.py
[2024-02-28T18:49:03.261+0000] {processor.py:836} INFO - DAG(s) dict_keys(['example_task_group_decorator']) retrieved from /home/airflow/.local/lib/python3.7/site-packages/airflow/example_dags/example_task_group_decorator.py
[2024-02-28T18:49:03.305+0000] {logging_mixin.py:150} INFO - [2024-02-28T18:49:03.305+0000] {dag.py:2742} INFO - Sync 1 DAGs
[2024-02-28T18:49:03.357+0000] {logging_mixin.py:150} INFO - [2024-02-28T18:49:03.357+0000] {dag.py:3508} INFO - Setting next_dagrun for example_task_group_decorator to 2024-02-27T18:49:03.357075+00:00, run_after=2024-02-28T18:49:03.357075+00:00
[2024-02-28T18:49:03.389+0000] {processor.py:179} INFO - Processing /home/airflow/.local/lib/python3.7/site-packages/airflow/example_dags/example_task_group_decorator.py took 0.161 seconds
[2024-02-28T18:49:33.580+0000] {processor.py:157} INFO - Started process (PID=2075) to work on /home/airflow/.local/lib/python3.7/site-packages/airflow/example_dags/example_task_group_decorator.py
[2024-02-28T18:49:33.583+0000] {processor.py:826} INFO - Processing file /home/airflow/.local/lib/python3.7/site-packages/airflow/example_dags/example_task_group_decorator.py for tasks to queue
[2024-02-28T18:49:33.585+0000] {logging_mixin.py:150} INFO - [2024-02-28T18:49:33.585+0000] {dagbag.py:541} INFO - Filling up the DagBag from /home/airflow/.local/lib/python3.7/site-packages/airflow/example_dags/example_task_group_decorator.py
[2024-02-28T18:49:33.602+0000] {processor.py:836} INFO - DAG(s) dict_keys(['example_task_group_decorator']) retrieved from /home/airflow/.local/lib/python3.7/site-packages/airflow/example_dags/example_task_group_decorator.py
[2024-02-28T18:49:33.631+0000] {logging_mixin.py:150} INFO - [2024-02-28T18:49:33.631+0000] {dag.py:2742} INFO - Sync 1 DAGs
[2024-02-28T18:49:33.654+0000] {logging_mixin.py:150} INFO - [2024-02-28T18:49:33.654+0000] {dag.py:3508} INFO - Setting next_dagrun for example_task_group_decorator to 2024-02-27T18:49:33.654187+00:00, run_after=2024-02-28T18:49:33.654187+00:00
[2024-02-28T18:49:33.678+0000] {processor.py:179} INFO - Processing /home/airflow/.local/lib/python3.7/site-packages/airflow/example_dags/example_task_group_decorator.py took 0.102 seconds
[2024-02-28T18:50:05.066+0000] {processor.py:157} INFO - Started process (PID=2145) to work on /home/airflow/.local/lib/python3.7/site-packages/airflow/example_dags/example_task_group_decorator.py
[2024-02-28T18:50:05.070+0000] {processor.py:826} INFO - Processing file /home/airflow/.local/lib/python3.7/site-packages/airflow/example_dags/example_task_group_decorator.py for tasks to queue
[2024-02-28T18:50:05.080+0000] {logging_mixin.py:150} INFO - [2024-02-28T18:50:05.079+0000] {dagbag.py:541} INFO - Filling up the DagBag from /home/airflow/.local/lib/python3.7/site-packages/airflow/example_dags/example_task_group_decorator.py
[2024-02-28T18:50:05.110+0000] {processor.py:836} INFO - DAG(s) dict_keys(['example_task_group_decorator']) retrieved from /home/airflow/.local/lib/python3.7/site-packages/airflow/example_dags/example_task_group_decorator.py
[2024-02-28T18:50:05.147+0000] {logging_mixin.py:150} INFO - [2024-02-28T18:50:05.147+0000] {dag.py:2742} INFO - Sync 1 DAGs
[2024-02-28T18:50:05.175+0000] {logging_mixin.py:150} INFO - [2024-02-28T18:50:05.175+0000] {dag.py:3508} INFO - Setting next_dagrun for example_task_group_decorator to 2024-02-27T18:50:05.175302+00:00, run_after=2024-02-28T18:50:05.175302+00:00
[2024-02-28T18:50:05.219+0000] {processor.py:179} INFO - Processing /home/airflow/.local/lib/python3.7/site-packages/airflow/example_dags/example_task_group_decorator.py took 0.164 seconds
[2024-02-28T18:50:35.423+0000] {processor.py:157} INFO - Started process (PID=2212) to work on /home/airflow/.local/lib/python3.7/site-packages/airflow/example_dags/example_task_group_decorator.py
[2024-02-28T18:50:35.426+0000] {processor.py:826} INFO - Processing file /home/airflow/.local/lib/python3.7/site-packages/airflow/example_dags/example_task_group_decorator.py for tasks to queue
[2024-02-28T18:50:35.429+0000] {logging_mixin.py:150} INFO - [2024-02-28T18:50:35.428+0000] {dagbag.py:541} INFO - Filling up the DagBag from /home/airflow/.local/lib/python3.7/site-packages/airflow/example_dags/example_task_group_decorator.py
[2024-02-28T18:50:35.444+0000] {processor.py:836} INFO - DAG(s) dict_keys(['example_task_group_decorator']) retrieved from /home/airflow/.local/lib/python3.7/site-packages/airflow/example_dags/example_task_group_decorator.py
[2024-02-28T18:50:35.472+0000] {logging_mixin.py:150} INFO - [2024-02-28T18:50:35.472+0000] {dag.py:2742} INFO - Sync 1 DAGs
[2024-02-28T18:50:35.495+0000] {logging_mixin.py:150} INFO - [2024-02-28T18:50:35.494+0000] {dag.py:3508} INFO - Setting next_dagrun for example_task_group_decorator to 2024-02-27T18:50:35.494627+00:00, run_after=2024-02-28T18:50:35.494627+00:00
[2024-02-28T18:50:35.518+0000] {processor.py:179} INFO - Processing /home/airflow/.local/lib/python3.7/site-packages/airflow/example_dags/example_task_group_decorator.py took 0.100 seconds
[2024-02-28T18:51:06.733+0000] {processor.py:157} INFO - Started process (PID=2275) to work on /home/airflow/.local/lib/python3.7/site-packages/airflow/example_dags/example_task_group_decorator.py
[2024-02-28T18:51:06.738+0000] {processor.py:826} INFO - Processing file /home/airflow/.local/lib/python3.7/site-packages/airflow/example_dags/example_task_group_decorator.py for tasks to queue
[2024-02-28T18:51:06.743+0000] {logging_mixin.py:150} INFO - [2024-02-28T18:51:06.740+0000] {dagbag.py:541} INFO - Filling up the DagBag from /home/airflow/.local/lib/python3.7/site-packages/airflow/example_dags/example_task_group_decorator.py
[2024-02-28T18:51:06.775+0000] {processor.py:836} INFO - DAG(s) dict_keys(['example_task_group_decorator']) retrieved from /home/airflow/.local/lib/python3.7/site-packages/airflow/example_dags/example_task_group_decorator.py
[2024-02-28T18:51:06.810+0000] {logging_mixin.py:150} INFO - [2024-02-28T18:51:06.810+0000] {dag.py:2742} INFO - Sync 1 DAGs
[2024-02-28T18:51:06.835+0000] {logging_mixin.py:150} INFO - [2024-02-28T18:51:06.835+0000] {dag.py:3508} INFO - Setting next_dagrun for example_task_group_decorator to 2024-02-27T18:51:06.835424+00:00, run_after=2024-02-28T18:51:06.835424+00:00
[2024-02-28T18:51:06.857+0000] {processor.py:179} INFO - Processing /home/airflow/.local/lib/python3.7/site-packages/airflow/example_dags/example_task_group_decorator.py took 0.129 seconds
[2024-02-28T18:51:37.748+0000] {processor.py:157} INFO - Started process (PID=2342) to work on /home/airflow/.local/lib/python3.7/site-packages/airflow/example_dags/example_task_group_decorator.py
[2024-02-28T18:51:37.750+0000] {processor.py:826} INFO - Processing file /home/airflow/.local/lib/python3.7/site-packages/airflow/example_dags/example_task_group_decorator.py for tasks to queue
[2024-02-28T18:51:37.752+0000] {logging_mixin.py:150} INFO - [2024-02-28T18:51:37.752+0000] {dagbag.py:541} INFO - Filling up the DagBag from /home/airflow/.local/lib/python3.7/site-packages/airflow/example_dags/example_task_group_decorator.py
[2024-02-28T18:51:37.767+0000] {processor.py:836} INFO - DAG(s) dict_keys(['example_task_group_decorator']) retrieved from /home/airflow/.local/lib/python3.7/site-packages/airflow/example_dags/example_task_group_decorator.py
[2024-02-28T18:51:37.812+0000] {logging_mixin.py:150} INFO - [2024-02-28T18:51:37.812+0000] {dag.py:2742} INFO - Sync 1 DAGs
[2024-02-28T18:51:37.841+0000] {logging_mixin.py:150} INFO - [2024-02-28T18:51:37.841+0000] {dag.py:3508} INFO - Setting next_dagrun for example_task_group_decorator to 2024-02-27T18:51:37.841113+00:00, run_after=2024-02-28T18:51:37.841113+00:00
[2024-02-28T18:51:37.868+0000] {processor.py:179} INFO - Processing /home/airflow/.local/lib/python3.7/site-packages/airflow/example_dags/example_task_group_decorator.py took 0.124 seconds
[2024-02-28T18:52:08.389+0000] {processor.py:157} INFO - Started process (PID=2404) to work on /home/airflow/.local/lib/python3.7/site-packages/airflow/example_dags/example_task_group_decorator.py
[2024-02-28T18:52:08.393+0000] {processor.py:826} INFO - Processing file /home/airflow/.local/lib/python3.7/site-packages/airflow/example_dags/example_task_group_decorator.py for tasks to queue
[2024-02-28T18:52:08.397+0000] {logging_mixin.py:150} INFO - [2024-02-28T18:52:08.396+0000] {dagbag.py:541} INFO - Filling up the DagBag from /home/airflow/.local/lib/python3.7/site-packages/airflow/example_dags/example_task_group_decorator.py
[2024-02-28T18:52:08.418+0000] {processor.py:836} INFO - DAG(s) dict_keys(['example_task_group_decorator']) retrieved from /home/airflow/.local/lib/python3.7/site-packages/airflow/example_dags/example_task_group_decorator.py
[2024-02-28T18:52:08.472+0000] {logging_mixin.py:150} INFO - [2024-02-28T18:52:08.472+0000] {dag.py:2742} INFO - Sync 1 DAGs
[2024-02-28T18:52:08.529+0000] {logging_mixin.py:150} INFO - [2024-02-28T18:52:08.529+0000] {dag.py:3508} INFO - Setting next_dagrun for example_task_group_decorator to 2024-02-27T18:52:08.528473+00:00, run_after=2024-02-28T18:52:08.528473+00:00
[2024-02-28T18:52:08.564+0000] {processor.py:179} INFO - Processing /home/airflow/.local/lib/python3.7/site-packages/airflow/example_dags/example_task_group_decorator.py took 0.186 seconds
[2024-02-28T18:52:39.520+0000] {processor.py:157} INFO - Started process (PID=2471) to work on /home/airflow/.local/lib/python3.7/site-packages/airflow/example_dags/example_task_group_decorator.py
[2024-02-28T18:52:39.523+0000] {processor.py:826} INFO - Processing file /home/airflow/.local/lib/python3.7/site-packages/airflow/example_dags/example_task_group_decorator.py for tasks to queue
[2024-02-28T18:52:39.525+0000] {logging_mixin.py:150} INFO - [2024-02-28T18:52:39.524+0000] {dagbag.py:541} INFO - Filling up the DagBag from /home/airflow/.local/lib/python3.7/site-packages/airflow/example_dags/example_task_group_decorator.py
[2024-02-28T18:52:39.540+0000] {processor.py:836} INFO - DAG(s) dict_keys(['example_task_group_decorator']) retrieved from /home/airflow/.local/lib/python3.7/site-packages/airflow/example_dags/example_task_group_decorator.py
[2024-02-28T18:52:39.570+0000] {logging_mixin.py:150} INFO - [2024-02-28T18:52:39.570+0000] {dag.py:2742} INFO - Sync 1 DAGs
[2024-02-28T18:52:39.594+0000] {logging_mixin.py:150} INFO - [2024-02-28T18:52:39.593+0000] {dag.py:3508} INFO - Setting next_dagrun for example_task_group_decorator to 2024-02-27T18:52:39.593581+00:00, run_after=2024-02-28T18:52:39.593581+00:00
[2024-02-28T18:52:39.616+0000] {processor.py:179} INFO - Processing /home/airflow/.local/lib/python3.7/site-packages/airflow/example_dags/example_task_group_decorator.py took 0.100 seconds
