[2024-02-28T18:33:14.097+0000] {processor.py:157} INFO - Started process (PID=70) to work on /home/airflow/.local/lib/python3.7/site-packages/airflow/example_dags/example_params_ui_tutorial.py
[2024-02-28T18:33:14.101+0000] {processor.py:826} INFO - Processing file /home/airflow/.local/lib/python3.7/site-packages/airflow/example_dags/example_params_ui_tutorial.py for tasks to queue
[2024-02-28T18:33:14.103+0000] {logging_mixin.py:150} INFO - [2024-02-28T18:33:14.103+0000] {dagbag.py:541} INFO - Filling up the DagBag from /home/airflow/.local/lib/python3.7/site-packages/airflow/example_dags/example_params_ui_tutorial.py
[2024-02-28T18:33:14.150+0000] {processor.py:836} INFO - DAG(s) dict_keys(['example_params_ui_tutorial']) retrieved from /home/airflow/.local/lib/python3.7/site-packages/airflow/example_dags/example_params_ui_tutorial.py
[2024-02-28T18:33:14.173+0000] {logging_mixin.py:150} INFO - [2024-02-28T18:33:14.173+0000] {dag.py:2742} INFO - Sync 1 DAGs
[2024-02-28T18:33:14.204+0000] {logging_mixin.py:150} INFO - [2024-02-28T18:33:14.203+0000] {dag.py:3508} INFO - Setting next_dagrun for example_params_ui_tutorial to None, run_after=None
[2024-02-28T18:33:14.297+0000] {processor.py:179} INFO - Processing /home/airflow/.local/lib/python3.7/site-packages/airflow/example_dags/example_params_ui_tutorial.py took 0.204 seconds
[2024-02-28T18:33:44.961+0000] {processor.py:157} INFO - Started process (PID=133) to work on /home/airflow/.local/lib/python3.7/site-packages/airflow/example_dags/example_params_ui_tutorial.py
[2024-02-28T18:33:44.966+0000] {processor.py:826} INFO - Processing file /home/airflow/.local/lib/python3.7/site-packages/airflow/example_dags/example_params_ui_tutorial.py for tasks to queue
[2024-02-28T18:33:44.974+0000] {logging_mixin.py:150} INFO - [2024-02-28T18:33:44.973+0000] {dagbag.py:541} INFO - Filling up the DagBag from /home/airflow/.local/lib/python3.7/site-packages/airflow/example_dags/example_params_ui_tutorial.py
[2024-02-28T18:33:45.018+0000] {processor.py:836} INFO - DAG(s) dict_keys(['example_params_ui_tutorial']) retrieved from /home/airflow/.local/lib/python3.7/site-packages/airflow/example_dags/example_params_ui_tutorial.py
[2024-02-28T18:33:45.104+0000] {logging_mixin.py:150} INFO - [2024-02-28T18:33:45.104+0000] {dag.py:2742} INFO - Sync 1 DAGs
[2024-02-28T18:33:45.124+0000] {logging_mixin.py:150} INFO - [2024-02-28T18:33:45.124+0000] {dag.py:3508} INFO - Setting next_dagrun for example_params_ui_tutorial to None, run_after=None
[2024-02-28T18:33:45.139+0000] {processor.py:179} INFO - Processing /home/airflow/.local/lib/python3.7/site-packages/airflow/example_dags/example_params_ui_tutorial.py took 0.186 seconds
[2024-02-28T18:34:15.209+0000] {processor.py:157} INFO - Started process (PID=196) to work on /home/airflow/.local/lib/python3.7/site-packages/airflow/example_dags/example_params_ui_tutorial.py
[2024-02-28T18:34:15.212+0000] {processor.py:826} INFO - Processing file /home/airflow/.local/lib/python3.7/site-packages/airflow/example_dags/example_params_ui_tutorial.py for tasks to queue
[2024-02-28T18:34:15.215+0000] {logging_mixin.py:150} INFO - [2024-02-28T18:34:15.214+0000] {dagbag.py:541} INFO - Filling up the DagBag from /home/airflow/.local/lib/python3.7/site-packages/airflow/example_dags/example_params_ui_tutorial.py
[2024-02-28T18:34:15.247+0000] {processor.py:836} INFO - DAG(s) dict_keys(['example_params_ui_tutorial']) retrieved from /home/airflow/.local/lib/python3.7/site-packages/airflow/example_dags/example_params_ui_tutorial.py
[2024-02-28T18:34:15.314+0000] {logging_mixin.py:150} INFO - [2024-02-28T18:34:15.314+0000] {dag.py:2742} INFO - Sync 1 DAGs
[2024-02-28T18:34:15.345+0000] {logging_mixin.py:150} INFO - [2024-02-28T18:34:15.344+0000] {dag.py:3508} INFO - Setting next_dagrun for example_params_ui_tutorial to None, run_after=None
[2024-02-28T18:34:15.367+0000] {processor.py:179} INFO - Processing /home/airflow/.local/lib/python3.7/site-packages/airflow/example_dags/example_params_ui_tutorial.py took 0.161 seconds
[2024-02-28T18:34:46.029+0000] {processor.py:157} INFO - Started process (PID=259) to work on /home/airflow/.local/lib/python3.7/site-packages/airflow/example_dags/example_params_ui_tutorial.py
[2024-02-28T18:34:46.033+0000] {processor.py:826} INFO - Processing file /home/airflow/.local/lib/python3.7/site-packages/airflow/example_dags/example_params_ui_tutorial.py for tasks to queue
[2024-02-28T18:34:46.038+0000] {logging_mixin.py:150} INFO - [2024-02-28T18:34:46.037+0000] {dagbag.py:541} INFO - Filling up the DagBag from /home/airflow/.local/lib/python3.7/site-packages/airflow/example_dags/example_params_ui_tutorial.py
[2024-02-28T18:34:46.075+0000] {processor.py:836} INFO - DAG(s) dict_keys(['example_params_ui_tutorial']) retrieved from /home/airflow/.local/lib/python3.7/site-packages/airflow/example_dags/example_params_ui_tutorial.py
[2024-02-28T18:34:46.127+0000] {logging_mixin.py:150} INFO - [2024-02-28T18:34:46.127+0000] {dag.py:2742} INFO - Sync 1 DAGs
[2024-02-28T18:34:46.154+0000] {logging_mixin.py:150} INFO - [2024-02-28T18:34:46.154+0000] {dag.py:3508} INFO - Setting next_dagrun for example_params_ui_tutorial to None, run_after=None
[2024-02-28T18:34:46.176+0000] {processor.py:179} INFO - Processing /home/airflow/.local/lib/python3.7/site-packages/airflow/example_dags/example_params_ui_tutorial.py took 0.150 seconds
[2024-02-28T18:35:16.510+0000] {processor.py:157} INFO - Started process (PID=323) to work on /home/airflow/.local/lib/python3.7/site-packages/airflow/example_dags/example_params_ui_tutorial.py
[2024-02-28T18:35:16.512+0000] {processor.py:826} INFO - Processing file /home/airflow/.local/lib/python3.7/site-packages/airflow/example_dags/example_params_ui_tutorial.py for tasks to queue
[2024-02-28T18:35:16.515+0000] {logging_mixin.py:150} INFO - [2024-02-28T18:35:16.514+0000] {dagbag.py:541} INFO - Filling up the DagBag from /home/airflow/.local/lib/python3.7/site-packages/airflow/example_dags/example_params_ui_tutorial.py
[2024-02-28T18:35:16.548+0000] {processor.py:836} INFO - DAG(s) dict_keys(['example_params_ui_tutorial']) retrieved from /home/airflow/.local/lib/python3.7/site-packages/airflow/example_dags/example_params_ui_tutorial.py
[2024-02-28T18:35:16.603+0000] {logging_mixin.py:150} INFO - [2024-02-28T18:35:16.603+0000] {dag.py:2742} INFO - Sync 1 DAGs
[2024-02-28T18:35:16.632+0000] {logging_mixin.py:150} INFO - [2024-02-28T18:35:16.632+0000] {dag.py:3508} INFO - Setting next_dagrun for example_params_ui_tutorial to None, run_after=None
[2024-02-28T18:35:16.653+0000] {processor.py:179} INFO - Processing /home/airflow/.local/lib/python3.7/site-packages/airflow/example_dags/example_params_ui_tutorial.py took 0.147 seconds
[2024-02-28T18:35:47.423+0000] {processor.py:157} INFO - Started process (PID=387) to work on /home/airflow/.local/lib/python3.7/site-packages/airflow/example_dags/example_params_ui_tutorial.py
[2024-02-28T18:35:47.426+0000] {processor.py:826} INFO - Processing file /home/airflow/.local/lib/python3.7/site-packages/airflow/example_dags/example_params_ui_tutorial.py for tasks to queue
[2024-02-28T18:35:47.428+0000] {logging_mixin.py:150} INFO - [2024-02-28T18:35:47.428+0000] {dagbag.py:541} INFO - Filling up the DagBag from /home/airflow/.local/lib/python3.7/site-packages/airflow/example_dags/example_params_ui_tutorial.py
[2024-02-28T18:35:47.460+0000] {processor.py:836} INFO - DAG(s) dict_keys(['example_params_ui_tutorial']) retrieved from /home/airflow/.local/lib/python3.7/site-packages/airflow/example_dags/example_params_ui_tutorial.py
[2024-02-28T18:35:47.502+0000] {logging_mixin.py:150} INFO - [2024-02-28T18:35:47.502+0000] {dag.py:2742} INFO - Sync 1 DAGs
[2024-02-28T18:35:47.522+0000] {logging_mixin.py:150} INFO - [2024-02-28T18:35:47.522+0000] {dag.py:3508} INFO - Setting next_dagrun for example_params_ui_tutorial to None, run_after=None
[2024-02-28T18:35:47.537+0000] {processor.py:179} INFO - Processing /home/airflow/.local/lib/python3.7/site-packages/airflow/example_dags/example_params_ui_tutorial.py took 0.118 seconds
[2024-02-28T18:36:19.567+0000] {processor.py:157} INFO - Started process (PID=450) to work on /home/airflow/.local/lib/python3.7/site-packages/airflow/example_dags/example_params_ui_tutorial.py
[2024-02-28T18:36:19.570+0000] {processor.py:826} INFO - Processing file /home/airflow/.local/lib/python3.7/site-packages/airflow/example_dags/example_params_ui_tutorial.py for tasks to queue
[2024-02-28T18:36:19.573+0000] {logging_mixin.py:150} INFO - [2024-02-28T18:36:19.573+0000] {dagbag.py:541} INFO - Filling up the DagBag from /home/airflow/.local/lib/python3.7/site-packages/airflow/example_dags/example_params_ui_tutorial.py
[2024-02-28T18:36:19.621+0000] {processor.py:836} INFO - DAG(s) dict_keys(['example_params_ui_tutorial']) retrieved from /home/airflow/.local/lib/python3.7/site-packages/airflow/example_dags/example_params_ui_tutorial.py
[2024-02-28T18:36:19.671+0000] {logging_mixin.py:150} INFO - [2024-02-28T18:36:19.671+0000] {dag.py:2742} INFO - Sync 1 DAGs
[2024-02-28T18:36:19.696+0000] {logging_mixin.py:150} INFO - [2024-02-28T18:36:19.696+0000] {dag.py:3508} INFO - Setting next_dagrun for example_params_ui_tutorial to None, run_after=None
[2024-02-28T18:36:19.715+0000] {processor.py:179} INFO - Processing /home/airflow/.local/lib/python3.7/site-packages/airflow/example_dags/example_params_ui_tutorial.py took 0.151 seconds
[2024-02-28T18:36:50.323+0000] {processor.py:157} INFO - Started process (PID=513) to work on /home/airflow/.local/lib/python3.7/site-packages/airflow/example_dags/example_params_ui_tutorial.py
[2024-02-28T18:36:50.325+0000] {processor.py:826} INFO - Processing file /home/airflow/.local/lib/python3.7/site-packages/airflow/example_dags/example_params_ui_tutorial.py for tasks to queue
[2024-02-28T18:36:50.327+0000] {logging_mixin.py:150} INFO - [2024-02-28T18:36:50.326+0000] {dagbag.py:541} INFO - Filling up the DagBag from /home/airflow/.local/lib/python3.7/site-packages/airflow/example_dags/example_params_ui_tutorial.py
[2024-02-28T18:36:50.360+0000] {processor.py:836} INFO - DAG(s) dict_keys(['example_params_ui_tutorial']) retrieved from /home/airflow/.local/lib/python3.7/site-packages/airflow/example_dags/example_params_ui_tutorial.py
[2024-02-28T18:36:50.419+0000] {logging_mixin.py:150} INFO - [2024-02-28T18:36:50.419+0000] {dag.py:2742} INFO - Sync 1 DAGs
[2024-02-28T18:36:50.447+0000] {logging_mixin.py:150} INFO - [2024-02-28T18:36:50.446+0000] {dag.py:3508} INFO - Setting next_dagrun for example_params_ui_tutorial to None, run_after=None
[2024-02-28T18:36:50.471+0000] {processor.py:179} INFO - Processing /home/airflow/.local/lib/python3.7/site-packages/airflow/example_dags/example_params_ui_tutorial.py took 0.152 seconds
[2024-02-28T18:37:21.114+0000] {processor.py:157} INFO - Started process (PID=576) to work on /home/airflow/.local/lib/python3.7/site-packages/airflow/example_dags/example_params_ui_tutorial.py
[2024-02-28T18:37:21.117+0000] {processor.py:826} INFO - Processing file /home/airflow/.local/lib/python3.7/site-packages/airflow/example_dags/example_params_ui_tutorial.py for tasks to queue
[2024-02-28T18:37:21.120+0000] {logging_mixin.py:150} INFO - [2024-02-28T18:37:21.119+0000] {dagbag.py:541} INFO - Filling up the DagBag from /home/airflow/.local/lib/python3.7/site-packages/airflow/example_dags/example_params_ui_tutorial.py
[2024-02-28T18:37:21.184+0000] {processor.py:836} INFO - DAG(s) dict_keys(['example_params_ui_tutorial']) retrieved from /home/airflow/.local/lib/python3.7/site-packages/airflow/example_dags/example_params_ui_tutorial.py
[2024-02-28T18:37:21.254+0000] {logging_mixin.py:150} INFO - [2024-02-28T18:37:21.253+0000] {dag.py:2742} INFO - Sync 1 DAGs
[2024-02-28T18:37:21.293+0000] {logging_mixin.py:150} INFO - [2024-02-28T18:37:21.293+0000] {dag.py:3508} INFO - Setting next_dagrun for example_params_ui_tutorial to None, run_after=None
[2024-02-28T18:37:21.344+0000] {processor.py:179} INFO - Processing /home/airflow/.local/lib/python3.7/site-packages/airflow/example_dags/example_params_ui_tutorial.py took 0.236 seconds
[2024-02-28T18:37:52.272+0000] {processor.py:157} INFO - Started process (PID=639) to work on /home/airflow/.local/lib/python3.7/site-packages/airflow/example_dags/example_params_ui_tutorial.py
[2024-02-28T18:37:52.276+0000] {processor.py:826} INFO - Processing file /home/airflow/.local/lib/python3.7/site-packages/airflow/example_dags/example_params_ui_tutorial.py for tasks to queue
[2024-02-28T18:37:52.277+0000] {logging_mixin.py:150} INFO - [2024-02-28T18:37:52.277+0000] {dagbag.py:541} INFO - Filling up the DagBag from /home/airflow/.local/lib/python3.7/site-packages/airflow/example_dags/example_params_ui_tutorial.py
[2024-02-28T18:37:52.316+0000] {processor.py:836} INFO - DAG(s) dict_keys(['example_params_ui_tutorial']) retrieved from /home/airflow/.local/lib/python3.7/site-packages/airflow/example_dags/example_params_ui_tutorial.py
[2024-02-28T18:37:52.367+0000] {logging_mixin.py:150} INFO - [2024-02-28T18:37:52.367+0000] {dag.py:2742} INFO - Sync 1 DAGs
[2024-02-28T18:37:52.397+0000] {logging_mixin.py:150} INFO - [2024-02-28T18:37:52.396+0000] {dag.py:3508} INFO - Setting next_dagrun for example_params_ui_tutorial to None, run_after=None
[2024-02-28T18:37:52.419+0000] {processor.py:179} INFO - Processing /home/airflow/.local/lib/python3.7/site-packages/airflow/example_dags/example_params_ui_tutorial.py took 0.151 seconds
[2024-02-28T18:38:22.822+0000] {processor.py:157} INFO - Started process (PID=701) to work on /home/airflow/.local/lib/python3.7/site-packages/airflow/example_dags/example_params_ui_tutorial.py
[2024-02-28T18:38:22.825+0000] {processor.py:826} INFO - Processing file /home/airflow/.local/lib/python3.7/site-packages/airflow/example_dags/example_params_ui_tutorial.py for tasks to queue
[2024-02-28T18:38:22.827+0000] {logging_mixin.py:150} INFO - [2024-02-28T18:38:22.826+0000] {dagbag.py:541} INFO - Filling up the DagBag from /home/airflow/.local/lib/python3.7/site-packages/airflow/example_dags/example_params_ui_tutorial.py
[2024-02-28T18:38:22.875+0000] {processor.py:836} INFO - DAG(s) dict_keys(['example_params_ui_tutorial']) retrieved from /home/airflow/.local/lib/python3.7/site-packages/airflow/example_dags/example_params_ui_tutorial.py
[2024-02-28T18:38:22.934+0000] {logging_mixin.py:150} INFO - [2024-02-28T18:38:22.934+0000] {dag.py:2742} INFO - Sync 1 DAGs
[2024-02-28T18:38:22.958+0000] {logging_mixin.py:150} INFO - [2024-02-28T18:38:22.958+0000] {dag.py:3508} INFO - Setting next_dagrun for example_params_ui_tutorial to None, run_after=None
[2024-02-28T18:38:22.990+0000] {processor.py:179} INFO - Processing /home/airflow/.local/lib/python3.7/site-packages/airflow/example_dags/example_params_ui_tutorial.py took 0.174 seconds
[2024-02-28T18:38:53.803+0000] {processor.py:157} INFO - Started process (PID=763) to work on /home/airflow/.local/lib/python3.7/site-packages/airflow/example_dags/example_params_ui_tutorial.py
[2024-02-28T18:38:53.807+0000] {processor.py:826} INFO - Processing file /home/airflow/.local/lib/python3.7/site-packages/airflow/example_dags/example_params_ui_tutorial.py for tasks to queue
[2024-02-28T18:38:53.811+0000] {logging_mixin.py:150} INFO - [2024-02-28T18:38:53.810+0000] {dagbag.py:541} INFO - Filling up the DagBag from /home/airflow/.local/lib/python3.7/site-packages/airflow/example_dags/example_params_ui_tutorial.py
[2024-02-28T18:38:53.850+0000] {processor.py:836} INFO - DAG(s) dict_keys(['example_params_ui_tutorial']) retrieved from /home/airflow/.local/lib/python3.7/site-packages/airflow/example_dags/example_params_ui_tutorial.py
[2024-02-28T18:38:53.902+0000] {logging_mixin.py:150} INFO - [2024-02-28T18:38:53.902+0000] {dag.py:2742} INFO - Sync 1 DAGs
[2024-02-28T18:38:53.935+0000] {logging_mixin.py:150} INFO - [2024-02-28T18:38:53.935+0000] {dag.py:3508} INFO - Setting next_dagrun for example_params_ui_tutorial to None, run_after=None
[2024-02-28T18:38:53.954+0000] {processor.py:179} INFO - Processing /home/airflow/.local/lib/python3.7/site-packages/airflow/example_dags/example_params_ui_tutorial.py took 0.154 seconds
[2024-02-28T18:39:24.703+0000] {processor.py:157} INFO - Started process (PID=826) to work on /home/airflow/.local/lib/python3.7/site-packages/airflow/example_dags/example_params_ui_tutorial.py
[2024-02-28T18:39:24.708+0000] {processor.py:826} INFO - Processing file /home/airflow/.local/lib/python3.7/site-packages/airflow/example_dags/example_params_ui_tutorial.py for tasks to queue
[2024-02-28T18:39:24.714+0000] {logging_mixin.py:150} INFO - [2024-02-28T18:39:24.713+0000] {dagbag.py:541} INFO - Filling up the DagBag from /home/airflow/.local/lib/python3.7/site-packages/airflow/example_dags/example_params_ui_tutorial.py
[2024-02-28T18:39:24.754+0000] {processor.py:836} INFO - DAG(s) dict_keys(['example_params_ui_tutorial']) retrieved from /home/airflow/.local/lib/python3.7/site-packages/airflow/example_dags/example_params_ui_tutorial.py
[2024-02-28T18:39:24.815+0000] {logging_mixin.py:150} INFO - [2024-02-28T18:39:24.815+0000] {dag.py:2742} INFO - Sync 1 DAGs
[2024-02-28T18:39:24.845+0000] {logging_mixin.py:150} INFO - [2024-02-28T18:39:24.845+0000] {dag.py:3508} INFO - Setting next_dagrun for example_params_ui_tutorial to None, run_after=None
[2024-02-28T18:39:24.877+0000] {processor.py:179} INFO - Processing /home/airflow/.local/lib/python3.7/site-packages/airflow/example_dags/example_params_ui_tutorial.py took 0.179 seconds
[2024-02-28T18:39:55.070+0000] {processor.py:157} INFO - Started process (PID=890) to work on /home/airflow/.local/lib/python3.7/site-packages/airflow/example_dags/example_params_ui_tutorial.py
[2024-02-28T18:39:55.074+0000] {processor.py:826} INFO - Processing file /home/airflow/.local/lib/python3.7/site-packages/airflow/example_dags/example_params_ui_tutorial.py for tasks to queue
[2024-02-28T18:39:55.077+0000] {logging_mixin.py:150} INFO - [2024-02-28T18:39:55.077+0000] {dagbag.py:541} INFO - Filling up the DagBag from /home/airflow/.local/lib/python3.7/site-packages/airflow/example_dags/example_params_ui_tutorial.py
[2024-02-28T18:39:55.114+0000] {processor.py:836} INFO - DAG(s) dict_keys(['example_params_ui_tutorial']) retrieved from /home/airflow/.local/lib/python3.7/site-packages/airflow/example_dags/example_params_ui_tutorial.py
[2024-02-28T18:39:55.163+0000] {logging_mixin.py:150} INFO - [2024-02-28T18:39:55.163+0000] {dag.py:2742} INFO - Sync 1 DAGs
[2024-02-28T18:39:55.189+0000] {logging_mixin.py:150} INFO - [2024-02-28T18:39:55.189+0000] {dag.py:3508} INFO - Setting next_dagrun for example_params_ui_tutorial to None, run_after=None
[2024-02-28T18:39:55.207+0000] {processor.py:179} INFO - Processing /home/airflow/.local/lib/python3.7/site-packages/airflow/example_dags/example_params_ui_tutorial.py took 0.144 seconds
[2024-02-28T18:40:25.581+0000] {processor.py:157} INFO - Started process (PID=953) to work on /home/airflow/.local/lib/python3.7/site-packages/airflow/example_dags/example_params_ui_tutorial.py
[2024-02-28T18:40:25.590+0000] {processor.py:826} INFO - Processing file /home/airflow/.local/lib/python3.7/site-packages/airflow/example_dags/example_params_ui_tutorial.py for tasks to queue
[2024-02-28T18:40:25.592+0000] {logging_mixin.py:150} INFO - [2024-02-28T18:40:25.592+0000] {dagbag.py:541} INFO - Filling up the DagBag from /home/airflow/.local/lib/python3.7/site-packages/airflow/example_dags/example_params_ui_tutorial.py
[2024-02-28T18:40:25.653+0000] {processor.py:836} INFO - DAG(s) dict_keys(['example_params_ui_tutorial']) retrieved from /home/airflow/.local/lib/python3.7/site-packages/airflow/example_dags/example_params_ui_tutorial.py
[2024-02-28T18:40:25.712+0000] {logging_mixin.py:150} INFO - [2024-02-28T18:40:25.712+0000] {dag.py:2742} INFO - Sync 1 DAGs
[2024-02-28T18:40:25.743+0000] {logging_mixin.py:150} INFO - [2024-02-28T18:40:25.743+0000] {dag.py:3508} INFO - Setting next_dagrun for example_params_ui_tutorial to None, run_after=None
[2024-02-28T18:40:25.771+0000] {processor.py:179} INFO - Processing /home/airflow/.local/lib/python3.7/site-packages/airflow/example_dags/example_params_ui_tutorial.py took 0.195 seconds
[2024-02-28T18:40:56.101+0000] {processor.py:157} INFO - Started process (PID=1016) to work on /home/airflow/.local/lib/python3.7/site-packages/airflow/example_dags/example_params_ui_tutorial.py
[2024-02-28T18:40:56.107+0000] {processor.py:826} INFO - Processing file /home/airflow/.local/lib/python3.7/site-packages/airflow/example_dags/example_params_ui_tutorial.py for tasks to queue
[2024-02-28T18:40:56.111+0000] {logging_mixin.py:150} INFO - [2024-02-28T18:40:56.110+0000] {dagbag.py:541} INFO - Filling up the DagBag from /home/airflow/.local/lib/python3.7/site-packages/airflow/example_dags/example_params_ui_tutorial.py
[2024-02-28T18:40:56.164+0000] {processor.py:836} INFO - DAG(s) dict_keys(['example_params_ui_tutorial']) retrieved from /home/airflow/.local/lib/python3.7/site-packages/airflow/example_dags/example_params_ui_tutorial.py
[2024-02-28T18:40:56.223+0000] {logging_mixin.py:150} INFO - [2024-02-28T18:40:56.223+0000] {dag.py:2742} INFO - Sync 1 DAGs
[2024-02-28T18:40:56.254+0000] {logging_mixin.py:150} INFO - [2024-02-28T18:40:56.254+0000] {dag.py:3508} INFO - Setting next_dagrun for example_params_ui_tutorial to None, run_after=None
[2024-02-28T18:40:56.286+0000] {processor.py:179} INFO - Processing /home/airflow/.local/lib/python3.7/site-packages/airflow/example_dags/example_params_ui_tutorial.py took 0.193 seconds
[2024-02-28T18:41:26.745+0000] {processor.py:157} INFO - Started process (PID=1079) to work on /home/airflow/.local/lib/python3.7/site-packages/airflow/example_dags/example_params_ui_tutorial.py
[2024-02-28T18:41:26.750+0000] {processor.py:826} INFO - Processing file /home/airflow/.local/lib/python3.7/site-packages/airflow/example_dags/example_params_ui_tutorial.py for tasks to queue
[2024-02-28T18:41:26.753+0000] {logging_mixin.py:150} INFO - [2024-02-28T18:41:26.752+0000] {dagbag.py:541} INFO - Filling up the DagBag from /home/airflow/.local/lib/python3.7/site-packages/airflow/example_dags/example_params_ui_tutorial.py
[2024-02-28T18:41:26.793+0000] {processor.py:836} INFO - DAG(s) dict_keys(['example_params_ui_tutorial']) retrieved from /home/airflow/.local/lib/python3.7/site-packages/airflow/example_dags/example_params_ui_tutorial.py
[2024-02-28T18:41:26.839+0000] {logging_mixin.py:150} INFO - [2024-02-28T18:41:26.839+0000] {dag.py:2742} INFO - Sync 1 DAGs
[2024-02-28T18:41:26.865+0000] {logging_mixin.py:150} INFO - [2024-02-28T18:41:26.865+0000] {dag.py:3508} INFO - Setting next_dagrun for example_params_ui_tutorial to None, run_after=None
[2024-02-28T18:41:26.885+0000] {processor.py:179} INFO - Processing /home/airflow/.local/lib/python3.7/site-packages/airflow/example_dags/example_params_ui_tutorial.py took 0.146 seconds
[2024-02-28T18:41:57.190+0000] {processor.py:157} INFO - Started process (PID=1142) to work on /home/airflow/.local/lib/python3.7/site-packages/airflow/example_dags/example_params_ui_tutorial.py
[2024-02-28T18:41:57.197+0000] {processor.py:826} INFO - Processing file /home/airflow/.local/lib/python3.7/site-packages/airflow/example_dags/example_params_ui_tutorial.py for tasks to queue
[2024-02-28T18:41:57.216+0000] {logging_mixin.py:150} INFO - [2024-02-28T18:41:57.214+0000] {dagbag.py:541} INFO - Filling up the DagBag from /home/airflow/.local/lib/python3.7/site-packages/airflow/example_dags/example_params_ui_tutorial.py
[2024-02-28T18:41:57.306+0000] {processor.py:836} INFO - DAG(s) dict_keys(['example_params_ui_tutorial']) retrieved from /home/airflow/.local/lib/python3.7/site-packages/airflow/example_dags/example_params_ui_tutorial.py
[2024-02-28T18:41:57.409+0000] {logging_mixin.py:150} INFO - [2024-02-28T18:41:57.409+0000] {dag.py:2742} INFO - Sync 1 DAGs
[2024-02-28T18:41:57.463+0000] {logging_mixin.py:150} INFO - [2024-02-28T18:41:57.462+0000] {dag.py:3508} INFO - Setting next_dagrun for example_params_ui_tutorial to None, run_after=None
[2024-02-28T18:41:57.492+0000] {processor.py:179} INFO - Processing /home/airflow/.local/lib/python3.7/site-packages/airflow/example_dags/example_params_ui_tutorial.py took 0.309 seconds
[2024-02-28T18:42:28.061+0000] {processor.py:157} INFO - Started process (PID=1205) to work on /home/airflow/.local/lib/python3.7/site-packages/airflow/example_dags/example_params_ui_tutorial.py
[2024-02-28T18:42:28.067+0000] {processor.py:826} INFO - Processing file /home/airflow/.local/lib/python3.7/site-packages/airflow/example_dags/example_params_ui_tutorial.py for tasks to queue
[2024-02-28T18:42:28.072+0000] {logging_mixin.py:150} INFO - [2024-02-28T18:42:28.071+0000] {dagbag.py:541} INFO - Filling up the DagBag from /home/airflow/.local/lib/python3.7/site-packages/airflow/example_dags/example_params_ui_tutorial.py
[2024-02-28T18:42:28.123+0000] {processor.py:836} INFO - DAG(s) dict_keys(['example_params_ui_tutorial']) retrieved from /home/airflow/.local/lib/python3.7/site-packages/airflow/example_dags/example_params_ui_tutorial.py
[2024-02-28T18:42:28.174+0000] {logging_mixin.py:150} INFO - [2024-02-28T18:42:28.174+0000] {dag.py:2742} INFO - Sync 1 DAGs
[2024-02-28T18:42:28.206+0000] {logging_mixin.py:150} INFO - [2024-02-28T18:42:28.206+0000] {dag.py:3508} INFO - Setting next_dagrun for example_params_ui_tutorial to None, run_after=None
[2024-02-28T18:42:28.229+0000] {processor.py:179} INFO - Processing /home/airflow/.local/lib/python3.7/site-packages/airflow/example_dags/example_params_ui_tutorial.py took 0.180 seconds
[2024-02-28T18:42:58.503+0000] {processor.py:157} INFO - Started process (PID=1268) to work on /home/airflow/.local/lib/python3.7/site-packages/airflow/example_dags/example_params_ui_tutorial.py
[2024-02-28T18:42:58.510+0000] {processor.py:826} INFO - Processing file /home/airflow/.local/lib/python3.7/site-packages/airflow/example_dags/example_params_ui_tutorial.py for tasks to queue
[2024-02-28T18:42:58.514+0000] {logging_mixin.py:150} INFO - [2024-02-28T18:42:58.513+0000] {dagbag.py:541} INFO - Filling up the DagBag from /home/airflow/.local/lib/python3.7/site-packages/airflow/example_dags/example_params_ui_tutorial.py
[2024-02-28T18:42:58.561+0000] {processor.py:836} INFO - DAG(s) dict_keys(['example_params_ui_tutorial']) retrieved from /home/airflow/.local/lib/python3.7/site-packages/airflow/example_dags/example_params_ui_tutorial.py
[2024-02-28T18:42:58.612+0000] {logging_mixin.py:150} INFO - [2024-02-28T18:42:58.612+0000] {dag.py:2742} INFO - Sync 1 DAGs
[2024-02-28T18:42:58.641+0000] {logging_mixin.py:150} INFO - [2024-02-28T18:42:58.641+0000] {dag.py:3508} INFO - Setting next_dagrun for example_params_ui_tutorial to None, run_after=None
[2024-02-28T18:42:58.662+0000] {processor.py:179} INFO - Processing /home/airflow/.local/lib/python3.7/site-packages/airflow/example_dags/example_params_ui_tutorial.py took 0.164 seconds
[2024-02-28T18:43:29.336+0000] {processor.py:157} INFO - Started process (PID=1331) to work on /home/airflow/.local/lib/python3.7/site-packages/airflow/example_dags/example_params_ui_tutorial.py
[2024-02-28T18:43:29.340+0000] {processor.py:826} INFO - Processing file /home/airflow/.local/lib/python3.7/site-packages/airflow/example_dags/example_params_ui_tutorial.py for tasks to queue
[2024-02-28T18:43:29.343+0000] {logging_mixin.py:150} INFO - [2024-02-28T18:43:29.343+0000] {dagbag.py:541} INFO - Filling up the DagBag from /home/airflow/.local/lib/python3.7/site-packages/airflow/example_dags/example_params_ui_tutorial.py
[2024-02-28T18:43:29.396+0000] {processor.py:836} INFO - DAG(s) dict_keys(['example_params_ui_tutorial']) retrieved from /home/airflow/.local/lib/python3.7/site-packages/airflow/example_dags/example_params_ui_tutorial.py
[2024-02-28T18:43:29.454+0000] {logging_mixin.py:150} INFO - [2024-02-28T18:43:29.454+0000] {dag.py:2742} INFO - Sync 1 DAGs
[2024-02-28T18:43:29.478+0000] {logging_mixin.py:150} INFO - [2024-02-28T18:43:29.478+0000] {dag.py:3508} INFO - Setting next_dagrun for example_params_ui_tutorial to None, run_after=None
[2024-02-28T18:43:29.501+0000] {processor.py:179} INFO - Processing /home/airflow/.local/lib/python3.7/site-packages/airflow/example_dags/example_params_ui_tutorial.py took 0.172 seconds
[2024-02-28T18:43:59.916+0000] {processor.py:157} INFO - Started process (PID=1394) to work on /home/airflow/.local/lib/python3.7/site-packages/airflow/example_dags/example_params_ui_tutorial.py
[2024-02-28T18:43:59.918+0000] {processor.py:826} INFO - Processing file /home/airflow/.local/lib/python3.7/site-packages/airflow/example_dags/example_params_ui_tutorial.py for tasks to queue
[2024-02-28T18:43:59.923+0000] {logging_mixin.py:150} INFO - [2024-02-28T18:43:59.923+0000] {dagbag.py:541} INFO - Filling up the DagBag from /home/airflow/.local/lib/python3.7/site-packages/airflow/example_dags/example_params_ui_tutorial.py
[2024-02-28T18:43:59.963+0000] {processor.py:836} INFO - DAG(s) dict_keys(['example_params_ui_tutorial']) retrieved from /home/airflow/.local/lib/python3.7/site-packages/airflow/example_dags/example_params_ui_tutorial.py
[2024-02-28T18:44:00.015+0000] {logging_mixin.py:150} INFO - [2024-02-28T18:44:00.015+0000] {dag.py:2742} INFO - Sync 1 DAGs
[2024-02-28T18:44:00.042+0000] {logging_mixin.py:150} INFO - [2024-02-28T18:44:00.042+0000] {dag.py:3508} INFO - Setting next_dagrun for example_params_ui_tutorial to None, run_after=None
[2024-02-28T18:44:00.069+0000] {processor.py:179} INFO - Processing /home/airflow/.local/lib/python3.7/site-packages/airflow/example_dags/example_params_ui_tutorial.py took 0.157 seconds
[2024-02-28T18:44:30.822+0000] {processor.py:157} INFO - Started process (PID=1457) to work on /home/airflow/.local/lib/python3.7/site-packages/airflow/example_dags/example_params_ui_tutorial.py
[2024-02-28T18:44:30.828+0000] {processor.py:826} INFO - Processing file /home/airflow/.local/lib/python3.7/site-packages/airflow/example_dags/example_params_ui_tutorial.py for tasks to queue
[2024-02-28T18:44:30.832+0000] {logging_mixin.py:150} INFO - [2024-02-28T18:44:30.831+0000] {dagbag.py:541} INFO - Filling up the DagBag from /home/airflow/.local/lib/python3.7/site-packages/airflow/example_dags/example_params_ui_tutorial.py
[2024-02-28T18:44:30.882+0000] {processor.py:836} INFO - DAG(s) dict_keys(['example_params_ui_tutorial']) retrieved from /home/airflow/.local/lib/python3.7/site-packages/airflow/example_dags/example_params_ui_tutorial.py
[2024-02-28T18:44:30.947+0000] {logging_mixin.py:150} INFO - [2024-02-28T18:44:30.947+0000] {dag.py:2742} INFO - Sync 1 DAGs
[2024-02-28T18:44:31.006+0000] {logging_mixin.py:150} INFO - [2024-02-28T18:44:31.006+0000] {dag.py:3508} INFO - Setting next_dagrun for example_params_ui_tutorial to None, run_after=None
[2024-02-28T18:44:31.056+0000] {processor.py:179} INFO - Processing /home/airflow/.local/lib/python3.7/site-packages/airflow/example_dags/example_params_ui_tutorial.py took 0.239 seconds
[2024-02-28T18:45:01.272+0000] {processor.py:157} INFO - Started process (PID=1520) to work on /home/airflow/.local/lib/python3.7/site-packages/airflow/example_dags/example_params_ui_tutorial.py
[2024-02-28T18:45:01.277+0000] {processor.py:826} INFO - Processing file /home/airflow/.local/lib/python3.7/site-packages/airflow/example_dags/example_params_ui_tutorial.py for tasks to queue
[2024-02-28T18:45:01.282+0000] {logging_mixin.py:150} INFO - [2024-02-28T18:45:01.282+0000] {dagbag.py:541} INFO - Filling up the DagBag from /home/airflow/.local/lib/python3.7/site-packages/airflow/example_dags/example_params_ui_tutorial.py
[2024-02-28T18:45:01.341+0000] {processor.py:836} INFO - DAG(s) dict_keys(['example_params_ui_tutorial']) retrieved from /home/airflow/.local/lib/python3.7/site-packages/airflow/example_dags/example_params_ui_tutorial.py
[2024-02-28T18:45:01.393+0000] {logging_mixin.py:150} INFO - [2024-02-28T18:45:01.393+0000] {dag.py:2742} INFO - Sync 1 DAGs
[2024-02-28T18:45:01.420+0000] {logging_mixin.py:150} INFO - [2024-02-28T18:45:01.420+0000] {dag.py:3508} INFO - Setting next_dagrun for example_params_ui_tutorial to None, run_after=None
[2024-02-28T18:45:01.442+0000] {processor.py:179} INFO - Processing /home/airflow/.local/lib/python3.7/site-packages/airflow/example_dags/example_params_ui_tutorial.py took 0.178 seconds
[2024-02-28T18:45:32.311+0000] {processor.py:157} INFO - Started process (PID=1584) to work on /home/airflow/.local/lib/python3.7/site-packages/airflow/example_dags/example_params_ui_tutorial.py
[2024-02-28T18:45:32.313+0000] {processor.py:826} INFO - Processing file /home/airflow/.local/lib/python3.7/site-packages/airflow/example_dags/example_params_ui_tutorial.py for tasks to queue
[2024-02-28T18:45:32.316+0000] {logging_mixin.py:150} INFO - [2024-02-28T18:45:32.316+0000] {dagbag.py:541} INFO - Filling up the DagBag from /home/airflow/.local/lib/python3.7/site-packages/airflow/example_dags/example_params_ui_tutorial.py
[2024-02-28T18:45:32.353+0000] {processor.py:836} INFO - DAG(s) dict_keys(['example_params_ui_tutorial']) retrieved from /home/airflow/.local/lib/python3.7/site-packages/airflow/example_dags/example_params_ui_tutorial.py
[2024-02-28T18:45:32.405+0000] {logging_mixin.py:150} INFO - [2024-02-28T18:45:32.405+0000] {dag.py:2742} INFO - Sync 1 DAGs
[2024-02-28T18:45:32.432+0000] {logging_mixin.py:150} INFO - [2024-02-28T18:45:32.432+0000] {dag.py:3508} INFO - Setting next_dagrun for example_params_ui_tutorial to None, run_after=None
[2024-02-28T18:45:32.451+0000] {processor.py:179} INFO - Processing /home/airflow/.local/lib/python3.7/site-packages/airflow/example_dags/example_params_ui_tutorial.py took 0.144 seconds
[2024-02-28T18:46:03.269+0000] {processor.py:157} INFO - Started process (PID=1647) to work on /home/airflow/.local/lib/python3.7/site-packages/airflow/example_dags/example_params_ui_tutorial.py
[2024-02-28T18:46:03.272+0000] {processor.py:826} INFO - Processing file /home/airflow/.local/lib/python3.7/site-packages/airflow/example_dags/example_params_ui_tutorial.py for tasks to queue
[2024-02-28T18:46:03.275+0000] {logging_mixin.py:150} INFO - [2024-02-28T18:46:03.275+0000] {dagbag.py:541} INFO - Filling up the DagBag from /home/airflow/.local/lib/python3.7/site-packages/airflow/example_dags/example_params_ui_tutorial.py
[2024-02-28T18:46:03.339+0000] {processor.py:836} INFO - DAG(s) dict_keys(['example_params_ui_tutorial']) retrieved from /home/airflow/.local/lib/python3.7/site-packages/airflow/example_dags/example_params_ui_tutorial.py
[2024-02-28T18:46:03.420+0000] {logging_mixin.py:150} INFO - [2024-02-28T18:46:03.420+0000] {dag.py:2742} INFO - Sync 1 DAGs
[2024-02-28T18:46:03.464+0000] {logging_mixin.py:150} INFO - [2024-02-28T18:46:03.464+0000] {dag.py:3508} INFO - Setting next_dagrun for example_params_ui_tutorial to None, run_after=None
[2024-02-28T18:46:03.497+0000] {processor.py:179} INFO - Processing /home/airflow/.local/lib/python3.7/site-packages/airflow/example_dags/example_params_ui_tutorial.py took 0.235 seconds
[2024-02-28T18:46:33.728+0000] {processor.py:157} INFO - Started process (PID=1717) to work on /home/airflow/.local/lib/python3.7/site-packages/airflow/example_dags/example_params_ui_tutorial.py
[2024-02-28T18:46:33.731+0000] {processor.py:826} INFO - Processing file /home/airflow/.local/lib/python3.7/site-packages/airflow/example_dags/example_params_ui_tutorial.py for tasks to queue
[2024-02-28T18:46:33.733+0000] {logging_mixin.py:150} INFO - [2024-02-28T18:46:33.732+0000] {dagbag.py:541} INFO - Filling up the DagBag from /home/airflow/.local/lib/python3.7/site-packages/airflow/example_dags/example_params_ui_tutorial.py
[2024-02-28T18:46:33.770+0000] {processor.py:836} INFO - DAG(s) dict_keys(['example_params_ui_tutorial']) retrieved from /home/airflow/.local/lib/python3.7/site-packages/airflow/example_dags/example_params_ui_tutorial.py
[2024-02-28T18:46:33.818+0000] {logging_mixin.py:150} INFO - [2024-02-28T18:46:33.818+0000] {dag.py:2742} INFO - Sync 1 DAGs
[2024-02-28T18:46:33.849+0000] {logging_mixin.py:150} INFO - [2024-02-28T18:46:33.849+0000] {dag.py:3508} INFO - Setting next_dagrun for example_params_ui_tutorial to None, run_after=None
[2024-02-28T18:46:33.873+0000] {processor.py:179} INFO - Processing /home/airflow/.local/lib/python3.7/site-packages/airflow/example_dags/example_params_ui_tutorial.py took 0.148 seconds
[2024-02-28T18:47:04.093+0000] {processor.py:157} INFO - Started process (PID=1780) to work on /home/airflow/.local/lib/python3.7/site-packages/airflow/example_dags/example_params_ui_tutorial.py
[2024-02-28T18:47:04.097+0000] {processor.py:826} INFO - Processing file /home/airflow/.local/lib/python3.7/site-packages/airflow/example_dags/example_params_ui_tutorial.py for tasks to queue
[2024-02-28T18:47:04.101+0000] {logging_mixin.py:150} INFO - [2024-02-28T18:47:04.100+0000] {dagbag.py:541} INFO - Filling up the DagBag from /home/airflow/.local/lib/python3.7/site-packages/airflow/example_dags/example_params_ui_tutorial.py
[2024-02-28T18:47:04.159+0000] {processor.py:836} INFO - DAG(s) dict_keys(['example_params_ui_tutorial']) retrieved from /home/airflow/.local/lib/python3.7/site-packages/airflow/example_dags/example_params_ui_tutorial.py
[2024-02-28T18:47:04.219+0000] {logging_mixin.py:150} INFO - [2024-02-28T18:47:04.218+0000] {dag.py:2742} INFO - Sync 1 DAGs
[2024-02-28T18:47:04.244+0000] {logging_mixin.py:150} INFO - [2024-02-28T18:47:04.243+0000] {dag.py:3508} INFO - Setting next_dagrun for example_params_ui_tutorial to None, run_after=None
[2024-02-28T18:47:04.269+0000] {processor.py:179} INFO - Processing /home/airflow/.local/lib/python3.7/site-packages/airflow/example_dags/example_params_ui_tutorial.py took 0.184 seconds
[2024-02-28T18:47:34.822+0000] {processor.py:157} INFO - Started process (PID=1843) to work on /home/airflow/.local/lib/python3.7/site-packages/airflow/example_dags/example_params_ui_tutorial.py
[2024-02-28T18:47:34.828+0000] {processor.py:826} INFO - Processing file /home/airflow/.local/lib/python3.7/site-packages/airflow/example_dags/example_params_ui_tutorial.py for tasks to queue
[2024-02-28T18:47:34.833+0000] {logging_mixin.py:150} INFO - [2024-02-28T18:47:34.832+0000] {dagbag.py:541} INFO - Filling up the DagBag from /home/airflow/.local/lib/python3.7/site-packages/airflow/example_dags/example_params_ui_tutorial.py
[2024-02-28T18:47:34.883+0000] {processor.py:836} INFO - DAG(s) dict_keys(['example_params_ui_tutorial']) retrieved from /home/airflow/.local/lib/python3.7/site-packages/airflow/example_dags/example_params_ui_tutorial.py
[2024-02-28T18:47:34.935+0000] {logging_mixin.py:150} INFO - [2024-02-28T18:47:34.934+0000] {dag.py:2742} INFO - Sync 1 DAGs
[2024-02-28T18:47:34.962+0000] {logging_mixin.py:150} INFO - [2024-02-28T18:47:34.962+0000] {dag.py:3508} INFO - Setting next_dagrun for example_params_ui_tutorial to None, run_after=None
[2024-02-28T18:47:34.985+0000] {processor.py:179} INFO - Processing /home/airflow/.local/lib/python3.7/site-packages/airflow/example_dags/example_params_ui_tutorial.py took 0.169 seconds
[2024-02-28T18:48:05.143+0000] {processor.py:157} INFO - Started process (PID=1906) to work on /home/airflow/.local/lib/python3.7/site-packages/airflow/example_dags/example_params_ui_tutorial.py
[2024-02-28T18:48:05.145+0000] {processor.py:826} INFO - Processing file /home/airflow/.local/lib/python3.7/site-packages/airflow/example_dags/example_params_ui_tutorial.py for tasks to queue
[2024-02-28T18:48:05.147+0000] {logging_mixin.py:150} INFO - [2024-02-28T18:48:05.147+0000] {dagbag.py:541} INFO - Filling up the DagBag from /home/airflow/.local/lib/python3.7/site-packages/airflow/example_dags/example_params_ui_tutorial.py
[2024-02-28T18:48:05.189+0000] {processor.py:836} INFO - DAG(s) dict_keys(['example_params_ui_tutorial']) retrieved from /home/airflow/.local/lib/python3.7/site-packages/airflow/example_dags/example_params_ui_tutorial.py
[2024-02-28T18:48:05.250+0000] {logging_mixin.py:150} INFO - [2024-02-28T18:48:05.250+0000] {dag.py:2742} INFO - Sync 1 DAGs
[2024-02-28T18:48:05.276+0000] {logging_mixin.py:150} INFO - [2024-02-28T18:48:05.276+0000] {dag.py:3508} INFO - Setting next_dagrun for example_params_ui_tutorial to None, run_after=None
[2024-02-28T18:48:05.298+0000] {processor.py:179} INFO - Processing /home/airflow/.local/lib/python3.7/site-packages/airflow/example_dags/example_params_ui_tutorial.py took 0.158 seconds
[2024-02-28T18:48:35.489+0000] {processor.py:157} INFO - Started process (PID=1970) to work on /home/airflow/.local/lib/python3.7/site-packages/airflow/example_dags/example_params_ui_tutorial.py
[2024-02-28T18:48:35.491+0000] {processor.py:826} INFO - Processing file /home/airflow/.local/lib/python3.7/site-packages/airflow/example_dags/example_params_ui_tutorial.py for tasks to queue
[2024-02-28T18:48:35.492+0000] {logging_mixin.py:150} INFO - [2024-02-28T18:48:35.492+0000] {dagbag.py:541} INFO - Filling up the DagBag from /home/airflow/.local/lib/python3.7/site-packages/airflow/example_dags/example_params_ui_tutorial.py
[2024-02-28T18:48:35.552+0000] {processor.py:836} INFO - DAG(s) dict_keys(['example_params_ui_tutorial']) retrieved from /home/airflow/.local/lib/python3.7/site-packages/airflow/example_dags/example_params_ui_tutorial.py
[2024-02-28T18:48:35.624+0000] {logging_mixin.py:150} INFO - [2024-02-28T18:48:35.624+0000] {dag.py:2742} INFO - Sync 1 DAGs
[2024-02-28T18:48:35.662+0000] {logging_mixin.py:150} INFO - [2024-02-28T18:48:35.662+0000] {dag.py:3508} INFO - Setting next_dagrun for example_params_ui_tutorial to None, run_after=None
[2024-02-28T18:48:35.686+0000] {processor.py:179} INFO - Processing /home/airflow/.local/lib/python3.7/site-packages/airflow/example_dags/example_params_ui_tutorial.py took 0.201 seconds
[2024-02-28T18:49:09.682+0000] {processor.py:157} INFO - Started process (PID=2031) to work on /home/airflow/.local/lib/python3.7/site-packages/airflow/example_dags/example_params_ui_tutorial.py
[2024-02-28T18:49:09.685+0000] {processor.py:826} INFO - Processing file /home/airflow/.local/lib/python3.7/site-packages/airflow/example_dags/example_params_ui_tutorial.py for tasks to queue
[2024-02-28T18:49:09.688+0000] {logging_mixin.py:150} INFO - [2024-02-28T18:49:09.687+0000] {dagbag.py:541} INFO - Filling up the DagBag from /home/airflow/.local/lib/python3.7/site-packages/airflow/example_dags/example_params_ui_tutorial.py
[2024-02-28T18:49:09.764+0000] {processor.py:836} INFO - DAG(s) dict_keys(['example_params_ui_tutorial']) retrieved from /home/airflow/.local/lib/python3.7/site-packages/airflow/example_dags/example_params_ui_tutorial.py
[2024-02-28T18:49:09.845+0000] {logging_mixin.py:150} INFO - [2024-02-28T18:49:09.845+0000] {dag.py:2742} INFO - Sync 1 DAGs
[2024-02-28T18:49:09.910+0000] {logging_mixin.py:150} INFO - [2024-02-28T18:49:09.909+0000] {dag.py:3508} INFO - Setting next_dagrun for example_params_ui_tutorial to None, run_after=None
[2024-02-28T18:49:09.949+0000] {processor.py:179} INFO - Processing /home/airflow/.local/lib/python3.7/site-packages/airflow/example_dags/example_params_ui_tutorial.py took 0.271 seconds
[2024-02-28T18:49:40.300+0000] {processor.py:157} INFO - Started process (PID=2102) to work on /home/airflow/.local/lib/python3.7/site-packages/airflow/example_dags/example_params_ui_tutorial.py
[2024-02-28T18:49:40.303+0000] {processor.py:826} INFO - Processing file /home/airflow/.local/lib/python3.7/site-packages/airflow/example_dags/example_params_ui_tutorial.py for tasks to queue
[2024-02-28T18:49:40.305+0000] {logging_mixin.py:150} INFO - [2024-02-28T18:49:40.305+0000] {dagbag.py:541} INFO - Filling up the DagBag from /home/airflow/.local/lib/python3.7/site-packages/airflow/example_dags/example_params_ui_tutorial.py
[2024-02-28T18:49:40.348+0000] {processor.py:836} INFO - DAG(s) dict_keys(['example_params_ui_tutorial']) retrieved from /home/airflow/.local/lib/python3.7/site-packages/airflow/example_dags/example_params_ui_tutorial.py
[2024-02-28T18:49:40.410+0000] {logging_mixin.py:150} INFO - [2024-02-28T18:49:40.410+0000] {dag.py:2742} INFO - Sync 1 DAGs
[2024-02-28T18:49:40.444+0000] {logging_mixin.py:150} INFO - [2024-02-28T18:49:40.443+0000] {dag.py:3508} INFO - Setting next_dagrun for example_params_ui_tutorial to None, run_after=None
[2024-02-28T18:49:40.471+0000] {processor.py:179} INFO - Processing /home/airflow/.local/lib/python3.7/site-packages/airflow/example_dags/example_params_ui_tutorial.py took 0.175 seconds
[2024-02-28T18:50:11.706+0000] {processor.py:157} INFO - Started process (PID=2165) to work on /home/airflow/.local/lib/python3.7/site-packages/airflow/example_dags/example_params_ui_tutorial.py
[2024-02-28T18:50:11.711+0000] {processor.py:826} INFO - Processing file /home/airflow/.local/lib/python3.7/site-packages/airflow/example_dags/example_params_ui_tutorial.py for tasks to queue
[2024-02-28T18:50:11.714+0000] {logging_mixin.py:150} INFO - [2024-02-28T18:50:11.714+0000] {dagbag.py:541} INFO - Filling up the DagBag from /home/airflow/.local/lib/python3.7/site-packages/airflow/example_dags/example_params_ui_tutorial.py
[2024-02-28T18:50:11.781+0000] {processor.py:836} INFO - DAG(s) dict_keys(['example_params_ui_tutorial']) retrieved from /home/airflow/.local/lib/python3.7/site-packages/airflow/example_dags/example_params_ui_tutorial.py
[2024-02-28T18:50:11.940+0000] {logging_mixin.py:150} INFO - [2024-02-28T18:50:11.939+0000] {dag.py:2742} INFO - Sync 1 DAGs
[2024-02-28T18:50:11.991+0000] {logging_mixin.py:150} INFO - [2024-02-28T18:50:11.991+0000] {dag.py:3508} INFO - Setting next_dagrun for example_params_ui_tutorial to None, run_after=None
[2024-02-28T18:50:12.032+0000] {processor.py:179} INFO - Processing /home/airflow/.local/lib/python3.7/site-packages/airflow/example_dags/example_params_ui_tutorial.py took 0.334 seconds
[2024-02-28T18:50:42.591+0000] {processor.py:157} INFO - Started process (PID=2232) to work on /home/airflow/.local/lib/python3.7/site-packages/airflow/example_dags/example_params_ui_tutorial.py
[2024-02-28T18:50:42.595+0000] {processor.py:826} INFO - Processing file /home/airflow/.local/lib/python3.7/site-packages/airflow/example_dags/example_params_ui_tutorial.py for tasks to queue
[2024-02-28T18:50:42.599+0000] {logging_mixin.py:150} INFO - [2024-02-28T18:50:42.598+0000] {dagbag.py:541} INFO - Filling up the DagBag from /home/airflow/.local/lib/python3.7/site-packages/airflow/example_dags/example_params_ui_tutorial.py
[2024-02-28T18:50:42.656+0000] {processor.py:836} INFO - DAG(s) dict_keys(['example_params_ui_tutorial']) retrieved from /home/airflow/.local/lib/python3.7/site-packages/airflow/example_dags/example_params_ui_tutorial.py
[2024-02-28T18:50:42.736+0000] {logging_mixin.py:150} INFO - [2024-02-28T18:50:42.736+0000] {dag.py:2742} INFO - Sync 1 DAGs
[2024-02-28T18:50:42.769+0000] {logging_mixin.py:150} INFO - [2024-02-28T18:50:42.769+0000] {dag.py:3508} INFO - Setting next_dagrun for example_params_ui_tutorial to None, run_after=None
[2024-02-28T18:50:42.802+0000] {processor.py:179} INFO - Processing /home/airflow/.local/lib/python3.7/site-packages/airflow/example_dags/example_params_ui_tutorial.py took 0.223 seconds
[2024-02-28T18:51:13.251+0000] {processor.py:157} INFO - Started process (PID=2299) to work on /home/airflow/.local/lib/python3.7/site-packages/airflow/example_dags/example_params_ui_tutorial.py
[2024-02-28T18:51:13.253+0000] {processor.py:826} INFO - Processing file /home/airflow/.local/lib/python3.7/site-packages/airflow/example_dags/example_params_ui_tutorial.py for tasks to queue
[2024-02-28T18:51:13.257+0000] {logging_mixin.py:150} INFO - [2024-02-28T18:51:13.256+0000] {dagbag.py:541} INFO - Filling up the DagBag from /home/airflow/.local/lib/python3.7/site-packages/airflow/example_dags/example_params_ui_tutorial.py
[2024-02-28T18:51:13.329+0000] {processor.py:836} INFO - DAG(s) dict_keys(['example_params_ui_tutorial']) retrieved from /home/airflow/.local/lib/python3.7/site-packages/airflow/example_dags/example_params_ui_tutorial.py
[2024-02-28T18:51:13.383+0000] {logging_mixin.py:150} INFO - [2024-02-28T18:51:13.383+0000] {dag.py:2742} INFO - Sync 1 DAGs
[2024-02-28T18:51:13.411+0000] {logging_mixin.py:150} INFO - [2024-02-28T18:51:13.411+0000] {dag.py:3508} INFO - Setting next_dagrun for example_params_ui_tutorial to None, run_after=None
[2024-02-28T18:51:13.435+0000] {processor.py:179} INFO - Processing /home/airflow/.local/lib/python3.7/site-packages/airflow/example_dags/example_params_ui_tutorial.py took 0.190 seconds
[2024-02-28T18:51:44.302+0000] {processor.py:157} INFO - Started process (PID=2362) to work on /home/airflow/.local/lib/python3.7/site-packages/airflow/example_dags/example_params_ui_tutorial.py
[2024-02-28T18:51:44.308+0000] {processor.py:826} INFO - Processing file /home/airflow/.local/lib/python3.7/site-packages/airflow/example_dags/example_params_ui_tutorial.py for tasks to queue
[2024-02-28T18:51:44.311+0000] {logging_mixin.py:150} INFO - [2024-02-28T18:51:44.311+0000] {dagbag.py:541} INFO - Filling up the DagBag from /home/airflow/.local/lib/python3.7/site-packages/airflow/example_dags/example_params_ui_tutorial.py
[2024-02-28T18:51:44.426+0000] {processor.py:836} INFO - DAG(s) dict_keys(['example_params_ui_tutorial']) retrieved from /home/airflow/.local/lib/python3.7/site-packages/airflow/example_dags/example_params_ui_tutorial.py
[2024-02-28T18:51:44.577+0000] {logging_mixin.py:150} INFO - [2024-02-28T18:51:44.576+0000] {dag.py:2742} INFO - Sync 1 DAGs
[2024-02-28T18:51:44.668+0000] {logging_mixin.py:150} INFO - [2024-02-28T18:51:44.668+0000] {dag.py:3508} INFO - Setting next_dagrun for example_params_ui_tutorial to None, run_after=None
[2024-02-28T18:51:44.755+0000] {processor.py:179} INFO - Processing /home/airflow/.local/lib/python3.7/site-packages/airflow/example_dags/example_params_ui_tutorial.py took 0.475 seconds
[2024-02-28T18:52:14.841+0000] {processor.py:157} INFO - Started process (PID=2433) to work on /home/airflow/.local/lib/python3.7/site-packages/airflow/example_dags/example_params_ui_tutorial.py
[2024-02-28T18:52:14.845+0000] {processor.py:826} INFO - Processing file /home/airflow/.local/lib/python3.7/site-packages/airflow/example_dags/example_params_ui_tutorial.py for tasks to queue
[2024-02-28T18:52:14.850+0000] {logging_mixin.py:150} INFO - [2024-02-28T18:52:14.849+0000] {dagbag.py:541} INFO - Filling up the DagBag from /home/airflow/.local/lib/python3.7/site-packages/airflow/example_dags/example_params_ui_tutorial.py
[2024-02-28T18:52:14.901+0000] {processor.py:836} INFO - DAG(s) dict_keys(['example_params_ui_tutorial']) retrieved from /home/airflow/.local/lib/python3.7/site-packages/airflow/example_dags/example_params_ui_tutorial.py
[2024-02-28T18:52:14.961+0000] {logging_mixin.py:150} INFO - [2024-02-28T18:52:14.961+0000] {dag.py:2742} INFO - Sync 1 DAGs
[2024-02-28T18:52:14.989+0000] {logging_mixin.py:150} INFO - [2024-02-28T18:52:14.988+0000] {dag.py:3508} INFO - Setting next_dagrun for example_params_ui_tutorial to None, run_after=None
[2024-02-28T18:52:15.007+0000] {processor.py:179} INFO - Processing /home/airflow/.local/lib/python3.7/site-packages/airflow/example_dags/example_params_ui_tutorial.py took 0.170 seconds
[2024-02-28T18:52:45.226+0000] {processor.py:157} INFO - Started process (PID=2496) to work on /home/airflow/.local/lib/python3.7/site-packages/airflow/example_dags/example_params_ui_tutorial.py
[2024-02-28T18:52:45.230+0000] {processor.py:826} INFO - Processing file /home/airflow/.local/lib/python3.7/site-packages/airflow/example_dags/example_params_ui_tutorial.py for tasks to queue
[2024-02-28T18:52:45.236+0000] {logging_mixin.py:150} INFO - [2024-02-28T18:52:45.235+0000] {dagbag.py:541} INFO - Filling up the DagBag from /home/airflow/.local/lib/python3.7/site-packages/airflow/example_dags/example_params_ui_tutorial.py
[2024-02-28T18:52:45.289+0000] {processor.py:836} INFO - DAG(s) dict_keys(['example_params_ui_tutorial']) retrieved from /home/airflow/.local/lib/python3.7/site-packages/airflow/example_dags/example_params_ui_tutorial.py
[2024-02-28T18:52:45.353+0000] {logging_mixin.py:150} INFO - [2024-02-28T18:52:45.352+0000] {dag.py:2742} INFO - Sync 1 DAGs
[2024-02-28T18:52:45.377+0000] {logging_mixin.py:150} INFO - [2024-02-28T18:52:45.377+0000] {dag.py:3508} INFO - Setting next_dagrun for example_params_ui_tutorial to None, run_after=None
[2024-02-28T18:52:45.403+0000] {processor.py:179} INFO - Processing /home/airflow/.local/lib/python3.7/site-packages/airflow/example_dags/example_params_ui_tutorial.py took 0.183 seconds
