[2024-02-28T18:33:11.920+0000] {processor.py:157} INFO - Started process (PID=57) to work on /home/airflow/.local/lib/python3.7/site-packages/airflow/example_dags/example_nested_branch_dag.py
[2024-02-28T18:33:11.931+0000] {processor.py:826} INFO - Processing file /home/airflow/.local/lib/python3.7/site-packages/airflow/example_dags/example_nested_branch_dag.py for tasks to queue
[2024-02-28T18:33:11.935+0000] {logging_mixin.py:150} INFO - [2024-02-28T18:33:11.934+0000] {dagbag.py:541} INFO - Filling up the DagBag from /home/airflow/.local/lib/python3.7/site-packages/airflow/example_dags/example_nested_branch_dag.py
[2024-02-28T18:33:11.957+0000] {processor.py:836} INFO - DAG(s) dict_keys(['example_nested_branch_dag']) retrieved from /home/airflow/.local/lib/python3.7/site-packages/airflow/example_dags/example_nested_branch_dag.py
[2024-02-28T18:33:11.989+0000] {logging_mixin.py:150} INFO - [2024-02-28T18:33:11.988+0000] {dag.py:2742} INFO - Sync 1 DAGs
[2024-02-28T18:33:12.073+0000] {logging_mixin.py:150} INFO - [2024-02-28T18:33:12.073+0000] {dag.py:3508} INFO - Setting next_dagrun for example_nested_branch_dag to 2024-02-27T00:00:00+00:00, run_after=2024-02-28T00:00:00+00:00
[2024-02-28T18:33:12.150+0000] {processor.py:179} INFO - Processing /home/airflow/.local/lib/python3.7/site-packages/airflow/example_dags/example_nested_branch_dag.py took 0.239 seconds
[2024-02-28T18:33:43.103+0000] {processor.py:157} INFO - Started process (PID=120) to work on /home/airflow/.local/lib/python3.7/site-packages/airflow/example_dags/example_nested_branch_dag.py
[2024-02-28T18:33:43.108+0000] {processor.py:826} INFO - Processing file /home/airflow/.local/lib/python3.7/site-packages/airflow/example_dags/example_nested_branch_dag.py for tasks to queue
[2024-02-28T18:33:43.110+0000] {logging_mixin.py:150} INFO - [2024-02-28T18:33:43.110+0000] {dagbag.py:541} INFO - Filling up the DagBag from /home/airflow/.local/lib/python3.7/site-packages/airflow/example_dags/example_nested_branch_dag.py
[2024-02-28T18:33:43.129+0000] {processor.py:836} INFO - DAG(s) dict_keys(['example_nested_branch_dag']) retrieved from /home/airflow/.local/lib/python3.7/site-packages/airflow/example_dags/example_nested_branch_dag.py
[2024-02-28T18:33:43.167+0000] {logging_mixin.py:150} INFO - [2024-02-28T18:33:43.166+0000] {dag.py:2742} INFO - Sync 1 DAGs
[2024-02-28T18:33:43.193+0000] {logging_mixin.py:150} INFO - [2024-02-28T18:33:43.192+0000] {dag.py:3508} INFO - Setting next_dagrun for example_nested_branch_dag to 2024-02-27T00:00:00+00:00, run_after=2024-02-28T00:00:00+00:00
[2024-02-28T18:33:43.209+0000] {processor.py:179} INFO - Processing /home/airflow/.local/lib/python3.7/site-packages/airflow/example_dags/example_nested_branch_dag.py took 0.114 seconds
[2024-02-28T18:34:13.327+0000] {processor.py:157} INFO - Started process (PID=183) to work on /home/airflow/.local/lib/python3.7/site-packages/airflow/example_dags/example_nested_branch_dag.py
[2024-02-28T18:34:13.330+0000] {processor.py:826} INFO - Processing file /home/airflow/.local/lib/python3.7/site-packages/airflow/example_dags/example_nested_branch_dag.py for tasks to queue
[2024-02-28T18:34:13.339+0000] {logging_mixin.py:150} INFO - [2024-02-28T18:34:13.338+0000] {dagbag.py:541} INFO - Filling up the DagBag from /home/airflow/.local/lib/python3.7/site-packages/airflow/example_dags/example_nested_branch_dag.py
[2024-02-28T18:34:13.371+0000] {processor.py:836} INFO - DAG(s) dict_keys(['example_nested_branch_dag']) retrieved from /home/airflow/.local/lib/python3.7/site-packages/airflow/example_dags/example_nested_branch_dag.py
[2024-02-28T18:34:13.410+0000] {logging_mixin.py:150} INFO - [2024-02-28T18:34:13.410+0000] {dag.py:2742} INFO - Sync 1 DAGs
[2024-02-28T18:34:13.438+0000] {logging_mixin.py:150} INFO - [2024-02-28T18:34:13.438+0000] {dag.py:3508} INFO - Setting next_dagrun for example_nested_branch_dag to 2024-02-27T00:00:00+00:00, run_after=2024-02-28T00:00:00+00:00
[2024-02-28T18:34:13.467+0000] {processor.py:179} INFO - Processing /home/airflow/.local/lib/python3.7/site-packages/airflow/example_dags/example_nested_branch_dag.py took 0.147 seconds
[2024-02-28T18:34:43.686+0000] {processor.py:157} INFO - Started process (PID=246) to work on /home/airflow/.local/lib/python3.7/site-packages/airflow/example_dags/example_nested_branch_dag.py
[2024-02-28T18:34:43.689+0000] {processor.py:826} INFO - Processing file /home/airflow/.local/lib/python3.7/site-packages/airflow/example_dags/example_nested_branch_dag.py for tasks to queue
[2024-02-28T18:34:43.692+0000] {logging_mixin.py:150} INFO - [2024-02-28T18:34:43.692+0000] {dagbag.py:541} INFO - Filling up the DagBag from /home/airflow/.local/lib/python3.7/site-packages/airflow/example_dags/example_nested_branch_dag.py
[2024-02-28T18:34:43.715+0000] {processor.py:836} INFO - DAG(s) dict_keys(['example_nested_branch_dag']) retrieved from /home/airflow/.local/lib/python3.7/site-packages/airflow/example_dags/example_nested_branch_dag.py
[2024-02-28T18:34:43.905+0000] {logging_mixin.py:150} INFO - [2024-02-28T18:34:43.905+0000] {dag.py:2742} INFO - Sync 1 DAGs
[2024-02-28T18:34:43.990+0000] {logging_mixin.py:150} INFO - [2024-02-28T18:34:43.990+0000] {dag.py:3508} INFO - Setting next_dagrun for example_nested_branch_dag to 2024-02-27T00:00:00+00:00, run_after=2024-02-28T00:00:00+00:00
[2024-02-28T18:34:44.090+0000] {processor.py:179} INFO - Processing /home/airflow/.local/lib/python3.7/site-packages/airflow/example_dags/example_nested_branch_dag.py took 0.410 seconds
[2024-02-28T18:35:14.392+0000] {processor.py:157} INFO - Started process (PID=310) to work on /home/airflow/.local/lib/python3.7/site-packages/airflow/example_dags/example_nested_branch_dag.py
[2024-02-28T18:35:14.395+0000] {processor.py:826} INFO - Processing file /home/airflow/.local/lib/python3.7/site-packages/airflow/example_dags/example_nested_branch_dag.py for tasks to queue
[2024-02-28T18:35:14.396+0000] {logging_mixin.py:150} INFO - [2024-02-28T18:35:14.396+0000] {dagbag.py:541} INFO - Filling up the DagBag from /home/airflow/.local/lib/python3.7/site-packages/airflow/example_dags/example_nested_branch_dag.py
[2024-02-28T18:35:14.405+0000] {processor.py:836} INFO - DAG(s) dict_keys(['example_nested_branch_dag']) retrieved from /home/airflow/.local/lib/python3.7/site-packages/airflow/example_dags/example_nested_branch_dag.py
[2024-02-28T18:35:14.435+0000] {logging_mixin.py:150} INFO - [2024-02-28T18:35:14.435+0000] {dag.py:2742} INFO - Sync 1 DAGs
[2024-02-28T18:35:14.460+0000] {logging_mixin.py:150} INFO - [2024-02-28T18:35:14.459+0000] {dag.py:3508} INFO - Setting next_dagrun for example_nested_branch_dag to 2024-02-27T00:00:00+00:00, run_after=2024-02-28T00:00:00+00:00
[2024-02-28T18:35:14.474+0000] {processor.py:179} INFO - Processing /home/airflow/.local/lib/python3.7/site-packages/airflow/example_dags/example_nested_branch_dag.py took 0.086 seconds
[2024-02-28T18:35:45.264+0000] {processor.py:157} INFO - Started process (PID=374) to work on /home/airflow/.local/lib/python3.7/site-packages/airflow/example_dags/example_nested_branch_dag.py
[2024-02-28T18:35:45.266+0000] {processor.py:826} INFO - Processing file /home/airflow/.local/lib/python3.7/site-packages/airflow/example_dags/example_nested_branch_dag.py for tasks to queue
[2024-02-28T18:35:45.268+0000] {logging_mixin.py:150} INFO - [2024-02-28T18:35:45.268+0000] {dagbag.py:541} INFO - Filling up the DagBag from /home/airflow/.local/lib/python3.7/site-packages/airflow/example_dags/example_nested_branch_dag.py
[2024-02-28T18:35:45.280+0000] {processor.py:836} INFO - DAG(s) dict_keys(['example_nested_branch_dag']) retrieved from /home/airflow/.local/lib/python3.7/site-packages/airflow/example_dags/example_nested_branch_dag.py
[2024-02-28T18:35:45.306+0000] {logging_mixin.py:150} INFO - [2024-02-28T18:35:45.306+0000] {dag.py:2742} INFO - Sync 1 DAGs
[2024-02-28T18:35:45.346+0000] {logging_mixin.py:150} INFO - [2024-02-28T18:35:45.346+0000] {dag.py:3508} INFO - Setting next_dagrun for example_nested_branch_dag to 2024-02-27T00:00:00+00:00, run_after=2024-02-28T00:00:00+00:00
[2024-02-28T18:35:45.366+0000] {processor.py:179} INFO - Processing /home/airflow/.local/lib/python3.7/site-packages/airflow/example_dags/example_nested_branch_dag.py took 0.105 seconds
[2024-02-28T18:36:16.351+0000] {processor.py:157} INFO - Started process (PID=437) to work on /home/airflow/.local/lib/python3.7/site-packages/airflow/example_dags/example_nested_branch_dag.py
[2024-02-28T18:36:16.354+0000] {processor.py:826} INFO - Processing file /home/airflow/.local/lib/python3.7/site-packages/airflow/example_dags/example_nested_branch_dag.py for tasks to queue
[2024-02-28T18:36:16.356+0000] {logging_mixin.py:150} INFO - [2024-02-28T18:36:16.355+0000] {dagbag.py:541} INFO - Filling up the DagBag from /home/airflow/.local/lib/python3.7/site-packages/airflow/example_dags/example_nested_branch_dag.py
[2024-02-28T18:36:16.367+0000] {processor.py:836} INFO - DAG(s) dict_keys(['example_nested_branch_dag']) retrieved from /home/airflow/.local/lib/python3.7/site-packages/airflow/example_dags/example_nested_branch_dag.py
[2024-02-28T18:36:16.394+0000] {logging_mixin.py:150} INFO - [2024-02-28T18:36:16.394+0000] {dag.py:2742} INFO - Sync 1 DAGs
[2024-02-28T18:36:16.427+0000] {logging_mixin.py:150} INFO - [2024-02-28T18:36:16.427+0000] {dag.py:3508} INFO - Setting next_dagrun for example_nested_branch_dag to 2024-02-27T00:00:00+00:00, run_after=2024-02-28T00:00:00+00:00
[2024-02-28T18:36:16.444+0000] {processor.py:179} INFO - Processing /home/airflow/.local/lib/python3.7/site-packages/airflow/example_dags/example_nested_branch_dag.py took 0.096 seconds
[2024-02-28T18:36:48.399+0000] {processor.py:157} INFO - Started process (PID=500) to work on /home/airflow/.local/lib/python3.7/site-packages/airflow/example_dags/example_nested_branch_dag.py
[2024-02-28T18:36:48.401+0000] {processor.py:826} INFO - Processing file /home/airflow/.local/lib/python3.7/site-packages/airflow/example_dags/example_nested_branch_dag.py for tasks to queue
[2024-02-28T18:36:48.403+0000] {logging_mixin.py:150} INFO - [2024-02-28T18:36:48.403+0000] {dagbag.py:541} INFO - Filling up the DagBag from /home/airflow/.local/lib/python3.7/site-packages/airflow/example_dags/example_nested_branch_dag.py
[2024-02-28T18:36:48.413+0000] {processor.py:836} INFO - DAG(s) dict_keys(['example_nested_branch_dag']) retrieved from /home/airflow/.local/lib/python3.7/site-packages/airflow/example_dags/example_nested_branch_dag.py
[2024-02-28T18:36:48.444+0000] {logging_mixin.py:150} INFO - [2024-02-28T18:36:48.443+0000] {dag.py:2742} INFO - Sync 1 DAGs
[2024-02-28T18:36:48.471+0000] {logging_mixin.py:150} INFO - [2024-02-28T18:36:48.471+0000] {dag.py:3508} INFO - Setting next_dagrun for example_nested_branch_dag to 2024-02-27T00:00:00+00:00, run_after=2024-02-28T00:00:00+00:00
[2024-02-28T18:36:48.490+0000] {processor.py:179} INFO - Processing /home/airflow/.local/lib/python3.7/site-packages/airflow/example_dags/example_nested_branch_dag.py took 0.095 seconds
[2024-02-28T18:37:19.052+0000] {processor.py:157} INFO - Started process (PID=563) to work on /home/airflow/.local/lib/python3.7/site-packages/airflow/example_dags/example_nested_branch_dag.py
[2024-02-28T18:37:19.055+0000] {processor.py:826} INFO - Processing file /home/airflow/.local/lib/python3.7/site-packages/airflow/example_dags/example_nested_branch_dag.py for tasks to queue
[2024-02-28T18:37:19.057+0000] {logging_mixin.py:150} INFO - [2024-02-28T18:37:19.057+0000] {dagbag.py:541} INFO - Filling up the DagBag from /home/airflow/.local/lib/python3.7/site-packages/airflow/example_dags/example_nested_branch_dag.py
[2024-02-28T18:37:19.070+0000] {processor.py:836} INFO - DAG(s) dict_keys(['example_nested_branch_dag']) retrieved from /home/airflow/.local/lib/python3.7/site-packages/airflow/example_dags/example_nested_branch_dag.py
[2024-02-28T18:37:19.109+0000] {logging_mixin.py:150} INFO - [2024-02-28T18:37:19.109+0000] {dag.py:2742} INFO - Sync 1 DAGs
[2024-02-28T18:37:19.150+0000] {logging_mixin.py:150} INFO - [2024-02-28T18:37:19.150+0000] {dag.py:3508} INFO - Setting next_dagrun for example_nested_branch_dag to 2024-02-27T00:00:00+00:00, run_after=2024-02-28T00:00:00+00:00
[2024-02-28T18:37:19.171+0000] {processor.py:179} INFO - Processing /home/airflow/.local/lib/python3.7/site-packages/airflow/example_dags/example_nested_branch_dag.py took 0.124 seconds
[2024-02-28T18:37:49.249+0000] {processor.py:157} INFO - Started process (PID=626) to work on /home/airflow/.local/lib/python3.7/site-packages/airflow/example_dags/example_nested_branch_dag.py
[2024-02-28T18:37:49.252+0000] {processor.py:826} INFO - Processing file /home/airflow/.local/lib/python3.7/site-packages/airflow/example_dags/example_nested_branch_dag.py for tasks to queue
[2024-02-28T18:37:49.254+0000] {logging_mixin.py:150} INFO - [2024-02-28T18:37:49.254+0000] {dagbag.py:541} INFO - Filling up the DagBag from /home/airflow/.local/lib/python3.7/site-packages/airflow/example_dags/example_nested_branch_dag.py
[2024-02-28T18:37:49.264+0000] {processor.py:836} INFO - DAG(s) dict_keys(['example_nested_branch_dag']) retrieved from /home/airflow/.local/lib/python3.7/site-packages/airflow/example_dags/example_nested_branch_dag.py
[2024-02-28T18:37:49.292+0000] {logging_mixin.py:150} INFO - [2024-02-28T18:37:49.292+0000] {dag.py:2742} INFO - Sync 1 DAGs
[2024-02-28T18:37:49.323+0000] {logging_mixin.py:150} INFO - [2024-02-28T18:37:49.323+0000] {dag.py:3508} INFO - Setting next_dagrun for example_nested_branch_dag to 2024-02-27T00:00:00+00:00, run_after=2024-02-28T00:00:00+00:00
[2024-02-28T18:37:49.341+0000] {processor.py:179} INFO - Processing /home/airflow/.local/lib/python3.7/site-packages/airflow/example_dags/example_nested_branch_dag.py took 0.095 seconds
[2024-02-28T18:38:19.761+0000] {processor.py:157} INFO - Started process (PID=688) to work on /home/airflow/.local/lib/python3.7/site-packages/airflow/example_dags/example_nested_branch_dag.py
[2024-02-28T18:38:19.764+0000] {processor.py:826} INFO - Processing file /home/airflow/.local/lib/python3.7/site-packages/airflow/example_dags/example_nested_branch_dag.py for tasks to queue
[2024-02-28T18:38:19.767+0000] {logging_mixin.py:150} INFO - [2024-02-28T18:38:19.766+0000] {dagbag.py:541} INFO - Filling up the DagBag from /home/airflow/.local/lib/python3.7/site-packages/airflow/example_dags/example_nested_branch_dag.py
[2024-02-28T18:38:19.779+0000] {processor.py:836} INFO - DAG(s) dict_keys(['example_nested_branch_dag']) retrieved from /home/airflow/.local/lib/python3.7/site-packages/airflow/example_dags/example_nested_branch_dag.py
[2024-02-28T18:38:19.812+0000] {logging_mixin.py:150} INFO - [2024-02-28T18:38:19.811+0000] {dag.py:2742} INFO - Sync 1 DAGs
[2024-02-28T18:38:19.838+0000] {logging_mixin.py:150} INFO - [2024-02-28T18:38:19.838+0000] {dag.py:3508} INFO - Setting next_dagrun for example_nested_branch_dag to 2024-02-27T00:00:00+00:00, run_after=2024-02-28T00:00:00+00:00
[2024-02-28T18:38:19.859+0000] {processor.py:179} INFO - Processing /home/airflow/.local/lib/python3.7/site-packages/airflow/example_dags/example_nested_branch_dag.py took 0.101 seconds
[2024-02-28T18:38:50.673+0000] {processor.py:157} INFO - Started process (PID=750) to work on /home/airflow/.local/lib/python3.7/site-packages/airflow/example_dags/example_nested_branch_dag.py
[2024-02-28T18:38:50.677+0000] {processor.py:826} INFO - Processing file /home/airflow/.local/lib/python3.7/site-packages/airflow/example_dags/example_nested_branch_dag.py for tasks to queue
[2024-02-28T18:38:50.683+0000] {logging_mixin.py:150} INFO - [2024-02-28T18:38:50.682+0000] {dagbag.py:541} INFO - Filling up the DagBag from /home/airflow/.local/lib/python3.7/site-packages/airflow/example_dags/example_nested_branch_dag.py
[2024-02-28T18:38:50.701+0000] {processor.py:836} INFO - DAG(s) dict_keys(['example_nested_branch_dag']) retrieved from /home/airflow/.local/lib/python3.7/site-packages/airflow/example_dags/example_nested_branch_dag.py
[2024-02-28T18:38:50.764+0000] {logging_mixin.py:150} INFO - [2024-02-28T18:38:50.764+0000] {dag.py:2742} INFO - Sync 1 DAGs
[2024-02-28T18:38:50.823+0000] {logging_mixin.py:150} INFO - [2024-02-28T18:38:50.823+0000] {dag.py:3508} INFO - Setting next_dagrun for example_nested_branch_dag to 2024-02-27T00:00:00+00:00, run_after=2024-02-28T00:00:00+00:00
[2024-02-28T18:38:50.858+0000] {processor.py:179} INFO - Processing /home/airflow/.local/lib/python3.7/site-packages/airflow/example_dags/example_nested_branch_dag.py took 0.189 seconds
[2024-02-28T18:39:21.589+0000] {processor.py:157} INFO - Started process (PID=813) to work on /home/airflow/.local/lib/python3.7/site-packages/airflow/example_dags/example_nested_branch_dag.py
[2024-02-28T18:39:21.591+0000] {processor.py:826} INFO - Processing file /home/airflow/.local/lib/python3.7/site-packages/airflow/example_dags/example_nested_branch_dag.py for tasks to queue
[2024-02-28T18:39:21.593+0000] {logging_mixin.py:150} INFO - [2024-02-28T18:39:21.592+0000] {dagbag.py:541} INFO - Filling up the DagBag from /home/airflow/.local/lib/python3.7/site-packages/airflow/example_dags/example_nested_branch_dag.py
[2024-02-28T18:39:21.603+0000] {processor.py:836} INFO - DAG(s) dict_keys(['example_nested_branch_dag']) retrieved from /home/airflow/.local/lib/python3.7/site-packages/airflow/example_dags/example_nested_branch_dag.py
[2024-02-28T18:39:21.635+0000] {logging_mixin.py:150} INFO - [2024-02-28T18:39:21.635+0000] {dag.py:2742} INFO - Sync 1 DAGs
[2024-02-28T18:39:21.672+0000] {logging_mixin.py:150} INFO - [2024-02-28T18:39:21.671+0000] {dag.py:3508} INFO - Setting next_dagrun for example_nested_branch_dag to 2024-02-27T00:00:00+00:00, run_after=2024-02-28T00:00:00+00:00
[2024-02-28T18:39:21.701+0000] {processor.py:179} INFO - Processing /home/airflow/.local/lib/python3.7/site-packages/airflow/example_dags/example_nested_branch_dag.py took 0.116 seconds
[2024-02-28T18:39:51.868+0000] {processor.py:157} INFO - Started process (PID=877) to work on /home/airflow/.local/lib/python3.7/site-packages/airflow/example_dags/example_nested_branch_dag.py
[2024-02-28T18:39:51.869+0000] {processor.py:826} INFO - Processing file /home/airflow/.local/lib/python3.7/site-packages/airflow/example_dags/example_nested_branch_dag.py for tasks to queue
[2024-02-28T18:39:51.871+0000] {logging_mixin.py:150} INFO - [2024-02-28T18:39:51.871+0000] {dagbag.py:541} INFO - Filling up the DagBag from /home/airflow/.local/lib/python3.7/site-packages/airflow/example_dags/example_nested_branch_dag.py
[2024-02-28T18:39:51.880+0000] {processor.py:836} INFO - DAG(s) dict_keys(['example_nested_branch_dag']) retrieved from /home/airflow/.local/lib/python3.7/site-packages/airflow/example_dags/example_nested_branch_dag.py
[2024-02-28T18:39:51.910+0000] {logging_mixin.py:150} INFO - [2024-02-28T18:39:51.910+0000] {dag.py:2742} INFO - Sync 1 DAGs
[2024-02-28T18:39:51.930+0000] {logging_mixin.py:150} INFO - [2024-02-28T18:39:51.930+0000] {dag.py:3508} INFO - Setting next_dagrun for example_nested_branch_dag to 2024-02-27T00:00:00+00:00, run_after=2024-02-28T00:00:00+00:00
[2024-02-28T18:39:51.944+0000] {processor.py:179} INFO - Processing /home/airflow/.local/lib/python3.7/site-packages/airflow/example_dags/example_nested_branch_dag.py took 0.080 seconds
[2024-02-28T18:40:22.644+0000] {processor.py:157} INFO - Started process (PID=940) to work on /home/airflow/.local/lib/python3.7/site-packages/airflow/example_dags/example_nested_branch_dag.py
[2024-02-28T18:40:22.646+0000] {processor.py:826} INFO - Processing file /home/airflow/.local/lib/python3.7/site-packages/airflow/example_dags/example_nested_branch_dag.py for tasks to queue
[2024-02-28T18:40:22.650+0000] {logging_mixin.py:150} INFO - [2024-02-28T18:40:22.649+0000] {dagbag.py:541} INFO - Filling up the DagBag from /home/airflow/.local/lib/python3.7/site-packages/airflow/example_dags/example_nested_branch_dag.py
[2024-02-28T18:40:22.660+0000] {processor.py:836} INFO - DAG(s) dict_keys(['example_nested_branch_dag']) retrieved from /home/airflow/.local/lib/python3.7/site-packages/airflow/example_dags/example_nested_branch_dag.py
[2024-02-28T18:40:22.688+0000] {logging_mixin.py:150} INFO - [2024-02-28T18:40:22.688+0000] {dag.py:2742} INFO - Sync 1 DAGs
[2024-02-28T18:40:22.710+0000] {logging_mixin.py:150} INFO - [2024-02-28T18:40:22.710+0000] {dag.py:3508} INFO - Setting next_dagrun for example_nested_branch_dag to 2024-02-27T00:00:00+00:00, run_after=2024-02-28T00:00:00+00:00
[2024-02-28T18:40:22.728+0000] {processor.py:179} INFO - Processing /home/airflow/.local/lib/python3.7/site-packages/airflow/example_dags/example_nested_branch_dag.py took 0.088 seconds
[2024-02-28T18:40:53.312+0000] {processor.py:157} INFO - Started process (PID=1003) to work on /home/airflow/.local/lib/python3.7/site-packages/airflow/example_dags/example_nested_branch_dag.py
[2024-02-28T18:40:53.316+0000] {processor.py:826} INFO - Processing file /home/airflow/.local/lib/python3.7/site-packages/airflow/example_dags/example_nested_branch_dag.py for tasks to queue
[2024-02-28T18:40:53.318+0000] {logging_mixin.py:150} INFO - [2024-02-28T18:40:53.318+0000] {dagbag.py:541} INFO - Filling up the DagBag from /home/airflow/.local/lib/python3.7/site-packages/airflow/example_dags/example_nested_branch_dag.py
[2024-02-28T18:40:53.327+0000] {processor.py:836} INFO - DAG(s) dict_keys(['example_nested_branch_dag']) retrieved from /home/airflow/.local/lib/python3.7/site-packages/airflow/example_dags/example_nested_branch_dag.py
[2024-02-28T18:40:53.354+0000] {logging_mixin.py:150} INFO - [2024-02-28T18:40:53.354+0000] {dag.py:2742} INFO - Sync 1 DAGs
[2024-02-28T18:40:53.379+0000] {logging_mixin.py:150} INFO - [2024-02-28T18:40:53.379+0000] {dag.py:3508} INFO - Setting next_dagrun for example_nested_branch_dag to 2024-02-27T00:00:00+00:00, run_after=2024-02-28T00:00:00+00:00
[2024-02-28T18:40:53.394+0000] {processor.py:179} INFO - Processing /home/airflow/.local/lib/python3.7/site-packages/airflow/example_dags/example_nested_branch_dag.py took 0.085 seconds
[2024-02-28T18:41:23.802+0000] {processor.py:157} INFO - Started process (PID=1066) to work on /home/airflow/.local/lib/python3.7/site-packages/airflow/example_dags/example_nested_branch_dag.py
[2024-02-28T18:41:23.804+0000] {processor.py:826} INFO - Processing file /home/airflow/.local/lib/python3.7/site-packages/airflow/example_dags/example_nested_branch_dag.py for tasks to queue
[2024-02-28T18:41:23.807+0000] {logging_mixin.py:150} INFO - [2024-02-28T18:41:23.806+0000] {dagbag.py:541} INFO - Filling up the DagBag from /home/airflow/.local/lib/python3.7/site-packages/airflow/example_dags/example_nested_branch_dag.py
[2024-02-28T18:41:23.818+0000] {processor.py:836} INFO - DAG(s) dict_keys(['example_nested_branch_dag']) retrieved from /home/airflow/.local/lib/python3.7/site-packages/airflow/example_dags/example_nested_branch_dag.py
[2024-02-28T18:41:23.850+0000] {logging_mixin.py:150} INFO - [2024-02-28T18:41:23.849+0000] {dag.py:2742} INFO - Sync 1 DAGs
[2024-02-28T18:41:23.879+0000] {logging_mixin.py:150} INFO - [2024-02-28T18:41:23.879+0000] {dag.py:3508} INFO - Setting next_dagrun for example_nested_branch_dag to 2024-02-27T00:00:00+00:00, run_after=2024-02-28T00:00:00+00:00
[2024-02-28T18:41:23.901+0000] {processor.py:179} INFO - Processing /home/airflow/.local/lib/python3.7/site-packages/airflow/example_dags/example_nested_branch_dag.py took 0.103 seconds
[2024-02-28T18:41:54.231+0000] {processor.py:157} INFO - Started process (PID=1129) to work on /home/airflow/.local/lib/python3.7/site-packages/airflow/example_dags/example_nested_branch_dag.py
[2024-02-28T18:41:54.236+0000] {processor.py:826} INFO - Processing file /home/airflow/.local/lib/python3.7/site-packages/airflow/example_dags/example_nested_branch_dag.py for tasks to queue
[2024-02-28T18:41:54.240+0000] {logging_mixin.py:150} INFO - [2024-02-28T18:41:54.239+0000] {dagbag.py:541} INFO - Filling up the DagBag from /home/airflow/.local/lib/python3.7/site-packages/airflow/example_dags/example_nested_branch_dag.py
[2024-02-28T18:41:54.250+0000] {processor.py:836} INFO - DAG(s) dict_keys(['example_nested_branch_dag']) retrieved from /home/airflow/.local/lib/python3.7/site-packages/airflow/example_dags/example_nested_branch_dag.py
[2024-02-28T18:41:54.278+0000] {logging_mixin.py:150} INFO - [2024-02-28T18:41:54.278+0000] {dag.py:2742} INFO - Sync 1 DAGs
[2024-02-28T18:41:54.307+0000] {logging_mixin.py:150} INFO - [2024-02-28T18:41:54.307+0000] {dag.py:3508} INFO - Setting next_dagrun for example_nested_branch_dag to 2024-02-27T00:00:00+00:00, run_after=2024-02-28T00:00:00+00:00
[2024-02-28T18:41:54.328+0000] {processor.py:179} INFO - Processing /home/airflow/.local/lib/python3.7/site-packages/airflow/example_dags/example_nested_branch_dag.py took 0.101 seconds
[2024-02-28T18:42:24.891+0000] {processor.py:157} INFO - Started process (PID=1192) to work on /home/airflow/.local/lib/python3.7/site-packages/airflow/example_dags/example_nested_branch_dag.py
[2024-02-28T18:42:24.894+0000] {processor.py:826} INFO - Processing file /home/airflow/.local/lib/python3.7/site-packages/airflow/example_dags/example_nested_branch_dag.py for tasks to queue
[2024-02-28T18:42:24.896+0000] {logging_mixin.py:150} INFO - [2024-02-28T18:42:24.896+0000] {dagbag.py:541} INFO - Filling up the DagBag from /home/airflow/.local/lib/python3.7/site-packages/airflow/example_dags/example_nested_branch_dag.py
[2024-02-28T18:42:24.918+0000] {processor.py:836} INFO - DAG(s) dict_keys(['example_nested_branch_dag']) retrieved from /home/airflow/.local/lib/python3.7/site-packages/airflow/example_dags/example_nested_branch_dag.py
[2024-02-28T18:42:24.955+0000] {logging_mixin.py:150} INFO - [2024-02-28T18:42:24.955+0000] {dag.py:2742} INFO - Sync 1 DAGs
[2024-02-28T18:42:24.983+0000] {logging_mixin.py:150} INFO - [2024-02-28T18:42:24.983+0000] {dag.py:3508} INFO - Setting next_dagrun for example_nested_branch_dag to 2024-02-27T00:00:00+00:00, run_after=2024-02-28T00:00:00+00:00
[2024-02-28T18:42:25.010+0000] {processor.py:179} INFO - Processing /home/airflow/.local/lib/python3.7/site-packages/airflow/example_dags/example_nested_branch_dag.py took 0.122 seconds
[2024-02-28T18:42:56.256+0000] {processor.py:157} INFO - Started process (PID=1255) to work on /home/airflow/.local/lib/python3.7/site-packages/airflow/example_dags/example_nested_branch_dag.py
[2024-02-28T18:42:56.258+0000] {processor.py:826} INFO - Processing file /home/airflow/.local/lib/python3.7/site-packages/airflow/example_dags/example_nested_branch_dag.py for tasks to queue
[2024-02-28T18:42:56.260+0000] {logging_mixin.py:150} INFO - [2024-02-28T18:42:56.259+0000] {dagbag.py:541} INFO - Filling up the DagBag from /home/airflow/.local/lib/python3.7/site-packages/airflow/example_dags/example_nested_branch_dag.py
[2024-02-28T18:42:56.273+0000] {processor.py:836} INFO - DAG(s) dict_keys(['example_nested_branch_dag']) retrieved from /home/airflow/.local/lib/python3.7/site-packages/airflow/example_dags/example_nested_branch_dag.py
[2024-02-28T18:42:56.312+0000] {logging_mixin.py:150} INFO - [2024-02-28T18:42:56.312+0000] {dag.py:2742} INFO - Sync 1 DAGs
[2024-02-28T18:42:56.354+0000] {logging_mixin.py:150} INFO - [2024-02-28T18:42:56.353+0000] {dag.py:3508} INFO - Setting next_dagrun for example_nested_branch_dag to 2024-02-27T00:00:00+00:00, run_after=2024-02-28T00:00:00+00:00
[2024-02-28T18:42:56.380+0000] {processor.py:179} INFO - Processing /home/airflow/.local/lib/python3.7/site-packages/airflow/example_dags/example_nested_branch_dag.py took 0.128 seconds
[2024-02-28T18:43:26.430+0000] {processor.py:157} INFO - Started process (PID=1318) to work on /home/airflow/.local/lib/python3.7/site-packages/airflow/example_dags/example_nested_branch_dag.py
[2024-02-28T18:43:26.432+0000] {processor.py:826} INFO - Processing file /home/airflow/.local/lib/python3.7/site-packages/airflow/example_dags/example_nested_branch_dag.py for tasks to queue
[2024-02-28T18:43:26.434+0000] {logging_mixin.py:150} INFO - [2024-02-28T18:43:26.434+0000] {dagbag.py:541} INFO - Filling up the DagBag from /home/airflow/.local/lib/python3.7/site-packages/airflow/example_dags/example_nested_branch_dag.py
[2024-02-28T18:43:26.443+0000] {processor.py:836} INFO - DAG(s) dict_keys(['example_nested_branch_dag']) retrieved from /home/airflow/.local/lib/python3.7/site-packages/airflow/example_dags/example_nested_branch_dag.py
[2024-02-28T18:43:26.472+0000] {logging_mixin.py:150} INFO - [2024-02-28T18:43:26.472+0000] {dag.py:2742} INFO - Sync 1 DAGs
[2024-02-28T18:43:26.497+0000] {logging_mixin.py:150} INFO - [2024-02-28T18:43:26.497+0000] {dag.py:3508} INFO - Setting next_dagrun for example_nested_branch_dag to 2024-02-27T00:00:00+00:00, run_after=2024-02-28T00:00:00+00:00
[2024-02-28T18:43:26.514+0000] {processor.py:179} INFO - Processing /home/airflow/.local/lib/python3.7/site-packages/airflow/example_dags/example_nested_branch_dag.py took 0.089 seconds
[2024-02-28T18:43:56.920+0000] {processor.py:157} INFO - Started process (PID=1381) to work on /home/airflow/.local/lib/python3.7/site-packages/airflow/example_dags/example_nested_branch_dag.py
[2024-02-28T18:43:56.922+0000] {processor.py:826} INFO - Processing file /home/airflow/.local/lib/python3.7/site-packages/airflow/example_dags/example_nested_branch_dag.py for tasks to queue
[2024-02-28T18:43:56.924+0000] {logging_mixin.py:150} INFO - [2024-02-28T18:43:56.924+0000] {dagbag.py:541} INFO - Filling up the DagBag from /home/airflow/.local/lib/python3.7/site-packages/airflow/example_dags/example_nested_branch_dag.py
[2024-02-28T18:43:56.940+0000] {processor.py:836} INFO - DAG(s) dict_keys(['example_nested_branch_dag']) retrieved from /home/airflow/.local/lib/python3.7/site-packages/airflow/example_dags/example_nested_branch_dag.py
[2024-02-28T18:43:56.975+0000] {logging_mixin.py:150} INFO - [2024-02-28T18:43:56.975+0000] {dag.py:2742} INFO - Sync 1 DAGs
[2024-02-28T18:43:56.998+0000] {logging_mixin.py:150} INFO - [2024-02-28T18:43:56.998+0000] {dag.py:3508} INFO - Setting next_dagrun for example_nested_branch_dag to 2024-02-27T00:00:00+00:00, run_after=2024-02-28T00:00:00+00:00
[2024-02-28T18:43:57.014+0000] {processor.py:179} INFO - Processing /home/airflow/.local/lib/python3.7/site-packages/airflow/example_dags/example_nested_branch_dag.py took 0.100 seconds
[2024-02-28T18:44:28.606+0000] {processor.py:157} INFO - Started process (PID=1444) to work on /home/airflow/.local/lib/python3.7/site-packages/airflow/example_dags/example_nested_branch_dag.py
[2024-02-28T18:44:28.609+0000] {processor.py:826} INFO - Processing file /home/airflow/.local/lib/python3.7/site-packages/airflow/example_dags/example_nested_branch_dag.py for tasks to queue
[2024-02-28T18:44:28.613+0000] {logging_mixin.py:150} INFO - [2024-02-28T18:44:28.612+0000] {dagbag.py:541} INFO - Filling up the DagBag from /home/airflow/.local/lib/python3.7/site-packages/airflow/example_dags/example_nested_branch_dag.py
[2024-02-28T18:44:28.630+0000] {processor.py:836} INFO - DAG(s) dict_keys(['example_nested_branch_dag']) retrieved from /home/airflow/.local/lib/python3.7/site-packages/airflow/example_dags/example_nested_branch_dag.py
[2024-02-28T18:44:28.703+0000] {logging_mixin.py:150} INFO - [2024-02-28T18:44:28.703+0000] {dag.py:2742} INFO - Sync 1 DAGs
[2024-02-28T18:44:28.775+0000] {logging_mixin.py:150} INFO - [2024-02-28T18:44:28.774+0000] {dag.py:3508} INFO - Setting next_dagrun for example_nested_branch_dag to 2024-02-27T00:00:00+00:00, run_after=2024-02-28T00:00:00+00:00
[2024-02-28T18:44:28.803+0000] {processor.py:179} INFO - Processing /home/airflow/.local/lib/python3.7/site-packages/airflow/example_dags/example_nested_branch_dag.py took 0.204 seconds
[2024-02-28T18:44:58.911+0000] {processor.py:157} INFO - Started process (PID=1507) to work on /home/airflow/.local/lib/python3.7/site-packages/airflow/example_dags/example_nested_branch_dag.py
[2024-02-28T18:44:58.914+0000] {processor.py:826} INFO - Processing file /home/airflow/.local/lib/python3.7/site-packages/airflow/example_dags/example_nested_branch_dag.py for tasks to queue
[2024-02-28T18:44:58.916+0000] {logging_mixin.py:150} INFO - [2024-02-28T18:44:58.916+0000] {dagbag.py:541} INFO - Filling up the DagBag from /home/airflow/.local/lib/python3.7/site-packages/airflow/example_dags/example_nested_branch_dag.py
[2024-02-28T18:44:58.926+0000] {processor.py:836} INFO - DAG(s) dict_keys(['example_nested_branch_dag']) retrieved from /home/airflow/.local/lib/python3.7/site-packages/airflow/example_dags/example_nested_branch_dag.py
[2024-02-28T18:44:58.958+0000] {logging_mixin.py:150} INFO - [2024-02-28T18:44:58.958+0000] {dag.py:2742} INFO - Sync 1 DAGs
[2024-02-28T18:44:58.983+0000] {logging_mixin.py:150} INFO - [2024-02-28T18:44:58.983+0000] {dag.py:3508} INFO - Setting next_dagrun for example_nested_branch_dag to 2024-02-27T00:00:00+00:00, run_after=2024-02-28T00:00:00+00:00
[2024-02-28T18:44:59.006+0000] {processor.py:179} INFO - Processing /home/airflow/.local/lib/python3.7/site-packages/airflow/example_dags/example_nested_branch_dag.py took 0.099 seconds
[2024-02-28T18:45:29.425+0000] {processor.py:157} INFO - Started process (PID=1571) to work on /home/airflow/.local/lib/python3.7/site-packages/airflow/example_dags/example_nested_branch_dag.py
[2024-02-28T18:45:29.429+0000] {processor.py:826} INFO - Processing file /home/airflow/.local/lib/python3.7/site-packages/airflow/example_dags/example_nested_branch_dag.py for tasks to queue
[2024-02-28T18:45:29.431+0000] {logging_mixin.py:150} INFO - [2024-02-28T18:45:29.431+0000] {dagbag.py:541} INFO - Filling up the DagBag from /home/airflow/.local/lib/python3.7/site-packages/airflow/example_dags/example_nested_branch_dag.py
[2024-02-28T18:45:29.441+0000] {processor.py:836} INFO - DAG(s) dict_keys(['example_nested_branch_dag']) retrieved from /home/airflow/.local/lib/python3.7/site-packages/airflow/example_dags/example_nested_branch_dag.py
[2024-02-28T18:45:29.467+0000] {logging_mixin.py:150} INFO - [2024-02-28T18:45:29.467+0000] {dag.py:2742} INFO - Sync 1 DAGs
[2024-02-28T18:45:29.492+0000] {logging_mixin.py:150} INFO - [2024-02-28T18:45:29.491+0000] {dag.py:3508} INFO - Setting next_dagrun for example_nested_branch_dag to 2024-02-27T00:00:00+00:00, run_after=2024-02-28T00:00:00+00:00
[2024-02-28T18:45:29.509+0000] {processor.py:179} INFO - Processing /home/airflow/.local/lib/python3.7/site-packages/airflow/example_dags/example_nested_branch_dag.py took 0.087 seconds
[2024-02-28T18:46:00.359+0000] {processor.py:157} INFO - Started process (PID=1634) to work on /home/airflow/.local/lib/python3.7/site-packages/airflow/example_dags/example_nested_branch_dag.py
[2024-02-28T18:46:00.361+0000] {processor.py:826} INFO - Processing file /home/airflow/.local/lib/python3.7/site-packages/airflow/example_dags/example_nested_branch_dag.py for tasks to queue
[2024-02-28T18:46:00.363+0000] {logging_mixin.py:150} INFO - [2024-02-28T18:46:00.362+0000] {dagbag.py:541} INFO - Filling up the DagBag from /home/airflow/.local/lib/python3.7/site-packages/airflow/example_dags/example_nested_branch_dag.py
[2024-02-28T18:46:00.371+0000] {processor.py:836} INFO - DAG(s) dict_keys(['example_nested_branch_dag']) retrieved from /home/airflow/.local/lib/python3.7/site-packages/airflow/example_dags/example_nested_branch_dag.py
[2024-02-28T18:46:00.402+0000] {logging_mixin.py:150} INFO - [2024-02-28T18:46:00.402+0000] {dag.py:2742} INFO - Sync 1 DAGs
[2024-02-28T18:46:00.426+0000] {logging_mixin.py:150} INFO - [2024-02-28T18:46:00.426+0000] {dag.py:3508} INFO - Setting next_dagrun for example_nested_branch_dag to 2024-02-27T00:00:00+00:00, run_after=2024-02-28T00:00:00+00:00
[2024-02-28T18:46:00.442+0000] {processor.py:179} INFO - Processing /home/airflow/.local/lib/python3.7/site-packages/airflow/example_dags/example_nested_branch_dag.py took 0.086 seconds
[2024-02-28T18:46:30.747+0000] {processor.py:157} INFO - Started process (PID=1697) to work on /home/airflow/.local/lib/python3.7/site-packages/airflow/example_dags/example_nested_branch_dag.py
[2024-02-28T18:46:30.749+0000] {processor.py:826} INFO - Processing file /home/airflow/.local/lib/python3.7/site-packages/airflow/example_dags/example_nested_branch_dag.py for tasks to queue
[2024-02-28T18:46:30.751+0000] {logging_mixin.py:150} INFO - [2024-02-28T18:46:30.750+0000] {dagbag.py:541} INFO - Filling up the DagBag from /home/airflow/.local/lib/python3.7/site-packages/airflow/example_dags/example_nested_branch_dag.py
[2024-02-28T18:46:30.759+0000] {processor.py:836} INFO - DAG(s) dict_keys(['example_nested_branch_dag']) retrieved from /home/airflow/.local/lib/python3.7/site-packages/airflow/example_dags/example_nested_branch_dag.py
[2024-02-28T18:46:30.785+0000] {logging_mixin.py:150} INFO - [2024-02-28T18:46:30.785+0000] {dag.py:2742} INFO - Sync 1 DAGs
[2024-02-28T18:46:30.819+0000] {logging_mixin.py:150} INFO - [2024-02-28T18:46:30.818+0000] {dag.py:3508} INFO - Setting next_dagrun for example_nested_branch_dag to 2024-02-27T00:00:00+00:00, run_after=2024-02-28T00:00:00+00:00
[2024-02-28T18:46:30.836+0000] {processor.py:179} INFO - Processing /home/airflow/.local/lib/python3.7/site-packages/airflow/example_dags/example_nested_branch_dag.py took 0.093 seconds
[2024-02-28T18:47:01.125+0000] {processor.py:157} INFO - Started process (PID=1760) to work on /home/airflow/.local/lib/python3.7/site-packages/airflow/example_dags/example_nested_branch_dag.py
[2024-02-28T18:47:01.127+0000] {processor.py:826} INFO - Processing file /home/airflow/.local/lib/python3.7/site-packages/airflow/example_dags/example_nested_branch_dag.py for tasks to queue
[2024-02-28T18:47:01.129+0000] {logging_mixin.py:150} INFO - [2024-02-28T18:47:01.129+0000] {dagbag.py:541} INFO - Filling up the DagBag from /home/airflow/.local/lib/python3.7/site-packages/airflow/example_dags/example_nested_branch_dag.py
[2024-02-28T18:47:01.137+0000] {processor.py:836} INFO - DAG(s) dict_keys(['example_nested_branch_dag']) retrieved from /home/airflow/.local/lib/python3.7/site-packages/airflow/example_dags/example_nested_branch_dag.py
[2024-02-28T18:47:01.171+0000] {logging_mixin.py:150} INFO - [2024-02-28T18:47:01.171+0000] {dag.py:2742} INFO - Sync 1 DAGs
[2024-02-28T18:47:01.194+0000] {logging_mixin.py:150} INFO - [2024-02-28T18:47:01.194+0000] {dag.py:3508} INFO - Setting next_dagrun for example_nested_branch_dag to 2024-02-27T00:00:00+00:00, run_after=2024-02-28T00:00:00+00:00
[2024-02-28T18:47:01.210+0000] {processor.py:179} INFO - Processing /home/airflow/.local/lib/python3.7/site-packages/airflow/example_dags/example_nested_branch_dag.py took 0.089 seconds
[2024-02-28T18:47:31.766+0000] {processor.py:157} INFO - Started process (PID=1823) to work on /home/airflow/.local/lib/python3.7/site-packages/airflow/example_dags/example_nested_branch_dag.py
[2024-02-28T18:47:31.768+0000] {processor.py:826} INFO - Processing file /home/airflow/.local/lib/python3.7/site-packages/airflow/example_dags/example_nested_branch_dag.py for tasks to queue
[2024-02-28T18:47:31.770+0000] {logging_mixin.py:150} INFO - [2024-02-28T18:47:31.769+0000] {dagbag.py:541} INFO - Filling up the DagBag from /home/airflow/.local/lib/python3.7/site-packages/airflow/example_dags/example_nested_branch_dag.py
[2024-02-28T18:47:31.783+0000] {processor.py:836} INFO - DAG(s) dict_keys(['example_nested_branch_dag']) retrieved from /home/airflow/.local/lib/python3.7/site-packages/airflow/example_dags/example_nested_branch_dag.py
[2024-02-28T18:47:31.816+0000] {logging_mixin.py:150} INFO - [2024-02-28T18:47:31.815+0000] {dag.py:2742} INFO - Sync 1 DAGs
[2024-02-28T18:47:31.842+0000] {logging_mixin.py:150} INFO - [2024-02-28T18:47:31.842+0000] {dag.py:3508} INFO - Setting next_dagrun for example_nested_branch_dag to 2024-02-27T00:00:00+00:00, run_after=2024-02-28T00:00:00+00:00
[2024-02-28T18:47:31.865+0000] {processor.py:179} INFO - Processing /home/airflow/.local/lib/python3.7/site-packages/airflow/example_dags/example_nested_branch_dag.py took 0.103 seconds
[2024-02-28T18:48:02.100+0000] {processor.py:157} INFO - Started process (PID=1886) to work on /home/airflow/.local/lib/python3.7/site-packages/airflow/example_dags/example_nested_branch_dag.py
[2024-02-28T18:48:02.103+0000] {processor.py:826} INFO - Processing file /home/airflow/.local/lib/python3.7/site-packages/airflow/example_dags/example_nested_branch_dag.py for tasks to queue
[2024-02-28T18:48:02.105+0000] {logging_mixin.py:150} INFO - [2024-02-28T18:48:02.105+0000] {dagbag.py:541} INFO - Filling up the DagBag from /home/airflow/.local/lib/python3.7/site-packages/airflow/example_dags/example_nested_branch_dag.py
[2024-02-28T18:48:02.116+0000] {processor.py:836} INFO - DAG(s) dict_keys(['example_nested_branch_dag']) retrieved from /home/airflow/.local/lib/python3.7/site-packages/airflow/example_dags/example_nested_branch_dag.py
[2024-02-28T18:48:02.145+0000] {logging_mixin.py:150} INFO - [2024-02-28T18:48:02.145+0000] {dag.py:2742} INFO - Sync 1 DAGs
[2024-02-28T18:48:02.173+0000] {logging_mixin.py:150} INFO - [2024-02-28T18:48:02.173+0000] {dag.py:3508} INFO - Setting next_dagrun for example_nested_branch_dag to 2024-02-27T00:00:00+00:00, run_after=2024-02-28T00:00:00+00:00
[2024-02-28T18:48:02.190+0000] {processor.py:179} INFO - Processing /home/airflow/.local/lib/python3.7/site-packages/airflow/example_dags/example_nested_branch_dag.py took 0.095 seconds
[2024-02-28T18:48:32.973+0000] {processor.py:157} INFO - Started process (PID=1948) to work on /home/airflow/.local/lib/python3.7/site-packages/airflow/example_dags/example_nested_branch_dag.py
[2024-02-28T18:48:32.975+0000] {processor.py:826} INFO - Processing file /home/airflow/.local/lib/python3.7/site-packages/airflow/example_dags/example_nested_branch_dag.py for tasks to queue
[2024-02-28T18:48:32.977+0000] {logging_mixin.py:150} INFO - [2024-02-28T18:48:32.976+0000] {dagbag.py:541} INFO - Filling up the DagBag from /home/airflow/.local/lib/python3.7/site-packages/airflow/example_dags/example_nested_branch_dag.py
[2024-02-28T18:48:32.990+0000] {processor.py:836} INFO - DAG(s) dict_keys(['example_nested_branch_dag']) retrieved from /home/airflow/.local/lib/python3.7/site-packages/airflow/example_dags/example_nested_branch_dag.py
[2024-02-28T18:48:33.020+0000] {logging_mixin.py:150} INFO - [2024-02-28T18:48:33.020+0000] {dag.py:2742} INFO - Sync 1 DAGs
[2024-02-28T18:48:33.043+0000] {logging_mixin.py:150} INFO - [2024-02-28T18:48:33.043+0000] {dag.py:3508} INFO - Setting next_dagrun for example_nested_branch_dag to 2024-02-27T00:00:00+00:00, run_after=2024-02-28T00:00:00+00:00
[2024-02-28T18:48:33.069+0000] {processor.py:179} INFO - Processing /home/airflow/.local/lib/python3.7/site-packages/airflow/example_dags/example_nested_branch_dag.py took 0.099 seconds
[2024-02-28T18:49:06.329+0000] {processor.py:157} INFO - Started process (PID=2018) to work on /home/airflow/.local/lib/python3.7/site-packages/airflow/example_dags/example_nested_branch_dag.py
[2024-02-28T18:49:06.354+0000] {processor.py:826} INFO - Processing file /home/airflow/.local/lib/python3.7/site-packages/airflow/example_dags/example_nested_branch_dag.py for tasks to queue
[2024-02-28T18:49:06.363+0000] {logging_mixin.py:150} INFO - [2024-02-28T18:49:06.361+0000] {dagbag.py:541} INFO - Filling up the DagBag from /home/airflow/.local/lib/python3.7/site-packages/airflow/example_dags/example_nested_branch_dag.py
[2024-02-28T18:49:06.431+0000] {processor.py:836} INFO - DAG(s) dict_keys(['example_nested_branch_dag']) retrieved from /home/airflow/.local/lib/python3.7/site-packages/airflow/example_dags/example_nested_branch_dag.py
[2024-02-28T18:49:06.600+0000] {logging_mixin.py:150} INFO - [2024-02-28T18:49:06.600+0000] {dag.py:2742} INFO - Sync 1 DAGs
[2024-02-28T18:49:06.810+0000] {logging_mixin.py:150} INFO - [2024-02-28T18:49:06.809+0000] {dag.py:3508} INFO - Setting next_dagrun for example_nested_branch_dag to 2024-02-27T00:00:00+00:00, run_after=2024-02-28T00:00:00+00:00
[2024-02-28T18:49:06.899+0000] {processor.py:179} INFO - Processing /home/airflow/.local/lib/python3.7/site-packages/airflow/example_dags/example_nested_branch_dag.py took 0.613 seconds
[2024-02-28T18:49:37.169+0000] {processor.py:157} INFO - Started process (PID=2089) to work on /home/airflow/.local/lib/python3.7/site-packages/airflow/example_dags/example_nested_branch_dag.py
[2024-02-28T18:49:37.173+0000] {processor.py:826} INFO - Processing file /home/airflow/.local/lib/python3.7/site-packages/airflow/example_dags/example_nested_branch_dag.py for tasks to queue
[2024-02-28T18:49:37.178+0000] {logging_mixin.py:150} INFO - [2024-02-28T18:49:37.178+0000] {dagbag.py:541} INFO - Filling up the DagBag from /home/airflow/.local/lib/python3.7/site-packages/airflow/example_dags/example_nested_branch_dag.py
[2024-02-28T18:49:37.196+0000] {processor.py:836} INFO - DAG(s) dict_keys(['example_nested_branch_dag']) retrieved from /home/airflow/.local/lib/python3.7/site-packages/airflow/example_dags/example_nested_branch_dag.py
[2024-02-28T18:49:37.238+0000] {logging_mixin.py:150} INFO - [2024-02-28T18:49:37.237+0000] {dag.py:2742} INFO - Sync 1 DAGs
[2024-02-28T18:49:37.276+0000] {logging_mixin.py:150} INFO - [2024-02-28T18:49:37.276+0000] {dag.py:3508} INFO - Setting next_dagrun for example_nested_branch_dag to 2024-02-27T00:00:00+00:00, run_after=2024-02-28T00:00:00+00:00
[2024-02-28T18:49:37.314+0000] {processor.py:179} INFO - Processing /home/airflow/.local/lib/python3.7/site-packages/airflow/example_dags/example_nested_branch_dag.py took 0.149 seconds
[2024-02-28T18:50:07.898+0000] {processor.py:157} INFO - Started process (PID=2152) to work on /home/airflow/.local/lib/python3.7/site-packages/airflow/example_dags/example_nested_branch_dag.py
[2024-02-28T18:50:07.902+0000] {processor.py:826} INFO - Processing file /home/airflow/.local/lib/python3.7/site-packages/airflow/example_dags/example_nested_branch_dag.py for tasks to queue
[2024-02-28T18:50:07.906+0000] {logging_mixin.py:150} INFO - [2024-02-28T18:50:07.905+0000] {dagbag.py:541} INFO - Filling up the DagBag from /home/airflow/.local/lib/python3.7/site-packages/airflow/example_dags/example_nested_branch_dag.py
[2024-02-28T18:50:07.924+0000] {processor.py:836} INFO - DAG(s) dict_keys(['example_nested_branch_dag']) retrieved from /home/airflow/.local/lib/python3.7/site-packages/airflow/example_dags/example_nested_branch_dag.py
[2024-02-28T18:50:07.979+0000] {logging_mixin.py:150} INFO - [2024-02-28T18:50:07.979+0000] {dag.py:2742} INFO - Sync 1 DAGs
[2024-02-28T18:50:08.011+0000] {logging_mixin.py:150} INFO - [2024-02-28T18:50:08.010+0000] {dag.py:3508} INFO - Setting next_dagrun for example_nested_branch_dag to 2024-02-27T00:00:00+00:00, run_after=2024-02-28T00:00:00+00:00
[2024-02-28T18:50:08.033+0000] {processor.py:179} INFO - Processing /home/airflow/.local/lib/python3.7/site-packages/airflow/example_dags/example_nested_branch_dag.py took 0.142 seconds
[2024-02-28T18:50:38.113+0000] {processor.py:157} INFO - Started process (PID=2218) to work on /home/airflow/.local/lib/python3.7/site-packages/airflow/example_dags/example_nested_branch_dag.py
[2024-02-28T18:50:38.116+0000] {processor.py:826} INFO - Processing file /home/airflow/.local/lib/python3.7/site-packages/airflow/example_dags/example_nested_branch_dag.py for tasks to queue
[2024-02-28T18:50:38.117+0000] {logging_mixin.py:150} INFO - [2024-02-28T18:50:38.117+0000] {dagbag.py:541} INFO - Filling up the DagBag from /home/airflow/.local/lib/python3.7/site-packages/airflow/example_dags/example_nested_branch_dag.py
[2024-02-28T18:50:38.127+0000] {processor.py:836} INFO - DAG(s) dict_keys(['example_nested_branch_dag']) retrieved from /home/airflow/.local/lib/python3.7/site-packages/airflow/example_dags/example_nested_branch_dag.py
[2024-02-28T18:50:38.153+0000] {logging_mixin.py:150} INFO - [2024-02-28T18:50:38.152+0000] {dag.py:2742} INFO - Sync 1 DAGs
[2024-02-28T18:50:38.175+0000] {logging_mixin.py:150} INFO - [2024-02-28T18:50:38.175+0000] {dag.py:3508} INFO - Setting next_dagrun for example_nested_branch_dag to 2024-02-27T00:00:00+00:00, run_after=2024-02-28T00:00:00+00:00
[2024-02-28T18:50:38.198+0000] {processor.py:179} INFO - Processing /home/airflow/.local/lib/python3.7/site-packages/airflow/example_dags/example_nested_branch_dag.py took 0.088 seconds
[2024-02-28T18:51:08.469+0000] {processor.py:157} INFO - Started process (PID=2281) to work on /home/airflow/.local/lib/python3.7/site-packages/airflow/example_dags/example_nested_branch_dag.py
[2024-02-28T18:51:08.478+0000] {processor.py:826} INFO - Processing file /home/airflow/.local/lib/python3.7/site-packages/airflow/example_dags/example_nested_branch_dag.py for tasks to queue
[2024-02-28T18:51:08.482+0000] {logging_mixin.py:150} INFO - [2024-02-28T18:51:08.481+0000] {dagbag.py:541} INFO - Filling up the DagBag from /home/airflow/.local/lib/python3.7/site-packages/airflow/example_dags/example_nested_branch_dag.py
[2024-02-28T18:51:08.534+0000] {processor.py:836} INFO - DAG(s) dict_keys(['example_nested_branch_dag']) retrieved from /home/airflow/.local/lib/python3.7/site-packages/airflow/example_dags/example_nested_branch_dag.py
[2024-02-28T18:51:08.623+0000] {logging_mixin.py:150} INFO - [2024-02-28T18:51:08.622+0000] {dag.py:2742} INFO - Sync 1 DAGs
[2024-02-28T18:51:08.687+0000] {logging_mixin.py:150} INFO - [2024-02-28T18:51:08.687+0000] {dag.py:3508} INFO - Setting next_dagrun for example_nested_branch_dag to 2024-02-27T00:00:00+00:00, run_after=2024-02-28T00:00:00+00:00
[2024-02-28T18:51:08.732+0000] {processor.py:179} INFO - Processing /home/airflow/.local/lib/python3.7/site-packages/airflow/example_dags/example_nested_branch_dag.py took 0.278 seconds
[2024-02-28T18:51:39.409+0000] {processor.py:157} INFO - Started process (PID=2348) to work on /home/airflow/.local/lib/python3.7/site-packages/airflow/example_dags/example_nested_branch_dag.py
[2024-02-28T18:51:39.412+0000] {processor.py:826} INFO - Processing file /home/airflow/.local/lib/python3.7/site-packages/airflow/example_dags/example_nested_branch_dag.py for tasks to queue
[2024-02-28T18:51:39.415+0000] {logging_mixin.py:150} INFO - [2024-02-28T18:51:39.414+0000] {dagbag.py:541} INFO - Filling up the DagBag from /home/airflow/.local/lib/python3.7/site-packages/airflow/example_dags/example_nested_branch_dag.py
[2024-02-28T18:51:39.428+0000] {processor.py:836} INFO - DAG(s) dict_keys(['example_nested_branch_dag']) retrieved from /home/airflow/.local/lib/python3.7/site-packages/airflow/example_dags/example_nested_branch_dag.py
[2024-02-28T18:51:39.454+0000] {logging_mixin.py:150} INFO - [2024-02-28T18:51:39.454+0000] {dag.py:2742} INFO - Sync 1 DAGs
[2024-02-28T18:51:39.475+0000] {logging_mixin.py:150} INFO - [2024-02-28T18:51:39.475+0000] {dag.py:3508} INFO - Setting next_dagrun for example_nested_branch_dag to 2024-02-27T00:00:00+00:00, run_after=2024-02-28T00:00:00+00:00
[2024-02-28T18:51:39.493+0000] {processor.py:179} INFO - Processing /home/airflow/.local/lib/python3.7/site-packages/airflow/example_dags/example_nested_branch_dag.py took 0.090 seconds
[2024-02-28T18:52:09.792+0000] {processor.py:157} INFO - Started process (PID=2415) to work on /home/airflow/.local/lib/python3.7/site-packages/airflow/example_dags/example_nested_branch_dag.py
[2024-02-28T18:52:09.795+0000] {processor.py:826} INFO - Processing file /home/airflow/.local/lib/python3.7/site-packages/airflow/example_dags/example_nested_branch_dag.py for tasks to queue
[2024-02-28T18:52:09.798+0000] {logging_mixin.py:150} INFO - [2024-02-28T18:52:09.797+0000] {dagbag.py:541} INFO - Filling up the DagBag from /home/airflow/.local/lib/python3.7/site-packages/airflow/example_dags/example_nested_branch_dag.py
[2024-02-28T18:52:09.815+0000] {processor.py:836} INFO - DAG(s) dict_keys(['example_nested_branch_dag']) retrieved from /home/airflow/.local/lib/python3.7/site-packages/airflow/example_dags/example_nested_branch_dag.py
[2024-02-28T18:52:09.867+0000] {logging_mixin.py:150} INFO - [2024-02-28T18:52:09.867+0000] {dag.py:2742} INFO - Sync 1 DAGs
[2024-02-28T18:52:09.894+0000] {logging_mixin.py:150} INFO - [2024-02-28T18:52:09.894+0000] {dag.py:3508} INFO - Setting next_dagrun for example_nested_branch_dag to 2024-02-27T00:00:00+00:00, run_after=2024-02-28T00:00:00+00:00
[2024-02-28T18:52:09.913+0000] {processor.py:179} INFO - Processing /home/airflow/.local/lib/python3.7/site-packages/airflow/example_dags/example_nested_branch_dag.py took 0.125 seconds
[2024-02-28T18:52:40.177+0000] {processor.py:157} INFO - Started process (PID=2482) to work on /home/airflow/.local/lib/python3.7/site-packages/airflow/example_dags/example_nested_branch_dag.py
[2024-02-28T18:52:40.179+0000] {processor.py:826} INFO - Processing file /home/airflow/.local/lib/python3.7/site-packages/airflow/example_dags/example_nested_branch_dag.py for tasks to queue
[2024-02-28T18:52:40.181+0000] {logging_mixin.py:150} INFO - [2024-02-28T18:52:40.180+0000] {dagbag.py:541} INFO - Filling up the DagBag from /home/airflow/.local/lib/python3.7/site-packages/airflow/example_dags/example_nested_branch_dag.py
[2024-02-28T18:52:40.194+0000] {processor.py:836} INFO - DAG(s) dict_keys(['example_nested_branch_dag']) retrieved from /home/airflow/.local/lib/python3.7/site-packages/airflow/example_dags/example_nested_branch_dag.py
[2024-02-28T18:52:40.240+0000] {logging_mixin.py:150} INFO - [2024-02-28T18:52:40.239+0000] {dag.py:2742} INFO - Sync 1 DAGs
[2024-02-28T18:52:40.269+0000] {logging_mixin.py:150} INFO - [2024-02-28T18:52:40.269+0000] {dag.py:3508} INFO - Setting next_dagrun for example_nested_branch_dag to 2024-02-27T00:00:00+00:00, run_after=2024-02-28T00:00:00+00:00
[2024-02-28T18:52:40.287+0000] {processor.py:179} INFO - Processing /home/airflow/.local/lib/python3.7/site-packages/airflow/example_dags/example_nested_branch_dag.py took 0.114 seconds
