[2024-02-28T18:33:11.351+0000] {processor.py:157} INFO - Started process (PID=54) to work on /home/airflow/.local/lib/python3.7/site-packages/airflow/example_dags/example_branch_datetime_operator.py
[2024-02-28T18:33:11.357+0000] {processor.py:826} INFO - Processing file /home/airflow/.local/lib/python3.7/site-packages/airflow/example_dags/example_branch_datetime_operator.py for tasks to queue
[2024-02-28T18:33:11.360+0000] {logging_mixin.py:150} INFO - [2024-02-28T18:33:11.359+0000] {dagbag.py:541} INFO - Filling up the DagBag from /home/airflow/.local/lib/python3.7/site-packages/airflow/example_dags/example_branch_datetime_operator.py
[2024-02-28T18:33:11.409+0000] {processor.py:836} INFO - DAG(s) dict_keys(['example_branch_datetime_operator_3', 'example_branch_datetime_operator_2', 'example_branch_datetime_operator']) retrieved from /home/airflow/.local/lib/python3.7/site-packages/airflow/example_dags/example_branch_datetime_operator.py
[2024-02-28T18:33:11.466+0000] {logging_mixin.py:150} INFO - [2024-02-28T18:33:11.466+0000] {dag.py:2742} INFO - Sync 3 DAGs
[2024-02-28T18:33:11.588+0000] {logging_mixin.py:150} INFO - [2024-02-28T18:33:11.583+0000] {dag.py:3508} INFO - Setting next_dagrun for example_branch_datetime_operator to 2024-02-27T00:00:00+00:00, run_after=2024-02-28T00:00:00+00:00
[2024-02-28T18:33:11.598+0000] {logging_mixin.py:150} INFO - [2024-02-28T18:33:11.597+0000] {dag.py:3508} INFO - Setting next_dagrun for example_branch_datetime_operator_2 to 2024-02-27T00:00:00+00:00, run_after=2024-02-28T00:00:00+00:00
[2024-02-28T18:33:11.616+0000] {logging_mixin.py:150} INFO - [2024-02-28T18:33:11.616+0000] {dag.py:3508} INFO - Setting next_dagrun for example_branch_datetime_operator_3 to 2024-02-27T00:00:00+00:00, run_after=2024-02-28T00:00:00+00:00
[2024-02-28T18:33:11.659+0000] {processor.py:179} INFO - Processing /home/airflow/.local/lib/python3.7/site-packages/airflow/example_dags/example_branch_datetime_operator.py took 0.317 seconds
[2024-02-28T18:33:41.855+0000] {processor.py:157} INFO - Started process (PID=117) to work on /home/airflow/.local/lib/python3.7/site-packages/airflow/example_dags/example_branch_datetime_operator.py
[2024-02-28T18:33:41.857+0000] {processor.py:826} INFO - Processing file /home/airflow/.local/lib/python3.7/site-packages/airflow/example_dags/example_branch_datetime_operator.py for tasks to queue
[2024-02-28T18:33:41.859+0000] {logging_mixin.py:150} INFO - [2024-02-28T18:33:41.858+0000] {dagbag.py:541} INFO - Filling up the DagBag from /home/airflow/.local/lib/python3.7/site-packages/airflow/example_dags/example_branch_datetime_operator.py
[2024-02-28T18:33:41.867+0000] {processor.py:836} INFO - DAG(s) dict_keys(['example_branch_datetime_operator_3', 'example_branch_datetime_operator_2', 'example_branch_datetime_operator']) retrieved from /home/airflow/.local/lib/python3.7/site-packages/airflow/example_dags/example_branch_datetime_operator.py
[2024-02-28T18:33:41.892+0000] {logging_mixin.py:150} INFO - [2024-02-28T18:33:41.892+0000] {dag.py:2742} INFO - Sync 3 DAGs
[2024-02-28T18:33:41.911+0000] {logging_mixin.py:150} INFO - [2024-02-28T18:33:41.910+0000] {dag.py:3508} INFO - Setting next_dagrun for example_branch_datetime_operator to 2024-02-27T00:00:00+00:00, run_after=2024-02-28T00:00:00+00:00
[2024-02-28T18:33:41.914+0000] {logging_mixin.py:150} INFO - [2024-02-28T18:33:41.914+0000] {dag.py:3508} INFO - Setting next_dagrun for example_branch_datetime_operator_2 to 2024-02-27T00:00:00+00:00, run_after=2024-02-28T00:00:00+00:00
[2024-02-28T18:33:41.917+0000] {logging_mixin.py:150} INFO - [2024-02-28T18:33:41.917+0000] {dag.py:3508} INFO - Setting next_dagrun for example_branch_datetime_operator_3 to 2024-02-27T00:00:00+00:00, run_after=2024-02-28T00:00:00+00:00
[2024-02-28T18:33:41.928+0000] {processor.py:179} INFO - Processing /home/airflow/.local/lib/python3.7/site-packages/airflow/example_dags/example_branch_datetime_operator.py took 0.075 seconds
[2024-02-28T18:34:12.033+0000] {processor.py:157} INFO - Started process (PID=180) to work on /home/airflow/.local/lib/python3.7/site-packages/airflow/example_dags/example_branch_datetime_operator.py
[2024-02-28T18:34:12.036+0000] {processor.py:826} INFO - Processing file /home/airflow/.local/lib/python3.7/site-packages/airflow/example_dags/example_branch_datetime_operator.py for tasks to queue
[2024-02-28T18:34:12.037+0000] {logging_mixin.py:150} INFO - [2024-02-28T18:34:12.037+0000] {dagbag.py:541} INFO - Filling up the DagBag from /home/airflow/.local/lib/python3.7/site-packages/airflow/example_dags/example_branch_datetime_operator.py
[2024-02-28T18:34:12.044+0000] {processor.py:836} INFO - DAG(s) dict_keys(['example_branch_datetime_operator_3', 'example_branch_datetime_operator', 'example_branch_datetime_operator_2']) retrieved from /home/airflow/.local/lib/python3.7/site-packages/airflow/example_dags/example_branch_datetime_operator.py
[2024-02-28T18:34:12.071+0000] {logging_mixin.py:150} INFO - [2024-02-28T18:34:12.070+0000] {dag.py:2742} INFO - Sync 3 DAGs
[2024-02-28T18:34:12.090+0000] {logging_mixin.py:150} INFO - [2024-02-28T18:34:12.090+0000] {dag.py:3508} INFO - Setting next_dagrun for example_branch_datetime_operator to 2024-02-27T00:00:00+00:00, run_after=2024-02-28T00:00:00+00:00
[2024-02-28T18:34:12.095+0000] {logging_mixin.py:150} INFO - [2024-02-28T18:34:12.095+0000] {dag.py:3508} INFO - Setting next_dagrun for example_branch_datetime_operator_2 to 2024-02-27T00:00:00+00:00, run_after=2024-02-28T00:00:00+00:00
[2024-02-28T18:34:12.097+0000] {logging_mixin.py:150} INFO - [2024-02-28T18:34:12.097+0000] {dag.py:3508} INFO - Setting next_dagrun for example_branch_datetime_operator_3 to 2024-02-27T00:00:00+00:00, run_after=2024-02-28T00:00:00+00:00
[2024-02-28T18:34:12.109+0000] {processor.py:179} INFO - Processing /home/airflow/.local/lib/python3.7/site-packages/airflow/example_dags/example_branch_datetime_operator.py took 0.080 seconds
[2024-02-28T18:34:43.219+0000] {processor.py:157} INFO - Started process (PID=243) to work on /home/airflow/.local/lib/python3.7/site-packages/airflow/example_dags/example_branch_datetime_operator.py
[2024-02-28T18:34:43.224+0000] {processor.py:826} INFO - Processing file /home/airflow/.local/lib/python3.7/site-packages/airflow/example_dags/example_branch_datetime_operator.py for tasks to queue
[2024-02-28T18:34:43.229+0000] {logging_mixin.py:150} INFO - [2024-02-28T18:34:43.227+0000] {dagbag.py:541} INFO - Filling up the DagBag from /home/airflow/.local/lib/python3.7/site-packages/airflow/example_dags/example_branch_datetime_operator.py
[2024-02-28T18:34:43.269+0000] {processor.py:836} INFO - DAG(s) dict_keys(['example_branch_datetime_operator', 'example_branch_datetime_operator_3', 'example_branch_datetime_operator_2']) retrieved from /home/airflow/.local/lib/python3.7/site-packages/airflow/example_dags/example_branch_datetime_operator.py
[2024-02-28T18:34:43.324+0000] {logging_mixin.py:150} INFO - [2024-02-28T18:34:43.323+0000] {dag.py:2742} INFO - Sync 3 DAGs
[2024-02-28T18:34:43.381+0000] {logging_mixin.py:150} INFO - [2024-02-28T18:34:43.380+0000] {dag.py:3508} INFO - Setting next_dagrun for example_branch_datetime_operator to 2024-02-27T00:00:00+00:00, run_after=2024-02-28T00:00:00+00:00
[2024-02-28T18:34:43.387+0000] {logging_mixin.py:150} INFO - [2024-02-28T18:34:43.387+0000] {dag.py:3508} INFO - Setting next_dagrun for example_branch_datetime_operator_2 to 2024-02-27T00:00:00+00:00, run_after=2024-02-28T00:00:00+00:00
[2024-02-28T18:34:43.391+0000] {logging_mixin.py:150} INFO - [2024-02-28T18:34:43.390+0000] {dag.py:3508} INFO - Setting next_dagrun for example_branch_datetime_operator_3 to 2024-02-27T00:00:00+00:00, run_after=2024-02-28T00:00:00+00:00
[2024-02-28T18:34:43.446+0000] {processor.py:179} INFO - Processing /home/airflow/.local/lib/python3.7/site-packages/airflow/example_dags/example_branch_datetime_operator.py took 0.255 seconds
[2024-02-28T18:35:14.208+0000] {processor.py:157} INFO - Started process (PID=307) to work on /home/airflow/.local/lib/python3.7/site-packages/airflow/example_dags/example_branch_datetime_operator.py
[2024-02-28T18:35:14.210+0000] {processor.py:826} INFO - Processing file /home/airflow/.local/lib/python3.7/site-packages/airflow/example_dags/example_branch_datetime_operator.py for tasks to queue
[2024-02-28T18:35:14.213+0000] {logging_mixin.py:150} INFO - [2024-02-28T18:35:14.213+0000] {dagbag.py:541} INFO - Filling up the DagBag from /home/airflow/.local/lib/python3.7/site-packages/airflow/example_dags/example_branch_datetime_operator.py
[2024-02-28T18:35:14.223+0000] {processor.py:836} INFO - DAG(s) dict_keys(['example_branch_datetime_operator', 'example_branch_datetime_operator_3', 'example_branch_datetime_operator_2']) retrieved from /home/airflow/.local/lib/python3.7/site-packages/airflow/example_dags/example_branch_datetime_operator.py
[2024-02-28T18:35:14.256+0000] {logging_mixin.py:150} INFO - [2024-02-28T18:35:14.256+0000] {dag.py:2742} INFO - Sync 3 DAGs
[2024-02-28T18:35:14.285+0000] {logging_mixin.py:150} INFO - [2024-02-28T18:35:14.285+0000] {dag.py:3508} INFO - Setting next_dagrun for example_branch_datetime_operator to 2024-02-27T00:00:00+00:00, run_after=2024-02-28T00:00:00+00:00
[2024-02-28T18:35:14.290+0000] {logging_mixin.py:150} INFO - [2024-02-28T18:35:14.290+0000] {dag.py:3508} INFO - Setting next_dagrun for example_branch_datetime_operator_2 to 2024-02-27T00:00:00+00:00, run_after=2024-02-28T00:00:00+00:00
[2024-02-28T18:35:14.296+0000] {logging_mixin.py:150} INFO - [2024-02-28T18:35:14.296+0000] {dag.py:3508} INFO - Setting next_dagrun for example_branch_datetime_operator_3 to 2024-02-27T00:00:00+00:00, run_after=2024-02-28T00:00:00+00:00
[2024-02-28T18:35:14.309+0000] {processor.py:179} INFO - Processing /home/airflow/.local/lib/python3.7/site-packages/airflow/example_dags/example_branch_datetime_operator.py took 0.105 seconds
[2024-02-28T18:35:45.099+0000] {processor.py:157} INFO - Started process (PID=371) to work on /home/airflow/.local/lib/python3.7/site-packages/airflow/example_dags/example_branch_datetime_operator.py
[2024-02-28T18:35:45.102+0000] {processor.py:826} INFO - Processing file /home/airflow/.local/lib/python3.7/site-packages/airflow/example_dags/example_branch_datetime_operator.py for tasks to queue
[2024-02-28T18:35:45.105+0000] {logging_mixin.py:150} INFO - [2024-02-28T18:35:45.105+0000] {dagbag.py:541} INFO - Filling up the DagBag from /home/airflow/.local/lib/python3.7/site-packages/airflow/example_dags/example_branch_datetime_operator.py
[2024-02-28T18:35:45.117+0000] {processor.py:836} INFO - DAG(s) dict_keys(['example_branch_datetime_operator_2', 'example_branch_datetime_operator', 'example_branch_datetime_operator_3']) retrieved from /home/airflow/.local/lib/python3.7/site-packages/airflow/example_dags/example_branch_datetime_operator.py
[2024-02-28T18:35:45.149+0000] {logging_mixin.py:150} INFO - [2024-02-28T18:35:45.149+0000] {dag.py:2742} INFO - Sync 3 DAGs
[2024-02-28T18:35:45.171+0000] {logging_mixin.py:150} INFO - [2024-02-28T18:35:45.171+0000] {dag.py:3508} INFO - Setting next_dagrun for example_branch_datetime_operator to 2024-02-27T00:00:00+00:00, run_after=2024-02-28T00:00:00+00:00
[2024-02-28T18:35:45.178+0000] {logging_mixin.py:150} INFO - [2024-02-28T18:35:45.178+0000] {dag.py:3508} INFO - Setting next_dagrun for example_branch_datetime_operator_2 to 2024-02-27T00:00:00+00:00, run_after=2024-02-28T00:00:00+00:00
[2024-02-28T18:35:45.183+0000] {logging_mixin.py:150} INFO - [2024-02-28T18:35:45.182+0000] {dag.py:3508} INFO - Setting next_dagrun for example_branch_datetime_operator_3 to 2024-02-27T00:00:00+00:00, run_after=2024-02-28T00:00:00+00:00
[2024-02-28T18:35:45.198+0000] {processor.py:179} INFO - Processing /home/airflow/.local/lib/python3.7/site-packages/airflow/example_dags/example_branch_datetime_operator.py took 0.102 seconds
[2024-02-28T18:36:16.176+0000] {processor.py:157} INFO - Started process (PID=434) to work on /home/airflow/.local/lib/python3.7/site-packages/airflow/example_dags/example_branch_datetime_operator.py
[2024-02-28T18:36:16.178+0000] {processor.py:826} INFO - Processing file /home/airflow/.local/lib/python3.7/site-packages/airflow/example_dags/example_branch_datetime_operator.py for tasks to queue
[2024-02-28T18:36:16.182+0000] {logging_mixin.py:150} INFO - [2024-02-28T18:36:16.182+0000] {dagbag.py:541} INFO - Filling up the DagBag from /home/airflow/.local/lib/python3.7/site-packages/airflow/example_dags/example_branch_datetime_operator.py
[2024-02-28T18:36:16.192+0000] {processor.py:836} INFO - DAG(s) dict_keys(['example_branch_datetime_operator_3', 'example_branch_datetime_operator', 'example_branch_datetime_operator_2']) retrieved from /home/airflow/.local/lib/python3.7/site-packages/airflow/example_dags/example_branch_datetime_operator.py
[2024-02-28T18:36:16.227+0000] {logging_mixin.py:150} INFO - [2024-02-28T18:36:16.227+0000] {dag.py:2742} INFO - Sync 3 DAGs
[2024-02-28T18:36:16.252+0000] {logging_mixin.py:150} INFO - [2024-02-28T18:36:16.252+0000] {dag.py:3508} INFO - Setting next_dagrun for example_branch_datetime_operator to 2024-02-27T00:00:00+00:00, run_after=2024-02-28T00:00:00+00:00
[2024-02-28T18:36:16.257+0000] {logging_mixin.py:150} INFO - [2024-02-28T18:36:16.257+0000] {dag.py:3508} INFO - Setting next_dagrun for example_branch_datetime_operator_2 to 2024-02-27T00:00:00+00:00, run_after=2024-02-28T00:00:00+00:00
[2024-02-28T18:36:16.260+0000] {logging_mixin.py:150} INFO - [2024-02-28T18:36:16.260+0000] {dag.py:3508} INFO - Setting next_dagrun for example_branch_datetime_operator_3 to 2024-02-27T00:00:00+00:00, run_after=2024-02-28T00:00:00+00:00
[2024-02-28T18:36:16.275+0000] {processor.py:179} INFO - Processing /home/airflow/.local/lib/python3.7/site-packages/airflow/example_dags/example_branch_datetime_operator.py took 0.105 seconds
[2024-02-28T18:36:48.203+0000] {processor.py:157} INFO - Started process (PID=497) to work on /home/airflow/.local/lib/python3.7/site-packages/airflow/example_dags/example_branch_datetime_operator.py
[2024-02-28T18:36:48.206+0000] {processor.py:826} INFO - Processing file /home/airflow/.local/lib/python3.7/site-packages/airflow/example_dags/example_branch_datetime_operator.py for tasks to queue
[2024-02-28T18:36:48.208+0000] {logging_mixin.py:150} INFO - [2024-02-28T18:36:48.207+0000] {dagbag.py:541} INFO - Filling up the DagBag from /home/airflow/.local/lib/python3.7/site-packages/airflow/example_dags/example_branch_datetime_operator.py
[2024-02-28T18:36:48.221+0000] {processor.py:836} INFO - DAG(s) dict_keys(['example_branch_datetime_operator_3', 'example_branch_datetime_operator', 'example_branch_datetime_operator_2']) retrieved from /home/airflow/.local/lib/python3.7/site-packages/airflow/example_dags/example_branch_datetime_operator.py
[2024-02-28T18:36:48.257+0000] {logging_mixin.py:150} INFO - [2024-02-28T18:36:48.257+0000] {dag.py:2742} INFO - Sync 3 DAGs
[2024-02-28T18:36:48.282+0000] {logging_mixin.py:150} INFO - [2024-02-28T18:36:48.282+0000] {dag.py:3508} INFO - Setting next_dagrun for example_branch_datetime_operator to 2024-02-27T00:00:00+00:00, run_after=2024-02-28T00:00:00+00:00
[2024-02-28T18:36:48.291+0000] {logging_mixin.py:150} INFO - [2024-02-28T18:36:48.291+0000] {dag.py:3508} INFO - Setting next_dagrun for example_branch_datetime_operator_2 to 2024-02-27T00:00:00+00:00, run_after=2024-02-28T00:00:00+00:00
[2024-02-28T18:36:48.295+0000] {logging_mixin.py:150} INFO - [2024-02-28T18:36:48.295+0000] {dag.py:3508} INFO - Setting next_dagrun for example_branch_datetime_operator_3 to 2024-02-27T00:00:00+00:00, run_after=2024-02-28T00:00:00+00:00
[2024-02-28T18:36:48.309+0000] {processor.py:179} INFO - Processing /home/airflow/.local/lib/python3.7/site-packages/airflow/example_dags/example_branch_datetime_operator.py took 0.110 seconds
[2024-02-28T18:37:18.804+0000] {processor.py:157} INFO - Started process (PID=560) to work on /home/airflow/.local/lib/python3.7/site-packages/airflow/example_dags/example_branch_datetime_operator.py
[2024-02-28T18:37:18.807+0000] {processor.py:826} INFO - Processing file /home/airflow/.local/lib/python3.7/site-packages/airflow/example_dags/example_branch_datetime_operator.py for tasks to queue
[2024-02-28T18:37:18.812+0000] {logging_mixin.py:150} INFO - [2024-02-28T18:37:18.811+0000] {dagbag.py:541} INFO - Filling up the DagBag from /home/airflow/.local/lib/python3.7/site-packages/airflow/example_dags/example_branch_datetime_operator.py
[2024-02-28T18:37:18.821+0000] {processor.py:836} INFO - DAG(s) dict_keys(['example_branch_datetime_operator_3', 'example_branch_datetime_operator', 'example_branch_datetime_operator_2']) retrieved from /home/airflow/.local/lib/python3.7/site-packages/airflow/example_dags/example_branch_datetime_operator.py
[2024-02-28T18:37:18.858+0000] {logging_mixin.py:150} INFO - [2024-02-28T18:37:18.857+0000] {dag.py:2742} INFO - Sync 3 DAGs
[2024-02-28T18:37:18.885+0000] {logging_mixin.py:150} INFO - [2024-02-28T18:37:18.885+0000] {dag.py:3508} INFO - Setting next_dagrun for example_branch_datetime_operator to 2024-02-27T00:00:00+00:00, run_after=2024-02-28T00:00:00+00:00
[2024-02-28T18:37:18.892+0000] {logging_mixin.py:150} INFO - [2024-02-28T18:37:18.892+0000] {dag.py:3508} INFO - Setting next_dagrun for example_branch_datetime_operator_2 to 2024-02-27T00:00:00+00:00, run_after=2024-02-28T00:00:00+00:00
[2024-02-28T18:37:18.896+0000] {logging_mixin.py:150} INFO - [2024-02-28T18:37:18.896+0000] {dag.py:3508} INFO - Setting next_dagrun for example_branch_datetime_operator_3 to 2024-02-27T00:00:00+00:00, run_after=2024-02-28T00:00:00+00:00
[2024-02-28T18:37:18.914+0000] {processor.py:179} INFO - Processing /home/airflow/.local/lib/python3.7/site-packages/airflow/example_dags/example_branch_datetime_operator.py took 0.115 seconds
[2024-02-28T18:37:49.012+0000] {processor.py:157} INFO - Started process (PID=623) to work on /home/airflow/.local/lib/python3.7/site-packages/airflow/example_dags/example_branch_datetime_operator.py
[2024-02-28T18:37:49.014+0000] {processor.py:826} INFO - Processing file /home/airflow/.local/lib/python3.7/site-packages/airflow/example_dags/example_branch_datetime_operator.py for tasks to queue
[2024-02-28T18:37:49.018+0000] {logging_mixin.py:150} INFO - [2024-02-28T18:37:49.017+0000] {dagbag.py:541} INFO - Filling up the DagBag from /home/airflow/.local/lib/python3.7/site-packages/airflow/example_dags/example_branch_datetime_operator.py
[2024-02-28T18:37:49.027+0000] {processor.py:836} INFO - DAG(s) dict_keys(['example_branch_datetime_operator', 'example_branch_datetime_operator_3', 'example_branch_datetime_operator_2']) retrieved from /home/airflow/.local/lib/python3.7/site-packages/airflow/example_dags/example_branch_datetime_operator.py
[2024-02-28T18:37:49.052+0000] {logging_mixin.py:150} INFO - [2024-02-28T18:37:49.052+0000] {dag.py:2742} INFO - Sync 3 DAGs
[2024-02-28T18:37:49.071+0000] {logging_mixin.py:150} INFO - [2024-02-28T18:37:49.071+0000] {dag.py:3508} INFO - Setting next_dagrun for example_branch_datetime_operator to 2024-02-27T00:00:00+00:00, run_after=2024-02-28T00:00:00+00:00
[2024-02-28T18:37:49.076+0000] {logging_mixin.py:150} INFO - [2024-02-28T18:37:49.076+0000] {dag.py:3508} INFO - Setting next_dagrun for example_branch_datetime_operator_2 to 2024-02-27T00:00:00+00:00, run_after=2024-02-28T00:00:00+00:00
[2024-02-28T18:37:49.078+0000] {logging_mixin.py:150} INFO - [2024-02-28T18:37:49.078+0000] {dag.py:3508} INFO - Setting next_dagrun for example_branch_datetime_operator_3 to 2024-02-27T00:00:00+00:00, run_after=2024-02-28T00:00:00+00:00
[2024-02-28T18:37:49.091+0000] {processor.py:179} INFO - Processing /home/airflow/.local/lib/python3.7/site-packages/airflow/example_dags/example_branch_datetime_operator.py took 0.082 seconds
[2024-02-28T18:38:19.572+0000] {processor.py:157} INFO - Started process (PID=685) to work on /home/airflow/.local/lib/python3.7/site-packages/airflow/example_dags/example_branch_datetime_operator.py
[2024-02-28T18:38:19.576+0000] {processor.py:826} INFO - Processing file /home/airflow/.local/lib/python3.7/site-packages/airflow/example_dags/example_branch_datetime_operator.py for tasks to queue
[2024-02-28T18:38:19.579+0000] {logging_mixin.py:150} INFO - [2024-02-28T18:38:19.578+0000] {dagbag.py:541} INFO - Filling up the DagBag from /home/airflow/.local/lib/python3.7/site-packages/airflow/example_dags/example_branch_datetime_operator.py
[2024-02-28T18:38:19.592+0000] {processor.py:836} INFO - DAG(s) dict_keys(['example_branch_datetime_operator_2', 'example_branch_datetime_operator', 'example_branch_datetime_operator_3']) retrieved from /home/airflow/.local/lib/python3.7/site-packages/airflow/example_dags/example_branch_datetime_operator.py
[2024-02-28T18:38:19.631+0000] {logging_mixin.py:150} INFO - [2024-02-28T18:38:19.631+0000] {dag.py:2742} INFO - Sync 3 DAGs
[2024-02-28T18:38:19.664+0000] {logging_mixin.py:150} INFO - [2024-02-28T18:38:19.664+0000] {dag.py:3508} INFO - Setting next_dagrun for example_branch_datetime_operator to 2024-02-27T00:00:00+00:00, run_after=2024-02-28T00:00:00+00:00
[2024-02-28T18:38:19.669+0000] {logging_mixin.py:150} INFO - [2024-02-28T18:38:19.669+0000] {dag.py:3508} INFO - Setting next_dagrun for example_branch_datetime_operator_2 to 2024-02-27T00:00:00+00:00, run_after=2024-02-28T00:00:00+00:00
[2024-02-28T18:38:19.675+0000] {logging_mixin.py:150} INFO - [2024-02-28T18:38:19.675+0000] {dag.py:3508} INFO - Setting next_dagrun for example_branch_datetime_operator_3 to 2024-02-27T00:00:00+00:00, run_after=2024-02-28T00:00:00+00:00
[2024-02-28T18:38:19.692+0000] {processor.py:179} INFO - Processing /home/airflow/.local/lib/python3.7/site-packages/airflow/example_dags/example_branch_datetime_operator.py took 0.124 seconds
[2024-02-28T18:38:50.436+0000] {processor.py:157} INFO - Started process (PID=747) to work on /home/airflow/.local/lib/python3.7/site-packages/airflow/example_dags/example_branch_datetime_operator.py
[2024-02-28T18:38:50.438+0000] {processor.py:826} INFO - Processing file /home/airflow/.local/lib/python3.7/site-packages/airflow/example_dags/example_branch_datetime_operator.py for tasks to queue
[2024-02-28T18:38:50.441+0000] {logging_mixin.py:150} INFO - [2024-02-28T18:38:50.440+0000] {dagbag.py:541} INFO - Filling up the DagBag from /home/airflow/.local/lib/python3.7/site-packages/airflow/example_dags/example_branch_datetime_operator.py
[2024-02-28T18:38:50.454+0000] {processor.py:836} INFO - DAG(s) dict_keys(['example_branch_datetime_operator_2', 'example_branch_datetime_operator_3', 'example_branch_datetime_operator']) retrieved from /home/airflow/.local/lib/python3.7/site-packages/airflow/example_dags/example_branch_datetime_operator.py
[2024-02-28T18:38:50.512+0000] {logging_mixin.py:150} INFO - [2024-02-28T18:38:50.512+0000] {dag.py:2742} INFO - Sync 3 DAGs
[2024-02-28T18:38:50.550+0000] {logging_mixin.py:150} INFO - [2024-02-28T18:38:50.550+0000] {dag.py:3508} INFO - Setting next_dagrun for example_branch_datetime_operator to 2024-02-27T00:00:00+00:00, run_after=2024-02-28T00:00:00+00:00
[2024-02-28T18:38:50.558+0000] {logging_mixin.py:150} INFO - [2024-02-28T18:38:50.558+0000] {dag.py:3508} INFO - Setting next_dagrun for example_branch_datetime_operator_2 to 2024-02-27T00:00:00+00:00, run_after=2024-02-28T00:00:00+00:00
[2024-02-28T18:38:50.572+0000] {logging_mixin.py:150} INFO - [2024-02-28T18:38:50.572+0000] {dag.py:3508} INFO - Setting next_dagrun for example_branch_datetime_operator_3 to 2024-02-27T00:00:00+00:00, run_after=2024-02-28T00:00:00+00:00
[2024-02-28T18:38:50.596+0000] {processor.py:179} INFO - Processing /home/airflow/.local/lib/python3.7/site-packages/airflow/example_dags/example_branch_datetime_operator.py took 0.164 seconds
[2024-02-28T18:39:21.321+0000] {processor.py:157} INFO - Started process (PID=810) to work on /home/airflow/.local/lib/python3.7/site-packages/airflow/example_dags/example_branch_datetime_operator.py
[2024-02-28T18:39:21.325+0000] {processor.py:826} INFO - Processing file /home/airflow/.local/lib/python3.7/site-packages/airflow/example_dags/example_branch_datetime_operator.py for tasks to queue
[2024-02-28T18:39:21.330+0000] {logging_mixin.py:150} INFO - [2024-02-28T18:39:21.329+0000] {dagbag.py:541} INFO - Filling up the DagBag from /home/airflow/.local/lib/python3.7/site-packages/airflow/example_dags/example_branch_datetime_operator.py
[2024-02-28T18:39:21.348+0000] {processor.py:836} INFO - DAG(s) dict_keys(['example_branch_datetime_operator_3', 'example_branch_datetime_operator', 'example_branch_datetime_operator_2']) retrieved from /home/airflow/.local/lib/python3.7/site-packages/airflow/example_dags/example_branch_datetime_operator.py
[2024-02-28T18:39:21.395+0000] {logging_mixin.py:150} INFO - [2024-02-28T18:39:21.394+0000] {dag.py:2742} INFO - Sync 3 DAGs
[2024-02-28T18:39:21.431+0000] {logging_mixin.py:150} INFO - [2024-02-28T18:39:21.431+0000] {dag.py:3508} INFO - Setting next_dagrun for example_branch_datetime_operator to 2024-02-27T00:00:00+00:00, run_after=2024-02-28T00:00:00+00:00
[2024-02-28T18:39:21.441+0000] {logging_mixin.py:150} INFO - [2024-02-28T18:39:21.441+0000] {dag.py:3508} INFO - Setting next_dagrun for example_branch_datetime_operator_2 to 2024-02-27T00:00:00+00:00, run_after=2024-02-28T00:00:00+00:00
[2024-02-28T18:39:21.449+0000] {logging_mixin.py:150} INFO - [2024-02-28T18:39:21.449+0000] {dag.py:3508} INFO - Setting next_dagrun for example_branch_datetime_operator_3 to 2024-02-27T00:00:00+00:00, run_after=2024-02-28T00:00:00+00:00
[2024-02-28T18:39:21.491+0000] {processor.py:179} INFO - Processing /home/airflow/.local/lib/python3.7/site-packages/airflow/example_dags/example_branch_datetime_operator.py took 0.175 seconds
[2024-02-28T18:39:51.685+0000] {processor.py:157} INFO - Started process (PID=874) to work on /home/airflow/.local/lib/python3.7/site-packages/airflow/example_dags/example_branch_datetime_operator.py
[2024-02-28T18:39:51.687+0000] {processor.py:826} INFO - Processing file /home/airflow/.local/lib/python3.7/site-packages/airflow/example_dags/example_branch_datetime_operator.py for tasks to queue
[2024-02-28T18:39:51.688+0000] {logging_mixin.py:150} INFO - [2024-02-28T18:39:51.688+0000] {dagbag.py:541} INFO - Filling up the DagBag from /home/airflow/.local/lib/python3.7/site-packages/airflow/example_dags/example_branch_datetime_operator.py
[2024-02-28T18:39:51.698+0000] {processor.py:836} INFO - DAG(s) dict_keys(['example_branch_datetime_operator_3', 'example_branch_datetime_operator_2', 'example_branch_datetime_operator']) retrieved from /home/airflow/.local/lib/python3.7/site-packages/airflow/example_dags/example_branch_datetime_operator.py
[2024-02-28T18:39:51.732+0000] {logging_mixin.py:150} INFO - [2024-02-28T18:39:51.732+0000] {dag.py:2742} INFO - Sync 3 DAGs
[2024-02-28T18:39:51.753+0000] {logging_mixin.py:150} INFO - [2024-02-28T18:39:51.753+0000] {dag.py:3508} INFO - Setting next_dagrun for example_branch_datetime_operator to 2024-02-27T00:00:00+00:00, run_after=2024-02-28T00:00:00+00:00
[2024-02-28T18:39:51.758+0000] {logging_mixin.py:150} INFO - [2024-02-28T18:39:51.758+0000] {dag.py:3508} INFO - Setting next_dagrun for example_branch_datetime_operator_2 to 2024-02-27T00:00:00+00:00, run_after=2024-02-28T00:00:00+00:00
[2024-02-28T18:39:51.762+0000] {logging_mixin.py:150} INFO - [2024-02-28T18:39:51.761+0000] {dag.py:3508} INFO - Setting next_dagrun for example_branch_datetime_operator_3 to 2024-02-27T00:00:00+00:00, run_after=2024-02-28T00:00:00+00:00
[2024-02-28T18:39:51.776+0000] {processor.py:179} INFO - Processing /home/airflow/.local/lib/python3.7/site-packages/airflow/example_dags/example_branch_datetime_operator.py took 0.094 seconds
[2024-02-28T18:40:22.456+0000] {processor.py:157} INFO - Started process (PID=937) to work on /home/airflow/.local/lib/python3.7/site-packages/airflow/example_dags/example_branch_datetime_operator.py
[2024-02-28T18:40:22.458+0000] {processor.py:826} INFO - Processing file /home/airflow/.local/lib/python3.7/site-packages/airflow/example_dags/example_branch_datetime_operator.py for tasks to queue
[2024-02-28T18:40:22.460+0000] {logging_mixin.py:150} INFO - [2024-02-28T18:40:22.460+0000] {dagbag.py:541} INFO - Filling up the DagBag from /home/airflow/.local/lib/python3.7/site-packages/airflow/example_dags/example_branch_datetime_operator.py
[2024-02-28T18:40:22.468+0000] {processor.py:836} INFO - DAG(s) dict_keys(['example_branch_datetime_operator', 'example_branch_datetime_operator_3', 'example_branch_datetime_operator_2']) retrieved from /home/airflow/.local/lib/python3.7/site-packages/airflow/example_dags/example_branch_datetime_operator.py
[2024-02-28T18:40:22.501+0000] {logging_mixin.py:150} INFO - [2024-02-28T18:40:22.501+0000] {dag.py:2742} INFO - Sync 3 DAGs
[2024-02-28T18:40:22.523+0000] {logging_mixin.py:150} INFO - [2024-02-28T18:40:22.523+0000] {dag.py:3508} INFO - Setting next_dagrun for example_branch_datetime_operator to 2024-02-27T00:00:00+00:00, run_after=2024-02-28T00:00:00+00:00
[2024-02-28T18:40:22.527+0000] {logging_mixin.py:150} INFO - [2024-02-28T18:40:22.527+0000] {dag.py:3508} INFO - Setting next_dagrun for example_branch_datetime_operator_2 to 2024-02-27T00:00:00+00:00, run_after=2024-02-28T00:00:00+00:00
[2024-02-28T18:40:22.531+0000] {logging_mixin.py:150} INFO - [2024-02-28T18:40:22.531+0000] {dag.py:3508} INFO - Setting next_dagrun for example_branch_datetime_operator_3 to 2024-02-27T00:00:00+00:00, run_after=2024-02-28T00:00:00+00:00
[2024-02-28T18:40:22.545+0000] {processor.py:179} INFO - Processing /home/airflow/.local/lib/python3.7/site-packages/airflow/example_dags/example_branch_datetime_operator.py took 0.092 seconds
[2024-02-28T18:40:53.143+0000] {processor.py:157} INFO - Started process (PID=1000) to work on /home/airflow/.local/lib/python3.7/site-packages/airflow/example_dags/example_branch_datetime_operator.py
[2024-02-28T18:40:53.147+0000] {processor.py:826} INFO - Processing file /home/airflow/.local/lib/python3.7/site-packages/airflow/example_dags/example_branch_datetime_operator.py for tasks to queue
[2024-02-28T18:40:53.148+0000] {logging_mixin.py:150} INFO - [2024-02-28T18:40:53.148+0000] {dagbag.py:541} INFO - Filling up the DagBag from /home/airflow/.local/lib/python3.7/site-packages/airflow/example_dags/example_branch_datetime_operator.py
[2024-02-28T18:40:53.157+0000] {processor.py:836} INFO - DAG(s) dict_keys(['example_branch_datetime_operator', 'example_branch_datetime_operator_2', 'example_branch_datetime_operator_3']) retrieved from /home/airflow/.local/lib/python3.7/site-packages/airflow/example_dags/example_branch_datetime_operator.py
[2024-02-28T18:40:53.191+0000] {logging_mixin.py:150} INFO - [2024-02-28T18:40:53.191+0000] {dag.py:2742} INFO - Sync 3 DAGs
[2024-02-28T18:40:53.216+0000] {logging_mixin.py:150} INFO - [2024-02-28T18:40:53.216+0000] {dag.py:3508} INFO - Setting next_dagrun for example_branch_datetime_operator to 2024-02-27T00:00:00+00:00, run_after=2024-02-28T00:00:00+00:00
[2024-02-28T18:40:53.222+0000] {logging_mixin.py:150} INFO - [2024-02-28T18:40:53.222+0000] {dag.py:3508} INFO - Setting next_dagrun for example_branch_datetime_operator_2 to 2024-02-27T00:00:00+00:00, run_after=2024-02-28T00:00:00+00:00
[2024-02-28T18:40:53.225+0000] {logging_mixin.py:150} INFO - [2024-02-28T18:40:53.225+0000] {dag.py:3508} INFO - Setting next_dagrun for example_branch_datetime_operator_3 to 2024-02-27T00:00:00+00:00, run_after=2024-02-28T00:00:00+00:00
[2024-02-28T18:40:53.240+0000] {processor.py:179} INFO - Processing /home/airflow/.local/lib/python3.7/site-packages/airflow/example_dags/example_branch_datetime_operator.py took 0.101 seconds
[2024-02-28T18:41:23.582+0000] {processor.py:157} INFO - Started process (PID=1063) to work on /home/airflow/.local/lib/python3.7/site-packages/airflow/example_dags/example_branch_datetime_operator.py
[2024-02-28T18:41:23.585+0000] {processor.py:826} INFO - Processing file /home/airflow/.local/lib/python3.7/site-packages/airflow/example_dags/example_branch_datetime_operator.py for tasks to queue
[2024-02-28T18:41:23.588+0000] {logging_mixin.py:150} INFO - [2024-02-28T18:41:23.588+0000] {dagbag.py:541} INFO - Filling up the DagBag from /home/airflow/.local/lib/python3.7/site-packages/airflow/example_dags/example_branch_datetime_operator.py
[2024-02-28T18:41:23.599+0000] {processor.py:836} INFO - DAG(s) dict_keys(['example_branch_datetime_operator', 'example_branch_datetime_operator_2', 'example_branch_datetime_operator_3']) retrieved from /home/airflow/.local/lib/python3.7/site-packages/airflow/example_dags/example_branch_datetime_operator.py
[2024-02-28T18:41:23.636+0000] {logging_mixin.py:150} INFO - [2024-02-28T18:41:23.636+0000] {dag.py:2742} INFO - Sync 3 DAGs
[2024-02-28T18:41:23.672+0000] {logging_mixin.py:150} INFO - [2024-02-28T18:41:23.672+0000] {dag.py:3508} INFO - Setting next_dagrun for example_branch_datetime_operator to 2024-02-27T00:00:00+00:00, run_after=2024-02-28T00:00:00+00:00
[2024-02-28T18:41:23.680+0000] {logging_mixin.py:150} INFO - [2024-02-28T18:41:23.680+0000] {dag.py:3508} INFO - Setting next_dagrun for example_branch_datetime_operator_2 to 2024-02-27T00:00:00+00:00, run_after=2024-02-28T00:00:00+00:00
[2024-02-28T18:41:23.688+0000] {logging_mixin.py:150} INFO - [2024-02-28T18:41:23.687+0000] {dag.py:3508} INFO - Setting next_dagrun for example_branch_datetime_operator_3 to 2024-02-27T00:00:00+00:00, run_after=2024-02-28T00:00:00+00:00
[2024-02-28T18:41:23.707+0000] {processor.py:179} INFO - Processing /home/airflow/.local/lib/python3.7/site-packages/airflow/example_dags/example_branch_datetime_operator.py took 0.129 seconds
[2024-02-28T18:41:54.049+0000] {processor.py:157} INFO - Started process (PID=1126) to work on /home/airflow/.local/lib/python3.7/site-packages/airflow/example_dags/example_branch_datetime_operator.py
[2024-02-28T18:41:54.054+0000] {processor.py:826} INFO - Processing file /home/airflow/.local/lib/python3.7/site-packages/airflow/example_dags/example_branch_datetime_operator.py for tasks to queue
[2024-02-28T18:41:54.056+0000] {logging_mixin.py:150} INFO - [2024-02-28T18:41:54.056+0000] {dagbag.py:541} INFO - Filling up the DagBag from /home/airflow/.local/lib/python3.7/site-packages/airflow/example_dags/example_branch_datetime_operator.py
[2024-02-28T18:41:54.064+0000] {processor.py:836} INFO - DAG(s) dict_keys(['example_branch_datetime_operator', 'example_branch_datetime_operator_2', 'example_branch_datetime_operator_3']) retrieved from /home/airflow/.local/lib/python3.7/site-packages/airflow/example_dags/example_branch_datetime_operator.py
[2024-02-28T18:41:54.099+0000] {logging_mixin.py:150} INFO - [2024-02-28T18:41:54.098+0000] {dag.py:2742} INFO - Sync 3 DAGs
[2024-02-28T18:41:54.124+0000] {logging_mixin.py:150} INFO - [2024-02-28T18:41:54.124+0000] {dag.py:3508} INFO - Setting next_dagrun for example_branch_datetime_operator to 2024-02-27T00:00:00+00:00, run_after=2024-02-28T00:00:00+00:00
[2024-02-28T18:41:54.130+0000] {logging_mixin.py:150} INFO - [2024-02-28T18:41:54.129+0000] {dag.py:3508} INFO - Setting next_dagrun for example_branch_datetime_operator_2 to 2024-02-27T00:00:00+00:00, run_after=2024-02-28T00:00:00+00:00
[2024-02-28T18:41:54.132+0000] {logging_mixin.py:150} INFO - [2024-02-28T18:41:54.132+0000] {dag.py:3508} INFO - Setting next_dagrun for example_branch_datetime_operator_3 to 2024-02-27T00:00:00+00:00, run_after=2024-02-28T00:00:00+00:00
[2024-02-28T18:41:54.151+0000] {processor.py:179} INFO - Processing /home/airflow/.local/lib/python3.7/site-packages/airflow/example_dags/example_branch_datetime_operator.py took 0.105 seconds
[2024-02-28T18:42:24.691+0000] {processor.py:157} INFO - Started process (PID=1189) to work on /home/airflow/.local/lib/python3.7/site-packages/airflow/example_dags/example_branch_datetime_operator.py
[2024-02-28T18:42:24.694+0000] {processor.py:826} INFO - Processing file /home/airflow/.local/lib/python3.7/site-packages/airflow/example_dags/example_branch_datetime_operator.py for tasks to queue
[2024-02-28T18:42:24.697+0000] {logging_mixin.py:150} INFO - [2024-02-28T18:42:24.697+0000] {dagbag.py:541} INFO - Filling up the DagBag from /home/airflow/.local/lib/python3.7/site-packages/airflow/example_dags/example_branch_datetime_operator.py
[2024-02-28T18:42:24.707+0000] {processor.py:836} INFO - DAG(s) dict_keys(['example_branch_datetime_operator_2', 'example_branch_datetime_operator_3', 'example_branch_datetime_operator']) retrieved from /home/airflow/.local/lib/python3.7/site-packages/airflow/example_dags/example_branch_datetime_operator.py
[2024-02-28T18:42:24.747+0000] {logging_mixin.py:150} INFO - [2024-02-28T18:42:24.746+0000] {dag.py:2742} INFO - Sync 3 DAGs
[2024-02-28T18:42:24.771+0000] {logging_mixin.py:150} INFO - [2024-02-28T18:42:24.771+0000] {dag.py:3508} INFO - Setting next_dagrun for example_branch_datetime_operator to 2024-02-27T00:00:00+00:00, run_after=2024-02-28T00:00:00+00:00
[2024-02-28T18:42:24.778+0000] {logging_mixin.py:150} INFO - [2024-02-28T18:42:24.777+0000] {dag.py:3508} INFO - Setting next_dagrun for example_branch_datetime_operator_2 to 2024-02-27T00:00:00+00:00, run_after=2024-02-28T00:00:00+00:00
[2024-02-28T18:42:24.781+0000] {logging_mixin.py:150} INFO - [2024-02-28T18:42:24.781+0000] {dag.py:3508} INFO - Setting next_dagrun for example_branch_datetime_operator_3 to 2024-02-27T00:00:00+00:00, run_after=2024-02-28T00:00:00+00:00
[2024-02-28T18:42:24.799+0000] {processor.py:179} INFO - Processing /home/airflow/.local/lib/python3.7/site-packages/airflow/example_dags/example_branch_datetime_operator.py took 0.112 seconds
[2024-02-28T18:42:56.033+0000] {processor.py:157} INFO - Started process (PID=1252) to work on /home/airflow/.local/lib/python3.7/site-packages/airflow/example_dags/example_branch_datetime_operator.py
[2024-02-28T18:42:56.038+0000] {processor.py:826} INFO - Processing file /home/airflow/.local/lib/python3.7/site-packages/airflow/example_dags/example_branch_datetime_operator.py for tasks to queue
[2024-02-28T18:42:56.040+0000] {logging_mixin.py:150} INFO - [2024-02-28T18:42:56.039+0000] {dagbag.py:541} INFO - Filling up the DagBag from /home/airflow/.local/lib/python3.7/site-packages/airflow/example_dags/example_branch_datetime_operator.py
[2024-02-28T18:42:56.054+0000] {processor.py:836} INFO - DAG(s) dict_keys(['example_branch_datetime_operator', 'example_branch_datetime_operator_3', 'example_branch_datetime_operator_2']) retrieved from /home/airflow/.local/lib/python3.7/site-packages/airflow/example_dags/example_branch_datetime_operator.py
[2024-02-28T18:42:56.095+0000] {logging_mixin.py:150} INFO - [2024-02-28T18:42:56.095+0000] {dag.py:2742} INFO - Sync 3 DAGs
[2024-02-28T18:42:56.123+0000] {logging_mixin.py:150} INFO - [2024-02-28T18:42:56.123+0000] {dag.py:3508} INFO - Setting next_dagrun for example_branch_datetime_operator to 2024-02-27T00:00:00+00:00, run_after=2024-02-28T00:00:00+00:00
[2024-02-28T18:42:56.128+0000] {logging_mixin.py:150} INFO - [2024-02-28T18:42:56.128+0000] {dag.py:3508} INFO - Setting next_dagrun for example_branch_datetime_operator_2 to 2024-02-27T00:00:00+00:00, run_after=2024-02-28T00:00:00+00:00
[2024-02-28T18:42:56.131+0000] {logging_mixin.py:150} INFO - [2024-02-28T18:42:56.131+0000] {dag.py:3508} INFO - Setting next_dagrun for example_branch_datetime_operator_3 to 2024-02-27T00:00:00+00:00, run_after=2024-02-28T00:00:00+00:00
[2024-02-28T18:42:56.153+0000] {processor.py:179} INFO - Processing /home/airflow/.local/lib/python3.7/site-packages/airflow/example_dags/example_branch_datetime_operator.py took 0.125 seconds
[2024-02-28T18:43:26.234+0000] {processor.py:157} INFO - Started process (PID=1315) to work on /home/airflow/.local/lib/python3.7/site-packages/airflow/example_dags/example_branch_datetime_operator.py
[2024-02-28T18:43:26.237+0000] {processor.py:826} INFO - Processing file /home/airflow/.local/lib/python3.7/site-packages/airflow/example_dags/example_branch_datetime_operator.py for tasks to queue
[2024-02-28T18:43:26.239+0000] {logging_mixin.py:150} INFO - [2024-02-28T18:43:26.239+0000] {dagbag.py:541} INFO - Filling up the DagBag from /home/airflow/.local/lib/python3.7/site-packages/airflow/example_dags/example_branch_datetime_operator.py
[2024-02-28T18:43:26.248+0000] {processor.py:836} INFO - DAG(s) dict_keys(['example_branch_datetime_operator_2', 'example_branch_datetime_operator_3', 'example_branch_datetime_operator']) retrieved from /home/airflow/.local/lib/python3.7/site-packages/airflow/example_dags/example_branch_datetime_operator.py
[2024-02-28T18:43:26.284+0000] {logging_mixin.py:150} INFO - [2024-02-28T18:43:26.283+0000] {dag.py:2742} INFO - Sync 3 DAGs
[2024-02-28T18:43:26.313+0000] {logging_mixin.py:150} INFO - [2024-02-28T18:43:26.313+0000] {dag.py:3508} INFO - Setting next_dagrun for example_branch_datetime_operator to 2024-02-27T00:00:00+00:00, run_after=2024-02-28T00:00:00+00:00
[2024-02-28T18:43:26.321+0000] {logging_mixin.py:150} INFO - [2024-02-28T18:43:26.321+0000] {dag.py:3508} INFO - Setting next_dagrun for example_branch_datetime_operator_2 to 2024-02-27T00:00:00+00:00, run_after=2024-02-28T00:00:00+00:00
[2024-02-28T18:43:26.326+0000] {logging_mixin.py:150} INFO - [2024-02-28T18:43:26.326+0000] {dag.py:3508} INFO - Setting next_dagrun for example_branch_datetime_operator_3 to 2024-02-27T00:00:00+00:00, run_after=2024-02-28T00:00:00+00:00
[2024-02-28T18:43:26.341+0000] {processor.py:179} INFO - Processing /home/airflow/.local/lib/python3.7/site-packages/airflow/example_dags/example_branch_datetime_operator.py took 0.111 seconds
[2024-02-28T18:43:56.703+0000] {processor.py:157} INFO - Started process (PID=1378) to work on /home/airflow/.local/lib/python3.7/site-packages/airflow/example_dags/example_branch_datetime_operator.py
[2024-02-28T18:43:56.709+0000] {processor.py:826} INFO - Processing file /home/airflow/.local/lib/python3.7/site-packages/airflow/example_dags/example_branch_datetime_operator.py for tasks to queue
[2024-02-28T18:43:56.712+0000] {logging_mixin.py:150} INFO - [2024-02-28T18:43:56.711+0000] {dagbag.py:541} INFO - Filling up the DagBag from /home/airflow/.local/lib/python3.7/site-packages/airflow/example_dags/example_branch_datetime_operator.py
[2024-02-28T18:43:56.725+0000] {processor.py:836} INFO - DAG(s) dict_keys(['example_branch_datetime_operator_2', 'example_branch_datetime_operator', 'example_branch_datetime_operator_3']) retrieved from /home/airflow/.local/lib/python3.7/site-packages/airflow/example_dags/example_branch_datetime_operator.py
[2024-02-28T18:43:56.764+0000] {logging_mixin.py:150} INFO - [2024-02-28T18:43:56.763+0000] {dag.py:2742} INFO - Sync 3 DAGs
[2024-02-28T18:43:56.790+0000] {logging_mixin.py:150} INFO - [2024-02-28T18:43:56.790+0000] {dag.py:3508} INFO - Setting next_dagrun for example_branch_datetime_operator to 2024-02-27T00:00:00+00:00, run_after=2024-02-28T00:00:00+00:00
[2024-02-28T18:43:56.795+0000] {logging_mixin.py:150} INFO - [2024-02-28T18:43:56.795+0000] {dag.py:3508} INFO - Setting next_dagrun for example_branch_datetime_operator_2 to 2024-02-27T00:00:00+00:00, run_after=2024-02-28T00:00:00+00:00
[2024-02-28T18:43:56.798+0000] {logging_mixin.py:150} INFO - [2024-02-28T18:43:56.798+0000] {dag.py:3508} INFO - Setting next_dagrun for example_branch_datetime_operator_3 to 2024-02-27T00:00:00+00:00, run_after=2024-02-28T00:00:00+00:00
[2024-02-28T18:43:56.816+0000] {processor.py:179} INFO - Processing /home/airflow/.local/lib/python3.7/site-packages/airflow/example_dags/example_branch_datetime_operator.py took 0.116 seconds
[2024-02-28T18:44:28.362+0000] {processor.py:157} INFO - Started process (PID=1441) to work on /home/airflow/.local/lib/python3.7/site-packages/airflow/example_dags/example_branch_datetime_operator.py
[2024-02-28T18:44:28.366+0000] {processor.py:826} INFO - Processing file /home/airflow/.local/lib/python3.7/site-packages/airflow/example_dags/example_branch_datetime_operator.py for tasks to queue
[2024-02-28T18:44:28.368+0000] {logging_mixin.py:150} INFO - [2024-02-28T18:44:28.367+0000] {dagbag.py:541} INFO - Filling up the DagBag from /home/airflow/.local/lib/python3.7/site-packages/airflow/example_dags/example_branch_datetime_operator.py
[2024-02-28T18:44:28.380+0000] {processor.py:836} INFO - DAG(s) dict_keys(['example_branch_datetime_operator_2', 'example_branch_datetime_operator', 'example_branch_datetime_operator_3']) retrieved from /home/airflow/.local/lib/python3.7/site-packages/airflow/example_dags/example_branch_datetime_operator.py
[2024-02-28T18:44:28.422+0000] {logging_mixin.py:150} INFO - [2024-02-28T18:44:28.422+0000] {dag.py:2742} INFO - Sync 3 DAGs
[2024-02-28T18:44:28.449+0000] {logging_mixin.py:150} INFO - [2024-02-28T18:44:28.448+0000] {dag.py:3508} INFO - Setting next_dagrun for example_branch_datetime_operator to 2024-02-27T00:00:00+00:00, run_after=2024-02-28T00:00:00+00:00
[2024-02-28T18:44:28.454+0000] {logging_mixin.py:150} INFO - [2024-02-28T18:44:28.454+0000] {dag.py:3508} INFO - Setting next_dagrun for example_branch_datetime_operator_2 to 2024-02-27T00:00:00+00:00, run_after=2024-02-28T00:00:00+00:00
[2024-02-28T18:44:28.461+0000] {logging_mixin.py:150} INFO - [2024-02-28T18:44:28.461+0000] {dag.py:3508} INFO - Setting next_dagrun for example_branch_datetime_operator_3 to 2024-02-27T00:00:00+00:00, run_after=2024-02-28T00:00:00+00:00
[2024-02-28T18:44:28.480+0000] {processor.py:179} INFO - Processing /home/airflow/.local/lib/python3.7/site-packages/airflow/example_dags/example_branch_datetime_operator.py took 0.121 seconds
[2024-02-28T18:44:58.644+0000] {processor.py:157} INFO - Started process (PID=1504) to work on /home/airflow/.local/lib/python3.7/site-packages/airflow/example_dags/example_branch_datetime_operator.py
[2024-02-28T18:44:58.647+0000] {processor.py:826} INFO - Processing file /home/airflow/.local/lib/python3.7/site-packages/airflow/example_dags/example_branch_datetime_operator.py for tasks to queue
[2024-02-28T18:44:58.649+0000] {logging_mixin.py:150} INFO - [2024-02-28T18:44:58.648+0000] {dagbag.py:541} INFO - Filling up the DagBag from /home/airflow/.local/lib/python3.7/site-packages/airflow/example_dags/example_branch_datetime_operator.py
[2024-02-28T18:44:58.656+0000] {processor.py:836} INFO - DAG(s) dict_keys(['example_branch_datetime_operator_3', 'example_branch_datetime_operator', 'example_branch_datetime_operator_2']) retrieved from /home/airflow/.local/lib/python3.7/site-packages/airflow/example_dags/example_branch_datetime_operator.py
[2024-02-28T18:44:58.686+0000] {logging_mixin.py:150} INFO - [2024-02-28T18:44:58.686+0000] {dag.py:2742} INFO - Sync 3 DAGs
[2024-02-28T18:44:58.707+0000] {logging_mixin.py:150} INFO - [2024-02-28T18:44:58.707+0000] {dag.py:3508} INFO - Setting next_dagrun for example_branch_datetime_operator to 2024-02-27T00:00:00+00:00, run_after=2024-02-28T00:00:00+00:00
[2024-02-28T18:44:58.713+0000] {logging_mixin.py:150} INFO - [2024-02-28T18:44:58.713+0000] {dag.py:3508} INFO - Setting next_dagrun for example_branch_datetime_operator_2 to 2024-02-27T00:00:00+00:00, run_after=2024-02-28T00:00:00+00:00
[2024-02-28T18:44:58.717+0000] {logging_mixin.py:150} INFO - [2024-02-28T18:44:58.717+0000] {dag.py:3508} INFO - Setting next_dagrun for example_branch_datetime_operator_3 to 2024-02-27T00:00:00+00:00, run_after=2024-02-28T00:00:00+00:00
[2024-02-28T18:44:58.732+0000] {processor.py:179} INFO - Processing /home/airflow/.local/lib/python3.7/site-packages/airflow/example_dags/example_branch_datetime_operator.py took 0.092 seconds
[2024-02-28T18:45:29.264+0000] {processor.py:157} INFO - Started process (PID=1568) to work on /home/airflow/.local/lib/python3.7/site-packages/airflow/example_dags/example_branch_datetime_operator.py
[2024-02-28T18:45:29.266+0000] {processor.py:826} INFO - Processing file /home/airflow/.local/lib/python3.7/site-packages/airflow/example_dags/example_branch_datetime_operator.py for tasks to queue
[2024-02-28T18:45:29.268+0000] {logging_mixin.py:150} INFO - [2024-02-28T18:45:29.268+0000] {dagbag.py:541} INFO - Filling up the DagBag from /home/airflow/.local/lib/python3.7/site-packages/airflow/example_dags/example_branch_datetime_operator.py
[2024-02-28T18:45:29.277+0000] {processor.py:836} INFO - DAG(s) dict_keys(['example_branch_datetime_operator_3', 'example_branch_datetime_operator_2', 'example_branch_datetime_operator']) retrieved from /home/airflow/.local/lib/python3.7/site-packages/airflow/example_dags/example_branch_datetime_operator.py
[2024-02-28T18:45:29.309+0000] {logging_mixin.py:150} INFO - [2024-02-28T18:45:29.309+0000] {dag.py:2742} INFO - Sync 3 DAGs
[2024-02-28T18:45:29.332+0000] {logging_mixin.py:150} INFO - [2024-02-28T18:45:29.332+0000] {dag.py:3508} INFO - Setting next_dagrun for example_branch_datetime_operator to 2024-02-27T00:00:00+00:00, run_after=2024-02-28T00:00:00+00:00
[2024-02-28T18:45:29.337+0000] {logging_mixin.py:150} INFO - [2024-02-28T18:45:29.337+0000] {dag.py:3508} INFO - Setting next_dagrun for example_branch_datetime_operator_2 to 2024-02-27T00:00:00+00:00, run_after=2024-02-28T00:00:00+00:00
[2024-02-28T18:45:29.347+0000] {logging_mixin.py:150} INFO - [2024-02-28T18:45:29.346+0000] {dag.py:3508} INFO - Setting next_dagrun for example_branch_datetime_operator_3 to 2024-02-27T00:00:00+00:00, run_after=2024-02-28T00:00:00+00:00
[2024-02-28T18:45:29.359+0000] {processor.py:179} INFO - Processing /home/airflow/.local/lib/python3.7/site-packages/airflow/example_dags/example_branch_datetime_operator.py took 0.101 seconds
[2024-02-28T18:46:00.184+0000] {processor.py:157} INFO - Started process (PID=1631) to work on /home/airflow/.local/lib/python3.7/site-packages/airflow/example_dags/example_branch_datetime_operator.py
[2024-02-28T18:46:00.186+0000] {processor.py:826} INFO - Processing file /home/airflow/.local/lib/python3.7/site-packages/airflow/example_dags/example_branch_datetime_operator.py for tasks to queue
[2024-02-28T18:46:00.189+0000] {logging_mixin.py:150} INFO - [2024-02-28T18:46:00.188+0000] {dagbag.py:541} INFO - Filling up the DagBag from /home/airflow/.local/lib/python3.7/site-packages/airflow/example_dags/example_branch_datetime_operator.py
[2024-02-28T18:46:00.198+0000] {processor.py:836} INFO - DAG(s) dict_keys(['example_branch_datetime_operator_2', 'example_branch_datetime_operator_3', 'example_branch_datetime_operator']) retrieved from /home/airflow/.local/lib/python3.7/site-packages/airflow/example_dags/example_branch_datetime_operator.py
[2024-02-28T18:46:00.230+0000] {logging_mixin.py:150} INFO - [2024-02-28T18:46:00.230+0000] {dag.py:2742} INFO - Sync 3 DAGs
[2024-02-28T18:46:00.254+0000] {logging_mixin.py:150} INFO - [2024-02-28T18:46:00.254+0000] {dag.py:3508} INFO - Setting next_dagrun for example_branch_datetime_operator to 2024-02-27T00:00:00+00:00, run_after=2024-02-28T00:00:00+00:00
[2024-02-28T18:46:00.259+0000] {logging_mixin.py:150} INFO - [2024-02-28T18:46:00.259+0000] {dag.py:3508} INFO - Setting next_dagrun for example_branch_datetime_operator_2 to 2024-02-27T00:00:00+00:00, run_after=2024-02-28T00:00:00+00:00
[2024-02-28T18:46:00.262+0000] {logging_mixin.py:150} INFO - [2024-02-28T18:46:00.262+0000] {dag.py:3508} INFO - Setting next_dagrun for example_branch_datetime_operator_3 to 2024-02-27T00:00:00+00:00, run_after=2024-02-28T00:00:00+00:00
[2024-02-28T18:46:00.275+0000] {processor.py:179} INFO - Processing /home/airflow/.local/lib/python3.7/site-packages/airflow/example_dags/example_branch_datetime_operator.py took 0.094 seconds
[2024-02-28T18:46:30.575+0000] {processor.py:157} INFO - Started process (PID=1694) to work on /home/airflow/.local/lib/python3.7/site-packages/airflow/example_dags/example_branch_datetime_operator.py
[2024-02-28T18:46:30.577+0000] {processor.py:826} INFO - Processing file /home/airflow/.local/lib/python3.7/site-packages/airflow/example_dags/example_branch_datetime_operator.py for tasks to queue
[2024-02-28T18:46:30.579+0000] {logging_mixin.py:150} INFO - [2024-02-28T18:46:30.578+0000] {dagbag.py:541} INFO - Filling up the DagBag from /home/airflow/.local/lib/python3.7/site-packages/airflow/example_dags/example_branch_datetime_operator.py
[2024-02-28T18:46:30.590+0000] {processor.py:836} INFO - DAG(s) dict_keys(['example_branch_datetime_operator_2', 'example_branch_datetime_operator', 'example_branch_datetime_operator_3']) retrieved from /home/airflow/.local/lib/python3.7/site-packages/airflow/example_dags/example_branch_datetime_operator.py
[2024-02-28T18:46:30.623+0000] {logging_mixin.py:150} INFO - [2024-02-28T18:46:30.623+0000] {dag.py:2742} INFO - Sync 3 DAGs
[2024-02-28T18:46:30.647+0000] {logging_mixin.py:150} INFO - [2024-02-28T18:46:30.647+0000] {dag.py:3508} INFO - Setting next_dagrun for example_branch_datetime_operator to 2024-02-27T00:00:00+00:00, run_after=2024-02-28T00:00:00+00:00
[2024-02-28T18:46:30.652+0000] {logging_mixin.py:150} INFO - [2024-02-28T18:46:30.652+0000] {dag.py:3508} INFO - Setting next_dagrun for example_branch_datetime_operator_2 to 2024-02-27T00:00:00+00:00, run_after=2024-02-28T00:00:00+00:00
[2024-02-28T18:46:30.656+0000] {logging_mixin.py:150} INFO - [2024-02-28T18:46:30.656+0000] {dag.py:3508} INFO - Setting next_dagrun for example_branch_datetime_operator_3 to 2024-02-27T00:00:00+00:00, run_after=2024-02-28T00:00:00+00:00
[2024-02-28T18:46:30.670+0000] {processor.py:179} INFO - Processing /home/airflow/.local/lib/python3.7/site-packages/airflow/example_dags/example_branch_datetime_operator.py took 0.098 seconds
[2024-02-28T18:47:00.901+0000] {processor.py:157} INFO - Started process (PID=1757) to work on /home/airflow/.local/lib/python3.7/site-packages/airflow/example_dags/example_branch_datetime_operator.py
[2024-02-28T18:47:00.902+0000] {processor.py:826} INFO - Processing file /home/airflow/.local/lib/python3.7/site-packages/airflow/example_dags/example_branch_datetime_operator.py for tasks to queue
[2024-02-28T18:47:00.904+0000] {logging_mixin.py:150} INFO - [2024-02-28T18:47:00.904+0000] {dagbag.py:541} INFO - Filling up the DagBag from /home/airflow/.local/lib/python3.7/site-packages/airflow/example_dags/example_branch_datetime_operator.py
[2024-02-28T18:47:00.912+0000] {processor.py:836} INFO - DAG(s) dict_keys(['example_branch_datetime_operator_2', 'example_branch_datetime_operator', 'example_branch_datetime_operator_3']) retrieved from /home/airflow/.local/lib/python3.7/site-packages/airflow/example_dags/example_branch_datetime_operator.py
[2024-02-28T18:47:00.948+0000] {logging_mixin.py:150} INFO - [2024-02-28T18:47:00.948+0000] {dag.py:2742} INFO - Sync 3 DAGs
[2024-02-28T18:47:00.984+0000] {logging_mixin.py:150} INFO - [2024-02-28T18:47:00.983+0000] {dag.py:3508} INFO - Setting next_dagrun for example_branch_datetime_operator to 2024-02-27T00:00:00+00:00, run_after=2024-02-28T00:00:00+00:00
[2024-02-28T18:47:00.989+0000] {logging_mixin.py:150} INFO - [2024-02-28T18:47:00.989+0000] {dag.py:3508} INFO - Setting next_dagrun for example_branch_datetime_operator_2 to 2024-02-27T00:00:00+00:00, run_after=2024-02-28T00:00:00+00:00
[2024-02-28T18:47:00.993+0000] {logging_mixin.py:150} INFO - [2024-02-28T18:47:00.993+0000] {dag.py:3508} INFO - Setting next_dagrun for example_branch_datetime_operator_3 to 2024-02-27T00:00:00+00:00, run_after=2024-02-28T00:00:00+00:00
[2024-02-28T18:47:01.008+0000] {processor.py:179} INFO - Processing /home/airflow/.local/lib/python3.7/site-packages/airflow/example_dags/example_branch_datetime_operator.py took 0.111 seconds
[2024-02-28T18:47:31.554+0000] {processor.py:157} INFO - Started process (PID=1820) to work on /home/airflow/.local/lib/python3.7/site-packages/airflow/example_dags/example_branch_datetime_operator.py
[2024-02-28T18:47:31.557+0000] {processor.py:826} INFO - Processing file /home/airflow/.local/lib/python3.7/site-packages/airflow/example_dags/example_branch_datetime_operator.py for tasks to queue
[2024-02-28T18:47:31.559+0000] {logging_mixin.py:150} INFO - [2024-02-28T18:47:31.559+0000] {dagbag.py:541} INFO - Filling up the DagBag from /home/airflow/.local/lib/python3.7/site-packages/airflow/example_dags/example_branch_datetime_operator.py
[2024-02-28T18:47:31.570+0000] {processor.py:836} INFO - DAG(s) dict_keys(['example_branch_datetime_operator', 'example_branch_datetime_operator_3', 'example_branch_datetime_operator_2']) retrieved from /home/airflow/.local/lib/python3.7/site-packages/airflow/example_dags/example_branch_datetime_operator.py
[2024-02-28T18:47:31.614+0000] {logging_mixin.py:150} INFO - [2024-02-28T18:47:31.614+0000] {dag.py:2742} INFO - Sync 3 DAGs
[2024-02-28T18:47:31.651+0000] {logging_mixin.py:150} INFO - [2024-02-28T18:47:31.650+0000] {dag.py:3508} INFO - Setting next_dagrun for example_branch_datetime_operator to 2024-02-27T00:00:00+00:00, run_after=2024-02-28T00:00:00+00:00
[2024-02-28T18:47:31.656+0000] {logging_mixin.py:150} INFO - [2024-02-28T18:47:31.656+0000] {dag.py:3508} INFO - Setting next_dagrun for example_branch_datetime_operator_2 to 2024-02-27T00:00:00+00:00, run_after=2024-02-28T00:00:00+00:00
[2024-02-28T18:47:31.660+0000] {logging_mixin.py:150} INFO - [2024-02-28T18:47:31.660+0000] {dag.py:3508} INFO - Setting next_dagrun for example_branch_datetime_operator_3 to 2024-02-27T00:00:00+00:00, run_after=2024-02-28T00:00:00+00:00
[2024-02-28T18:47:31.683+0000] {processor.py:179} INFO - Processing /home/airflow/.local/lib/python3.7/site-packages/airflow/example_dags/example_branch_datetime_operator.py took 0.132 seconds
[2024-02-28T18:48:01.785+0000] {processor.py:157} INFO - Started process (PID=1883) to work on /home/airflow/.local/lib/python3.7/site-packages/airflow/example_dags/example_branch_datetime_operator.py
[2024-02-28T18:48:01.788+0000] {processor.py:826} INFO - Processing file /home/airflow/.local/lib/python3.7/site-packages/airflow/example_dags/example_branch_datetime_operator.py for tasks to queue
[2024-02-28T18:48:01.790+0000] {logging_mixin.py:150} INFO - [2024-02-28T18:48:01.790+0000] {dagbag.py:541} INFO - Filling up the DagBag from /home/airflow/.local/lib/python3.7/site-packages/airflow/example_dags/example_branch_datetime_operator.py
[2024-02-28T18:48:01.808+0000] {processor.py:836} INFO - DAG(s) dict_keys(['example_branch_datetime_operator_2', 'example_branch_datetime_operator_3', 'example_branch_datetime_operator']) retrieved from /home/airflow/.local/lib/python3.7/site-packages/airflow/example_dags/example_branch_datetime_operator.py
[2024-02-28T18:48:01.849+0000] {logging_mixin.py:150} INFO - [2024-02-28T18:48:01.848+0000] {dag.py:2742} INFO - Sync 3 DAGs
[2024-02-28T18:48:01.875+0000] {logging_mixin.py:150} INFO - [2024-02-28T18:48:01.875+0000] {dag.py:3508} INFO - Setting next_dagrun for example_branch_datetime_operator to 2024-02-27T00:00:00+00:00, run_after=2024-02-28T00:00:00+00:00
[2024-02-28T18:48:01.880+0000] {logging_mixin.py:150} INFO - [2024-02-28T18:48:01.880+0000] {dag.py:3508} INFO - Setting next_dagrun for example_branch_datetime_operator_2 to 2024-02-27T00:00:00+00:00, run_after=2024-02-28T00:00:00+00:00
[2024-02-28T18:48:01.883+0000] {logging_mixin.py:150} INFO - [2024-02-28T18:48:01.883+0000] {dag.py:3508} INFO - Setting next_dagrun for example_branch_datetime_operator_3 to 2024-02-27T00:00:00+00:00, run_after=2024-02-28T00:00:00+00:00
[2024-02-28T18:48:01.899+0000] {processor.py:179} INFO - Processing /home/airflow/.local/lib/python3.7/site-packages/airflow/example_dags/example_branch_datetime_operator.py took 0.119 seconds
[2024-02-28T18:48:32.533+0000] {processor.py:157} INFO - Started process (PID=1945) to work on /home/airflow/.local/lib/python3.7/site-packages/airflow/example_dags/example_branch_datetime_operator.py
[2024-02-28T18:48:32.537+0000] {processor.py:826} INFO - Processing file /home/airflow/.local/lib/python3.7/site-packages/airflow/example_dags/example_branch_datetime_operator.py for tasks to queue
[2024-02-28T18:48:32.538+0000] {logging_mixin.py:150} INFO - [2024-02-28T18:48:32.538+0000] {dagbag.py:541} INFO - Filling up the DagBag from /home/airflow/.local/lib/python3.7/site-packages/airflow/example_dags/example_branch_datetime_operator.py
[2024-02-28T18:48:32.570+0000] {processor.py:836} INFO - DAG(s) dict_keys(['example_branch_datetime_operator', 'example_branch_datetime_operator_3', 'example_branch_datetime_operator_2']) retrieved from /home/airflow/.local/lib/python3.7/site-packages/airflow/example_dags/example_branch_datetime_operator.py
[2024-02-28T18:48:32.638+0000] {logging_mixin.py:150} INFO - [2024-02-28T18:48:32.637+0000] {dag.py:2742} INFO - Sync 3 DAGs
[2024-02-28T18:48:32.674+0000] {logging_mixin.py:150} INFO - [2024-02-28T18:48:32.674+0000] {dag.py:3508} INFO - Setting next_dagrun for example_branch_datetime_operator to 2024-02-27T00:00:00+00:00, run_after=2024-02-28T00:00:00+00:00
[2024-02-28T18:48:32.684+0000] {logging_mixin.py:150} INFO - [2024-02-28T18:48:32.684+0000] {dag.py:3508} INFO - Setting next_dagrun for example_branch_datetime_operator_2 to 2024-02-27T00:00:00+00:00, run_after=2024-02-28T00:00:00+00:00
[2024-02-28T18:48:32.689+0000] {logging_mixin.py:150} INFO - [2024-02-28T18:48:32.688+0000] {dag.py:3508} INFO - Setting next_dagrun for example_branch_datetime_operator_3 to 2024-02-27T00:00:00+00:00, run_after=2024-02-28T00:00:00+00:00
[2024-02-28T18:48:32.709+0000] {processor.py:179} INFO - Processing /home/airflow/.local/lib/python3.7/site-packages/airflow/example_dags/example_branch_datetime_operator.py took 0.179 seconds
[2024-02-28T18:49:04.309+0000] {processor.py:157} INFO - Started process (PID=2014) to work on /home/airflow/.local/lib/python3.7/site-packages/airflow/example_dags/example_branch_datetime_operator.py
[2024-02-28T18:49:04.326+0000] {processor.py:826} INFO - Processing file /home/airflow/.local/lib/python3.7/site-packages/airflow/example_dags/example_branch_datetime_operator.py for tasks to queue
[2024-02-28T18:49:04.349+0000] {logging_mixin.py:150} INFO - [2024-02-28T18:49:04.347+0000] {dagbag.py:541} INFO - Filling up the DagBag from /home/airflow/.local/lib/python3.7/site-packages/airflow/example_dags/example_branch_datetime_operator.py
[2024-02-28T18:49:04.418+0000] {processor.py:836} INFO - DAG(s) dict_keys(['example_branch_datetime_operator_2', 'example_branch_datetime_operator_3', 'example_branch_datetime_operator']) retrieved from /home/airflow/.local/lib/python3.7/site-packages/airflow/example_dags/example_branch_datetime_operator.py
[2024-02-28T18:49:04.525+0000] {logging_mixin.py:150} INFO - [2024-02-28T18:49:04.524+0000] {dag.py:2742} INFO - Sync 3 DAGs
[2024-02-28T18:49:04.589+0000] {logging_mixin.py:150} INFO - [2024-02-28T18:49:04.589+0000] {dag.py:3508} INFO - Setting next_dagrun for example_branch_datetime_operator to 2024-02-27T00:00:00+00:00, run_after=2024-02-28T00:00:00+00:00
[2024-02-28T18:49:04.620+0000] {logging_mixin.py:150} INFO - [2024-02-28T18:49:04.620+0000] {dag.py:3508} INFO - Setting next_dagrun for example_branch_datetime_operator_2 to 2024-02-27T00:00:00+00:00, run_after=2024-02-28T00:00:00+00:00
[2024-02-28T18:49:04.635+0000] {logging_mixin.py:150} INFO - [2024-02-28T18:49:04.635+0000] {dag.py:3508} INFO - Setting next_dagrun for example_branch_datetime_operator_3 to 2024-02-27T00:00:00+00:00, run_after=2024-02-28T00:00:00+00:00
[2024-02-28T18:49:04.790+0000] {processor.py:179} INFO - Processing /home/airflow/.local/lib/python3.7/site-packages/airflow/example_dags/example_branch_datetime_operator.py took 0.511 seconds
[2024-02-28T18:49:34.847+0000] {processor.py:157} INFO - Started process (PID=2085) to work on /home/airflow/.local/lib/python3.7/site-packages/airflow/example_dags/example_branch_datetime_operator.py
[2024-02-28T18:49:34.851+0000] {processor.py:826} INFO - Processing file /home/airflow/.local/lib/python3.7/site-packages/airflow/example_dags/example_branch_datetime_operator.py for tasks to queue
[2024-02-28T18:49:34.853+0000] {logging_mixin.py:150} INFO - [2024-02-28T18:49:34.853+0000] {dagbag.py:541} INFO - Filling up the DagBag from /home/airflow/.local/lib/python3.7/site-packages/airflow/example_dags/example_branch_datetime_operator.py
[2024-02-28T18:49:34.863+0000] {processor.py:836} INFO - DAG(s) dict_keys(['example_branch_datetime_operator_2', 'example_branch_datetime_operator', 'example_branch_datetime_operator_3']) retrieved from /home/airflow/.local/lib/python3.7/site-packages/airflow/example_dags/example_branch_datetime_operator.py
[2024-02-28T18:49:34.896+0000] {logging_mixin.py:150} INFO - [2024-02-28T18:49:34.895+0000] {dag.py:2742} INFO - Sync 3 DAGs
[2024-02-28T18:49:34.916+0000] {logging_mixin.py:150} INFO - [2024-02-28T18:49:34.916+0000] {dag.py:3508} INFO - Setting next_dagrun for example_branch_datetime_operator to 2024-02-27T00:00:00+00:00, run_after=2024-02-28T00:00:00+00:00
[2024-02-28T18:49:34.920+0000] {logging_mixin.py:150} INFO - [2024-02-28T18:49:34.920+0000] {dag.py:3508} INFO - Setting next_dagrun for example_branch_datetime_operator_2 to 2024-02-27T00:00:00+00:00, run_after=2024-02-28T00:00:00+00:00
[2024-02-28T18:49:34.923+0000] {logging_mixin.py:150} INFO - [2024-02-28T18:49:34.923+0000] {dag.py:3508} INFO - Setting next_dagrun for example_branch_datetime_operator_3 to 2024-02-27T00:00:00+00:00, run_after=2024-02-28T00:00:00+00:00
[2024-02-28T18:49:34.935+0000] {processor.py:179} INFO - Processing /home/airflow/.local/lib/python3.7/site-packages/airflow/example_dags/example_branch_datetime_operator.py took 0.093 seconds
[2024-02-28T18:50:05.470+0000] {processor.py:157} INFO - Started process (PID=2148) to work on /home/airflow/.local/lib/python3.7/site-packages/airflow/example_dags/example_branch_datetime_operator.py
[2024-02-28T18:50:05.475+0000] {processor.py:826} INFO - Processing file /home/airflow/.local/lib/python3.7/site-packages/airflow/example_dags/example_branch_datetime_operator.py for tasks to queue
[2024-02-28T18:50:05.478+0000] {logging_mixin.py:150} INFO - [2024-02-28T18:50:05.477+0000] {dagbag.py:541} INFO - Filling up the DagBag from /home/airflow/.local/lib/python3.7/site-packages/airflow/example_dags/example_branch_datetime_operator.py
[2024-02-28T18:50:05.488+0000] {processor.py:836} INFO - DAG(s) dict_keys(['example_branch_datetime_operator', 'example_branch_datetime_operator_2', 'example_branch_datetime_operator_3']) retrieved from /home/airflow/.local/lib/python3.7/site-packages/airflow/example_dags/example_branch_datetime_operator.py
[2024-02-28T18:50:05.537+0000] {logging_mixin.py:150} INFO - [2024-02-28T18:50:05.537+0000] {dag.py:2742} INFO - Sync 3 DAGs
[2024-02-28T18:50:05.572+0000] {logging_mixin.py:150} INFO - [2024-02-28T18:50:05.572+0000] {dag.py:3508} INFO - Setting next_dagrun for example_branch_datetime_operator to 2024-02-27T00:00:00+00:00, run_after=2024-02-28T00:00:00+00:00
[2024-02-28T18:50:05.579+0000] {logging_mixin.py:150} INFO - [2024-02-28T18:50:05.579+0000] {dag.py:3508} INFO - Setting next_dagrun for example_branch_datetime_operator_2 to 2024-02-27T00:00:00+00:00, run_after=2024-02-28T00:00:00+00:00
[2024-02-28T18:50:05.583+0000] {logging_mixin.py:150} INFO - [2024-02-28T18:50:05.583+0000] {dag.py:3508} INFO - Setting next_dagrun for example_branch_datetime_operator_3 to 2024-02-27T00:00:00+00:00, run_after=2024-02-28T00:00:00+00:00
[2024-02-28T18:50:05.615+0000] {processor.py:179} INFO - Processing /home/airflow/.local/lib/python3.7/site-packages/airflow/example_dags/example_branch_datetime_operator.py took 0.151 seconds
[2024-02-28T18:50:35.679+0000] {processor.py:157} INFO - Started process (PID=2215) to work on /home/airflow/.local/lib/python3.7/site-packages/airflow/example_dags/example_branch_datetime_operator.py
[2024-02-28T18:50:35.681+0000] {processor.py:826} INFO - Processing file /home/airflow/.local/lib/python3.7/site-packages/airflow/example_dags/example_branch_datetime_operator.py for tasks to queue
[2024-02-28T18:50:35.683+0000] {logging_mixin.py:150} INFO - [2024-02-28T18:50:35.683+0000] {dagbag.py:541} INFO - Filling up the DagBag from /home/airflow/.local/lib/python3.7/site-packages/airflow/example_dags/example_branch_datetime_operator.py
[2024-02-28T18:50:35.693+0000] {processor.py:836} INFO - DAG(s) dict_keys(['example_branch_datetime_operator_2', 'example_branch_datetime_operator', 'example_branch_datetime_operator_3']) retrieved from /home/airflow/.local/lib/python3.7/site-packages/airflow/example_dags/example_branch_datetime_operator.py
[2024-02-28T18:50:35.731+0000] {logging_mixin.py:150} INFO - [2024-02-28T18:50:35.731+0000] {dag.py:2742} INFO - Sync 3 DAGs
[2024-02-28T18:50:35.756+0000] {logging_mixin.py:150} INFO - [2024-02-28T18:50:35.756+0000] {dag.py:3508} INFO - Setting next_dagrun for example_branch_datetime_operator to 2024-02-27T00:00:00+00:00, run_after=2024-02-28T00:00:00+00:00
[2024-02-28T18:50:35.762+0000] {logging_mixin.py:150} INFO - [2024-02-28T18:50:35.762+0000] {dag.py:3508} INFO - Setting next_dagrun for example_branch_datetime_operator_2 to 2024-02-27T00:00:00+00:00, run_after=2024-02-28T00:00:00+00:00
[2024-02-28T18:50:35.765+0000] {logging_mixin.py:150} INFO - [2024-02-28T18:50:35.765+0000] {dag.py:3508} INFO - Setting next_dagrun for example_branch_datetime_operator_3 to 2024-02-27T00:00:00+00:00, run_after=2024-02-28T00:00:00+00:00
[2024-02-28T18:50:35.781+0000] {processor.py:179} INFO - Processing /home/airflow/.local/lib/python3.7/site-packages/airflow/example_dags/example_branch_datetime_operator.py took 0.106 seconds
[2024-02-28T18:51:07.091+0000] {processor.py:157} INFO - Started process (PID=2278) to work on /home/airflow/.local/lib/python3.7/site-packages/airflow/example_dags/example_branch_datetime_operator.py
[2024-02-28T18:51:07.096+0000] {processor.py:826} INFO - Processing file /home/airflow/.local/lib/python3.7/site-packages/airflow/example_dags/example_branch_datetime_operator.py for tasks to queue
[2024-02-28T18:51:07.099+0000] {logging_mixin.py:150} INFO - [2024-02-28T18:51:07.098+0000] {dagbag.py:541} INFO - Filling up the DagBag from /home/airflow/.local/lib/python3.7/site-packages/airflow/example_dags/example_branch_datetime_operator.py
[2024-02-28T18:51:07.117+0000] {processor.py:836} INFO - DAG(s) dict_keys(['example_branch_datetime_operator', 'example_branch_datetime_operator_2', 'example_branch_datetime_operator_3']) retrieved from /home/airflow/.local/lib/python3.7/site-packages/airflow/example_dags/example_branch_datetime_operator.py
[2024-02-28T18:51:07.169+0000] {logging_mixin.py:150} INFO - [2024-02-28T18:51:07.169+0000] {dag.py:2742} INFO - Sync 3 DAGs
[2024-02-28T18:51:07.206+0000] {logging_mixin.py:150} INFO - [2024-02-28T18:51:07.206+0000] {dag.py:3508} INFO - Setting next_dagrun for example_branch_datetime_operator to 2024-02-27T00:00:00+00:00, run_after=2024-02-28T00:00:00+00:00
[2024-02-28T18:51:07.218+0000] {logging_mixin.py:150} INFO - [2024-02-28T18:51:07.217+0000] {dag.py:3508} INFO - Setting next_dagrun for example_branch_datetime_operator_2 to 2024-02-27T00:00:00+00:00, run_after=2024-02-28T00:00:00+00:00
[2024-02-28T18:51:07.223+0000] {logging_mixin.py:150} INFO - [2024-02-28T18:51:07.223+0000] {dag.py:3508} INFO - Setting next_dagrun for example_branch_datetime_operator_3 to 2024-02-27T00:00:00+00:00, run_after=2024-02-28T00:00:00+00:00
[2024-02-28T18:51:07.286+0000] {processor.py:179} INFO - Processing /home/airflow/.local/lib/python3.7/site-packages/airflow/example_dags/example_branch_datetime_operator.py took 0.202 seconds
[2024-02-28T18:51:38.230+0000] {processor.py:157} INFO - Started process (PID=2345) to work on /home/airflow/.local/lib/python3.7/site-packages/airflow/example_dags/example_branch_datetime_operator.py
[2024-02-28T18:51:38.233+0000] {processor.py:826} INFO - Processing file /home/airflow/.local/lib/python3.7/site-packages/airflow/example_dags/example_branch_datetime_operator.py for tasks to queue
[2024-02-28T18:51:38.235+0000] {logging_mixin.py:150} INFO - [2024-02-28T18:51:38.234+0000] {dagbag.py:541} INFO - Filling up the DagBag from /home/airflow/.local/lib/python3.7/site-packages/airflow/example_dags/example_branch_datetime_operator.py
[2024-02-28T18:51:38.244+0000] {processor.py:836} INFO - DAG(s) dict_keys(['example_branch_datetime_operator_3', 'example_branch_datetime_operator_2', 'example_branch_datetime_operator']) retrieved from /home/airflow/.local/lib/python3.7/site-packages/airflow/example_dags/example_branch_datetime_operator.py
[2024-02-28T18:51:38.286+0000] {logging_mixin.py:150} INFO - [2024-02-28T18:51:38.286+0000] {dag.py:2742} INFO - Sync 3 DAGs
[2024-02-28T18:51:38.308+0000] {logging_mixin.py:150} INFO - [2024-02-28T18:51:38.308+0000] {dag.py:3508} INFO - Setting next_dagrun for example_branch_datetime_operator to 2024-02-27T00:00:00+00:00, run_after=2024-02-28T00:00:00+00:00
[2024-02-28T18:51:38.313+0000] {logging_mixin.py:150} INFO - [2024-02-28T18:51:38.313+0000] {dag.py:3508} INFO - Setting next_dagrun for example_branch_datetime_operator_2 to 2024-02-27T00:00:00+00:00, run_after=2024-02-28T00:00:00+00:00
[2024-02-28T18:51:38.317+0000] {logging_mixin.py:150} INFO - [2024-02-28T18:51:38.316+0000] {dag.py:3508} INFO - Setting next_dagrun for example_branch_datetime_operator_3 to 2024-02-27T00:00:00+00:00, run_after=2024-02-28T00:00:00+00:00
[2024-02-28T18:51:38.331+0000] {processor.py:179} INFO - Processing /home/airflow/.local/lib/python3.7/site-packages/airflow/example_dags/example_branch_datetime_operator.py took 0.106 seconds
[2024-02-28T18:52:09.333+0000] {processor.py:157} INFO - Started process (PID=2412) to work on /home/airflow/.local/lib/python3.7/site-packages/airflow/example_dags/example_branch_datetime_operator.py
[2024-02-28T18:52:09.337+0000] {processor.py:826} INFO - Processing file /home/airflow/.local/lib/python3.7/site-packages/airflow/example_dags/example_branch_datetime_operator.py for tasks to queue
[2024-02-28T18:52:09.349+0000] {logging_mixin.py:150} INFO - [2024-02-28T18:52:09.348+0000] {dagbag.py:541} INFO - Filling up the DagBag from /home/airflow/.local/lib/python3.7/site-packages/airflow/example_dags/example_branch_datetime_operator.py
[2024-02-28T18:52:09.369+0000] {processor.py:836} INFO - DAG(s) dict_keys(['example_branch_datetime_operator_2', 'example_branch_datetime_operator', 'example_branch_datetime_operator_3']) retrieved from /home/airflow/.local/lib/python3.7/site-packages/airflow/example_dags/example_branch_datetime_operator.py
[2024-02-28T18:52:09.423+0000] {logging_mixin.py:150} INFO - [2024-02-28T18:52:09.422+0000] {dag.py:2742} INFO - Sync 3 DAGs
[2024-02-28T18:52:09.465+0000] {logging_mixin.py:150} INFO - [2024-02-28T18:52:09.464+0000] {dag.py:3508} INFO - Setting next_dagrun for example_branch_datetime_operator to 2024-02-27T00:00:00+00:00, run_after=2024-02-28T00:00:00+00:00
[2024-02-28T18:52:09.472+0000] {logging_mixin.py:150} INFO - [2024-02-28T18:52:09.472+0000] {dag.py:3508} INFO - Setting next_dagrun for example_branch_datetime_operator_2 to 2024-02-27T00:00:00+00:00, run_after=2024-02-28T00:00:00+00:00
[2024-02-28T18:52:09.477+0000] {logging_mixin.py:150} INFO - [2024-02-28T18:52:09.476+0000] {dag.py:3508} INFO - Setting next_dagrun for example_branch_datetime_operator_3 to 2024-02-27T00:00:00+00:00, run_after=2024-02-28T00:00:00+00:00
[2024-02-28T18:52:09.501+0000] {processor.py:179} INFO - Processing /home/airflow/.local/lib/python3.7/site-packages/airflow/example_dags/example_branch_datetime_operator.py took 0.173 seconds
[2024-02-28T18:52:39.710+0000] {processor.py:157} INFO - Started process (PID=2474) to work on /home/airflow/.local/lib/python3.7/site-packages/airflow/example_dags/example_branch_datetime_operator.py
[2024-02-28T18:52:39.712+0000] {processor.py:826} INFO - Processing file /home/airflow/.local/lib/python3.7/site-packages/airflow/example_dags/example_branch_datetime_operator.py for tasks to queue
[2024-02-28T18:52:39.714+0000] {logging_mixin.py:150} INFO - [2024-02-28T18:52:39.713+0000] {dagbag.py:541} INFO - Filling up the DagBag from /home/airflow/.local/lib/python3.7/site-packages/airflow/example_dags/example_branch_datetime_operator.py
[2024-02-28T18:52:39.723+0000] {processor.py:836} INFO - DAG(s) dict_keys(['example_branch_datetime_operator_2', 'example_branch_datetime_operator', 'example_branch_datetime_operator_3']) retrieved from /home/airflow/.local/lib/python3.7/site-packages/airflow/example_dags/example_branch_datetime_operator.py
[2024-02-28T18:52:39.759+0000] {logging_mixin.py:150} INFO - [2024-02-28T18:52:39.758+0000] {dag.py:2742} INFO - Sync 3 DAGs
[2024-02-28T18:52:39.787+0000] {logging_mixin.py:150} INFO - [2024-02-28T18:52:39.787+0000] {dag.py:3508} INFO - Setting next_dagrun for example_branch_datetime_operator to 2024-02-27T00:00:00+00:00, run_after=2024-02-28T00:00:00+00:00
[2024-02-28T18:52:39.793+0000] {logging_mixin.py:150} INFO - [2024-02-28T18:52:39.793+0000] {dag.py:3508} INFO - Setting next_dagrun for example_branch_datetime_operator_2 to 2024-02-27T00:00:00+00:00, run_after=2024-02-28T00:00:00+00:00
[2024-02-28T18:52:39.796+0000] {logging_mixin.py:150} INFO - [2024-02-28T18:52:39.796+0000] {dag.py:3508} INFO - Setting next_dagrun for example_branch_datetime_operator_3 to 2024-02-27T00:00:00+00:00, run_after=2024-02-28T00:00:00+00:00
[2024-02-28T18:52:39.816+0000] {processor.py:179} INFO - Processing /home/airflow/.local/lib/python3.7/site-packages/airflow/example_dags/example_branch_datetime_operator.py took 0.109 seconds
