[2024-02-28T18:33:07.605+0000] {processor.py:157} INFO - Started process (PID=38) to work on /home/airflow/.local/lib/python3.7/site-packages/airflow/example_dags/example_kubernetes_executor.py
[2024-02-28T18:33:07.614+0000] {processor.py:826} INFO - Processing file /home/airflow/.local/lib/python3.7/site-packages/airflow/example_dags/example_kubernetes_executor.py for tasks to queue
[2024-02-28T18:33:07.619+0000] {logging_mixin.py:150} INFO - [2024-02-28T18:33:07.619+0000] {dagbag.py:541} INFO - Filling up the DagBag from /home/airflow/.local/lib/python3.7/site-packages/airflow/example_dags/example_kubernetes_executor.py
[2024-02-28T18:33:08.852+0000] {processor.py:836} INFO - DAG(s) dict_keys(['example_kubernetes_executor']) retrieved from /home/airflow/.local/lib/python3.7/site-packages/airflow/example_dags/example_kubernetes_executor.py
[2024-02-28T18:33:08.904+0000] {logging_mixin.py:150} INFO - [2024-02-28T18:33:08.904+0000] {dag.py:2742} INFO - Sync 1 DAGs
[2024-02-28T18:33:08.952+0000] {logging_mixin.py:150} INFO - [2024-02-28T18:33:08.952+0000] {dag.py:3508} INFO - Setting next_dagrun for example_kubernetes_executor to None, run_after=None
[2024-02-28T18:33:09.003+0000] {processor.py:179} INFO - Processing /home/airflow/.local/lib/python3.7/site-packages/airflow/example_dags/example_kubernetes_executor.py took 1.402 seconds
[2024-02-28T18:33:39.141+0000] {processor.py:157} INFO - Started process (PID=97) to work on /home/airflow/.local/lib/python3.7/site-packages/airflow/example_dags/example_kubernetes_executor.py
[2024-02-28T18:33:39.145+0000] {processor.py:826} INFO - Processing file /home/airflow/.local/lib/python3.7/site-packages/airflow/example_dags/example_kubernetes_executor.py for tasks to queue
[2024-02-28T18:33:39.148+0000] {logging_mixin.py:150} INFO - [2024-02-28T18:33:39.147+0000] {dagbag.py:541} INFO - Filling up the DagBag from /home/airflow/.local/lib/python3.7/site-packages/airflow/example_dags/example_kubernetes_executor.py
[2024-02-28T18:33:39.412+0000] {processor.py:836} INFO - DAG(s) dict_keys(['example_kubernetes_executor']) retrieved from /home/airflow/.local/lib/python3.7/site-packages/airflow/example_dags/example_kubernetes_executor.py
[2024-02-28T18:33:39.480+0000] {logging_mixin.py:150} INFO - [2024-02-28T18:33:39.480+0000] {dag.py:2742} INFO - Sync 1 DAGs
[2024-02-28T18:33:39.509+0000] {logging_mixin.py:150} INFO - [2024-02-28T18:33:39.509+0000] {dag.py:3508} INFO - Setting next_dagrun for example_kubernetes_executor to None, run_after=None
[2024-02-28T18:33:39.524+0000] {processor.py:179} INFO - Processing /home/airflow/.local/lib/python3.7/site-packages/airflow/example_dags/example_kubernetes_executor.py took 0.391 seconds
[2024-02-28T18:34:10.281+0000] {processor.py:157} INFO - Started process (PID=161) to work on /home/airflow/.local/lib/python3.7/site-packages/airflow/example_dags/example_kubernetes_executor.py
[2024-02-28T18:34:10.285+0000] {processor.py:826} INFO - Processing file /home/airflow/.local/lib/python3.7/site-packages/airflow/example_dags/example_kubernetes_executor.py for tasks to queue
[2024-02-28T18:34:10.288+0000] {logging_mixin.py:150} INFO - [2024-02-28T18:34:10.288+0000] {dagbag.py:541} INFO - Filling up the DagBag from /home/airflow/.local/lib/python3.7/site-packages/airflow/example_dags/example_kubernetes_executor.py
[2024-02-28T18:34:10.557+0000] {processor.py:836} INFO - DAG(s) dict_keys(['example_kubernetes_executor']) retrieved from /home/airflow/.local/lib/python3.7/site-packages/airflow/example_dags/example_kubernetes_executor.py
[2024-02-28T18:34:10.605+0000] {logging_mixin.py:150} INFO - [2024-02-28T18:34:10.605+0000] {dag.py:2742} INFO - Sync 1 DAGs
[2024-02-28T18:34:10.636+0000] {logging_mixin.py:150} INFO - [2024-02-28T18:34:10.636+0000] {dag.py:3508} INFO - Setting next_dagrun for example_kubernetes_executor to None, run_after=None
[2024-02-28T18:34:10.655+0000] {processor.py:179} INFO - Processing /home/airflow/.local/lib/python3.7/site-packages/airflow/example_dags/example_kubernetes_executor.py took 0.381 seconds
[2024-02-28T18:34:41.567+0000] {processor.py:157} INFO - Started process (PID=224) to work on /home/airflow/.local/lib/python3.7/site-packages/airflow/example_dags/example_kubernetes_executor.py
[2024-02-28T18:34:41.582+0000] {processor.py:826} INFO - Processing file /home/airflow/.local/lib/python3.7/site-packages/airflow/example_dags/example_kubernetes_executor.py for tasks to queue
[2024-02-28T18:34:41.585+0000] {logging_mixin.py:150} INFO - [2024-02-28T18:34:41.585+0000] {dagbag.py:541} INFO - Filling up the DagBag from /home/airflow/.local/lib/python3.7/site-packages/airflow/example_dags/example_kubernetes_executor.py
[2024-02-28T18:34:41.862+0000] {processor.py:836} INFO - DAG(s) dict_keys(['example_kubernetes_executor']) retrieved from /home/airflow/.local/lib/python3.7/site-packages/airflow/example_dags/example_kubernetes_executor.py
[2024-02-28T18:34:41.909+0000] {logging_mixin.py:150} INFO - [2024-02-28T18:34:41.909+0000] {dag.py:2742} INFO - Sync 1 DAGs
[2024-02-28T18:34:41.933+0000] {logging_mixin.py:150} INFO - [2024-02-28T18:34:41.933+0000] {dag.py:3508} INFO - Setting next_dagrun for example_kubernetes_executor to None, run_after=None
[2024-02-28T18:34:41.960+0000] {processor.py:179} INFO - Processing /home/airflow/.local/lib/python3.7/site-packages/airflow/example_dags/example_kubernetes_executor.py took 0.399 seconds
[2024-02-28T18:35:12.829+0000] {processor.py:157} INFO - Started process (PID=288) to work on /home/airflow/.local/lib/python3.7/site-packages/airflow/example_dags/example_kubernetes_executor.py
[2024-02-28T18:35:12.834+0000] {processor.py:826} INFO - Processing file /home/airflow/.local/lib/python3.7/site-packages/airflow/example_dags/example_kubernetes_executor.py for tasks to queue
[2024-02-28T18:35:12.836+0000] {logging_mixin.py:150} INFO - [2024-02-28T18:35:12.835+0000] {dagbag.py:541} INFO - Filling up the DagBag from /home/airflow/.local/lib/python3.7/site-packages/airflow/example_dags/example_kubernetes_executor.py
[2024-02-28T18:35:13.126+0000] {processor.py:836} INFO - DAG(s) dict_keys(['example_kubernetes_executor']) retrieved from /home/airflow/.local/lib/python3.7/site-packages/airflow/example_dags/example_kubernetes_executor.py
[2024-02-28T18:35:13.185+0000] {logging_mixin.py:150} INFO - [2024-02-28T18:35:13.185+0000] {dag.py:2742} INFO - Sync 1 DAGs
[2024-02-28T18:35:13.229+0000] {logging_mixin.py:150} INFO - [2024-02-28T18:35:13.229+0000] {dag.py:3508} INFO - Setting next_dagrun for example_kubernetes_executor to None, run_after=None
[2024-02-28T18:35:13.250+0000] {processor.py:179} INFO - Processing /home/airflow/.local/lib/python3.7/site-packages/airflow/example_dags/example_kubernetes_executor.py took 0.428 seconds
[2024-02-28T18:35:43.396+0000] {processor.py:157} INFO - Started process (PID=351) to work on /home/airflow/.local/lib/python3.7/site-packages/airflow/example_dags/example_kubernetes_executor.py
[2024-02-28T18:35:43.400+0000] {processor.py:826} INFO - Processing file /home/airflow/.local/lib/python3.7/site-packages/airflow/example_dags/example_kubernetes_executor.py for tasks to queue
[2024-02-28T18:35:43.404+0000] {logging_mixin.py:150} INFO - [2024-02-28T18:35:43.403+0000] {dagbag.py:541} INFO - Filling up the DagBag from /home/airflow/.local/lib/python3.7/site-packages/airflow/example_dags/example_kubernetes_executor.py
[2024-02-28T18:35:43.686+0000] {processor.py:836} INFO - DAG(s) dict_keys(['example_kubernetes_executor']) retrieved from /home/airflow/.local/lib/python3.7/site-packages/airflow/example_dags/example_kubernetes_executor.py
[2024-02-28T18:35:43.745+0000] {logging_mixin.py:150} INFO - [2024-02-28T18:35:43.745+0000] {dag.py:2742} INFO - Sync 1 DAGs
[2024-02-28T18:35:43.784+0000] {logging_mixin.py:150} INFO - [2024-02-28T18:35:43.783+0000] {dag.py:3508} INFO - Setting next_dagrun for example_kubernetes_executor to None, run_after=None
[2024-02-28T18:35:43.802+0000] {processor.py:179} INFO - Processing /home/airflow/.local/lib/python3.7/site-packages/airflow/example_dags/example_kubernetes_executor.py took 0.414 seconds
[2024-02-28T18:36:14.640+0000] {processor.py:157} INFO - Started process (PID=415) to work on /home/airflow/.local/lib/python3.7/site-packages/airflow/example_dags/example_kubernetes_executor.py
[2024-02-28T18:36:14.643+0000] {processor.py:826} INFO - Processing file /home/airflow/.local/lib/python3.7/site-packages/airflow/example_dags/example_kubernetes_executor.py for tasks to queue
[2024-02-28T18:36:14.646+0000] {logging_mixin.py:150} INFO - [2024-02-28T18:36:14.646+0000] {dagbag.py:541} INFO - Filling up the DagBag from /home/airflow/.local/lib/python3.7/site-packages/airflow/example_dags/example_kubernetes_executor.py
[2024-02-28T18:36:15.003+0000] {processor.py:836} INFO - DAG(s) dict_keys(['example_kubernetes_executor']) retrieved from /home/airflow/.local/lib/python3.7/site-packages/airflow/example_dags/example_kubernetes_executor.py
[2024-02-28T18:36:15.058+0000] {logging_mixin.py:150} INFO - [2024-02-28T18:36:15.058+0000] {dag.py:2742} INFO - Sync 1 DAGs
[2024-02-28T18:36:15.112+0000] {logging_mixin.py:150} INFO - [2024-02-28T18:36:15.111+0000] {dag.py:3508} INFO - Setting next_dagrun for example_kubernetes_executor to None, run_after=None
[2024-02-28T18:36:15.136+0000] {processor.py:179} INFO - Processing /home/airflow/.local/lib/python3.7/site-packages/airflow/example_dags/example_kubernetes_executor.py took 0.508 seconds
[2024-02-28T18:36:46.001+0000] {processor.py:157} INFO - Started process (PID=478) to work on /home/airflow/.local/lib/python3.7/site-packages/airflow/example_dags/example_kubernetes_executor.py
[2024-02-28T18:36:46.005+0000] {processor.py:826} INFO - Processing file /home/airflow/.local/lib/python3.7/site-packages/airflow/example_dags/example_kubernetes_executor.py for tasks to queue
[2024-02-28T18:36:46.009+0000] {logging_mixin.py:150} INFO - [2024-02-28T18:36:46.008+0000] {dagbag.py:541} INFO - Filling up the DagBag from /home/airflow/.local/lib/python3.7/site-packages/airflow/example_dags/example_kubernetes_executor.py
[2024-02-28T18:36:46.426+0000] {processor.py:836} INFO - DAG(s) dict_keys(['example_kubernetes_executor']) retrieved from /home/airflow/.local/lib/python3.7/site-packages/airflow/example_dags/example_kubernetes_executor.py
[2024-02-28T18:36:46.503+0000] {logging_mixin.py:150} INFO - [2024-02-28T18:36:46.503+0000] {dag.py:2742} INFO - Sync 1 DAGs
[2024-02-28T18:36:46.537+0000] {logging_mixin.py:150} INFO - [2024-02-28T18:36:46.537+0000] {dag.py:3508} INFO - Setting next_dagrun for example_kubernetes_executor to None, run_after=None
[2024-02-28T18:36:46.568+0000] {processor.py:179} INFO - Processing /home/airflow/.local/lib/python3.7/site-packages/airflow/example_dags/example_kubernetes_executor.py took 0.573 seconds
[2024-02-28T18:37:16.674+0000] {processor.py:157} INFO - Started process (PID=540) to work on /home/airflow/.local/lib/python3.7/site-packages/airflow/example_dags/example_kubernetes_executor.py
[2024-02-28T18:37:16.680+0000] {processor.py:826} INFO - Processing file /home/airflow/.local/lib/python3.7/site-packages/airflow/example_dags/example_kubernetes_executor.py for tasks to queue
[2024-02-28T18:37:16.684+0000] {logging_mixin.py:150} INFO - [2024-02-28T18:37:16.683+0000] {dagbag.py:541} INFO - Filling up the DagBag from /home/airflow/.local/lib/python3.7/site-packages/airflow/example_dags/example_kubernetes_executor.py
[2024-02-28T18:37:16.970+0000] {processor.py:836} INFO - DAG(s) dict_keys(['example_kubernetes_executor']) retrieved from /home/airflow/.local/lib/python3.7/site-packages/airflow/example_dags/example_kubernetes_executor.py
[2024-02-28T18:37:17.031+0000] {logging_mixin.py:150} INFO - [2024-02-28T18:37:17.031+0000] {dag.py:2742} INFO - Sync 1 DAGs
[2024-02-28T18:37:17.059+0000] {logging_mixin.py:150} INFO - [2024-02-28T18:37:17.058+0000] {dag.py:3508} INFO - Setting next_dagrun for example_kubernetes_executor to None, run_after=None
[2024-02-28T18:37:17.079+0000] {processor.py:179} INFO - Processing /home/airflow/.local/lib/python3.7/site-packages/airflow/example_dags/example_kubernetes_executor.py took 0.418 seconds
[2024-02-28T18:37:47.718+0000] {processor.py:157} INFO - Started process (PID=608) to work on /home/airflow/.local/lib/python3.7/site-packages/airflow/example_dags/example_kubernetes_executor.py
[2024-02-28T18:37:47.726+0000] {processor.py:826} INFO - Processing file /home/airflow/.local/lib/python3.7/site-packages/airflow/example_dags/example_kubernetes_executor.py for tasks to queue
[2024-02-28T18:37:47.731+0000] {logging_mixin.py:150} INFO - [2024-02-28T18:37:47.729+0000] {dagbag.py:541} INFO - Filling up the DagBag from /home/airflow/.local/lib/python3.7/site-packages/airflow/example_dags/example_kubernetes_executor.py
[2024-02-28T18:37:48.056+0000] {processor.py:836} INFO - DAG(s) dict_keys(['example_kubernetes_executor']) retrieved from /home/airflow/.local/lib/python3.7/site-packages/airflow/example_dags/example_kubernetes_executor.py
[2024-02-28T18:37:48.106+0000] {logging_mixin.py:150} INFO - [2024-02-28T18:37:48.106+0000] {dag.py:2742} INFO - Sync 1 DAGs
[2024-02-28T18:37:48.142+0000] {logging_mixin.py:150} INFO - [2024-02-28T18:37:48.142+0000] {dag.py:3508} INFO - Setting next_dagrun for example_kubernetes_executor to None, run_after=None
[2024-02-28T18:37:48.161+0000] {processor.py:179} INFO - Processing /home/airflow/.local/lib/python3.7/site-packages/airflow/example_dags/example_kubernetes_executor.py took 0.453 seconds
[2024-02-28T18:38:18.336+0000] {processor.py:157} INFO - Started process (PID=672) to work on /home/airflow/.local/lib/python3.7/site-packages/airflow/example_dags/example_kubernetes_executor.py
[2024-02-28T18:38:18.340+0000] {processor.py:826} INFO - Processing file /home/airflow/.local/lib/python3.7/site-packages/airflow/example_dags/example_kubernetes_executor.py for tasks to queue
[2024-02-28T18:38:18.344+0000] {logging_mixin.py:150} INFO - [2024-02-28T18:38:18.344+0000] {dagbag.py:541} INFO - Filling up the DagBag from /home/airflow/.local/lib/python3.7/site-packages/airflow/example_dags/example_kubernetes_executor.py
[2024-02-28T18:38:18.583+0000] {processor.py:836} INFO - DAG(s) dict_keys(['example_kubernetes_executor']) retrieved from /home/airflow/.local/lib/python3.7/site-packages/airflow/example_dags/example_kubernetes_executor.py
[2024-02-28T18:38:18.622+0000] {logging_mixin.py:150} INFO - [2024-02-28T18:38:18.622+0000] {dag.py:2742} INFO - Sync 1 DAGs
[2024-02-28T18:38:18.654+0000] {logging_mixin.py:150} INFO - [2024-02-28T18:38:18.654+0000] {dag.py:3508} INFO - Setting next_dagrun for example_kubernetes_executor to None, run_after=None
[2024-02-28T18:38:18.694+0000] {processor.py:179} INFO - Processing /home/airflow/.local/lib/python3.7/site-packages/airflow/example_dags/example_kubernetes_executor.py took 0.362 seconds
[2024-02-28T18:38:48.776+0000] {processor.py:157} INFO - Started process (PID=734) to work on /home/airflow/.local/lib/python3.7/site-packages/airflow/example_dags/example_kubernetes_executor.py
[2024-02-28T18:38:48.778+0000] {processor.py:826} INFO - Processing file /home/airflow/.local/lib/python3.7/site-packages/airflow/example_dags/example_kubernetes_executor.py for tasks to queue
[2024-02-28T18:38:48.781+0000] {logging_mixin.py:150} INFO - [2024-02-28T18:38:48.780+0000] {dagbag.py:541} INFO - Filling up the DagBag from /home/airflow/.local/lib/python3.7/site-packages/airflow/example_dags/example_kubernetes_executor.py
[2024-02-28T18:38:49.080+0000] {processor.py:836} INFO - DAG(s) dict_keys(['example_kubernetes_executor']) retrieved from /home/airflow/.local/lib/python3.7/site-packages/airflow/example_dags/example_kubernetes_executor.py
[2024-02-28T18:38:49.180+0000] {logging_mixin.py:150} INFO - [2024-02-28T18:38:49.180+0000] {dag.py:2742} INFO - Sync 1 DAGs
[2024-02-28T18:38:49.314+0000] {logging_mixin.py:150} INFO - [2024-02-28T18:38:49.313+0000] {dag.py:3508} INFO - Setting next_dagrun for example_kubernetes_executor to None, run_after=None
[2024-02-28T18:38:49.349+0000] {processor.py:179} INFO - Processing /home/airflow/.local/lib/python3.7/site-packages/airflow/example_dags/example_kubernetes_executor.py took 0.577 seconds
[2024-02-28T18:39:19.618+0000] {processor.py:157} INFO - Started process (PID=795) to work on /home/airflow/.local/lib/python3.7/site-packages/airflow/example_dags/example_kubernetes_executor.py
[2024-02-28T18:39:19.625+0000] {processor.py:826} INFO - Processing file /home/airflow/.local/lib/python3.7/site-packages/airflow/example_dags/example_kubernetes_executor.py for tasks to queue
[2024-02-28T18:39:19.633+0000] {logging_mixin.py:150} INFO - [2024-02-28T18:39:19.632+0000] {dagbag.py:541} INFO - Filling up the DagBag from /home/airflow/.local/lib/python3.7/site-packages/airflow/example_dags/example_kubernetes_executor.py
[2024-02-28T18:39:20.023+0000] {processor.py:836} INFO - DAG(s) dict_keys(['example_kubernetes_executor']) retrieved from /home/airflow/.local/lib/python3.7/site-packages/airflow/example_dags/example_kubernetes_executor.py
[2024-02-28T18:39:20.095+0000] {logging_mixin.py:150} INFO - [2024-02-28T18:39:20.095+0000] {dag.py:2742} INFO - Sync 1 DAGs
[2024-02-28T18:39:20.128+0000] {logging_mixin.py:150} INFO - [2024-02-28T18:39:20.128+0000] {dag.py:3508} INFO - Setting next_dagrun for example_kubernetes_executor to None, run_after=None
[2024-02-28T18:39:20.153+0000] {processor.py:179} INFO - Processing /home/airflow/.local/lib/python3.7/site-packages/airflow/example_dags/example_kubernetes_executor.py took 0.549 seconds
[2024-02-28T18:39:50.374+0000] {processor.py:157} INFO - Started process (PID=861) to work on /home/airflow/.local/lib/python3.7/site-packages/airflow/example_dags/example_kubernetes_executor.py
[2024-02-28T18:39:50.376+0000] {processor.py:826} INFO - Processing file /home/airflow/.local/lib/python3.7/site-packages/airflow/example_dags/example_kubernetes_executor.py for tasks to queue
[2024-02-28T18:39:50.378+0000] {logging_mixin.py:150} INFO - [2024-02-28T18:39:50.377+0000] {dagbag.py:541} INFO - Filling up the DagBag from /home/airflow/.local/lib/python3.7/site-packages/airflow/example_dags/example_kubernetes_executor.py
[2024-02-28T18:39:50.617+0000] {processor.py:836} INFO - DAG(s) dict_keys(['example_kubernetes_executor']) retrieved from /home/airflow/.local/lib/python3.7/site-packages/airflow/example_dags/example_kubernetes_executor.py
[2024-02-28T18:39:50.663+0000] {logging_mixin.py:150} INFO - [2024-02-28T18:39:50.663+0000] {dag.py:2742} INFO - Sync 1 DAGs
[2024-02-28T18:39:50.694+0000] {logging_mixin.py:150} INFO - [2024-02-28T18:39:50.694+0000] {dag.py:3508} INFO - Setting next_dagrun for example_kubernetes_executor to None, run_after=None
[2024-02-28T18:39:50.715+0000] {processor.py:179} INFO - Processing /home/airflow/.local/lib/python3.7/site-packages/airflow/example_dags/example_kubernetes_executor.py took 0.345 seconds
[2024-02-28T18:40:21.490+0000] {processor.py:157} INFO - Started process (PID=924) to work on /home/airflow/.local/lib/python3.7/site-packages/airflow/example_dags/example_kubernetes_executor.py
[2024-02-28T18:40:21.494+0000] {processor.py:826} INFO - Processing file /home/airflow/.local/lib/python3.7/site-packages/airflow/example_dags/example_kubernetes_executor.py for tasks to queue
[2024-02-28T18:40:21.499+0000] {logging_mixin.py:150} INFO - [2024-02-28T18:40:21.498+0000] {dagbag.py:541} INFO - Filling up the DagBag from /home/airflow/.local/lib/python3.7/site-packages/airflow/example_dags/example_kubernetes_executor.py
[2024-02-28T18:40:21.745+0000] {processor.py:836} INFO - DAG(s) dict_keys(['example_kubernetes_executor']) retrieved from /home/airflow/.local/lib/python3.7/site-packages/airflow/example_dags/example_kubernetes_executor.py
[2024-02-28T18:40:21.792+0000] {logging_mixin.py:150} INFO - [2024-02-28T18:40:21.791+0000] {dag.py:2742} INFO - Sync 1 DAGs
[2024-02-28T18:40:21.813+0000] {logging_mixin.py:150} INFO - [2024-02-28T18:40:21.813+0000] {dag.py:3508} INFO - Setting next_dagrun for example_kubernetes_executor to None, run_after=None
[2024-02-28T18:40:21.832+0000] {processor.py:179} INFO - Processing /home/airflow/.local/lib/python3.7/site-packages/airflow/example_dags/example_kubernetes_executor.py took 0.352 seconds
[2024-02-28T18:40:52.169+0000] {processor.py:157} INFO - Started process (PID=987) to work on /home/airflow/.local/lib/python3.7/site-packages/airflow/example_dags/example_kubernetes_executor.py
[2024-02-28T18:40:52.188+0000] {processor.py:826} INFO - Processing file /home/airflow/.local/lib/python3.7/site-packages/airflow/example_dags/example_kubernetes_executor.py for tasks to queue
[2024-02-28T18:40:52.191+0000] {logging_mixin.py:150} INFO - [2024-02-28T18:40:52.191+0000] {dagbag.py:541} INFO - Filling up the DagBag from /home/airflow/.local/lib/python3.7/site-packages/airflow/example_dags/example_kubernetes_executor.py
[2024-02-28T18:40:52.450+0000] {processor.py:836} INFO - DAG(s) dict_keys(['example_kubernetes_executor']) retrieved from /home/airflow/.local/lib/python3.7/site-packages/airflow/example_dags/example_kubernetes_executor.py
[2024-02-28T18:40:52.492+0000] {logging_mixin.py:150} INFO - [2024-02-28T18:40:52.492+0000] {dag.py:2742} INFO - Sync 1 DAGs
[2024-02-28T18:40:52.514+0000] {logging_mixin.py:150} INFO - [2024-02-28T18:40:52.514+0000] {dag.py:3508} INFO - Setting next_dagrun for example_kubernetes_executor to None, run_after=None
[2024-02-28T18:40:52.532+0000] {processor.py:179} INFO - Processing /home/airflow/.local/lib/python3.7/site-packages/airflow/example_dags/example_kubernetes_executor.py took 0.370 seconds
[2024-02-28T18:41:22.630+0000] {processor.py:157} INFO - Started process (PID=1052) to work on /home/airflow/.local/lib/python3.7/site-packages/airflow/example_dags/example_kubernetes_executor.py
[2024-02-28T18:41:22.632+0000] {processor.py:826} INFO - Processing file /home/airflow/.local/lib/python3.7/site-packages/airflow/example_dags/example_kubernetes_executor.py for tasks to queue
[2024-02-28T18:41:22.634+0000] {logging_mixin.py:150} INFO - [2024-02-28T18:41:22.633+0000] {dagbag.py:541} INFO - Filling up the DagBag from /home/airflow/.local/lib/python3.7/site-packages/airflow/example_dags/example_kubernetes_executor.py
[2024-02-28T18:41:22.884+0000] {processor.py:836} INFO - DAG(s) dict_keys(['example_kubernetes_executor']) retrieved from /home/airflow/.local/lib/python3.7/site-packages/airflow/example_dags/example_kubernetes_executor.py
[2024-02-28T18:41:22.937+0000] {logging_mixin.py:150} INFO - [2024-02-28T18:41:22.937+0000] {dag.py:2742} INFO - Sync 1 DAGs
[2024-02-28T18:41:22.988+0000] {logging_mixin.py:150} INFO - [2024-02-28T18:41:22.988+0000] {dag.py:3508} INFO - Setting next_dagrun for example_kubernetes_executor to None, run_after=None
[2024-02-28T18:41:23.012+0000] {processor.py:179} INFO - Processing /home/airflow/.local/lib/python3.7/site-packages/airflow/example_dags/example_kubernetes_executor.py took 0.385 seconds
[2024-02-28T18:41:53.097+0000] {processor.py:157} INFO - Started process (PID=1117) to work on /home/airflow/.local/lib/python3.7/site-packages/airflow/example_dags/example_kubernetes_executor.py
[2024-02-28T18:41:53.100+0000] {processor.py:826} INFO - Processing file /home/airflow/.local/lib/python3.7/site-packages/airflow/example_dags/example_kubernetes_executor.py for tasks to queue
[2024-02-28T18:41:53.102+0000] {logging_mixin.py:150} INFO - [2024-02-28T18:41:53.102+0000] {dagbag.py:541} INFO - Filling up the DagBag from /home/airflow/.local/lib/python3.7/site-packages/airflow/example_dags/example_kubernetes_executor.py
[2024-02-28T18:41:53.301+0000] {processor.py:836} INFO - DAG(s) dict_keys(['example_kubernetes_executor']) retrieved from /home/airflow/.local/lib/python3.7/site-packages/airflow/example_dags/example_kubernetes_executor.py
[2024-02-28T18:41:53.343+0000] {logging_mixin.py:150} INFO - [2024-02-28T18:41:53.343+0000] {dag.py:2742} INFO - Sync 1 DAGs
[2024-02-28T18:41:53.363+0000] {logging_mixin.py:150} INFO - [2024-02-28T18:41:53.363+0000] {dag.py:3508} INFO - Setting next_dagrun for example_kubernetes_executor to None, run_after=None
[2024-02-28T18:41:53.380+0000] {processor.py:179} INFO - Processing /home/airflow/.local/lib/python3.7/site-packages/airflow/example_dags/example_kubernetes_executor.py took 0.286 seconds
[2024-02-28T18:42:23.765+0000] {processor.py:157} INFO - Started process (PID=1180) to work on /home/airflow/.local/lib/python3.7/site-packages/airflow/example_dags/example_kubernetes_executor.py
[2024-02-28T18:42:23.767+0000] {processor.py:826} INFO - Processing file /home/airflow/.local/lib/python3.7/site-packages/airflow/example_dags/example_kubernetes_executor.py for tasks to queue
[2024-02-28T18:42:23.770+0000] {logging_mixin.py:150} INFO - [2024-02-28T18:42:23.770+0000] {dagbag.py:541} INFO - Filling up the DagBag from /home/airflow/.local/lib/python3.7/site-packages/airflow/example_dags/example_kubernetes_executor.py
[2024-02-28T18:42:23.973+0000] {processor.py:836} INFO - DAG(s) dict_keys(['example_kubernetes_executor']) retrieved from /home/airflow/.local/lib/python3.7/site-packages/airflow/example_dags/example_kubernetes_executor.py
[2024-02-28T18:42:24.015+0000] {logging_mixin.py:150} INFO - [2024-02-28T18:42:24.015+0000] {dag.py:2742} INFO - Sync 1 DAGs
[2024-02-28T18:42:24.037+0000] {logging_mixin.py:150} INFO - [2024-02-28T18:42:24.037+0000] {dag.py:3508} INFO - Setting next_dagrun for example_kubernetes_executor to None, run_after=None
[2024-02-28T18:42:24.055+0000] {processor.py:179} INFO - Processing /home/airflow/.local/lib/python3.7/site-packages/airflow/example_dags/example_kubernetes_executor.py took 0.294 seconds
[2024-02-28T18:42:54.992+0000] {processor.py:157} INFO - Started process (PID=1243) to work on /home/airflow/.local/lib/python3.7/site-packages/airflow/example_dags/example_kubernetes_executor.py
[2024-02-28T18:42:54.995+0000] {processor.py:826} INFO - Processing file /home/airflow/.local/lib/python3.7/site-packages/airflow/example_dags/example_kubernetes_executor.py for tasks to queue
[2024-02-28T18:42:54.998+0000] {logging_mixin.py:150} INFO - [2024-02-28T18:42:54.997+0000] {dagbag.py:541} INFO - Filling up the DagBag from /home/airflow/.local/lib/python3.7/site-packages/airflow/example_dags/example_kubernetes_executor.py
[2024-02-28T18:42:55.236+0000] {processor.py:836} INFO - DAG(s) dict_keys(['example_kubernetes_executor']) retrieved from /home/airflow/.local/lib/python3.7/site-packages/airflow/example_dags/example_kubernetes_executor.py
[2024-02-28T18:42:55.292+0000] {logging_mixin.py:150} INFO - [2024-02-28T18:42:55.292+0000] {dag.py:2742} INFO - Sync 1 DAGs
[2024-02-28T18:42:55.323+0000] {logging_mixin.py:150} INFO - [2024-02-28T18:42:55.323+0000] {dag.py:3508} INFO - Setting next_dagrun for example_kubernetes_executor to None, run_after=None
[2024-02-28T18:42:55.346+0000] {processor.py:179} INFO - Processing /home/airflow/.local/lib/python3.7/site-packages/airflow/example_dags/example_kubernetes_executor.py took 0.364 seconds
[2024-02-28T18:43:25.450+0000] {processor.py:157} INFO - Started process (PID=1308) to work on /home/airflow/.local/lib/python3.7/site-packages/airflow/example_dags/example_kubernetes_executor.py
[2024-02-28T18:43:25.453+0000] {processor.py:826} INFO - Processing file /home/airflow/.local/lib/python3.7/site-packages/airflow/example_dags/example_kubernetes_executor.py for tasks to queue
[2024-02-28T18:43:25.456+0000] {logging_mixin.py:150} INFO - [2024-02-28T18:43:25.455+0000] {dagbag.py:541} INFO - Filling up the DagBag from /home/airflow/.local/lib/python3.7/site-packages/airflow/example_dags/example_kubernetes_executor.py
[2024-02-28T18:43:25.620+0000] {processor.py:836} INFO - DAG(s) dict_keys(['example_kubernetes_executor']) retrieved from /home/airflow/.local/lib/python3.7/site-packages/airflow/example_dags/example_kubernetes_executor.py
[2024-02-28T18:43:25.659+0000] {logging_mixin.py:150} INFO - [2024-02-28T18:43:25.658+0000] {dag.py:2742} INFO - Sync 1 DAGs
[2024-02-28T18:43:25.678+0000] {logging_mixin.py:150} INFO - [2024-02-28T18:43:25.678+0000] {dag.py:3508} INFO - Setting next_dagrun for example_kubernetes_executor to None, run_after=None
[2024-02-28T18:43:25.696+0000] {processor.py:179} INFO - Processing /home/airflow/.local/lib/python3.7/site-packages/airflow/example_dags/example_kubernetes_executor.py took 0.250 seconds
[2024-02-28T18:43:55.853+0000] {processor.py:157} INFO - Started process (PID=1371) to work on /home/airflow/.local/lib/python3.7/site-packages/airflow/example_dags/example_kubernetes_executor.py
[2024-02-28T18:43:55.857+0000] {processor.py:826} INFO - Processing file /home/airflow/.local/lib/python3.7/site-packages/airflow/example_dags/example_kubernetes_executor.py for tasks to queue
[2024-02-28T18:43:55.859+0000] {logging_mixin.py:150} INFO - [2024-02-28T18:43:55.859+0000] {dagbag.py:541} INFO - Filling up the DagBag from /home/airflow/.local/lib/python3.7/site-packages/airflow/example_dags/example_kubernetes_executor.py
[2024-02-28T18:43:56.041+0000] {processor.py:836} INFO - DAG(s) dict_keys(['example_kubernetes_executor']) retrieved from /home/airflow/.local/lib/python3.7/site-packages/airflow/example_dags/example_kubernetes_executor.py
[2024-02-28T18:43:56.092+0000] {logging_mixin.py:150} INFO - [2024-02-28T18:43:56.092+0000] {dag.py:2742} INFO - Sync 1 DAGs
[2024-02-28T18:43:56.116+0000] {logging_mixin.py:150} INFO - [2024-02-28T18:43:56.116+0000] {dag.py:3508} INFO - Setting next_dagrun for example_kubernetes_executor to None, run_after=None
[2024-02-28T18:43:56.131+0000] {processor.py:179} INFO - Processing /home/airflow/.local/lib/python3.7/site-packages/airflow/example_dags/example_kubernetes_executor.py took 0.281 seconds
[2024-02-28T18:44:26.388+0000] {processor.py:157} INFO - Started process (PID=1432) to work on /home/airflow/.local/lib/python3.7/site-packages/airflow/example_dags/example_kubernetes_executor.py
[2024-02-28T18:44:26.391+0000] {processor.py:826} INFO - Processing file /home/airflow/.local/lib/python3.7/site-packages/airflow/example_dags/example_kubernetes_executor.py for tasks to queue
[2024-02-28T18:44:26.394+0000] {logging_mixin.py:150} INFO - [2024-02-28T18:44:26.393+0000] {dagbag.py:541} INFO - Filling up the DagBag from /home/airflow/.local/lib/python3.7/site-packages/airflow/example_dags/example_kubernetes_executor.py
[2024-02-28T18:44:26.864+0000] {processor.py:836} INFO - DAG(s) dict_keys(['example_kubernetes_executor']) retrieved from /home/airflow/.local/lib/python3.7/site-packages/airflow/example_dags/example_kubernetes_executor.py
[2024-02-28T18:44:27.518+0000] {logging_mixin.py:150} INFO - [2024-02-28T18:44:27.512+0000] {dag.py:2742} INFO - Sync 1 DAGs
[2024-02-28T18:44:27.670+0000] {logging_mixin.py:150} INFO - [2024-02-28T18:44:27.669+0000] {dag.py:3508} INFO - Setting next_dagrun for example_kubernetes_executor to None, run_after=None
[2024-02-28T18:44:27.727+0000] {processor.py:179} INFO - Processing /home/airflow/.local/lib/python3.7/site-packages/airflow/example_dags/example_kubernetes_executor.py took 1.344 seconds
[2024-02-28T18:44:57.918+0000] {processor.py:157} INFO - Started process (PID=1496) to work on /home/airflow/.local/lib/python3.7/site-packages/airflow/example_dags/example_kubernetes_executor.py
[2024-02-28T18:44:57.922+0000] {processor.py:826} INFO - Processing file /home/airflow/.local/lib/python3.7/site-packages/airflow/example_dags/example_kubernetes_executor.py for tasks to queue
[2024-02-28T18:44:57.924+0000] {logging_mixin.py:150} INFO - [2024-02-28T18:44:57.924+0000] {dagbag.py:541} INFO - Filling up the DagBag from /home/airflow/.local/lib/python3.7/site-packages/airflow/example_dags/example_kubernetes_executor.py
[2024-02-28T18:44:58.175+0000] {processor.py:836} INFO - DAG(s) dict_keys(['example_kubernetes_executor']) retrieved from /home/airflow/.local/lib/python3.7/site-packages/airflow/example_dags/example_kubernetes_executor.py
[2024-02-28T18:44:58.230+0000] {logging_mixin.py:150} INFO - [2024-02-28T18:44:58.230+0000] {dag.py:2742} INFO - Sync 1 DAGs
[2024-02-28T18:44:58.257+0000] {logging_mixin.py:150} INFO - [2024-02-28T18:44:58.256+0000] {dag.py:3508} INFO - Setting next_dagrun for example_kubernetes_executor to None, run_after=None
[2024-02-28T18:44:58.278+0000] {processor.py:179} INFO - Processing /home/airflow/.local/lib/python3.7/site-packages/airflow/example_dags/example_kubernetes_executor.py took 0.373 seconds
[2024-02-28T18:45:28.605+0000] {processor.py:157} INFO - Started process (PID=1560) to work on /home/airflow/.local/lib/python3.7/site-packages/airflow/example_dags/example_kubernetes_executor.py
[2024-02-28T18:45:28.608+0000] {processor.py:826} INFO - Processing file /home/airflow/.local/lib/python3.7/site-packages/airflow/example_dags/example_kubernetes_executor.py for tasks to queue
[2024-02-28T18:45:28.611+0000] {logging_mixin.py:150} INFO - [2024-02-28T18:45:28.611+0000] {dagbag.py:541} INFO - Filling up the DagBag from /home/airflow/.local/lib/python3.7/site-packages/airflow/example_dags/example_kubernetes_executor.py
[2024-02-28T18:45:28.813+0000] {processor.py:836} INFO - DAG(s) dict_keys(['example_kubernetes_executor']) retrieved from /home/airflow/.local/lib/python3.7/site-packages/airflow/example_dags/example_kubernetes_executor.py
[2024-02-28T18:45:28.861+0000] {logging_mixin.py:150} INFO - [2024-02-28T18:45:28.861+0000] {dag.py:2742} INFO - Sync 1 DAGs
[2024-02-28T18:45:28.889+0000] {logging_mixin.py:150} INFO - [2024-02-28T18:45:28.889+0000] {dag.py:3508} INFO - Setting next_dagrun for example_kubernetes_executor to None, run_after=None
[2024-02-28T18:45:28.907+0000] {processor.py:179} INFO - Processing /home/airflow/.local/lib/python3.7/site-packages/airflow/example_dags/example_kubernetes_executor.py took 0.308 seconds
[2024-02-28T18:45:59.436+0000] {processor.py:157} INFO - Started process (PID=1623) to work on /home/airflow/.local/lib/python3.7/site-packages/airflow/example_dags/example_kubernetes_executor.py
[2024-02-28T18:45:59.439+0000] {processor.py:826} INFO - Processing file /home/airflow/.local/lib/python3.7/site-packages/airflow/example_dags/example_kubernetes_executor.py for tasks to queue
[2024-02-28T18:45:59.442+0000] {logging_mixin.py:150} INFO - [2024-02-28T18:45:59.441+0000] {dagbag.py:541} INFO - Filling up the DagBag from /home/airflow/.local/lib/python3.7/site-packages/airflow/example_dags/example_kubernetes_executor.py
[2024-02-28T18:45:59.637+0000] {processor.py:836} INFO - DAG(s) dict_keys(['example_kubernetes_executor']) retrieved from /home/airflow/.local/lib/python3.7/site-packages/airflow/example_dags/example_kubernetes_executor.py
[2024-02-28T18:45:59.675+0000] {logging_mixin.py:150} INFO - [2024-02-28T18:45:59.675+0000] {dag.py:2742} INFO - Sync 1 DAGs
[2024-02-28T18:45:59.887+0000] {logging_mixin.py:150} INFO - [2024-02-28T18:45:59.887+0000] {dag.py:3508} INFO - Setting next_dagrun for example_kubernetes_executor to None, run_after=None
[2024-02-28T18:45:59.900+0000] {processor.py:179} INFO - Processing /home/airflow/.local/lib/python3.7/site-packages/airflow/example_dags/example_kubernetes_executor.py took 0.474 seconds
[2024-02-28T18:46:30.155+0000] {processor.py:157} INFO - Started process (PID=1689) to work on /home/airflow/.local/lib/python3.7/site-packages/airflow/example_dags/example_kubernetes_executor.py
[2024-02-28T18:46:30.158+0000] {processor.py:826} INFO - Processing file /home/airflow/.local/lib/python3.7/site-packages/airflow/example_dags/example_kubernetes_executor.py for tasks to queue
[2024-02-28T18:46:30.162+0000] {logging_mixin.py:150} INFO - [2024-02-28T18:46:30.162+0000] {dagbag.py:541} INFO - Filling up the DagBag from /home/airflow/.local/lib/python3.7/site-packages/airflow/example_dags/example_kubernetes_executor.py
[2024-02-28T18:46:30.369+0000] {processor.py:836} INFO - DAG(s) dict_keys(['example_kubernetes_executor']) retrieved from /home/airflow/.local/lib/python3.7/site-packages/airflow/example_dags/example_kubernetes_executor.py
[2024-02-28T18:46:30.409+0000] {logging_mixin.py:150} INFO - [2024-02-28T18:46:30.409+0000] {dag.py:2742} INFO - Sync 1 DAGs
[2024-02-28T18:46:30.433+0000] {logging_mixin.py:150} INFO - [2024-02-28T18:46:30.433+0000] {dag.py:3508} INFO - Setting next_dagrun for example_kubernetes_executor to None, run_after=None
[2024-02-28T18:46:30.450+0000] {processor.py:179} INFO - Processing /home/airflow/.local/lib/python3.7/site-packages/airflow/example_dags/example_kubernetes_executor.py took 0.301 seconds
[2024-02-28T18:47:00.541+0000] {processor.py:157} INFO - Started process (PID=1753) to work on /home/airflow/.local/lib/python3.7/site-packages/airflow/example_dags/example_kubernetes_executor.py
[2024-02-28T18:47:00.546+0000] {processor.py:826} INFO - Processing file /home/airflow/.local/lib/python3.7/site-packages/airflow/example_dags/example_kubernetes_executor.py for tasks to queue
[2024-02-28T18:47:00.551+0000] {logging_mixin.py:150} INFO - [2024-02-28T18:47:00.550+0000] {dagbag.py:541} INFO - Filling up the DagBag from /home/airflow/.local/lib/python3.7/site-packages/airflow/example_dags/example_kubernetes_executor.py
[2024-02-28T18:47:00.778+0000] {processor.py:836} INFO - DAG(s) dict_keys(['example_kubernetes_executor']) retrieved from /home/airflow/.local/lib/python3.7/site-packages/airflow/example_dags/example_kubernetes_executor.py
[2024-02-28T18:47:00.814+0000] {logging_mixin.py:150} INFO - [2024-02-28T18:47:00.814+0000] {dag.py:2742} INFO - Sync 1 DAGs
[2024-02-28T18:47:00.837+0000] {logging_mixin.py:150} INFO - [2024-02-28T18:47:00.837+0000] {dag.py:3508} INFO - Setting next_dagrun for example_kubernetes_executor to None, run_after=None
[2024-02-28T18:47:00.857+0000] {processor.py:179} INFO - Processing /home/airflow/.local/lib/python3.7/site-packages/airflow/example_dags/example_kubernetes_executor.py took 0.320 seconds
[2024-02-28T18:47:30.932+0000] {processor.py:157} INFO - Started process (PID=1816) to work on /home/airflow/.local/lib/python3.7/site-packages/airflow/example_dags/example_kubernetes_executor.py
[2024-02-28T18:47:30.934+0000] {processor.py:826} INFO - Processing file /home/airflow/.local/lib/python3.7/site-packages/airflow/example_dags/example_kubernetes_executor.py for tasks to queue
[2024-02-28T18:47:30.936+0000] {logging_mixin.py:150} INFO - [2024-02-28T18:47:30.935+0000] {dagbag.py:541} INFO - Filling up the DagBag from /home/airflow/.local/lib/python3.7/site-packages/airflow/example_dags/example_kubernetes_executor.py
[2024-02-28T18:47:31.166+0000] {processor.py:836} INFO - DAG(s) dict_keys(['example_kubernetes_executor']) retrieved from /home/airflow/.local/lib/python3.7/site-packages/airflow/example_dags/example_kubernetes_executor.py
[2024-02-28T18:47:31.231+0000] {logging_mixin.py:150} INFO - [2024-02-28T18:47:31.230+0000] {dag.py:2742} INFO - Sync 1 DAGs
[2024-02-28T18:47:31.279+0000] {logging_mixin.py:150} INFO - [2024-02-28T18:47:31.279+0000] {dag.py:3508} INFO - Setting next_dagrun for example_kubernetes_executor to None, run_after=None
[2024-02-28T18:47:31.504+0000] {processor.py:179} INFO - Processing /home/airflow/.local/lib/python3.7/site-packages/airflow/example_dags/example_kubernetes_executor.py took 0.575 seconds
[2024-02-28T18:48:01.613+0000] {processor.py:157} INFO - Started process (PID=1881) to work on /home/airflow/.local/lib/python3.7/site-packages/airflow/example_dags/example_kubernetes_executor.py
[2024-02-28T18:48:01.616+0000] {processor.py:826} INFO - Processing file /home/airflow/.local/lib/python3.7/site-packages/airflow/example_dags/example_kubernetes_executor.py for tasks to queue
[2024-02-28T18:48:01.617+0000] {logging_mixin.py:150} INFO - [2024-02-28T18:48:01.617+0000] {dagbag.py:541} INFO - Filling up the DagBag from /home/airflow/.local/lib/python3.7/site-packages/airflow/example_dags/example_kubernetes_executor.py
[2024-02-28T18:48:01.829+0000] {processor.py:836} INFO - DAG(s) dict_keys(['example_kubernetes_executor']) retrieved from /home/airflow/.local/lib/python3.7/site-packages/airflow/example_dags/example_kubernetes_executor.py
[2024-02-28T18:48:01.875+0000] {logging_mixin.py:150} INFO - [2024-02-28T18:48:01.875+0000] {dag.py:2742} INFO - Sync 1 DAGs
[2024-02-28T18:48:01.898+0000] {logging_mixin.py:150} INFO - [2024-02-28T18:48:01.898+0000] {dag.py:3508} INFO - Setting next_dagrun for example_kubernetes_executor to None, run_after=None
[2024-02-28T18:48:01.918+0000] {processor.py:179} INFO - Processing /home/airflow/.local/lib/python3.7/site-packages/airflow/example_dags/example_kubernetes_executor.py took 0.308 seconds
[2024-02-28T18:48:32.240+0000] {processor.py:157} INFO - Started process (PID=1943) to work on /home/airflow/.local/lib/python3.7/site-packages/airflow/example_dags/example_kubernetes_executor.py
[2024-02-28T18:48:32.243+0000] {processor.py:826} INFO - Processing file /home/airflow/.local/lib/python3.7/site-packages/airflow/example_dags/example_kubernetes_executor.py for tasks to queue
[2024-02-28T18:48:32.249+0000] {logging_mixin.py:150} INFO - [2024-02-28T18:48:32.248+0000] {dagbag.py:541} INFO - Filling up the DagBag from /home/airflow/.local/lib/python3.7/site-packages/airflow/example_dags/example_kubernetes_executor.py
[2024-02-28T18:48:32.581+0000] {processor.py:836} INFO - DAG(s) dict_keys(['example_kubernetes_executor']) retrieved from /home/airflow/.local/lib/python3.7/site-packages/airflow/example_dags/example_kubernetes_executor.py
[2024-02-28T18:48:32.852+0000] {logging_mixin.py:150} INFO - [2024-02-28T18:48:32.852+0000] {dag.py:2742} INFO - Sync 1 DAGs
[2024-02-28T18:48:32.872+0000] {logging_mixin.py:150} INFO - [2024-02-28T18:48:32.872+0000] {dag.py:3508} INFO - Setting next_dagrun for example_kubernetes_executor to None, run_after=None
[2024-02-28T18:48:32.893+0000] {processor.py:179} INFO - Processing /home/airflow/.local/lib/python3.7/site-packages/airflow/example_dags/example_kubernetes_executor.py took 0.657 seconds
[2024-02-28T18:49:04.276+0000] {processor.py:157} INFO - Started process (PID=2013) to work on /home/airflow/.local/lib/python3.7/site-packages/airflow/example_dags/example_kubernetes_executor.py
[2024-02-28T18:49:04.287+0000] {processor.py:826} INFO - Processing file /home/airflow/.local/lib/python3.7/site-packages/airflow/example_dags/example_kubernetes_executor.py for tasks to queue
[2024-02-28T18:49:04.301+0000] {logging_mixin.py:150} INFO - [2024-02-28T18:49:04.291+0000] {dagbag.py:541} INFO - Filling up the DagBag from /home/airflow/.local/lib/python3.7/site-packages/airflow/example_dags/example_kubernetes_executor.py
[2024-02-28T18:49:05.084+0000] {processor.py:836} INFO - DAG(s) dict_keys(['example_kubernetes_executor']) retrieved from /home/airflow/.local/lib/python3.7/site-packages/airflow/example_dags/example_kubernetes_executor.py
[2024-02-28T18:49:05.240+0000] {logging_mixin.py:150} INFO - [2024-02-28T18:49:05.240+0000] {dag.py:2742} INFO - Sync 1 DAGs
[2024-02-28T18:49:06.108+0000] {logging_mixin.py:150} INFO - [2024-02-28T18:49:06.108+0000] {dag.py:3508} INFO - Setting next_dagrun for example_kubernetes_executor to None, run_after=None
[2024-02-28T18:49:06.224+0000] {processor.py:179} INFO - Processing /home/airflow/.local/lib/python3.7/site-packages/airflow/example_dags/example_kubernetes_executor.py took 1.955 seconds
[2024-02-28T18:49:37.015+0000] {processor.py:157} INFO - Started process (PID=2087) to work on /home/airflow/.local/lib/python3.7/site-packages/airflow/example_dags/example_kubernetes_executor.py
[2024-02-28T18:49:37.021+0000] {processor.py:826} INFO - Processing file /home/airflow/.local/lib/python3.7/site-packages/airflow/example_dags/example_kubernetes_executor.py for tasks to queue
[2024-02-28T18:49:37.025+0000] {logging_mixin.py:150} INFO - [2024-02-28T18:49:37.024+0000] {dagbag.py:541} INFO - Filling up the DagBag from /home/airflow/.local/lib/python3.7/site-packages/airflow/example_dags/example_kubernetes_executor.py
[2024-02-28T18:49:37.329+0000] {processor.py:836} INFO - DAG(s) dict_keys(['example_kubernetes_executor']) retrieved from /home/airflow/.local/lib/python3.7/site-packages/airflow/example_dags/example_kubernetes_executor.py
[2024-02-28T18:49:37.375+0000] {logging_mixin.py:150} INFO - [2024-02-28T18:49:37.375+0000] {dag.py:2742} INFO - Sync 1 DAGs
[2024-02-28T18:49:37.408+0000] {logging_mixin.py:150} INFO - [2024-02-28T18:49:37.408+0000] {dag.py:3508} INFO - Setting next_dagrun for example_kubernetes_executor to None, run_after=None
[2024-02-28T18:49:37.429+0000] {processor.py:179} INFO - Processing /home/airflow/.local/lib/python3.7/site-packages/airflow/example_dags/example_kubernetes_executor.py took 0.430 seconds
[2024-02-28T18:50:07.679+0000] {processor.py:157} INFO - Started process (PID=2150) to work on /home/airflow/.local/lib/python3.7/site-packages/airflow/example_dags/example_kubernetes_executor.py
[2024-02-28T18:50:07.683+0000] {processor.py:826} INFO - Processing file /home/airflow/.local/lib/python3.7/site-packages/airflow/example_dags/example_kubernetes_executor.py for tasks to queue
[2024-02-28T18:50:07.686+0000] {logging_mixin.py:150} INFO - [2024-02-28T18:50:07.686+0000] {dagbag.py:541} INFO - Filling up the DagBag from /home/airflow/.local/lib/python3.7/site-packages/airflow/example_dags/example_kubernetes_executor.py
[2024-02-28T18:50:08.048+0000] {processor.py:836} INFO - DAG(s) dict_keys(['example_kubernetes_executor']) retrieved from /home/airflow/.local/lib/python3.7/site-packages/airflow/example_dags/example_kubernetes_executor.py
[2024-02-28T18:50:08.116+0000] {logging_mixin.py:150} INFO - [2024-02-28T18:50:08.116+0000] {dag.py:2742} INFO - Sync 1 DAGs
[2024-02-28T18:50:08.332+0000] {logging_mixin.py:150} INFO - [2024-02-28T18:50:08.332+0000] {dag.py:3508} INFO - Setting next_dagrun for example_kubernetes_executor to None, run_after=None
[2024-02-28T18:50:08.357+0000] {processor.py:179} INFO - Processing /home/airflow/.local/lib/python3.7/site-packages/airflow/example_dags/example_kubernetes_executor.py took 0.682 seconds
[2024-02-28T18:50:39.152+0000] {processor.py:157} INFO - Started process (PID=2219) to work on /home/airflow/.local/lib/python3.7/site-packages/airflow/example_dags/example_kubernetes_executor.py
[2024-02-28T18:50:39.157+0000] {processor.py:826} INFO - Processing file /home/airflow/.local/lib/python3.7/site-packages/airflow/example_dags/example_kubernetes_executor.py for tasks to queue
[2024-02-28T18:50:39.164+0000] {logging_mixin.py:150} INFO - [2024-02-28T18:50:39.163+0000] {dagbag.py:541} INFO - Filling up the DagBag from /home/airflow/.local/lib/python3.7/site-packages/airflow/example_dags/example_kubernetes_executor.py
[2024-02-28T18:50:39.368+0000] {processor.py:836} INFO - DAG(s) dict_keys(['example_kubernetes_executor']) retrieved from /home/airflow/.local/lib/python3.7/site-packages/airflow/example_dags/example_kubernetes_executor.py
[2024-02-28T18:50:39.398+0000] {logging_mixin.py:150} INFO - [2024-02-28T18:50:39.398+0000] {dag.py:2742} INFO - Sync 1 DAGs
[2024-02-28T18:50:39.416+0000] {logging_mixin.py:150} INFO - [2024-02-28T18:50:39.416+0000] {dag.py:3508} INFO - Setting next_dagrun for example_kubernetes_executor to None, run_after=None
[2024-02-28T18:50:39.581+0000] {processor.py:179} INFO - Processing /home/airflow/.local/lib/python3.7/site-packages/airflow/example_dags/example_kubernetes_executor.py took 0.436 seconds
[2024-02-28T18:51:09.807+0000] {processor.py:157} INFO - Started process (PID=2282) to work on /home/airflow/.local/lib/python3.7/site-packages/airflow/example_dags/example_kubernetes_executor.py
[2024-02-28T18:51:09.810+0000] {processor.py:826} INFO - Processing file /home/airflow/.local/lib/python3.7/site-packages/airflow/example_dags/example_kubernetes_executor.py for tasks to queue
[2024-02-28T18:51:09.813+0000] {logging_mixin.py:150} INFO - [2024-02-28T18:51:09.813+0000] {dagbag.py:541} INFO - Filling up the DagBag from /home/airflow/.local/lib/python3.7/site-packages/airflow/example_dags/example_kubernetes_executor.py
[2024-02-28T18:51:10.291+0000] {processor.py:836} INFO - DAG(s) dict_keys(['example_kubernetes_executor']) retrieved from /home/airflow/.local/lib/python3.7/site-packages/airflow/example_dags/example_kubernetes_executor.py
[2024-02-28T18:51:10.638+0000] {logging_mixin.py:150} INFO - [2024-02-28T18:51:10.637+0000] {dag.py:2742} INFO - Sync 1 DAGs
[2024-02-28T18:51:10.666+0000] {logging_mixin.py:150} INFO - [2024-02-28T18:51:10.666+0000] {dag.py:3508} INFO - Setting next_dagrun for example_kubernetes_executor to None, run_after=None
[2024-02-28T18:51:10.690+0000] {processor.py:179} INFO - Processing /home/airflow/.local/lib/python3.7/site-packages/airflow/example_dags/example_kubernetes_executor.py took 0.889 seconds
[2024-02-28T18:51:40.860+0000] {processor.py:157} INFO - Started process (PID=2351) to work on /home/airflow/.local/lib/python3.7/site-packages/airflow/example_dags/example_kubernetes_executor.py
[2024-02-28T18:51:40.863+0000] {processor.py:826} INFO - Processing file /home/airflow/.local/lib/python3.7/site-packages/airflow/example_dags/example_kubernetes_executor.py for tasks to queue
[2024-02-28T18:51:40.866+0000] {logging_mixin.py:150} INFO - [2024-02-28T18:51:40.866+0000] {dagbag.py:541} INFO - Filling up the DagBag from /home/airflow/.local/lib/python3.7/site-packages/airflow/example_dags/example_kubernetes_executor.py
[2024-02-28T18:51:41.079+0000] {processor.py:836} INFO - DAG(s) dict_keys(['example_kubernetes_executor']) retrieved from /home/airflow/.local/lib/python3.7/site-packages/airflow/example_dags/example_kubernetes_executor.py
[2024-02-28T18:51:41.130+0000] {logging_mixin.py:150} INFO - [2024-02-28T18:51:41.129+0000] {dag.py:2742} INFO - Sync 1 DAGs
[2024-02-28T18:51:41.154+0000] {logging_mixin.py:150} INFO - [2024-02-28T18:51:41.153+0000] {dag.py:3508} INFO - Setting next_dagrun for example_kubernetes_executor to None, run_after=None
[2024-02-28T18:51:41.371+0000] {processor.py:179} INFO - Processing /home/airflow/.local/lib/python3.7/site-packages/airflow/example_dags/example_kubernetes_executor.py took 0.516 seconds
[2024-02-28T18:52:12.346+0000] {processor.py:157} INFO - Started process (PID=2422) to work on /home/airflow/.local/lib/python3.7/site-packages/airflow/example_dags/example_kubernetes_executor.py
[2024-02-28T18:52:12.354+0000] {processor.py:826} INFO - Processing file /home/airflow/.local/lib/python3.7/site-packages/airflow/example_dags/example_kubernetes_executor.py for tasks to queue
[2024-02-28T18:52:12.372+0000] {logging_mixin.py:150} INFO - [2024-02-28T18:52:12.364+0000] {dagbag.py:541} INFO - Filling up the DagBag from /home/airflow/.local/lib/python3.7/site-packages/airflow/example_dags/example_kubernetes_executor.py
[2024-02-28T18:52:13.011+0000] {processor.py:836} INFO - DAG(s) dict_keys(['example_kubernetes_executor']) retrieved from /home/airflow/.local/lib/python3.7/site-packages/airflow/example_dags/example_kubernetes_executor.py
[2024-02-28T18:52:13.728+0000] {logging_mixin.py:150} INFO - [2024-02-28T18:52:13.728+0000] {dag.py:2742} INFO - Sync 1 DAGs
[2024-02-28T18:52:13.771+0000] {logging_mixin.py:150} INFO - [2024-02-28T18:52:13.771+0000] {dag.py:3508} INFO - Setting next_dagrun for example_kubernetes_executor to None, run_after=None
[2024-02-28T18:52:13.828+0000] {processor.py:179} INFO - Processing /home/airflow/.local/lib/python3.7/site-packages/airflow/example_dags/example_kubernetes_executor.py took 1.502 seconds
[2024-02-28T18:52:44.104+0000] {processor.py:157} INFO - Started process (PID=2487) to work on /home/airflow/.local/lib/python3.7/site-packages/airflow/example_dags/example_kubernetes_executor.py
[2024-02-28T18:52:44.111+0000] {processor.py:826} INFO - Processing file /home/airflow/.local/lib/python3.7/site-packages/airflow/example_dags/example_kubernetes_executor.py for tasks to queue
[2024-02-28T18:52:44.117+0000] {logging_mixin.py:150} INFO - [2024-02-28T18:52:44.116+0000] {dagbag.py:541} INFO - Filling up the DagBag from /home/airflow/.local/lib/python3.7/site-packages/airflow/example_dags/example_kubernetes_executor.py
[2024-02-28T18:52:44.545+0000] {processor.py:836} INFO - DAG(s) dict_keys(['example_kubernetes_executor']) retrieved from /home/airflow/.local/lib/python3.7/site-packages/airflow/example_dags/example_kubernetes_executor.py
[2024-02-28T18:52:44.616+0000] {logging_mixin.py:150} INFO - [2024-02-28T18:52:44.616+0000] {dag.py:2742} INFO - Sync 1 DAGs
[2024-02-28T18:52:44.883+0000] {logging_mixin.py:150} INFO - [2024-02-28T18:52:44.882+0000] {dag.py:3508} INFO - Setting next_dagrun for example_kubernetes_executor to None, run_after=None
[2024-02-28T18:52:44.906+0000] {processor.py:179} INFO - Processing /home/airflow/.local/lib/python3.7/site-packages/airflow/example_dags/example_kubernetes_executor.py took 0.826 seconds
