[2024-02-28T18:33:12.856+0000] {processor.py:157} INFO - Started process (PID=62) to work on /home/airflow/.local/lib/python3.7/site-packages/airflow/example_dags/example_latest_only.py
[2024-02-28T18:33:12.860+0000] {processor.py:826} INFO - Processing file /home/airflow/.local/lib/python3.7/site-packages/airflow/example_dags/example_latest_only.py for tasks to queue
[2024-02-28T18:33:12.865+0000] {logging_mixin.py:150} INFO - [2024-02-28T18:33:12.864+0000] {dagbag.py:541} INFO - Filling up the DagBag from /home/airflow/.local/lib/python3.7/site-packages/airflow/example_dags/example_latest_only.py
[2024-02-28T18:33:12.876+0000] {processor.py:836} INFO - DAG(s) dict_keys(['latest_only']) retrieved from /home/airflow/.local/lib/python3.7/site-packages/airflow/example_dags/example_latest_only.py
[2024-02-28T18:33:12.906+0000] {logging_mixin.py:150} INFO - [2024-02-28T18:33:12.906+0000] {dag.py:2742} INFO - Sync 1 DAGs
[2024-02-28T18:33:12.960+0000] {logging_mixin.py:150} INFO - [2024-02-28T18:33:12.959+0000] {dag.py:3508} INFO - Setting next_dagrun for latest_only to 2024-02-28T14:33:12.958989+00:00, run_after=2024-02-28T18:33:12.958989+00:00
[2024-02-28T18:33:13.015+0000] {processor.py:179} INFO - Processing /home/airflow/.local/lib/python3.7/site-packages/airflow/example_dags/example_latest_only.py took 0.176 seconds
[2024-02-28T18:33:43.484+0000] {processor.py:157} INFO - Started process (PID=125) to work on /home/airflow/.local/lib/python3.7/site-packages/airflow/example_dags/example_latest_only.py
[2024-02-28T18:33:43.487+0000] {processor.py:826} INFO - Processing file /home/airflow/.local/lib/python3.7/site-packages/airflow/example_dags/example_latest_only.py for tasks to queue
[2024-02-28T18:33:43.489+0000] {logging_mixin.py:150} INFO - [2024-02-28T18:33:43.488+0000] {dagbag.py:541} INFO - Filling up the DagBag from /home/airflow/.local/lib/python3.7/site-packages/airflow/example_dags/example_latest_only.py
[2024-02-28T18:33:43.495+0000] {processor.py:836} INFO - DAG(s) dict_keys(['latest_only']) retrieved from /home/airflow/.local/lib/python3.7/site-packages/airflow/example_dags/example_latest_only.py
[2024-02-28T18:33:43.518+0000] {logging_mixin.py:150} INFO - [2024-02-28T18:33:43.518+0000] {dag.py:2742} INFO - Sync 1 DAGs
[2024-02-28T18:33:43.540+0000] {logging_mixin.py:150} INFO - [2024-02-28T18:33:43.540+0000] {dag.py:3508} INFO - Setting next_dagrun for latest_only to 2024-02-28T14:33:43.540143+00:00, run_after=2024-02-28T18:33:43.540143+00:00
[2024-02-28T18:33:43.556+0000] {processor.py:179} INFO - Processing /home/airflow/.local/lib/python3.7/site-packages/airflow/example_dags/example_latest_only.py took 0.076 seconds
[2024-02-28T18:34:13.718+0000] {processor.py:157} INFO - Started process (PID=188) to work on /home/airflow/.local/lib/python3.7/site-packages/airflow/example_dags/example_latest_only.py
[2024-02-28T18:34:13.723+0000] {processor.py:826} INFO - Processing file /home/airflow/.local/lib/python3.7/site-packages/airflow/example_dags/example_latest_only.py for tasks to queue
[2024-02-28T18:34:13.724+0000] {logging_mixin.py:150} INFO - [2024-02-28T18:34:13.724+0000] {dagbag.py:541} INFO - Filling up the DagBag from /home/airflow/.local/lib/python3.7/site-packages/airflow/example_dags/example_latest_only.py
[2024-02-28T18:34:13.731+0000] {processor.py:836} INFO - DAG(s) dict_keys(['latest_only']) retrieved from /home/airflow/.local/lib/python3.7/site-packages/airflow/example_dags/example_latest_only.py
[2024-02-28T18:34:13.758+0000] {logging_mixin.py:150} INFO - [2024-02-28T18:34:13.758+0000] {dag.py:2742} INFO - Sync 1 DAGs
[2024-02-28T18:34:13.780+0000] {logging_mixin.py:150} INFO - [2024-02-28T18:34:13.780+0000] {dag.py:3508} INFO - Setting next_dagrun for latest_only to 2024-02-28T14:34:13.780319+00:00, run_after=2024-02-28T18:34:13.780319+00:00
[2024-02-28T18:34:13.800+0000] {processor.py:179} INFO - Processing /home/airflow/.local/lib/python3.7/site-packages/airflow/example_dags/example_latest_only.py took 0.086 seconds
[2024-02-28T18:34:45.128+0000] {processor.py:157} INFO - Started process (PID=251) to work on /home/airflow/.local/lib/python3.7/site-packages/airflow/example_dags/example_latest_only.py
[2024-02-28T18:34:45.134+0000] {processor.py:826} INFO - Processing file /home/airflow/.local/lib/python3.7/site-packages/airflow/example_dags/example_latest_only.py for tasks to queue
[2024-02-28T18:34:45.138+0000] {logging_mixin.py:150} INFO - [2024-02-28T18:34:45.137+0000] {dagbag.py:541} INFO - Filling up the DagBag from /home/airflow/.local/lib/python3.7/site-packages/airflow/example_dags/example_latest_only.py
[2024-02-28T18:34:45.158+0000] {processor.py:836} INFO - DAG(s) dict_keys(['latest_only']) retrieved from /home/airflow/.local/lib/python3.7/site-packages/airflow/example_dags/example_latest_only.py
[2024-02-28T18:34:45.200+0000] {logging_mixin.py:150} INFO - [2024-02-28T18:34:45.199+0000] {dag.py:2742} INFO - Sync 1 DAGs
[2024-02-28T18:34:45.232+0000] {logging_mixin.py:150} INFO - [2024-02-28T18:34:45.232+0000] {dag.py:3508} INFO - Setting next_dagrun for latest_only to 2024-02-28T14:34:45.232197+00:00, run_after=2024-02-28T18:34:45.232197+00:00
[2024-02-28T18:34:45.268+0000] {processor.py:179} INFO - Processing /home/airflow/.local/lib/python3.7/site-packages/airflow/example_dags/example_latest_only.py took 0.143 seconds
[2024-02-28T18:35:15.827+0000] {processor.py:157} INFO - Started process (PID=315) to work on /home/airflow/.local/lib/python3.7/site-packages/airflow/example_dags/example_latest_only.py
[2024-02-28T18:35:15.832+0000] {processor.py:826} INFO - Processing file /home/airflow/.local/lib/python3.7/site-packages/airflow/example_dags/example_latest_only.py for tasks to queue
[2024-02-28T18:35:15.834+0000] {logging_mixin.py:150} INFO - [2024-02-28T18:35:15.834+0000] {dagbag.py:541} INFO - Filling up the DagBag from /home/airflow/.local/lib/python3.7/site-packages/airflow/example_dags/example_latest_only.py
[2024-02-28T18:35:15.843+0000] {processor.py:836} INFO - DAG(s) dict_keys(['latest_only']) retrieved from /home/airflow/.local/lib/python3.7/site-packages/airflow/example_dags/example_latest_only.py
[2024-02-28T18:35:15.885+0000] {logging_mixin.py:150} INFO - [2024-02-28T18:35:15.885+0000] {dag.py:2742} INFO - Sync 1 DAGs
[2024-02-28T18:35:15.933+0000] {logging_mixin.py:150} INFO - [2024-02-28T18:35:15.933+0000] {dag.py:3508} INFO - Setting next_dagrun for latest_only to 2024-02-28T14:35:15.932855+00:00, run_after=2024-02-28T18:35:15.932855+00:00
[2024-02-28T18:35:15.955+0000] {processor.py:179} INFO - Processing /home/airflow/.local/lib/python3.7/site-packages/airflow/example_dags/example_latest_only.py took 0.134 seconds
[2024-02-28T18:35:46.812+0000] {processor.py:157} INFO - Started process (PID=379) to work on /home/airflow/.local/lib/python3.7/site-packages/airflow/example_dags/example_latest_only.py
[2024-02-28T18:35:46.815+0000] {processor.py:826} INFO - Processing file /home/airflow/.local/lib/python3.7/site-packages/airflow/example_dags/example_latest_only.py for tasks to queue
[2024-02-28T18:35:46.818+0000] {logging_mixin.py:150} INFO - [2024-02-28T18:35:46.818+0000] {dagbag.py:541} INFO - Filling up the DagBag from /home/airflow/.local/lib/python3.7/site-packages/airflow/example_dags/example_latest_only.py
[2024-02-28T18:35:46.826+0000] {processor.py:836} INFO - DAG(s) dict_keys(['latest_only']) retrieved from /home/airflow/.local/lib/python3.7/site-packages/airflow/example_dags/example_latest_only.py
[2024-02-28T18:35:46.859+0000] {logging_mixin.py:150} INFO - [2024-02-28T18:35:46.859+0000] {dag.py:2742} INFO - Sync 1 DAGs
[2024-02-28T18:35:46.886+0000] {logging_mixin.py:150} INFO - [2024-02-28T18:35:46.886+0000] {dag.py:3508} INFO - Setting next_dagrun for latest_only to 2024-02-28T14:35:46.885694+00:00, run_after=2024-02-28T18:35:46.885694+00:00
[2024-02-28T18:35:46.905+0000] {processor.py:179} INFO - Processing /home/airflow/.local/lib/python3.7/site-packages/airflow/example_dags/example_latest_only.py took 0.100 seconds
[2024-02-28T18:36:18.824+0000] {processor.py:157} INFO - Started process (PID=442) to work on /home/airflow/.local/lib/python3.7/site-packages/airflow/example_dags/example_latest_only.py
[2024-02-28T18:36:18.846+0000] {processor.py:826} INFO - Processing file /home/airflow/.local/lib/python3.7/site-packages/airflow/example_dags/example_latest_only.py for tasks to queue
[2024-02-28T18:36:18.867+0000] {logging_mixin.py:150} INFO - [2024-02-28T18:36:18.866+0000] {dagbag.py:541} INFO - Filling up the DagBag from /home/airflow/.local/lib/python3.7/site-packages/airflow/example_dags/example_latest_only.py
[2024-02-28T18:36:18.884+0000] {processor.py:836} INFO - DAG(s) dict_keys(['latest_only']) retrieved from /home/airflow/.local/lib/python3.7/site-packages/airflow/example_dags/example_latest_only.py
[2024-02-28T18:36:18.936+0000] {logging_mixin.py:150} INFO - [2024-02-28T18:36:18.936+0000] {dag.py:2742} INFO - Sync 1 DAGs
[2024-02-28T18:36:18.982+0000] {logging_mixin.py:150} INFO - [2024-02-28T18:36:18.981+0000] {dag.py:3508} INFO - Setting next_dagrun for latest_only to 2024-02-28T14:36:18.981743+00:00, run_after=2024-02-28T18:36:18.981743+00:00
[2024-02-28T18:36:19.003+0000] {processor.py:179} INFO - Processing /home/airflow/.local/lib/python3.7/site-packages/airflow/example_dags/example_latest_only.py took 0.185 seconds
[2024-02-28T18:36:49.738+0000] {processor.py:157} INFO - Started process (PID=505) to work on /home/airflow/.local/lib/python3.7/site-packages/airflow/example_dags/example_latest_only.py
[2024-02-28T18:36:49.742+0000] {processor.py:826} INFO - Processing file /home/airflow/.local/lib/python3.7/site-packages/airflow/example_dags/example_latest_only.py for tasks to queue
[2024-02-28T18:36:49.744+0000] {logging_mixin.py:150} INFO - [2024-02-28T18:36:49.743+0000] {dagbag.py:541} INFO - Filling up the DagBag from /home/airflow/.local/lib/python3.7/site-packages/airflow/example_dags/example_latest_only.py
[2024-02-28T18:36:49.757+0000] {processor.py:836} INFO - DAG(s) dict_keys(['latest_only']) retrieved from /home/airflow/.local/lib/python3.7/site-packages/airflow/example_dags/example_latest_only.py
[2024-02-28T18:36:49.791+0000] {logging_mixin.py:150} INFO - [2024-02-28T18:36:49.791+0000] {dag.py:2742} INFO - Sync 1 DAGs
[2024-02-28T18:36:49.824+0000] {logging_mixin.py:150} INFO - [2024-02-28T18:36:49.823+0000] {dag.py:3508} INFO - Setting next_dagrun for latest_only to 2024-02-28T14:36:49.823756+00:00, run_after=2024-02-28T18:36:49.823756+00:00
[2024-02-28T18:36:49.844+0000] {processor.py:179} INFO - Processing /home/airflow/.local/lib/python3.7/site-packages/airflow/example_dags/example_latest_only.py took 0.111 seconds
[2024-02-28T18:37:20.501+0000] {processor.py:157} INFO - Started process (PID=568) to work on /home/airflow/.local/lib/python3.7/site-packages/airflow/example_dags/example_latest_only.py
[2024-02-28T18:37:20.505+0000] {processor.py:826} INFO - Processing file /home/airflow/.local/lib/python3.7/site-packages/airflow/example_dags/example_latest_only.py for tasks to queue
[2024-02-28T18:37:20.509+0000] {logging_mixin.py:150} INFO - [2024-02-28T18:37:20.508+0000] {dagbag.py:541} INFO - Filling up the DagBag from /home/airflow/.local/lib/python3.7/site-packages/airflow/example_dags/example_latest_only.py
[2024-02-28T18:37:20.520+0000] {processor.py:836} INFO - DAG(s) dict_keys(['latest_only']) retrieved from /home/airflow/.local/lib/python3.7/site-packages/airflow/example_dags/example_latest_only.py
[2024-02-28T18:37:20.561+0000] {logging_mixin.py:150} INFO - [2024-02-28T18:37:20.560+0000] {dag.py:2742} INFO - Sync 1 DAGs
[2024-02-28T18:37:20.612+0000] {logging_mixin.py:150} INFO - [2024-02-28T18:37:20.612+0000] {dag.py:3508} INFO - Setting next_dagrun for latest_only to 2024-02-28T14:37:20.611944+00:00, run_after=2024-02-28T18:37:20.611944+00:00
[2024-02-28T18:37:20.642+0000] {processor.py:179} INFO - Processing /home/airflow/.local/lib/python3.7/site-packages/airflow/example_dags/example_latest_only.py took 0.146 seconds
[2024-02-28T18:37:50.686+0000] {processor.py:157} INFO - Started process (PID=631) to work on /home/airflow/.local/lib/python3.7/site-packages/airflow/example_dags/example_latest_only.py
[2024-02-28T18:37:50.692+0000] {processor.py:826} INFO - Processing file /home/airflow/.local/lib/python3.7/site-packages/airflow/example_dags/example_latest_only.py for tasks to queue
[2024-02-28T18:37:50.695+0000] {logging_mixin.py:150} INFO - [2024-02-28T18:37:50.695+0000] {dagbag.py:541} INFO - Filling up the DagBag from /home/airflow/.local/lib/python3.7/site-packages/airflow/example_dags/example_latest_only.py
[2024-02-28T18:37:50.707+0000] {processor.py:836} INFO - DAG(s) dict_keys(['latest_only']) retrieved from /home/airflow/.local/lib/python3.7/site-packages/airflow/example_dags/example_latest_only.py
[2024-02-28T18:37:50.744+0000] {logging_mixin.py:150} INFO - [2024-02-28T18:37:50.744+0000] {dag.py:2742} INFO - Sync 1 DAGs
[2024-02-28T18:37:50.775+0000] {logging_mixin.py:150} INFO - [2024-02-28T18:37:50.774+0000] {dag.py:3508} INFO - Setting next_dagrun for latest_only to 2024-02-28T14:37:50.774580+00:00, run_after=2024-02-28T18:37:50.774580+00:00
[2024-02-28T18:37:50.793+0000] {processor.py:179} INFO - Processing /home/airflow/.local/lib/python3.7/site-packages/airflow/example_dags/example_latest_only.py took 0.112 seconds
[2024-02-28T18:38:21.117+0000] {processor.py:157} INFO - Started process (PID=693) to work on /home/airflow/.local/lib/python3.7/site-packages/airflow/example_dags/example_latest_only.py
[2024-02-28T18:38:21.120+0000] {processor.py:826} INFO - Processing file /home/airflow/.local/lib/python3.7/site-packages/airflow/example_dags/example_latest_only.py for tasks to queue
[2024-02-28T18:38:21.123+0000] {logging_mixin.py:150} INFO - [2024-02-28T18:38:21.122+0000] {dagbag.py:541} INFO - Filling up the DagBag from /home/airflow/.local/lib/python3.7/site-packages/airflow/example_dags/example_latest_only.py
[2024-02-28T18:38:21.139+0000] {processor.py:836} INFO - DAG(s) dict_keys(['latest_only']) retrieved from /home/airflow/.local/lib/python3.7/site-packages/airflow/example_dags/example_latest_only.py
[2024-02-28T18:38:21.233+0000] {logging_mixin.py:150} INFO - [2024-02-28T18:38:21.233+0000] {dag.py:2742} INFO - Sync 1 DAGs
[2024-02-28T18:38:21.277+0000] {logging_mixin.py:150} INFO - [2024-02-28T18:38:21.277+0000] {dag.py:3508} INFO - Setting next_dagrun for latest_only to 2024-02-28T14:38:21.277011+00:00, run_after=2024-02-28T18:38:21.277011+00:00
[2024-02-28T18:38:21.305+0000] {processor.py:179} INFO - Processing /home/airflow/.local/lib/python3.7/site-packages/airflow/example_dags/example_latest_only.py took 0.193 seconds
[2024-02-28T18:38:52.276+0000] {processor.py:157} INFO - Started process (PID=755) to work on /home/airflow/.local/lib/python3.7/site-packages/airflow/example_dags/example_latest_only.py
[2024-02-28T18:38:52.285+0000] {processor.py:826} INFO - Processing file /home/airflow/.local/lib/python3.7/site-packages/airflow/example_dags/example_latest_only.py for tasks to queue
[2024-02-28T18:38:52.290+0000] {logging_mixin.py:150} INFO - [2024-02-28T18:38:52.289+0000] {dagbag.py:541} INFO - Filling up the DagBag from /home/airflow/.local/lib/python3.7/site-packages/airflow/example_dags/example_latest_only.py
[2024-02-28T18:38:52.305+0000] {processor.py:836} INFO - DAG(s) dict_keys(['latest_only']) retrieved from /home/airflow/.local/lib/python3.7/site-packages/airflow/example_dags/example_latest_only.py
[2024-02-28T18:38:52.348+0000] {logging_mixin.py:150} INFO - [2024-02-28T18:38:52.348+0000] {dag.py:2742} INFO - Sync 1 DAGs
[2024-02-28T18:38:52.397+0000] {logging_mixin.py:150} INFO - [2024-02-28T18:38:52.397+0000] {dag.py:3508} INFO - Setting next_dagrun for latest_only to 2024-02-28T14:38:52.396805+00:00, run_after=2024-02-28T18:38:52.396805+00:00
[2024-02-28T18:38:52.423+0000] {processor.py:179} INFO - Processing /home/airflow/.local/lib/python3.7/site-packages/airflow/example_dags/example_latest_only.py took 0.156 seconds
[2024-02-28T18:39:23.091+0000] {processor.py:157} INFO - Started process (PID=818) to work on /home/airflow/.local/lib/python3.7/site-packages/airflow/example_dags/example_latest_only.py
[2024-02-28T18:39:23.094+0000] {processor.py:826} INFO - Processing file /home/airflow/.local/lib/python3.7/site-packages/airflow/example_dags/example_latest_only.py for tasks to queue
[2024-02-28T18:39:23.099+0000] {logging_mixin.py:150} INFO - [2024-02-28T18:39:23.098+0000] {dagbag.py:541} INFO - Filling up the DagBag from /home/airflow/.local/lib/python3.7/site-packages/airflow/example_dags/example_latest_only.py
[2024-02-28T18:39:23.116+0000] {processor.py:836} INFO - DAG(s) dict_keys(['latest_only']) retrieved from /home/airflow/.local/lib/python3.7/site-packages/airflow/example_dags/example_latest_only.py
[2024-02-28T18:39:23.155+0000] {logging_mixin.py:150} INFO - [2024-02-28T18:39:23.154+0000] {dag.py:2742} INFO - Sync 1 DAGs
[2024-02-28T18:39:23.192+0000] {logging_mixin.py:150} INFO - [2024-02-28T18:39:23.192+0000] {dag.py:3508} INFO - Setting next_dagrun for latest_only to 2024-02-28T14:39:23.192103+00:00, run_after=2024-02-28T18:39:23.192103+00:00
[2024-02-28T18:39:23.217+0000] {processor.py:179} INFO - Processing /home/airflow/.local/lib/python3.7/site-packages/airflow/example_dags/example_latest_only.py took 0.129 seconds
[2024-02-28T18:39:53.298+0000] {processor.py:157} INFO - Started process (PID=882) to work on /home/airflow/.local/lib/python3.7/site-packages/airflow/example_dags/example_latest_only.py
[2024-02-28T18:39:53.302+0000] {processor.py:826} INFO - Processing file /home/airflow/.local/lib/python3.7/site-packages/airflow/example_dags/example_latest_only.py for tasks to queue
[2024-02-28T18:39:53.304+0000] {logging_mixin.py:150} INFO - [2024-02-28T18:39:53.304+0000] {dagbag.py:541} INFO - Filling up the DagBag from /home/airflow/.local/lib/python3.7/site-packages/airflow/example_dags/example_latest_only.py
[2024-02-28T18:39:53.313+0000] {processor.py:836} INFO - DAG(s) dict_keys(['latest_only']) retrieved from /home/airflow/.local/lib/python3.7/site-packages/airflow/example_dags/example_latest_only.py
[2024-02-28T18:39:53.364+0000] {logging_mixin.py:150} INFO - [2024-02-28T18:39:53.364+0000] {dag.py:2742} INFO - Sync 1 DAGs
[2024-02-28T18:39:53.414+0000] {logging_mixin.py:150} INFO - [2024-02-28T18:39:53.414+0000] {dag.py:3508} INFO - Setting next_dagrun for latest_only to 2024-02-28T14:39:53.414003+00:00, run_after=2024-02-28T18:39:53.414003+00:00
[2024-02-28T18:39:53.452+0000] {processor.py:179} INFO - Processing /home/airflow/.local/lib/python3.7/site-packages/airflow/example_dags/example_latest_only.py took 0.162 seconds
[2024-02-28T18:40:24.019+0000] {processor.py:157} INFO - Started process (PID=945) to work on /home/airflow/.local/lib/python3.7/site-packages/airflow/example_dags/example_latest_only.py
[2024-02-28T18:40:24.021+0000] {processor.py:826} INFO - Processing file /home/airflow/.local/lib/python3.7/site-packages/airflow/example_dags/example_latest_only.py for tasks to queue
[2024-02-28T18:40:24.024+0000] {logging_mixin.py:150} INFO - [2024-02-28T18:40:24.023+0000] {dagbag.py:541} INFO - Filling up the DagBag from /home/airflow/.local/lib/python3.7/site-packages/airflow/example_dags/example_latest_only.py
[2024-02-28T18:40:24.031+0000] {processor.py:836} INFO - DAG(s) dict_keys(['latest_only']) retrieved from /home/airflow/.local/lib/python3.7/site-packages/airflow/example_dags/example_latest_only.py
[2024-02-28T18:40:24.064+0000] {logging_mixin.py:150} INFO - [2024-02-28T18:40:24.064+0000] {dag.py:2742} INFO - Sync 1 DAGs
[2024-02-28T18:40:24.094+0000] {logging_mixin.py:150} INFO - [2024-02-28T18:40:24.094+0000] {dag.py:3508} INFO - Setting next_dagrun for latest_only to 2024-02-28T14:40:24.093762+00:00, run_after=2024-02-28T18:40:24.093762+00:00
[2024-02-28T18:40:24.119+0000] {processor.py:179} INFO - Processing /home/airflow/.local/lib/python3.7/site-packages/airflow/example_dags/example_latest_only.py took 0.106 seconds
[2024-02-28T18:40:54.583+0000] {processor.py:157} INFO - Started process (PID=1008) to work on /home/airflow/.local/lib/python3.7/site-packages/airflow/example_dags/example_latest_only.py
[2024-02-28T18:40:54.585+0000] {processor.py:826} INFO - Processing file /home/airflow/.local/lib/python3.7/site-packages/airflow/example_dags/example_latest_only.py for tasks to queue
[2024-02-28T18:40:54.588+0000] {logging_mixin.py:150} INFO - [2024-02-28T18:40:54.588+0000] {dagbag.py:541} INFO - Filling up the DagBag from /home/airflow/.local/lib/python3.7/site-packages/airflow/example_dags/example_latest_only.py
[2024-02-28T18:40:54.600+0000] {processor.py:836} INFO - DAG(s) dict_keys(['latest_only']) retrieved from /home/airflow/.local/lib/python3.7/site-packages/airflow/example_dags/example_latest_only.py
[2024-02-28T18:40:54.636+0000] {logging_mixin.py:150} INFO - [2024-02-28T18:40:54.635+0000] {dag.py:2742} INFO - Sync 1 DAGs
[2024-02-28T18:40:54.661+0000] {logging_mixin.py:150} INFO - [2024-02-28T18:40:54.661+0000] {dag.py:3508} INFO - Setting next_dagrun for latest_only to 2024-02-28T14:40:54.661388+00:00, run_after=2024-02-28T18:40:54.661388+00:00
[2024-02-28T18:40:54.682+0000] {processor.py:179} INFO - Processing /home/airflow/.local/lib/python3.7/site-packages/airflow/example_dags/example_latest_only.py took 0.105 seconds
[2024-02-28T18:41:25.147+0000] {processor.py:157} INFO - Started process (PID=1071) to work on /home/airflow/.local/lib/python3.7/site-packages/airflow/example_dags/example_latest_only.py
[2024-02-28T18:41:25.152+0000] {processor.py:826} INFO - Processing file /home/airflow/.local/lib/python3.7/site-packages/airflow/example_dags/example_latest_only.py for tasks to queue
[2024-02-28T18:41:25.156+0000] {logging_mixin.py:150} INFO - [2024-02-28T18:41:25.156+0000] {dagbag.py:541} INFO - Filling up the DagBag from /home/airflow/.local/lib/python3.7/site-packages/airflow/example_dags/example_latest_only.py
[2024-02-28T18:41:25.165+0000] {processor.py:836} INFO - DAG(s) dict_keys(['latest_only']) retrieved from /home/airflow/.local/lib/python3.7/site-packages/airflow/example_dags/example_latest_only.py
[2024-02-28T18:41:25.203+0000] {logging_mixin.py:150} INFO - [2024-02-28T18:41:25.203+0000] {dag.py:2742} INFO - Sync 1 DAGs
[2024-02-28T18:41:25.231+0000] {logging_mixin.py:150} INFO - [2024-02-28T18:41:25.231+0000] {dag.py:3508} INFO - Setting next_dagrun for latest_only to 2024-02-28T14:41:25.230697+00:00, run_after=2024-02-28T18:41:25.230697+00:00
[2024-02-28T18:41:25.273+0000] {processor.py:179} INFO - Processing /home/airflow/.local/lib/python3.7/site-packages/airflow/example_dags/example_latest_only.py took 0.131 seconds
[2024-02-28T18:41:55.572+0000] {processor.py:157} INFO - Started process (PID=1134) to work on /home/airflow/.local/lib/python3.7/site-packages/airflow/example_dags/example_latest_only.py
[2024-02-28T18:41:55.580+0000] {processor.py:826} INFO - Processing file /home/airflow/.local/lib/python3.7/site-packages/airflow/example_dags/example_latest_only.py for tasks to queue
[2024-02-28T18:41:55.582+0000] {logging_mixin.py:150} INFO - [2024-02-28T18:41:55.581+0000] {dagbag.py:541} INFO - Filling up the DagBag from /home/airflow/.local/lib/python3.7/site-packages/airflow/example_dags/example_latest_only.py
[2024-02-28T18:41:55.591+0000] {processor.py:836} INFO - DAG(s) dict_keys(['latest_only']) retrieved from /home/airflow/.local/lib/python3.7/site-packages/airflow/example_dags/example_latest_only.py
[2024-02-28T18:41:55.624+0000] {logging_mixin.py:150} INFO - [2024-02-28T18:41:55.624+0000] {dag.py:2742} INFO - Sync 1 DAGs
[2024-02-28T18:41:55.655+0000] {logging_mixin.py:150} INFO - [2024-02-28T18:41:55.655+0000] {dag.py:3508} INFO - Setting next_dagrun for latest_only to 2024-02-28T14:41:55.655019+00:00, run_after=2024-02-28T18:41:55.655019+00:00
[2024-02-28T18:41:55.679+0000] {processor.py:179} INFO - Processing /home/airflow/.local/lib/python3.7/site-packages/airflow/example_dags/example_latest_only.py took 0.119 seconds
[2024-02-28T18:42:26.342+0000] {processor.py:157} INFO - Started process (PID=1197) to work on /home/airflow/.local/lib/python3.7/site-packages/airflow/example_dags/example_latest_only.py
[2024-02-28T18:42:26.345+0000] {processor.py:826} INFO - Processing file /home/airflow/.local/lib/python3.7/site-packages/airflow/example_dags/example_latest_only.py for tasks to queue
[2024-02-28T18:42:26.351+0000] {logging_mixin.py:150} INFO - [2024-02-28T18:42:26.350+0000] {dagbag.py:541} INFO - Filling up the DagBag from /home/airflow/.local/lib/python3.7/site-packages/airflow/example_dags/example_latest_only.py
[2024-02-28T18:42:26.361+0000] {processor.py:836} INFO - DAG(s) dict_keys(['latest_only']) retrieved from /home/airflow/.local/lib/python3.7/site-packages/airflow/example_dags/example_latest_only.py
[2024-02-28T18:42:26.390+0000] {logging_mixin.py:150} INFO - [2024-02-28T18:42:26.389+0000] {dag.py:2742} INFO - Sync 1 DAGs
[2024-02-28T18:42:26.414+0000] {logging_mixin.py:150} INFO - [2024-02-28T18:42:26.414+0000] {dag.py:3508} INFO - Setting next_dagrun for latest_only to 2024-02-28T14:42:26.413523+00:00, run_after=2024-02-28T18:42:26.413523+00:00
[2024-02-28T18:42:26.444+0000] {processor.py:179} INFO - Processing /home/airflow/.local/lib/python3.7/site-packages/airflow/example_dags/example_latest_only.py took 0.106 seconds
[2024-02-28T18:42:56.819+0000] {processor.py:157} INFO - Started process (PID=1260) to work on /home/airflow/.local/lib/python3.7/site-packages/airflow/example_dags/example_latest_only.py
[2024-02-28T18:42:56.822+0000] {processor.py:826} INFO - Processing file /home/airflow/.local/lib/python3.7/site-packages/airflow/example_dags/example_latest_only.py for tasks to queue
[2024-02-28T18:42:56.827+0000] {logging_mixin.py:150} INFO - [2024-02-28T18:42:56.826+0000] {dagbag.py:541} INFO - Filling up the DagBag from /home/airflow/.local/lib/python3.7/site-packages/airflow/example_dags/example_latest_only.py
[2024-02-28T18:42:56.839+0000] {processor.py:836} INFO - DAG(s) dict_keys(['latest_only']) retrieved from /home/airflow/.local/lib/python3.7/site-packages/airflow/example_dags/example_latest_only.py
[2024-02-28T18:42:56.877+0000] {logging_mixin.py:150} INFO - [2024-02-28T18:42:56.877+0000] {dag.py:2742} INFO - Sync 1 DAGs
[2024-02-28T18:42:56.900+0000] {logging_mixin.py:150} INFO - [2024-02-28T18:42:56.900+0000] {dag.py:3508} INFO - Setting next_dagrun for latest_only to 2024-02-28T14:42:56.900473+00:00, run_after=2024-02-28T18:42:56.900473+00:00
[2024-02-28T18:42:56.921+0000] {processor.py:179} INFO - Processing /home/airflow/.local/lib/python3.7/site-packages/airflow/example_dags/example_latest_only.py took 0.106 seconds
[2024-02-28T18:43:27.874+0000] {processor.py:157} INFO - Started process (PID=1323) to work on /home/airflow/.local/lib/python3.7/site-packages/airflow/example_dags/example_latest_only.py
[2024-02-28T18:43:27.876+0000] {processor.py:826} INFO - Processing file /home/airflow/.local/lib/python3.7/site-packages/airflow/example_dags/example_latest_only.py for tasks to queue
[2024-02-28T18:43:27.878+0000] {logging_mixin.py:150} INFO - [2024-02-28T18:43:27.878+0000] {dagbag.py:541} INFO - Filling up the DagBag from /home/airflow/.local/lib/python3.7/site-packages/airflow/example_dags/example_latest_only.py
[2024-02-28T18:43:27.885+0000] {processor.py:836} INFO - DAG(s) dict_keys(['latest_only']) retrieved from /home/airflow/.local/lib/python3.7/site-packages/airflow/example_dags/example_latest_only.py
[2024-02-28T18:43:27.921+0000] {logging_mixin.py:150} INFO - [2024-02-28T18:43:27.921+0000] {dag.py:2742} INFO - Sync 1 DAGs
[2024-02-28T18:43:27.952+0000] {logging_mixin.py:150} INFO - [2024-02-28T18:43:27.951+0000] {dag.py:3508} INFO - Setting next_dagrun for latest_only to 2024-02-28T14:43:27.951473+00:00, run_after=2024-02-28T18:43:27.951473+00:00
[2024-02-28T18:43:27.971+0000] {processor.py:179} INFO - Processing /home/airflow/.local/lib/python3.7/site-packages/airflow/example_dags/example_latest_only.py took 0.102 seconds
[2024-02-28T18:43:58.391+0000] {processor.py:157} INFO - Started process (PID=1386) to work on /home/airflow/.local/lib/python3.7/site-packages/airflow/example_dags/example_latest_only.py
[2024-02-28T18:43:58.394+0000] {processor.py:826} INFO - Processing file /home/airflow/.local/lib/python3.7/site-packages/airflow/example_dags/example_latest_only.py for tasks to queue
[2024-02-28T18:43:58.396+0000] {logging_mixin.py:150} INFO - [2024-02-28T18:43:58.396+0000] {dagbag.py:541} INFO - Filling up the DagBag from /home/airflow/.local/lib/python3.7/site-packages/airflow/example_dags/example_latest_only.py
[2024-02-28T18:43:58.405+0000] {processor.py:836} INFO - DAG(s) dict_keys(['latest_only']) retrieved from /home/airflow/.local/lib/python3.7/site-packages/airflow/example_dags/example_latest_only.py
[2024-02-28T18:43:58.434+0000] {logging_mixin.py:150} INFO - [2024-02-28T18:43:58.434+0000] {dag.py:2742} INFO - Sync 1 DAGs
[2024-02-28T18:43:58.460+0000] {logging_mixin.py:150} INFO - [2024-02-28T18:43:58.460+0000] {dag.py:3508} INFO - Setting next_dagrun for latest_only to 2024-02-28T14:43:58.460088+00:00, run_after=2024-02-28T18:43:58.460088+00:00
[2024-02-28T18:43:58.481+0000] {processor.py:179} INFO - Processing /home/airflow/.local/lib/python3.7/site-packages/airflow/example_dags/example_latest_only.py took 0.093 seconds
[2024-02-28T18:44:29.198+0000] {processor.py:157} INFO - Started process (PID=1449) to work on /home/airflow/.local/lib/python3.7/site-packages/airflow/example_dags/example_latest_only.py
[2024-02-28T18:44:29.201+0000] {processor.py:826} INFO - Processing file /home/airflow/.local/lib/python3.7/site-packages/airflow/example_dags/example_latest_only.py for tasks to queue
[2024-02-28T18:44:29.202+0000] {logging_mixin.py:150} INFO - [2024-02-28T18:44:29.202+0000] {dagbag.py:541} INFO - Filling up the DagBag from /home/airflow/.local/lib/python3.7/site-packages/airflow/example_dags/example_latest_only.py
[2024-02-28T18:44:29.211+0000] {processor.py:836} INFO - DAG(s) dict_keys(['latest_only']) retrieved from /home/airflow/.local/lib/python3.7/site-packages/airflow/example_dags/example_latest_only.py
[2024-02-28T18:44:29.243+0000] {logging_mixin.py:150} INFO - [2024-02-28T18:44:29.243+0000] {dag.py:2742} INFO - Sync 1 DAGs
[2024-02-28T18:44:29.276+0000] {logging_mixin.py:150} INFO - [2024-02-28T18:44:29.275+0000] {dag.py:3508} INFO - Setting next_dagrun for latest_only to 2024-02-28T14:44:29.275138+00:00, run_after=2024-02-28T18:44:29.275138+00:00
[2024-02-28T18:44:29.300+0000] {processor.py:179} INFO - Processing /home/airflow/.local/lib/python3.7/site-packages/airflow/example_dags/example_latest_only.py took 0.106 seconds
[2024-02-28T18:44:59.409+0000] {processor.py:157} INFO - Started process (PID=1512) to work on /home/airflow/.local/lib/python3.7/site-packages/airflow/example_dags/example_latest_only.py
[2024-02-28T18:44:59.411+0000] {processor.py:826} INFO - Processing file /home/airflow/.local/lib/python3.7/site-packages/airflow/example_dags/example_latest_only.py for tasks to queue
[2024-02-28T18:44:59.413+0000] {logging_mixin.py:150} INFO - [2024-02-28T18:44:59.413+0000] {dagbag.py:541} INFO - Filling up the DagBag from /home/airflow/.local/lib/python3.7/site-packages/airflow/example_dags/example_latest_only.py
[2024-02-28T18:44:59.421+0000] {processor.py:836} INFO - DAG(s) dict_keys(['latest_only']) retrieved from /home/airflow/.local/lib/python3.7/site-packages/airflow/example_dags/example_latest_only.py
[2024-02-28T18:44:59.449+0000] {logging_mixin.py:150} INFO - [2024-02-28T18:44:59.449+0000] {dag.py:2742} INFO - Sync 1 DAGs
[2024-02-28T18:44:59.471+0000] {logging_mixin.py:150} INFO - [2024-02-28T18:44:59.471+0000] {dag.py:3508} INFO - Setting next_dagrun for latest_only to 2024-02-28T14:44:59.470980+00:00, run_after=2024-02-28T18:44:59.470980+00:00
[2024-02-28T18:44:59.488+0000] {processor.py:179} INFO - Processing /home/airflow/.local/lib/python3.7/site-packages/airflow/example_dags/example_latest_only.py took 0.081 seconds
[2024-02-28T18:45:29.754+0000] {processor.py:157} INFO - Started process (PID=1576) to work on /home/airflow/.local/lib/python3.7/site-packages/airflow/example_dags/example_latest_only.py
[2024-02-28T18:45:29.756+0000] {processor.py:826} INFO - Processing file /home/airflow/.local/lib/python3.7/site-packages/airflow/example_dags/example_latest_only.py for tasks to queue
[2024-02-28T18:45:29.758+0000] {logging_mixin.py:150} INFO - [2024-02-28T18:45:29.757+0000] {dagbag.py:541} INFO - Filling up the DagBag from /home/airflow/.local/lib/python3.7/site-packages/airflow/example_dags/example_latest_only.py
[2024-02-28T18:45:29.765+0000] {processor.py:836} INFO - DAG(s) dict_keys(['latest_only']) retrieved from /home/airflow/.local/lib/python3.7/site-packages/airflow/example_dags/example_latest_only.py
[2024-02-28T18:45:29.788+0000] {logging_mixin.py:150} INFO - [2024-02-28T18:45:29.788+0000] {dag.py:2742} INFO - Sync 1 DAGs
[2024-02-28T18:45:29.810+0000] {logging_mixin.py:150} INFO - [2024-02-28T18:45:29.810+0000] {dag.py:3508} INFO - Setting next_dagrun for latest_only to 2024-02-28T14:45:29.809822+00:00, run_after=2024-02-28T18:45:29.809822+00:00
[2024-02-28T18:45:29.827+0000] {processor.py:179} INFO - Processing /home/airflow/.local/lib/python3.7/site-packages/airflow/example_dags/example_latest_only.py took 0.076 seconds
[2024-02-28T18:46:00.789+0000] {processor.py:157} INFO - Started process (PID=1639) to work on /home/airflow/.local/lib/python3.7/site-packages/airflow/example_dags/example_latest_only.py
[2024-02-28T18:46:00.791+0000] {processor.py:826} INFO - Processing file /home/airflow/.local/lib/python3.7/site-packages/airflow/example_dags/example_latest_only.py for tasks to queue
[2024-02-28T18:46:00.793+0000] {logging_mixin.py:150} INFO - [2024-02-28T18:46:00.792+0000] {dagbag.py:541} INFO - Filling up the DagBag from /home/airflow/.local/lib/python3.7/site-packages/airflow/example_dags/example_latest_only.py
[2024-02-28T18:46:00.799+0000] {processor.py:836} INFO - DAG(s) dict_keys(['latest_only']) retrieved from /home/airflow/.local/lib/python3.7/site-packages/airflow/example_dags/example_latest_only.py
[2024-02-28T18:46:00.824+0000] {logging_mixin.py:150} INFO - [2024-02-28T18:46:00.823+0000] {dag.py:2742} INFO - Sync 1 DAGs
[2024-02-28T18:46:00.844+0000] {logging_mixin.py:150} INFO - [2024-02-28T18:46:00.844+0000] {dag.py:3508} INFO - Setting next_dagrun for latest_only to 2024-02-28T14:46:00.844338+00:00, run_after=2024-02-28T18:46:00.844338+00:00
[2024-02-28T18:46:00.860+0000] {processor.py:179} INFO - Processing /home/airflow/.local/lib/python3.7/site-packages/airflow/example_dags/example_latest_only.py took 0.075 seconds
[2024-02-28T18:46:31.086+0000] {processor.py:157} INFO - Started process (PID=1702) to work on /home/airflow/.local/lib/python3.7/site-packages/airflow/example_dags/example_latest_only.py
[2024-02-28T18:46:31.088+0000] {processor.py:826} INFO - Processing file /home/airflow/.local/lib/python3.7/site-packages/airflow/example_dags/example_latest_only.py for tasks to queue
[2024-02-28T18:46:31.090+0000] {logging_mixin.py:150} INFO - [2024-02-28T18:46:31.089+0000] {dagbag.py:541} INFO - Filling up the DagBag from /home/airflow/.local/lib/python3.7/site-packages/airflow/example_dags/example_latest_only.py
[2024-02-28T18:46:31.095+0000] {processor.py:836} INFO - DAG(s) dict_keys(['latest_only']) retrieved from /home/airflow/.local/lib/python3.7/site-packages/airflow/example_dags/example_latest_only.py
[2024-02-28T18:46:31.147+0000] {logging_mixin.py:150} INFO - [2024-02-28T18:46:31.147+0000] {dag.py:2742} INFO - Sync 1 DAGs
[2024-02-28T18:46:31.176+0000] {logging_mixin.py:150} INFO - [2024-02-28T18:46:31.176+0000] {dag.py:3508} INFO - Setting next_dagrun for latest_only to 2024-02-28T14:46:31.176084+00:00, run_after=2024-02-28T18:46:31.176084+00:00
[2024-02-28T18:46:31.197+0000] {processor.py:179} INFO - Processing /home/airflow/.local/lib/python3.7/site-packages/airflow/example_dags/example_latest_only.py took 0.114 seconds
[2024-02-28T18:47:01.601+0000] {processor.py:157} INFO - Started process (PID=1765) to work on /home/airflow/.local/lib/python3.7/site-packages/airflow/example_dags/example_latest_only.py
[2024-02-28T18:47:01.603+0000] {processor.py:826} INFO - Processing file /home/airflow/.local/lib/python3.7/site-packages/airflow/example_dags/example_latest_only.py for tasks to queue
[2024-02-28T18:47:01.605+0000] {logging_mixin.py:150} INFO - [2024-02-28T18:47:01.604+0000] {dagbag.py:541} INFO - Filling up the DagBag from /home/airflow/.local/lib/python3.7/site-packages/airflow/example_dags/example_latest_only.py
[2024-02-28T18:47:01.611+0000] {processor.py:836} INFO - DAG(s) dict_keys(['latest_only']) retrieved from /home/airflow/.local/lib/python3.7/site-packages/airflow/example_dags/example_latest_only.py
[2024-02-28T18:47:01.636+0000] {logging_mixin.py:150} INFO - [2024-02-28T18:47:01.635+0000] {dag.py:2742} INFO - Sync 1 DAGs
[2024-02-28T18:47:01.654+0000] {logging_mixin.py:150} INFO - [2024-02-28T18:47:01.653+0000] {dag.py:3508} INFO - Setting next_dagrun for latest_only to 2024-02-28T14:47:01.653572+00:00, run_after=2024-02-28T18:47:01.653572+00:00
[2024-02-28T18:47:01.668+0000] {processor.py:179} INFO - Processing /home/airflow/.local/lib/python3.7/site-packages/airflow/example_dags/example_latest_only.py took 0.071 seconds
[2024-02-28T18:47:32.194+0000] {processor.py:157} INFO - Started process (PID=1828) to work on /home/airflow/.local/lib/python3.7/site-packages/airflow/example_dags/example_latest_only.py
[2024-02-28T18:47:32.196+0000] {processor.py:826} INFO - Processing file /home/airflow/.local/lib/python3.7/site-packages/airflow/example_dags/example_latest_only.py for tasks to queue
[2024-02-28T18:47:32.198+0000] {logging_mixin.py:150} INFO - [2024-02-28T18:47:32.198+0000] {dagbag.py:541} INFO - Filling up the DagBag from /home/airflow/.local/lib/python3.7/site-packages/airflow/example_dags/example_latest_only.py
[2024-02-28T18:47:32.205+0000] {processor.py:836} INFO - DAG(s) dict_keys(['latest_only']) retrieved from /home/airflow/.local/lib/python3.7/site-packages/airflow/example_dags/example_latest_only.py
[2024-02-28T18:47:32.231+0000] {logging_mixin.py:150} INFO - [2024-02-28T18:47:32.231+0000] {dag.py:2742} INFO - Sync 1 DAGs
[2024-02-28T18:47:32.262+0000] {logging_mixin.py:150} INFO - [2024-02-28T18:47:32.261+0000] {dag.py:3508} INFO - Setting next_dagrun for latest_only to 2024-02-28T14:47:32.261671+00:00, run_after=2024-02-28T18:47:32.261671+00:00
[2024-02-28T18:47:32.299+0000] {processor.py:179} INFO - Processing /home/airflow/.local/lib/python3.7/site-packages/airflow/example_dags/example_latest_only.py took 0.108 seconds
[2024-02-28T18:48:02.507+0000] {processor.py:157} INFO - Started process (PID=1891) to work on /home/airflow/.local/lib/python3.7/site-packages/airflow/example_dags/example_latest_only.py
[2024-02-28T18:48:02.509+0000] {processor.py:826} INFO - Processing file /home/airflow/.local/lib/python3.7/site-packages/airflow/example_dags/example_latest_only.py for tasks to queue
[2024-02-28T18:48:02.511+0000] {logging_mixin.py:150} INFO - [2024-02-28T18:48:02.511+0000] {dagbag.py:541} INFO - Filling up the DagBag from /home/airflow/.local/lib/python3.7/site-packages/airflow/example_dags/example_latest_only.py
[2024-02-28T18:48:02.519+0000] {processor.py:836} INFO - DAG(s) dict_keys(['latest_only']) retrieved from /home/airflow/.local/lib/python3.7/site-packages/airflow/example_dags/example_latest_only.py
[2024-02-28T18:48:02.549+0000] {logging_mixin.py:150} INFO - [2024-02-28T18:48:02.549+0000] {dag.py:2742} INFO - Sync 1 DAGs
[2024-02-28T18:48:02.588+0000] {logging_mixin.py:150} INFO - [2024-02-28T18:48:02.588+0000] {dag.py:3508} INFO - Setting next_dagrun for latest_only to 2024-02-28T14:48:02.587547+00:00, run_after=2024-02-28T18:48:02.587547+00:00
[2024-02-28T18:48:02.617+0000] {processor.py:179} INFO - Processing /home/airflow/.local/lib/python3.7/site-packages/airflow/example_dags/example_latest_only.py took 0.113 seconds
[2024-02-28T18:48:33.496+0000] {processor.py:157} INFO - Started process (PID=1953) to work on /home/airflow/.local/lib/python3.7/site-packages/airflow/example_dags/example_latest_only.py
[2024-02-28T18:48:33.500+0000] {processor.py:826} INFO - Processing file /home/airflow/.local/lib/python3.7/site-packages/airflow/example_dags/example_latest_only.py for tasks to queue
[2024-02-28T18:48:33.502+0000] {logging_mixin.py:150} INFO - [2024-02-28T18:48:33.502+0000] {dagbag.py:541} INFO - Filling up the DagBag from /home/airflow/.local/lib/python3.7/site-packages/airflow/example_dags/example_latest_only.py
[2024-02-28T18:48:33.511+0000] {processor.py:836} INFO - DAG(s) dict_keys(['latest_only']) retrieved from /home/airflow/.local/lib/python3.7/site-packages/airflow/example_dags/example_latest_only.py
[2024-02-28T18:48:33.553+0000] {logging_mixin.py:150} INFO - [2024-02-28T18:48:33.553+0000] {dag.py:2742} INFO - Sync 1 DAGs
[2024-02-28T18:48:33.587+0000] {logging_mixin.py:150} INFO - [2024-02-28T18:48:33.587+0000] {dag.py:3508} INFO - Setting next_dagrun for latest_only to 2024-02-28T14:48:33.587083+00:00, run_after=2024-02-28T18:48:33.587083+00:00
[2024-02-28T18:48:33.608+0000] {processor.py:179} INFO - Processing /home/airflow/.local/lib/python3.7/site-packages/airflow/example_dags/example_latest_only.py took 0.117 seconds
[2024-02-28T18:49:08.262+0000] {processor.py:157} INFO - Started process (PID=2023) to work on /home/airflow/.local/lib/python3.7/site-packages/airflow/example_dags/example_latest_only.py
[2024-02-28T18:49:08.271+0000] {processor.py:826} INFO - Processing file /home/airflow/.local/lib/python3.7/site-packages/airflow/example_dags/example_latest_only.py for tasks to queue
[2024-02-28T18:49:08.279+0000] {logging_mixin.py:150} INFO - [2024-02-28T18:49:08.277+0000] {dagbag.py:541} INFO - Filling up the DagBag from /home/airflow/.local/lib/python3.7/site-packages/airflow/example_dags/example_latest_only.py
[2024-02-28T18:49:08.294+0000] {processor.py:836} INFO - DAG(s) dict_keys(['latest_only']) retrieved from /home/airflow/.local/lib/python3.7/site-packages/airflow/example_dags/example_latest_only.py
[2024-02-28T18:49:08.413+0000] {logging_mixin.py:150} INFO - [2024-02-28T18:49:08.413+0000] {dag.py:2742} INFO - Sync 1 DAGs
[2024-02-28T18:49:08.552+0000] {logging_mixin.py:150} INFO - [2024-02-28T18:49:08.552+0000] {dag.py:3508} INFO - Setting next_dagrun for latest_only to 2024-02-28T14:49:08.551537+00:00, run_after=2024-02-28T18:49:08.551537+00:00
[2024-02-28T18:49:08.645+0000] {processor.py:179} INFO - Processing /home/airflow/.local/lib/python3.7/site-packages/airflow/example_dags/example_latest_only.py took 0.390 seconds
[2024-02-28T18:49:38.731+0000] {processor.py:157} INFO - Started process (PID=2094) to work on /home/airflow/.local/lib/python3.7/site-packages/airflow/example_dags/example_latest_only.py
[2024-02-28T18:49:38.733+0000] {processor.py:826} INFO - Processing file /home/airflow/.local/lib/python3.7/site-packages/airflow/example_dags/example_latest_only.py for tasks to queue
[2024-02-28T18:49:38.735+0000] {logging_mixin.py:150} INFO - [2024-02-28T18:49:38.735+0000] {dagbag.py:541} INFO - Filling up the DagBag from /home/airflow/.local/lib/python3.7/site-packages/airflow/example_dags/example_latest_only.py
[2024-02-28T18:49:38.742+0000] {processor.py:836} INFO - DAG(s) dict_keys(['latest_only']) retrieved from /home/airflow/.local/lib/python3.7/site-packages/airflow/example_dags/example_latest_only.py
[2024-02-28T18:49:38.770+0000] {logging_mixin.py:150} INFO - [2024-02-28T18:49:38.769+0000] {dag.py:2742} INFO - Sync 1 DAGs
[2024-02-28T18:49:38.793+0000] {logging_mixin.py:150} INFO - [2024-02-28T18:49:38.792+0000] {dag.py:3508} INFO - Setting next_dagrun for latest_only to 2024-02-28T14:49:38.792671+00:00, run_after=2024-02-28T18:49:38.792671+00:00
[2024-02-28T18:49:38.808+0000] {processor.py:179} INFO - Processing /home/airflow/.local/lib/python3.7/site-packages/airflow/example_dags/example_latest_only.py took 0.081 seconds
[2024-02-28T18:50:09.774+0000] {processor.py:157} INFO - Started process (PID=2157) to work on /home/airflow/.local/lib/python3.7/site-packages/airflow/example_dags/example_latest_only.py
[2024-02-28T18:50:09.779+0000] {processor.py:826} INFO - Processing file /home/airflow/.local/lib/python3.7/site-packages/airflow/example_dags/example_latest_only.py for tasks to queue
[2024-02-28T18:50:09.782+0000] {logging_mixin.py:150} INFO - [2024-02-28T18:50:09.781+0000] {dagbag.py:541} INFO - Filling up the DagBag from /home/airflow/.local/lib/python3.7/site-packages/airflow/example_dags/example_latest_only.py
[2024-02-28T18:50:09.797+0000] {processor.py:836} INFO - DAG(s) dict_keys(['latest_only']) retrieved from /home/airflow/.local/lib/python3.7/site-packages/airflow/example_dags/example_latest_only.py
[2024-02-28T18:50:09.877+0000] {logging_mixin.py:150} INFO - [2024-02-28T18:50:09.877+0000] {dag.py:2742} INFO - Sync 1 DAGs
[2024-02-28T18:50:09.928+0000] {logging_mixin.py:150} INFO - [2024-02-28T18:50:09.928+0000] {dag.py:3508} INFO - Setting next_dagrun for latest_only to 2024-02-28T14:50:09.927923+00:00, run_after=2024-02-28T18:50:09.927923+00:00
[2024-02-28T18:50:09.993+0000] {processor.py:179} INFO - Processing /home/airflow/.local/lib/python3.7/site-packages/airflow/example_dags/example_latest_only.py took 0.230 seconds
[2024-02-28T18:50:40.092+0000] {processor.py:157} INFO - Started process (PID=2224) to work on /home/airflow/.local/lib/python3.7/site-packages/airflow/example_dags/example_latest_only.py
[2024-02-28T18:50:40.095+0000] {processor.py:826} INFO - Processing file /home/airflow/.local/lib/python3.7/site-packages/airflow/example_dags/example_latest_only.py for tasks to queue
[2024-02-28T18:50:40.097+0000] {logging_mixin.py:150} INFO - [2024-02-28T18:50:40.097+0000] {dagbag.py:541} INFO - Filling up the DagBag from /home/airflow/.local/lib/python3.7/site-packages/airflow/example_dags/example_latest_only.py
[2024-02-28T18:50:40.104+0000] {processor.py:836} INFO - DAG(s) dict_keys(['latest_only']) retrieved from /home/airflow/.local/lib/python3.7/site-packages/airflow/example_dags/example_latest_only.py
[2024-02-28T18:50:40.133+0000] {logging_mixin.py:150} INFO - [2024-02-28T18:50:40.132+0000] {dag.py:2742} INFO - Sync 1 DAGs
[2024-02-28T18:50:40.155+0000] {logging_mixin.py:150} INFO - [2024-02-28T18:50:40.155+0000] {dag.py:3508} INFO - Setting next_dagrun for latest_only to 2024-02-28T14:50:40.154783+00:00, run_after=2024-02-28T18:50:40.154783+00:00
[2024-02-28T18:50:40.172+0000] {processor.py:179} INFO - Processing /home/airflow/.local/lib/python3.7/site-packages/airflow/example_dags/example_latest_only.py took 0.085 seconds
[2024-02-28T18:51:10.999+0000] {processor.py:157} INFO - Started process (PID=2291) to work on /home/airflow/.local/lib/python3.7/site-packages/airflow/example_dags/example_latest_only.py
[2024-02-28T18:51:11.003+0000] {processor.py:826} INFO - Processing file /home/airflow/.local/lib/python3.7/site-packages/airflow/example_dags/example_latest_only.py for tasks to queue
[2024-02-28T18:51:11.007+0000] {logging_mixin.py:150} INFO - [2024-02-28T18:51:11.007+0000] {dagbag.py:541} INFO - Filling up the DagBag from /home/airflow/.local/lib/python3.7/site-packages/airflow/example_dags/example_latest_only.py
[2024-02-28T18:51:11.030+0000] {processor.py:836} INFO - DAG(s) dict_keys(['latest_only']) retrieved from /home/airflow/.local/lib/python3.7/site-packages/airflow/example_dags/example_latest_only.py
[2024-02-28T18:51:11.110+0000] {logging_mixin.py:150} INFO - [2024-02-28T18:51:11.108+0000] {dag.py:2742} INFO - Sync 1 DAGs
[2024-02-28T18:51:11.176+0000] {logging_mixin.py:150} INFO - [2024-02-28T18:51:11.175+0000] {dag.py:3508} INFO - Setting next_dagrun for latest_only to 2024-02-28T14:51:11.174364+00:00, run_after=2024-02-28T18:51:11.174364+00:00
[2024-02-28T18:51:11.254+0000] {processor.py:179} INFO - Processing /home/airflow/.local/lib/python3.7/site-packages/airflow/example_dags/example_latest_only.py took 0.259 seconds
[2024-02-28T18:51:41.600+0000] {processor.py:157} INFO - Started process (PID=2354) to work on /home/airflow/.local/lib/python3.7/site-packages/airflow/example_dags/example_latest_only.py
[2024-02-28T18:51:41.603+0000] {processor.py:826} INFO - Processing file /home/airflow/.local/lib/python3.7/site-packages/airflow/example_dags/example_latest_only.py for tasks to queue
[2024-02-28T18:51:41.605+0000] {logging_mixin.py:150} INFO - [2024-02-28T18:51:41.604+0000] {dagbag.py:541} INFO - Filling up the DagBag from /home/airflow/.local/lib/python3.7/site-packages/airflow/example_dags/example_latest_only.py
[2024-02-28T18:51:41.613+0000] {processor.py:836} INFO - DAG(s) dict_keys(['latest_only']) retrieved from /home/airflow/.local/lib/python3.7/site-packages/airflow/example_dags/example_latest_only.py
[2024-02-28T18:51:41.653+0000] {logging_mixin.py:150} INFO - [2024-02-28T18:51:41.653+0000] {dag.py:2742} INFO - Sync 1 DAGs
[2024-02-28T18:51:41.701+0000] {logging_mixin.py:150} INFO - [2024-02-28T18:51:41.701+0000] {dag.py:3508} INFO - Setting next_dagrun for latest_only to 2024-02-28T14:51:41.700739+00:00, run_after=2024-02-28T18:51:41.700739+00:00
[2024-02-28T18:51:41.735+0000] {processor.py:179} INFO - Processing /home/airflow/.local/lib/python3.7/site-packages/airflow/example_dags/example_latest_only.py took 0.138 seconds
[2024-02-28T18:52:13.653+0000] {processor.py:157} INFO - Started process (PID=2425) to work on /home/airflow/.local/lib/python3.7/site-packages/airflow/example_dags/example_latest_only.py
[2024-02-28T18:52:13.661+0000] {processor.py:826} INFO - Processing file /home/airflow/.local/lib/python3.7/site-packages/airflow/example_dags/example_latest_only.py for tasks to queue
[2024-02-28T18:52:13.668+0000] {logging_mixin.py:150} INFO - [2024-02-28T18:52:13.668+0000] {dagbag.py:541} INFO - Filling up the DagBag from /home/airflow/.local/lib/python3.7/site-packages/airflow/example_dags/example_latest_only.py
[2024-02-28T18:52:13.694+0000] {processor.py:836} INFO - DAG(s) dict_keys(['latest_only']) retrieved from /home/airflow/.local/lib/python3.7/site-packages/airflow/example_dags/example_latest_only.py
[2024-02-28T18:52:13.770+0000] {logging_mixin.py:150} INFO - [2024-02-28T18:52:13.769+0000] {dag.py:2742} INFO - Sync 1 DAGs
[2024-02-28T18:52:13.844+0000] {logging_mixin.py:150} INFO - [2024-02-28T18:52:13.844+0000] {dag.py:3508} INFO - Setting next_dagrun for latest_only to 2024-02-28T14:52:13.843804+00:00, run_after=2024-02-28T18:52:13.843804+00:00
[2024-02-28T18:52:13.878+0000] {processor.py:179} INFO - Processing /home/airflow/.local/lib/python3.7/site-packages/airflow/example_dags/example_latest_only.py took 0.255 seconds
[2024-02-28T18:52:44.203+0000] {processor.py:157} INFO - Started process (PID=2488) to work on /home/airflow/.local/lib/python3.7/site-packages/airflow/example_dags/example_latest_only.py
[2024-02-28T18:52:44.207+0000] {processor.py:826} INFO - Processing file /home/airflow/.local/lib/python3.7/site-packages/airflow/example_dags/example_latest_only.py for tasks to queue
[2024-02-28T18:52:44.211+0000] {logging_mixin.py:150} INFO - [2024-02-28T18:52:44.210+0000] {dagbag.py:541} INFO - Filling up the DagBag from /home/airflow/.local/lib/python3.7/site-packages/airflow/example_dags/example_latest_only.py
[2024-02-28T18:52:44.243+0000] {processor.py:836} INFO - DAG(s) dict_keys(['latest_only']) retrieved from /home/airflow/.local/lib/python3.7/site-packages/airflow/example_dags/example_latest_only.py
[2024-02-28T18:52:44.322+0000] {logging_mixin.py:150} INFO - [2024-02-28T18:52:44.322+0000] {dag.py:2742} INFO - Sync 1 DAGs
[2024-02-28T18:52:44.375+0000] {logging_mixin.py:150} INFO - [2024-02-28T18:52:44.374+0000] {dag.py:3508} INFO - Setting next_dagrun for latest_only to 2024-02-28T14:52:44.374212+00:00, run_after=2024-02-28T18:52:44.374212+00:00
[2024-02-28T18:52:44.411+0000] {processor.py:179} INFO - Processing /home/airflow/.local/lib/python3.7/site-packages/airflow/example_dags/example_latest_only.py took 0.216 seconds
