[2024-02-28T18:33:11.618+0000] {processor.py:157} INFO - Started process (PID=55) to work on /home/airflow/.local/lib/python3.7/site-packages/airflow/example_dags/example_subdag_operator.py
[2024-02-28T18:33:11.622+0000] {processor.py:826} INFO - Processing file /home/airflow/.local/lib/python3.7/site-packages/airflow/example_dags/example_subdag_operator.py for tasks to queue
[2024-02-28T18:33:11.626+0000] {logging_mixin.py:150} INFO - [2024-02-28T18:33:11.625+0000] {dagbag.py:541} INFO - Filling up the DagBag from /home/airflow/.local/lib/python3.7/site-packages/airflow/example_dags/example_subdag_operator.py
[2024-02-28T18:33:11.696+0000] {processor.py:836} INFO - DAG(s) dict_keys(['example_subdag_operator.section-1', 'example_subdag_operator.section-2', 'example_subdag_operator']) retrieved from /home/airflow/.local/lib/python3.7/site-packages/airflow/example_dags/example_subdag_operator.py
[2024-02-28T18:33:11.703+0000] {logging_mixin.py:150} INFO - [2024-02-28T18:33:11.703+0000] {dag.py:2742} INFO - Sync 3 DAGs
[2024-02-28T18:33:11.738+0000] {logging_mixin.py:150} INFO - [2024-02-28T18:33:11.737+0000] {dag.py:3508} INFO - Setting next_dagrun for example_subdag_operator to 2022-01-01T00:00:00+00:00, run_after=2022-01-01T00:00:00+00:00
[2024-02-28T18:33:11.745+0000] {logging_mixin.py:150} INFO - [2024-02-28T18:33:11.745+0000] {dag.py:3508} INFO - Setting next_dagrun for example_subdag_operator.section-1 to None, run_after=None
[2024-02-28T18:33:11.750+0000] {logging_mixin.py:150} INFO - [2024-02-28T18:33:11.749+0000] {dag.py:3508} INFO - Setting next_dagrun for example_subdag_operator.section-2 to None, run_after=None
[2024-02-28T18:33:11.774+0000] {logging_mixin.py:150} INFO - [2024-02-28T18:33:11.774+0000] {dag.py:2742} INFO - Sync 2 DAGs
[2024-02-28T18:33:11.808+0000] {logging_mixin.py:150} INFO - [2024-02-28T18:33:11.807+0000] {dag.py:3508} INFO - Setting next_dagrun for example_subdag_operator.section-1 to None, run_after=None
[2024-02-28T18:33:11.812+0000] {logging_mixin.py:150} INFO - [2024-02-28T18:33:11.812+0000] {dag.py:3508} INFO - Setting next_dagrun for example_subdag_operator.section-2 to None, run_after=None
[2024-02-28T18:33:11.840+0000] {processor.py:179} INFO - Processing /home/airflow/.local/lib/python3.7/site-packages/airflow/example_dags/example_subdag_operator.py took 0.233 seconds
[2024-02-28T18:33:41.955+0000] {processor.py:157} INFO - Started process (PID=118) to work on /home/airflow/.local/lib/python3.7/site-packages/airflow/example_dags/example_subdag_operator.py
[2024-02-28T18:33:41.957+0000] {processor.py:826} INFO - Processing file /home/airflow/.local/lib/python3.7/site-packages/airflow/example_dags/example_subdag_operator.py for tasks to queue
[2024-02-28T18:33:41.958+0000] {logging_mixin.py:150} INFO - [2024-02-28T18:33:41.958+0000] {dagbag.py:541} INFO - Filling up the DagBag from /home/airflow/.local/lib/python3.7/site-packages/airflow/example_dags/example_subdag_operator.py
[2024-02-28T18:33:41.979+0000] {processor.py:836} INFO - DAG(s) dict_keys(['example_subdag_operator.section-1', 'example_subdag_operator.section-2', 'example_subdag_operator']) retrieved from /home/airflow/.local/lib/python3.7/site-packages/airflow/example_dags/example_subdag_operator.py
[2024-02-28T18:33:41.993+0000] {logging_mixin.py:150} INFO - [2024-02-28T18:33:41.992+0000] {dag.py:2742} INFO - Sync 3 DAGs
[2024-02-28T18:33:42.010+0000] {logging_mixin.py:150} INFO - [2024-02-28T18:33:42.010+0000] {dag.py:3508} INFO - Setting next_dagrun for example_subdag_operator to 2022-01-01T00:00:00+00:00, run_after=2022-01-01T00:00:00+00:00
[2024-02-28T18:33:42.013+0000] {logging_mixin.py:150} INFO - [2024-02-28T18:33:42.013+0000] {dag.py:3508} INFO - Setting next_dagrun for example_subdag_operator.section-1 to None, run_after=None
[2024-02-28T18:33:42.015+0000] {logging_mixin.py:150} INFO - [2024-02-28T18:33:42.015+0000] {dag.py:3508} INFO - Setting next_dagrun for example_subdag_operator.section-2 to None, run_after=None
[2024-02-28T18:33:42.020+0000] {logging_mixin.py:150} INFO - [2024-02-28T18:33:42.020+0000] {dag.py:2742} INFO - Sync 2 DAGs
[2024-02-28T18:33:42.026+0000] {logging_mixin.py:150} INFO - [2024-02-28T18:33:42.026+0000] {dag.py:3508} INFO - Setting next_dagrun for example_subdag_operator.section-1 to None, run_after=None
[2024-02-28T18:33:42.027+0000] {logging_mixin.py:150} INFO - [2024-02-28T18:33:42.027+0000] {dag.py:3508} INFO - Setting next_dagrun for example_subdag_operator.section-2 to None, run_after=None
[2024-02-28T18:33:42.034+0000] {processor.py:179} INFO - Processing /home/airflow/.local/lib/python3.7/site-packages/airflow/example_dags/example_subdag_operator.py took 0.082 seconds
[2024-02-28T18:34:12.140+0000] {processor.py:157} INFO - Started process (PID=181) to work on /home/airflow/.local/lib/python3.7/site-packages/airflow/example_dags/example_subdag_operator.py
[2024-02-28T18:34:12.142+0000] {processor.py:826} INFO - Processing file /home/airflow/.local/lib/python3.7/site-packages/airflow/example_dags/example_subdag_operator.py for tasks to queue
[2024-02-28T18:34:12.143+0000] {logging_mixin.py:150} INFO - [2024-02-28T18:34:12.143+0000] {dagbag.py:541} INFO - Filling up the DagBag from /home/airflow/.local/lib/python3.7/site-packages/airflow/example_dags/example_subdag_operator.py
[2024-02-28T18:34:12.165+0000] {processor.py:836} INFO - DAG(s) dict_keys(['example_subdag_operator.section-1', 'example_subdag_operator.section-2', 'example_subdag_operator']) retrieved from /home/airflow/.local/lib/python3.7/site-packages/airflow/example_dags/example_subdag_operator.py
[2024-02-28T18:34:12.180+0000] {logging_mixin.py:150} INFO - [2024-02-28T18:34:12.180+0000] {dag.py:2742} INFO - Sync 3 DAGs
[2024-02-28T18:34:12.205+0000] {logging_mixin.py:150} INFO - [2024-02-28T18:34:12.205+0000] {dag.py:3508} INFO - Setting next_dagrun for example_subdag_operator to 2022-01-01T00:00:00+00:00, run_after=2022-01-01T00:00:00+00:00
[2024-02-28T18:34:12.211+0000] {logging_mixin.py:150} INFO - [2024-02-28T18:34:12.211+0000] {dag.py:3508} INFO - Setting next_dagrun for example_subdag_operator.section-1 to None, run_after=None
[2024-02-28T18:34:12.214+0000] {logging_mixin.py:150} INFO - [2024-02-28T18:34:12.213+0000] {dag.py:3508} INFO - Setting next_dagrun for example_subdag_operator.section-2 to None, run_after=None
[2024-02-28T18:34:12.232+0000] {logging_mixin.py:150} INFO - [2024-02-28T18:34:12.232+0000] {dag.py:2742} INFO - Sync 2 DAGs
[2024-02-28T18:34:12.241+0000] {logging_mixin.py:150} INFO - [2024-02-28T18:34:12.241+0000] {dag.py:3508} INFO - Setting next_dagrun for example_subdag_operator.section-1 to None, run_after=None
[2024-02-28T18:34:12.243+0000] {logging_mixin.py:150} INFO - [2024-02-28T18:34:12.243+0000] {dag.py:3508} INFO - Setting next_dagrun for example_subdag_operator.section-2 to None, run_after=None
[2024-02-28T18:34:12.252+0000] {processor.py:179} INFO - Processing /home/airflow/.local/lib/python3.7/site-packages/airflow/example_dags/example_subdag_operator.py took 0.115 seconds
[2024-02-28T18:34:43.383+0000] {processor.py:157} INFO - Started process (PID=244) to work on /home/airflow/.local/lib/python3.7/site-packages/airflow/example_dags/example_subdag_operator.py
[2024-02-28T18:34:43.385+0000] {processor.py:826} INFO - Processing file /home/airflow/.local/lib/python3.7/site-packages/airflow/example_dags/example_subdag_operator.py for tasks to queue
[2024-02-28T18:34:43.389+0000] {logging_mixin.py:150} INFO - [2024-02-28T18:34:43.388+0000] {dagbag.py:541} INFO - Filling up the DagBag from /home/airflow/.local/lib/python3.7/site-packages/airflow/example_dags/example_subdag_operator.py
[2024-02-28T18:34:43.468+0000] {processor.py:836} INFO - DAG(s) dict_keys(['example_subdag_operator.section-1', 'example_subdag_operator.section-2', 'example_subdag_operator']) retrieved from /home/airflow/.local/lib/python3.7/site-packages/airflow/example_dags/example_subdag_operator.py
[2024-02-28T18:34:43.503+0000] {logging_mixin.py:150} INFO - [2024-02-28T18:34:43.503+0000] {dag.py:2742} INFO - Sync 3 DAGs
[2024-02-28T18:34:43.557+0000] {logging_mixin.py:150} INFO - [2024-02-28T18:34:43.557+0000] {dag.py:3508} INFO - Setting next_dagrun for example_subdag_operator to 2022-01-01T00:00:00+00:00, run_after=2022-01-01T00:00:00+00:00
[2024-02-28T18:34:43.565+0000] {logging_mixin.py:150} INFO - [2024-02-28T18:34:43.565+0000] {dag.py:3508} INFO - Setting next_dagrun for example_subdag_operator.section-1 to None, run_after=None
[2024-02-28T18:34:43.569+0000] {logging_mixin.py:150} INFO - [2024-02-28T18:34:43.569+0000] {dag.py:3508} INFO - Setting next_dagrun for example_subdag_operator.section-2 to None, run_after=None
[2024-02-28T18:34:43.589+0000] {logging_mixin.py:150} INFO - [2024-02-28T18:34:43.589+0000] {dag.py:2742} INFO - Sync 2 DAGs
[2024-02-28T18:34:43.595+0000] {logging_mixin.py:150} INFO - [2024-02-28T18:34:43.595+0000] {dag.py:3508} INFO - Setting next_dagrun for example_subdag_operator.section-1 to None, run_after=None
[2024-02-28T18:34:43.598+0000] {logging_mixin.py:150} INFO - [2024-02-28T18:34:43.597+0000] {dag.py:3508} INFO - Setting next_dagrun for example_subdag_operator.section-2 to None, run_after=None
[2024-02-28T18:34:43.619+0000] {processor.py:179} INFO - Processing /home/airflow/.local/lib/python3.7/site-packages/airflow/example_dags/example_subdag_operator.py took 0.242 seconds
[2024-02-28T18:35:14.239+0000] {processor.py:157} INFO - Started process (PID=308) to work on /home/airflow/.local/lib/python3.7/site-packages/airflow/example_dags/example_subdag_operator.py
[2024-02-28T18:35:14.242+0000] {processor.py:826} INFO - Processing file /home/airflow/.local/lib/python3.7/site-packages/airflow/example_dags/example_subdag_operator.py for tasks to queue
[2024-02-28T18:35:14.244+0000] {logging_mixin.py:150} INFO - [2024-02-28T18:35:14.243+0000] {dagbag.py:541} INFO - Filling up the DagBag from /home/airflow/.local/lib/python3.7/site-packages/airflow/example_dags/example_subdag_operator.py
[2024-02-28T18:35:14.273+0000] {processor.py:836} INFO - DAG(s) dict_keys(['example_subdag_operator.section-1', 'example_subdag_operator.section-2', 'example_subdag_operator']) retrieved from /home/airflow/.local/lib/python3.7/site-packages/airflow/example_dags/example_subdag_operator.py
[2024-02-28T18:35:14.292+0000] {logging_mixin.py:150} INFO - [2024-02-28T18:35:14.292+0000] {dag.py:2742} INFO - Sync 3 DAGs
[2024-02-28T18:35:14.315+0000] {logging_mixin.py:150} INFO - [2024-02-28T18:35:14.315+0000] {dag.py:3508} INFO - Setting next_dagrun for example_subdag_operator to 2022-01-01T00:00:00+00:00, run_after=2022-01-01T00:00:00+00:00
[2024-02-28T18:35:14.322+0000] {logging_mixin.py:150} INFO - [2024-02-28T18:35:14.322+0000] {dag.py:3508} INFO - Setting next_dagrun for example_subdag_operator.section-1 to None, run_after=None
[2024-02-28T18:35:14.326+0000] {logging_mixin.py:150} INFO - [2024-02-28T18:35:14.326+0000] {dag.py:3508} INFO - Setting next_dagrun for example_subdag_operator.section-2 to None, run_after=None
[2024-02-28T18:35:14.339+0000] {logging_mixin.py:150} INFO - [2024-02-28T18:35:14.338+0000] {dag.py:2742} INFO - Sync 2 DAGs
[2024-02-28T18:35:14.345+0000] {logging_mixin.py:150} INFO - [2024-02-28T18:35:14.345+0000] {dag.py:3508} INFO - Setting next_dagrun for example_subdag_operator.section-1 to None, run_after=None
[2024-02-28T18:35:14.346+0000] {logging_mixin.py:150} INFO - [2024-02-28T18:35:14.346+0000] {dag.py:3508} INFO - Setting next_dagrun for example_subdag_operator.section-2 to None, run_after=None
[2024-02-28T18:35:14.357+0000] {processor.py:179} INFO - Processing /home/airflow/.local/lib/python3.7/site-packages/airflow/example_dags/example_subdag_operator.py took 0.121 seconds
[2024-02-28T18:35:45.124+0000] {processor.py:157} INFO - Started process (PID=372) to work on /home/airflow/.local/lib/python3.7/site-packages/airflow/example_dags/example_subdag_operator.py
[2024-02-28T18:35:45.126+0000] {processor.py:826} INFO - Processing file /home/airflow/.local/lib/python3.7/site-packages/airflow/example_dags/example_subdag_operator.py for tasks to queue
[2024-02-28T18:35:45.128+0000] {logging_mixin.py:150} INFO - [2024-02-28T18:35:45.127+0000] {dagbag.py:541} INFO - Filling up the DagBag from /home/airflow/.local/lib/python3.7/site-packages/airflow/example_dags/example_subdag_operator.py
[2024-02-28T18:35:45.154+0000] {processor.py:836} INFO - DAG(s) dict_keys(['example_subdag_operator.section-1', 'example_subdag_operator.section-2', 'example_subdag_operator']) retrieved from /home/airflow/.local/lib/python3.7/site-packages/airflow/example_dags/example_subdag_operator.py
[2024-02-28T18:35:45.169+0000] {logging_mixin.py:150} INFO - [2024-02-28T18:35:45.169+0000] {dag.py:2742} INFO - Sync 3 DAGs
[2024-02-28T18:35:45.192+0000] {logging_mixin.py:150} INFO - [2024-02-28T18:35:45.192+0000] {dag.py:3508} INFO - Setting next_dagrun for example_subdag_operator to 2022-01-01T00:00:00+00:00, run_after=2022-01-01T00:00:00+00:00
[2024-02-28T18:35:45.195+0000] {logging_mixin.py:150} INFO - [2024-02-28T18:35:45.195+0000] {dag.py:3508} INFO - Setting next_dagrun for example_subdag_operator.section-1 to None, run_after=None
[2024-02-28T18:35:45.198+0000] {logging_mixin.py:150} INFO - [2024-02-28T18:35:45.198+0000] {dag.py:3508} INFO - Setting next_dagrun for example_subdag_operator.section-2 to None, run_after=None
[2024-02-28T18:35:45.206+0000] {logging_mixin.py:150} INFO - [2024-02-28T18:35:45.205+0000] {dag.py:2742} INFO - Sync 2 DAGs
[2024-02-28T18:35:45.216+0000] {logging_mixin.py:150} INFO - [2024-02-28T18:35:45.216+0000] {dag.py:3508} INFO - Setting next_dagrun for example_subdag_operator.section-1 to None, run_after=None
[2024-02-28T18:35:45.217+0000] {logging_mixin.py:150} INFO - [2024-02-28T18:35:45.217+0000] {dag.py:3508} INFO - Setting next_dagrun for example_subdag_operator.section-2 to None, run_after=None
[2024-02-28T18:35:45.228+0000] {processor.py:179} INFO - Processing /home/airflow/.local/lib/python3.7/site-packages/airflow/example_dags/example_subdag_operator.py took 0.108 seconds
[2024-02-28T18:36:16.209+0000] {processor.py:157} INFO - Started process (PID=435) to work on /home/airflow/.local/lib/python3.7/site-packages/airflow/example_dags/example_subdag_operator.py
[2024-02-28T18:36:16.211+0000] {processor.py:826} INFO - Processing file /home/airflow/.local/lib/python3.7/site-packages/airflow/example_dags/example_subdag_operator.py for tasks to queue
[2024-02-28T18:36:16.214+0000] {logging_mixin.py:150} INFO - [2024-02-28T18:36:16.214+0000] {dagbag.py:541} INFO - Filling up the DagBag from /home/airflow/.local/lib/python3.7/site-packages/airflow/example_dags/example_subdag_operator.py
[2024-02-28T18:36:16.242+0000] {processor.py:836} INFO - DAG(s) dict_keys(['example_subdag_operator.section-1', 'example_subdag_operator.section-2', 'example_subdag_operator']) retrieved from /home/airflow/.local/lib/python3.7/site-packages/airflow/example_dags/example_subdag_operator.py
[2024-02-28T18:36:16.258+0000] {logging_mixin.py:150} INFO - [2024-02-28T18:36:16.258+0000] {dag.py:2742} INFO - Sync 3 DAGs
[2024-02-28T18:36:16.278+0000] {logging_mixin.py:150} INFO - [2024-02-28T18:36:16.278+0000] {dag.py:3508} INFO - Setting next_dagrun for example_subdag_operator to 2022-01-01T00:00:00+00:00, run_after=2022-01-01T00:00:00+00:00
[2024-02-28T18:36:16.283+0000] {logging_mixin.py:150} INFO - [2024-02-28T18:36:16.283+0000] {dag.py:3508} INFO - Setting next_dagrun for example_subdag_operator.section-1 to None, run_after=None
[2024-02-28T18:36:16.285+0000] {logging_mixin.py:150} INFO - [2024-02-28T18:36:16.285+0000] {dag.py:3508} INFO - Setting next_dagrun for example_subdag_operator.section-2 to None, run_after=None
[2024-02-28T18:36:16.293+0000] {logging_mixin.py:150} INFO - [2024-02-28T18:36:16.293+0000] {dag.py:2742} INFO - Sync 2 DAGs
[2024-02-28T18:36:16.303+0000] {logging_mixin.py:150} INFO - [2024-02-28T18:36:16.302+0000] {dag.py:3508} INFO - Setting next_dagrun for example_subdag_operator.section-1 to None, run_after=None
[2024-02-28T18:36:16.304+0000] {logging_mixin.py:150} INFO - [2024-02-28T18:36:16.304+0000] {dag.py:3508} INFO - Setting next_dagrun for example_subdag_operator.section-2 to None, run_after=None
[2024-02-28T18:36:16.316+0000] {processor.py:179} INFO - Processing /home/airflow/.local/lib/python3.7/site-packages/airflow/example_dags/example_subdag_operator.py took 0.111 seconds
[2024-02-28T18:36:48.237+0000] {processor.py:157} INFO - Started process (PID=498) to work on /home/airflow/.local/lib/python3.7/site-packages/airflow/example_dags/example_subdag_operator.py
[2024-02-28T18:36:48.239+0000] {processor.py:826} INFO - Processing file /home/airflow/.local/lib/python3.7/site-packages/airflow/example_dags/example_subdag_operator.py for tasks to queue
[2024-02-28T18:36:48.241+0000] {logging_mixin.py:150} INFO - [2024-02-28T18:36:48.240+0000] {dagbag.py:541} INFO - Filling up the DagBag from /home/airflow/.local/lib/python3.7/site-packages/airflow/example_dags/example_subdag_operator.py
[2024-02-28T18:36:48.269+0000] {processor.py:836} INFO - DAG(s) dict_keys(['example_subdag_operator.section-1', 'example_subdag_operator.section-2', 'example_subdag_operator']) retrieved from /home/airflow/.local/lib/python3.7/site-packages/airflow/example_dags/example_subdag_operator.py
[2024-02-28T18:36:48.290+0000] {logging_mixin.py:150} INFO - [2024-02-28T18:36:48.290+0000] {dag.py:2742} INFO - Sync 3 DAGs
[2024-02-28T18:36:48.312+0000] {logging_mixin.py:150} INFO - [2024-02-28T18:36:48.311+0000] {dag.py:3508} INFO - Setting next_dagrun for example_subdag_operator to 2022-01-01T00:00:00+00:00, run_after=2022-01-01T00:00:00+00:00
[2024-02-28T18:36:48.320+0000] {logging_mixin.py:150} INFO - [2024-02-28T18:36:48.320+0000] {dag.py:3508} INFO - Setting next_dagrun for example_subdag_operator.section-1 to None, run_after=None
[2024-02-28T18:36:48.323+0000] {logging_mixin.py:150} INFO - [2024-02-28T18:36:48.323+0000] {dag.py:3508} INFO - Setting next_dagrun for example_subdag_operator.section-2 to None, run_after=None
[2024-02-28T18:36:48.332+0000] {logging_mixin.py:150} INFO - [2024-02-28T18:36:48.332+0000] {dag.py:2742} INFO - Sync 2 DAGs
[2024-02-28T18:36:48.339+0000] {logging_mixin.py:150} INFO - [2024-02-28T18:36:48.339+0000] {dag.py:3508} INFO - Setting next_dagrun for example_subdag_operator.section-1 to None, run_after=None
[2024-02-28T18:36:48.340+0000] {logging_mixin.py:150} INFO - [2024-02-28T18:36:48.340+0000] {dag.py:3508} INFO - Setting next_dagrun for example_subdag_operator.section-2 to None, run_after=None
[2024-02-28T18:36:48.358+0000] {processor.py:179} INFO - Processing /home/airflow/.local/lib/python3.7/site-packages/airflow/example_dags/example_subdag_operator.py took 0.124 seconds
[2024-02-28T18:37:18.833+0000] {processor.py:157} INFO - Started process (PID=561) to work on /home/airflow/.local/lib/python3.7/site-packages/airflow/example_dags/example_subdag_operator.py
[2024-02-28T18:37:18.837+0000] {processor.py:826} INFO - Processing file /home/airflow/.local/lib/python3.7/site-packages/airflow/example_dags/example_subdag_operator.py for tasks to queue
[2024-02-28T18:37:18.839+0000] {logging_mixin.py:150} INFO - [2024-02-28T18:37:18.839+0000] {dagbag.py:541} INFO - Filling up the DagBag from /home/airflow/.local/lib/python3.7/site-packages/airflow/example_dags/example_subdag_operator.py
[2024-02-28T18:37:18.870+0000] {processor.py:836} INFO - DAG(s) dict_keys(['example_subdag_operator.section-1', 'example_subdag_operator.section-2', 'example_subdag_operator']) retrieved from /home/airflow/.local/lib/python3.7/site-packages/airflow/example_dags/example_subdag_operator.py
[2024-02-28T18:37:18.891+0000] {logging_mixin.py:150} INFO - [2024-02-28T18:37:18.891+0000] {dag.py:2742} INFO - Sync 3 DAGs
[2024-02-28T18:37:18.927+0000] {logging_mixin.py:150} INFO - [2024-02-28T18:37:18.926+0000] {dag.py:3508} INFO - Setting next_dagrun for example_subdag_operator to 2022-01-01T00:00:00+00:00, run_after=2022-01-01T00:00:00+00:00
[2024-02-28T18:37:18.936+0000] {logging_mixin.py:150} INFO - [2024-02-28T18:37:18.935+0000] {dag.py:3508} INFO - Setting next_dagrun for example_subdag_operator.section-1 to None, run_after=None
[2024-02-28T18:37:18.940+0000] {logging_mixin.py:150} INFO - [2024-02-28T18:37:18.940+0000] {dag.py:3508} INFO - Setting next_dagrun for example_subdag_operator.section-2 to None, run_after=None
[2024-02-28T18:37:18.951+0000] {logging_mixin.py:150} INFO - [2024-02-28T18:37:18.951+0000] {dag.py:2742} INFO - Sync 2 DAGs
[2024-02-28T18:37:18.963+0000] {logging_mixin.py:150} INFO - [2024-02-28T18:37:18.963+0000] {dag.py:3508} INFO - Setting next_dagrun for example_subdag_operator.section-1 to None, run_after=None
[2024-02-28T18:37:18.966+0000] {logging_mixin.py:150} INFO - [2024-02-28T18:37:18.965+0000] {dag.py:3508} INFO - Setting next_dagrun for example_subdag_operator.section-2 to None, run_after=None
[2024-02-28T18:37:18.993+0000] {processor.py:179} INFO - Processing /home/airflow/.local/lib/python3.7/site-packages/airflow/example_dags/example_subdag_operator.py took 0.164 seconds
[2024-02-28T18:37:49.119+0000] {processor.py:157} INFO - Started process (PID=624) to work on /home/airflow/.local/lib/python3.7/site-packages/airflow/example_dags/example_subdag_operator.py
[2024-02-28T18:37:49.121+0000] {processor.py:826} INFO - Processing file /home/airflow/.local/lib/python3.7/site-packages/airflow/example_dags/example_subdag_operator.py for tasks to queue
[2024-02-28T18:37:49.122+0000] {logging_mixin.py:150} INFO - [2024-02-28T18:37:49.122+0000] {dagbag.py:541} INFO - Filling up the DagBag from /home/airflow/.local/lib/python3.7/site-packages/airflow/example_dags/example_subdag_operator.py
[2024-02-28T18:37:49.151+0000] {processor.py:836} INFO - DAG(s) dict_keys(['example_subdag_operator.section-1', 'example_subdag_operator.section-2', 'example_subdag_operator']) retrieved from /home/airflow/.local/lib/python3.7/site-packages/airflow/example_dags/example_subdag_operator.py
[2024-02-28T18:37:49.168+0000] {logging_mixin.py:150} INFO - [2024-02-28T18:37:49.168+0000] {dag.py:2742} INFO - Sync 3 DAGs
[2024-02-28T18:37:49.190+0000] {logging_mixin.py:150} INFO - [2024-02-28T18:37:49.190+0000] {dag.py:3508} INFO - Setting next_dagrun for example_subdag_operator to 2022-01-01T00:00:00+00:00, run_after=2022-01-01T00:00:00+00:00
[2024-02-28T18:37:49.193+0000] {logging_mixin.py:150} INFO - [2024-02-28T18:37:49.193+0000] {dag.py:3508} INFO - Setting next_dagrun for example_subdag_operator.section-1 to None, run_after=None
[2024-02-28T18:37:49.195+0000] {logging_mixin.py:150} INFO - [2024-02-28T18:37:49.195+0000] {dag.py:3508} INFO - Setting next_dagrun for example_subdag_operator.section-2 to None, run_after=None
[2024-02-28T18:37:49.201+0000] {logging_mixin.py:150} INFO - [2024-02-28T18:37:49.201+0000] {dag.py:2742} INFO - Sync 2 DAGs
[2024-02-28T18:37:49.205+0000] {logging_mixin.py:150} INFO - [2024-02-28T18:37:49.205+0000] {dag.py:3508} INFO - Setting next_dagrun for example_subdag_operator.section-1 to None, run_after=None
[2024-02-28T18:37:49.207+0000] {logging_mixin.py:150} INFO - [2024-02-28T18:37:49.207+0000] {dag.py:3508} INFO - Setting next_dagrun for example_subdag_operator.section-2 to None, run_after=None
[2024-02-28T18:37:49.214+0000] {processor.py:179} INFO - Processing /home/airflow/.local/lib/python3.7/site-packages/airflow/example_dags/example_subdag_operator.py took 0.099 seconds
[2024-02-28T18:38:19.599+0000] {processor.py:157} INFO - Started process (PID=686) to work on /home/airflow/.local/lib/python3.7/site-packages/airflow/example_dags/example_subdag_operator.py
[2024-02-28T18:38:19.601+0000] {processor.py:826} INFO - Processing file /home/airflow/.local/lib/python3.7/site-packages/airflow/example_dags/example_subdag_operator.py for tasks to queue
[2024-02-28T18:38:19.603+0000] {logging_mixin.py:150} INFO - [2024-02-28T18:38:19.603+0000] {dagbag.py:541} INFO - Filling up the DagBag from /home/airflow/.local/lib/python3.7/site-packages/airflow/example_dags/example_subdag_operator.py
[2024-02-28T18:38:19.636+0000] {processor.py:836} INFO - DAG(s) dict_keys(['example_subdag_operator.section-1', 'example_subdag_operator.section-2', 'example_subdag_operator']) retrieved from /home/airflow/.local/lib/python3.7/site-packages/airflow/example_dags/example_subdag_operator.py
[2024-02-28T18:38:19.656+0000] {logging_mixin.py:150} INFO - [2024-02-28T18:38:19.656+0000] {dag.py:2742} INFO - Sync 3 DAGs
[2024-02-28T18:38:19.681+0000] {logging_mixin.py:150} INFO - [2024-02-28T18:38:19.680+0000] {dag.py:3508} INFO - Setting next_dagrun for example_subdag_operator to 2022-01-01T00:00:00+00:00, run_after=2022-01-01T00:00:00+00:00
[2024-02-28T18:38:19.686+0000] {logging_mixin.py:150} INFO - [2024-02-28T18:38:19.685+0000] {dag.py:3508} INFO - Setting next_dagrun for example_subdag_operator.section-1 to None, run_after=None
[2024-02-28T18:38:19.687+0000] {logging_mixin.py:150} INFO - [2024-02-28T18:38:19.687+0000] {dag.py:3508} INFO - Setting next_dagrun for example_subdag_operator.section-2 to None, run_after=None
[2024-02-28T18:38:19.696+0000] {logging_mixin.py:150} INFO - [2024-02-28T18:38:19.696+0000] {dag.py:2742} INFO - Sync 2 DAGs
[2024-02-28T18:38:19.703+0000] {logging_mixin.py:150} INFO - [2024-02-28T18:38:19.703+0000] {dag.py:3508} INFO - Setting next_dagrun for example_subdag_operator.section-1 to None, run_after=None
[2024-02-28T18:38:19.708+0000] {logging_mixin.py:150} INFO - [2024-02-28T18:38:19.708+0000] {dag.py:3508} INFO - Setting next_dagrun for example_subdag_operator.section-2 to None, run_after=None
[2024-02-28T18:38:19.719+0000] {processor.py:179} INFO - Processing /home/airflow/.local/lib/python3.7/site-packages/airflow/example_dags/example_subdag_operator.py took 0.125 seconds
[2024-02-28T18:38:50.454+0000] {processor.py:157} INFO - Started process (PID=748) to work on /home/airflow/.local/lib/python3.7/site-packages/airflow/example_dags/example_subdag_operator.py
[2024-02-28T18:38:50.461+0000] {processor.py:826} INFO - Processing file /home/airflow/.local/lib/python3.7/site-packages/airflow/example_dags/example_subdag_operator.py for tasks to queue
[2024-02-28T18:38:50.464+0000] {logging_mixin.py:150} INFO - [2024-02-28T18:38:50.463+0000] {dagbag.py:541} INFO - Filling up the DagBag from /home/airflow/.local/lib/python3.7/site-packages/airflow/example_dags/example_subdag_operator.py
[2024-02-28T18:38:50.502+0000] {processor.py:836} INFO - DAG(s) dict_keys(['example_subdag_operator.section-1', 'example_subdag_operator.section-2', 'example_subdag_operator']) retrieved from /home/airflow/.local/lib/python3.7/site-packages/airflow/example_dags/example_subdag_operator.py
[2024-02-28T18:38:50.530+0000] {logging_mixin.py:150} INFO - [2024-02-28T18:38:50.530+0000] {dag.py:2742} INFO - Sync 3 DAGs
[2024-02-28T18:38:50.565+0000] {logging_mixin.py:150} INFO - [2024-02-28T18:38:50.564+0000] {dag.py:3508} INFO - Setting next_dagrun for example_subdag_operator to 2022-01-01T00:00:00+00:00, run_after=2022-01-01T00:00:00+00:00
[2024-02-28T18:38:50.574+0000] {logging_mixin.py:150} INFO - [2024-02-28T18:38:50.574+0000] {dag.py:3508} INFO - Setting next_dagrun for example_subdag_operator.section-1 to None, run_after=None
[2024-02-28T18:38:50.578+0000] {logging_mixin.py:150} INFO - [2024-02-28T18:38:50.578+0000] {dag.py:3508} INFO - Setting next_dagrun for example_subdag_operator.section-2 to None, run_after=None
[2024-02-28T18:38:50.586+0000] {logging_mixin.py:150} INFO - [2024-02-28T18:38:50.586+0000] {dag.py:2742} INFO - Sync 2 DAGs
[2024-02-28T18:38:50.595+0000] {logging_mixin.py:150} INFO - [2024-02-28T18:38:50.595+0000] {dag.py:3508} INFO - Setting next_dagrun for example_subdag_operator.section-1 to None, run_after=None
[2024-02-28T18:38:50.597+0000] {logging_mixin.py:150} INFO - [2024-02-28T18:38:50.597+0000] {dag.py:3508} INFO - Setting next_dagrun for example_subdag_operator.section-2 to None, run_after=None
[2024-02-28T18:38:50.615+0000] {processor.py:179} INFO - Processing /home/airflow/.local/lib/python3.7/site-packages/airflow/example_dags/example_subdag_operator.py took 0.165 seconds
[2024-02-28T18:39:21.341+0000] {processor.py:157} INFO - Started process (PID=811) to work on /home/airflow/.local/lib/python3.7/site-packages/airflow/example_dags/example_subdag_operator.py
[2024-02-28T18:39:21.346+0000] {processor.py:826} INFO - Processing file /home/airflow/.local/lib/python3.7/site-packages/airflow/example_dags/example_subdag_operator.py for tasks to queue
[2024-02-28T18:39:21.348+0000] {logging_mixin.py:150} INFO - [2024-02-28T18:39:21.348+0000] {dagbag.py:541} INFO - Filling up the DagBag from /home/airflow/.local/lib/python3.7/site-packages/airflow/example_dags/example_subdag_operator.py
[2024-02-28T18:39:21.388+0000] {processor.py:836} INFO - DAG(s) dict_keys(['example_subdag_operator.section-1', 'example_subdag_operator.section-2', 'example_subdag_operator']) retrieved from /home/airflow/.local/lib/python3.7/site-packages/airflow/example_dags/example_subdag_operator.py
[2024-02-28T18:39:21.409+0000] {logging_mixin.py:150} INFO - [2024-02-28T18:39:21.409+0000] {dag.py:2742} INFO - Sync 3 DAGs
[2024-02-28T18:39:21.449+0000] {logging_mixin.py:150} INFO - [2024-02-28T18:39:21.449+0000] {dag.py:3508} INFO - Setting next_dagrun for example_subdag_operator to 2022-01-01T00:00:00+00:00, run_after=2022-01-01T00:00:00+00:00
[2024-02-28T18:39:21.455+0000] {logging_mixin.py:150} INFO - [2024-02-28T18:39:21.455+0000] {dag.py:3508} INFO - Setting next_dagrun for example_subdag_operator.section-1 to None, run_after=None
[2024-02-28T18:39:21.458+0000] {logging_mixin.py:150} INFO - [2024-02-28T18:39:21.458+0000] {dag.py:3508} INFO - Setting next_dagrun for example_subdag_operator.section-2 to None, run_after=None
[2024-02-28T18:39:21.477+0000] {logging_mixin.py:150} INFO - [2024-02-28T18:39:21.476+0000] {dag.py:2742} INFO - Sync 2 DAGs
[2024-02-28T18:39:21.507+0000] {logging_mixin.py:150} INFO - [2024-02-28T18:39:21.507+0000] {dag.py:3508} INFO - Setting next_dagrun for example_subdag_operator.section-1 to None, run_after=None
[2024-02-28T18:39:21.510+0000] {logging_mixin.py:150} INFO - [2024-02-28T18:39:21.510+0000] {dag.py:3508} INFO - Setting next_dagrun for example_subdag_operator.section-2 to None, run_after=None
[2024-02-28T18:39:21.529+0000] {processor.py:179} INFO - Processing /home/airflow/.local/lib/python3.7/site-packages/airflow/example_dags/example_subdag_operator.py took 0.192 seconds
[2024-02-28T18:39:51.729+0000] {processor.py:157} INFO - Started process (PID=875) to work on /home/airflow/.local/lib/python3.7/site-packages/airflow/example_dags/example_subdag_operator.py
[2024-02-28T18:39:51.732+0000] {processor.py:826} INFO - Processing file /home/airflow/.local/lib/python3.7/site-packages/airflow/example_dags/example_subdag_operator.py for tasks to queue
[2024-02-28T18:39:51.735+0000] {logging_mixin.py:150} INFO - [2024-02-28T18:39:51.735+0000] {dagbag.py:541} INFO - Filling up the DagBag from /home/airflow/.local/lib/python3.7/site-packages/airflow/example_dags/example_subdag_operator.py
[2024-02-28T18:39:51.761+0000] {processor.py:836} INFO - DAG(s) dict_keys(['example_subdag_operator.section-1', 'example_subdag_operator.section-2', 'example_subdag_operator']) retrieved from /home/airflow/.local/lib/python3.7/site-packages/airflow/example_dags/example_subdag_operator.py
[2024-02-28T18:39:51.778+0000] {logging_mixin.py:150} INFO - [2024-02-28T18:39:51.778+0000] {dag.py:2742} INFO - Sync 3 DAGs
[2024-02-28T18:39:51.805+0000] {logging_mixin.py:150} INFO - [2024-02-28T18:39:51.805+0000] {dag.py:3508} INFO - Setting next_dagrun for example_subdag_operator to 2022-01-01T00:00:00+00:00, run_after=2022-01-01T00:00:00+00:00
[2024-02-28T18:39:51.809+0000] {logging_mixin.py:150} INFO - [2024-02-28T18:39:51.809+0000] {dag.py:3508} INFO - Setting next_dagrun for example_subdag_operator.section-1 to None, run_after=None
[2024-02-28T18:39:51.812+0000] {logging_mixin.py:150} INFO - [2024-02-28T18:39:51.812+0000] {dag.py:3508} INFO - Setting next_dagrun for example_subdag_operator.section-2 to None, run_after=None
[2024-02-28T18:39:51.819+0000] {logging_mixin.py:150} INFO - [2024-02-28T18:39:51.819+0000] {dag.py:2742} INFO - Sync 2 DAGs
[2024-02-28T18:39:51.824+0000] {logging_mixin.py:150} INFO - [2024-02-28T18:39:51.824+0000] {dag.py:3508} INFO - Setting next_dagrun for example_subdag_operator.section-1 to None, run_after=None
[2024-02-28T18:39:51.825+0000] {logging_mixin.py:150} INFO - [2024-02-28T18:39:51.825+0000] {dag.py:3508} INFO - Setting next_dagrun for example_subdag_operator.section-2 to None, run_after=None
[2024-02-28T18:39:51.836+0000] {processor.py:179} INFO - Processing /home/airflow/.local/lib/python3.7/site-packages/airflow/example_dags/example_subdag_operator.py took 0.110 seconds
[2024-02-28T18:40:22.497+0000] {processor.py:157} INFO - Started process (PID=938) to work on /home/airflow/.local/lib/python3.7/site-packages/airflow/example_dags/example_subdag_operator.py
[2024-02-28T18:40:22.500+0000] {processor.py:826} INFO - Processing file /home/airflow/.local/lib/python3.7/site-packages/airflow/example_dags/example_subdag_operator.py for tasks to queue
[2024-02-28T18:40:22.501+0000] {logging_mixin.py:150} INFO - [2024-02-28T18:40:22.501+0000] {dagbag.py:541} INFO - Filling up the DagBag from /home/airflow/.local/lib/python3.7/site-packages/airflow/example_dags/example_subdag_operator.py
[2024-02-28T18:40:22.527+0000] {processor.py:836} INFO - DAG(s) dict_keys(['example_subdag_operator.section-1', 'example_subdag_operator.section-2', 'example_subdag_operator']) retrieved from /home/airflow/.local/lib/python3.7/site-packages/airflow/example_dags/example_subdag_operator.py
[2024-02-28T18:40:22.542+0000] {logging_mixin.py:150} INFO - [2024-02-28T18:40:22.542+0000] {dag.py:2742} INFO - Sync 3 DAGs
[2024-02-28T18:40:22.565+0000] {logging_mixin.py:150} INFO - [2024-02-28T18:40:22.565+0000] {dag.py:3508} INFO - Setting next_dagrun for example_subdag_operator to 2022-01-01T00:00:00+00:00, run_after=2022-01-01T00:00:00+00:00
[2024-02-28T18:40:22.570+0000] {logging_mixin.py:150} INFO - [2024-02-28T18:40:22.570+0000] {dag.py:3508} INFO - Setting next_dagrun for example_subdag_operator.section-1 to None, run_after=None
[2024-02-28T18:40:22.574+0000] {logging_mixin.py:150} INFO - [2024-02-28T18:40:22.574+0000] {dag.py:3508} INFO - Setting next_dagrun for example_subdag_operator.section-2 to None, run_after=None
[2024-02-28T18:40:22.585+0000] {logging_mixin.py:150} INFO - [2024-02-28T18:40:22.585+0000] {dag.py:2742} INFO - Sync 2 DAGs
[2024-02-28T18:40:22.591+0000] {logging_mixin.py:150} INFO - [2024-02-28T18:40:22.590+0000] {dag.py:3508} INFO - Setting next_dagrun for example_subdag_operator.section-1 to None, run_after=None
[2024-02-28T18:40:22.592+0000] {logging_mixin.py:150} INFO - [2024-02-28T18:40:22.592+0000] {dag.py:3508} INFO - Setting next_dagrun for example_subdag_operator.section-2 to None, run_after=None
[2024-02-28T18:40:22.604+0000] {processor.py:179} INFO - Processing /home/airflow/.local/lib/python3.7/site-packages/airflow/example_dags/example_subdag_operator.py took 0.109 seconds
[2024-02-28T18:40:53.175+0000] {processor.py:157} INFO - Started process (PID=1001) to work on /home/airflow/.local/lib/python3.7/site-packages/airflow/example_dags/example_subdag_operator.py
[2024-02-28T18:40:53.177+0000] {processor.py:826} INFO - Processing file /home/airflow/.local/lib/python3.7/site-packages/airflow/example_dags/example_subdag_operator.py for tasks to queue
[2024-02-28T18:40:53.179+0000] {logging_mixin.py:150} INFO - [2024-02-28T18:40:53.178+0000] {dagbag.py:541} INFO - Filling up the DagBag from /home/airflow/.local/lib/python3.7/site-packages/airflow/example_dags/example_subdag_operator.py
[2024-02-28T18:40:53.205+0000] {processor.py:836} INFO - DAG(s) dict_keys(['example_subdag_operator.section-1', 'example_subdag_operator.section-2', 'example_subdag_operator']) retrieved from /home/airflow/.local/lib/python3.7/site-packages/airflow/example_dags/example_subdag_operator.py
[2024-02-28T18:40:53.222+0000] {logging_mixin.py:150} INFO - [2024-02-28T18:40:53.222+0000] {dag.py:2742} INFO - Sync 3 DAGs
[2024-02-28T18:40:53.243+0000] {logging_mixin.py:150} INFO - [2024-02-28T18:40:53.243+0000] {dag.py:3508} INFO - Setting next_dagrun for example_subdag_operator to 2022-01-01T00:00:00+00:00, run_after=2022-01-01T00:00:00+00:00
[2024-02-28T18:40:53.247+0000] {logging_mixin.py:150} INFO - [2024-02-28T18:40:53.247+0000] {dag.py:3508} INFO - Setting next_dagrun for example_subdag_operator.section-1 to None, run_after=None
[2024-02-28T18:40:53.250+0000] {logging_mixin.py:150} INFO - [2024-02-28T18:40:53.250+0000] {dag.py:3508} INFO - Setting next_dagrun for example_subdag_operator.section-2 to None, run_after=None
[2024-02-28T18:40:53.259+0000] {logging_mixin.py:150} INFO - [2024-02-28T18:40:53.259+0000] {dag.py:2742} INFO - Sync 2 DAGs
[2024-02-28T18:40:53.264+0000] {logging_mixin.py:150} INFO - [2024-02-28T18:40:53.264+0000] {dag.py:3508} INFO - Setting next_dagrun for example_subdag_operator.section-1 to None, run_after=None
[2024-02-28T18:40:53.265+0000] {logging_mixin.py:150} INFO - [2024-02-28T18:40:53.265+0000] {dag.py:3508} INFO - Setting next_dagrun for example_subdag_operator.section-2 to None, run_after=None
[2024-02-28T18:40:53.278+0000] {processor.py:179} INFO - Processing /home/airflow/.local/lib/python3.7/site-packages/airflow/example_dags/example_subdag_operator.py took 0.107 seconds
[2024-02-28T18:41:23.628+0000] {processor.py:157} INFO - Started process (PID=1064) to work on /home/airflow/.local/lib/python3.7/site-packages/airflow/example_dags/example_subdag_operator.py
[2024-02-28T18:41:23.630+0000] {processor.py:826} INFO - Processing file /home/airflow/.local/lib/python3.7/site-packages/airflow/example_dags/example_subdag_operator.py for tasks to queue
[2024-02-28T18:41:23.632+0000] {logging_mixin.py:150} INFO - [2024-02-28T18:41:23.632+0000] {dagbag.py:541} INFO - Filling up the DagBag from /home/airflow/.local/lib/python3.7/site-packages/airflow/example_dags/example_subdag_operator.py
[2024-02-28T18:41:23.668+0000] {processor.py:836} INFO - DAG(s) dict_keys(['example_subdag_operator.section-1', 'example_subdag_operator.section-2', 'example_subdag_operator']) retrieved from /home/airflow/.local/lib/python3.7/site-packages/airflow/example_dags/example_subdag_operator.py
[2024-02-28T18:41:23.691+0000] {logging_mixin.py:150} INFO - [2024-02-28T18:41:23.691+0000] {dag.py:2742} INFO - Sync 3 DAGs
[2024-02-28T18:41:23.717+0000] {logging_mixin.py:150} INFO - [2024-02-28T18:41:23.717+0000] {dag.py:3508} INFO - Setting next_dagrun for example_subdag_operator to 2022-01-01T00:00:00+00:00, run_after=2022-01-01T00:00:00+00:00
[2024-02-28T18:41:23.724+0000] {logging_mixin.py:150} INFO - [2024-02-28T18:41:23.724+0000] {dag.py:3508} INFO - Setting next_dagrun for example_subdag_operator.section-1 to None, run_after=None
[2024-02-28T18:41:23.727+0000] {logging_mixin.py:150} INFO - [2024-02-28T18:41:23.727+0000] {dag.py:3508} INFO - Setting next_dagrun for example_subdag_operator.section-2 to None, run_after=None
[2024-02-28T18:41:23.735+0000] {logging_mixin.py:150} INFO - [2024-02-28T18:41:23.735+0000] {dag.py:2742} INFO - Sync 2 DAGs
[2024-02-28T18:41:23.742+0000] {logging_mixin.py:150} INFO - [2024-02-28T18:41:23.742+0000] {dag.py:3508} INFO - Setting next_dagrun for example_subdag_operator.section-1 to None, run_after=None
[2024-02-28T18:41:23.744+0000] {logging_mixin.py:150} INFO - [2024-02-28T18:41:23.744+0000] {dag.py:3508} INFO - Setting next_dagrun for example_subdag_operator.section-2 to None, run_after=None
[2024-02-28T18:41:23.760+0000] {processor.py:179} INFO - Processing /home/airflow/.local/lib/python3.7/site-packages/airflow/example_dags/example_subdag_operator.py took 0.136 seconds
[2024-02-28T18:41:54.077+0000] {processor.py:157} INFO - Started process (PID=1127) to work on /home/airflow/.local/lib/python3.7/site-packages/airflow/example_dags/example_subdag_operator.py
[2024-02-28T18:41:54.079+0000] {processor.py:826} INFO - Processing file /home/airflow/.local/lib/python3.7/site-packages/airflow/example_dags/example_subdag_operator.py for tasks to queue
[2024-02-28T18:41:54.081+0000] {logging_mixin.py:150} INFO - [2024-02-28T18:41:54.081+0000] {dagbag.py:541} INFO - Filling up the DagBag from /home/airflow/.local/lib/python3.7/site-packages/airflow/example_dags/example_subdag_operator.py
[2024-02-28T18:41:54.109+0000] {processor.py:836} INFO - DAG(s) dict_keys(['example_subdag_operator.section-1', 'example_subdag_operator.section-2', 'example_subdag_operator']) retrieved from /home/airflow/.local/lib/python3.7/site-packages/airflow/example_dags/example_subdag_operator.py
[2024-02-28T18:41:54.125+0000] {logging_mixin.py:150} INFO - [2024-02-28T18:41:54.125+0000] {dag.py:2742} INFO - Sync 3 DAGs
[2024-02-28T18:41:54.149+0000] {logging_mixin.py:150} INFO - [2024-02-28T18:41:54.149+0000] {dag.py:3508} INFO - Setting next_dagrun for example_subdag_operator to 2022-01-01T00:00:00+00:00, run_after=2022-01-01T00:00:00+00:00
[2024-02-28T18:41:54.154+0000] {logging_mixin.py:150} INFO - [2024-02-28T18:41:54.154+0000] {dag.py:3508} INFO - Setting next_dagrun for example_subdag_operator.section-1 to None, run_after=None
[2024-02-28T18:41:54.157+0000] {logging_mixin.py:150} INFO - [2024-02-28T18:41:54.157+0000] {dag.py:3508} INFO - Setting next_dagrun for example_subdag_operator.section-2 to None, run_after=None
[2024-02-28T18:41:54.166+0000] {logging_mixin.py:150} INFO - [2024-02-28T18:41:54.166+0000] {dag.py:2742} INFO - Sync 2 DAGs
[2024-02-28T18:41:54.177+0000] {logging_mixin.py:150} INFO - [2024-02-28T18:41:54.177+0000] {dag.py:3508} INFO - Setting next_dagrun for example_subdag_operator.section-1 to None, run_after=None
[2024-02-28T18:41:54.179+0000] {logging_mixin.py:150} INFO - [2024-02-28T18:41:54.179+0000] {dag.py:3508} INFO - Setting next_dagrun for example_subdag_operator.section-2 to None, run_after=None
[2024-02-28T18:41:54.191+0000] {processor.py:179} INFO - Processing /home/airflow/.local/lib/python3.7/site-packages/airflow/example_dags/example_subdag_operator.py took 0.119 seconds
[2024-02-28T18:42:24.726+0000] {processor.py:157} INFO - Started process (PID=1190) to work on /home/airflow/.local/lib/python3.7/site-packages/airflow/example_dags/example_subdag_operator.py
[2024-02-28T18:42:24.728+0000] {processor.py:826} INFO - Processing file /home/airflow/.local/lib/python3.7/site-packages/airflow/example_dags/example_subdag_operator.py for tasks to queue
[2024-02-28T18:42:24.730+0000] {logging_mixin.py:150} INFO - [2024-02-28T18:42:24.729+0000] {dagbag.py:541} INFO - Filling up the DagBag from /home/airflow/.local/lib/python3.7/site-packages/airflow/example_dags/example_subdag_operator.py
[2024-02-28T18:42:24.762+0000] {processor.py:836} INFO - DAG(s) dict_keys(['example_subdag_operator.section-1', 'example_subdag_operator.section-2', 'example_subdag_operator']) retrieved from /home/airflow/.local/lib/python3.7/site-packages/airflow/example_dags/example_subdag_operator.py
[2024-02-28T18:42:24.778+0000] {logging_mixin.py:150} INFO - [2024-02-28T18:42:24.778+0000] {dag.py:2742} INFO - Sync 3 DAGs
[2024-02-28T18:42:24.802+0000] {logging_mixin.py:150} INFO - [2024-02-28T18:42:24.801+0000] {dag.py:3508} INFO - Setting next_dagrun for example_subdag_operator to 2022-01-01T00:00:00+00:00, run_after=2022-01-01T00:00:00+00:00
[2024-02-28T18:42:24.806+0000] {logging_mixin.py:150} INFO - [2024-02-28T18:42:24.805+0000] {dag.py:3508} INFO - Setting next_dagrun for example_subdag_operator.section-1 to None, run_after=None
[2024-02-28T18:42:24.809+0000] {logging_mixin.py:150} INFO - [2024-02-28T18:42:24.809+0000] {dag.py:3508} INFO - Setting next_dagrun for example_subdag_operator.section-2 to None, run_after=None
[2024-02-28T18:42:24.819+0000] {logging_mixin.py:150} INFO - [2024-02-28T18:42:24.819+0000] {dag.py:2742} INFO - Sync 2 DAGs
[2024-02-28T18:42:24.829+0000] {logging_mixin.py:150} INFO - [2024-02-28T18:42:24.829+0000] {dag.py:3508} INFO - Setting next_dagrun for example_subdag_operator.section-1 to None, run_after=None
[2024-02-28T18:42:24.832+0000] {logging_mixin.py:150} INFO - [2024-02-28T18:42:24.832+0000] {dag.py:3508} INFO - Setting next_dagrun for example_subdag_operator.section-2 to None, run_after=None
[2024-02-28T18:42:24.846+0000] {processor.py:179} INFO - Processing /home/airflow/.local/lib/python3.7/site-packages/airflow/example_dags/example_subdag_operator.py took 0.125 seconds
[2024-02-28T18:42:56.084+0000] {processor.py:157} INFO - Started process (PID=1253) to work on /home/airflow/.local/lib/python3.7/site-packages/airflow/example_dags/example_subdag_operator.py
[2024-02-28T18:42:56.086+0000] {processor.py:826} INFO - Processing file /home/airflow/.local/lib/python3.7/site-packages/airflow/example_dags/example_subdag_operator.py for tasks to queue
[2024-02-28T18:42:56.088+0000] {logging_mixin.py:150} INFO - [2024-02-28T18:42:56.088+0000] {dagbag.py:541} INFO - Filling up the DagBag from /home/airflow/.local/lib/python3.7/site-packages/airflow/example_dags/example_subdag_operator.py
[2024-02-28T18:42:56.122+0000] {processor.py:836} INFO - DAG(s) dict_keys(['example_subdag_operator.section-1', 'example_subdag_operator.section-2', 'example_subdag_operator']) retrieved from /home/airflow/.local/lib/python3.7/site-packages/airflow/example_dags/example_subdag_operator.py
[2024-02-28T18:42:56.142+0000] {logging_mixin.py:150} INFO - [2024-02-28T18:42:56.142+0000] {dag.py:2742} INFO - Sync 3 DAGs
[2024-02-28T18:42:56.171+0000] {logging_mixin.py:150} INFO - [2024-02-28T18:42:56.170+0000] {dag.py:3508} INFO - Setting next_dagrun for example_subdag_operator to 2022-01-01T00:00:00+00:00, run_after=2022-01-01T00:00:00+00:00
[2024-02-28T18:42:56.177+0000] {logging_mixin.py:150} INFO - [2024-02-28T18:42:56.177+0000] {dag.py:3508} INFO - Setting next_dagrun for example_subdag_operator.section-1 to None, run_after=None
[2024-02-28T18:42:56.180+0000] {logging_mixin.py:150} INFO - [2024-02-28T18:42:56.180+0000] {dag.py:3508} INFO - Setting next_dagrun for example_subdag_operator.section-2 to None, run_after=None
[2024-02-28T18:42:56.196+0000] {logging_mixin.py:150} INFO - [2024-02-28T18:42:56.196+0000] {dag.py:2742} INFO - Sync 2 DAGs
[2024-02-28T18:42:56.204+0000] {logging_mixin.py:150} INFO - [2024-02-28T18:42:56.203+0000] {dag.py:3508} INFO - Setting next_dagrun for example_subdag_operator.section-1 to None, run_after=None
[2024-02-28T18:42:56.206+0000] {logging_mixin.py:150} INFO - [2024-02-28T18:42:56.206+0000] {dag.py:3508} INFO - Setting next_dagrun for example_subdag_operator.section-2 to None, run_after=None
[2024-02-28T18:42:56.219+0000] {processor.py:179} INFO - Processing /home/airflow/.local/lib/python3.7/site-packages/airflow/example_dags/example_subdag_operator.py took 0.139 seconds
[2024-02-28T18:43:26.263+0000] {processor.py:157} INFO - Started process (PID=1316) to work on /home/airflow/.local/lib/python3.7/site-packages/airflow/example_dags/example_subdag_operator.py
[2024-02-28T18:43:26.267+0000] {processor.py:826} INFO - Processing file /home/airflow/.local/lib/python3.7/site-packages/airflow/example_dags/example_subdag_operator.py for tasks to queue
[2024-02-28T18:43:26.269+0000] {logging_mixin.py:150} INFO - [2024-02-28T18:43:26.268+0000] {dagbag.py:541} INFO - Filling up the DagBag from /home/airflow/.local/lib/python3.7/site-packages/airflow/example_dags/example_subdag_operator.py
[2024-02-28T18:43:26.297+0000] {processor.py:836} INFO - DAG(s) dict_keys(['example_subdag_operator.section-1', 'example_subdag_operator.section-2', 'example_subdag_operator']) retrieved from /home/airflow/.local/lib/python3.7/site-packages/airflow/example_dags/example_subdag_operator.py
[2024-02-28T18:43:26.318+0000] {logging_mixin.py:150} INFO - [2024-02-28T18:43:26.318+0000] {dag.py:2742} INFO - Sync 3 DAGs
[2024-02-28T18:43:26.343+0000] {logging_mixin.py:150} INFO - [2024-02-28T18:43:26.343+0000] {dag.py:3508} INFO - Setting next_dagrun for example_subdag_operator to 2022-01-01T00:00:00+00:00, run_after=2022-01-01T00:00:00+00:00
[2024-02-28T18:43:26.349+0000] {logging_mixin.py:150} INFO - [2024-02-28T18:43:26.348+0000] {dag.py:3508} INFO - Setting next_dagrun for example_subdag_operator.section-1 to None, run_after=None
[2024-02-28T18:43:26.353+0000] {logging_mixin.py:150} INFO - [2024-02-28T18:43:26.352+0000] {dag.py:3508} INFO - Setting next_dagrun for example_subdag_operator.section-2 to None, run_after=None
[2024-02-28T18:43:26.364+0000] {logging_mixin.py:150} INFO - [2024-02-28T18:43:26.364+0000] {dag.py:2742} INFO - Sync 2 DAGs
[2024-02-28T18:43:26.373+0000] {logging_mixin.py:150} INFO - [2024-02-28T18:43:26.373+0000] {dag.py:3508} INFO - Setting next_dagrun for example_subdag_operator.section-1 to None, run_after=None
[2024-02-28T18:43:26.375+0000] {logging_mixin.py:150} INFO - [2024-02-28T18:43:26.375+0000] {dag.py:3508} INFO - Setting next_dagrun for example_subdag_operator.section-2 to None, run_after=None
[2024-02-28T18:43:26.392+0000] {processor.py:179} INFO - Processing /home/airflow/.local/lib/python3.7/site-packages/airflow/example_dags/example_subdag_operator.py took 0.132 seconds
[2024-02-28T18:43:56.750+0000] {processor.py:157} INFO - Started process (PID=1379) to work on /home/airflow/.local/lib/python3.7/site-packages/airflow/example_dags/example_subdag_operator.py
[2024-02-28T18:43:56.752+0000] {processor.py:826} INFO - Processing file /home/airflow/.local/lib/python3.7/site-packages/airflow/example_dags/example_subdag_operator.py for tasks to queue
[2024-02-28T18:43:56.754+0000] {logging_mixin.py:150} INFO - [2024-02-28T18:43:56.753+0000] {dagbag.py:541} INFO - Filling up the DagBag from /home/airflow/.local/lib/python3.7/site-packages/airflow/example_dags/example_subdag_operator.py
[2024-02-28T18:43:56.783+0000] {processor.py:836} INFO - DAG(s) dict_keys(['example_subdag_operator.section-1', 'example_subdag_operator.section-2', 'example_subdag_operator']) retrieved from /home/airflow/.local/lib/python3.7/site-packages/airflow/example_dags/example_subdag_operator.py
[2024-02-28T18:43:56.800+0000] {logging_mixin.py:150} INFO - [2024-02-28T18:43:56.800+0000] {dag.py:2742} INFO - Sync 3 DAGs
[2024-02-28T18:43:56.827+0000] {logging_mixin.py:150} INFO - [2024-02-28T18:43:56.827+0000] {dag.py:3508} INFO - Setting next_dagrun for example_subdag_operator to 2022-01-01T00:00:00+00:00, run_after=2022-01-01T00:00:00+00:00
[2024-02-28T18:43:56.832+0000] {logging_mixin.py:150} INFO - [2024-02-28T18:43:56.832+0000] {dag.py:3508} INFO - Setting next_dagrun for example_subdag_operator.section-1 to None, run_after=None
[2024-02-28T18:43:56.835+0000] {logging_mixin.py:150} INFO - [2024-02-28T18:43:56.835+0000] {dag.py:3508} INFO - Setting next_dagrun for example_subdag_operator.section-2 to None, run_after=None
[2024-02-28T18:43:56.849+0000] {logging_mixin.py:150} INFO - [2024-02-28T18:43:56.848+0000] {dag.py:2742} INFO - Sync 2 DAGs
[2024-02-28T18:43:56.854+0000] {logging_mixin.py:150} INFO - [2024-02-28T18:43:56.854+0000] {dag.py:3508} INFO - Setting next_dagrun for example_subdag_operator.section-1 to None, run_after=None
[2024-02-28T18:43:56.856+0000] {logging_mixin.py:150} INFO - [2024-02-28T18:43:56.856+0000] {dag.py:3508} INFO - Setting next_dagrun for example_subdag_operator.section-2 to None, run_after=None
[2024-02-28T18:43:56.873+0000] {processor.py:179} INFO - Processing /home/airflow/.local/lib/python3.7/site-packages/airflow/example_dags/example_subdag_operator.py took 0.125 seconds
[2024-02-28T18:44:28.373+0000] {processor.py:157} INFO - Started process (PID=1442) to work on /home/airflow/.local/lib/python3.7/site-packages/airflow/example_dags/example_subdag_operator.py
[2024-02-28T18:44:28.377+0000] {processor.py:826} INFO - Processing file /home/airflow/.local/lib/python3.7/site-packages/airflow/example_dags/example_subdag_operator.py for tasks to queue
[2024-02-28T18:44:28.380+0000] {logging_mixin.py:150} INFO - [2024-02-28T18:44:28.379+0000] {dagbag.py:541} INFO - Filling up the DagBag from /home/airflow/.local/lib/python3.7/site-packages/airflow/example_dags/example_subdag_operator.py
[2024-02-28T18:44:28.418+0000] {processor.py:836} INFO - DAG(s) dict_keys(['example_subdag_operator.section-1', 'example_subdag_operator.section-2', 'example_subdag_operator']) retrieved from /home/airflow/.local/lib/python3.7/site-packages/airflow/example_dags/example_subdag_operator.py
[2024-02-28T18:44:28.441+0000] {logging_mixin.py:150} INFO - [2024-02-28T18:44:28.440+0000] {dag.py:2742} INFO - Sync 3 DAGs
[2024-02-28T18:44:28.468+0000] {logging_mixin.py:150} INFO - [2024-02-28T18:44:28.468+0000] {dag.py:3508} INFO - Setting next_dagrun for example_subdag_operator to 2022-01-01T00:00:00+00:00, run_after=2022-01-01T00:00:00+00:00
[2024-02-28T18:44:28.472+0000] {logging_mixin.py:150} INFO - [2024-02-28T18:44:28.472+0000] {dag.py:3508} INFO - Setting next_dagrun for example_subdag_operator.section-1 to None, run_after=None
[2024-02-28T18:44:28.475+0000] {logging_mixin.py:150} INFO - [2024-02-28T18:44:28.475+0000] {dag.py:3508} INFO - Setting next_dagrun for example_subdag_operator.section-2 to None, run_after=None
[2024-02-28T18:44:28.483+0000] {logging_mixin.py:150} INFO - [2024-02-28T18:44:28.483+0000] {dag.py:2742} INFO - Sync 2 DAGs
[2024-02-28T18:44:28.491+0000] {logging_mixin.py:150} INFO - [2024-02-28T18:44:28.491+0000] {dag.py:3508} INFO - Setting next_dagrun for example_subdag_operator.section-1 to None, run_after=None
[2024-02-28T18:44:28.494+0000] {logging_mixin.py:150} INFO - [2024-02-28T18:44:28.494+0000] {dag.py:3508} INFO - Setting next_dagrun for example_subdag_operator.section-2 to None, run_after=None
[2024-02-28T18:44:28.509+0000] {processor.py:179} INFO - Processing /home/airflow/.local/lib/python3.7/site-packages/airflow/example_dags/example_subdag_operator.py took 0.139 seconds
[2024-02-28T18:44:58.762+0000] {processor.py:157} INFO - Started process (PID=1505) to work on /home/airflow/.local/lib/python3.7/site-packages/airflow/example_dags/example_subdag_operator.py
[2024-02-28T18:44:58.765+0000] {processor.py:826} INFO - Processing file /home/airflow/.local/lib/python3.7/site-packages/airflow/example_dags/example_subdag_operator.py for tasks to queue
[2024-02-28T18:44:58.767+0000] {logging_mixin.py:150} INFO - [2024-02-28T18:44:58.767+0000] {dagbag.py:541} INFO - Filling up the DagBag from /home/airflow/.local/lib/python3.7/site-packages/airflow/example_dags/example_subdag_operator.py
[2024-02-28T18:44:58.791+0000] {processor.py:836} INFO - DAG(s) dict_keys(['example_subdag_operator.section-1', 'example_subdag_operator.section-2', 'example_subdag_operator']) retrieved from /home/airflow/.local/lib/python3.7/site-packages/airflow/example_dags/example_subdag_operator.py
[2024-02-28T18:44:58.805+0000] {logging_mixin.py:150} INFO - [2024-02-28T18:44:58.805+0000] {dag.py:2742} INFO - Sync 3 DAGs
[2024-02-28T18:44:58.826+0000] {logging_mixin.py:150} INFO - [2024-02-28T18:44:58.826+0000] {dag.py:3508} INFO - Setting next_dagrun for example_subdag_operator to 2022-01-01T00:00:00+00:00, run_after=2022-01-01T00:00:00+00:00
[2024-02-28T18:44:58.831+0000] {logging_mixin.py:150} INFO - [2024-02-28T18:44:58.831+0000] {dag.py:3508} INFO - Setting next_dagrun for example_subdag_operator.section-1 to None, run_after=None
[2024-02-28T18:44:58.834+0000] {logging_mixin.py:150} INFO - [2024-02-28T18:44:58.834+0000] {dag.py:3508} INFO - Setting next_dagrun for example_subdag_operator.section-2 to None, run_after=None
[2024-02-28T18:44:58.842+0000] {logging_mixin.py:150} INFO - [2024-02-28T18:44:58.842+0000] {dag.py:2742} INFO - Sync 2 DAGs
[2024-02-28T18:44:58.854+0000] {logging_mixin.py:150} INFO - [2024-02-28T18:44:58.854+0000] {dag.py:3508} INFO - Setting next_dagrun for example_subdag_operator.section-1 to None, run_after=None
[2024-02-28T18:44:58.856+0000] {logging_mixin.py:150} INFO - [2024-02-28T18:44:58.855+0000] {dag.py:3508} INFO - Setting next_dagrun for example_subdag_operator.section-2 to None, run_after=None
[2024-02-28T18:44:58.867+0000] {processor.py:179} INFO - Processing /home/airflow/.local/lib/python3.7/site-packages/airflow/example_dags/example_subdag_operator.py took 0.108 seconds
[2024-02-28T18:45:29.287+0000] {processor.py:157} INFO - Started process (PID=1569) to work on /home/airflow/.local/lib/python3.7/site-packages/airflow/example_dags/example_subdag_operator.py
[2024-02-28T18:45:29.289+0000] {processor.py:826} INFO - Processing file /home/airflow/.local/lib/python3.7/site-packages/airflow/example_dags/example_subdag_operator.py for tasks to queue
[2024-02-28T18:45:29.291+0000] {logging_mixin.py:150} INFO - [2024-02-28T18:45:29.290+0000] {dagbag.py:541} INFO - Filling up the DagBag from /home/airflow/.local/lib/python3.7/site-packages/airflow/example_dags/example_subdag_operator.py
[2024-02-28T18:45:29.319+0000] {processor.py:836} INFO - DAG(s) dict_keys(['example_subdag_operator.section-1', 'example_subdag_operator.section-2', 'example_subdag_operator']) retrieved from /home/airflow/.local/lib/python3.7/site-packages/airflow/example_dags/example_subdag_operator.py
[2024-02-28T18:45:29.335+0000] {logging_mixin.py:150} INFO - [2024-02-28T18:45:29.335+0000] {dag.py:2742} INFO - Sync 3 DAGs
[2024-02-28T18:45:29.357+0000] {logging_mixin.py:150} INFO - [2024-02-28T18:45:29.357+0000] {dag.py:3508} INFO - Setting next_dagrun for example_subdag_operator to 2022-01-01T00:00:00+00:00, run_after=2022-01-01T00:00:00+00:00
[2024-02-28T18:45:29.366+0000] {logging_mixin.py:150} INFO - [2024-02-28T18:45:29.366+0000] {dag.py:3508} INFO - Setting next_dagrun for example_subdag_operator.section-1 to None, run_after=None
[2024-02-28T18:45:29.369+0000] {logging_mixin.py:150} INFO - [2024-02-28T18:45:29.369+0000] {dag.py:3508} INFO - Setting next_dagrun for example_subdag_operator.section-2 to None, run_after=None
[2024-02-28T18:45:29.378+0000] {logging_mixin.py:150} INFO - [2024-02-28T18:45:29.378+0000] {dag.py:2742} INFO - Sync 2 DAGs
[2024-02-28T18:45:29.384+0000] {logging_mixin.py:150} INFO - [2024-02-28T18:45:29.384+0000] {dag.py:3508} INFO - Setting next_dagrun for example_subdag_operator.section-1 to None, run_after=None
[2024-02-28T18:45:29.385+0000] {logging_mixin.py:150} INFO - [2024-02-28T18:45:29.385+0000] {dag.py:3508} INFO - Setting next_dagrun for example_subdag_operator.section-2 to None, run_after=None
[2024-02-28T18:45:29.395+0000] {processor.py:179} INFO - Processing /home/airflow/.local/lib/python3.7/site-packages/airflow/example_dags/example_subdag_operator.py took 0.111 seconds
[2024-02-28T18:46:00.219+0000] {processor.py:157} INFO - Started process (PID=1632) to work on /home/airflow/.local/lib/python3.7/site-packages/airflow/example_dags/example_subdag_operator.py
[2024-02-28T18:46:00.224+0000] {processor.py:826} INFO - Processing file /home/airflow/.local/lib/python3.7/site-packages/airflow/example_dags/example_subdag_operator.py for tasks to queue
[2024-02-28T18:46:00.226+0000] {logging_mixin.py:150} INFO - [2024-02-28T18:46:00.225+0000] {dagbag.py:541} INFO - Filling up the DagBag from /home/airflow/.local/lib/python3.7/site-packages/airflow/example_dags/example_subdag_operator.py
[2024-02-28T18:46:00.253+0000] {processor.py:836} INFO - DAG(s) dict_keys(['example_subdag_operator.section-1', 'example_subdag_operator.section-2', 'example_subdag_operator']) retrieved from /home/airflow/.local/lib/python3.7/site-packages/airflow/example_dags/example_subdag_operator.py
[2024-02-28T18:46:00.269+0000] {logging_mixin.py:150} INFO - [2024-02-28T18:46:00.269+0000] {dag.py:2742} INFO - Sync 3 DAGs
[2024-02-28T18:46:00.293+0000] {logging_mixin.py:150} INFO - [2024-02-28T18:46:00.293+0000] {dag.py:3508} INFO - Setting next_dagrun for example_subdag_operator to 2022-01-01T00:00:00+00:00, run_after=2022-01-01T00:00:00+00:00
[2024-02-28T18:46:00.297+0000] {logging_mixin.py:150} INFO - [2024-02-28T18:46:00.297+0000] {dag.py:3508} INFO - Setting next_dagrun for example_subdag_operator.section-1 to None, run_after=None
[2024-02-28T18:46:00.299+0000] {logging_mixin.py:150} INFO - [2024-02-28T18:46:00.299+0000] {dag.py:3508} INFO - Setting next_dagrun for example_subdag_operator.section-2 to None, run_after=None
[2024-02-28T18:46:00.308+0000] {logging_mixin.py:150} INFO - [2024-02-28T18:46:00.308+0000] {dag.py:2742} INFO - Sync 2 DAGs
[2024-02-28T18:46:00.314+0000] {logging_mixin.py:150} INFO - [2024-02-28T18:46:00.314+0000] {dag.py:3508} INFO - Setting next_dagrun for example_subdag_operator.section-1 to None, run_after=None
[2024-02-28T18:46:00.316+0000] {logging_mixin.py:150} INFO - [2024-02-28T18:46:00.315+0000] {dag.py:3508} INFO - Setting next_dagrun for example_subdag_operator.section-2 to None, run_after=None
[2024-02-28T18:46:00.326+0000] {processor.py:179} INFO - Processing /home/airflow/.local/lib/python3.7/site-packages/airflow/example_dags/example_subdag_operator.py took 0.110 seconds
[2024-02-28T18:46:30.612+0000] {processor.py:157} INFO - Started process (PID=1695) to work on /home/airflow/.local/lib/python3.7/site-packages/airflow/example_dags/example_subdag_operator.py
[2024-02-28T18:46:30.614+0000] {processor.py:826} INFO - Processing file /home/airflow/.local/lib/python3.7/site-packages/airflow/example_dags/example_subdag_operator.py for tasks to queue
[2024-02-28T18:46:30.616+0000] {logging_mixin.py:150} INFO - [2024-02-28T18:46:30.616+0000] {dagbag.py:541} INFO - Filling up the DagBag from /home/airflow/.local/lib/python3.7/site-packages/airflow/example_dags/example_subdag_operator.py
[2024-02-28T18:46:30.642+0000] {processor.py:836} INFO - DAG(s) dict_keys(['example_subdag_operator.section-1', 'example_subdag_operator.section-2', 'example_subdag_operator']) retrieved from /home/airflow/.local/lib/python3.7/site-packages/airflow/example_dags/example_subdag_operator.py
[2024-02-28T18:46:30.657+0000] {logging_mixin.py:150} INFO - [2024-02-28T18:46:30.657+0000] {dag.py:2742} INFO - Sync 3 DAGs
[2024-02-28T18:46:30.677+0000] {logging_mixin.py:150} INFO - [2024-02-28T18:46:30.676+0000] {dag.py:3508} INFO - Setting next_dagrun for example_subdag_operator to 2022-01-01T00:00:00+00:00, run_after=2022-01-01T00:00:00+00:00
[2024-02-28T18:46:30.682+0000] {logging_mixin.py:150} INFO - [2024-02-28T18:46:30.682+0000] {dag.py:3508} INFO - Setting next_dagrun for example_subdag_operator.section-1 to None, run_after=None
[2024-02-28T18:46:30.685+0000] {logging_mixin.py:150} INFO - [2024-02-28T18:46:30.685+0000] {dag.py:3508} INFO - Setting next_dagrun for example_subdag_operator.section-2 to None, run_after=None
[2024-02-28T18:46:30.693+0000] {logging_mixin.py:150} INFO - [2024-02-28T18:46:30.693+0000] {dag.py:2742} INFO - Sync 2 DAGs
[2024-02-28T18:46:30.700+0000] {logging_mixin.py:150} INFO - [2024-02-28T18:46:30.700+0000] {dag.py:3508} INFO - Setting next_dagrun for example_subdag_operator.section-1 to None, run_after=None
[2024-02-28T18:46:30.702+0000] {logging_mixin.py:150} INFO - [2024-02-28T18:46:30.702+0000] {dag.py:3508} INFO - Setting next_dagrun for example_subdag_operator.section-2 to None, run_after=None
[2024-02-28T18:46:30.714+0000] {processor.py:179} INFO - Processing /home/airflow/.local/lib/python3.7/site-packages/airflow/example_dags/example_subdag_operator.py took 0.105 seconds
[2024-02-28T18:47:00.977+0000] {processor.py:157} INFO - Started process (PID=1758) to work on /home/airflow/.local/lib/python3.7/site-packages/airflow/example_dags/example_subdag_operator.py
[2024-02-28T18:47:00.981+0000] {processor.py:826} INFO - Processing file /home/airflow/.local/lib/python3.7/site-packages/airflow/example_dags/example_subdag_operator.py for tasks to queue
[2024-02-28T18:47:00.983+0000] {logging_mixin.py:150} INFO - [2024-02-28T18:47:00.982+0000] {dagbag.py:541} INFO - Filling up the DagBag from /home/airflow/.local/lib/python3.7/site-packages/airflow/example_dags/example_subdag_operator.py
[2024-02-28T18:47:01.011+0000] {processor.py:836} INFO - DAG(s) dict_keys(['example_subdag_operator.section-1', 'example_subdag_operator.section-2', 'example_subdag_operator']) retrieved from /home/airflow/.local/lib/python3.7/site-packages/airflow/example_dags/example_subdag_operator.py
[2024-02-28T18:47:01.032+0000] {logging_mixin.py:150} INFO - [2024-02-28T18:47:01.032+0000] {dag.py:2742} INFO - Sync 3 DAGs
[2024-02-28T18:47:01.053+0000] {logging_mixin.py:150} INFO - [2024-02-28T18:47:01.053+0000] {dag.py:3508} INFO - Setting next_dagrun for example_subdag_operator to 2022-01-01T00:00:00+00:00, run_after=2022-01-01T00:00:00+00:00
[2024-02-28T18:47:01.057+0000] {logging_mixin.py:150} INFO - [2024-02-28T18:47:01.057+0000] {dag.py:3508} INFO - Setting next_dagrun for example_subdag_operator.section-1 to None, run_after=None
[2024-02-28T18:47:01.061+0000] {logging_mixin.py:150} INFO - [2024-02-28T18:47:01.061+0000] {dag.py:3508} INFO - Setting next_dagrun for example_subdag_operator.section-2 to None, run_after=None
[2024-02-28T18:47:01.068+0000] {logging_mixin.py:150} INFO - [2024-02-28T18:47:01.068+0000] {dag.py:2742} INFO - Sync 2 DAGs
[2024-02-28T18:47:01.073+0000] {logging_mixin.py:150} INFO - [2024-02-28T18:47:01.073+0000] {dag.py:3508} INFO - Setting next_dagrun for example_subdag_operator.section-1 to None, run_after=None
[2024-02-28T18:47:01.075+0000] {logging_mixin.py:150} INFO - [2024-02-28T18:47:01.074+0000] {dag.py:3508} INFO - Setting next_dagrun for example_subdag_operator.section-2 to None, run_after=None
[2024-02-28T18:47:01.086+0000] {processor.py:179} INFO - Processing /home/airflow/.local/lib/python3.7/site-packages/airflow/example_dags/example_subdag_operator.py took 0.113 seconds
[2024-02-28T18:47:31.581+0000] {processor.py:157} INFO - Started process (PID=1821) to work on /home/airflow/.local/lib/python3.7/site-packages/airflow/example_dags/example_subdag_operator.py
[2024-02-28T18:47:31.585+0000] {processor.py:826} INFO - Processing file /home/airflow/.local/lib/python3.7/site-packages/airflow/example_dags/example_subdag_operator.py for tasks to queue
[2024-02-28T18:47:31.587+0000] {logging_mixin.py:150} INFO - [2024-02-28T18:47:31.587+0000] {dagbag.py:541} INFO - Filling up the DagBag from /home/airflow/.local/lib/python3.7/site-packages/airflow/example_dags/example_subdag_operator.py
[2024-02-28T18:47:31.625+0000] {processor.py:836} INFO - DAG(s) dict_keys(['example_subdag_operator.section-1', 'example_subdag_operator.section-2', 'example_subdag_operator']) retrieved from /home/airflow/.local/lib/python3.7/site-packages/airflow/example_dags/example_subdag_operator.py
[2024-02-28T18:47:31.650+0000] {logging_mixin.py:150} INFO - [2024-02-28T18:47:31.650+0000] {dag.py:2742} INFO - Sync 3 DAGs
[2024-02-28T18:47:31.675+0000] {logging_mixin.py:150} INFO - [2024-02-28T18:47:31.675+0000] {dag.py:3508} INFO - Setting next_dagrun for example_subdag_operator to 2022-01-01T00:00:00+00:00, run_after=2022-01-01T00:00:00+00:00
[2024-02-28T18:47:31.681+0000] {logging_mixin.py:150} INFO - [2024-02-28T18:47:31.681+0000] {dag.py:3508} INFO - Setting next_dagrun for example_subdag_operator.section-1 to None, run_after=None
[2024-02-28T18:47:31.684+0000] {logging_mixin.py:150} INFO - [2024-02-28T18:47:31.684+0000] {dag.py:3508} INFO - Setting next_dagrun for example_subdag_operator.section-2 to None, run_after=None
[2024-02-28T18:47:31.694+0000] {logging_mixin.py:150} INFO - [2024-02-28T18:47:31.693+0000] {dag.py:2742} INFO - Sync 2 DAGs
[2024-02-28T18:47:31.700+0000] {logging_mixin.py:150} INFO - [2024-02-28T18:47:31.700+0000] {dag.py:3508} INFO - Setting next_dagrun for example_subdag_operator.section-1 to None, run_after=None
[2024-02-28T18:47:31.702+0000] {logging_mixin.py:150} INFO - [2024-02-28T18:47:31.702+0000] {dag.py:3508} INFO - Setting next_dagrun for example_subdag_operator.section-2 to None, run_after=None
[2024-02-28T18:47:31.722+0000] {processor.py:179} INFO - Processing /home/airflow/.local/lib/python3.7/site-packages/airflow/example_dags/example_subdag_operator.py took 0.147 seconds
[2024-02-28T18:48:01.933+0000] {processor.py:157} INFO - Started process (PID=1884) to work on /home/airflow/.local/lib/python3.7/site-packages/airflow/example_dags/example_subdag_operator.py
[2024-02-28T18:48:01.935+0000] {processor.py:826} INFO - Processing file /home/airflow/.local/lib/python3.7/site-packages/airflow/example_dags/example_subdag_operator.py for tasks to queue
[2024-02-28T18:48:01.937+0000] {logging_mixin.py:150} INFO - [2024-02-28T18:48:01.937+0000] {dagbag.py:541} INFO - Filling up the DagBag from /home/airflow/.local/lib/python3.7/site-packages/airflow/example_dags/example_subdag_operator.py
[2024-02-28T18:48:01.966+0000] {processor.py:836} INFO - DAG(s) dict_keys(['example_subdag_operator.section-1', 'example_subdag_operator.section-2', 'example_subdag_operator']) retrieved from /home/airflow/.local/lib/python3.7/site-packages/airflow/example_dags/example_subdag_operator.py
[2024-02-28T18:48:01.984+0000] {logging_mixin.py:150} INFO - [2024-02-28T18:48:01.984+0000] {dag.py:2742} INFO - Sync 3 DAGs
[2024-02-28T18:48:02.018+0000] {logging_mixin.py:150} INFO - [2024-02-28T18:48:02.017+0000] {dag.py:3508} INFO - Setting next_dagrun for example_subdag_operator to 2022-01-01T00:00:00+00:00, run_after=2022-01-01T00:00:00+00:00
[2024-02-28T18:48:02.025+0000] {logging_mixin.py:150} INFO - [2024-02-28T18:48:02.024+0000] {dag.py:3508} INFO - Setting next_dagrun for example_subdag_operator.section-1 to None, run_after=None
[2024-02-28T18:48:02.029+0000] {logging_mixin.py:150} INFO - [2024-02-28T18:48:02.029+0000] {dag.py:3508} INFO - Setting next_dagrun for example_subdag_operator.section-2 to None, run_after=None
[2024-02-28T18:48:02.042+0000] {logging_mixin.py:150} INFO - [2024-02-28T18:48:02.041+0000] {dag.py:2742} INFO - Sync 2 DAGs
[2024-02-28T18:48:02.048+0000] {logging_mixin.py:150} INFO - [2024-02-28T18:48:02.047+0000] {dag.py:3508} INFO - Setting next_dagrun for example_subdag_operator.section-1 to None, run_after=None
[2024-02-28T18:48:02.049+0000] {logging_mixin.py:150} INFO - [2024-02-28T18:48:02.049+0000] {dag.py:3508} INFO - Setting next_dagrun for example_subdag_operator.section-2 to None, run_after=None
[2024-02-28T18:48:02.060+0000] {processor.py:179} INFO - Processing /home/airflow/.local/lib/python3.7/site-packages/airflow/example_dags/example_subdag_operator.py took 0.131 seconds
[2024-02-28T18:48:32.755+0000] {processor.py:157} INFO - Started process (PID=1946) to work on /home/airflow/.local/lib/python3.7/site-packages/airflow/example_dags/example_subdag_operator.py
[2024-02-28T18:48:32.757+0000] {processor.py:826} INFO - Processing file /home/airflow/.local/lib/python3.7/site-packages/airflow/example_dags/example_subdag_operator.py for tasks to queue
[2024-02-28T18:48:32.759+0000] {logging_mixin.py:150} INFO - [2024-02-28T18:48:32.759+0000] {dagbag.py:541} INFO - Filling up the DagBag from /home/airflow/.local/lib/python3.7/site-packages/airflow/example_dags/example_subdag_operator.py
[2024-02-28T18:48:32.808+0000] {processor.py:836} INFO - DAG(s) dict_keys(['example_subdag_operator.section-1', 'example_subdag_operator.section-2', 'example_subdag_operator']) retrieved from /home/airflow/.local/lib/python3.7/site-packages/airflow/example_dags/example_subdag_operator.py
[2024-02-28T18:48:32.844+0000] {logging_mixin.py:150} INFO - [2024-02-28T18:48:32.844+0000] {dag.py:2742} INFO - Sync 3 DAGs
[2024-02-28T18:48:32.872+0000] {logging_mixin.py:150} INFO - [2024-02-28T18:48:32.872+0000] {dag.py:3508} INFO - Setting next_dagrun for example_subdag_operator to 2022-01-01T00:00:00+00:00, run_after=2022-01-01T00:00:00+00:00
[2024-02-28T18:48:32.877+0000] {logging_mixin.py:150} INFO - [2024-02-28T18:48:32.877+0000] {dag.py:3508} INFO - Setting next_dagrun for example_subdag_operator.section-1 to None, run_after=None
[2024-02-28T18:48:32.880+0000] {logging_mixin.py:150} INFO - [2024-02-28T18:48:32.880+0000] {dag.py:3508} INFO - Setting next_dagrun for example_subdag_operator.section-2 to None, run_after=None
[2024-02-28T18:48:32.890+0000] {logging_mixin.py:150} INFO - [2024-02-28T18:48:32.890+0000] {dag.py:2742} INFO - Sync 2 DAGs
[2024-02-28T18:48:32.901+0000] {logging_mixin.py:150} INFO - [2024-02-28T18:48:32.901+0000] {dag.py:3508} INFO - Setting next_dagrun for example_subdag_operator.section-1 to None, run_after=None
[2024-02-28T18:48:32.905+0000] {logging_mixin.py:150} INFO - [2024-02-28T18:48:32.904+0000] {dag.py:3508} INFO - Setting next_dagrun for example_subdag_operator.section-2 to None, run_after=None
[2024-02-28T18:48:32.920+0000] {processor.py:179} INFO - Processing /home/airflow/.local/lib/python3.7/site-packages/airflow/example_dags/example_subdag_operator.py took 0.171 seconds
[2024-02-28T18:49:05.019+0000] {processor.py:157} INFO - Started process (PID=2016) to work on /home/airflow/.local/lib/python3.7/site-packages/airflow/example_dags/example_subdag_operator.py
[2024-02-28T18:49:05.050+0000] {processor.py:826} INFO - Processing file /home/airflow/.local/lib/python3.7/site-packages/airflow/example_dags/example_subdag_operator.py for tasks to queue
[2024-02-28T18:49:05.079+0000] {logging_mixin.py:150} INFO - [2024-02-28T18:49:05.078+0000] {dagbag.py:541} INFO - Filling up the DagBag from /home/airflow/.local/lib/python3.7/site-packages/airflow/example_dags/example_subdag_operator.py
[2024-02-28T18:49:05.194+0000] {processor.py:836} INFO - DAG(s) dict_keys(['example_subdag_operator.section-1', 'example_subdag_operator.section-2', 'example_subdag_operator']) retrieved from /home/airflow/.local/lib/python3.7/site-packages/airflow/example_dags/example_subdag_operator.py
[2024-02-28T18:49:05.252+0000] {logging_mixin.py:150} INFO - [2024-02-28T18:49:05.252+0000] {dag.py:2742} INFO - Sync 3 DAGs
[2024-02-28T18:49:05.308+0000] {logging_mixin.py:150} INFO - [2024-02-28T18:49:05.307+0000] {dag.py:3508} INFO - Setting next_dagrun for example_subdag_operator to 2022-01-01T00:00:00+00:00, run_after=2022-01-01T00:00:00+00:00
[2024-02-28T18:49:05.321+0000] {logging_mixin.py:150} INFO - [2024-02-28T18:49:05.321+0000] {dag.py:3508} INFO - Setting next_dagrun for example_subdag_operator.section-1 to None, run_after=None
[2024-02-28T18:49:05.327+0000] {logging_mixin.py:150} INFO - [2024-02-28T18:49:05.326+0000] {dag.py:3508} INFO - Setting next_dagrun for example_subdag_operator.section-2 to None, run_after=None
[2024-02-28T18:49:05.357+0000] {logging_mixin.py:150} INFO - [2024-02-28T18:49:05.357+0000] {dag.py:2742} INFO - Sync 2 DAGs
[2024-02-28T18:49:05.387+0000] {logging_mixin.py:150} INFO - [2024-02-28T18:49:05.386+0000] {dag.py:3508} INFO - Setting next_dagrun for example_subdag_operator.section-1 to None, run_after=None
[2024-02-28T18:49:05.401+0000] {logging_mixin.py:150} INFO - [2024-02-28T18:49:05.399+0000] {dag.py:3508} INFO - Setting next_dagrun for example_subdag_operator.section-2 to None, run_after=None
[2024-02-28T18:49:05.467+0000] {processor.py:179} INFO - Processing /home/airflow/.local/lib/python3.7/site-packages/airflow/example_dags/example_subdag_operator.py took 0.470 seconds
[2024-02-28T18:49:35.877+0000] {processor.py:157} INFO - Started process (PID=2086) to work on /home/airflow/.local/lib/python3.7/site-packages/airflow/example_dags/example_subdag_operator.py
[2024-02-28T18:49:35.881+0000] {processor.py:826} INFO - Processing file /home/airflow/.local/lib/python3.7/site-packages/airflow/example_dags/example_subdag_operator.py for tasks to queue
[2024-02-28T18:49:35.884+0000] {logging_mixin.py:150} INFO - [2024-02-28T18:49:35.883+0000] {dagbag.py:541} INFO - Filling up the DagBag from /home/airflow/.local/lib/python3.7/site-packages/airflow/example_dags/example_subdag_operator.py
[2024-02-28T18:49:35.923+0000] {processor.py:836} INFO - DAG(s) dict_keys(['example_subdag_operator.section-1', 'example_subdag_operator.section-2', 'example_subdag_operator']) retrieved from /home/airflow/.local/lib/python3.7/site-packages/airflow/example_dags/example_subdag_operator.py
[2024-02-28T18:49:35.939+0000] {logging_mixin.py:150} INFO - [2024-02-28T18:49:35.939+0000] {dag.py:2742} INFO - Sync 3 DAGs
[2024-02-28T18:49:35.961+0000] {logging_mixin.py:150} INFO - [2024-02-28T18:49:35.961+0000] {dag.py:3508} INFO - Setting next_dagrun for example_subdag_operator to 2022-01-01T00:00:00+00:00, run_after=2022-01-01T00:00:00+00:00
[2024-02-28T18:49:35.965+0000] {logging_mixin.py:150} INFO - [2024-02-28T18:49:35.965+0000] {dag.py:3508} INFO - Setting next_dagrun for example_subdag_operator.section-1 to None, run_after=None
[2024-02-28T18:49:35.966+0000] {logging_mixin.py:150} INFO - [2024-02-28T18:49:35.966+0000] {dag.py:3508} INFO - Setting next_dagrun for example_subdag_operator.section-2 to None, run_after=None
[2024-02-28T18:49:35.973+0000] {logging_mixin.py:150} INFO - [2024-02-28T18:49:35.973+0000] {dag.py:2742} INFO - Sync 2 DAGs
[2024-02-28T18:49:35.977+0000] {logging_mixin.py:150} INFO - [2024-02-28T18:49:35.977+0000] {dag.py:3508} INFO - Setting next_dagrun for example_subdag_operator.section-1 to None, run_after=None
[2024-02-28T18:49:35.978+0000] {logging_mixin.py:150} INFO - [2024-02-28T18:49:35.978+0000] {dag.py:3508} INFO - Setting next_dagrun for example_subdag_operator.section-2 to None, run_after=None
[2024-02-28T18:49:35.989+0000] {processor.py:179} INFO - Processing /home/airflow/.local/lib/python3.7/site-packages/airflow/example_dags/example_subdag_operator.py took 0.120 seconds
[2024-02-28T18:50:06.644+0000] {processor.py:157} INFO - Started process (PID=2149) to work on /home/airflow/.local/lib/python3.7/site-packages/airflow/example_dags/example_subdag_operator.py
[2024-02-28T18:50:06.647+0000] {processor.py:826} INFO - Processing file /home/airflow/.local/lib/python3.7/site-packages/airflow/example_dags/example_subdag_operator.py for tasks to queue
[2024-02-28T18:50:06.649+0000] {logging_mixin.py:150} INFO - [2024-02-28T18:50:06.649+0000] {dagbag.py:541} INFO - Filling up the DagBag from /home/airflow/.local/lib/python3.7/site-packages/airflow/example_dags/example_subdag_operator.py
[2024-02-28T18:50:06.675+0000] {processor.py:836} INFO - DAG(s) dict_keys(['example_subdag_operator.section-1', 'example_subdag_operator.section-2', 'example_subdag_operator']) retrieved from /home/airflow/.local/lib/python3.7/site-packages/airflow/example_dags/example_subdag_operator.py
[2024-02-28T18:50:06.690+0000] {logging_mixin.py:150} INFO - [2024-02-28T18:50:06.689+0000] {dag.py:2742} INFO - Sync 3 DAGs
[2024-02-28T18:50:06.709+0000] {logging_mixin.py:150} INFO - [2024-02-28T18:50:06.709+0000] {dag.py:3508} INFO - Setting next_dagrun for example_subdag_operator to 2022-01-01T00:00:00+00:00, run_after=2022-01-01T00:00:00+00:00
[2024-02-28T18:50:06.713+0000] {logging_mixin.py:150} INFO - [2024-02-28T18:50:06.713+0000] {dag.py:3508} INFO - Setting next_dagrun for example_subdag_operator.section-1 to None, run_after=None
[2024-02-28T18:50:06.715+0000] {logging_mixin.py:150} INFO - [2024-02-28T18:50:06.715+0000] {dag.py:3508} INFO - Setting next_dagrun for example_subdag_operator.section-2 to None, run_after=None
[2024-02-28T18:50:06.721+0000] {logging_mixin.py:150} INFO - [2024-02-28T18:50:06.721+0000] {dag.py:2742} INFO - Sync 2 DAGs
[2024-02-28T18:50:06.726+0000] {logging_mixin.py:150} INFO - [2024-02-28T18:50:06.726+0000] {dag.py:3508} INFO - Setting next_dagrun for example_subdag_operator.section-1 to None, run_after=None
[2024-02-28T18:50:06.728+0000] {logging_mixin.py:150} INFO - [2024-02-28T18:50:06.728+0000] {dag.py:3508} INFO - Setting next_dagrun for example_subdag_operator.section-2 to None, run_after=None
[2024-02-28T18:50:06.740+0000] {processor.py:179} INFO - Processing /home/airflow/.local/lib/python3.7/site-packages/airflow/example_dags/example_subdag_operator.py took 0.098 seconds
[2024-02-28T18:50:36.806+0000] {processor.py:157} INFO - Started process (PID=2216) to work on /home/airflow/.local/lib/python3.7/site-packages/airflow/example_dags/example_subdag_operator.py
[2024-02-28T18:50:36.810+0000] {processor.py:826} INFO - Processing file /home/airflow/.local/lib/python3.7/site-packages/airflow/example_dags/example_subdag_operator.py for tasks to queue
[2024-02-28T18:50:36.812+0000] {logging_mixin.py:150} INFO - [2024-02-28T18:50:36.812+0000] {dagbag.py:541} INFO - Filling up the DagBag from /home/airflow/.local/lib/python3.7/site-packages/airflow/example_dags/example_subdag_operator.py
[2024-02-28T18:50:36.840+0000] {processor.py:836} INFO - DAG(s) dict_keys(['example_subdag_operator.section-1', 'example_subdag_operator.section-2', 'example_subdag_operator']) retrieved from /home/airflow/.local/lib/python3.7/site-packages/airflow/example_dags/example_subdag_operator.py
[2024-02-28T18:50:36.861+0000] {logging_mixin.py:150} INFO - [2024-02-28T18:50:36.861+0000] {dag.py:2742} INFO - Sync 3 DAGs
[2024-02-28T18:50:36.892+0000] {logging_mixin.py:150} INFO - [2024-02-28T18:50:36.891+0000] {dag.py:3508} INFO - Setting next_dagrun for example_subdag_operator to 2022-01-01T00:00:00+00:00, run_after=2022-01-01T00:00:00+00:00
[2024-02-28T18:50:36.898+0000] {logging_mixin.py:150} INFO - [2024-02-28T18:50:36.898+0000] {dag.py:3508} INFO - Setting next_dagrun for example_subdag_operator.section-1 to None, run_after=None
[2024-02-28T18:50:36.900+0000] {logging_mixin.py:150} INFO - [2024-02-28T18:50:36.900+0000] {dag.py:3508} INFO - Setting next_dagrun for example_subdag_operator.section-2 to None, run_after=None
[2024-02-28T18:50:36.907+0000] {logging_mixin.py:150} INFO - [2024-02-28T18:50:36.907+0000] {dag.py:2742} INFO - Sync 2 DAGs
[2024-02-28T18:50:36.913+0000] {logging_mixin.py:150} INFO - [2024-02-28T18:50:36.913+0000] {dag.py:3508} INFO - Setting next_dagrun for example_subdag_operator.section-1 to None, run_after=None
[2024-02-28T18:50:36.915+0000] {logging_mixin.py:150} INFO - [2024-02-28T18:50:36.914+0000] {dag.py:3508} INFO - Setting next_dagrun for example_subdag_operator.section-2 to None, run_after=None
[2024-02-28T18:50:36.926+0000] {processor.py:179} INFO - Processing /home/airflow/.local/lib/python3.7/site-packages/airflow/example_dags/example_subdag_operator.py took 0.126 seconds
[2024-02-28T18:51:07.137+0000] {processor.py:157} INFO - Started process (PID=2279) to work on /home/airflow/.local/lib/python3.7/site-packages/airflow/example_dags/example_subdag_operator.py
[2024-02-28T18:51:07.141+0000] {processor.py:826} INFO - Processing file /home/airflow/.local/lib/python3.7/site-packages/airflow/example_dags/example_subdag_operator.py for tasks to queue
[2024-02-28T18:51:07.147+0000] {logging_mixin.py:150} INFO - [2024-02-28T18:51:07.146+0000] {dagbag.py:541} INFO - Filling up the DagBag from /home/airflow/.local/lib/python3.7/site-packages/airflow/example_dags/example_subdag_operator.py
[2024-02-28T18:51:07.181+0000] {processor.py:836} INFO - DAG(s) dict_keys(['example_subdag_operator.section-1', 'example_subdag_operator.section-2', 'example_subdag_operator']) retrieved from /home/airflow/.local/lib/python3.7/site-packages/airflow/example_dags/example_subdag_operator.py
[2024-02-28T18:51:07.208+0000] {logging_mixin.py:150} INFO - [2024-02-28T18:51:07.208+0000] {dag.py:2742} INFO - Sync 3 DAGs
[2024-02-28T18:51:07.282+0000] {logging_mixin.py:150} INFO - [2024-02-28T18:51:07.282+0000] {dag.py:3508} INFO - Setting next_dagrun for example_subdag_operator to 2022-01-01T00:00:00+00:00, run_after=2022-01-01T00:00:00+00:00
[2024-02-28T18:51:07.295+0000] {logging_mixin.py:150} INFO - [2024-02-28T18:51:07.294+0000] {dag.py:3508} INFO - Setting next_dagrun for example_subdag_operator.section-1 to None, run_after=None
[2024-02-28T18:51:07.302+0000] {logging_mixin.py:150} INFO - [2024-02-28T18:51:07.302+0000] {dag.py:3508} INFO - Setting next_dagrun for example_subdag_operator.section-2 to None, run_after=None
[2024-02-28T18:51:07.350+0000] {logging_mixin.py:150} INFO - [2024-02-28T18:51:07.350+0000] {dag.py:2742} INFO - Sync 2 DAGs
[2024-02-28T18:51:07.359+0000] {logging_mixin.py:150} INFO - [2024-02-28T18:51:07.359+0000] {dag.py:3508} INFO - Setting next_dagrun for example_subdag_operator.section-1 to None, run_after=None
[2024-02-28T18:51:07.362+0000] {logging_mixin.py:150} INFO - [2024-02-28T18:51:07.361+0000] {dag.py:3508} INFO - Setting next_dagrun for example_subdag_operator.section-2 to None, run_after=None
[2024-02-28T18:51:07.382+0000] {processor.py:179} INFO - Processing /home/airflow/.local/lib/python3.7/site-packages/airflow/example_dags/example_subdag_operator.py took 0.248 seconds
[2024-02-28T18:51:38.290+0000] {processor.py:157} INFO - Started process (PID=2346) to work on /home/airflow/.local/lib/python3.7/site-packages/airflow/example_dags/example_subdag_operator.py
[2024-02-28T18:51:38.292+0000] {processor.py:826} INFO - Processing file /home/airflow/.local/lib/python3.7/site-packages/airflow/example_dags/example_subdag_operator.py for tasks to queue
[2024-02-28T18:51:38.293+0000] {logging_mixin.py:150} INFO - [2024-02-28T18:51:38.293+0000] {dagbag.py:541} INFO - Filling up the DagBag from /home/airflow/.local/lib/python3.7/site-packages/airflow/example_dags/example_subdag_operator.py
[2024-02-28T18:51:38.320+0000] {processor.py:836} INFO - DAG(s) dict_keys(['example_subdag_operator.section-1', 'example_subdag_operator.section-2', 'example_subdag_operator']) retrieved from /home/airflow/.local/lib/python3.7/site-packages/airflow/example_dags/example_subdag_operator.py
[2024-02-28T18:51:38.337+0000] {logging_mixin.py:150} INFO - [2024-02-28T18:51:38.337+0000] {dag.py:2742} INFO - Sync 3 DAGs
[2024-02-28T18:51:38.357+0000] {logging_mixin.py:150} INFO - [2024-02-28T18:51:38.357+0000] {dag.py:3508} INFO - Setting next_dagrun for example_subdag_operator to 2022-01-01T00:00:00+00:00, run_after=2022-01-01T00:00:00+00:00
[2024-02-28T18:51:38.362+0000] {logging_mixin.py:150} INFO - [2024-02-28T18:51:38.362+0000] {dag.py:3508} INFO - Setting next_dagrun for example_subdag_operator.section-1 to None, run_after=None
[2024-02-28T18:51:38.365+0000] {logging_mixin.py:150} INFO - [2024-02-28T18:51:38.365+0000] {dag.py:3508} INFO - Setting next_dagrun for example_subdag_operator.section-2 to None, run_after=None
[2024-02-28T18:51:38.371+0000] {logging_mixin.py:150} INFO - [2024-02-28T18:51:38.371+0000] {dag.py:2742} INFO - Sync 2 DAGs
[2024-02-28T18:51:38.375+0000] {logging_mixin.py:150} INFO - [2024-02-28T18:51:38.375+0000] {dag.py:3508} INFO - Setting next_dagrun for example_subdag_operator.section-1 to None, run_after=None
[2024-02-28T18:51:38.376+0000] {logging_mixin.py:150} INFO - [2024-02-28T18:51:38.376+0000] {dag.py:3508} INFO - Setting next_dagrun for example_subdag_operator.section-2 to None, run_after=None
[2024-02-28T18:51:38.384+0000] {processor.py:179} INFO - Processing /home/airflow/.local/lib/python3.7/site-packages/airflow/example_dags/example_subdag_operator.py took 0.098 seconds
[2024-02-28T18:52:09.543+0000] {processor.py:157} INFO - Started process (PID=2413) to work on /home/airflow/.local/lib/python3.7/site-packages/airflow/example_dags/example_subdag_operator.py
[2024-02-28T18:52:09.551+0000] {processor.py:826} INFO - Processing file /home/airflow/.local/lib/python3.7/site-packages/airflow/example_dags/example_subdag_operator.py for tasks to queue
[2024-02-28T18:52:09.555+0000] {logging_mixin.py:150} INFO - [2024-02-28T18:52:09.555+0000] {dagbag.py:541} INFO - Filling up the DagBag from /home/airflow/.local/lib/python3.7/site-packages/airflow/example_dags/example_subdag_operator.py
[2024-02-28T18:52:09.602+0000] {processor.py:836} INFO - DAG(s) dict_keys(['example_subdag_operator.section-1', 'example_subdag_operator.section-2', 'example_subdag_operator']) retrieved from /home/airflow/.local/lib/python3.7/site-packages/airflow/example_dags/example_subdag_operator.py
[2024-02-28T18:52:09.626+0000] {logging_mixin.py:150} INFO - [2024-02-28T18:52:09.626+0000] {dag.py:2742} INFO - Sync 3 DAGs
[2024-02-28T18:52:09.655+0000] {logging_mixin.py:150} INFO - [2024-02-28T18:52:09.654+0000] {dag.py:3508} INFO - Setting next_dagrun for example_subdag_operator to 2022-01-01T00:00:00+00:00, run_after=2022-01-01T00:00:00+00:00
[2024-02-28T18:52:09.660+0000] {logging_mixin.py:150} INFO - [2024-02-28T18:52:09.660+0000] {dag.py:3508} INFO - Setting next_dagrun for example_subdag_operator.section-1 to None, run_after=None
[2024-02-28T18:52:09.663+0000] {logging_mixin.py:150} INFO - [2024-02-28T18:52:09.663+0000] {dag.py:3508} INFO - Setting next_dagrun for example_subdag_operator.section-2 to None, run_after=None
[2024-02-28T18:52:09.672+0000] {logging_mixin.py:150} INFO - [2024-02-28T18:52:09.672+0000] {dag.py:2742} INFO - Sync 2 DAGs
[2024-02-28T18:52:09.681+0000] {logging_mixin.py:150} INFO - [2024-02-28T18:52:09.681+0000] {dag.py:3508} INFO - Setting next_dagrun for example_subdag_operator.section-1 to None, run_after=None
[2024-02-28T18:52:09.684+0000] {logging_mixin.py:150} INFO - [2024-02-28T18:52:09.684+0000] {dag.py:3508} INFO - Setting next_dagrun for example_subdag_operator.section-2 to None, run_after=None
[2024-02-28T18:52:09.697+0000] {processor.py:179} INFO - Processing /home/airflow/.local/lib/python3.7/site-packages/airflow/example_dags/example_subdag_operator.py took 0.159 seconds
[2024-02-28T18:52:39.880+0000] {processor.py:157} INFO - Started process (PID=2479) to work on /home/airflow/.local/lib/python3.7/site-packages/airflow/example_dags/example_subdag_operator.py
[2024-02-28T18:52:39.883+0000] {processor.py:826} INFO - Processing file /home/airflow/.local/lib/python3.7/site-packages/airflow/example_dags/example_subdag_operator.py for tasks to queue
[2024-02-28T18:52:39.885+0000] {logging_mixin.py:150} INFO - [2024-02-28T18:52:39.885+0000] {dagbag.py:541} INFO - Filling up the DagBag from /home/airflow/.local/lib/python3.7/site-packages/airflow/example_dags/example_subdag_operator.py
[2024-02-28T18:52:39.912+0000] {processor.py:836} INFO - DAG(s) dict_keys(['example_subdag_operator.section-1', 'example_subdag_operator.section-2', 'example_subdag_operator']) retrieved from /home/airflow/.local/lib/python3.7/site-packages/airflow/example_dags/example_subdag_operator.py
[2024-02-28T18:52:39.930+0000] {logging_mixin.py:150} INFO - [2024-02-28T18:52:39.929+0000] {dag.py:2742} INFO - Sync 3 DAGs
[2024-02-28T18:52:39.960+0000] {logging_mixin.py:150} INFO - [2024-02-28T18:52:39.960+0000] {dag.py:3508} INFO - Setting next_dagrun for example_subdag_operator to 2022-01-01T00:00:00+00:00, run_after=2022-01-01T00:00:00+00:00
[2024-02-28T18:52:39.966+0000] {logging_mixin.py:150} INFO - [2024-02-28T18:52:39.966+0000] {dag.py:3508} INFO - Setting next_dagrun for example_subdag_operator.section-1 to None, run_after=None
[2024-02-28T18:52:39.969+0000] {logging_mixin.py:150} INFO - [2024-02-28T18:52:39.969+0000] {dag.py:3508} INFO - Setting next_dagrun for example_subdag_operator.section-2 to None, run_after=None
[2024-02-28T18:52:39.978+0000] {logging_mixin.py:150} INFO - [2024-02-28T18:52:39.978+0000] {dag.py:2742} INFO - Sync 2 DAGs
[2024-02-28T18:52:39.984+0000] {logging_mixin.py:150} INFO - [2024-02-28T18:52:39.984+0000] {dag.py:3508} INFO - Setting next_dagrun for example_subdag_operator.section-1 to None, run_after=None
[2024-02-28T18:52:39.986+0000] {logging_mixin.py:150} INFO - [2024-02-28T18:52:39.986+0000] {dag.py:3508} INFO - Setting next_dagrun for example_subdag_operator.section-2 to None, run_after=None
[2024-02-28T18:52:39.997+0000] {processor.py:179} INFO - Processing /home/airflow/.local/lib/python3.7/site-packages/airflow/example_dags/example_subdag_operator.py took 0.120 seconds
