[2024-02-28T18:33:13.174+0000] {processor.py:157} INFO - Started process (PID=64) to work on /home/airflow/.local/lib/python3.7/site-packages/airflow/example_dags/example_trigger_target_dag.py
[2024-02-28T18:33:13.180+0000] {processor.py:826} INFO - Processing file /home/airflow/.local/lib/python3.7/site-packages/airflow/example_dags/example_trigger_target_dag.py for tasks to queue
[2024-02-28T18:33:13.185+0000] {logging_mixin.py:150} INFO - [2024-02-28T18:33:13.185+0000] {dagbag.py:541} INFO - Filling up the DagBag from /home/airflow/.local/lib/python3.7/site-packages/airflow/example_dags/example_trigger_target_dag.py
[2024-02-28T18:33:13.201+0000] {processor.py:836} INFO - DAG(s) dict_keys(['example_trigger_target_dag']) retrieved from /home/airflow/.local/lib/python3.7/site-packages/airflow/example_dags/example_trigger_target_dag.py
[2024-02-28T18:33:13.236+0000] {logging_mixin.py:150} INFO - [2024-02-28T18:33:13.236+0000] {dag.py:2742} INFO - Sync 1 DAGs
[2024-02-28T18:33:13.333+0000] {logging_mixin.py:150} INFO - [2024-02-28T18:33:13.332+0000] {dag.py:3508} INFO - Setting next_dagrun for example_trigger_target_dag to None, run_after=None
[2024-02-28T18:33:13.427+0000] {processor.py:179} INFO - Processing /home/airflow/.local/lib/python3.7/site-packages/airflow/example_dags/example_trigger_target_dag.py took 0.278 seconds
[2024-02-28T18:33:43.646+0000] {processor.py:157} INFO - Started process (PID=128) to work on /home/airflow/.local/lib/python3.7/site-packages/airflow/example_dags/example_trigger_target_dag.py
[2024-02-28T18:33:43.648+0000] {processor.py:826} INFO - Processing file /home/airflow/.local/lib/python3.7/site-packages/airflow/example_dags/example_trigger_target_dag.py for tasks to queue
[2024-02-28T18:33:43.651+0000] {logging_mixin.py:150} INFO - [2024-02-28T18:33:43.651+0000] {dagbag.py:541} INFO - Filling up the DagBag from /home/airflow/.local/lib/python3.7/site-packages/airflow/example_dags/example_trigger_target_dag.py
[2024-02-28T18:33:43.661+0000] {processor.py:836} INFO - DAG(s) dict_keys(['example_trigger_target_dag']) retrieved from /home/airflow/.local/lib/python3.7/site-packages/airflow/example_dags/example_trigger_target_dag.py
[2024-02-28T18:33:43.689+0000] {logging_mixin.py:150} INFO - [2024-02-28T18:33:43.689+0000] {dag.py:2742} INFO - Sync 1 DAGs
[2024-02-28T18:33:43.709+0000] {logging_mixin.py:150} INFO - [2024-02-28T18:33:43.709+0000] {dag.py:3508} INFO - Setting next_dagrun for example_trigger_target_dag to None, run_after=None
[2024-02-28T18:33:43.722+0000] {processor.py:179} INFO - Processing /home/airflow/.local/lib/python3.7/site-packages/airflow/example_dags/example_trigger_target_dag.py took 0.081 seconds
[2024-02-28T18:34:13.855+0000] {processor.py:157} INFO - Started process (PID=191) to work on /home/airflow/.local/lib/python3.7/site-packages/airflow/example_dags/example_trigger_target_dag.py
[2024-02-28T18:34:13.856+0000] {processor.py:826} INFO - Processing file /home/airflow/.local/lib/python3.7/site-packages/airflow/example_dags/example_trigger_target_dag.py for tasks to queue
[2024-02-28T18:34:13.858+0000] {logging_mixin.py:150} INFO - [2024-02-28T18:34:13.858+0000] {dagbag.py:541} INFO - Filling up the DagBag from /home/airflow/.local/lib/python3.7/site-packages/airflow/example_dags/example_trigger_target_dag.py
[2024-02-28T18:34:13.865+0000] {processor.py:836} INFO - DAG(s) dict_keys(['example_trigger_target_dag']) retrieved from /home/airflow/.local/lib/python3.7/site-packages/airflow/example_dags/example_trigger_target_dag.py
[2024-02-28T18:34:13.888+0000] {logging_mixin.py:150} INFO - [2024-02-28T18:34:13.888+0000] {dag.py:2742} INFO - Sync 1 DAGs
[2024-02-28T18:34:13.911+0000] {logging_mixin.py:150} INFO - [2024-02-28T18:34:13.911+0000] {dag.py:3508} INFO - Setting next_dagrun for example_trigger_target_dag to None, run_after=None
[2024-02-28T18:34:13.930+0000] {processor.py:179} INFO - Processing /home/airflow/.local/lib/python3.7/site-packages/airflow/example_dags/example_trigger_target_dag.py took 0.079 seconds
[2024-02-28T18:34:45.344+0000] {processor.py:157} INFO - Started process (PID=253) to work on /home/airflow/.local/lib/python3.7/site-packages/airflow/example_dags/example_trigger_target_dag.py
[2024-02-28T18:34:45.355+0000] {processor.py:826} INFO - Processing file /home/airflow/.local/lib/python3.7/site-packages/airflow/example_dags/example_trigger_target_dag.py for tasks to queue
[2024-02-28T18:34:45.360+0000] {logging_mixin.py:150} INFO - [2024-02-28T18:34:45.359+0000] {dagbag.py:541} INFO - Filling up the DagBag from /home/airflow/.local/lib/python3.7/site-packages/airflow/example_dags/example_trigger_target_dag.py
[2024-02-28T18:34:45.373+0000] {processor.py:836} INFO - DAG(s) dict_keys(['example_trigger_target_dag']) retrieved from /home/airflow/.local/lib/python3.7/site-packages/airflow/example_dags/example_trigger_target_dag.py
[2024-02-28T18:34:45.430+0000] {logging_mixin.py:150} INFO - [2024-02-28T18:34:45.430+0000] {dag.py:2742} INFO - Sync 1 DAGs
[2024-02-28T18:34:45.466+0000] {logging_mixin.py:150} INFO - [2024-02-28T18:34:45.466+0000] {dag.py:3508} INFO - Setting next_dagrun for example_trigger_target_dag to None, run_after=None
[2024-02-28T18:34:45.496+0000] {processor.py:179} INFO - Processing /home/airflow/.local/lib/python3.7/site-packages/airflow/example_dags/example_trigger_target_dag.py took 0.158 seconds
[2024-02-28T18:35:16.027+0000] {processor.py:157} INFO - Started process (PID=317) to work on /home/airflow/.local/lib/python3.7/site-packages/airflow/example_dags/example_trigger_target_dag.py
[2024-02-28T18:35:16.033+0000] {processor.py:826} INFO - Processing file /home/airflow/.local/lib/python3.7/site-packages/airflow/example_dags/example_trigger_target_dag.py for tasks to queue
[2024-02-28T18:35:16.035+0000] {logging_mixin.py:150} INFO - [2024-02-28T18:35:16.035+0000] {dagbag.py:541} INFO - Filling up the DagBag from /home/airflow/.local/lib/python3.7/site-packages/airflow/example_dags/example_trigger_target_dag.py
[2024-02-28T18:35:16.050+0000] {processor.py:836} INFO - DAG(s) dict_keys(['example_trigger_target_dag']) retrieved from /home/airflow/.local/lib/python3.7/site-packages/airflow/example_dags/example_trigger_target_dag.py
[2024-02-28T18:35:16.112+0000] {logging_mixin.py:150} INFO - [2024-02-28T18:35:16.112+0000] {dag.py:2742} INFO - Sync 1 DAGs
[2024-02-28T18:35:16.151+0000] {logging_mixin.py:150} INFO - [2024-02-28T18:35:16.151+0000] {dag.py:3508} INFO - Setting next_dagrun for example_trigger_target_dag to None, run_after=None
[2024-02-28T18:35:16.186+0000] {processor.py:179} INFO - Processing /home/airflow/.local/lib/python3.7/site-packages/airflow/example_dags/example_trigger_target_dag.py took 0.168 seconds
[2024-02-28T18:35:46.954+0000] {processor.py:157} INFO - Started process (PID=381) to work on /home/airflow/.local/lib/python3.7/site-packages/airflow/example_dags/example_trigger_target_dag.py
[2024-02-28T18:35:46.961+0000] {processor.py:826} INFO - Processing file /home/airflow/.local/lib/python3.7/site-packages/airflow/example_dags/example_trigger_target_dag.py for tasks to queue
[2024-02-28T18:35:46.966+0000] {logging_mixin.py:150} INFO - [2024-02-28T18:35:46.965+0000] {dagbag.py:541} INFO - Filling up the DagBag from /home/airflow/.local/lib/python3.7/site-packages/airflow/example_dags/example_trigger_target_dag.py
[2024-02-28T18:35:46.983+0000] {processor.py:836} INFO - DAG(s) dict_keys(['example_trigger_target_dag']) retrieved from /home/airflow/.local/lib/python3.7/site-packages/airflow/example_dags/example_trigger_target_dag.py
[2024-02-28T18:35:47.033+0000] {logging_mixin.py:150} INFO - [2024-02-28T18:35:47.033+0000] {dag.py:2742} INFO - Sync 1 DAGs
[2024-02-28T18:35:47.063+0000] {logging_mixin.py:150} INFO - [2024-02-28T18:35:47.063+0000] {dag.py:3508} INFO - Setting next_dagrun for example_trigger_target_dag to None, run_after=None
[2024-02-28T18:35:47.100+0000] {processor.py:179} INFO - Processing /home/airflow/.local/lib/python3.7/site-packages/airflow/example_dags/example_trigger_target_dag.py took 0.149 seconds
[2024-02-28T18:36:19.100+0000] {processor.py:157} INFO - Started process (PID=444) to work on /home/airflow/.local/lib/python3.7/site-packages/airflow/example_dags/example_trigger_target_dag.py
[2024-02-28T18:36:19.107+0000] {processor.py:826} INFO - Processing file /home/airflow/.local/lib/python3.7/site-packages/airflow/example_dags/example_trigger_target_dag.py for tasks to queue
[2024-02-28T18:36:19.112+0000] {logging_mixin.py:150} INFO - [2024-02-28T18:36:19.111+0000] {dagbag.py:541} INFO - Filling up the DagBag from /home/airflow/.local/lib/python3.7/site-packages/airflow/example_dags/example_trigger_target_dag.py
[2024-02-28T18:36:19.130+0000] {processor.py:836} INFO - DAG(s) dict_keys(['example_trigger_target_dag']) retrieved from /home/airflow/.local/lib/python3.7/site-packages/airflow/example_dags/example_trigger_target_dag.py
[2024-02-28T18:36:19.187+0000] {logging_mixin.py:150} INFO - [2024-02-28T18:36:19.187+0000] {dag.py:2742} INFO - Sync 1 DAGs
[2024-02-28T18:36:19.233+0000] {logging_mixin.py:150} INFO - [2024-02-28T18:36:19.232+0000] {dag.py:3508} INFO - Setting next_dagrun for example_trigger_target_dag to None, run_after=None
[2024-02-28T18:36:19.256+0000] {processor.py:179} INFO - Processing /home/airflow/.local/lib/python3.7/site-packages/airflow/example_dags/example_trigger_target_dag.py took 0.164 seconds
[2024-02-28T18:36:49.888+0000] {processor.py:157} INFO - Started process (PID=507) to work on /home/airflow/.local/lib/python3.7/site-packages/airflow/example_dags/example_trigger_target_dag.py
[2024-02-28T18:36:49.890+0000] {processor.py:826} INFO - Processing file /home/airflow/.local/lib/python3.7/site-packages/airflow/example_dags/example_trigger_target_dag.py for tasks to queue
[2024-02-28T18:36:49.893+0000] {logging_mixin.py:150} INFO - [2024-02-28T18:36:49.892+0000] {dagbag.py:541} INFO - Filling up the DagBag from /home/airflow/.local/lib/python3.7/site-packages/airflow/example_dags/example_trigger_target_dag.py
[2024-02-28T18:36:49.901+0000] {processor.py:836} INFO - DAG(s) dict_keys(['example_trigger_target_dag']) retrieved from /home/airflow/.local/lib/python3.7/site-packages/airflow/example_dags/example_trigger_target_dag.py
[2024-02-28T18:36:49.927+0000] {logging_mixin.py:150} INFO - [2024-02-28T18:36:49.926+0000] {dag.py:2742} INFO - Sync 1 DAGs
[2024-02-28T18:36:49.951+0000] {logging_mixin.py:150} INFO - [2024-02-28T18:36:49.951+0000] {dag.py:3508} INFO - Setting next_dagrun for example_trigger_target_dag to None, run_after=None
[2024-02-28T18:36:49.991+0000] {processor.py:179} INFO - Processing /home/airflow/.local/lib/python3.7/site-packages/airflow/example_dags/example_trigger_target_dag.py took 0.108 seconds
[2024-02-28T18:37:20.685+0000] {processor.py:157} INFO - Started process (PID=570) to work on /home/airflow/.local/lib/python3.7/site-packages/airflow/example_dags/example_trigger_target_dag.py
[2024-02-28T18:37:20.687+0000] {processor.py:826} INFO - Processing file /home/airflow/.local/lib/python3.7/site-packages/airflow/example_dags/example_trigger_target_dag.py for tasks to queue
[2024-02-28T18:37:20.691+0000] {logging_mixin.py:150} INFO - [2024-02-28T18:37:20.690+0000] {dagbag.py:541} INFO - Filling up the DagBag from /home/airflow/.local/lib/python3.7/site-packages/airflow/example_dags/example_trigger_target_dag.py
[2024-02-28T18:37:20.700+0000] {processor.py:836} INFO - DAG(s) dict_keys(['example_trigger_target_dag']) retrieved from /home/airflow/.local/lib/python3.7/site-packages/airflow/example_dags/example_trigger_target_dag.py
[2024-02-28T18:37:20.726+0000] {logging_mixin.py:150} INFO - [2024-02-28T18:37:20.726+0000] {dag.py:2742} INFO - Sync 1 DAGs
[2024-02-28T18:37:20.752+0000] {logging_mixin.py:150} INFO - [2024-02-28T18:37:20.752+0000] {dag.py:3508} INFO - Setting next_dagrun for example_trigger_target_dag to None, run_after=None
[2024-02-28T18:37:20.778+0000] {processor.py:179} INFO - Processing /home/airflow/.local/lib/python3.7/site-packages/airflow/example_dags/example_trigger_target_dag.py took 0.097 seconds
[2024-02-28T18:37:50.880+0000] {processor.py:157} INFO - Started process (PID=633) to work on /home/airflow/.local/lib/python3.7/site-packages/airflow/example_dags/example_trigger_target_dag.py
[2024-02-28T18:37:50.884+0000] {processor.py:826} INFO - Processing file /home/airflow/.local/lib/python3.7/site-packages/airflow/example_dags/example_trigger_target_dag.py for tasks to queue
[2024-02-28T18:37:50.887+0000] {logging_mixin.py:150} INFO - [2024-02-28T18:37:50.887+0000] {dagbag.py:541} INFO - Filling up the DagBag from /home/airflow/.local/lib/python3.7/site-packages/airflow/example_dags/example_trigger_target_dag.py
[2024-02-28T18:37:50.894+0000] {processor.py:836} INFO - DAG(s) dict_keys(['example_trigger_target_dag']) retrieved from /home/airflow/.local/lib/python3.7/site-packages/airflow/example_dags/example_trigger_target_dag.py
[2024-02-28T18:37:50.921+0000] {logging_mixin.py:150} INFO - [2024-02-28T18:37:50.921+0000] {dag.py:2742} INFO - Sync 1 DAGs
[2024-02-28T18:37:50.951+0000] {logging_mixin.py:150} INFO - [2024-02-28T18:37:50.950+0000] {dag.py:3508} INFO - Setting next_dagrun for example_trigger_target_dag to None, run_after=None
[2024-02-28T18:37:50.973+0000] {processor.py:179} INFO - Processing /home/airflow/.local/lib/python3.7/site-packages/airflow/example_dags/example_trigger_target_dag.py took 0.095 seconds
[2024-02-28T18:38:21.352+0000] {processor.py:157} INFO - Started process (PID=695) to work on /home/airflow/.local/lib/python3.7/site-packages/airflow/example_dags/example_trigger_target_dag.py
[2024-02-28T18:38:21.354+0000] {processor.py:826} INFO - Processing file /home/airflow/.local/lib/python3.7/site-packages/airflow/example_dags/example_trigger_target_dag.py for tasks to queue
[2024-02-28T18:38:21.356+0000] {logging_mixin.py:150} INFO - [2024-02-28T18:38:21.355+0000] {dagbag.py:541} INFO - Filling up the DagBag from /home/airflow/.local/lib/python3.7/site-packages/airflow/example_dags/example_trigger_target_dag.py
[2024-02-28T18:38:21.362+0000] {processor.py:836} INFO - DAG(s) dict_keys(['example_trigger_target_dag']) retrieved from /home/airflow/.local/lib/python3.7/site-packages/airflow/example_dags/example_trigger_target_dag.py
[2024-02-28T18:38:21.393+0000] {logging_mixin.py:150} INFO - [2024-02-28T18:38:21.392+0000] {dag.py:2742} INFO - Sync 1 DAGs
[2024-02-28T18:38:21.420+0000] {logging_mixin.py:150} INFO - [2024-02-28T18:38:21.419+0000] {dag.py:3508} INFO - Setting next_dagrun for example_trigger_target_dag to None, run_after=None
[2024-02-28T18:38:21.450+0000] {processor.py:179} INFO - Processing /home/airflow/.local/lib/python3.7/site-packages/airflow/example_dags/example_trigger_target_dag.py took 0.102 seconds
[2024-02-28T18:38:52.465+0000] {processor.py:157} INFO - Started process (PID=757) to work on /home/airflow/.local/lib/python3.7/site-packages/airflow/example_dags/example_trigger_target_dag.py
[2024-02-28T18:38:52.468+0000] {processor.py:826} INFO - Processing file /home/airflow/.local/lib/python3.7/site-packages/airflow/example_dags/example_trigger_target_dag.py for tasks to queue
[2024-02-28T18:38:52.470+0000] {logging_mixin.py:150} INFO - [2024-02-28T18:38:52.470+0000] {dagbag.py:541} INFO - Filling up the DagBag from /home/airflow/.local/lib/python3.7/site-packages/airflow/example_dags/example_trigger_target_dag.py
[2024-02-28T18:38:52.476+0000] {processor.py:836} INFO - DAG(s) dict_keys(['example_trigger_target_dag']) retrieved from /home/airflow/.local/lib/python3.7/site-packages/airflow/example_dags/example_trigger_target_dag.py
[2024-02-28T18:38:52.514+0000] {logging_mixin.py:150} INFO - [2024-02-28T18:38:52.514+0000] {dag.py:2742} INFO - Sync 1 DAGs
[2024-02-28T18:38:52.546+0000] {logging_mixin.py:150} INFO - [2024-02-28T18:38:52.546+0000] {dag.py:3508} INFO - Setting next_dagrun for example_trigger_target_dag to None, run_after=None
[2024-02-28T18:38:52.572+0000] {processor.py:179} INFO - Processing /home/airflow/.local/lib/python3.7/site-packages/airflow/example_dags/example_trigger_target_dag.py took 0.110 seconds
[2024-02-28T18:39:23.253+0000] {processor.py:157} INFO - Started process (PID=820) to work on /home/airflow/.local/lib/python3.7/site-packages/airflow/example_dags/example_trigger_target_dag.py
[2024-02-28T18:39:23.254+0000] {processor.py:826} INFO - Processing file /home/airflow/.local/lib/python3.7/site-packages/airflow/example_dags/example_trigger_target_dag.py for tasks to queue
[2024-02-28T18:39:23.256+0000] {logging_mixin.py:150} INFO - [2024-02-28T18:39:23.256+0000] {dagbag.py:541} INFO - Filling up the DagBag from /home/airflow/.local/lib/python3.7/site-packages/airflow/example_dags/example_trigger_target_dag.py
[2024-02-28T18:39:23.262+0000] {processor.py:836} INFO - DAG(s) dict_keys(['example_trigger_target_dag']) retrieved from /home/airflow/.local/lib/python3.7/site-packages/airflow/example_dags/example_trigger_target_dag.py
[2024-02-28T18:39:23.298+0000] {logging_mixin.py:150} INFO - [2024-02-28T18:39:23.298+0000] {dag.py:2742} INFO - Sync 1 DAGs
[2024-02-28T18:39:23.354+0000] {logging_mixin.py:150} INFO - [2024-02-28T18:39:23.354+0000] {dag.py:3508} INFO - Setting next_dagrun for example_trigger_target_dag to None, run_after=None
[2024-02-28T18:39:23.387+0000] {processor.py:179} INFO - Processing /home/airflow/.local/lib/python3.7/site-packages/airflow/example_dags/example_trigger_target_dag.py took 0.137 seconds
[2024-02-28T18:39:53.622+0000] {processor.py:157} INFO - Started process (PID=884) to work on /home/airflow/.local/lib/python3.7/site-packages/airflow/example_dags/example_trigger_target_dag.py
[2024-02-28T18:39:53.627+0000] {processor.py:826} INFO - Processing file /home/airflow/.local/lib/python3.7/site-packages/airflow/example_dags/example_trigger_target_dag.py for tasks to queue
[2024-02-28T18:39:53.631+0000] {logging_mixin.py:150} INFO - [2024-02-28T18:39:53.630+0000] {dagbag.py:541} INFO - Filling up the DagBag from /home/airflow/.local/lib/python3.7/site-packages/airflow/example_dags/example_trigger_target_dag.py
[2024-02-28T18:39:53.638+0000] {processor.py:836} INFO - DAG(s) dict_keys(['example_trigger_target_dag']) retrieved from /home/airflow/.local/lib/python3.7/site-packages/airflow/example_dags/example_trigger_target_dag.py
[2024-02-28T18:39:53.676+0000] {logging_mixin.py:150} INFO - [2024-02-28T18:39:53.676+0000] {dag.py:2742} INFO - Sync 1 DAGs
[2024-02-28T18:39:53.706+0000] {logging_mixin.py:150} INFO - [2024-02-28T18:39:53.706+0000] {dag.py:3508} INFO - Setting next_dagrun for example_trigger_target_dag to None, run_after=None
[2024-02-28T18:39:53.731+0000] {processor.py:179} INFO - Processing /home/airflow/.local/lib/python3.7/site-packages/airflow/example_dags/example_trigger_target_dag.py took 0.113 seconds
[2024-02-28T18:40:24.159+0000] {processor.py:157} INFO - Started process (PID=947) to work on /home/airflow/.local/lib/python3.7/site-packages/airflow/example_dags/example_trigger_target_dag.py
[2024-02-28T18:40:24.161+0000] {processor.py:826} INFO - Processing file /home/airflow/.local/lib/python3.7/site-packages/airflow/example_dags/example_trigger_target_dag.py for tasks to queue
[2024-02-28T18:40:24.163+0000] {logging_mixin.py:150} INFO - [2024-02-28T18:40:24.163+0000] {dagbag.py:541} INFO - Filling up the DagBag from /home/airflow/.local/lib/python3.7/site-packages/airflow/example_dags/example_trigger_target_dag.py
[2024-02-28T18:40:24.170+0000] {processor.py:836} INFO - DAG(s) dict_keys(['example_trigger_target_dag']) retrieved from /home/airflow/.local/lib/python3.7/site-packages/airflow/example_dags/example_trigger_target_dag.py
[2024-02-28T18:40:24.198+0000] {logging_mixin.py:150} INFO - [2024-02-28T18:40:24.197+0000] {dag.py:2742} INFO - Sync 1 DAGs
[2024-02-28T18:40:24.218+0000] {logging_mixin.py:150} INFO - [2024-02-28T18:40:24.218+0000] {dag.py:3508} INFO - Setting next_dagrun for example_trigger_target_dag to None, run_after=None
[2024-02-28T18:40:24.236+0000] {processor.py:179} INFO - Processing /home/airflow/.local/lib/python3.7/site-packages/airflow/example_dags/example_trigger_target_dag.py took 0.080 seconds
[2024-02-28T18:40:54.719+0000] {processor.py:157} INFO - Started process (PID=1010) to work on /home/airflow/.local/lib/python3.7/site-packages/airflow/example_dags/example_trigger_target_dag.py
[2024-02-28T18:40:54.721+0000] {processor.py:826} INFO - Processing file /home/airflow/.local/lib/python3.7/site-packages/airflow/example_dags/example_trigger_target_dag.py for tasks to queue
[2024-02-28T18:40:54.724+0000] {logging_mixin.py:150} INFO - [2024-02-28T18:40:54.724+0000] {dagbag.py:541} INFO - Filling up the DagBag from /home/airflow/.local/lib/python3.7/site-packages/airflow/example_dags/example_trigger_target_dag.py
[2024-02-28T18:40:54.730+0000] {processor.py:836} INFO - DAG(s) dict_keys(['example_trigger_target_dag']) retrieved from /home/airflow/.local/lib/python3.7/site-packages/airflow/example_dags/example_trigger_target_dag.py
[2024-02-28T18:40:54.754+0000] {logging_mixin.py:150} INFO - [2024-02-28T18:40:54.754+0000] {dag.py:2742} INFO - Sync 1 DAGs
[2024-02-28T18:40:54.776+0000] {logging_mixin.py:150} INFO - [2024-02-28T18:40:54.776+0000] {dag.py:3508} INFO - Setting next_dagrun for example_trigger_target_dag to None, run_after=None
[2024-02-28T18:40:54.794+0000] {processor.py:179} INFO - Processing /home/airflow/.local/lib/python3.7/site-packages/airflow/example_dags/example_trigger_target_dag.py took 0.080 seconds
[2024-02-28T18:41:25.318+0000] {processor.py:157} INFO - Started process (PID=1073) to work on /home/airflow/.local/lib/python3.7/site-packages/airflow/example_dags/example_trigger_target_dag.py
[2024-02-28T18:41:25.323+0000] {processor.py:826} INFO - Processing file /home/airflow/.local/lib/python3.7/site-packages/airflow/example_dags/example_trigger_target_dag.py for tasks to queue
[2024-02-28T18:41:25.325+0000] {logging_mixin.py:150} INFO - [2024-02-28T18:41:25.325+0000] {dagbag.py:541} INFO - Filling up the DagBag from /home/airflow/.local/lib/python3.7/site-packages/airflow/example_dags/example_trigger_target_dag.py
[2024-02-28T18:41:25.331+0000] {processor.py:836} INFO - DAG(s) dict_keys(['example_trigger_target_dag']) retrieved from /home/airflow/.local/lib/python3.7/site-packages/airflow/example_dags/example_trigger_target_dag.py
[2024-02-28T18:41:25.358+0000] {logging_mixin.py:150} INFO - [2024-02-28T18:41:25.358+0000] {dag.py:2742} INFO - Sync 1 DAGs
[2024-02-28T18:41:25.379+0000] {logging_mixin.py:150} INFO - [2024-02-28T18:41:25.379+0000] {dag.py:3508} INFO - Setting next_dagrun for example_trigger_target_dag to None, run_after=None
[2024-02-28T18:41:25.397+0000] {processor.py:179} INFO - Processing /home/airflow/.local/lib/python3.7/site-packages/airflow/example_dags/example_trigger_target_dag.py took 0.084 seconds
[2024-02-28T18:41:55.722+0000] {processor.py:157} INFO - Started process (PID=1136) to work on /home/airflow/.local/lib/python3.7/site-packages/airflow/example_dags/example_trigger_target_dag.py
[2024-02-28T18:41:55.726+0000] {processor.py:826} INFO - Processing file /home/airflow/.local/lib/python3.7/site-packages/airflow/example_dags/example_trigger_target_dag.py for tasks to queue
[2024-02-28T18:41:55.727+0000] {logging_mixin.py:150} INFO - [2024-02-28T18:41:55.727+0000] {dagbag.py:541} INFO - Filling up the DagBag from /home/airflow/.local/lib/python3.7/site-packages/airflow/example_dags/example_trigger_target_dag.py
[2024-02-28T18:41:55.738+0000] {processor.py:836} INFO - DAG(s) dict_keys(['example_trigger_target_dag']) retrieved from /home/airflow/.local/lib/python3.7/site-packages/airflow/example_dags/example_trigger_target_dag.py
[2024-02-28T18:41:55.766+0000] {logging_mixin.py:150} INFO - [2024-02-28T18:41:55.766+0000] {dag.py:2742} INFO - Sync 1 DAGs
[2024-02-28T18:41:55.790+0000] {logging_mixin.py:150} INFO - [2024-02-28T18:41:55.790+0000] {dag.py:3508} INFO - Setting next_dagrun for example_trigger_target_dag to None, run_after=None
[2024-02-28T18:41:55.815+0000] {processor.py:179} INFO - Processing /home/airflow/.local/lib/python3.7/site-packages/airflow/example_dags/example_trigger_target_dag.py took 0.098 seconds
[2024-02-28T18:42:26.496+0000] {processor.py:157} INFO - Started process (PID=1199) to work on /home/airflow/.local/lib/python3.7/site-packages/airflow/example_dags/example_trigger_target_dag.py
[2024-02-28T18:42:26.501+0000] {processor.py:826} INFO - Processing file /home/airflow/.local/lib/python3.7/site-packages/airflow/example_dags/example_trigger_target_dag.py for tasks to queue
[2024-02-28T18:42:26.505+0000] {logging_mixin.py:150} INFO - [2024-02-28T18:42:26.504+0000] {dagbag.py:541} INFO - Filling up the DagBag from /home/airflow/.local/lib/python3.7/site-packages/airflow/example_dags/example_trigger_target_dag.py
[2024-02-28T18:42:26.527+0000] {processor.py:836} INFO - DAG(s) dict_keys(['example_trigger_target_dag']) retrieved from /home/airflow/.local/lib/python3.7/site-packages/airflow/example_dags/example_trigger_target_dag.py
[2024-02-28T18:42:26.621+0000] {logging_mixin.py:150} INFO - [2024-02-28T18:42:26.621+0000] {dag.py:2742} INFO - Sync 1 DAGs
[2024-02-28T18:42:26.668+0000] {logging_mixin.py:150} INFO - [2024-02-28T18:42:26.668+0000] {dag.py:3508} INFO - Setting next_dagrun for example_trigger_target_dag to None, run_after=None
[2024-02-28T18:42:26.694+0000] {processor.py:179} INFO - Processing /home/airflow/.local/lib/python3.7/site-packages/airflow/example_dags/example_trigger_target_dag.py took 0.203 seconds
[2024-02-28T18:42:57.079+0000] {processor.py:157} INFO - Started process (PID=1262) to work on /home/airflow/.local/lib/python3.7/site-packages/airflow/example_dags/example_trigger_target_dag.py
[2024-02-28T18:42:57.081+0000] {processor.py:826} INFO - Processing file /home/airflow/.local/lib/python3.7/site-packages/airflow/example_dags/example_trigger_target_dag.py for tasks to queue
[2024-02-28T18:42:57.082+0000] {logging_mixin.py:150} INFO - [2024-02-28T18:42:57.082+0000] {dagbag.py:541} INFO - Filling up the DagBag from /home/airflow/.local/lib/python3.7/site-packages/airflow/example_dags/example_trigger_target_dag.py
[2024-02-28T18:42:57.089+0000] {processor.py:836} INFO - DAG(s) dict_keys(['example_trigger_target_dag']) retrieved from /home/airflow/.local/lib/python3.7/site-packages/airflow/example_dags/example_trigger_target_dag.py
[2024-02-28T18:42:57.121+0000] {logging_mixin.py:150} INFO - [2024-02-28T18:42:57.121+0000] {dag.py:2742} INFO - Sync 1 DAGs
[2024-02-28T18:42:57.153+0000] {logging_mixin.py:150} INFO - [2024-02-28T18:42:57.152+0000] {dag.py:3508} INFO - Setting next_dagrun for example_trigger_target_dag to None, run_after=None
[2024-02-28T18:42:57.173+0000] {processor.py:179} INFO - Processing /home/airflow/.local/lib/python3.7/site-packages/airflow/example_dags/example_trigger_target_dag.py took 0.097 seconds
[2024-02-28T18:43:28.013+0000] {processor.py:157} INFO - Started process (PID=1325) to work on /home/airflow/.local/lib/python3.7/site-packages/airflow/example_dags/example_trigger_target_dag.py
[2024-02-28T18:43:28.015+0000] {processor.py:826} INFO - Processing file /home/airflow/.local/lib/python3.7/site-packages/airflow/example_dags/example_trigger_target_dag.py for tasks to queue
[2024-02-28T18:43:28.017+0000] {logging_mixin.py:150} INFO - [2024-02-28T18:43:28.017+0000] {dagbag.py:541} INFO - Filling up the DagBag from /home/airflow/.local/lib/python3.7/site-packages/airflow/example_dags/example_trigger_target_dag.py
[2024-02-28T18:43:28.026+0000] {processor.py:836} INFO - DAG(s) dict_keys(['example_trigger_target_dag']) retrieved from /home/airflow/.local/lib/python3.7/site-packages/airflow/example_dags/example_trigger_target_dag.py
[2024-02-28T18:43:28.057+0000] {logging_mixin.py:150} INFO - [2024-02-28T18:43:28.056+0000] {dag.py:2742} INFO - Sync 1 DAGs
[2024-02-28T18:43:28.082+0000] {logging_mixin.py:150} INFO - [2024-02-28T18:43:28.082+0000] {dag.py:3508} INFO - Setting next_dagrun for example_trigger_target_dag to None, run_after=None
[2024-02-28T18:43:28.107+0000] {processor.py:179} INFO - Processing /home/airflow/.local/lib/python3.7/site-packages/airflow/example_dags/example_trigger_target_dag.py took 0.097 seconds
[2024-02-28T18:43:58.520+0000] {processor.py:157} INFO - Started process (PID=1388) to work on /home/airflow/.local/lib/python3.7/site-packages/airflow/example_dags/example_trigger_target_dag.py
[2024-02-28T18:43:58.522+0000] {processor.py:826} INFO - Processing file /home/airflow/.local/lib/python3.7/site-packages/airflow/example_dags/example_trigger_target_dag.py for tasks to queue
[2024-02-28T18:43:58.524+0000] {logging_mixin.py:150} INFO - [2024-02-28T18:43:58.524+0000] {dagbag.py:541} INFO - Filling up the DagBag from /home/airflow/.local/lib/python3.7/site-packages/airflow/example_dags/example_trigger_target_dag.py
[2024-02-28T18:43:58.531+0000] {processor.py:836} INFO - DAG(s) dict_keys(['example_trigger_target_dag']) retrieved from /home/airflow/.local/lib/python3.7/site-packages/airflow/example_dags/example_trigger_target_dag.py
[2024-02-28T18:43:58.562+0000] {logging_mixin.py:150} INFO - [2024-02-28T18:43:58.562+0000] {dag.py:2742} INFO - Sync 1 DAGs
[2024-02-28T18:43:58.587+0000] {logging_mixin.py:150} INFO - [2024-02-28T18:43:58.587+0000] {dag.py:3508} INFO - Setting next_dagrun for example_trigger_target_dag to None, run_after=None
[2024-02-28T18:43:58.604+0000] {processor.py:179} INFO - Processing /home/airflow/.local/lib/python3.7/site-packages/airflow/example_dags/example_trigger_target_dag.py took 0.087 seconds
[2024-02-28T18:44:29.345+0000] {processor.py:157} INFO - Started process (PID=1451) to work on /home/airflow/.local/lib/python3.7/site-packages/airflow/example_dags/example_trigger_target_dag.py
[2024-02-28T18:44:29.347+0000] {processor.py:826} INFO - Processing file /home/airflow/.local/lib/python3.7/site-packages/airflow/example_dags/example_trigger_target_dag.py for tasks to queue
[2024-02-28T18:44:29.349+0000] {logging_mixin.py:150} INFO - [2024-02-28T18:44:29.349+0000] {dagbag.py:541} INFO - Filling up the DagBag from /home/airflow/.local/lib/python3.7/site-packages/airflow/example_dags/example_trigger_target_dag.py
[2024-02-28T18:44:29.355+0000] {processor.py:836} INFO - DAG(s) dict_keys(['example_trigger_target_dag']) retrieved from /home/airflow/.local/lib/python3.7/site-packages/airflow/example_dags/example_trigger_target_dag.py
[2024-02-28T18:44:29.383+0000] {logging_mixin.py:150} INFO - [2024-02-28T18:44:29.383+0000] {dag.py:2742} INFO - Sync 1 DAGs
[2024-02-28T18:44:29.410+0000] {logging_mixin.py:150} INFO - [2024-02-28T18:44:29.410+0000] {dag.py:3508} INFO - Setting next_dagrun for example_trigger_target_dag to None, run_after=None
[2024-02-28T18:44:29.434+0000] {processor.py:179} INFO - Processing /home/airflow/.local/lib/python3.7/site-packages/airflow/example_dags/example_trigger_target_dag.py took 0.093 seconds
[2024-02-28T18:44:59.521+0000] {processor.py:157} INFO - Started process (PID=1514) to work on /home/airflow/.local/lib/python3.7/site-packages/airflow/example_dags/example_trigger_target_dag.py
[2024-02-28T18:44:59.523+0000] {processor.py:826} INFO - Processing file /home/airflow/.local/lib/python3.7/site-packages/airflow/example_dags/example_trigger_target_dag.py for tasks to queue
[2024-02-28T18:44:59.525+0000] {logging_mixin.py:150} INFO - [2024-02-28T18:44:59.524+0000] {dagbag.py:541} INFO - Filling up the DagBag from /home/airflow/.local/lib/python3.7/site-packages/airflow/example_dags/example_trigger_target_dag.py
[2024-02-28T18:44:59.531+0000] {processor.py:836} INFO - DAG(s) dict_keys(['example_trigger_target_dag']) retrieved from /home/airflow/.local/lib/python3.7/site-packages/airflow/example_dags/example_trigger_target_dag.py
[2024-02-28T18:44:59.570+0000] {logging_mixin.py:150} INFO - [2024-02-28T18:44:59.570+0000] {dag.py:2742} INFO - Sync 1 DAGs
[2024-02-28T18:44:59.607+0000] {logging_mixin.py:150} INFO - [2024-02-28T18:44:59.607+0000] {dag.py:3508} INFO - Setting next_dagrun for example_trigger_target_dag to None, run_after=None
[2024-02-28T18:44:59.638+0000] {processor.py:179} INFO - Processing /home/airflow/.local/lib/python3.7/site-packages/airflow/example_dags/example_trigger_target_dag.py took 0.120 seconds
[2024-02-28T18:45:29.860+0000] {processor.py:157} INFO - Started process (PID=1578) to work on /home/airflow/.local/lib/python3.7/site-packages/airflow/example_dags/example_trigger_target_dag.py
[2024-02-28T18:45:29.862+0000] {processor.py:826} INFO - Processing file /home/airflow/.local/lib/python3.7/site-packages/airflow/example_dags/example_trigger_target_dag.py for tasks to queue
[2024-02-28T18:45:29.865+0000] {logging_mixin.py:150} INFO - [2024-02-28T18:45:29.864+0000] {dagbag.py:541} INFO - Filling up the DagBag from /home/airflow/.local/lib/python3.7/site-packages/airflow/example_dags/example_trigger_target_dag.py
[2024-02-28T18:45:29.875+0000] {processor.py:836} INFO - DAG(s) dict_keys(['example_trigger_target_dag']) retrieved from /home/airflow/.local/lib/python3.7/site-packages/airflow/example_dags/example_trigger_target_dag.py
[2024-02-28T18:45:29.906+0000] {logging_mixin.py:150} INFO - [2024-02-28T18:45:29.905+0000] {dag.py:2742} INFO - Sync 1 DAGs
[2024-02-28T18:45:29.930+0000] {logging_mixin.py:150} INFO - [2024-02-28T18:45:29.930+0000] {dag.py:3508} INFO - Setting next_dagrun for example_trigger_target_dag to None, run_after=None
[2024-02-28T18:45:29.948+0000] {processor.py:179} INFO - Processing /home/airflow/.local/lib/python3.7/site-packages/airflow/example_dags/example_trigger_target_dag.py took 0.092 seconds
[2024-02-28T18:46:00.902+0000] {processor.py:157} INFO - Started process (PID=1641) to work on /home/airflow/.local/lib/python3.7/site-packages/airflow/example_dags/example_trigger_target_dag.py
[2024-02-28T18:46:00.906+0000] {processor.py:826} INFO - Processing file /home/airflow/.local/lib/python3.7/site-packages/airflow/example_dags/example_trigger_target_dag.py for tasks to queue
[2024-02-28T18:46:00.908+0000] {logging_mixin.py:150} INFO - [2024-02-28T18:46:00.908+0000] {dagbag.py:541} INFO - Filling up the DagBag from /home/airflow/.local/lib/python3.7/site-packages/airflow/example_dags/example_trigger_target_dag.py
[2024-02-28T18:46:00.918+0000] {processor.py:836} INFO - DAG(s) dict_keys(['example_trigger_target_dag']) retrieved from /home/airflow/.local/lib/python3.7/site-packages/airflow/example_dags/example_trigger_target_dag.py
[2024-02-28T18:46:00.945+0000] {logging_mixin.py:150} INFO - [2024-02-28T18:46:00.945+0000] {dag.py:2742} INFO - Sync 1 DAGs
[2024-02-28T18:46:00.969+0000] {logging_mixin.py:150} INFO - [2024-02-28T18:46:00.969+0000] {dag.py:3508} INFO - Setting next_dagrun for example_trigger_target_dag to None, run_after=None
[2024-02-28T18:46:00.987+0000] {processor.py:179} INFO - Processing /home/airflow/.local/lib/python3.7/site-packages/airflow/example_dags/example_trigger_target_dag.py took 0.090 seconds
[2024-02-28T18:46:31.274+0000] {processor.py:157} INFO - Started process (PID=1704) to work on /home/airflow/.local/lib/python3.7/site-packages/airflow/example_dags/example_trigger_target_dag.py
[2024-02-28T18:46:31.279+0000] {processor.py:826} INFO - Processing file /home/airflow/.local/lib/python3.7/site-packages/airflow/example_dags/example_trigger_target_dag.py for tasks to queue
[2024-02-28T18:46:31.284+0000] {logging_mixin.py:150} INFO - [2024-02-28T18:46:31.284+0000] {dagbag.py:541} INFO - Filling up the DagBag from /home/airflow/.local/lib/python3.7/site-packages/airflow/example_dags/example_trigger_target_dag.py
[2024-02-28T18:46:31.299+0000] {processor.py:836} INFO - DAG(s) dict_keys(['example_trigger_target_dag']) retrieved from /home/airflow/.local/lib/python3.7/site-packages/airflow/example_dags/example_trigger_target_dag.py
[2024-02-28T18:46:31.336+0000] {logging_mixin.py:150} INFO - [2024-02-28T18:46:31.336+0000] {dag.py:2742} INFO - Sync 1 DAGs
[2024-02-28T18:46:31.366+0000] {logging_mixin.py:150} INFO - [2024-02-28T18:46:31.365+0000] {dag.py:3508} INFO - Setting next_dagrun for example_trigger_target_dag to None, run_after=None
[2024-02-28T18:46:31.390+0000] {processor.py:179} INFO - Processing /home/airflow/.local/lib/python3.7/site-packages/airflow/example_dags/example_trigger_target_dag.py took 0.124 seconds
[2024-02-28T18:47:01.707+0000] {processor.py:157} INFO - Started process (PID=1767) to work on /home/airflow/.local/lib/python3.7/site-packages/airflow/example_dags/example_trigger_target_dag.py
[2024-02-28T18:47:01.709+0000] {processor.py:826} INFO - Processing file /home/airflow/.local/lib/python3.7/site-packages/airflow/example_dags/example_trigger_target_dag.py for tasks to queue
[2024-02-28T18:47:01.712+0000] {logging_mixin.py:150} INFO - [2024-02-28T18:47:01.711+0000] {dagbag.py:541} INFO - Filling up the DagBag from /home/airflow/.local/lib/python3.7/site-packages/airflow/example_dags/example_trigger_target_dag.py
[2024-02-28T18:47:01.721+0000] {processor.py:836} INFO - DAG(s) dict_keys(['example_trigger_target_dag']) retrieved from /home/airflow/.local/lib/python3.7/site-packages/airflow/example_dags/example_trigger_target_dag.py
[2024-02-28T18:47:01.746+0000] {logging_mixin.py:150} INFO - [2024-02-28T18:47:01.746+0000] {dag.py:2742} INFO - Sync 1 DAGs
[2024-02-28T18:47:01.767+0000] {logging_mixin.py:150} INFO - [2024-02-28T18:47:01.767+0000] {dag.py:3508} INFO - Setting next_dagrun for example_trigger_target_dag to None, run_after=None
[2024-02-28T18:47:01.785+0000] {processor.py:179} INFO - Processing /home/airflow/.local/lib/python3.7/site-packages/airflow/example_dags/example_trigger_target_dag.py took 0.082 seconds
[2024-02-28T18:47:32.342+0000] {processor.py:157} INFO - Started process (PID=1830) to work on /home/airflow/.local/lib/python3.7/site-packages/airflow/example_dags/example_trigger_target_dag.py
[2024-02-28T18:47:32.345+0000] {processor.py:826} INFO - Processing file /home/airflow/.local/lib/python3.7/site-packages/airflow/example_dags/example_trigger_target_dag.py for tasks to queue
[2024-02-28T18:47:32.347+0000] {logging_mixin.py:150} INFO - [2024-02-28T18:47:32.347+0000] {dagbag.py:541} INFO - Filling up the DagBag from /home/airflow/.local/lib/python3.7/site-packages/airflow/example_dags/example_trigger_target_dag.py
[2024-02-28T18:47:32.353+0000] {processor.py:836} INFO - DAG(s) dict_keys(['example_trigger_target_dag']) retrieved from /home/airflow/.local/lib/python3.7/site-packages/airflow/example_dags/example_trigger_target_dag.py
[2024-02-28T18:47:32.383+0000] {logging_mixin.py:150} INFO - [2024-02-28T18:47:32.383+0000] {dag.py:2742} INFO - Sync 1 DAGs
[2024-02-28T18:47:32.405+0000] {logging_mixin.py:150} INFO - [2024-02-28T18:47:32.405+0000] {dag.py:3508} INFO - Setting next_dagrun for example_trigger_target_dag to None, run_after=None
[2024-02-28T18:47:32.430+0000] {processor.py:179} INFO - Processing /home/airflow/.local/lib/python3.7/site-packages/airflow/example_dags/example_trigger_target_dag.py took 0.094 seconds
[2024-02-28T18:48:02.659+0000] {processor.py:157} INFO - Started process (PID=1893) to work on /home/airflow/.local/lib/python3.7/site-packages/airflow/example_dags/example_trigger_target_dag.py
[2024-02-28T18:48:02.663+0000] {processor.py:826} INFO - Processing file /home/airflow/.local/lib/python3.7/site-packages/airflow/example_dags/example_trigger_target_dag.py for tasks to queue
[2024-02-28T18:48:02.665+0000] {logging_mixin.py:150} INFO - [2024-02-28T18:48:02.665+0000] {dagbag.py:541} INFO - Filling up the DagBag from /home/airflow/.local/lib/python3.7/site-packages/airflow/example_dags/example_trigger_target_dag.py
[2024-02-28T18:48:02.672+0000] {processor.py:836} INFO - DAG(s) dict_keys(['example_trigger_target_dag']) retrieved from /home/airflow/.local/lib/python3.7/site-packages/airflow/example_dags/example_trigger_target_dag.py
[2024-02-28T18:48:02.699+0000] {logging_mixin.py:150} INFO - [2024-02-28T18:48:02.699+0000] {dag.py:2742} INFO - Sync 1 DAGs
[2024-02-28T18:48:02.727+0000] {logging_mixin.py:150} INFO - [2024-02-28T18:48:02.726+0000] {dag.py:3508} INFO - Setting next_dagrun for example_trigger_target_dag to None, run_after=None
[2024-02-28T18:48:02.768+0000] {processor.py:179} INFO - Processing /home/airflow/.local/lib/python3.7/site-packages/airflow/example_dags/example_trigger_target_dag.py took 0.112 seconds
[2024-02-28T18:48:33.649+0000] {processor.py:157} INFO - Started process (PID=1955) to work on /home/airflow/.local/lib/python3.7/site-packages/airflow/example_dags/example_trigger_target_dag.py
[2024-02-28T18:48:33.653+0000] {processor.py:826} INFO - Processing file /home/airflow/.local/lib/python3.7/site-packages/airflow/example_dags/example_trigger_target_dag.py for tasks to queue
[2024-02-28T18:48:33.655+0000] {logging_mixin.py:150} INFO - [2024-02-28T18:48:33.655+0000] {dagbag.py:541} INFO - Filling up the DagBag from /home/airflow/.local/lib/python3.7/site-packages/airflow/example_dags/example_trigger_target_dag.py
[2024-02-28T18:48:33.664+0000] {processor.py:836} INFO - DAG(s) dict_keys(['example_trigger_target_dag']) retrieved from /home/airflow/.local/lib/python3.7/site-packages/airflow/example_dags/example_trigger_target_dag.py
[2024-02-28T18:48:33.699+0000] {logging_mixin.py:150} INFO - [2024-02-28T18:48:33.698+0000] {dag.py:2742} INFO - Sync 1 DAGs
[2024-02-28T18:48:33.727+0000] {logging_mixin.py:150} INFO - [2024-02-28T18:48:33.726+0000] {dag.py:3508} INFO - Setting next_dagrun for example_trigger_target_dag to None, run_after=None
[2024-02-28T18:48:33.754+0000] {processor.py:179} INFO - Processing /home/airflow/.local/lib/python3.7/site-packages/airflow/example_dags/example_trigger_target_dag.py took 0.111 seconds
[2024-02-28T18:49:08.707+0000] {processor.py:157} INFO - Started process (PID=2025) to work on /home/airflow/.local/lib/python3.7/site-packages/airflow/example_dags/example_trigger_target_dag.py
[2024-02-28T18:49:08.710+0000] {processor.py:826} INFO - Processing file /home/airflow/.local/lib/python3.7/site-packages/airflow/example_dags/example_trigger_target_dag.py for tasks to queue
[2024-02-28T18:49:08.714+0000] {logging_mixin.py:150} INFO - [2024-02-28T18:49:08.713+0000] {dagbag.py:541} INFO - Filling up the DagBag from /home/airflow/.local/lib/python3.7/site-packages/airflow/example_dags/example_trigger_target_dag.py
[2024-02-28T18:49:08.728+0000] {processor.py:836} INFO - DAG(s) dict_keys(['example_trigger_target_dag']) retrieved from /home/airflow/.local/lib/python3.7/site-packages/airflow/example_dags/example_trigger_target_dag.py
[2024-02-28T18:49:08.812+0000] {logging_mixin.py:150} INFO - [2024-02-28T18:49:08.811+0000] {dag.py:2742} INFO - Sync 1 DAGs
[2024-02-28T18:49:08.944+0000] {logging_mixin.py:150} INFO - [2024-02-28T18:49:08.943+0000] {dag.py:3508} INFO - Setting next_dagrun for example_trigger_target_dag to None, run_after=None
[2024-02-28T18:49:09.044+0000] {processor.py:179} INFO - Processing /home/airflow/.local/lib/python3.7/site-packages/airflow/example_dags/example_trigger_target_dag.py took 0.346 seconds
[2024-02-28T18:49:39.866+0000] {processor.py:157} INFO - Started process (PID=2096) to work on /home/airflow/.local/lib/python3.7/site-packages/airflow/example_dags/example_trigger_target_dag.py
[2024-02-28T18:49:39.870+0000] {processor.py:826} INFO - Processing file /home/airflow/.local/lib/python3.7/site-packages/airflow/example_dags/example_trigger_target_dag.py for tasks to queue
[2024-02-28T18:49:39.873+0000] {logging_mixin.py:150} INFO - [2024-02-28T18:49:39.872+0000] {dagbag.py:541} INFO - Filling up the DagBag from /home/airflow/.local/lib/python3.7/site-packages/airflow/example_dags/example_trigger_target_dag.py
[2024-02-28T18:49:39.884+0000] {processor.py:836} INFO - DAG(s) dict_keys(['example_trigger_target_dag']) retrieved from /home/airflow/.local/lib/python3.7/site-packages/airflow/example_dags/example_trigger_target_dag.py
[2024-02-28T18:49:39.920+0000] {logging_mixin.py:150} INFO - [2024-02-28T18:49:39.920+0000] {dag.py:2742} INFO - Sync 1 DAGs
[2024-02-28T18:49:39.960+0000] {logging_mixin.py:150} INFO - [2024-02-28T18:49:39.960+0000] {dag.py:3508} INFO - Setting next_dagrun for example_trigger_target_dag to None, run_after=None
[2024-02-28T18:49:39.993+0000] {processor.py:179} INFO - Processing /home/airflow/.local/lib/python3.7/site-packages/airflow/example_dags/example_trigger_target_dag.py took 0.134 seconds
[2024-02-28T18:50:10.076+0000] {processor.py:157} INFO - Started process (PID=2159) to work on /home/airflow/.local/lib/python3.7/site-packages/airflow/example_dags/example_trigger_target_dag.py
[2024-02-28T18:50:10.080+0000] {processor.py:826} INFO - Processing file /home/airflow/.local/lib/python3.7/site-packages/airflow/example_dags/example_trigger_target_dag.py for tasks to queue
[2024-02-28T18:50:10.082+0000] {logging_mixin.py:150} INFO - [2024-02-28T18:50:10.081+0000] {dagbag.py:541} INFO - Filling up the DagBag from /home/airflow/.local/lib/python3.7/site-packages/airflow/example_dags/example_trigger_target_dag.py
[2024-02-28T18:50:10.096+0000] {processor.py:836} INFO - DAG(s) dict_keys(['example_trigger_target_dag']) retrieved from /home/airflow/.local/lib/python3.7/site-packages/airflow/example_dags/example_trigger_target_dag.py
[2024-02-28T18:50:10.149+0000] {logging_mixin.py:150} INFO - [2024-02-28T18:50:10.149+0000] {dag.py:2742} INFO - Sync 1 DAGs
[2024-02-28T18:50:10.179+0000] {logging_mixin.py:150} INFO - [2024-02-28T18:50:10.179+0000] {dag.py:3508} INFO - Setting next_dagrun for example_trigger_target_dag to None, run_after=None
[2024-02-28T18:50:10.205+0000] {processor.py:179} INFO - Processing /home/airflow/.local/lib/python3.7/site-packages/airflow/example_dags/example_trigger_target_dag.py took 0.143 seconds
[2024-02-28T18:50:41.243+0000] {processor.py:157} INFO - Started process (PID=2226) to work on /home/airflow/.local/lib/python3.7/site-packages/airflow/example_dags/example_trigger_target_dag.py
[2024-02-28T18:50:41.249+0000] {processor.py:826} INFO - Processing file /home/airflow/.local/lib/python3.7/site-packages/airflow/example_dags/example_trigger_target_dag.py for tasks to queue
[2024-02-28T18:50:41.254+0000] {logging_mixin.py:150} INFO - [2024-02-28T18:50:41.254+0000] {dagbag.py:541} INFO - Filling up the DagBag from /home/airflow/.local/lib/python3.7/site-packages/airflow/example_dags/example_trigger_target_dag.py
[2024-02-28T18:50:41.274+0000] {processor.py:836} INFO - DAG(s) dict_keys(['example_trigger_target_dag']) retrieved from /home/airflow/.local/lib/python3.7/site-packages/airflow/example_dags/example_trigger_target_dag.py
[2024-02-28T18:50:41.317+0000] {logging_mixin.py:150} INFO - [2024-02-28T18:50:41.317+0000] {dag.py:2742} INFO - Sync 1 DAGs
[2024-02-28T18:50:41.349+0000] {logging_mixin.py:150} INFO - [2024-02-28T18:50:41.349+0000] {dag.py:3508} INFO - Setting next_dagrun for example_trigger_target_dag to None, run_after=None
[2024-02-28T18:50:41.372+0000] {processor.py:179} INFO - Processing /home/airflow/.local/lib/python3.7/site-packages/airflow/example_dags/example_trigger_target_dag.py took 0.135 seconds
[2024-02-28T18:51:11.510+0000] {processor.py:157} INFO - Started process (PID=2293) to work on /home/airflow/.local/lib/python3.7/site-packages/airflow/example_dags/example_trigger_target_dag.py
[2024-02-28T18:51:11.520+0000] {processor.py:826} INFO - Processing file /home/airflow/.local/lib/python3.7/site-packages/airflow/example_dags/example_trigger_target_dag.py for tasks to queue
[2024-02-28T18:51:11.524+0000] {logging_mixin.py:150} INFO - [2024-02-28T18:51:11.523+0000] {dagbag.py:541} INFO - Filling up the DagBag from /home/airflow/.local/lib/python3.7/site-packages/airflow/example_dags/example_trigger_target_dag.py
[2024-02-28T18:51:11.544+0000] {processor.py:836} INFO - DAG(s) dict_keys(['example_trigger_target_dag']) retrieved from /home/airflow/.local/lib/python3.7/site-packages/airflow/example_dags/example_trigger_target_dag.py
[2024-02-28T18:51:11.613+0000] {logging_mixin.py:150} INFO - [2024-02-28T18:51:11.612+0000] {dag.py:2742} INFO - Sync 1 DAGs
[2024-02-28T18:51:11.670+0000] {logging_mixin.py:150} INFO - [2024-02-28T18:51:11.670+0000] {dag.py:3508} INFO - Setting next_dagrun for example_trigger_target_dag to None, run_after=None
[2024-02-28T18:51:11.700+0000] {processor.py:179} INFO - Processing /home/airflow/.local/lib/python3.7/site-packages/airflow/example_dags/example_trigger_target_dag.py took 0.200 seconds
[2024-02-28T18:51:41.844+0000] {processor.py:157} INFO - Started process (PID=2357) to work on /home/airflow/.local/lib/python3.7/site-packages/airflow/example_dags/example_trigger_target_dag.py
[2024-02-28T18:51:41.847+0000] {processor.py:826} INFO - Processing file /home/airflow/.local/lib/python3.7/site-packages/airflow/example_dags/example_trigger_target_dag.py for tasks to queue
[2024-02-28T18:51:41.849+0000] {logging_mixin.py:150} INFO - [2024-02-28T18:51:41.849+0000] {dagbag.py:541} INFO - Filling up the DagBag from /home/airflow/.local/lib/python3.7/site-packages/airflow/example_dags/example_trigger_target_dag.py
[2024-02-28T18:51:41.859+0000] {processor.py:836} INFO - DAG(s) dict_keys(['example_trigger_target_dag']) retrieved from /home/airflow/.local/lib/python3.7/site-packages/airflow/example_dags/example_trigger_target_dag.py
[2024-02-28T18:51:41.889+0000] {logging_mixin.py:150} INFO - [2024-02-28T18:51:41.889+0000] {dag.py:2742} INFO - Sync 1 DAGs
[2024-02-28T18:51:41.913+0000] {logging_mixin.py:150} INFO - [2024-02-28T18:51:41.913+0000] {dag.py:3508} INFO - Setting next_dagrun for example_trigger_target_dag to None, run_after=None
[2024-02-28T18:51:41.935+0000] {processor.py:179} INFO - Processing /home/airflow/.local/lib/python3.7/site-packages/airflow/example_dags/example_trigger_target_dag.py took 0.095 seconds
[2024-02-28T18:52:14.113+0000] {processor.py:157} INFO - Started process (PID=2427) to work on /home/airflow/.local/lib/python3.7/site-packages/airflow/example_dags/example_trigger_target_dag.py
[2024-02-28T18:52:14.117+0000] {processor.py:826} INFO - Processing file /home/airflow/.local/lib/python3.7/site-packages/airflow/example_dags/example_trigger_target_dag.py for tasks to queue
[2024-02-28T18:52:14.120+0000] {logging_mixin.py:150} INFO - [2024-02-28T18:52:14.119+0000] {dagbag.py:541} INFO - Filling up the DagBag from /home/airflow/.local/lib/python3.7/site-packages/airflow/example_dags/example_trigger_target_dag.py
[2024-02-28T18:52:14.131+0000] {processor.py:836} INFO - DAG(s) dict_keys(['example_trigger_target_dag']) retrieved from /home/airflow/.local/lib/python3.7/site-packages/airflow/example_dags/example_trigger_target_dag.py
[2024-02-28T18:52:14.195+0000] {logging_mixin.py:150} INFO - [2024-02-28T18:52:14.195+0000] {dag.py:2742} INFO - Sync 1 DAGs
[2024-02-28T18:52:14.232+0000] {logging_mixin.py:150} INFO - [2024-02-28T18:52:14.232+0000] {dag.py:3508} INFO - Setting next_dagrun for example_trigger_target_dag to None, run_after=None
[2024-02-28T18:52:14.257+0000] {processor.py:179} INFO - Processing /home/airflow/.local/lib/python3.7/site-packages/airflow/example_dags/example_trigger_target_dag.py took 0.152 seconds
[2024-02-28T18:52:44.665+0000] {processor.py:157} INFO - Started process (PID=2490) to work on /home/airflow/.local/lib/python3.7/site-packages/airflow/example_dags/example_trigger_target_dag.py
[2024-02-28T18:52:44.670+0000] {processor.py:826} INFO - Processing file /home/airflow/.local/lib/python3.7/site-packages/airflow/example_dags/example_trigger_target_dag.py for tasks to queue
[2024-02-28T18:52:44.674+0000] {logging_mixin.py:150} INFO - [2024-02-28T18:52:44.674+0000] {dagbag.py:541} INFO - Filling up the DagBag from /home/airflow/.local/lib/python3.7/site-packages/airflow/example_dags/example_trigger_target_dag.py
[2024-02-28T18:52:44.688+0000] {processor.py:836} INFO - DAG(s) dict_keys(['example_trigger_target_dag']) retrieved from /home/airflow/.local/lib/python3.7/site-packages/airflow/example_dags/example_trigger_target_dag.py
[2024-02-28T18:52:44.739+0000] {logging_mixin.py:150} INFO - [2024-02-28T18:52:44.738+0000] {dag.py:2742} INFO - Sync 1 DAGs
[2024-02-28T18:52:44.770+0000] {logging_mixin.py:150} INFO - [2024-02-28T18:52:44.770+0000] {dag.py:3508} INFO - Setting next_dagrun for example_trigger_target_dag to None, run_after=None
[2024-02-28T18:52:44.790+0000] {processor.py:179} INFO - Processing /home/airflow/.local/lib/python3.7/site-packages/airflow/example_dags/example_trigger_target_dag.py took 0.136 seconds
