[2024-02-28T18:33:12.700+0000] {processor.py:157} INFO - Started process (PID=61) to work on /home/airflow/.local/lib/python3.7/site-packages/airflow/example_dags/example_short_circuit_decorator.py
[2024-02-28T18:33:12.705+0000] {processor.py:826} INFO - Processing file /home/airflow/.local/lib/python3.7/site-packages/airflow/example_dags/example_short_circuit_decorator.py for tasks to queue
[2024-02-28T18:33:12.709+0000] {logging_mixin.py:150} INFO - [2024-02-28T18:33:12.708+0000] {dagbag.py:541} INFO - Filling up the DagBag from /home/airflow/.local/lib/python3.7/site-packages/airflow/example_dags/example_short_circuit_decorator.py
[2024-02-28T18:33:12.728+0000] {processor.py:836} INFO - DAG(s) dict_keys(['example_short_circuit_decorator']) retrieved from /home/airflow/.local/lib/python3.7/site-packages/airflow/example_dags/example_short_circuit_decorator.py
[2024-02-28T18:33:12.770+0000] {logging_mixin.py:150} INFO - [2024-02-28T18:33:12.768+0000] {dag.py:2742} INFO - Sync 1 DAGs
[2024-02-28T18:33:12.872+0000] {logging_mixin.py:150} INFO - [2024-02-28T18:33:12.871+0000] {dag.py:3508} INFO - Setting next_dagrun for example_short_circuit_decorator to 2024-02-27T18:33:12.866503+00:00, run_after=2024-02-28T18:33:12.866503+00:00
[2024-02-28T18:33:12.903+0000] {processor.py:179} INFO - Processing /home/airflow/.local/lib/python3.7/site-packages/airflow/example_dags/example_short_circuit_decorator.py took 0.210 seconds
[2024-02-28T18:33:43.448+0000] {processor.py:157} INFO - Started process (PID=124) to work on /home/airflow/.local/lib/python3.7/site-packages/airflow/example_dags/example_short_circuit_decorator.py
[2024-02-28T18:33:43.450+0000] {processor.py:826} INFO - Processing file /home/airflow/.local/lib/python3.7/site-packages/airflow/example_dags/example_short_circuit_decorator.py for tasks to queue
[2024-02-28T18:33:43.452+0000] {logging_mixin.py:150} INFO - [2024-02-28T18:33:43.452+0000] {dagbag.py:541} INFO - Filling up the DagBag from /home/airflow/.local/lib/python3.7/site-packages/airflow/example_dags/example_short_circuit_decorator.py
[2024-02-28T18:33:43.464+0000] {processor.py:836} INFO - DAG(s) dict_keys(['example_short_circuit_decorator']) retrieved from /home/airflow/.local/lib/python3.7/site-packages/airflow/example_dags/example_short_circuit_decorator.py
[2024-02-28T18:33:43.492+0000] {logging_mixin.py:150} INFO - [2024-02-28T18:33:43.492+0000] {dag.py:2742} INFO - Sync 1 DAGs
[2024-02-28T18:33:43.512+0000] {logging_mixin.py:150} INFO - [2024-02-28T18:33:43.512+0000] {dag.py:3508} INFO - Setting next_dagrun for example_short_circuit_decorator to 2024-02-27T18:33:43.512483+00:00, run_after=2024-02-28T18:33:43.512483+00:00
[2024-02-28T18:33:43.527+0000] {processor.py:179} INFO - Processing /home/airflow/.local/lib/python3.7/site-packages/airflow/example_dags/example_short_circuit_decorator.py took 0.083 seconds
[2024-02-28T18:34:13.667+0000] {processor.py:157} INFO - Started process (PID=187) to work on /home/airflow/.local/lib/python3.7/site-packages/airflow/example_dags/example_short_circuit_decorator.py
[2024-02-28T18:34:13.669+0000] {processor.py:826} INFO - Processing file /home/airflow/.local/lib/python3.7/site-packages/airflow/example_dags/example_short_circuit_decorator.py for tasks to queue
[2024-02-28T18:34:13.671+0000] {logging_mixin.py:150} INFO - [2024-02-28T18:34:13.671+0000] {dagbag.py:541} INFO - Filling up the DagBag from /home/airflow/.local/lib/python3.7/site-packages/airflow/example_dags/example_short_circuit_decorator.py
[2024-02-28T18:34:13.682+0000] {processor.py:836} INFO - DAG(s) dict_keys(['example_short_circuit_decorator']) retrieved from /home/airflow/.local/lib/python3.7/site-packages/airflow/example_dags/example_short_circuit_decorator.py
[2024-02-28T18:34:13.725+0000] {logging_mixin.py:150} INFO - [2024-02-28T18:34:13.725+0000] {dag.py:2742} INFO - Sync 1 DAGs
[2024-02-28T18:34:13.747+0000] {logging_mixin.py:150} INFO - [2024-02-28T18:34:13.747+0000] {dag.py:3508} INFO - Setting next_dagrun for example_short_circuit_decorator to 2024-02-27T18:34:13.746628+00:00, run_after=2024-02-28T18:34:13.746628+00:00
[2024-02-28T18:34:13.766+0000] {processor.py:179} INFO - Processing /home/airflow/.local/lib/python3.7/site-packages/airflow/example_dags/example_short_circuit_decorator.py took 0.103 seconds
[2024-02-28T18:34:45.050+0000] {processor.py:157} INFO - Started process (PID=250) to work on /home/airflow/.local/lib/python3.7/site-packages/airflow/example_dags/example_short_circuit_decorator.py
[2024-02-28T18:34:45.057+0000] {processor.py:826} INFO - Processing file /home/airflow/.local/lib/python3.7/site-packages/airflow/example_dags/example_short_circuit_decorator.py for tasks to queue
[2024-02-28T18:34:45.081+0000] {logging_mixin.py:150} INFO - [2024-02-28T18:34:45.076+0000] {dagbag.py:541} INFO - Filling up the DagBag from /home/airflow/.local/lib/python3.7/site-packages/airflow/example_dags/example_short_circuit_decorator.py
[2024-02-28T18:34:45.112+0000] {processor.py:836} INFO - DAG(s) dict_keys(['example_short_circuit_decorator']) retrieved from /home/airflow/.local/lib/python3.7/site-packages/airflow/example_dags/example_short_circuit_decorator.py
[2024-02-28T18:34:45.175+0000] {logging_mixin.py:150} INFO - [2024-02-28T18:34:45.174+0000] {dag.py:2742} INFO - Sync 1 DAGs
[2024-02-28T18:34:45.206+0000] {logging_mixin.py:150} INFO - [2024-02-28T18:34:45.206+0000] {dag.py:3508} INFO - Setting next_dagrun for example_short_circuit_decorator to 2024-02-27T18:34:45.205789+00:00, run_after=2024-02-28T18:34:45.205789+00:00
[2024-02-28T18:34:45.230+0000] {processor.py:179} INFO - Processing /home/airflow/.local/lib/python3.7/site-packages/airflow/example_dags/example_short_circuit_decorator.py took 0.195 seconds
[2024-02-28T18:35:15.713+0000] {processor.py:157} INFO - Started process (PID=314) to work on /home/airflow/.local/lib/python3.7/site-packages/airflow/example_dags/example_short_circuit_decorator.py
[2024-02-28T18:35:15.716+0000] {processor.py:826} INFO - Processing file /home/airflow/.local/lib/python3.7/site-packages/airflow/example_dags/example_short_circuit_decorator.py for tasks to queue
[2024-02-28T18:35:15.719+0000] {logging_mixin.py:150} INFO - [2024-02-28T18:35:15.718+0000] {dagbag.py:541} INFO - Filling up the DagBag from /home/airflow/.local/lib/python3.7/site-packages/airflow/example_dags/example_short_circuit_decorator.py
[2024-02-28T18:35:15.732+0000] {processor.py:836} INFO - DAG(s) dict_keys(['example_short_circuit_decorator']) retrieved from /home/airflow/.local/lib/python3.7/site-packages/airflow/example_dags/example_short_circuit_decorator.py
[2024-02-28T18:35:15.765+0000] {logging_mixin.py:150} INFO - [2024-02-28T18:35:15.764+0000] {dag.py:2742} INFO - Sync 1 DAGs
[2024-02-28T18:35:15.800+0000] {logging_mixin.py:150} INFO - [2024-02-28T18:35:15.799+0000] {dag.py:3508} INFO - Setting next_dagrun for example_short_circuit_decorator to 2024-02-27T18:35:15.796516+00:00, run_after=2024-02-28T18:35:15.796516+00:00
[2024-02-28T18:35:15.823+0000] {processor.py:179} INFO - Processing /home/airflow/.local/lib/python3.7/site-packages/airflow/example_dags/example_short_circuit_decorator.py took 0.113 seconds
[2024-02-28T18:35:46.693+0000] {processor.py:157} INFO - Started process (PID=378) to work on /home/airflow/.local/lib/python3.7/site-packages/airflow/example_dags/example_short_circuit_decorator.py
[2024-02-28T18:35:46.696+0000] {processor.py:826} INFO - Processing file /home/airflow/.local/lib/python3.7/site-packages/airflow/example_dags/example_short_circuit_decorator.py for tasks to queue
[2024-02-28T18:35:46.698+0000] {logging_mixin.py:150} INFO - [2024-02-28T18:35:46.697+0000] {dagbag.py:541} INFO - Filling up the DagBag from /home/airflow/.local/lib/python3.7/site-packages/airflow/example_dags/example_short_circuit_decorator.py
[2024-02-28T18:35:46.714+0000] {processor.py:836} INFO - DAG(s) dict_keys(['example_short_circuit_decorator']) retrieved from /home/airflow/.local/lib/python3.7/site-packages/airflow/example_dags/example_short_circuit_decorator.py
[2024-02-28T18:35:46.759+0000] {logging_mixin.py:150} INFO - [2024-02-28T18:35:46.759+0000] {dag.py:2742} INFO - Sync 1 DAGs
[2024-02-28T18:35:46.800+0000] {logging_mixin.py:150} INFO - [2024-02-28T18:35:46.800+0000] {dag.py:3508} INFO - Setting next_dagrun for example_short_circuit_decorator to 2024-02-27T18:35:46.799481+00:00, run_after=2024-02-28T18:35:46.799481+00:00
[2024-02-28T18:35:46.825+0000] {processor.py:179} INFO - Processing /home/airflow/.local/lib/python3.7/site-packages/airflow/example_dags/example_short_circuit_decorator.py took 0.136 seconds
[2024-02-28T18:36:18.539+0000] {processor.py:157} INFO - Started process (PID=441) to work on /home/airflow/.local/lib/python3.7/site-packages/airflow/example_dags/example_short_circuit_decorator.py
[2024-02-28T18:36:18.584+0000] {processor.py:826} INFO - Processing file /home/airflow/.local/lib/python3.7/site-packages/airflow/example_dags/example_short_circuit_decorator.py for tasks to queue
[2024-02-28T18:36:18.612+0000] {logging_mixin.py:150} INFO - [2024-02-28T18:36:18.609+0000] {dagbag.py:541} INFO - Filling up the DagBag from /home/airflow/.local/lib/python3.7/site-packages/airflow/example_dags/example_short_circuit_decorator.py
[2024-02-28T18:36:18.724+0000] {processor.py:836} INFO - DAG(s) dict_keys(['example_short_circuit_decorator']) retrieved from /home/airflow/.local/lib/python3.7/site-packages/airflow/example_dags/example_short_circuit_decorator.py
[2024-02-28T18:36:18.816+0000] {logging_mixin.py:150} INFO - [2024-02-28T18:36:18.816+0000] {dag.py:2742} INFO - Sync 1 DAGs
[2024-02-28T18:36:18.896+0000] {logging_mixin.py:150} INFO - [2024-02-28T18:36:18.896+0000] {dag.py:3508} INFO - Setting next_dagrun for example_short_circuit_decorator to 2024-02-27T18:36:18.895674+00:00, run_after=2024-02-28T18:36:18.895674+00:00
[2024-02-28T18:36:18.921+0000] {processor.py:179} INFO - Processing /home/airflow/.local/lib/python3.7/site-packages/airflow/example_dags/example_short_circuit_decorator.py took 0.404 seconds
[2024-02-28T18:36:49.567+0000] {processor.py:157} INFO - Started process (PID=504) to work on /home/airflow/.local/lib/python3.7/site-packages/airflow/example_dags/example_short_circuit_decorator.py
[2024-02-28T18:36:49.570+0000] {processor.py:826} INFO - Processing file /home/airflow/.local/lib/python3.7/site-packages/airflow/example_dags/example_short_circuit_decorator.py for tasks to queue
[2024-02-28T18:36:49.575+0000] {logging_mixin.py:150} INFO - [2024-02-28T18:36:49.574+0000] {dagbag.py:541} INFO - Filling up the DagBag from /home/airflow/.local/lib/python3.7/site-packages/airflow/example_dags/example_short_circuit_decorator.py
[2024-02-28T18:36:49.591+0000] {processor.py:836} INFO - DAG(s) dict_keys(['example_short_circuit_decorator']) retrieved from /home/airflow/.local/lib/python3.7/site-packages/airflow/example_dags/example_short_circuit_decorator.py
[2024-02-28T18:36:49.625+0000] {logging_mixin.py:150} INFO - [2024-02-28T18:36:49.625+0000] {dag.py:2742} INFO - Sync 1 DAGs
[2024-02-28T18:36:49.675+0000] {logging_mixin.py:150} INFO - [2024-02-28T18:36:49.674+0000] {dag.py:3508} INFO - Setting next_dagrun for example_short_circuit_decorator to 2024-02-27T18:36:49.674648+00:00, run_after=2024-02-28T18:36:49.674648+00:00
[2024-02-28T18:36:49.697+0000] {processor.py:179} INFO - Processing /home/airflow/.local/lib/python3.7/site-packages/airflow/example_dags/example_short_circuit_decorator.py took 0.134 seconds
[2024-02-28T18:37:20.354+0000] {processor.py:157} INFO - Started process (PID=567) to work on /home/airflow/.local/lib/python3.7/site-packages/airflow/example_dags/example_short_circuit_decorator.py
[2024-02-28T18:37:20.357+0000] {processor.py:826} INFO - Processing file /home/airflow/.local/lib/python3.7/site-packages/airflow/example_dags/example_short_circuit_decorator.py for tasks to queue
[2024-02-28T18:37:20.359+0000] {logging_mixin.py:150} INFO - [2024-02-28T18:37:20.359+0000] {dagbag.py:541} INFO - Filling up the DagBag from /home/airflow/.local/lib/python3.7/site-packages/airflow/example_dags/example_short_circuit_decorator.py
[2024-02-28T18:37:20.374+0000] {processor.py:836} INFO - DAG(s) dict_keys(['example_short_circuit_decorator']) retrieved from /home/airflow/.local/lib/python3.7/site-packages/airflow/example_dags/example_short_circuit_decorator.py
[2024-02-28T18:37:20.403+0000] {logging_mixin.py:150} INFO - [2024-02-28T18:37:20.403+0000] {dag.py:2742} INFO - Sync 1 DAGs
[2024-02-28T18:37:20.430+0000] {logging_mixin.py:150} INFO - [2024-02-28T18:37:20.430+0000] {dag.py:3508} INFO - Setting next_dagrun for example_short_circuit_decorator to 2024-02-27T18:37:20.429688+00:00, run_after=2024-02-28T18:37:20.429688+00:00
[2024-02-28T18:37:20.454+0000] {processor.py:179} INFO - Processing /home/airflow/.local/lib/python3.7/site-packages/airflow/example_dags/example_short_circuit_decorator.py took 0.103 seconds
[2024-02-28T18:37:50.556+0000] {processor.py:157} INFO - Started process (PID=629) to work on /home/airflow/.local/lib/python3.7/site-packages/airflow/example_dags/example_short_circuit_decorator.py
[2024-02-28T18:37:50.560+0000] {processor.py:826} INFO - Processing file /home/airflow/.local/lib/python3.7/site-packages/airflow/example_dags/example_short_circuit_decorator.py for tasks to queue
[2024-02-28T18:37:50.563+0000] {logging_mixin.py:150} INFO - [2024-02-28T18:37:50.562+0000] {dagbag.py:541} INFO - Filling up the DagBag from /home/airflow/.local/lib/python3.7/site-packages/airflow/example_dags/example_short_circuit_decorator.py
[2024-02-28T18:37:50.578+0000] {processor.py:836} INFO - DAG(s) dict_keys(['example_short_circuit_decorator']) retrieved from /home/airflow/.local/lib/python3.7/site-packages/airflow/example_dags/example_short_circuit_decorator.py
[2024-02-28T18:37:50.609+0000] {logging_mixin.py:150} INFO - [2024-02-28T18:37:50.608+0000] {dag.py:2742} INFO - Sync 1 DAGs
[2024-02-28T18:37:50.634+0000] {logging_mixin.py:150} INFO - [2024-02-28T18:37:50.634+0000] {dag.py:3508} INFO - Setting next_dagrun for example_short_circuit_decorator to 2024-02-27T18:37:50.634020+00:00, run_after=2024-02-28T18:37:50.634020+00:00
[2024-02-28T18:37:50.651+0000] {processor.py:179} INFO - Processing /home/airflow/.local/lib/python3.7/site-packages/airflow/example_dags/example_short_circuit_decorator.py took 0.103 seconds
[2024-02-28T18:38:20.944+0000] {processor.py:157} INFO - Started process (PID=692) to work on /home/airflow/.local/lib/python3.7/site-packages/airflow/example_dags/example_short_circuit_decorator.py
[2024-02-28T18:38:20.949+0000] {processor.py:826} INFO - Processing file /home/airflow/.local/lib/python3.7/site-packages/airflow/example_dags/example_short_circuit_decorator.py for tasks to queue
[2024-02-28T18:38:20.952+0000] {logging_mixin.py:150} INFO - [2024-02-28T18:38:20.952+0000] {dagbag.py:541} INFO - Filling up the DagBag from /home/airflow/.local/lib/python3.7/site-packages/airflow/example_dags/example_short_circuit_decorator.py
[2024-02-28T18:38:20.969+0000] {processor.py:836} INFO - DAG(s) dict_keys(['example_short_circuit_decorator']) retrieved from /home/airflow/.local/lib/python3.7/site-packages/airflow/example_dags/example_short_circuit_decorator.py
[2024-02-28T18:38:21.009+0000] {logging_mixin.py:150} INFO - [2024-02-28T18:38:21.008+0000] {dag.py:2742} INFO - Sync 1 DAGs
[2024-02-28T18:38:21.038+0000] {logging_mixin.py:150} INFO - [2024-02-28T18:38:21.038+0000] {dag.py:3508} INFO - Setting next_dagrun for example_short_circuit_decorator to 2024-02-27T18:38:21.037898+00:00, run_after=2024-02-28T18:38:21.037898+00:00
[2024-02-28T18:38:21.068+0000] {processor.py:179} INFO - Processing /home/airflow/.local/lib/python3.7/site-packages/airflow/example_dags/example_short_circuit_decorator.py took 0.129 seconds
[2024-02-28T18:38:52.076+0000] {processor.py:157} INFO - Started process (PID=754) to work on /home/airflow/.local/lib/python3.7/site-packages/airflow/example_dags/example_short_circuit_decorator.py
[2024-02-28T18:38:52.078+0000] {processor.py:826} INFO - Processing file /home/airflow/.local/lib/python3.7/site-packages/airflow/example_dags/example_short_circuit_decorator.py for tasks to queue
[2024-02-28T18:38:52.082+0000] {logging_mixin.py:150} INFO - [2024-02-28T18:38:52.081+0000] {dagbag.py:541} INFO - Filling up the DagBag from /home/airflow/.local/lib/python3.7/site-packages/airflow/example_dags/example_short_circuit_decorator.py
[2024-02-28T18:38:52.097+0000] {processor.py:836} INFO - DAG(s) dict_keys(['example_short_circuit_decorator']) retrieved from /home/airflow/.local/lib/python3.7/site-packages/airflow/example_dags/example_short_circuit_decorator.py
[2024-02-28T18:38:52.135+0000] {logging_mixin.py:150} INFO - [2024-02-28T18:38:52.135+0000] {dag.py:2742} INFO - Sync 1 DAGs
[2024-02-28T18:38:52.167+0000] {logging_mixin.py:150} INFO - [2024-02-28T18:38:52.166+0000] {dag.py:3508} INFO - Setting next_dagrun for example_short_circuit_decorator to 2024-02-27T18:38:52.166378+00:00, run_after=2024-02-28T18:38:52.166378+00:00
[2024-02-28T18:38:52.199+0000] {processor.py:179} INFO - Processing /home/airflow/.local/lib/python3.7/site-packages/airflow/example_dags/example_short_circuit_decorator.py took 0.128 seconds
[2024-02-28T18:39:22.961+0000] {processor.py:157} INFO - Started process (PID=817) to work on /home/airflow/.local/lib/python3.7/site-packages/airflow/example_dags/example_short_circuit_decorator.py
[2024-02-28T18:39:22.964+0000] {processor.py:826} INFO - Processing file /home/airflow/.local/lib/python3.7/site-packages/airflow/example_dags/example_short_circuit_decorator.py for tasks to queue
[2024-02-28T18:39:22.966+0000] {logging_mixin.py:150} INFO - [2024-02-28T18:39:22.966+0000] {dagbag.py:541} INFO - Filling up the DagBag from /home/airflow/.local/lib/python3.7/site-packages/airflow/example_dags/example_short_circuit_decorator.py
[2024-02-28T18:39:22.982+0000] {processor.py:836} INFO - DAG(s) dict_keys(['example_short_circuit_decorator']) retrieved from /home/airflow/.local/lib/python3.7/site-packages/airflow/example_dags/example_short_circuit_decorator.py
[2024-02-28T18:39:23.014+0000] {logging_mixin.py:150} INFO - [2024-02-28T18:39:23.014+0000] {dag.py:2742} INFO - Sync 1 DAGs
[2024-02-28T18:39:23.035+0000] {logging_mixin.py:150} INFO - [2024-02-28T18:39:23.035+0000] {dag.py:3508} INFO - Setting next_dagrun for example_short_circuit_decorator to 2024-02-27T18:39:23.035095+00:00, run_after=2024-02-28T18:39:23.035095+00:00
[2024-02-28T18:39:23.055+0000] {processor.py:179} INFO - Processing /home/airflow/.local/lib/python3.7/site-packages/airflow/example_dags/example_short_circuit_decorator.py took 0.099 seconds
[2024-02-28T18:39:53.139+0000] {processor.py:157} INFO - Started process (PID=880) to work on /home/airflow/.local/lib/python3.7/site-packages/airflow/example_dags/example_short_circuit_decorator.py
[2024-02-28T18:39:53.142+0000] {processor.py:826} INFO - Processing file /home/airflow/.local/lib/python3.7/site-packages/airflow/example_dags/example_short_circuit_decorator.py for tasks to queue
[2024-02-28T18:39:53.144+0000] {logging_mixin.py:150} INFO - [2024-02-28T18:39:53.144+0000] {dagbag.py:541} INFO - Filling up the DagBag from /home/airflow/.local/lib/python3.7/site-packages/airflow/example_dags/example_short_circuit_decorator.py
[2024-02-28T18:39:53.166+0000] {processor.py:836} INFO - DAG(s) dict_keys(['example_short_circuit_decorator']) retrieved from /home/airflow/.local/lib/python3.7/site-packages/airflow/example_dags/example_short_circuit_decorator.py
[2024-02-28T18:39:53.198+0000] {logging_mixin.py:150} INFO - [2024-02-28T18:39:53.198+0000] {dag.py:2742} INFO - Sync 1 DAGs
[2024-02-28T18:39:53.227+0000] {logging_mixin.py:150} INFO - [2024-02-28T18:39:53.227+0000] {dag.py:3508} INFO - Setting next_dagrun for example_short_circuit_decorator to 2024-02-27T18:39:53.226946+00:00, run_after=2024-02-28T18:39:53.226946+00:00
[2024-02-28T18:39:53.250+0000] {processor.py:179} INFO - Processing /home/airflow/.local/lib/python3.7/site-packages/airflow/example_dags/example_short_circuit_decorator.py took 0.117 seconds
[2024-02-28T18:40:23.895+0000] {processor.py:157} INFO - Started process (PID=944) to work on /home/airflow/.local/lib/python3.7/site-packages/airflow/example_dags/example_short_circuit_decorator.py
[2024-02-28T18:40:23.898+0000] {processor.py:826} INFO - Processing file /home/airflow/.local/lib/python3.7/site-packages/airflow/example_dags/example_short_circuit_decorator.py for tasks to queue
[2024-02-28T18:40:23.903+0000] {logging_mixin.py:150} INFO - [2024-02-28T18:40:23.902+0000] {dagbag.py:541} INFO - Filling up the DagBag from /home/airflow/.local/lib/python3.7/site-packages/airflow/example_dags/example_short_circuit_decorator.py
[2024-02-28T18:40:23.916+0000] {processor.py:836} INFO - DAG(s) dict_keys(['example_short_circuit_decorator']) retrieved from /home/airflow/.local/lib/python3.7/site-packages/airflow/example_dags/example_short_circuit_decorator.py
[2024-02-28T18:40:23.941+0000] {logging_mixin.py:150} INFO - [2024-02-28T18:40:23.941+0000] {dag.py:2742} INFO - Sync 1 DAGs
[2024-02-28T18:40:23.964+0000] {logging_mixin.py:150} INFO - [2024-02-28T18:40:23.964+0000] {dag.py:3508} INFO - Setting next_dagrun for example_short_circuit_decorator to 2024-02-27T18:40:23.964249+00:00, run_after=2024-02-28T18:40:23.964249+00:00
[2024-02-28T18:40:23.987+0000] {processor.py:179} INFO - Processing /home/airflow/.local/lib/python3.7/site-packages/airflow/example_dags/example_short_circuit_decorator.py took 0.096 seconds
[2024-02-28T18:40:54.457+0000] {processor.py:157} INFO - Started process (PID=1007) to work on /home/airflow/.local/lib/python3.7/site-packages/airflow/example_dags/example_short_circuit_decorator.py
[2024-02-28T18:40:54.459+0000] {processor.py:826} INFO - Processing file /home/airflow/.local/lib/python3.7/site-packages/airflow/example_dags/example_short_circuit_decorator.py for tasks to queue
[2024-02-28T18:40:54.462+0000] {logging_mixin.py:150} INFO - [2024-02-28T18:40:54.462+0000] {dagbag.py:541} INFO - Filling up the DagBag from /home/airflow/.local/lib/python3.7/site-packages/airflow/example_dags/example_short_circuit_decorator.py
[2024-02-28T18:40:54.474+0000] {processor.py:836} INFO - DAG(s) dict_keys(['example_short_circuit_decorator']) retrieved from /home/airflow/.local/lib/python3.7/site-packages/airflow/example_dags/example_short_circuit_decorator.py
[2024-02-28T18:40:54.500+0000] {logging_mixin.py:150} INFO - [2024-02-28T18:40:54.499+0000] {dag.py:2742} INFO - Sync 1 DAGs
[2024-02-28T18:40:54.522+0000] {logging_mixin.py:150} INFO - [2024-02-28T18:40:54.522+0000] {dag.py:3508} INFO - Setting next_dagrun for example_short_circuit_decorator to 2024-02-27T18:40:54.521887+00:00, run_after=2024-02-28T18:40:54.521887+00:00
[2024-02-28T18:40:54.539+0000] {processor.py:179} INFO - Processing /home/airflow/.local/lib/python3.7/site-packages/airflow/example_dags/example_short_circuit_decorator.py took 0.086 seconds
[2024-02-28T18:41:25.003+0000] {processor.py:157} INFO - Started process (PID=1070) to work on /home/airflow/.local/lib/python3.7/site-packages/airflow/example_dags/example_short_circuit_decorator.py
[2024-02-28T18:41:25.006+0000] {processor.py:826} INFO - Processing file /home/airflow/.local/lib/python3.7/site-packages/airflow/example_dags/example_short_circuit_decorator.py for tasks to queue
[2024-02-28T18:41:25.010+0000] {logging_mixin.py:150} INFO - [2024-02-28T18:41:25.009+0000] {dagbag.py:541} INFO - Filling up the DagBag from /home/airflow/.local/lib/python3.7/site-packages/airflow/example_dags/example_short_circuit_decorator.py
[2024-02-28T18:41:25.030+0000] {processor.py:836} INFO - DAG(s) dict_keys(['example_short_circuit_decorator']) retrieved from /home/airflow/.local/lib/python3.7/site-packages/airflow/example_dags/example_short_circuit_decorator.py
[2024-02-28T18:41:25.067+0000] {logging_mixin.py:150} INFO - [2024-02-28T18:41:25.067+0000] {dag.py:2742} INFO - Sync 1 DAGs
[2024-02-28T18:41:25.095+0000] {logging_mixin.py:150} INFO - [2024-02-28T18:41:25.095+0000] {dag.py:3508} INFO - Setting next_dagrun for example_short_circuit_decorator to 2024-02-27T18:41:25.094905+00:00, run_after=2024-02-28T18:41:25.094905+00:00
[2024-02-28T18:41:25.112+0000] {processor.py:179} INFO - Processing /home/airflow/.local/lib/python3.7/site-packages/airflow/example_dags/example_short_circuit_decorator.py took 0.119 seconds
[2024-02-28T18:41:55.424+0000] {processor.py:157} INFO - Started process (PID=1133) to work on /home/airflow/.local/lib/python3.7/site-packages/airflow/example_dags/example_short_circuit_decorator.py
[2024-02-28T18:41:55.430+0000] {processor.py:826} INFO - Processing file /home/airflow/.local/lib/python3.7/site-packages/airflow/example_dags/example_short_circuit_decorator.py for tasks to queue
[2024-02-28T18:41:55.433+0000] {logging_mixin.py:150} INFO - [2024-02-28T18:41:55.432+0000] {dagbag.py:541} INFO - Filling up the DagBag from /home/airflow/.local/lib/python3.7/site-packages/airflow/example_dags/example_short_circuit_decorator.py
[2024-02-28T18:41:55.449+0000] {processor.py:836} INFO - DAG(s) dict_keys(['example_short_circuit_decorator']) retrieved from /home/airflow/.local/lib/python3.7/site-packages/airflow/example_dags/example_short_circuit_decorator.py
[2024-02-28T18:41:55.483+0000] {logging_mixin.py:150} INFO - [2024-02-28T18:41:55.483+0000] {dag.py:2742} INFO - Sync 1 DAGs
[2024-02-28T18:41:55.510+0000] {logging_mixin.py:150} INFO - [2024-02-28T18:41:55.510+0000] {dag.py:3508} INFO - Setting next_dagrun for example_short_circuit_decorator to 2024-02-27T18:41:55.510269+00:00, run_after=2024-02-28T18:41:55.510269+00:00
[2024-02-28T18:41:55.528+0000] {processor.py:179} INFO - Processing /home/airflow/.local/lib/python3.7/site-packages/airflow/example_dags/example_short_circuit_decorator.py took 0.113 seconds
[2024-02-28T18:42:26.210+0000] {processor.py:157} INFO - Started process (PID=1196) to work on /home/airflow/.local/lib/python3.7/site-packages/airflow/example_dags/example_short_circuit_decorator.py
[2024-02-28T18:42:26.214+0000] {processor.py:826} INFO - Processing file /home/airflow/.local/lib/python3.7/site-packages/airflow/example_dags/example_short_circuit_decorator.py for tasks to queue
[2024-02-28T18:42:26.219+0000] {logging_mixin.py:150} INFO - [2024-02-28T18:42:26.219+0000] {dagbag.py:541} INFO - Filling up the DagBag from /home/airflow/.local/lib/python3.7/site-packages/airflow/example_dags/example_short_circuit_decorator.py
[2024-02-28T18:42:26.233+0000] {processor.py:836} INFO - DAG(s) dict_keys(['example_short_circuit_decorator']) retrieved from /home/airflow/.local/lib/python3.7/site-packages/airflow/example_dags/example_short_circuit_decorator.py
[2024-02-28T18:42:26.263+0000] {logging_mixin.py:150} INFO - [2024-02-28T18:42:26.263+0000] {dag.py:2742} INFO - Sync 1 DAGs
[2024-02-28T18:42:26.289+0000] {logging_mixin.py:150} INFO - [2024-02-28T18:42:26.288+0000] {dag.py:3508} INFO - Setting next_dagrun for example_short_circuit_decorator to 2024-02-27T18:42:26.288651+00:00, run_after=2024-02-28T18:42:26.288651+00:00
[2024-02-28T18:42:26.306+0000] {processor.py:179} INFO - Processing /home/airflow/.local/lib/python3.7/site-packages/airflow/example_dags/example_short_circuit_decorator.py took 0.100 seconds
[2024-02-28T18:42:56.817+0000] {processor.py:157} INFO - Started process (PID=1259) to work on /home/airflow/.local/lib/python3.7/site-packages/airflow/example_dags/example_short_circuit_decorator.py
[2024-02-28T18:42:56.821+0000] {processor.py:826} INFO - Processing file /home/airflow/.local/lib/python3.7/site-packages/airflow/example_dags/example_short_circuit_decorator.py for tasks to queue
[2024-02-28T18:42:56.827+0000] {logging_mixin.py:150} INFO - [2024-02-28T18:42:56.826+0000] {dagbag.py:541} INFO - Filling up the DagBag from /home/airflow/.local/lib/python3.7/site-packages/airflow/example_dags/example_short_circuit_decorator.py
[2024-02-28T18:42:56.847+0000] {processor.py:836} INFO - DAG(s) dict_keys(['example_short_circuit_decorator']) retrieved from /home/airflow/.local/lib/python3.7/site-packages/airflow/example_dags/example_short_circuit_decorator.py
[2024-02-28T18:42:56.882+0000] {logging_mixin.py:150} INFO - [2024-02-28T18:42:56.882+0000] {dag.py:2742} INFO - Sync 1 DAGs
[2024-02-28T18:42:56.908+0000] {logging_mixin.py:150} INFO - [2024-02-28T18:42:56.908+0000] {dag.py:3508} INFO - Setting next_dagrun for example_short_circuit_decorator to 2024-02-27T18:42:56.908486+00:00, run_after=2024-02-28T18:42:56.908486+00:00
[2024-02-28T18:42:56.926+0000] {processor.py:179} INFO - Processing /home/airflow/.local/lib/python3.7/site-packages/airflow/example_dags/example_short_circuit_decorator.py took 0.114 seconds
[2024-02-28T18:43:27.780+0000] {processor.py:157} INFO - Started process (PID=1322) to work on /home/airflow/.local/lib/python3.7/site-packages/airflow/example_dags/example_short_circuit_decorator.py
[2024-02-28T18:43:27.783+0000] {processor.py:826} INFO - Processing file /home/airflow/.local/lib/python3.7/site-packages/airflow/example_dags/example_short_circuit_decorator.py for tasks to queue
[2024-02-28T18:43:27.788+0000] {logging_mixin.py:150} INFO - [2024-02-28T18:43:27.788+0000] {dagbag.py:541} INFO - Filling up the DagBag from /home/airflow/.local/lib/python3.7/site-packages/airflow/example_dags/example_short_circuit_decorator.py
[2024-02-28T18:43:27.803+0000] {processor.py:836} INFO - DAG(s) dict_keys(['example_short_circuit_decorator']) retrieved from /home/airflow/.local/lib/python3.7/site-packages/airflow/example_dags/example_short_circuit_decorator.py
[2024-02-28T18:43:27.837+0000] {logging_mixin.py:150} INFO - [2024-02-28T18:43:27.837+0000] {dag.py:2742} INFO - Sync 1 DAGs
[2024-02-28T18:43:27.874+0000] {logging_mixin.py:150} INFO - [2024-02-28T18:43:27.874+0000] {dag.py:3508} INFO - Setting next_dagrun for example_short_circuit_decorator to 2024-02-27T18:43:27.874045+00:00, run_after=2024-02-28T18:43:27.874045+00:00
[2024-02-28T18:43:27.896+0000] {processor.py:179} INFO - Processing /home/airflow/.local/lib/python3.7/site-packages/airflow/example_dags/example_short_circuit_decorator.py took 0.119 seconds
[2024-02-28T18:43:58.317+0000] {processor.py:157} INFO - Started process (PID=1385) to work on /home/airflow/.local/lib/python3.7/site-packages/airflow/example_dags/example_short_circuit_decorator.py
[2024-02-28T18:43:58.319+0000] {processor.py:826} INFO - Processing file /home/airflow/.local/lib/python3.7/site-packages/airflow/example_dags/example_short_circuit_decorator.py for tasks to queue
[2024-02-28T18:43:58.320+0000] {logging_mixin.py:150} INFO - [2024-02-28T18:43:58.320+0000] {dagbag.py:541} INFO - Filling up the DagBag from /home/airflow/.local/lib/python3.7/site-packages/airflow/example_dags/example_short_circuit_decorator.py
[2024-02-28T18:43:58.330+0000] {processor.py:836} INFO - DAG(s) dict_keys(['example_short_circuit_decorator']) retrieved from /home/airflow/.local/lib/python3.7/site-packages/airflow/example_dags/example_short_circuit_decorator.py
[2024-02-28T18:43:58.363+0000] {logging_mixin.py:150} INFO - [2024-02-28T18:43:58.363+0000] {dag.py:2742} INFO - Sync 1 DAGs
[2024-02-28T18:43:58.390+0000] {logging_mixin.py:150} INFO - [2024-02-28T18:43:58.389+0000] {dag.py:3508} INFO - Setting next_dagrun for example_short_circuit_decorator to 2024-02-27T18:43:58.389673+00:00, run_after=2024-02-28T18:43:58.389673+00:00
[2024-02-28T18:43:58.410+0000] {processor.py:179} INFO - Processing /home/airflow/.local/lib/python3.7/site-packages/airflow/example_dags/example_short_circuit_decorator.py took 0.097 seconds
[2024-02-28T18:44:29.139+0000] {processor.py:157} INFO - Started process (PID=1448) to work on /home/airflow/.local/lib/python3.7/site-packages/airflow/example_dags/example_short_circuit_decorator.py
[2024-02-28T18:44:29.142+0000] {processor.py:826} INFO - Processing file /home/airflow/.local/lib/python3.7/site-packages/airflow/example_dags/example_short_circuit_decorator.py for tasks to queue
[2024-02-28T18:44:29.147+0000] {logging_mixin.py:150} INFO - [2024-02-28T18:44:29.146+0000] {dagbag.py:541} INFO - Filling up the DagBag from /home/airflow/.local/lib/python3.7/site-packages/airflow/example_dags/example_short_circuit_decorator.py
[2024-02-28T18:44:29.166+0000] {processor.py:836} INFO - DAG(s) dict_keys(['example_short_circuit_decorator']) retrieved from /home/airflow/.local/lib/python3.7/site-packages/airflow/example_dags/example_short_circuit_decorator.py
[2024-02-28T18:44:29.199+0000] {logging_mixin.py:150} INFO - [2024-02-28T18:44:29.199+0000] {dag.py:2742} INFO - Sync 1 DAGs
[2024-02-28T18:44:29.228+0000] {logging_mixin.py:150} INFO - [2024-02-28T18:44:29.227+0000] {dag.py:3508} INFO - Setting next_dagrun for example_short_circuit_decorator to 2024-02-27T18:44:29.227202+00:00, run_after=2024-02-28T18:44:29.227202+00:00
[2024-02-28T18:44:29.248+0000] {processor.py:179} INFO - Processing /home/airflow/.local/lib/python3.7/site-packages/airflow/example_dags/example_short_circuit_decorator.py took 0.114 seconds
[2024-02-28T18:44:59.326+0000] {processor.py:157} INFO - Started process (PID=1511) to work on /home/airflow/.local/lib/python3.7/site-packages/airflow/example_dags/example_short_circuit_decorator.py
[2024-02-28T18:44:59.328+0000] {processor.py:826} INFO - Processing file /home/airflow/.local/lib/python3.7/site-packages/airflow/example_dags/example_short_circuit_decorator.py for tasks to queue
[2024-02-28T18:44:59.330+0000] {logging_mixin.py:150} INFO - [2024-02-28T18:44:59.329+0000] {dagbag.py:541} INFO - Filling up the DagBag from /home/airflow/.local/lib/python3.7/site-packages/airflow/example_dags/example_short_circuit_decorator.py
[2024-02-28T18:44:59.340+0000] {processor.py:836} INFO - DAG(s) dict_keys(['example_short_circuit_decorator']) retrieved from /home/airflow/.local/lib/python3.7/site-packages/airflow/example_dags/example_short_circuit_decorator.py
[2024-02-28T18:44:59.368+0000] {logging_mixin.py:150} INFO - [2024-02-28T18:44:59.368+0000] {dag.py:2742} INFO - Sync 1 DAGs
[2024-02-28T18:44:59.393+0000] {logging_mixin.py:150} INFO - [2024-02-28T18:44:59.393+0000] {dag.py:3508} INFO - Setting next_dagrun for example_short_circuit_decorator to 2024-02-27T18:44:59.393270+00:00, run_after=2024-02-28T18:44:59.393270+00:00
[2024-02-28T18:44:59.410+0000] {processor.py:179} INFO - Processing /home/airflow/.local/lib/python3.7/site-packages/airflow/example_dags/example_short_circuit_decorator.py took 0.088 seconds
[2024-02-28T18:45:29.723+0000] {processor.py:157} INFO - Started process (PID=1575) to work on /home/airflow/.local/lib/python3.7/site-packages/airflow/example_dags/example_short_circuit_decorator.py
[2024-02-28T18:45:29.727+0000] {processor.py:826} INFO - Processing file /home/airflow/.local/lib/python3.7/site-packages/airflow/example_dags/example_short_circuit_decorator.py for tasks to queue
[2024-02-28T18:45:29.729+0000] {logging_mixin.py:150} INFO - [2024-02-28T18:45:29.729+0000] {dagbag.py:541} INFO - Filling up the DagBag from /home/airflow/.local/lib/python3.7/site-packages/airflow/example_dags/example_short_circuit_decorator.py
[2024-02-28T18:45:29.740+0000] {processor.py:836} INFO - DAG(s) dict_keys(['example_short_circuit_decorator']) retrieved from /home/airflow/.local/lib/python3.7/site-packages/airflow/example_dags/example_short_circuit_decorator.py
[2024-02-28T18:45:29.767+0000] {logging_mixin.py:150} INFO - [2024-02-28T18:45:29.766+0000] {dag.py:2742} INFO - Sync 1 DAGs
[2024-02-28T18:45:29.787+0000] {logging_mixin.py:150} INFO - [2024-02-28T18:45:29.786+0000] {dag.py:3508} INFO - Setting next_dagrun for example_short_circuit_decorator to 2024-02-27T18:45:29.786579+00:00, run_after=2024-02-28T18:45:29.786579+00:00
[2024-02-28T18:45:29.804+0000] {processor.py:179} INFO - Processing /home/airflow/.local/lib/python3.7/site-packages/airflow/example_dags/example_short_circuit_decorator.py took 0.085 seconds
[2024-02-28T18:46:00.690+0000] {processor.py:157} INFO - Started process (PID=1638) to work on /home/airflow/.local/lib/python3.7/site-packages/airflow/example_dags/example_short_circuit_decorator.py
[2024-02-28T18:46:00.691+0000] {processor.py:826} INFO - Processing file /home/airflow/.local/lib/python3.7/site-packages/airflow/example_dags/example_short_circuit_decorator.py for tasks to queue
[2024-02-28T18:46:00.693+0000] {logging_mixin.py:150} INFO - [2024-02-28T18:46:00.693+0000] {dagbag.py:541} INFO - Filling up the DagBag from /home/airflow/.local/lib/python3.7/site-packages/airflow/example_dags/example_short_circuit_decorator.py
[2024-02-28T18:46:00.701+0000] {processor.py:836} INFO - DAG(s) dict_keys(['example_short_circuit_decorator']) retrieved from /home/airflow/.local/lib/python3.7/site-packages/airflow/example_dags/example_short_circuit_decorator.py
[2024-02-28T18:46:00.727+0000] {logging_mixin.py:150} INFO - [2024-02-28T18:46:00.727+0000] {dag.py:2742} INFO - Sync 1 DAGs
[2024-02-28T18:46:00.745+0000] {logging_mixin.py:150} INFO - [2024-02-28T18:46:00.745+0000] {dag.py:3508} INFO - Setting next_dagrun for example_short_circuit_decorator to 2024-02-27T18:46:00.744976+00:00, run_after=2024-02-28T18:46:00.744976+00:00
[2024-02-28T18:46:00.758+0000] {processor.py:179} INFO - Processing /home/airflow/.local/lib/python3.7/site-packages/airflow/example_dags/example_short_circuit_decorator.py took 0.072 seconds
[2024-02-28T18:46:31.074+0000] {processor.py:157} INFO - Started process (PID=1701) to work on /home/airflow/.local/lib/python3.7/site-packages/airflow/example_dags/example_short_circuit_decorator.py
[2024-02-28T18:46:31.076+0000] {processor.py:826} INFO - Processing file /home/airflow/.local/lib/python3.7/site-packages/airflow/example_dags/example_short_circuit_decorator.py for tasks to queue
[2024-02-28T18:46:31.079+0000] {logging_mixin.py:150} INFO - [2024-02-28T18:46:31.078+0000] {dagbag.py:541} INFO - Filling up the DagBag from /home/airflow/.local/lib/python3.7/site-packages/airflow/example_dags/example_short_circuit_decorator.py
[2024-02-28T18:46:31.087+0000] {processor.py:836} INFO - DAG(s) dict_keys(['example_short_circuit_decorator']) retrieved from /home/airflow/.local/lib/python3.7/site-packages/airflow/example_dags/example_short_circuit_decorator.py
[2024-02-28T18:46:31.128+0000] {logging_mixin.py:150} INFO - [2024-02-28T18:46:31.127+0000] {dag.py:2742} INFO - Sync 1 DAGs
[2024-02-28T18:46:31.163+0000] {logging_mixin.py:150} INFO - [2024-02-28T18:46:31.162+0000] {dag.py:3508} INFO - Setting next_dagrun for example_short_circuit_decorator to 2024-02-27T18:46:31.162649+00:00, run_after=2024-02-28T18:46:31.162649+00:00
[2024-02-28T18:46:31.185+0000] {processor.py:179} INFO - Processing /home/airflow/.local/lib/python3.7/site-packages/airflow/example_dags/example_short_circuit_decorator.py took 0.115 seconds
[2024-02-28T18:47:01.486+0000] {processor.py:157} INFO - Started process (PID=1764) to work on /home/airflow/.local/lib/python3.7/site-packages/airflow/example_dags/example_short_circuit_decorator.py
[2024-02-28T18:47:01.488+0000] {processor.py:826} INFO - Processing file /home/airflow/.local/lib/python3.7/site-packages/airflow/example_dags/example_short_circuit_decorator.py for tasks to queue
[2024-02-28T18:47:01.490+0000] {logging_mixin.py:150} INFO - [2024-02-28T18:47:01.490+0000] {dagbag.py:541} INFO - Filling up the DagBag from /home/airflow/.local/lib/python3.7/site-packages/airflow/example_dags/example_short_circuit_decorator.py
[2024-02-28T18:47:01.499+0000] {processor.py:836} INFO - DAG(s) dict_keys(['example_short_circuit_decorator']) retrieved from /home/airflow/.local/lib/python3.7/site-packages/airflow/example_dags/example_short_circuit_decorator.py
[2024-02-28T18:47:01.528+0000] {logging_mixin.py:150} INFO - [2024-02-28T18:47:01.528+0000] {dag.py:2742} INFO - Sync 1 DAGs
[2024-02-28T18:47:01.549+0000] {logging_mixin.py:150} INFO - [2024-02-28T18:47:01.549+0000] {dag.py:3508} INFO - Setting next_dagrun for example_short_circuit_decorator to 2024-02-27T18:47:01.549305+00:00, run_after=2024-02-28T18:47:01.549305+00:00
[2024-02-28T18:47:01.567+0000] {processor.py:179} INFO - Processing /home/airflow/.local/lib/python3.7/site-packages/airflow/example_dags/example_short_circuit_decorator.py took 0.084 seconds
[2024-02-28T18:47:32.164+0000] {processor.py:157} INFO - Started process (PID=1827) to work on /home/airflow/.local/lib/python3.7/site-packages/airflow/example_dags/example_short_circuit_decorator.py
[2024-02-28T18:47:32.167+0000] {processor.py:826} INFO - Processing file /home/airflow/.local/lib/python3.7/site-packages/airflow/example_dags/example_short_circuit_decorator.py for tasks to queue
[2024-02-28T18:47:32.169+0000] {logging_mixin.py:150} INFO - [2024-02-28T18:47:32.168+0000] {dagbag.py:541} INFO - Filling up the DagBag from /home/airflow/.local/lib/python3.7/site-packages/airflow/example_dags/example_short_circuit_decorator.py
[2024-02-28T18:47:32.183+0000] {processor.py:836} INFO - DAG(s) dict_keys(['example_short_circuit_decorator']) retrieved from /home/airflow/.local/lib/python3.7/site-packages/airflow/example_dags/example_short_circuit_decorator.py
[2024-02-28T18:47:32.212+0000] {logging_mixin.py:150} INFO - [2024-02-28T18:47:32.212+0000] {dag.py:2742} INFO - Sync 1 DAGs
[2024-02-28T18:47:32.235+0000] {logging_mixin.py:150} INFO - [2024-02-28T18:47:32.235+0000] {dag.py:3508} INFO - Setting next_dagrun for example_short_circuit_decorator to 2024-02-27T18:47:32.234782+00:00, run_after=2024-02-28T18:47:32.234782+00:00
[2024-02-28T18:47:32.265+0000] {processor.py:179} INFO - Processing /home/airflow/.local/lib/python3.7/site-packages/airflow/example_dags/example_short_circuit_decorator.py took 0.105 seconds
[2024-02-28T18:48:02.453+0000] {processor.py:157} INFO - Started process (PID=1890) to work on /home/airflow/.local/lib/python3.7/site-packages/airflow/example_dags/example_short_circuit_decorator.py
[2024-02-28T18:48:02.456+0000] {processor.py:826} INFO - Processing file /home/airflow/.local/lib/python3.7/site-packages/airflow/example_dags/example_short_circuit_decorator.py for tasks to queue
[2024-02-28T18:48:02.459+0000] {logging_mixin.py:150} INFO - [2024-02-28T18:48:02.459+0000] {dagbag.py:541} INFO - Filling up the DagBag from /home/airflow/.local/lib/python3.7/site-packages/airflow/example_dags/example_short_circuit_decorator.py
[2024-02-28T18:48:02.472+0000] {processor.py:836} INFO - DAG(s) dict_keys(['example_short_circuit_decorator']) retrieved from /home/airflow/.local/lib/python3.7/site-packages/airflow/example_dags/example_short_circuit_decorator.py
[2024-02-28T18:48:02.508+0000] {logging_mixin.py:150} INFO - [2024-02-28T18:48:02.508+0000] {dag.py:2742} INFO - Sync 1 DAGs
[2024-02-28T18:48:02.532+0000] {logging_mixin.py:150} INFO - [2024-02-28T18:48:02.532+0000] {dag.py:3508} INFO - Setting next_dagrun for example_short_circuit_decorator to 2024-02-27T18:48:02.531720+00:00, run_after=2024-02-28T18:48:02.531720+00:00
[2024-02-28T18:48:02.562+0000] {processor.py:179} INFO - Processing /home/airflow/.local/lib/python3.7/site-packages/airflow/example_dags/example_short_circuit_decorator.py took 0.113 seconds
[2024-02-28T18:48:33.410+0000] {processor.py:157} INFO - Started process (PID=1952) to work on /home/airflow/.local/lib/python3.7/site-packages/airflow/example_dags/example_short_circuit_decorator.py
[2024-02-28T18:48:33.414+0000] {processor.py:826} INFO - Processing file /home/airflow/.local/lib/python3.7/site-packages/airflow/example_dags/example_short_circuit_decorator.py for tasks to queue
[2024-02-28T18:48:33.420+0000] {logging_mixin.py:150} INFO - [2024-02-28T18:48:33.419+0000] {dagbag.py:541} INFO - Filling up the DagBag from /home/airflow/.local/lib/python3.7/site-packages/airflow/example_dags/example_short_circuit_decorator.py
[2024-02-28T18:48:33.431+0000] {processor.py:836} INFO - DAG(s) dict_keys(['example_short_circuit_decorator']) retrieved from /home/airflow/.local/lib/python3.7/site-packages/airflow/example_dags/example_short_circuit_decorator.py
[2024-02-28T18:48:33.486+0000] {logging_mixin.py:150} INFO - [2024-02-28T18:48:33.486+0000] {dag.py:2742} INFO - Sync 1 DAGs
[2024-02-28T18:48:33.515+0000] {logging_mixin.py:150} INFO - [2024-02-28T18:48:33.514+0000] {dag.py:3508} INFO - Setting next_dagrun for example_short_circuit_decorator to 2024-02-27T18:48:33.514299+00:00, run_after=2024-02-28T18:48:33.514299+00:00
[2024-02-28T18:48:33.537+0000] {processor.py:179} INFO - Processing /home/airflow/.local/lib/python3.7/site-packages/airflow/example_dags/example_short_circuit_decorator.py took 0.130 seconds
[2024-02-28T18:49:07.989+0000] {processor.py:157} INFO - Started process (PID=2022) to work on /home/airflow/.local/lib/python3.7/site-packages/airflow/example_dags/example_short_circuit_decorator.py
[2024-02-28T18:49:07.993+0000] {processor.py:826} INFO - Processing file /home/airflow/.local/lib/python3.7/site-packages/airflow/example_dags/example_short_circuit_decorator.py for tasks to queue
[2024-02-28T18:49:08.000+0000] {logging_mixin.py:150} INFO - [2024-02-28T18:49:07.999+0000] {dagbag.py:541} INFO - Filling up the DagBag from /home/airflow/.local/lib/python3.7/site-packages/airflow/example_dags/example_short_circuit_decorator.py
[2024-02-28T18:49:08.024+0000] {processor.py:836} INFO - DAG(s) dict_keys(['example_short_circuit_decorator']) retrieved from /home/airflow/.local/lib/python3.7/site-packages/airflow/example_dags/example_short_circuit_decorator.py
[2024-02-28T18:49:08.109+0000] {logging_mixin.py:150} INFO - [2024-02-28T18:49:08.109+0000] {dag.py:2742} INFO - Sync 1 DAGs
[2024-02-28T18:49:08.159+0000] {logging_mixin.py:150} INFO - [2024-02-28T18:49:08.159+0000] {dag.py:3508} INFO - Setting next_dagrun for example_short_circuit_decorator to 2024-02-27T18:49:08.158280+00:00, run_after=2024-02-28T18:49:08.158280+00:00
[2024-02-28T18:49:08.193+0000] {processor.py:179} INFO - Processing /home/airflow/.local/lib/python3.7/site-packages/airflow/example_dags/example_short_circuit_decorator.py took 0.216 seconds
[2024-02-28T18:49:38.631+0000] {processor.py:157} INFO - Started process (PID=2093) to work on /home/airflow/.local/lib/python3.7/site-packages/airflow/example_dags/example_short_circuit_decorator.py
[2024-02-28T18:49:38.633+0000] {processor.py:826} INFO - Processing file /home/airflow/.local/lib/python3.7/site-packages/airflow/example_dags/example_short_circuit_decorator.py for tasks to queue
[2024-02-28T18:49:38.635+0000] {logging_mixin.py:150} INFO - [2024-02-28T18:49:38.634+0000] {dagbag.py:541} INFO - Filling up the DagBag from /home/airflow/.local/lib/python3.7/site-packages/airflow/example_dags/example_short_circuit_decorator.py
[2024-02-28T18:49:38.644+0000] {processor.py:836} INFO - DAG(s) dict_keys(['example_short_circuit_decorator']) retrieved from /home/airflow/.local/lib/python3.7/site-packages/airflow/example_dags/example_short_circuit_decorator.py
[2024-02-28T18:49:38.674+0000] {logging_mixin.py:150} INFO - [2024-02-28T18:49:38.674+0000] {dag.py:2742} INFO - Sync 1 DAGs
[2024-02-28T18:49:38.699+0000] {logging_mixin.py:150} INFO - [2024-02-28T18:49:38.698+0000] {dag.py:3508} INFO - Setting next_dagrun for example_short_circuit_decorator to 2024-02-27T18:49:38.698445+00:00, run_after=2024-02-28T18:49:38.698445+00:00
[2024-02-28T18:49:38.721+0000] {processor.py:179} INFO - Processing /home/airflow/.local/lib/python3.7/site-packages/airflow/example_dags/example_short_circuit_decorator.py took 0.094 seconds
[2024-02-28T18:50:09.564+0000] {processor.py:157} INFO - Started process (PID=2156) to work on /home/airflow/.local/lib/python3.7/site-packages/airflow/example_dags/example_short_circuit_decorator.py
[2024-02-28T18:50:09.569+0000] {processor.py:826} INFO - Processing file /home/airflow/.local/lib/python3.7/site-packages/airflow/example_dags/example_short_circuit_decorator.py for tasks to queue
[2024-02-28T18:50:09.576+0000] {logging_mixin.py:150} INFO - [2024-02-28T18:50:09.575+0000] {dagbag.py:541} INFO - Filling up the DagBag from /home/airflow/.local/lib/python3.7/site-packages/airflow/example_dags/example_short_circuit_decorator.py
[2024-02-28T18:50:09.590+0000] {processor.py:836} INFO - DAG(s) dict_keys(['example_short_circuit_decorator']) retrieved from /home/airflow/.local/lib/python3.7/site-packages/airflow/example_dags/example_short_circuit_decorator.py
[2024-02-28T18:50:09.631+0000] {logging_mixin.py:150} INFO - [2024-02-28T18:50:09.631+0000] {dag.py:2742} INFO - Sync 1 DAGs
[2024-02-28T18:50:09.674+0000] {logging_mixin.py:150} INFO - [2024-02-28T18:50:09.673+0000] {dag.py:3508} INFO - Setting next_dagrun for example_short_circuit_decorator to 2024-02-27T18:50:09.672935+00:00, run_after=2024-02-28T18:50:09.672935+00:00
[2024-02-28T18:50:09.752+0000] {processor.py:179} INFO - Processing /home/airflow/.local/lib/python3.7/site-packages/airflow/example_dags/example_short_circuit_decorator.py took 0.194 seconds
[2024-02-28T18:50:39.985+0000] {processor.py:157} INFO - Started process (PID=2223) to work on /home/airflow/.local/lib/python3.7/site-packages/airflow/example_dags/example_short_circuit_decorator.py
[2024-02-28T18:50:39.990+0000] {processor.py:826} INFO - Processing file /home/airflow/.local/lib/python3.7/site-packages/airflow/example_dags/example_short_circuit_decorator.py for tasks to queue
[2024-02-28T18:50:39.991+0000] {logging_mixin.py:150} INFO - [2024-02-28T18:50:39.991+0000] {dagbag.py:541} INFO - Filling up the DagBag from /home/airflow/.local/lib/python3.7/site-packages/airflow/example_dags/example_short_circuit_decorator.py
[2024-02-28T18:50:39.999+0000] {processor.py:836} INFO - DAG(s) dict_keys(['example_short_circuit_decorator']) retrieved from /home/airflow/.local/lib/python3.7/site-packages/airflow/example_dags/example_short_circuit_decorator.py
[2024-02-28T18:50:40.023+0000] {logging_mixin.py:150} INFO - [2024-02-28T18:50:40.023+0000] {dag.py:2742} INFO - Sync 1 DAGs
[2024-02-28T18:50:40.045+0000] {logging_mixin.py:150} INFO - [2024-02-28T18:50:40.045+0000] {dag.py:3508} INFO - Setting next_dagrun for example_short_circuit_decorator to 2024-02-27T18:50:40.044888+00:00, run_after=2024-02-28T18:50:40.044888+00:00
[2024-02-28T18:50:40.062+0000] {processor.py:179} INFO - Processing /home/airflow/.local/lib/python3.7/site-packages/airflow/example_dags/example_short_circuit_decorator.py took 0.081 seconds
[2024-02-28T18:51:10.812+0000] {processor.py:157} INFO - Started process (PID=2290) to work on /home/airflow/.local/lib/python3.7/site-packages/airflow/example_dags/example_short_circuit_decorator.py
[2024-02-28T18:51:10.819+0000] {processor.py:826} INFO - Processing file /home/airflow/.local/lib/python3.7/site-packages/airflow/example_dags/example_short_circuit_decorator.py for tasks to queue
[2024-02-28T18:51:10.824+0000] {logging_mixin.py:150} INFO - [2024-02-28T18:51:10.823+0000] {dagbag.py:541} INFO - Filling up the DagBag from /home/airflow/.local/lib/python3.7/site-packages/airflow/example_dags/example_short_circuit_decorator.py
[2024-02-28T18:51:10.859+0000] {processor.py:836} INFO - DAG(s) dict_keys(['example_short_circuit_decorator']) retrieved from /home/airflow/.local/lib/python3.7/site-packages/airflow/example_dags/example_short_circuit_decorator.py
[2024-02-28T18:51:10.930+0000] {logging_mixin.py:150} INFO - [2024-02-28T18:51:10.929+0000] {dag.py:2742} INFO - Sync 1 DAGs
[2024-02-28T18:51:10.981+0000] {logging_mixin.py:150} INFO - [2024-02-28T18:51:10.981+0000] {dag.py:3508} INFO - Setting next_dagrun for example_short_circuit_decorator to 2024-02-27T18:51:10.980820+00:00, run_after=2024-02-28T18:51:10.980820+00:00
[2024-02-28T18:51:11.035+0000] {processor.py:179} INFO - Processing /home/airflow/.local/lib/python3.7/site-packages/airflow/example_dags/example_short_circuit_decorator.py took 0.234 seconds
[2024-02-28T18:51:41.441+0000] {processor.py:157} INFO - Started process (PID=2353) to work on /home/airflow/.local/lib/python3.7/site-packages/airflow/example_dags/example_short_circuit_decorator.py
[2024-02-28T18:51:41.444+0000] {processor.py:826} INFO - Processing file /home/airflow/.local/lib/python3.7/site-packages/airflow/example_dags/example_short_circuit_decorator.py for tasks to queue
[2024-02-28T18:51:41.445+0000] {logging_mixin.py:150} INFO - [2024-02-28T18:51:41.445+0000] {dagbag.py:541} INFO - Filling up the DagBag from /home/airflow/.local/lib/python3.7/site-packages/airflow/example_dags/example_short_circuit_decorator.py
[2024-02-28T18:51:41.456+0000] {processor.py:836} INFO - DAG(s) dict_keys(['example_short_circuit_decorator']) retrieved from /home/airflow/.local/lib/python3.7/site-packages/airflow/example_dags/example_short_circuit_decorator.py
[2024-02-28T18:51:41.493+0000] {logging_mixin.py:150} INFO - [2024-02-28T18:51:41.493+0000] {dag.py:2742} INFO - Sync 1 DAGs
[2024-02-28T18:51:41.521+0000] {logging_mixin.py:150} INFO - [2024-02-28T18:51:41.521+0000] {dag.py:3508} INFO - Setting next_dagrun for example_short_circuit_decorator to 2024-02-27T18:51:41.521465+00:00, run_after=2024-02-28T18:51:41.521465+00:00
[2024-02-28T18:51:41.548+0000] {processor.py:179} INFO - Processing /home/airflow/.local/lib/python3.7/site-packages/airflow/example_dags/example_short_circuit_decorator.py took 0.111 seconds
[2024-02-28T18:52:13.140+0000] {processor.py:157} INFO - Started process (PID=2424) to work on /home/airflow/.local/lib/python3.7/site-packages/airflow/example_dags/example_short_circuit_decorator.py
[2024-02-28T18:52:13.164+0000] {processor.py:826} INFO - Processing file /home/airflow/.local/lib/python3.7/site-packages/airflow/example_dags/example_short_circuit_decorator.py for tasks to queue
[2024-02-28T18:52:13.173+0000] {logging_mixin.py:150} INFO - [2024-02-28T18:52:13.171+0000] {dagbag.py:541} INFO - Filling up the DagBag from /home/airflow/.local/lib/python3.7/site-packages/airflow/example_dags/example_short_circuit_decorator.py
[2024-02-28T18:52:13.223+0000] {processor.py:836} INFO - DAG(s) dict_keys(['example_short_circuit_decorator']) retrieved from /home/airflow/.local/lib/python3.7/site-packages/airflow/example_dags/example_short_circuit_decorator.py
[2024-02-28T18:52:13.357+0000] {logging_mixin.py:150} INFO - [2024-02-28T18:52:13.356+0000] {dag.py:2742} INFO - Sync 1 DAGs
[2024-02-28T18:52:13.425+0000] {logging_mixin.py:150} INFO - [2024-02-28T18:52:13.424+0000] {dag.py:3508} INFO - Setting next_dagrun for example_short_circuit_decorator to 2024-02-27T18:52:13.424490+00:00, run_after=2024-02-28T18:52:13.424490+00:00
[2024-02-28T18:52:13.461+0000] {processor.py:179} INFO - Processing /home/airflow/.local/lib/python3.7/site-packages/airflow/example_dags/example_short_circuit_decorator.py took 0.348 seconds
[2024-02-28T18:52:43.686+0000] {processor.py:157} INFO - Started process (PID=2486) to work on /home/airflow/.local/lib/python3.7/site-packages/airflow/example_dags/example_short_circuit_decorator.py
[2024-02-28T18:52:43.690+0000] {processor.py:826} INFO - Processing file /home/airflow/.local/lib/python3.7/site-packages/airflow/example_dags/example_short_circuit_decorator.py for tasks to queue
[2024-02-28T18:52:43.693+0000] {logging_mixin.py:150} INFO - [2024-02-28T18:52:43.692+0000] {dagbag.py:541} INFO - Filling up the DagBag from /home/airflow/.local/lib/python3.7/site-packages/airflow/example_dags/example_short_circuit_decorator.py
[2024-02-28T18:52:43.724+0000] {processor.py:836} INFO - DAG(s) dict_keys(['example_short_circuit_decorator']) retrieved from /home/airflow/.local/lib/python3.7/site-packages/airflow/example_dags/example_short_circuit_decorator.py
[2024-02-28T18:52:43.788+0000] {logging_mixin.py:150} INFO - [2024-02-28T18:52:43.788+0000] {dag.py:2742} INFO - Sync 1 DAGs
[2024-02-28T18:52:43.830+0000] {logging_mixin.py:150} INFO - [2024-02-28T18:52:43.829+0000] {dag.py:3508} INFO - Setting next_dagrun for example_short_circuit_decorator to 2024-02-27T18:52:43.827953+00:00, run_after=2024-02-28T18:52:43.827953+00:00
[2024-02-28T18:52:43.883+0000] {processor.py:179} INFO - Processing /home/airflow/.local/lib/python3.7/site-packages/airflow/example_dags/example_short_circuit_decorator.py took 0.204 seconds
