[2024-02-28T18:33:13.509+0000] {processor.py:157} INFO - Started process (PID=66) to work on /home/airflow/.local/lib/python3.7/site-packages/airflow/example_dags/example_branch_day_of_week_operator.py
[2024-02-28T18:33:13.513+0000] {processor.py:826} INFO - Processing file /home/airflow/.local/lib/python3.7/site-packages/airflow/example_dags/example_branch_day_of_week_operator.py for tasks to queue
[2024-02-28T18:33:13.517+0000] {logging_mixin.py:150} INFO - [2024-02-28T18:33:13.516+0000] {dagbag.py:541} INFO - Filling up the DagBag from /home/airflow/.local/lib/python3.7/site-packages/airflow/example_dags/example_branch_day_of_week_operator.py
[2024-02-28T18:33:13.531+0000] {processor.py:836} INFO - DAG(s) dict_keys(['example_weekday_branch_operator']) retrieved from /home/airflow/.local/lib/python3.7/site-packages/airflow/example_dags/example_branch_day_of_week_operator.py
[2024-02-28T18:33:13.565+0000] {logging_mixin.py:150} INFO - [2024-02-28T18:33:13.565+0000] {dag.py:2742} INFO - Sync 1 DAGs
[2024-02-28T18:33:13.626+0000] {logging_mixin.py:150} INFO - [2024-02-28T18:33:13.626+0000] {dag.py:3508} INFO - Setting next_dagrun for example_weekday_branch_operator to 2024-02-27T00:00:00+00:00, run_after=2024-02-28T00:00:00+00:00
[2024-02-28T18:33:13.651+0000] {processor.py:179} INFO - Processing /home/airflow/.local/lib/python3.7/site-packages/airflow/example_dags/example_branch_day_of_week_operator.py took 0.146 seconds
[2024-02-28T18:33:43.753+0000] {processor.py:157} INFO - Started process (PID=129) to work on /home/airflow/.local/lib/python3.7/site-packages/airflow/example_dags/example_branch_day_of_week_operator.py
[2024-02-28T18:33:43.756+0000] {processor.py:826} INFO - Processing file /home/airflow/.local/lib/python3.7/site-packages/airflow/example_dags/example_branch_day_of_week_operator.py for tasks to queue
[2024-02-28T18:33:43.758+0000] {logging_mixin.py:150} INFO - [2024-02-28T18:33:43.758+0000] {dagbag.py:541} INFO - Filling up the DagBag from /home/airflow/.local/lib/python3.7/site-packages/airflow/example_dags/example_branch_day_of_week_operator.py
[2024-02-28T18:33:43.767+0000] {processor.py:836} INFO - DAG(s) dict_keys(['example_weekday_branch_operator']) retrieved from /home/airflow/.local/lib/python3.7/site-packages/airflow/example_dags/example_branch_day_of_week_operator.py
[2024-02-28T18:33:43.789+0000] {logging_mixin.py:150} INFO - [2024-02-28T18:33:43.789+0000] {dag.py:2742} INFO - Sync 1 DAGs
[2024-02-28T18:33:43.809+0000] {logging_mixin.py:150} INFO - [2024-02-28T18:33:43.809+0000] {dag.py:3508} INFO - Setting next_dagrun for example_weekday_branch_operator to 2024-02-27T00:00:00+00:00, run_after=2024-02-28T00:00:00+00:00
[2024-02-28T18:33:43.821+0000] {processor.py:179} INFO - Processing /home/airflow/.local/lib/python3.7/site-packages/airflow/example_dags/example_branch_day_of_week_operator.py took 0.072 seconds
[2024-02-28T18:34:13.945+0000] {processor.py:157} INFO - Started process (PID=192) to work on /home/airflow/.local/lib/python3.7/site-packages/airflow/example_dags/example_branch_day_of_week_operator.py
[2024-02-28T18:34:13.947+0000] {processor.py:826} INFO - Processing file /home/airflow/.local/lib/python3.7/site-packages/airflow/example_dags/example_branch_day_of_week_operator.py for tasks to queue
[2024-02-28T18:34:13.949+0000] {logging_mixin.py:150} INFO - [2024-02-28T18:34:13.949+0000] {dagbag.py:541} INFO - Filling up the DagBag from /home/airflow/.local/lib/python3.7/site-packages/airflow/example_dags/example_branch_day_of_week_operator.py
[2024-02-28T18:34:13.956+0000] {processor.py:836} INFO - DAG(s) dict_keys(['example_weekday_branch_operator']) retrieved from /home/airflow/.local/lib/python3.7/site-packages/airflow/example_dags/example_branch_day_of_week_operator.py
[2024-02-28T18:34:13.979+0000] {logging_mixin.py:150} INFO - [2024-02-28T18:34:13.978+0000] {dag.py:2742} INFO - Sync 1 DAGs
[2024-02-28T18:34:13.997+0000] {logging_mixin.py:150} INFO - [2024-02-28T18:34:13.997+0000] {dag.py:3508} INFO - Setting next_dagrun for example_weekday_branch_operator to 2024-02-27T00:00:00+00:00, run_after=2024-02-28T00:00:00+00:00
[2024-02-28T18:34:14.010+0000] {processor.py:179} INFO - Processing /home/airflow/.local/lib/python3.7/site-packages/airflow/example_dags/example_branch_day_of_week_operator.py took 0.068 seconds
[2024-02-28T18:34:45.544+0000] {processor.py:157} INFO - Started process (PID=255) to work on /home/airflow/.local/lib/python3.7/site-packages/airflow/example_dags/example_branch_day_of_week_operator.py
[2024-02-28T18:34:45.546+0000] {processor.py:826} INFO - Processing file /home/airflow/.local/lib/python3.7/site-packages/airflow/example_dags/example_branch_day_of_week_operator.py for tasks to queue
[2024-02-28T18:34:45.550+0000] {logging_mixin.py:150} INFO - [2024-02-28T18:34:45.550+0000] {dagbag.py:541} INFO - Filling up the DagBag from /home/airflow/.local/lib/python3.7/site-packages/airflow/example_dags/example_branch_day_of_week_operator.py
[2024-02-28T18:34:45.561+0000] {processor.py:836} INFO - DAG(s) dict_keys(['example_weekday_branch_operator']) retrieved from /home/airflow/.local/lib/python3.7/site-packages/airflow/example_dags/example_branch_day_of_week_operator.py
[2024-02-28T18:34:45.606+0000] {logging_mixin.py:150} INFO - [2024-02-28T18:34:45.606+0000] {dag.py:2742} INFO - Sync 1 DAGs
[2024-02-28T18:34:45.662+0000] {logging_mixin.py:150} INFO - [2024-02-28T18:34:45.660+0000] {dag.py:3508} INFO - Setting next_dagrun for example_weekday_branch_operator to 2024-02-27T00:00:00+00:00, run_after=2024-02-28T00:00:00+00:00
[2024-02-28T18:34:45.738+0000] {processor.py:179} INFO - Processing /home/airflow/.local/lib/python3.7/site-packages/airflow/example_dags/example_branch_day_of_week_operator.py took 0.201 seconds
[2024-02-28T18:35:16.215+0000] {processor.py:157} INFO - Started process (PID=319) to work on /home/airflow/.local/lib/python3.7/site-packages/airflow/example_dags/example_branch_day_of_week_operator.py
[2024-02-28T18:35:16.218+0000] {processor.py:826} INFO - Processing file /home/airflow/.local/lib/python3.7/site-packages/airflow/example_dags/example_branch_day_of_week_operator.py for tasks to queue
[2024-02-28T18:35:16.221+0000] {logging_mixin.py:150} INFO - [2024-02-28T18:35:16.221+0000] {dagbag.py:541} INFO - Filling up the DagBag from /home/airflow/.local/lib/python3.7/site-packages/airflow/example_dags/example_branch_day_of_week_operator.py
[2024-02-28T18:35:16.239+0000] {processor.py:836} INFO - DAG(s) dict_keys(['example_weekday_branch_operator']) retrieved from /home/airflow/.local/lib/python3.7/site-packages/airflow/example_dags/example_branch_day_of_week_operator.py
[2024-02-28T18:35:16.283+0000] {logging_mixin.py:150} INFO - [2024-02-28T18:35:16.283+0000] {dag.py:2742} INFO - Sync 1 DAGs
[2024-02-28T18:35:16.314+0000] {logging_mixin.py:150} INFO - [2024-02-28T18:35:16.314+0000] {dag.py:3508} INFO - Setting next_dagrun for example_weekday_branch_operator to 2024-02-27T00:00:00+00:00, run_after=2024-02-28T00:00:00+00:00
[2024-02-28T18:35:16.336+0000] {processor.py:179} INFO - Processing /home/airflow/.local/lib/python3.7/site-packages/airflow/example_dags/example_branch_day_of_week_operator.py took 0.127 seconds
[2024-02-28T18:35:47.125+0000] {processor.py:157} INFO - Started process (PID=383) to work on /home/airflow/.local/lib/python3.7/site-packages/airflow/example_dags/example_branch_day_of_week_operator.py
[2024-02-28T18:35:47.128+0000] {processor.py:826} INFO - Processing file /home/airflow/.local/lib/python3.7/site-packages/airflow/example_dags/example_branch_day_of_week_operator.py for tasks to queue
[2024-02-28T18:35:47.130+0000] {logging_mixin.py:150} INFO - [2024-02-28T18:35:47.129+0000] {dagbag.py:541} INFO - Filling up the DagBag from /home/airflow/.local/lib/python3.7/site-packages/airflow/example_dags/example_branch_day_of_week_operator.py
[2024-02-28T18:35:47.142+0000] {processor.py:836} INFO - DAG(s) dict_keys(['example_weekday_branch_operator']) retrieved from /home/airflow/.local/lib/python3.7/site-packages/airflow/example_dags/example_branch_day_of_week_operator.py
[2024-02-28T18:35:47.170+0000] {logging_mixin.py:150} INFO - [2024-02-28T18:35:47.170+0000] {dag.py:2742} INFO - Sync 1 DAGs
[2024-02-28T18:35:47.199+0000] {logging_mixin.py:150} INFO - [2024-02-28T18:35:47.199+0000] {dag.py:3508} INFO - Setting next_dagrun for example_weekday_branch_operator to 2024-02-27T00:00:00+00:00, run_after=2024-02-28T00:00:00+00:00
[2024-02-28T18:35:47.227+0000] {processor.py:179} INFO - Processing /home/airflow/.local/lib/python3.7/site-packages/airflow/example_dags/example_branch_day_of_week_operator.py took 0.105 seconds
[2024-02-28T18:36:19.302+0000] {processor.py:157} INFO - Started process (PID=446) to work on /home/airflow/.local/lib/python3.7/site-packages/airflow/example_dags/example_branch_day_of_week_operator.py
[2024-02-28T18:36:19.305+0000] {processor.py:826} INFO - Processing file /home/airflow/.local/lib/python3.7/site-packages/airflow/example_dags/example_branch_day_of_week_operator.py for tasks to queue
[2024-02-28T18:36:19.307+0000] {logging_mixin.py:150} INFO - [2024-02-28T18:36:19.307+0000] {dagbag.py:541} INFO - Filling up the DagBag from /home/airflow/.local/lib/python3.7/site-packages/airflow/example_dags/example_branch_day_of_week_operator.py
[2024-02-28T18:36:19.321+0000] {processor.py:836} INFO - DAG(s) dict_keys(['example_weekday_branch_operator']) retrieved from /home/airflow/.local/lib/python3.7/site-packages/airflow/example_dags/example_branch_day_of_week_operator.py
[2024-02-28T18:36:19.352+0000] {logging_mixin.py:150} INFO - [2024-02-28T18:36:19.352+0000] {dag.py:2742} INFO - Sync 1 DAGs
[2024-02-28T18:36:19.383+0000] {logging_mixin.py:150} INFO - [2024-02-28T18:36:19.383+0000] {dag.py:3508} INFO - Setting next_dagrun for example_weekday_branch_operator to 2024-02-27T00:00:00+00:00, run_after=2024-02-28T00:00:00+00:00
[2024-02-28T18:36:19.405+0000] {processor.py:179} INFO - Processing /home/airflow/.local/lib/python3.7/site-packages/airflow/example_dags/example_branch_day_of_week_operator.py took 0.106 seconds
[2024-02-28T18:36:50.037+0000] {processor.py:157} INFO - Started process (PID=509) to work on /home/airflow/.local/lib/python3.7/site-packages/airflow/example_dags/example_branch_day_of_week_operator.py
[2024-02-28T18:36:50.039+0000] {processor.py:826} INFO - Processing file /home/airflow/.local/lib/python3.7/site-packages/airflow/example_dags/example_branch_day_of_week_operator.py for tasks to queue
[2024-02-28T18:36:50.041+0000] {logging_mixin.py:150} INFO - [2024-02-28T18:36:50.041+0000] {dagbag.py:541} INFO - Filling up the DagBag from /home/airflow/.local/lib/python3.7/site-packages/airflow/example_dags/example_branch_day_of_week_operator.py
[2024-02-28T18:36:50.054+0000] {processor.py:836} INFO - DAG(s) dict_keys(['example_weekday_branch_operator']) retrieved from /home/airflow/.local/lib/python3.7/site-packages/airflow/example_dags/example_branch_day_of_week_operator.py
[2024-02-28T18:36:50.093+0000] {logging_mixin.py:150} INFO - [2024-02-28T18:36:50.093+0000] {dag.py:2742} INFO - Sync 1 DAGs
[2024-02-28T18:36:50.121+0000] {logging_mixin.py:150} INFO - [2024-02-28T18:36:50.121+0000] {dag.py:3508} INFO - Setting next_dagrun for example_weekday_branch_operator to 2024-02-27T00:00:00+00:00, run_after=2024-02-28T00:00:00+00:00
[2024-02-28T18:36:50.139+0000] {processor.py:179} INFO - Processing /home/airflow/.local/lib/python3.7/site-packages/airflow/example_dags/example_branch_day_of_week_operator.py took 0.105 seconds
[2024-02-28T18:37:20.819+0000] {processor.py:157} INFO - Started process (PID=572) to work on /home/airflow/.local/lib/python3.7/site-packages/airflow/example_dags/example_branch_day_of_week_operator.py
[2024-02-28T18:37:20.821+0000] {processor.py:826} INFO - Processing file /home/airflow/.local/lib/python3.7/site-packages/airflow/example_dags/example_branch_day_of_week_operator.py for tasks to queue
[2024-02-28T18:37:20.823+0000] {logging_mixin.py:150} INFO - [2024-02-28T18:37:20.822+0000] {dagbag.py:541} INFO - Filling up the DagBag from /home/airflow/.local/lib/python3.7/site-packages/airflow/example_dags/example_branch_day_of_week_operator.py
[2024-02-28T18:37:20.833+0000] {processor.py:836} INFO - DAG(s) dict_keys(['example_weekday_branch_operator']) retrieved from /home/airflow/.local/lib/python3.7/site-packages/airflow/example_dags/example_branch_day_of_week_operator.py
[2024-02-28T18:37:20.867+0000] {logging_mixin.py:150} INFO - [2024-02-28T18:37:20.866+0000] {dag.py:2742} INFO - Sync 1 DAGs
[2024-02-28T18:37:20.888+0000] {logging_mixin.py:150} INFO - [2024-02-28T18:37:20.888+0000] {dag.py:3508} INFO - Setting next_dagrun for example_weekday_branch_operator to 2024-02-27T00:00:00+00:00, run_after=2024-02-28T00:00:00+00:00
[2024-02-28T18:37:20.909+0000] {processor.py:179} INFO - Processing /home/airflow/.local/lib/python3.7/site-packages/airflow/example_dags/example_branch_day_of_week_operator.py took 0.093 seconds
[2024-02-28T18:37:51.009+0000] {processor.py:157} INFO - Started process (PID=635) to work on /home/airflow/.local/lib/python3.7/site-packages/airflow/example_dags/example_branch_day_of_week_operator.py
[2024-02-28T18:37:51.012+0000] {processor.py:826} INFO - Processing file /home/airflow/.local/lib/python3.7/site-packages/airflow/example_dags/example_branch_day_of_week_operator.py for tasks to queue
[2024-02-28T18:37:51.013+0000] {logging_mixin.py:150} INFO - [2024-02-28T18:37:51.013+0000] {dagbag.py:541} INFO - Filling up the DagBag from /home/airflow/.local/lib/python3.7/site-packages/airflow/example_dags/example_branch_day_of_week_operator.py
[2024-02-28T18:37:51.023+0000] {processor.py:836} INFO - DAG(s) dict_keys(['example_weekday_branch_operator']) retrieved from /home/airflow/.local/lib/python3.7/site-packages/airflow/example_dags/example_branch_day_of_week_operator.py
[2024-02-28T18:37:51.047+0000] {logging_mixin.py:150} INFO - [2024-02-28T18:37:51.047+0000] {dag.py:2742} INFO - Sync 1 DAGs
[2024-02-28T18:37:51.072+0000] {logging_mixin.py:150} INFO - [2024-02-28T18:37:51.072+0000] {dag.py:3508} INFO - Setting next_dagrun for example_weekday_branch_operator to 2024-02-27T00:00:00+00:00, run_after=2024-02-28T00:00:00+00:00
[2024-02-28T18:37:51.089+0000] {processor.py:179} INFO - Processing /home/airflow/.local/lib/python3.7/site-packages/airflow/example_dags/example_branch_day_of_week_operator.py took 0.083 seconds
[2024-02-28T18:38:21.490+0000] {processor.py:157} INFO - Started process (PID=697) to work on /home/airflow/.local/lib/python3.7/site-packages/airflow/example_dags/example_branch_day_of_week_operator.py
[2024-02-28T18:38:21.494+0000] {processor.py:826} INFO - Processing file /home/airflow/.local/lib/python3.7/site-packages/airflow/example_dags/example_branch_day_of_week_operator.py for tasks to queue
[2024-02-28T18:38:21.497+0000] {logging_mixin.py:150} INFO - [2024-02-28T18:38:21.497+0000] {dagbag.py:541} INFO - Filling up the DagBag from /home/airflow/.local/lib/python3.7/site-packages/airflow/example_dags/example_branch_day_of_week_operator.py
[2024-02-28T18:38:21.511+0000] {processor.py:836} INFO - DAG(s) dict_keys(['example_weekday_branch_operator']) retrieved from /home/airflow/.local/lib/python3.7/site-packages/airflow/example_dags/example_branch_day_of_week_operator.py
[2024-02-28T18:38:21.545+0000] {logging_mixin.py:150} INFO - [2024-02-28T18:38:21.545+0000] {dag.py:2742} INFO - Sync 1 DAGs
[2024-02-28T18:38:21.575+0000] {logging_mixin.py:150} INFO - [2024-02-28T18:38:21.575+0000] {dag.py:3508} INFO - Setting next_dagrun for example_weekday_branch_operator to 2024-02-27T00:00:00+00:00, run_after=2024-02-28T00:00:00+00:00
[2024-02-28T18:38:21.594+0000] {processor.py:179} INFO - Processing /home/airflow/.local/lib/python3.7/site-packages/airflow/example_dags/example_branch_day_of_week_operator.py took 0.108 seconds
[2024-02-28T18:38:52.615+0000] {processor.py:157} INFO - Started process (PID=759) to work on /home/airflow/.local/lib/python3.7/site-packages/airflow/example_dags/example_branch_day_of_week_operator.py
[2024-02-28T18:38:52.619+0000] {processor.py:826} INFO - Processing file /home/airflow/.local/lib/python3.7/site-packages/airflow/example_dags/example_branch_day_of_week_operator.py for tasks to queue
[2024-02-28T18:38:52.622+0000] {logging_mixin.py:150} INFO - [2024-02-28T18:38:52.621+0000] {dagbag.py:541} INFO - Filling up the DagBag from /home/airflow/.local/lib/python3.7/site-packages/airflow/example_dags/example_branch_day_of_week_operator.py
[2024-02-28T18:38:52.640+0000] {processor.py:836} INFO - DAG(s) dict_keys(['example_weekday_branch_operator']) retrieved from /home/airflow/.local/lib/python3.7/site-packages/airflow/example_dags/example_branch_day_of_week_operator.py
[2024-02-28T18:38:52.672+0000] {logging_mixin.py:150} INFO - [2024-02-28T18:38:52.672+0000] {dag.py:2742} INFO - Sync 1 DAGs
[2024-02-28T18:38:52.701+0000] {logging_mixin.py:150} INFO - [2024-02-28T18:38:52.701+0000] {dag.py:3508} INFO - Setting next_dagrun for example_weekday_branch_operator to 2024-02-27T00:00:00+00:00, run_after=2024-02-28T00:00:00+00:00
[2024-02-28T18:38:52.719+0000] {processor.py:179} INFO - Processing /home/airflow/.local/lib/python3.7/site-packages/airflow/example_dags/example_branch_day_of_week_operator.py took 0.108 seconds
[2024-02-28T18:39:23.441+0000] {processor.py:157} INFO - Started process (PID=822) to work on /home/airflow/.local/lib/python3.7/site-packages/airflow/example_dags/example_branch_day_of_week_operator.py
[2024-02-28T18:39:23.447+0000] {processor.py:826} INFO - Processing file /home/airflow/.local/lib/python3.7/site-packages/airflow/example_dags/example_branch_day_of_week_operator.py for tasks to queue
[2024-02-28T18:39:23.449+0000] {logging_mixin.py:150} INFO - [2024-02-28T18:39:23.449+0000] {dagbag.py:541} INFO - Filling up the DagBag from /home/airflow/.local/lib/python3.7/site-packages/airflow/example_dags/example_branch_day_of_week_operator.py
[2024-02-28T18:39:23.461+0000] {processor.py:836} INFO - DAG(s) dict_keys(['example_weekday_branch_operator']) retrieved from /home/airflow/.local/lib/python3.7/site-packages/airflow/example_dags/example_branch_day_of_week_operator.py
[2024-02-28T18:39:23.492+0000] {logging_mixin.py:150} INFO - [2024-02-28T18:39:23.492+0000] {dag.py:2742} INFO - Sync 1 DAGs
[2024-02-28T18:39:23.519+0000] {logging_mixin.py:150} INFO - [2024-02-28T18:39:23.519+0000] {dag.py:3508} INFO - Setting next_dagrun for example_weekday_branch_operator to 2024-02-27T00:00:00+00:00, run_after=2024-02-28T00:00:00+00:00
[2024-02-28T18:39:23.540+0000] {processor.py:179} INFO - Processing /home/airflow/.local/lib/python3.7/site-packages/airflow/example_dags/example_branch_day_of_week_operator.py took 0.103 seconds
[2024-02-28T18:39:53.731+0000] {processor.py:157} INFO - Started process (PID=886) to work on /home/airflow/.local/lib/python3.7/site-packages/airflow/example_dags/example_branch_day_of_week_operator.py
[2024-02-28T18:39:53.734+0000] {processor.py:826} INFO - Processing file /home/airflow/.local/lib/python3.7/site-packages/airflow/example_dags/example_branch_day_of_week_operator.py for tasks to queue
[2024-02-28T18:39:53.737+0000] {logging_mixin.py:150} INFO - [2024-02-28T18:39:53.736+0000] {dagbag.py:541} INFO - Filling up the DagBag from /home/airflow/.local/lib/python3.7/site-packages/airflow/example_dags/example_branch_day_of_week_operator.py
[2024-02-28T18:39:53.749+0000] {processor.py:836} INFO - DAG(s) dict_keys(['example_weekday_branch_operator']) retrieved from /home/airflow/.local/lib/python3.7/site-packages/airflow/example_dags/example_branch_day_of_week_operator.py
[2024-02-28T18:39:53.787+0000] {logging_mixin.py:150} INFO - [2024-02-28T18:39:53.786+0000] {dag.py:2742} INFO - Sync 1 DAGs
[2024-02-28T18:39:53.816+0000] {logging_mixin.py:150} INFO - [2024-02-28T18:39:53.816+0000] {dag.py:3508} INFO - Setting next_dagrun for example_weekday_branch_operator to 2024-02-27T00:00:00+00:00, run_after=2024-02-28T00:00:00+00:00
[2024-02-28T18:39:53.839+0000] {processor.py:179} INFO - Processing /home/airflow/.local/lib/python3.7/site-packages/airflow/example_dags/example_branch_day_of_week_operator.py took 0.112 seconds
[2024-02-28T18:40:24.273+0000] {processor.py:157} INFO - Started process (PID=949) to work on /home/airflow/.local/lib/python3.7/site-packages/airflow/example_dags/example_branch_day_of_week_operator.py
[2024-02-28T18:40:24.275+0000] {processor.py:826} INFO - Processing file /home/airflow/.local/lib/python3.7/site-packages/airflow/example_dags/example_branch_day_of_week_operator.py for tasks to queue
[2024-02-28T18:40:24.278+0000] {logging_mixin.py:150} INFO - [2024-02-28T18:40:24.278+0000] {dagbag.py:541} INFO - Filling up the DagBag from /home/airflow/.local/lib/python3.7/site-packages/airflow/example_dags/example_branch_day_of_week_operator.py
[2024-02-28T18:40:24.290+0000] {processor.py:836} INFO - DAG(s) dict_keys(['example_weekday_branch_operator']) retrieved from /home/airflow/.local/lib/python3.7/site-packages/airflow/example_dags/example_branch_day_of_week_operator.py
[2024-02-28T18:40:24.321+0000] {logging_mixin.py:150} INFO - [2024-02-28T18:40:24.321+0000] {dag.py:2742} INFO - Sync 1 DAGs
[2024-02-28T18:40:24.342+0000] {logging_mixin.py:150} INFO - [2024-02-28T18:40:24.341+0000] {dag.py:3508} INFO - Setting next_dagrun for example_weekday_branch_operator to 2024-02-27T00:00:00+00:00, run_after=2024-02-28T00:00:00+00:00
[2024-02-28T18:40:24.360+0000] {processor.py:179} INFO - Processing /home/airflow/.local/lib/python3.7/site-packages/airflow/example_dags/example_branch_day_of_week_operator.py took 0.090 seconds
[2024-02-28T18:40:54.833+0000] {processor.py:157} INFO - Started process (PID=1012) to work on /home/airflow/.local/lib/python3.7/site-packages/airflow/example_dags/example_branch_day_of_week_operator.py
[2024-02-28T18:40:54.837+0000] {processor.py:826} INFO - Processing file /home/airflow/.local/lib/python3.7/site-packages/airflow/example_dags/example_branch_day_of_week_operator.py for tasks to queue
[2024-02-28T18:40:54.839+0000] {logging_mixin.py:150} INFO - [2024-02-28T18:40:54.838+0000] {dagbag.py:541} INFO - Filling up the DagBag from /home/airflow/.local/lib/python3.7/site-packages/airflow/example_dags/example_branch_day_of_week_operator.py
[2024-02-28T18:40:54.848+0000] {processor.py:836} INFO - DAG(s) dict_keys(['example_weekday_branch_operator']) retrieved from /home/airflow/.local/lib/python3.7/site-packages/airflow/example_dags/example_branch_day_of_week_operator.py
[2024-02-28T18:40:54.874+0000] {logging_mixin.py:150} INFO - [2024-02-28T18:40:54.874+0000] {dag.py:2742} INFO - Sync 1 DAGs
[2024-02-28T18:40:54.895+0000] {logging_mixin.py:150} INFO - [2024-02-28T18:40:54.895+0000] {dag.py:3508} INFO - Setting next_dagrun for example_weekday_branch_operator to 2024-02-27T00:00:00+00:00, run_after=2024-02-28T00:00:00+00:00
[2024-02-28T18:40:54.911+0000] {processor.py:179} INFO - Processing /home/airflow/.local/lib/python3.7/site-packages/airflow/example_dags/example_branch_day_of_week_operator.py took 0.083 seconds
[2024-02-28T18:41:25.434+0000] {processor.py:157} INFO - Started process (PID=1075) to work on /home/airflow/.local/lib/python3.7/site-packages/airflow/example_dags/example_branch_day_of_week_operator.py
[2024-02-28T18:41:25.436+0000] {processor.py:826} INFO - Processing file /home/airflow/.local/lib/python3.7/site-packages/airflow/example_dags/example_branch_day_of_week_operator.py for tasks to queue
[2024-02-28T18:41:25.438+0000] {logging_mixin.py:150} INFO - [2024-02-28T18:41:25.438+0000] {dagbag.py:541} INFO - Filling up the DagBag from /home/airflow/.local/lib/python3.7/site-packages/airflow/example_dags/example_branch_day_of_week_operator.py
[2024-02-28T18:41:25.449+0000] {processor.py:836} INFO - DAG(s) dict_keys(['example_weekday_branch_operator']) retrieved from /home/airflow/.local/lib/python3.7/site-packages/airflow/example_dags/example_branch_day_of_week_operator.py
[2024-02-28T18:41:25.476+0000] {logging_mixin.py:150} INFO - [2024-02-28T18:41:25.476+0000] {dag.py:2742} INFO - Sync 1 DAGs
[2024-02-28T18:41:25.503+0000] {logging_mixin.py:150} INFO - [2024-02-28T18:41:25.503+0000] {dag.py:3508} INFO - Setting next_dagrun for example_weekday_branch_operator to 2024-02-27T00:00:00+00:00, run_after=2024-02-28T00:00:00+00:00
[2024-02-28T18:41:25.525+0000] {processor.py:179} INFO - Processing /home/airflow/.local/lib/python3.7/site-packages/airflow/example_dags/example_branch_day_of_week_operator.py took 0.095 seconds
[2024-02-28T18:41:55.859+0000] {processor.py:157} INFO - Started process (PID=1138) to work on /home/airflow/.local/lib/python3.7/site-packages/airflow/example_dags/example_branch_day_of_week_operator.py
[2024-02-28T18:41:55.862+0000] {processor.py:826} INFO - Processing file /home/airflow/.local/lib/python3.7/site-packages/airflow/example_dags/example_branch_day_of_week_operator.py for tasks to queue
[2024-02-28T18:41:55.865+0000] {logging_mixin.py:150} INFO - [2024-02-28T18:41:55.864+0000] {dagbag.py:541} INFO - Filling up the DagBag from /home/airflow/.local/lib/python3.7/site-packages/airflow/example_dags/example_branch_day_of_week_operator.py
[2024-02-28T18:41:55.876+0000] {processor.py:836} INFO - DAG(s) dict_keys(['example_weekday_branch_operator']) retrieved from /home/airflow/.local/lib/python3.7/site-packages/airflow/example_dags/example_branch_day_of_week_operator.py
[2024-02-28T18:41:55.907+0000] {logging_mixin.py:150} INFO - [2024-02-28T18:41:55.906+0000] {dag.py:2742} INFO - Sync 1 DAGs
[2024-02-28T18:41:55.930+0000] {logging_mixin.py:150} INFO - [2024-02-28T18:41:55.930+0000] {dag.py:3508} INFO - Setting next_dagrun for example_weekday_branch_operator to 2024-02-27T00:00:00+00:00, run_after=2024-02-28T00:00:00+00:00
[2024-02-28T18:41:55.949+0000] {processor.py:179} INFO - Processing /home/airflow/.local/lib/python3.7/site-packages/airflow/example_dags/example_branch_day_of_week_operator.py took 0.093 seconds
[2024-02-28T18:42:26.741+0000] {processor.py:157} INFO - Started process (PID=1201) to work on /home/airflow/.local/lib/python3.7/site-packages/airflow/example_dags/example_branch_day_of_week_operator.py
[2024-02-28T18:42:26.743+0000] {processor.py:826} INFO - Processing file /home/airflow/.local/lib/python3.7/site-packages/airflow/example_dags/example_branch_day_of_week_operator.py for tasks to queue
[2024-02-28T18:42:26.748+0000] {logging_mixin.py:150} INFO - [2024-02-28T18:42:26.747+0000] {dagbag.py:541} INFO - Filling up the DagBag from /home/airflow/.local/lib/python3.7/site-packages/airflow/example_dags/example_branch_day_of_week_operator.py
[2024-02-28T18:42:26.767+0000] {processor.py:836} INFO - DAG(s) dict_keys(['example_weekday_branch_operator']) retrieved from /home/airflow/.local/lib/python3.7/site-packages/airflow/example_dags/example_branch_day_of_week_operator.py
[2024-02-28T18:42:26.803+0000] {logging_mixin.py:150} INFO - [2024-02-28T18:42:26.802+0000] {dag.py:2742} INFO - Sync 1 DAGs
[2024-02-28T18:42:26.831+0000] {logging_mixin.py:150} INFO - [2024-02-28T18:42:26.831+0000] {dag.py:3508} INFO - Setting next_dagrun for example_weekday_branch_operator to 2024-02-27T00:00:00+00:00, run_after=2024-02-28T00:00:00+00:00
[2024-02-28T18:42:26.848+0000] {processor.py:179} INFO - Processing /home/airflow/.local/lib/python3.7/site-packages/airflow/example_dags/example_branch_day_of_week_operator.py took 0.110 seconds
[2024-02-28T18:42:57.149+0000] {processor.py:157} INFO - Started process (PID=1264) to work on /home/airflow/.local/lib/python3.7/site-packages/airflow/example_dags/example_branch_day_of_week_operator.py
[2024-02-28T18:42:57.151+0000] {processor.py:826} INFO - Processing file /home/airflow/.local/lib/python3.7/site-packages/airflow/example_dags/example_branch_day_of_week_operator.py for tasks to queue
[2024-02-28T18:42:57.155+0000] {logging_mixin.py:150} INFO - [2024-02-28T18:42:57.154+0000] {dagbag.py:541} INFO - Filling up the DagBag from /home/airflow/.local/lib/python3.7/site-packages/airflow/example_dags/example_branch_day_of_week_operator.py
[2024-02-28T18:42:57.162+0000] {processor.py:836} INFO - DAG(s) dict_keys(['example_weekday_branch_operator']) retrieved from /home/airflow/.local/lib/python3.7/site-packages/airflow/example_dags/example_branch_day_of_week_operator.py
[2024-02-28T18:42:57.195+0000] {logging_mixin.py:150} INFO - [2024-02-28T18:42:57.195+0000] {dag.py:2742} INFO - Sync 1 DAGs
[2024-02-28T18:42:57.233+0000] {logging_mixin.py:150} INFO - [2024-02-28T18:42:57.232+0000] {dag.py:3508} INFO - Setting next_dagrun for example_weekday_branch_operator to 2024-02-27T00:00:00+00:00, run_after=2024-02-28T00:00:00+00:00
[2024-02-28T18:42:57.262+0000] {processor.py:179} INFO - Processing /home/airflow/.local/lib/python3.7/site-packages/airflow/example_dags/example_branch_day_of_week_operator.py took 0.115 seconds
[2024-02-28T18:43:28.135+0000] {processor.py:157} INFO - Started process (PID=1327) to work on /home/airflow/.local/lib/python3.7/site-packages/airflow/example_dags/example_branch_day_of_week_operator.py
[2024-02-28T18:43:28.138+0000] {processor.py:826} INFO - Processing file /home/airflow/.local/lib/python3.7/site-packages/airflow/example_dags/example_branch_day_of_week_operator.py for tasks to queue
[2024-02-28T18:43:28.140+0000] {logging_mixin.py:150} INFO - [2024-02-28T18:43:28.140+0000] {dagbag.py:541} INFO - Filling up the DagBag from /home/airflow/.local/lib/python3.7/site-packages/airflow/example_dags/example_branch_day_of_week_operator.py
[2024-02-28T18:43:28.148+0000] {processor.py:836} INFO - DAG(s) dict_keys(['example_weekday_branch_operator']) retrieved from /home/airflow/.local/lib/python3.7/site-packages/airflow/example_dags/example_branch_day_of_week_operator.py
[2024-02-28T18:43:28.188+0000] {logging_mixin.py:150} INFO - [2024-02-28T18:43:28.187+0000] {dag.py:2742} INFO - Sync 1 DAGs
[2024-02-28T18:43:28.213+0000] {logging_mixin.py:150} INFO - [2024-02-28T18:43:28.213+0000] {dag.py:3508} INFO - Setting next_dagrun for example_weekday_branch_operator to 2024-02-27T00:00:00+00:00, run_after=2024-02-28T00:00:00+00:00
[2024-02-28T18:43:28.239+0000] {processor.py:179} INFO - Processing /home/airflow/.local/lib/python3.7/site-packages/airflow/example_dags/example_branch_day_of_week_operator.py took 0.107 seconds
[2024-02-28T18:43:58.643+0000] {processor.py:157} INFO - Started process (PID=1390) to work on /home/airflow/.local/lib/python3.7/site-packages/airflow/example_dags/example_branch_day_of_week_operator.py
[2024-02-28T18:43:58.646+0000] {processor.py:826} INFO - Processing file /home/airflow/.local/lib/python3.7/site-packages/airflow/example_dags/example_branch_day_of_week_operator.py for tasks to queue
[2024-02-28T18:43:58.648+0000] {logging_mixin.py:150} INFO - [2024-02-28T18:43:58.647+0000] {dagbag.py:541} INFO - Filling up the DagBag from /home/airflow/.local/lib/python3.7/site-packages/airflow/example_dags/example_branch_day_of_week_operator.py
[2024-02-28T18:43:58.655+0000] {processor.py:836} INFO - DAG(s) dict_keys(['example_weekday_branch_operator']) retrieved from /home/airflow/.local/lib/python3.7/site-packages/airflow/example_dags/example_branch_day_of_week_operator.py
[2024-02-28T18:43:58.682+0000] {logging_mixin.py:150} INFO - [2024-02-28T18:43:58.682+0000] {dag.py:2742} INFO - Sync 1 DAGs
[2024-02-28T18:43:58.701+0000] {logging_mixin.py:150} INFO - [2024-02-28T18:43:58.701+0000] {dag.py:3508} INFO - Setting next_dagrun for example_weekday_branch_operator to 2024-02-27T00:00:00+00:00, run_after=2024-02-28T00:00:00+00:00
[2024-02-28T18:43:58.719+0000] {processor.py:179} INFO - Processing /home/airflow/.local/lib/python3.7/site-packages/airflow/example_dags/example_branch_day_of_week_operator.py took 0.080 seconds
[2024-02-28T18:44:29.482+0000] {processor.py:157} INFO - Started process (PID=1453) to work on /home/airflow/.local/lib/python3.7/site-packages/airflow/example_dags/example_branch_day_of_week_operator.py
[2024-02-28T18:44:29.484+0000] {processor.py:826} INFO - Processing file /home/airflow/.local/lib/python3.7/site-packages/airflow/example_dags/example_branch_day_of_week_operator.py for tasks to queue
[2024-02-28T18:44:29.487+0000] {logging_mixin.py:150} INFO - [2024-02-28T18:44:29.486+0000] {dagbag.py:541} INFO - Filling up the DagBag from /home/airflow/.local/lib/python3.7/site-packages/airflow/example_dags/example_branch_day_of_week_operator.py
[2024-02-28T18:44:29.498+0000] {processor.py:836} INFO - DAG(s) dict_keys(['example_weekday_branch_operator']) retrieved from /home/airflow/.local/lib/python3.7/site-packages/airflow/example_dags/example_branch_day_of_week_operator.py
[2024-02-28T18:44:29.531+0000] {logging_mixin.py:150} INFO - [2024-02-28T18:44:29.531+0000] {dag.py:2742} INFO - Sync 1 DAGs
[2024-02-28T18:44:29.557+0000] {logging_mixin.py:150} INFO - [2024-02-28T18:44:29.557+0000] {dag.py:3508} INFO - Setting next_dagrun for example_weekday_branch_operator to 2024-02-27T00:00:00+00:00, run_after=2024-02-28T00:00:00+00:00
[2024-02-28T18:44:29.576+0000] {processor.py:179} INFO - Processing /home/airflow/.local/lib/python3.7/site-packages/airflow/example_dags/example_branch_day_of_week_operator.py took 0.097 seconds
[2024-02-28T18:44:59.671+0000] {processor.py:157} INFO - Started process (PID=1516) to work on /home/airflow/.local/lib/python3.7/site-packages/airflow/example_dags/example_branch_day_of_week_operator.py
[2024-02-28T18:44:59.676+0000] {processor.py:826} INFO - Processing file /home/airflow/.local/lib/python3.7/site-packages/airflow/example_dags/example_branch_day_of_week_operator.py for tasks to queue
[2024-02-28T18:44:59.679+0000] {logging_mixin.py:150} INFO - [2024-02-28T18:44:59.679+0000] {dagbag.py:541} INFO - Filling up the DagBag from /home/airflow/.local/lib/python3.7/site-packages/airflow/example_dags/example_branch_day_of_week_operator.py
[2024-02-28T18:44:59.692+0000] {processor.py:836} INFO - DAG(s) dict_keys(['example_weekday_branch_operator']) retrieved from /home/airflow/.local/lib/python3.7/site-packages/airflow/example_dags/example_branch_day_of_week_operator.py
[2024-02-28T18:44:59.741+0000] {logging_mixin.py:150} INFO - [2024-02-28T18:44:59.740+0000] {dag.py:2742} INFO - Sync 1 DAGs
[2024-02-28T18:44:59.774+0000] {logging_mixin.py:150} INFO - [2024-02-28T18:44:59.774+0000] {dag.py:3508} INFO - Setting next_dagrun for example_weekday_branch_operator to 2024-02-27T00:00:00+00:00, run_after=2024-02-28T00:00:00+00:00
[2024-02-28T18:44:59.806+0000] {processor.py:179} INFO - Processing /home/airflow/.local/lib/python3.7/site-packages/airflow/example_dags/example_branch_day_of_week_operator.py took 0.140 seconds
[2024-02-28T18:45:29.985+0000] {processor.py:157} INFO - Started process (PID=1580) to work on /home/airflow/.local/lib/python3.7/site-packages/airflow/example_dags/example_branch_day_of_week_operator.py
[2024-02-28T18:45:29.987+0000] {processor.py:826} INFO - Processing file /home/airflow/.local/lib/python3.7/site-packages/airflow/example_dags/example_branch_day_of_week_operator.py for tasks to queue
[2024-02-28T18:45:29.988+0000] {logging_mixin.py:150} INFO - [2024-02-28T18:45:29.988+0000] {dagbag.py:541} INFO - Filling up the DagBag from /home/airflow/.local/lib/python3.7/site-packages/airflow/example_dags/example_branch_day_of_week_operator.py
[2024-02-28T18:45:29.998+0000] {processor.py:836} INFO - DAG(s) dict_keys(['example_weekday_branch_operator']) retrieved from /home/airflow/.local/lib/python3.7/site-packages/airflow/example_dags/example_branch_day_of_week_operator.py
[2024-02-28T18:45:30.025+0000] {logging_mixin.py:150} INFO - [2024-02-28T18:45:30.025+0000] {dag.py:2742} INFO - Sync 1 DAGs
[2024-02-28T18:45:30.045+0000] {logging_mixin.py:150} INFO - [2024-02-28T18:45:30.045+0000] {dag.py:3508} INFO - Setting next_dagrun for example_weekday_branch_operator to 2024-02-27T00:00:00+00:00, run_after=2024-02-28T00:00:00+00:00
[2024-02-28T18:45:30.059+0000] {processor.py:179} INFO - Processing /home/airflow/.local/lib/python3.7/site-packages/airflow/example_dags/example_branch_day_of_week_operator.py took 0.078 seconds
[2024-02-28T18:46:00.965+0000] {processor.py:157} INFO - Started process (PID=1643) to work on /home/airflow/.local/lib/python3.7/site-packages/airflow/example_dags/example_branch_day_of_week_operator.py
[2024-02-28T18:46:00.967+0000] {processor.py:826} INFO - Processing file /home/airflow/.local/lib/python3.7/site-packages/airflow/example_dags/example_branch_day_of_week_operator.py for tasks to queue
[2024-02-28T18:46:00.968+0000] {logging_mixin.py:150} INFO - [2024-02-28T18:46:00.968+0000] {dagbag.py:541} INFO - Filling up the DagBag from /home/airflow/.local/lib/python3.7/site-packages/airflow/example_dags/example_branch_day_of_week_operator.py
[2024-02-28T18:46:00.977+0000] {processor.py:836} INFO - DAG(s) dict_keys(['example_weekday_branch_operator']) retrieved from /home/airflow/.local/lib/python3.7/site-packages/airflow/example_dags/example_branch_day_of_week_operator.py
[2024-02-28T18:46:01.011+0000] {logging_mixin.py:150} INFO - [2024-02-28T18:46:01.010+0000] {dag.py:2742} INFO - Sync 1 DAGs
[2024-02-28T18:46:01.035+0000] {logging_mixin.py:150} INFO - [2024-02-28T18:46:01.035+0000] {dag.py:3508} INFO - Setting next_dagrun for example_weekday_branch_operator to 2024-02-27T00:00:00+00:00, run_after=2024-02-28T00:00:00+00:00
[2024-02-28T18:46:01.056+0000] {processor.py:179} INFO - Processing /home/airflow/.local/lib/python3.7/site-packages/airflow/example_dags/example_branch_day_of_week_operator.py took 0.094 seconds
[2024-02-28T18:46:31.430+0000] {processor.py:157} INFO - Started process (PID=1706) to work on /home/airflow/.local/lib/python3.7/site-packages/airflow/example_dags/example_branch_day_of_week_operator.py
[2024-02-28T18:46:31.432+0000] {processor.py:826} INFO - Processing file /home/airflow/.local/lib/python3.7/site-packages/airflow/example_dags/example_branch_day_of_week_operator.py for tasks to queue
[2024-02-28T18:46:31.434+0000] {logging_mixin.py:150} INFO - [2024-02-28T18:46:31.433+0000] {dagbag.py:541} INFO - Filling up the DagBag from /home/airflow/.local/lib/python3.7/site-packages/airflow/example_dags/example_branch_day_of_week_operator.py
[2024-02-28T18:46:31.442+0000] {processor.py:836} INFO - DAG(s) dict_keys(['example_weekday_branch_operator']) retrieved from /home/airflow/.local/lib/python3.7/site-packages/airflow/example_dags/example_branch_day_of_week_operator.py
[2024-02-28T18:46:31.469+0000] {logging_mixin.py:150} INFO - [2024-02-28T18:46:31.469+0000] {dag.py:2742} INFO - Sync 1 DAGs
[2024-02-28T18:46:31.493+0000] {logging_mixin.py:150} INFO - [2024-02-28T18:46:31.493+0000] {dag.py:3508} INFO - Setting next_dagrun for example_weekday_branch_operator to 2024-02-27T00:00:00+00:00, run_after=2024-02-28T00:00:00+00:00
[2024-02-28T18:46:31.514+0000] {processor.py:179} INFO - Processing /home/airflow/.local/lib/python3.7/site-packages/airflow/example_dags/example_branch_day_of_week_operator.py took 0.086 seconds
[2024-02-28T18:47:01.887+0000] {processor.py:157} INFO - Started process (PID=1769) to work on /home/airflow/.local/lib/python3.7/site-packages/airflow/example_dags/example_branch_day_of_week_operator.py
[2024-02-28T18:47:01.892+0000] {processor.py:826} INFO - Processing file /home/airflow/.local/lib/python3.7/site-packages/airflow/example_dags/example_branch_day_of_week_operator.py for tasks to queue
[2024-02-28T18:47:01.894+0000] {logging_mixin.py:150} INFO - [2024-02-28T18:47:01.893+0000] {dagbag.py:541} INFO - Filling up the DagBag from /home/airflow/.local/lib/python3.7/site-packages/airflow/example_dags/example_branch_day_of_week_operator.py
[2024-02-28T18:47:01.901+0000] {processor.py:836} INFO - DAG(s) dict_keys(['example_weekday_branch_operator']) retrieved from /home/airflow/.local/lib/python3.7/site-packages/airflow/example_dags/example_branch_day_of_week_operator.py
[2024-02-28T18:47:01.930+0000] {logging_mixin.py:150} INFO - [2024-02-28T18:47:01.930+0000] {dag.py:2742} INFO - Sync 1 DAGs
[2024-02-28T18:47:01.951+0000] {logging_mixin.py:150} INFO - [2024-02-28T18:47:01.950+0000] {dag.py:3508} INFO - Setting next_dagrun for example_weekday_branch_operator to 2024-02-27T00:00:00+00:00, run_after=2024-02-28T00:00:00+00:00
[2024-02-28T18:47:01.967+0000] {processor.py:179} INFO - Processing /home/airflow/.local/lib/python3.7/site-packages/airflow/example_dags/example_branch_day_of_week_operator.py took 0.084 seconds
[2024-02-28T18:47:32.465+0000] {processor.py:157} INFO - Started process (PID=1832) to work on /home/airflow/.local/lib/python3.7/site-packages/airflow/example_dags/example_branch_day_of_week_operator.py
[2024-02-28T18:47:32.467+0000] {processor.py:826} INFO - Processing file /home/airflow/.local/lib/python3.7/site-packages/airflow/example_dags/example_branch_day_of_week_operator.py for tasks to queue
[2024-02-28T18:47:32.469+0000] {logging_mixin.py:150} INFO - [2024-02-28T18:47:32.469+0000] {dagbag.py:541} INFO - Filling up the DagBag from /home/airflow/.local/lib/python3.7/site-packages/airflow/example_dags/example_branch_day_of_week_operator.py
[2024-02-28T18:47:32.481+0000] {processor.py:836} INFO - DAG(s) dict_keys(['example_weekday_branch_operator']) retrieved from /home/airflow/.local/lib/python3.7/site-packages/airflow/example_dags/example_branch_day_of_week_operator.py
[2024-02-28T18:47:32.507+0000] {logging_mixin.py:150} INFO - [2024-02-28T18:47:32.507+0000] {dag.py:2742} INFO - Sync 1 DAGs
[2024-02-28T18:47:32.533+0000] {logging_mixin.py:150} INFO - [2024-02-28T18:47:32.533+0000] {dag.py:3508} INFO - Setting next_dagrun for example_weekday_branch_operator to 2024-02-27T00:00:00+00:00, run_after=2024-02-28T00:00:00+00:00
[2024-02-28T18:47:32.553+0000] {processor.py:179} INFO - Processing /home/airflow/.local/lib/python3.7/site-packages/airflow/example_dags/example_branch_day_of_week_operator.py took 0.091 seconds
[2024-02-28T18:48:02.810+0000] {processor.py:157} INFO - Started process (PID=1895) to work on /home/airflow/.local/lib/python3.7/site-packages/airflow/example_dags/example_branch_day_of_week_operator.py
[2024-02-28T18:48:02.812+0000] {processor.py:826} INFO - Processing file /home/airflow/.local/lib/python3.7/site-packages/airflow/example_dags/example_branch_day_of_week_operator.py for tasks to queue
[2024-02-28T18:48:02.817+0000] {logging_mixin.py:150} INFO - [2024-02-28T18:48:02.816+0000] {dagbag.py:541} INFO - Filling up the DagBag from /home/airflow/.local/lib/python3.7/site-packages/airflow/example_dags/example_branch_day_of_week_operator.py
[2024-02-28T18:48:02.833+0000] {processor.py:836} INFO - DAG(s) dict_keys(['example_weekday_branch_operator']) retrieved from /home/airflow/.local/lib/python3.7/site-packages/airflow/example_dags/example_branch_day_of_week_operator.py
[2024-02-28T18:48:02.867+0000] {logging_mixin.py:150} INFO - [2024-02-28T18:48:02.867+0000] {dag.py:2742} INFO - Sync 1 DAGs
[2024-02-28T18:48:02.902+0000] {logging_mixin.py:150} INFO - [2024-02-28T18:48:02.902+0000] {dag.py:3508} INFO - Setting next_dagrun for example_weekday_branch_operator to 2024-02-27T00:00:00+00:00, run_after=2024-02-28T00:00:00+00:00
[2024-02-28T18:48:02.922+0000] {processor.py:179} INFO - Processing /home/airflow/.local/lib/python3.7/site-packages/airflow/example_dags/example_branch_day_of_week_operator.py took 0.115 seconds
[2024-02-28T18:48:33.807+0000] {processor.py:157} INFO - Started process (PID=1957) to work on /home/airflow/.local/lib/python3.7/site-packages/airflow/example_dags/example_branch_day_of_week_operator.py
[2024-02-28T18:48:33.810+0000] {processor.py:826} INFO - Processing file /home/airflow/.local/lib/python3.7/site-packages/airflow/example_dags/example_branch_day_of_week_operator.py for tasks to queue
[2024-02-28T18:48:33.823+0000] {logging_mixin.py:150} INFO - [2024-02-28T18:48:33.820+0000] {dagbag.py:541} INFO - Filling up the DagBag from /home/airflow/.local/lib/python3.7/site-packages/airflow/example_dags/example_branch_day_of_week_operator.py
[2024-02-28T18:48:33.841+0000] {processor.py:836} INFO - DAG(s) dict_keys(['example_weekday_branch_operator']) retrieved from /home/airflow/.local/lib/python3.7/site-packages/airflow/example_dags/example_branch_day_of_week_operator.py
[2024-02-28T18:48:33.896+0000] {logging_mixin.py:150} INFO - [2024-02-28T18:48:33.895+0000] {dag.py:2742} INFO - Sync 1 DAGs
[2024-02-28T18:48:33.941+0000] {logging_mixin.py:150} INFO - [2024-02-28T18:48:33.941+0000] {dag.py:3508} INFO - Setting next_dagrun for example_weekday_branch_operator to 2024-02-27T00:00:00+00:00, run_after=2024-02-28T00:00:00+00:00
[2024-02-28T18:48:34.005+0000] {processor.py:179} INFO - Processing /home/airflow/.local/lib/python3.7/site-packages/airflow/example_dags/example_branch_day_of_week_operator.py took 0.202 seconds
[2024-02-28T18:49:08.957+0000] {processor.py:157} INFO - Started process (PID=2027) to work on /home/airflow/.local/lib/python3.7/site-packages/airflow/example_dags/example_branch_day_of_week_operator.py
[2024-02-28T18:49:08.962+0000] {processor.py:826} INFO - Processing file /home/airflow/.local/lib/python3.7/site-packages/airflow/example_dags/example_branch_day_of_week_operator.py for tasks to queue
[2024-02-28T18:49:08.971+0000] {logging_mixin.py:150} INFO - [2024-02-28T18:49:08.970+0000] {dagbag.py:541} INFO - Filling up the DagBag from /home/airflow/.local/lib/python3.7/site-packages/airflow/example_dags/example_branch_day_of_week_operator.py
[2024-02-28T18:49:08.990+0000] {processor.py:836} INFO - DAG(s) dict_keys(['example_weekday_branch_operator']) retrieved from /home/airflow/.local/lib/python3.7/site-packages/airflow/example_dags/example_branch_day_of_week_operator.py
[2024-02-28T18:49:09.123+0000] {logging_mixin.py:150} INFO - [2024-02-28T18:49:09.123+0000] {dag.py:2742} INFO - Sync 1 DAGs
[2024-02-28T18:49:09.247+0000] {logging_mixin.py:150} INFO - [2024-02-28T18:49:09.247+0000] {dag.py:3508} INFO - Setting next_dagrun for example_weekday_branch_operator to 2024-02-27T00:00:00+00:00, run_after=2024-02-28T00:00:00+00:00
[2024-02-28T18:49:09.309+0000] {processor.py:179} INFO - Processing /home/airflow/.local/lib/python3.7/site-packages/airflow/example_dags/example_branch_day_of_week_operator.py took 0.369 seconds
[2024-02-28T18:49:39.948+0000] {processor.py:157} INFO - Started process (PID=2098) to work on /home/airflow/.local/lib/python3.7/site-packages/airflow/example_dags/example_branch_day_of_week_operator.py
[2024-02-28T18:49:39.957+0000] {processor.py:826} INFO - Processing file /home/airflow/.local/lib/python3.7/site-packages/airflow/example_dags/example_branch_day_of_week_operator.py for tasks to queue
[2024-02-28T18:49:39.964+0000] {logging_mixin.py:150} INFO - [2024-02-28T18:49:39.963+0000] {dagbag.py:541} INFO - Filling up the DagBag from /home/airflow/.local/lib/python3.7/site-packages/airflow/example_dags/example_branch_day_of_week_operator.py
[2024-02-28T18:49:39.980+0000] {processor.py:836} INFO - DAG(s) dict_keys(['example_weekday_branch_operator']) retrieved from /home/airflow/.local/lib/python3.7/site-packages/airflow/example_dags/example_branch_day_of_week_operator.py
[2024-02-28T18:49:40.025+0000] {logging_mixin.py:150} INFO - [2024-02-28T18:49:40.025+0000] {dag.py:2742} INFO - Sync 1 DAGs
[2024-02-28T18:49:40.059+0000] {logging_mixin.py:150} INFO - [2024-02-28T18:49:40.059+0000] {dag.py:3508} INFO - Setting next_dagrun for example_weekday_branch_operator to 2024-02-27T00:00:00+00:00, run_after=2024-02-28T00:00:00+00:00
[2024-02-28T18:49:40.089+0000] {processor.py:179} INFO - Processing /home/airflow/.local/lib/python3.7/site-packages/airflow/example_dags/example_branch_day_of_week_operator.py took 0.150 seconds
[2024-02-28T18:50:10.456+0000] {processor.py:157} INFO - Started process (PID=2161) to work on /home/airflow/.local/lib/python3.7/site-packages/airflow/example_dags/example_branch_day_of_week_operator.py
[2024-02-28T18:50:10.461+0000] {processor.py:826} INFO - Processing file /home/airflow/.local/lib/python3.7/site-packages/airflow/example_dags/example_branch_day_of_week_operator.py for tasks to queue
[2024-02-28T18:50:10.470+0000] {logging_mixin.py:150} INFO - [2024-02-28T18:50:10.467+0000] {dagbag.py:541} INFO - Filling up the DagBag from /home/airflow/.local/lib/python3.7/site-packages/airflow/example_dags/example_branch_day_of_week_operator.py
[2024-02-28T18:50:10.530+0000] {processor.py:836} INFO - DAG(s) dict_keys(['example_weekday_branch_operator']) retrieved from /home/airflow/.local/lib/python3.7/site-packages/airflow/example_dags/example_branch_day_of_week_operator.py
[2024-02-28T18:50:10.661+0000] {logging_mixin.py:150} INFO - [2024-02-28T18:50:10.661+0000] {dag.py:2742} INFO - Sync 1 DAGs
[2024-02-28T18:50:10.748+0000] {logging_mixin.py:150} INFO - [2024-02-28T18:50:10.747+0000] {dag.py:3508} INFO - Setting next_dagrun for example_weekday_branch_operator to 2024-02-27T00:00:00+00:00, run_after=2024-02-28T00:00:00+00:00
[2024-02-28T18:50:10.828+0000] {processor.py:179} INFO - Processing /home/airflow/.local/lib/python3.7/site-packages/airflow/example_dags/example_branch_day_of_week_operator.py took 0.390 seconds
[2024-02-28T18:50:41.337+0000] {processor.py:157} INFO - Started process (PID=2228) to work on /home/airflow/.local/lib/python3.7/site-packages/airflow/example_dags/example_branch_day_of_week_operator.py
[2024-02-28T18:50:41.340+0000] {processor.py:826} INFO - Processing file /home/airflow/.local/lib/python3.7/site-packages/airflow/example_dags/example_branch_day_of_week_operator.py for tasks to queue
[2024-02-28T18:50:41.343+0000] {logging_mixin.py:150} INFO - [2024-02-28T18:50:41.343+0000] {dagbag.py:541} INFO - Filling up the DagBag from /home/airflow/.local/lib/python3.7/site-packages/airflow/example_dags/example_branch_day_of_week_operator.py
[2024-02-28T18:50:41.356+0000] {processor.py:836} INFO - DAG(s) dict_keys(['example_weekday_branch_operator']) retrieved from /home/airflow/.local/lib/python3.7/site-packages/airflow/example_dags/example_branch_day_of_week_operator.py
[2024-02-28T18:50:41.389+0000] {logging_mixin.py:150} INFO - [2024-02-28T18:50:41.389+0000] {dag.py:2742} INFO - Sync 1 DAGs
[2024-02-28T18:50:41.416+0000] {logging_mixin.py:150} INFO - [2024-02-28T18:50:41.416+0000] {dag.py:3508} INFO - Setting next_dagrun for example_weekday_branch_operator to 2024-02-27T00:00:00+00:00, run_after=2024-02-28T00:00:00+00:00
[2024-02-28T18:50:41.437+0000] {processor.py:179} INFO - Processing /home/airflow/.local/lib/python3.7/site-packages/airflow/example_dags/example_branch_day_of_week_operator.py took 0.103 seconds
[2024-02-28T18:51:11.639+0000] {processor.py:157} INFO - Started process (PID=2295) to work on /home/airflow/.local/lib/python3.7/site-packages/airflow/example_dags/example_branch_day_of_week_operator.py
[2024-02-28T18:51:11.647+0000] {processor.py:826} INFO - Processing file /home/airflow/.local/lib/python3.7/site-packages/airflow/example_dags/example_branch_day_of_week_operator.py for tasks to queue
[2024-02-28T18:51:11.649+0000] {logging_mixin.py:150} INFO - [2024-02-28T18:51:11.649+0000] {dagbag.py:541} INFO - Filling up the DagBag from /home/airflow/.local/lib/python3.7/site-packages/airflow/example_dags/example_branch_day_of_week_operator.py
[2024-02-28T18:51:11.662+0000] {processor.py:836} INFO - DAG(s) dict_keys(['example_weekday_branch_operator']) retrieved from /home/airflow/.local/lib/python3.7/site-packages/airflow/example_dags/example_branch_day_of_week_operator.py
[2024-02-28T18:51:11.731+0000] {logging_mixin.py:150} INFO - [2024-02-28T18:51:11.731+0000] {dag.py:2742} INFO - Sync 1 DAGs
[2024-02-28T18:51:11.811+0000] {logging_mixin.py:150} INFO - [2024-02-28T18:51:11.810+0000] {dag.py:3508} INFO - Setting next_dagrun for example_weekday_branch_operator to 2024-02-27T00:00:00+00:00, run_after=2024-02-28T00:00:00+00:00
[2024-02-28T18:51:11.875+0000] {processor.py:179} INFO - Processing /home/airflow/.local/lib/python3.7/site-packages/airflow/example_dags/example_branch_day_of_week_operator.py took 0.240 seconds
[2024-02-28T18:51:41.977+0000] {processor.py:157} INFO - Started process (PID=2358) to work on /home/airflow/.local/lib/python3.7/site-packages/airflow/example_dags/example_branch_day_of_week_operator.py
[2024-02-28T18:51:41.979+0000] {processor.py:826} INFO - Processing file /home/airflow/.local/lib/python3.7/site-packages/airflow/example_dags/example_branch_day_of_week_operator.py for tasks to queue
[2024-02-28T18:51:41.981+0000] {logging_mixin.py:150} INFO - [2024-02-28T18:51:41.981+0000] {dagbag.py:541} INFO - Filling up the DagBag from /home/airflow/.local/lib/python3.7/site-packages/airflow/example_dags/example_branch_day_of_week_operator.py
[2024-02-28T18:51:41.991+0000] {processor.py:836} INFO - DAG(s) dict_keys(['example_weekday_branch_operator']) retrieved from /home/airflow/.local/lib/python3.7/site-packages/airflow/example_dags/example_branch_day_of_week_operator.py
[2024-02-28T18:51:42.025+0000] {logging_mixin.py:150} INFO - [2024-02-28T18:51:42.025+0000] {dag.py:2742} INFO - Sync 1 DAGs
[2024-02-28T18:51:42.051+0000] {logging_mixin.py:150} INFO - [2024-02-28T18:51:42.051+0000] {dag.py:3508} INFO - Setting next_dagrun for example_weekday_branch_operator to 2024-02-27T00:00:00+00:00, run_after=2024-02-28T00:00:00+00:00
[2024-02-28T18:51:42.074+0000] {processor.py:179} INFO - Processing /home/airflow/.local/lib/python3.7/site-packages/airflow/example_dags/example_branch_day_of_week_operator.py took 0.100 seconds
[2024-02-28T18:52:14.217+0000] {processor.py:157} INFO - Started process (PID=2429) to work on /home/airflow/.local/lib/python3.7/site-packages/airflow/example_dags/example_branch_day_of_week_operator.py
[2024-02-28T18:52:14.222+0000] {processor.py:826} INFO - Processing file /home/airflow/.local/lib/python3.7/site-packages/airflow/example_dags/example_branch_day_of_week_operator.py for tasks to queue
[2024-02-28T18:52:14.224+0000] {logging_mixin.py:150} INFO - [2024-02-28T18:52:14.224+0000] {dagbag.py:541} INFO - Filling up the DagBag from /home/airflow/.local/lib/python3.7/site-packages/airflow/example_dags/example_branch_day_of_week_operator.py
[2024-02-28T18:52:14.238+0000] {processor.py:836} INFO - DAG(s) dict_keys(['example_weekday_branch_operator']) retrieved from /home/airflow/.local/lib/python3.7/site-packages/airflow/example_dags/example_branch_day_of_week_operator.py
[2024-02-28T18:52:14.284+0000] {logging_mixin.py:150} INFO - [2024-02-28T18:52:14.284+0000] {dag.py:2742} INFO - Sync 1 DAGs
[2024-02-28T18:52:14.337+0000] {logging_mixin.py:150} INFO - [2024-02-28T18:52:14.336+0000] {dag.py:3508} INFO - Setting next_dagrun for example_weekday_branch_operator to 2024-02-27T00:00:00+00:00, run_after=2024-02-28T00:00:00+00:00
[2024-02-28T18:52:14.362+0000] {processor.py:179} INFO - Processing /home/airflow/.local/lib/python3.7/site-packages/airflow/example_dags/example_branch_day_of_week_operator.py took 0.153 seconds
[2024-02-28T18:52:44.899+0000] {processor.py:157} INFO - Started process (PID=2492) to work on /home/airflow/.local/lib/python3.7/site-packages/airflow/example_dags/example_branch_day_of_week_operator.py
[2024-02-28T18:52:44.902+0000] {processor.py:826} INFO - Processing file /home/airflow/.local/lib/python3.7/site-packages/airflow/example_dags/example_branch_day_of_week_operator.py for tasks to queue
[2024-02-28T18:52:44.904+0000] {logging_mixin.py:150} INFO - [2024-02-28T18:52:44.904+0000] {dagbag.py:541} INFO - Filling up the DagBag from /home/airflow/.local/lib/python3.7/site-packages/airflow/example_dags/example_branch_day_of_week_operator.py
[2024-02-28T18:52:44.914+0000] {processor.py:836} INFO - DAG(s) dict_keys(['example_weekday_branch_operator']) retrieved from /home/airflow/.local/lib/python3.7/site-packages/airflow/example_dags/example_branch_day_of_week_operator.py
[2024-02-28T18:52:44.949+0000] {logging_mixin.py:150} INFO - [2024-02-28T18:52:44.949+0000] {dag.py:2742} INFO - Sync 1 DAGs
[2024-02-28T18:52:44.992+0000] {logging_mixin.py:150} INFO - [2024-02-28T18:52:44.992+0000] {dag.py:3508} INFO - Setting next_dagrun for example_weekday_branch_operator to 2024-02-27T00:00:00+00:00, run_after=2024-02-28T00:00:00+00:00
[2024-02-28T18:52:45.013+0000] {processor.py:179} INFO - Processing /home/airflow/.local/lib/python3.7/site-packages/airflow/example_dags/example_branch_day_of_week_operator.py took 0.118 seconds
