[2024-02-28T18:33:15.190+0000] {processor.py:157} INFO - Started process (PID=78) to work on /home/airflow/.local/lib/python3.7/site-packages/airflow/example_dags/tutorial.py
[2024-02-28T18:33:15.192+0000] {processor.py:826} INFO - Processing file /home/airflow/.local/lib/python3.7/site-packages/airflow/example_dags/tutorial.py for tasks to queue
[2024-02-28T18:33:15.193+0000] {logging_mixin.py:150} INFO - [2024-02-28T18:33:15.193+0000] {dagbag.py:541} INFO - Filling up the DagBag from /home/airflow/.local/lib/python3.7/site-packages/airflow/example_dags/tutorial.py
[2024-02-28T18:33:15.204+0000] {processor.py:836} INFO - DAG(s) dict_keys(['tutorial']) retrieved from /home/airflow/.local/lib/python3.7/site-packages/airflow/example_dags/tutorial.py
[2024-02-28T18:33:15.242+0000] {logging_mixin.py:150} INFO - [2024-02-28T18:33:15.241+0000] {dag.py:2742} INFO - Sync 1 DAGs
[2024-02-28T18:33:15.286+0000] {logging_mixin.py:150} INFO - [2024-02-28T18:33:15.285+0000] {dag.py:3508} INFO - Setting next_dagrun for tutorial to 2024-02-27T18:33:15.285137+00:00, run_after=2024-02-28T18:33:15.285137+00:00
[2024-02-28T18:33:15.330+0000] {processor.py:179} INFO - Processing /home/airflow/.local/lib/python3.7/site-packages/airflow/example_dags/tutorial.py took 0.144 seconds
[2024-02-28T18:33:45.615+0000] {processor.py:157} INFO - Started process (PID=141) to work on /home/airflow/.local/lib/python3.7/site-packages/airflow/example_dags/tutorial.py
[2024-02-28T18:33:45.618+0000] {processor.py:826} INFO - Processing file /home/airflow/.local/lib/python3.7/site-packages/airflow/example_dags/tutorial.py for tasks to queue
[2024-02-28T18:33:45.619+0000] {logging_mixin.py:150} INFO - [2024-02-28T18:33:45.619+0000] {dagbag.py:541} INFO - Filling up the DagBag from /home/airflow/.local/lib/python3.7/site-packages/airflow/example_dags/tutorial.py
[2024-02-28T18:33:45.625+0000] {processor.py:836} INFO - DAG(s) dict_keys(['tutorial']) retrieved from /home/airflow/.local/lib/python3.7/site-packages/airflow/example_dags/tutorial.py
[2024-02-28T18:33:45.647+0000] {logging_mixin.py:150} INFO - [2024-02-28T18:33:45.647+0000] {dag.py:2742} INFO - Sync 1 DAGs
[2024-02-28T18:33:45.666+0000] {logging_mixin.py:150} INFO - [2024-02-28T18:33:45.666+0000] {dag.py:3508} INFO - Setting next_dagrun for tutorial to 2024-02-27T18:33:45.666076+00:00, run_after=2024-02-28T18:33:45.666076+00:00
[2024-02-28T18:33:45.680+0000] {processor.py:179} INFO - Processing /home/airflow/.local/lib/python3.7/site-packages/airflow/example_dags/tutorial.py took 0.068 seconds
[2024-02-28T18:34:15.893+0000] {processor.py:157} INFO - Started process (PID=204) to work on /home/airflow/.local/lib/python3.7/site-packages/airflow/example_dags/tutorial.py
[2024-02-28T18:34:15.895+0000] {processor.py:826} INFO - Processing file /home/airflow/.local/lib/python3.7/site-packages/airflow/example_dags/tutorial.py for tasks to queue
[2024-02-28T18:34:15.896+0000] {logging_mixin.py:150} INFO - [2024-02-28T18:34:15.896+0000] {dagbag.py:541} INFO - Filling up the DagBag from /home/airflow/.local/lib/python3.7/site-packages/airflow/example_dags/tutorial.py
[2024-02-28T18:34:15.904+0000] {processor.py:836} INFO - DAG(s) dict_keys(['tutorial']) retrieved from /home/airflow/.local/lib/python3.7/site-packages/airflow/example_dags/tutorial.py
[2024-02-28T18:34:15.926+0000] {logging_mixin.py:150} INFO - [2024-02-28T18:34:15.926+0000] {dag.py:2742} INFO - Sync 1 DAGs
[2024-02-28T18:34:15.944+0000] {logging_mixin.py:150} INFO - [2024-02-28T18:34:15.944+0000] {dag.py:3508} INFO - Setting next_dagrun for tutorial to 2024-02-27T18:34:15.944422+00:00, run_after=2024-02-28T18:34:15.944422+00:00
[2024-02-28T18:34:15.960+0000] {processor.py:179} INFO - Processing /home/airflow/.local/lib/python3.7/site-packages/airflow/example_dags/tutorial.py took 0.070 seconds
[2024-02-28T18:34:46.751+0000] {processor.py:157} INFO - Started process (PID=267) to work on /home/airflow/.local/lib/python3.7/site-packages/airflow/example_dags/tutorial.py
[2024-02-28T18:34:46.754+0000] {processor.py:826} INFO - Processing file /home/airflow/.local/lib/python3.7/site-packages/airflow/example_dags/tutorial.py for tasks to queue
[2024-02-28T18:34:46.761+0000] {logging_mixin.py:150} INFO - [2024-02-28T18:34:46.760+0000] {dagbag.py:541} INFO - Filling up the DagBag from /home/airflow/.local/lib/python3.7/site-packages/airflow/example_dags/tutorial.py
[2024-02-28T18:34:46.776+0000] {processor.py:836} INFO - DAG(s) dict_keys(['tutorial']) retrieved from /home/airflow/.local/lib/python3.7/site-packages/airflow/example_dags/tutorial.py
[2024-02-28T18:34:46.825+0000] {logging_mixin.py:150} INFO - [2024-02-28T18:34:46.825+0000] {dag.py:2742} INFO - Sync 1 DAGs
[2024-02-28T18:34:46.851+0000] {logging_mixin.py:150} INFO - [2024-02-28T18:34:46.850+0000] {dag.py:3508} INFO - Setting next_dagrun for tutorial to 2024-02-27T18:34:46.850464+00:00, run_after=2024-02-28T18:34:46.850464+00:00
[2024-02-28T18:34:46.870+0000] {processor.py:179} INFO - Processing /home/airflow/.local/lib/python3.7/site-packages/airflow/example_dags/tutorial.py took 0.124 seconds
[2024-02-28T18:35:17.193+0000] {processor.py:157} INFO - Started process (PID=331) to work on /home/airflow/.local/lib/python3.7/site-packages/airflow/example_dags/tutorial.py
[2024-02-28T18:35:17.196+0000] {processor.py:826} INFO - Processing file /home/airflow/.local/lib/python3.7/site-packages/airflow/example_dags/tutorial.py for tasks to queue
[2024-02-28T18:35:17.199+0000] {logging_mixin.py:150} INFO - [2024-02-28T18:35:17.199+0000] {dagbag.py:541} INFO - Filling up the DagBag from /home/airflow/.local/lib/python3.7/site-packages/airflow/example_dags/tutorial.py
[2024-02-28T18:35:17.209+0000] {processor.py:836} INFO - DAG(s) dict_keys(['tutorial']) retrieved from /home/airflow/.local/lib/python3.7/site-packages/airflow/example_dags/tutorial.py
[2024-02-28T18:35:17.243+0000] {logging_mixin.py:150} INFO - [2024-02-28T18:35:17.243+0000] {dag.py:2742} INFO - Sync 1 DAGs
[2024-02-28T18:35:17.289+0000] {logging_mixin.py:150} INFO - [2024-02-28T18:35:17.289+0000] {dag.py:3508} INFO - Setting next_dagrun for tutorial to 2024-02-27T18:35:17.289226+00:00, run_after=2024-02-28T18:35:17.289226+00:00
[2024-02-28T18:35:17.312+0000] {processor.py:179} INFO - Processing /home/airflow/.local/lib/python3.7/site-packages/airflow/example_dags/tutorial.py took 0.124 seconds
[2024-02-28T18:35:47.945+0000] {processor.py:157} INFO - Started process (PID=395) to work on /home/airflow/.local/lib/python3.7/site-packages/airflow/example_dags/tutorial.py
[2024-02-28T18:35:47.947+0000] {processor.py:826} INFO - Processing file /home/airflow/.local/lib/python3.7/site-packages/airflow/example_dags/tutorial.py for tasks to queue
[2024-02-28T18:35:47.949+0000] {logging_mixin.py:150} INFO - [2024-02-28T18:35:47.949+0000] {dagbag.py:541} INFO - Filling up the DagBag from /home/airflow/.local/lib/python3.7/site-packages/airflow/example_dags/tutorial.py
[2024-02-28T18:35:47.957+0000] {processor.py:836} INFO - DAG(s) dict_keys(['tutorial']) retrieved from /home/airflow/.local/lib/python3.7/site-packages/airflow/example_dags/tutorial.py
[2024-02-28T18:35:47.983+0000] {logging_mixin.py:150} INFO - [2024-02-28T18:35:47.983+0000] {dag.py:2742} INFO - Sync 1 DAGs
[2024-02-28T18:35:48.004+0000] {logging_mixin.py:150} INFO - [2024-02-28T18:35:48.004+0000] {dag.py:3508} INFO - Setting next_dagrun for tutorial to 2024-02-27T18:35:48.003868+00:00, run_after=2024-02-28T18:35:48.003868+00:00
[2024-02-28T18:35:48.026+0000] {processor.py:179} INFO - Processing /home/airflow/.local/lib/python3.7/site-packages/airflow/example_dags/tutorial.py took 0.083 seconds
[2024-02-28T18:36:20.173+0000] {processor.py:157} INFO - Started process (PID=458) to work on /home/airflow/.local/lib/python3.7/site-packages/airflow/example_dags/tutorial.py
[2024-02-28T18:36:20.176+0000] {processor.py:826} INFO - Processing file /home/airflow/.local/lib/python3.7/site-packages/airflow/example_dags/tutorial.py for tasks to queue
[2024-02-28T18:36:20.177+0000] {logging_mixin.py:150} INFO - [2024-02-28T18:36:20.177+0000] {dagbag.py:541} INFO - Filling up the DagBag from /home/airflow/.local/lib/python3.7/site-packages/airflow/example_dags/tutorial.py
[2024-02-28T18:36:20.186+0000] {processor.py:836} INFO - DAG(s) dict_keys(['tutorial']) retrieved from /home/airflow/.local/lib/python3.7/site-packages/airflow/example_dags/tutorial.py
[2024-02-28T18:36:20.213+0000] {logging_mixin.py:150} INFO - [2024-02-28T18:36:20.213+0000] {dag.py:2742} INFO - Sync 1 DAGs
[2024-02-28T18:36:20.235+0000] {logging_mixin.py:150} INFO - [2024-02-28T18:36:20.235+0000] {dag.py:3508} INFO - Setting next_dagrun for tutorial to 2024-02-27T18:36:20.235400+00:00, run_after=2024-02-28T18:36:20.235400+00:00
[2024-02-28T18:36:20.251+0000] {processor.py:179} INFO - Processing /home/airflow/.local/lib/python3.7/site-packages/airflow/example_dags/tutorial.py took 0.081 seconds
[2024-02-28T18:36:50.968+0000] {processor.py:157} INFO - Started process (PID=521) to work on /home/airflow/.local/lib/python3.7/site-packages/airflow/example_dags/tutorial.py
[2024-02-28T18:36:50.971+0000] {processor.py:826} INFO - Processing file /home/airflow/.local/lib/python3.7/site-packages/airflow/example_dags/tutorial.py for tasks to queue
[2024-02-28T18:36:50.973+0000] {logging_mixin.py:150} INFO - [2024-02-28T18:36:50.973+0000] {dagbag.py:541} INFO - Filling up the DagBag from /home/airflow/.local/lib/python3.7/site-packages/airflow/example_dags/tutorial.py
[2024-02-28T18:36:50.982+0000] {processor.py:836} INFO - DAG(s) dict_keys(['tutorial']) retrieved from /home/airflow/.local/lib/python3.7/site-packages/airflow/example_dags/tutorial.py
[2024-02-28T18:36:51.008+0000] {logging_mixin.py:150} INFO - [2024-02-28T18:36:51.007+0000] {dag.py:2742} INFO - Sync 1 DAGs
[2024-02-28T18:36:51.034+0000] {logging_mixin.py:150} INFO - [2024-02-28T18:36:51.033+0000] {dag.py:3508} INFO - Setting next_dagrun for tutorial to 2024-02-27T18:36:51.033611+00:00, run_after=2024-02-28T18:36:51.033611+00:00
[2024-02-28T18:36:51.060+0000] {processor.py:179} INFO - Processing /home/airflow/.local/lib/python3.7/site-packages/airflow/example_dags/tutorial.py took 0.096 seconds
[2024-02-28T18:37:22.029+0000] {processor.py:157} INFO - Started process (PID=584) to work on /home/airflow/.local/lib/python3.7/site-packages/airflow/example_dags/tutorial.py
[2024-02-28T18:37:22.035+0000] {processor.py:826} INFO - Processing file /home/airflow/.local/lib/python3.7/site-packages/airflow/example_dags/tutorial.py for tasks to queue
[2024-02-28T18:37:22.037+0000] {logging_mixin.py:150} INFO - [2024-02-28T18:37:22.037+0000] {dagbag.py:541} INFO - Filling up the DagBag from /home/airflow/.local/lib/python3.7/site-packages/airflow/example_dags/tutorial.py
[2024-02-28T18:37:22.047+0000] {processor.py:836} INFO - DAG(s) dict_keys(['tutorial']) retrieved from /home/airflow/.local/lib/python3.7/site-packages/airflow/example_dags/tutorial.py
[2024-02-28T18:37:22.081+0000] {logging_mixin.py:150} INFO - [2024-02-28T18:37:22.080+0000] {dag.py:2742} INFO - Sync 1 DAGs
[2024-02-28T18:37:22.105+0000] {logging_mixin.py:150} INFO - [2024-02-28T18:37:22.105+0000] {dag.py:3508} INFO - Setting next_dagrun for tutorial to 2024-02-27T18:37:22.105287+00:00, run_after=2024-02-28T18:37:22.105287+00:00
[2024-02-28T18:37:22.127+0000] {processor.py:179} INFO - Processing /home/airflow/.local/lib/python3.7/site-packages/airflow/example_dags/tutorial.py took 0.104 seconds
[2024-02-28T18:37:52.828+0000] {processor.py:157} INFO - Started process (PID=647) to work on /home/airflow/.local/lib/python3.7/site-packages/airflow/example_dags/tutorial.py
[2024-02-28T18:37:52.830+0000] {processor.py:826} INFO - Processing file /home/airflow/.local/lib/python3.7/site-packages/airflow/example_dags/tutorial.py for tasks to queue
[2024-02-28T18:37:52.832+0000] {logging_mixin.py:150} INFO - [2024-02-28T18:37:52.832+0000] {dagbag.py:541} INFO - Filling up the DagBag from /home/airflow/.local/lib/python3.7/site-packages/airflow/example_dags/tutorial.py
[2024-02-28T18:37:52.839+0000] {processor.py:836} INFO - DAG(s) dict_keys(['tutorial']) retrieved from /home/airflow/.local/lib/python3.7/site-packages/airflow/example_dags/tutorial.py
[2024-02-28T18:37:52.862+0000] {logging_mixin.py:150} INFO - [2024-02-28T18:37:52.862+0000] {dag.py:2742} INFO - Sync 1 DAGs
[2024-02-28T18:37:52.886+0000] {logging_mixin.py:150} INFO - [2024-02-28T18:37:52.886+0000] {dag.py:3508} INFO - Setting next_dagrun for tutorial to 2024-02-27T18:37:52.885770+00:00, run_after=2024-02-28T18:37:52.885770+00:00
[2024-02-28T18:37:52.906+0000] {processor.py:179} INFO - Processing /home/airflow/.local/lib/python3.7/site-packages/airflow/example_dags/tutorial.py took 0.081 seconds
[2024-02-28T18:38:23.511+0000] {processor.py:157} INFO - Started process (PID=709) to work on /home/airflow/.local/lib/python3.7/site-packages/airflow/example_dags/tutorial.py
[2024-02-28T18:38:23.513+0000] {processor.py:826} INFO - Processing file /home/airflow/.local/lib/python3.7/site-packages/airflow/example_dags/tutorial.py for tasks to queue
[2024-02-28T18:38:23.517+0000] {logging_mixin.py:150} INFO - [2024-02-28T18:38:23.516+0000] {dagbag.py:541} INFO - Filling up the DagBag from /home/airflow/.local/lib/python3.7/site-packages/airflow/example_dags/tutorial.py
[2024-02-28T18:38:23.525+0000] {processor.py:836} INFO - DAG(s) dict_keys(['tutorial']) retrieved from /home/airflow/.local/lib/python3.7/site-packages/airflow/example_dags/tutorial.py
[2024-02-28T18:38:23.557+0000] {logging_mixin.py:150} INFO - [2024-02-28T18:38:23.557+0000] {dag.py:2742} INFO - Sync 1 DAGs
[2024-02-28T18:38:23.592+0000] {logging_mixin.py:150} INFO - [2024-02-28T18:38:23.591+0000] {dag.py:3508} INFO - Setting next_dagrun for tutorial to 2024-02-27T18:38:23.590945+00:00, run_after=2024-02-28T18:38:23.590945+00:00
[2024-02-28T18:38:23.614+0000] {processor.py:179} INFO - Processing /home/airflow/.local/lib/python3.7/site-packages/airflow/example_dags/tutorial.py took 0.107 seconds
[2024-02-28T18:38:54.449+0000] {processor.py:157} INFO - Started process (PID=771) to work on /home/airflow/.local/lib/python3.7/site-packages/airflow/example_dags/tutorial.py
[2024-02-28T18:38:54.451+0000] {processor.py:826} INFO - Processing file /home/airflow/.local/lib/python3.7/site-packages/airflow/example_dags/tutorial.py for tasks to queue
[2024-02-28T18:38:54.454+0000] {logging_mixin.py:150} INFO - [2024-02-28T18:38:54.453+0000] {dagbag.py:541} INFO - Filling up the DagBag from /home/airflow/.local/lib/python3.7/site-packages/airflow/example_dags/tutorial.py
[2024-02-28T18:38:54.463+0000] {processor.py:836} INFO - DAG(s) dict_keys(['tutorial']) retrieved from /home/airflow/.local/lib/python3.7/site-packages/airflow/example_dags/tutorial.py
[2024-02-28T18:38:54.488+0000] {logging_mixin.py:150} INFO - [2024-02-28T18:38:54.488+0000] {dag.py:2742} INFO - Sync 1 DAGs
[2024-02-28T18:38:54.519+0000] {logging_mixin.py:150} INFO - [2024-02-28T18:38:54.519+0000] {dag.py:3508} INFO - Setting next_dagrun for tutorial to 2024-02-27T18:38:54.518981+00:00, run_after=2024-02-28T18:38:54.518981+00:00
[2024-02-28T18:38:54.545+0000] {processor.py:179} INFO - Processing /home/airflow/.local/lib/python3.7/site-packages/airflow/example_dags/tutorial.py took 0.101 seconds
[2024-02-28T18:39:25.487+0000] {processor.py:157} INFO - Started process (PID=834) to work on /home/airflow/.local/lib/python3.7/site-packages/airflow/example_dags/tutorial.py
[2024-02-28T18:39:25.490+0000] {processor.py:826} INFO - Processing file /home/airflow/.local/lib/python3.7/site-packages/airflow/example_dags/tutorial.py for tasks to queue
[2024-02-28T18:39:25.494+0000] {logging_mixin.py:150} INFO - [2024-02-28T18:39:25.494+0000] {dagbag.py:541} INFO - Filling up the DagBag from /home/airflow/.local/lib/python3.7/site-packages/airflow/example_dags/tutorial.py
[2024-02-28T18:39:25.502+0000] {processor.py:836} INFO - DAG(s) dict_keys(['tutorial']) retrieved from /home/airflow/.local/lib/python3.7/site-packages/airflow/example_dags/tutorial.py
[2024-02-28T18:39:25.533+0000] {logging_mixin.py:150} INFO - [2024-02-28T18:39:25.533+0000] {dag.py:2742} INFO - Sync 1 DAGs
[2024-02-28T18:39:25.558+0000] {logging_mixin.py:150} INFO - [2024-02-28T18:39:25.558+0000] {dag.py:3508} INFO - Setting next_dagrun for tutorial to 2024-02-27T18:39:25.557883+00:00, run_after=2024-02-28T18:39:25.557883+00:00
[2024-02-28T18:39:25.581+0000] {processor.py:179} INFO - Processing /home/airflow/.local/lib/python3.7/site-packages/airflow/example_dags/tutorial.py took 0.099 seconds
[2024-02-28T18:39:55.703+0000] {processor.py:157} INFO - Started process (PID=898) to work on /home/airflow/.local/lib/python3.7/site-packages/airflow/example_dags/tutorial.py
[2024-02-28T18:39:55.705+0000] {processor.py:826} INFO - Processing file /home/airflow/.local/lib/python3.7/site-packages/airflow/example_dags/tutorial.py for tasks to queue
[2024-02-28T18:39:55.706+0000] {logging_mixin.py:150} INFO - [2024-02-28T18:39:55.706+0000] {dagbag.py:541} INFO - Filling up the DagBag from /home/airflow/.local/lib/python3.7/site-packages/airflow/example_dags/tutorial.py
[2024-02-28T18:39:55.715+0000] {processor.py:836} INFO - DAG(s) dict_keys(['tutorial']) retrieved from /home/airflow/.local/lib/python3.7/site-packages/airflow/example_dags/tutorial.py
[2024-02-28T18:39:55.742+0000] {logging_mixin.py:150} INFO - [2024-02-28T18:39:55.742+0000] {dag.py:2742} INFO - Sync 1 DAGs
[2024-02-28T18:39:55.768+0000] {logging_mixin.py:150} INFO - [2024-02-28T18:39:55.768+0000] {dag.py:3508} INFO - Setting next_dagrun for tutorial to 2024-02-27T18:39:55.768225+00:00, run_after=2024-02-28T18:39:55.768225+00:00
[2024-02-28T18:39:55.787+0000] {processor.py:179} INFO - Processing /home/airflow/.local/lib/python3.7/site-packages/airflow/example_dags/tutorial.py took 0.087 seconds
[2024-02-28T18:40:26.354+0000] {processor.py:157} INFO - Started process (PID=961) to work on /home/airflow/.local/lib/python3.7/site-packages/airflow/example_dags/tutorial.py
[2024-02-28T18:40:26.356+0000] {processor.py:826} INFO - Processing file /home/airflow/.local/lib/python3.7/site-packages/airflow/example_dags/tutorial.py for tasks to queue
[2024-02-28T18:40:26.358+0000] {logging_mixin.py:150} INFO - [2024-02-28T18:40:26.358+0000] {dagbag.py:541} INFO - Filling up the DagBag from /home/airflow/.local/lib/python3.7/site-packages/airflow/example_dags/tutorial.py
[2024-02-28T18:40:26.367+0000] {processor.py:836} INFO - DAG(s) dict_keys(['tutorial']) retrieved from /home/airflow/.local/lib/python3.7/site-packages/airflow/example_dags/tutorial.py
[2024-02-28T18:40:26.394+0000] {logging_mixin.py:150} INFO - [2024-02-28T18:40:26.393+0000] {dag.py:2742} INFO - Sync 1 DAGs
[2024-02-28T18:40:26.420+0000] {logging_mixin.py:150} INFO - [2024-02-28T18:40:26.419+0000] {dag.py:3508} INFO - Setting next_dagrun for tutorial to 2024-02-27T18:40:26.419256+00:00, run_after=2024-02-28T18:40:26.419256+00:00
[2024-02-28T18:40:26.437+0000] {processor.py:179} INFO - Processing /home/airflow/.local/lib/python3.7/site-packages/airflow/example_dags/tutorial.py took 0.088 seconds
[2024-02-28T18:40:56.867+0000] {processor.py:157} INFO - Started process (PID=1024) to work on /home/airflow/.local/lib/python3.7/site-packages/airflow/example_dags/tutorial.py
[2024-02-28T18:40:56.870+0000] {processor.py:826} INFO - Processing file /home/airflow/.local/lib/python3.7/site-packages/airflow/example_dags/tutorial.py for tasks to queue
[2024-02-28T18:40:56.872+0000] {logging_mixin.py:150} INFO - [2024-02-28T18:40:56.871+0000] {dagbag.py:541} INFO - Filling up the DagBag from /home/airflow/.local/lib/python3.7/site-packages/airflow/example_dags/tutorial.py
[2024-02-28T18:40:56.881+0000] {processor.py:836} INFO - DAG(s) dict_keys(['tutorial']) retrieved from /home/airflow/.local/lib/python3.7/site-packages/airflow/example_dags/tutorial.py
[2024-02-28T18:40:56.917+0000] {logging_mixin.py:150} INFO - [2024-02-28T18:40:56.916+0000] {dag.py:2742} INFO - Sync 1 DAGs
[2024-02-28T18:40:56.943+0000] {logging_mixin.py:150} INFO - [2024-02-28T18:40:56.943+0000] {dag.py:3508} INFO - Setting next_dagrun for tutorial to 2024-02-27T18:40:56.942887+00:00, run_after=2024-02-28T18:40:56.942887+00:00
[2024-02-28T18:40:56.961+0000] {processor.py:179} INFO - Processing /home/airflow/.local/lib/python3.7/site-packages/airflow/example_dags/tutorial.py took 0.100 seconds
[2024-02-28T18:41:27.360+0000] {processor.py:157} INFO - Started process (PID=1087) to work on /home/airflow/.local/lib/python3.7/site-packages/airflow/example_dags/tutorial.py
[2024-02-28T18:41:27.364+0000] {processor.py:826} INFO - Processing file /home/airflow/.local/lib/python3.7/site-packages/airflow/example_dags/tutorial.py for tasks to queue
[2024-02-28T18:41:27.366+0000] {logging_mixin.py:150} INFO - [2024-02-28T18:41:27.366+0000] {dagbag.py:541} INFO - Filling up the DagBag from /home/airflow/.local/lib/python3.7/site-packages/airflow/example_dags/tutorial.py
[2024-02-28T18:41:27.374+0000] {processor.py:836} INFO - DAG(s) dict_keys(['tutorial']) retrieved from /home/airflow/.local/lib/python3.7/site-packages/airflow/example_dags/tutorial.py
[2024-02-28T18:41:27.405+0000] {logging_mixin.py:150} INFO - [2024-02-28T18:41:27.405+0000] {dag.py:2742} INFO - Sync 1 DAGs
[2024-02-28T18:41:27.438+0000] {logging_mixin.py:150} INFO - [2024-02-28T18:41:27.437+0000] {dag.py:3508} INFO - Setting next_dagrun for tutorial to 2024-02-27T18:41:27.437522+00:00, run_after=2024-02-28T18:41:27.437522+00:00
[2024-02-28T18:41:27.458+0000] {processor.py:179} INFO - Processing /home/airflow/.local/lib/python3.7/site-packages/airflow/example_dags/tutorial.py took 0.101 seconds
[2024-02-28T18:41:58.261+0000] {processor.py:157} INFO - Started process (PID=1150) to work on /home/airflow/.local/lib/python3.7/site-packages/airflow/example_dags/tutorial.py
[2024-02-28T18:41:58.265+0000] {processor.py:826} INFO - Processing file /home/airflow/.local/lib/python3.7/site-packages/airflow/example_dags/tutorial.py for tasks to queue
[2024-02-28T18:41:58.270+0000] {logging_mixin.py:150} INFO - [2024-02-28T18:41:58.270+0000] {dagbag.py:541} INFO - Filling up the DagBag from /home/airflow/.local/lib/python3.7/site-packages/airflow/example_dags/tutorial.py
[2024-02-28T18:41:58.280+0000] {processor.py:836} INFO - DAG(s) dict_keys(['tutorial']) retrieved from /home/airflow/.local/lib/python3.7/site-packages/airflow/example_dags/tutorial.py
[2024-02-28T18:41:58.321+0000] {logging_mixin.py:150} INFO - [2024-02-28T18:41:58.321+0000] {dag.py:2742} INFO - Sync 1 DAGs
[2024-02-28T18:41:58.350+0000] {logging_mixin.py:150} INFO - [2024-02-28T18:41:58.350+0000] {dag.py:3508} INFO - Setting next_dagrun for tutorial to 2024-02-27T18:41:58.349727+00:00, run_after=2024-02-28T18:41:58.349727+00:00
[2024-02-28T18:41:58.376+0000] {processor.py:179} INFO - Processing /home/airflow/.local/lib/python3.7/site-packages/airflow/example_dags/tutorial.py took 0.120 seconds
[2024-02-28T18:42:28.748+0000] {processor.py:157} INFO - Started process (PID=1213) to work on /home/airflow/.local/lib/python3.7/site-packages/airflow/example_dags/tutorial.py
[2024-02-28T18:42:28.754+0000] {processor.py:826} INFO - Processing file /home/airflow/.local/lib/python3.7/site-packages/airflow/example_dags/tutorial.py for tasks to queue
[2024-02-28T18:42:28.756+0000] {logging_mixin.py:150} INFO - [2024-02-28T18:42:28.756+0000] {dagbag.py:541} INFO - Filling up the DagBag from /home/airflow/.local/lib/python3.7/site-packages/airflow/example_dags/tutorial.py
[2024-02-28T18:42:28.764+0000] {processor.py:836} INFO - DAG(s) dict_keys(['tutorial']) retrieved from /home/airflow/.local/lib/python3.7/site-packages/airflow/example_dags/tutorial.py
[2024-02-28T18:42:28.794+0000] {logging_mixin.py:150} INFO - [2024-02-28T18:42:28.794+0000] {dag.py:2742} INFO - Sync 1 DAGs
[2024-02-28T18:42:28.828+0000] {logging_mixin.py:150} INFO - [2024-02-28T18:42:28.828+0000] {dag.py:3508} INFO - Setting next_dagrun for tutorial to 2024-02-27T18:42:28.828016+00:00, run_after=2024-02-28T18:42:28.828016+00:00
[2024-02-28T18:42:28.855+0000] {processor.py:179} INFO - Processing /home/airflow/.local/lib/python3.7/site-packages/airflow/example_dags/tutorial.py took 0.113 seconds
[2024-02-28T18:42:59.542+0000] {processor.py:157} INFO - Started process (PID=1276) to work on /home/airflow/.local/lib/python3.7/site-packages/airflow/example_dags/tutorial.py
[2024-02-28T18:42:59.546+0000] {processor.py:826} INFO - Processing file /home/airflow/.local/lib/python3.7/site-packages/airflow/example_dags/tutorial.py for tasks to queue
[2024-02-28T18:42:59.549+0000] {logging_mixin.py:150} INFO - [2024-02-28T18:42:59.549+0000] {dagbag.py:541} INFO - Filling up the DagBag from /home/airflow/.local/lib/python3.7/site-packages/airflow/example_dags/tutorial.py
[2024-02-28T18:42:59.559+0000] {processor.py:836} INFO - DAG(s) dict_keys(['tutorial']) retrieved from /home/airflow/.local/lib/python3.7/site-packages/airflow/example_dags/tutorial.py
[2024-02-28T18:42:59.587+0000] {logging_mixin.py:150} INFO - [2024-02-28T18:42:59.587+0000] {dag.py:2742} INFO - Sync 1 DAGs
[2024-02-28T18:42:59.610+0000] {logging_mixin.py:150} INFO - [2024-02-28T18:42:59.610+0000] {dag.py:3508} INFO - Setting next_dagrun for tutorial to 2024-02-27T18:42:59.609849+00:00, run_after=2024-02-28T18:42:59.609849+00:00
[2024-02-28T18:42:59.627+0000] {processor.py:179} INFO - Processing /home/airflow/.local/lib/python3.7/site-packages/airflow/example_dags/tutorial.py took 0.092 seconds
[2024-02-28T18:43:30.061+0000] {processor.py:157} INFO - Started process (PID=1339) to work on /home/airflow/.local/lib/python3.7/site-packages/airflow/example_dags/tutorial.py
[2024-02-28T18:43:30.063+0000] {processor.py:826} INFO - Processing file /home/airflow/.local/lib/python3.7/site-packages/airflow/example_dags/tutorial.py for tasks to queue
[2024-02-28T18:43:30.066+0000] {logging_mixin.py:150} INFO - [2024-02-28T18:43:30.065+0000] {dagbag.py:541} INFO - Filling up the DagBag from /home/airflow/.local/lib/python3.7/site-packages/airflow/example_dags/tutorial.py
[2024-02-28T18:43:30.075+0000] {processor.py:836} INFO - DAG(s) dict_keys(['tutorial']) retrieved from /home/airflow/.local/lib/python3.7/site-packages/airflow/example_dags/tutorial.py
[2024-02-28T18:43:30.107+0000] {logging_mixin.py:150} INFO - [2024-02-28T18:43:30.106+0000] {dag.py:2742} INFO - Sync 1 DAGs
[2024-02-28T18:43:30.132+0000] {logging_mixin.py:150} INFO - [2024-02-28T18:43:30.132+0000] {dag.py:3508} INFO - Setting next_dagrun for tutorial to 2024-02-27T18:43:30.132100+00:00, run_after=2024-02-28T18:43:30.132100+00:00
[2024-02-28T18:43:30.151+0000] {processor.py:179} INFO - Processing /home/airflow/.local/lib/python3.7/site-packages/airflow/example_dags/tutorial.py took 0.093 seconds
[2024-02-28T18:44:00.572+0000] {processor.py:157} INFO - Started process (PID=1402) to work on /home/airflow/.local/lib/python3.7/site-packages/airflow/example_dags/tutorial.py
[2024-02-28T18:44:00.575+0000] {processor.py:826} INFO - Processing file /home/airflow/.local/lib/python3.7/site-packages/airflow/example_dags/tutorial.py for tasks to queue
[2024-02-28T18:44:00.577+0000] {logging_mixin.py:150} INFO - [2024-02-28T18:44:00.576+0000] {dagbag.py:541} INFO - Filling up the DagBag from /home/airflow/.local/lib/python3.7/site-packages/airflow/example_dags/tutorial.py
[2024-02-28T18:44:00.587+0000] {processor.py:836} INFO - DAG(s) dict_keys(['tutorial']) retrieved from /home/airflow/.local/lib/python3.7/site-packages/airflow/example_dags/tutorial.py
[2024-02-28T18:44:00.620+0000] {logging_mixin.py:150} INFO - [2024-02-28T18:44:00.619+0000] {dag.py:2742} INFO - Sync 1 DAGs
[2024-02-28T18:44:00.650+0000] {logging_mixin.py:150} INFO - [2024-02-28T18:44:00.649+0000] {dag.py:3508} INFO - Setting next_dagrun for tutorial to 2024-02-27T18:44:00.649747+00:00, run_after=2024-02-28T18:44:00.649747+00:00
[2024-02-28T18:44:00.673+0000] {processor.py:179} INFO - Processing /home/airflow/.local/lib/python3.7/site-packages/airflow/example_dags/tutorial.py took 0.105 seconds
[2024-02-28T18:44:31.615+0000] {processor.py:157} INFO - Started process (PID=1465) to work on /home/airflow/.local/lib/python3.7/site-packages/airflow/example_dags/tutorial.py
[2024-02-28T18:44:31.617+0000] {processor.py:826} INFO - Processing file /home/airflow/.local/lib/python3.7/site-packages/airflow/example_dags/tutorial.py for tasks to queue
[2024-02-28T18:44:31.619+0000] {logging_mixin.py:150} INFO - [2024-02-28T18:44:31.618+0000] {dagbag.py:541} INFO - Filling up the DagBag from /home/airflow/.local/lib/python3.7/site-packages/airflow/example_dags/tutorial.py
[2024-02-28T18:44:31.633+0000] {processor.py:836} INFO - DAG(s) dict_keys(['tutorial']) retrieved from /home/airflow/.local/lib/python3.7/site-packages/airflow/example_dags/tutorial.py
[2024-02-28T18:44:31.661+0000] {logging_mixin.py:150} INFO - [2024-02-28T18:44:31.661+0000] {dag.py:2742} INFO - Sync 1 DAGs
[2024-02-28T18:44:31.688+0000] {logging_mixin.py:150} INFO - [2024-02-28T18:44:31.687+0000] {dag.py:3508} INFO - Setting next_dagrun for tutorial to 2024-02-27T18:44:31.687049+00:00, run_after=2024-02-28T18:44:31.687049+00:00
[2024-02-28T18:44:31.711+0000] {processor.py:179} INFO - Processing /home/airflow/.local/lib/python3.7/site-packages/airflow/example_dags/tutorial.py took 0.100 seconds
[2024-02-28T18:45:02.324+0000] {processor.py:157} INFO - Started process (PID=1528) to work on /home/airflow/.local/lib/python3.7/site-packages/airflow/example_dags/tutorial.py
[2024-02-28T18:45:02.326+0000] {processor.py:826} INFO - Processing file /home/airflow/.local/lib/python3.7/site-packages/airflow/example_dags/tutorial.py for tasks to queue
[2024-02-28T18:45:02.328+0000] {logging_mixin.py:150} INFO - [2024-02-28T18:45:02.327+0000] {dagbag.py:541} INFO - Filling up the DagBag from /home/airflow/.local/lib/python3.7/site-packages/airflow/example_dags/tutorial.py
[2024-02-28T18:45:02.338+0000] {processor.py:836} INFO - DAG(s) dict_keys(['tutorial']) retrieved from /home/airflow/.local/lib/python3.7/site-packages/airflow/example_dags/tutorial.py
[2024-02-28T18:45:02.367+0000] {logging_mixin.py:150} INFO - [2024-02-28T18:45:02.366+0000] {dag.py:2742} INFO - Sync 1 DAGs
[2024-02-28T18:45:02.389+0000] {logging_mixin.py:150} INFO - [2024-02-28T18:45:02.389+0000] {dag.py:3508} INFO - Setting next_dagrun for tutorial to 2024-02-27T18:45:02.389614+00:00, run_after=2024-02-28T18:45:02.389614+00:00
[2024-02-28T18:45:02.408+0000] {processor.py:179} INFO - Processing /home/airflow/.local/lib/python3.7/site-packages/airflow/example_dags/tutorial.py took 0.088 seconds
[2024-02-28T18:45:32.866+0000] {processor.py:157} INFO - Started process (PID=1592) to work on /home/airflow/.local/lib/python3.7/site-packages/airflow/example_dags/tutorial.py
[2024-02-28T18:45:32.869+0000] {processor.py:826} INFO - Processing file /home/airflow/.local/lib/python3.7/site-packages/airflow/example_dags/tutorial.py for tasks to queue
[2024-02-28T18:45:32.871+0000] {logging_mixin.py:150} INFO - [2024-02-28T18:45:32.871+0000] {dagbag.py:541} INFO - Filling up the DagBag from /home/airflow/.local/lib/python3.7/site-packages/airflow/example_dags/tutorial.py
[2024-02-28T18:45:32.878+0000] {processor.py:836} INFO - DAG(s) dict_keys(['tutorial']) retrieved from /home/airflow/.local/lib/python3.7/site-packages/airflow/example_dags/tutorial.py
[2024-02-28T18:45:32.903+0000] {logging_mixin.py:150} INFO - [2024-02-28T18:45:32.902+0000] {dag.py:2742} INFO - Sync 1 DAGs
[2024-02-28T18:45:32.925+0000] {logging_mixin.py:150} INFO - [2024-02-28T18:45:32.925+0000] {dag.py:3508} INFO - Setting next_dagrun for tutorial to 2024-02-27T18:45:32.924744+00:00, run_after=2024-02-28T18:45:32.924744+00:00
[2024-02-28T18:45:32.946+0000] {processor.py:179} INFO - Processing /home/airflow/.local/lib/python3.7/site-packages/airflow/example_dags/tutorial.py took 0.083 seconds
[2024-02-28T18:46:03.943+0000] {processor.py:157} INFO - Started process (PID=1662) to work on /home/airflow/.local/lib/python3.7/site-packages/airflow/example_dags/tutorial.py
[2024-02-28T18:46:03.946+0000] {processor.py:826} INFO - Processing file /home/airflow/.local/lib/python3.7/site-packages/airflow/example_dags/tutorial.py for tasks to queue
[2024-02-28T18:46:03.948+0000] {logging_mixin.py:150} INFO - [2024-02-28T18:46:03.947+0000] {dagbag.py:541} INFO - Filling up the DagBag from /home/airflow/.local/lib/python3.7/site-packages/airflow/example_dags/tutorial.py
[2024-02-28T18:46:03.956+0000] {processor.py:836} INFO - DAG(s) dict_keys(['tutorial']) retrieved from /home/airflow/.local/lib/python3.7/site-packages/airflow/example_dags/tutorial.py
[2024-02-28T18:46:03.986+0000] {logging_mixin.py:150} INFO - [2024-02-28T18:46:03.986+0000] {dag.py:2742} INFO - Sync 1 DAGs
[2024-02-28T18:46:04.010+0000] {logging_mixin.py:150} INFO - [2024-02-28T18:46:04.010+0000] {dag.py:3508} INFO - Setting next_dagrun for tutorial to 2024-02-27T18:46:04.009889+00:00, run_after=2024-02-28T18:46:04.009889+00:00
[2024-02-28T18:46:04.031+0000] {processor.py:179} INFO - Processing /home/airflow/.local/lib/python3.7/site-packages/airflow/example_dags/tutorial.py took 0.092 seconds
[2024-02-28T18:46:34.455+0000] {processor.py:157} INFO - Started process (PID=1725) to work on /home/airflow/.local/lib/python3.7/site-packages/airflow/example_dags/tutorial.py
[2024-02-28T18:46:34.459+0000] {processor.py:826} INFO - Processing file /home/airflow/.local/lib/python3.7/site-packages/airflow/example_dags/tutorial.py for tasks to queue
[2024-02-28T18:46:34.461+0000] {logging_mixin.py:150} INFO - [2024-02-28T18:46:34.461+0000] {dagbag.py:541} INFO - Filling up the DagBag from /home/airflow/.local/lib/python3.7/site-packages/airflow/example_dags/tutorial.py
[2024-02-28T18:46:34.474+0000] {processor.py:836} INFO - DAG(s) dict_keys(['tutorial']) retrieved from /home/airflow/.local/lib/python3.7/site-packages/airflow/example_dags/tutorial.py
[2024-02-28T18:46:34.509+0000] {logging_mixin.py:150} INFO - [2024-02-28T18:46:34.509+0000] {dag.py:2742} INFO - Sync 1 DAGs
[2024-02-28T18:46:34.547+0000] {logging_mixin.py:150} INFO - [2024-02-28T18:46:34.547+0000] {dag.py:3508} INFO - Setting next_dagrun for tutorial to 2024-02-27T18:46:34.546543+00:00, run_after=2024-02-28T18:46:34.546543+00:00
[2024-02-28T18:46:34.625+0000] {processor.py:179} INFO - Processing /home/airflow/.local/lib/python3.7/site-packages/airflow/example_dags/tutorial.py took 0.185 seconds
[2024-02-28T18:47:05.573+0000] {processor.py:157} INFO - Started process (PID=1788) to work on /home/airflow/.local/lib/python3.7/site-packages/airflow/example_dags/tutorial.py
[2024-02-28T18:47:05.576+0000] {processor.py:826} INFO - Processing file /home/airflow/.local/lib/python3.7/site-packages/airflow/example_dags/tutorial.py for tasks to queue
[2024-02-28T18:47:05.578+0000] {logging_mixin.py:150} INFO - [2024-02-28T18:47:05.577+0000] {dagbag.py:541} INFO - Filling up the DagBag from /home/airflow/.local/lib/python3.7/site-packages/airflow/example_dags/tutorial.py
[2024-02-28T18:47:05.592+0000] {processor.py:836} INFO - DAG(s) dict_keys(['tutorial']) retrieved from /home/airflow/.local/lib/python3.7/site-packages/airflow/example_dags/tutorial.py
[2024-02-28T18:47:05.627+0000] {logging_mixin.py:150} INFO - [2024-02-28T18:47:05.627+0000] {dag.py:2742} INFO - Sync 1 DAGs
[2024-02-28T18:47:05.653+0000] {logging_mixin.py:150} INFO - [2024-02-28T18:47:05.653+0000] {dag.py:3508} INFO - Setting next_dagrun for tutorial to 2024-02-27T18:47:05.653121+00:00, run_after=2024-02-28T18:47:05.653121+00:00
[2024-02-28T18:47:05.675+0000] {processor.py:179} INFO - Processing /home/airflow/.local/lib/python3.7/site-packages/airflow/example_dags/tutorial.py took 0.108 seconds
[2024-02-28T18:47:36.295+0000] {processor.py:157} INFO - Started process (PID=1851) to work on /home/airflow/.local/lib/python3.7/site-packages/airflow/example_dags/tutorial.py
[2024-02-28T18:47:36.298+0000] {processor.py:826} INFO - Processing file /home/airflow/.local/lib/python3.7/site-packages/airflow/example_dags/tutorial.py for tasks to queue
[2024-02-28T18:47:36.300+0000] {logging_mixin.py:150} INFO - [2024-02-28T18:47:36.299+0000] {dagbag.py:541} INFO - Filling up the DagBag from /home/airflow/.local/lib/python3.7/site-packages/airflow/example_dags/tutorial.py
[2024-02-28T18:47:36.310+0000] {processor.py:836} INFO - DAG(s) dict_keys(['tutorial']) retrieved from /home/airflow/.local/lib/python3.7/site-packages/airflow/example_dags/tutorial.py
[2024-02-28T18:47:36.339+0000] {logging_mixin.py:150} INFO - [2024-02-28T18:47:36.339+0000] {dag.py:2742} INFO - Sync 1 DAGs
[2024-02-28T18:47:36.367+0000] {logging_mixin.py:150} INFO - [2024-02-28T18:47:36.367+0000] {dag.py:3508} INFO - Setting next_dagrun for tutorial to 2024-02-27T18:47:36.366976+00:00, run_after=2024-02-28T18:47:36.366976+00:00
[2024-02-28T18:47:36.389+0000] {processor.py:179} INFO - Processing /home/airflow/.local/lib/python3.7/site-packages/airflow/example_dags/tutorial.py took 0.097 seconds
[2024-02-28T18:48:06.525+0000] {processor.py:157} INFO - Started process (PID=1912) to work on /home/airflow/.local/lib/python3.7/site-packages/airflow/example_dags/tutorial.py
[2024-02-28T18:48:06.529+0000] {processor.py:826} INFO - Processing file /home/airflow/.local/lib/python3.7/site-packages/airflow/example_dags/tutorial.py for tasks to queue
[2024-02-28T18:48:06.533+0000] {logging_mixin.py:150} INFO - [2024-02-28T18:48:06.532+0000] {dagbag.py:541} INFO - Filling up the DagBag from /home/airflow/.local/lib/python3.7/site-packages/airflow/example_dags/tutorial.py
[2024-02-28T18:48:06.543+0000] {processor.py:836} INFO - DAG(s) dict_keys(['tutorial']) retrieved from /home/airflow/.local/lib/python3.7/site-packages/airflow/example_dags/tutorial.py
[2024-02-28T18:48:06.568+0000] {logging_mixin.py:150} INFO - [2024-02-28T18:48:06.568+0000] {dag.py:2742} INFO - Sync 1 DAGs
[2024-02-28T18:48:06.586+0000] {logging_mixin.py:150} INFO - [2024-02-28T18:48:06.586+0000] {dag.py:3508} INFO - Setting next_dagrun for tutorial to 2024-02-27T18:48:06.586168+00:00, run_after=2024-02-28T18:48:06.586168+00:00
[2024-02-28T18:48:06.602+0000] {processor.py:179} INFO - Processing /home/airflow/.local/lib/python3.7/site-packages/airflow/example_dags/tutorial.py took 0.083 seconds
[2024-02-28T18:48:36.876+0000] {processor.py:157} INFO - Started process (PID=1975) to work on /home/airflow/.local/lib/python3.7/site-packages/airflow/example_dags/tutorial.py
[2024-02-28T18:48:36.882+0000] {processor.py:826} INFO - Processing file /home/airflow/.local/lib/python3.7/site-packages/airflow/example_dags/tutorial.py for tasks to queue
[2024-02-28T18:48:36.886+0000] {logging_mixin.py:150} INFO - [2024-02-28T18:48:36.886+0000] {dagbag.py:541} INFO - Filling up the DagBag from /home/airflow/.local/lib/python3.7/site-packages/airflow/example_dags/tutorial.py
[2024-02-28T18:48:36.896+0000] {processor.py:836} INFO - DAG(s) dict_keys(['tutorial']) retrieved from /home/airflow/.local/lib/python3.7/site-packages/airflow/example_dags/tutorial.py
[2024-02-28T18:48:36.933+0000] {logging_mixin.py:150} INFO - [2024-02-28T18:48:36.933+0000] {dag.py:2742} INFO - Sync 1 DAGs
[2024-02-28T18:48:36.967+0000] {logging_mixin.py:150} INFO - [2024-02-28T18:48:36.967+0000] {dag.py:3508} INFO - Setting next_dagrun for tutorial to 2024-02-27T18:48:36.966599+00:00, run_after=2024-02-28T18:48:36.966599+00:00
[2024-02-28T18:48:36.993+0000] {processor.py:179} INFO - Processing /home/airflow/.local/lib/python3.7/site-packages/airflow/example_dags/tutorial.py took 0.122 seconds
[2024-02-28T18:49:11.772+0000] {processor.py:157} INFO - Started process (PID=2039) to work on /home/airflow/.local/lib/python3.7/site-packages/airflow/example_dags/tutorial.py
[2024-02-28T18:49:11.778+0000] {processor.py:826} INFO - Processing file /home/airflow/.local/lib/python3.7/site-packages/airflow/example_dags/tutorial.py for tasks to queue
[2024-02-28T18:49:11.780+0000] {logging_mixin.py:150} INFO - [2024-02-28T18:49:11.780+0000] {dagbag.py:541} INFO - Filling up the DagBag from /home/airflow/.local/lib/python3.7/site-packages/airflow/example_dags/tutorial.py
[2024-02-28T18:49:11.801+0000] {processor.py:836} INFO - DAG(s) dict_keys(['tutorial']) retrieved from /home/airflow/.local/lib/python3.7/site-packages/airflow/example_dags/tutorial.py
[2024-02-28T18:49:11.843+0000] {logging_mixin.py:150} INFO - [2024-02-28T18:49:11.842+0000] {dag.py:2742} INFO - Sync 1 DAGs
[2024-02-28T18:49:11.875+0000] {logging_mixin.py:150} INFO - [2024-02-28T18:49:11.875+0000] {dag.py:3508} INFO - Setting next_dagrun for tutorial to 2024-02-27T18:49:11.875054+00:00, run_after=2024-02-28T18:49:11.875054+00:00
[2024-02-28T18:49:11.898+0000] {processor.py:179} INFO - Processing /home/airflow/.local/lib/python3.7/site-packages/airflow/example_dags/tutorial.py took 0.130 seconds
[2024-02-28T18:49:42.608+0000] {processor.py:157} INFO - Started process (PID=2110) to work on /home/airflow/.local/lib/python3.7/site-packages/airflow/example_dags/tutorial.py
[2024-02-28T18:49:42.623+0000] {processor.py:826} INFO - Processing file /home/airflow/.local/lib/python3.7/site-packages/airflow/example_dags/tutorial.py for tasks to queue
[2024-02-28T18:49:42.626+0000] {logging_mixin.py:150} INFO - [2024-02-28T18:49:42.625+0000] {dagbag.py:541} INFO - Filling up the DagBag from /home/airflow/.local/lib/python3.7/site-packages/airflow/example_dags/tutorial.py
[2024-02-28T18:49:42.640+0000] {processor.py:836} INFO - DAG(s) dict_keys(['tutorial']) retrieved from /home/airflow/.local/lib/python3.7/site-packages/airflow/example_dags/tutorial.py
[2024-02-28T18:49:42.708+0000] {logging_mixin.py:150} INFO - [2024-02-28T18:49:42.708+0000] {dag.py:2742} INFO - Sync 1 DAGs
[2024-02-28T18:49:42.768+0000] {logging_mixin.py:150} INFO - [2024-02-28T18:49:42.768+0000] {dag.py:3508} INFO - Setting next_dagrun for tutorial to 2024-02-27T18:49:42.767480+00:00, run_after=2024-02-28T18:49:42.767480+00:00
[2024-02-28T18:49:42.805+0000] {processor.py:179} INFO - Processing /home/airflow/.local/lib/python3.7/site-packages/airflow/example_dags/tutorial.py took 0.206 seconds
[2024-02-28T18:50:13.760+0000] {processor.py:157} INFO - Started process (PID=2177) to work on /home/airflow/.local/lib/python3.7/site-packages/airflow/example_dags/tutorial.py
[2024-02-28T18:50:13.767+0000] {processor.py:826} INFO - Processing file /home/airflow/.local/lib/python3.7/site-packages/airflow/example_dags/tutorial.py for tasks to queue
[2024-02-28T18:50:13.777+0000] {logging_mixin.py:150} INFO - [2024-02-28T18:50:13.776+0000] {dagbag.py:541} INFO - Filling up the DagBag from /home/airflow/.local/lib/python3.7/site-packages/airflow/example_dags/tutorial.py
[2024-02-28T18:50:13.813+0000] {processor.py:836} INFO - DAG(s) dict_keys(['tutorial']) retrieved from /home/airflow/.local/lib/python3.7/site-packages/airflow/example_dags/tutorial.py
[2024-02-28T18:50:13.934+0000] {logging_mixin.py:150} INFO - [2024-02-28T18:50:13.933+0000] {dag.py:2742} INFO - Sync 1 DAGs
[2024-02-28T18:50:14.033+0000] {logging_mixin.py:150} INFO - [2024-02-28T18:50:14.032+0000] {dag.py:3508} INFO - Setting next_dagrun for tutorial to 2024-02-27T18:50:14.030313+00:00, run_after=2024-02-28T18:50:14.030313+00:00
[2024-02-28T18:50:14.086+0000] {processor.py:179} INFO - Processing /home/airflow/.local/lib/python3.7/site-packages/airflow/example_dags/tutorial.py took 0.334 seconds
[2024-02-28T18:50:44.775+0000] {processor.py:157} INFO - Started process (PID=2240) to work on /home/airflow/.local/lib/python3.7/site-packages/airflow/example_dags/tutorial.py
[2024-02-28T18:50:44.777+0000] {processor.py:826} INFO - Processing file /home/airflow/.local/lib/python3.7/site-packages/airflow/example_dags/tutorial.py for tasks to queue
[2024-02-28T18:50:44.779+0000] {logging_mixin.py:150} INFO - [2024-02-28T18:50:44.779+0000] {dagbag.py:541} INFO - Filling up the DagBag from /home/airflow/.local/lib/python3.7/site-packages/airflow/example_dags/tutorial.py
[2024-02-28T18:50:44.792+0000] {processor.py:836} INFO - DAG(s) dict_keys(['tutorial']) retrieved from /home/airflow/.local/lib/python3.7/site-packages/airflow/example_dags/tutorial.py
[2024-02-28T18:50:44.829+0000] {logging_mixin.py:150} INFO - [2024-02-28T18:50:44.829+0000] {dag.py:2742} INFO - Sync 1 DAGs
[2024-02-28T18:50:44.863+0000] {logging_mixin.py:150} INFO - [2024-02-28T18:50:44.862+0000] {dag.py:3508} INFO - Setting next_dagrun for tutorial to 2024-02-27T18:50:44.862452+00:00, run_after=2024-02-28T18:50:44.862452+00:00
[2024-02-28T18:50:44.881+0000] {processor.py:179} INFO - Processing /home/airflow/.local/lib/python3.7/site-packages/airflow/example_dags/tutorial.py took 0.111 seconds
[2024-02-28T18:51:15.551+0000] {processor.py:157} INFO - Started process (PID=2307) to work on /home/airflow/.local/lib/python3.7/site-packages/airflow/example_dags/tutorial.py
[2024-02-28T18:51:15.554+0000] {processor.py:826} INFO - Processing file /home/airflow/.local/lib/python3.7/site-packages/airflow/example_dags/tutorial.py for tasks to queue
[2024-02-28T18:51:15.556+0000] {logging_mixin.py:150} INFO - [2024-02-28T18:51:15.556+0000] {dagbag.py:541} INFO - Filling up the DagBag from /home/airflow/.local/lib/python3.7/site-packages/airflow/example_dags/tutorial.py
[2024-02-28T18:51:15.567+0000] {processor.py:836} INFO - DAG(s) dict_keys(['tutorial']) retrieved from /home/airflow/.local/lib/python3.7/site-packages/airflow/example_dags/tutorial.py
[2024-02-28T18:51:15.607+0000] {logging_mixin.py:150} INFO - [2024-02-28T18:51:15.607+0000] {dag.py:2742} INFO - Sync 1 DAGs
[2024-02-28T18:51:15.640+0000] {logging_mixin.py:150} INFO - [2024-02-28T18:51:15.640+0000] {dag.py:3508} INFO - Setting next_dagrun for tutorial to 2024-02-27T18:51:15.639781+00:00, run_after=2024-02-28T18:51:15.639781+00:00
[2024-02-28T18:51:15.665+0000] {processor.py:179} INFO - Processing /home/airflow/.local/lib/python3.7/site-packages/airflow/example_dags/tutorial.py took 0.120 seconds
[2024-02-28T18:51:46.268+0000] {processor.py:157} INFO - Started process (PID=2370) to work on /home/airflow/.local/lib/python3.7/site-packages/airflow/example_dags/tutorial.py
[2024-02-28T18:51:46.270+0000] {processor.py:826} INFO - Processing file /home/airflow/.local/lib/python3.7/site-packages/airflow/example_dags/tutorial.py for tasks to queue
[2024-02-28T18:51:46.272+0000] {logging_mixin.py:150} INFO - [2024-02-28T18:51:46.271+0000] {dagbag.py:541} INFO - Filling up the DagBag from /home/airflow/.local/lib/python3.7/site-packages/airflow/example_dags/tutorial.py
[2024-02-28T18:51:46.282+0000] {processor.py:836} INFO - DAG(s) dict_keys(['tutorial']) retrieved from /home/airflow/.local/lib/python3.7/site-packages/airflow/example_dags/tutorial.py
[2024-02-28T18:51:46.313+0000] {logging_mixin.py:150} INFO - [2024-02-28T18:51:46.313+0000] {dag.py:2742} INFO - Sync 1 DAGs
[2024-02-28T18:51:46.348+0000] {logging_mixin.py:150} INFO - [2024-02-28T18:51:46.348+0000] {dag.py:3508} INFO - Setting next_dagrun for tutorial to 2024-02-27T18:51:46.347797+00:00, run_after=2024-02-28T18:51:46.347797+00:00
[2024-02-28T18:51:46.377+0000] {processor.py:179} INFO - Processing /home/airflow/.local/lib/python3.7/site-packages/airflow/example_dags/tutorial.py took 0.114 seconds
[2024-02-28T18:52:16.675+0000] {processor.py:157} INFO - Started process (PID=2440) to work on /home/airflow/.local/lib/python3.7/site-packages/airflow/example_dags/tutorial.py
[2024-02-28T18:52:16.678+0000] {processor.py:826} INFO - Processing file /home/airflow/.local/lib/python3.7/site-packages/airflow/example_dags/tutorial.py for tasks to queue
[2024-02-28T18:52:16.682+0000] {logging_mixin.py:150} INFO - [2024-02-28T18:52:16.680+0000] {dagbag.py:541} INFO - Filling up the DagBag from /home/airflow/.local/lib/python3.7/site-packages/airflow/example_dags/tutorial.py
[2024-02-28T18:52:16.700+0000] {processor.py:836} INFO - DAG(s) dict_keys(['tutorial']) retrieved from /home/airflow/.local/lib/python3.7/site-packages/airflow/example_dags/tutorial.py
[2024-02-28T18:52:16.747+0000] {logging_mixin.py:150} INFO - [2024-02-28T18:52:16.747+0000] {dag.py:2742} INFO - Sync 1 DAGs
[2024-02-28T18:52:16.795+0000] {logging_mixin.py:150} INFO - [2024-02-28T18:52:16.795+0000] {dag.py:3508} INFO - Setting next_dagrun for tutorial to 2024-02-27T18:52:16.795082+00:00, run_after=2024-02-28T18:52:16.795082+00:00
[2024-02-28T18:52:16.832+0000] {processor.py:179} INFO - Processing /home/airflow/.local/lib/python3.7/site-packages/airflow/example_dags/tutorial.py took 0.165 seconds
[2024-02-28T18:52:46.895+0000] {processor.py:157} INFO - Started process (PID=2503) to work on /home/airflow/.local/lib/python3.7/site-packages/airflow/example_dags/tutorial.py
[2024-02-28T18:52:46.899+0000] {processor.py:826} INFO - Processing file /home/airflow/.local/lib/python3.7/site-packages/airflow/example_dags/tutorial.py for tasks to queue
[2024-02-28T18:52:46.905+0000] {logging_mixin.py:150} INFO - [2024-02-28T18:52:46.904+0000] {dagbag.py:541} INFO - Filling up the DagBag from /home/airflow/.local/lib/python3.7/site-packages/airflow/example_dags/tutorial.py
[2024-02-28T18:52:46.917+0000] {processor.py:836} INFO - DAG(s) dict_keys(['tutorial']) retrieved from /home/airflow/.local/lib/python3.7/site-packages/airflow/example_dags/tutorial.py
[2024-02-28T18:52:46.954+0000] {logging_mixin.py:150} INFO - [2024-02-28T18:52:46.954+0000] {dag.py:2742} INFO - Sync 1 DAGs
[2024-02-28T18:52:46.997+0000] {logging_mixin.py:150} INFO - [2024-02-28T18:52:46.997+0000] {dag.py:3508} INFO - Setting next_dagrun for tutorial to 2024-02-27T18:52:46.996964+00:00, run_after=2024-02-28T18:52:46.996964+00:00
[2024-02-28T18:52:47.019+0000] {processor.py:179} INFO - Processing /home/airflow/.local/lib/python3.7/site-packages/airflow/example_dags/tutorial.py took 0.130 seconds
