[2024-02-28T18:33:12.524+0000] {processor.py:157} INFO - Started process (PID=60) to work on /home/airflow/.local/lib/python3.7/site-packages/airflow/example_dags/tutorial_taskflow_api.py
[2024-02-28T18:33:12.527+0000] {processor.py:826} INFO - Processing file /home/airflow/.local/lib/python3.7/site-packages/airflow/example_dags/tutorial_taskflow_api.py for tasks to queue
[2024-02-28T18:33:12.543+0000] {logging_mixin.py:150} INFO - [2024-02-28T18:33:12.542+0000] {dagbag.py:541} INFO - Filling up the DagBag from /home/airflow/.local/lib/python3.7/site-packages/airflow/example_dags/tutorial_taskflow_api.py
[2024-02-28T18:33:12.569+0000] {processor.py:836} INFO - DAG(s) dict_keys(['tutorial_taskflow_api']) retrieved from /home/airflow/.local/lib/python3.7/site-packages/airflow/example_dags/tutorial_taskflow_api.py
[2024-02-28T18:33:12.640+0000] {logging_mixin.py:150} INFO - [2024-02-28T18:33:12.640+0000] {dag.py:2742} INFO - Sync 1 DAGs
[2024-02-28T18:33:12.706+0000] {logging_mixin.py:150} INFO - [2024-02-28T18:33:12.706+0000] {dag.py:3508} INFO - Setting next_dagrun for tutorial_taskflow_api to None, run_after=None
[2024-02-28T18:33:12.758+0000] {processor.py:179} INFO - Processing /home/airflow/.local/lib/python3.7/site-packages/airflow/example_dags/tutorial_taskflow_api.py took 0.244 seconds
[2024-02-28T18:33:43.312+0000] {processor.py:157} INFO - Started process (PID=123) to work on /home/airflow/.local/lib/python3.7/site-packages/airflow/example_dags/tutorial_taskflow_api.py
[2024-02-28T18:33:43.321+0000] {processor.py:826} INFO - Processing file /home/airflow/.local/lib/python3.7/site-packages/airflow/example_dags/tutorial_taskflow_api.py for tasks to queue
[2024-02-28T18:33:43.325+0000] {logging_mixin.py:150} INFO - [2024-02-28T18:33:43.324+0000] {dagbag.py:541} INFO - Filling up the DagBag from /home/airflow/.local/lib/python3.7/site-packages/airflow/example_dags/tutorial_taskflow_api.py
[2024-02-28T18:33:43.335+0000] {processor.py:836} INFO - DAG(s) dict_keys(['tutorial_taskflow_api']) retrieved from /home/airflow/.local/lib/python3.7/site-packages/airflow/example_dags/tutorial_taskflow_api.py
[2024-02-28T18:33:43.370+0000] {logging_mixin.py:150} INFO - [2024-02-28T18:33:43.369+0000] {dag.py:2742} INFO - Sync 1 DAGs
[2024-02-28T18:33:43.392+0000] {logging_mixin.py:150} INFO - [2024-02-28T18:33:43.391+0000] {dag.py:3508} INFO - Setting next_dagrun for tutorial_taskflow_api to None, run_after=None
[2024-02-28T18:33:43.412+0000] {processor.py:179} INFO - Processing /home/airflow/.local/lib/python3.7/site-packages/airflow/example_dags/tutorial_taskflow_api.py took 0.106 seconds
[2024-02-28T18:34:13.558+0000] {processor.py:157} INFO - Started process (PID=186) to work on /home/airflow/.local/lib/python3.7/site-packages/airflow/example_dags/tutorial_taskflow_api.py
[2024-02-28T18:34:13.560+0000] {processor.py:826} INFO - Processing file /home/airflow/.local/lib/python3.7/site-packages/airflow/example_dags/tutorial_taskflow_api.py for tasks to queue
[2024-02-28T18:34:13.562+0000] {logging_mixin.py:150} INFO - [2024-02-28T18:34:13.562+0000] {dagbag.py:541} INFO - Filling up the DagBag from /home/airflow/.local/lib/python3.7/site-packages/airflow/example_dags/tutorial_taskflow_api.py
[2024-02-28T18:34:13.569+0000] {processor.py:836} INFO - DAG(s) dict_keys(['tutorial_taskflow_api']) retrieved from /home/airflow/.local/lib/python3.7/site-packages/airflow/example_dags/tutorial_taskflow_api.py
[2024-02-28T18:34:13.597+0000] {logging_mixin.py:150} INFO - [2024-02-28T18:34:13.597+0000] {dag.py:2742} INFO - Sync 1 DAGs
[2024-02-28T18:34:13.618+0000] {logging_mixin.py:150} INFO - [2024-02-28T18:34:13.617+0000] {dag.py:3508} INFO - Setting next_dagrun for tutorial_taskflow_api to None, run_after=None
[2024-02-28T18:34:13.635+0000] {processor.py:179} INFO - Processing /home/airflow/.local/lib/python3.7/site-packages/airflow/example_dags/tutorial_taskflow_api.py took 0.080 seconds
[2024-02-28T18:34:44.462+0000] {processor.py:157} INFO - Started process (PID=249) to work on /home/airflow/.local/lib/python3.7/site-packages/airflow/example_dags/tutorial_taskflow_api.py
[2024-02-28T18:34:44.473+0000] {processor.py:826} INFO - Processing file /home/airflow/.local/lib/python3.7/site-packages/airflow/example_dags/tutorial_taskflow_api.py for tasks to queue
[2024-02-28T18:34:44.479+0000] {logging_mixin.py:150} INFO - [2024-02-28T18:34:44.478+0000] {dagbag.py:541} INFO - Filling up the DagBag from /home/airflow/.local/lib/python3.7/site-packages/airflow/example_dags/tutorial_taskflow_api.py
[2024-02-28T18:34:44.505+0000] {processor.py:836} INFO - DAG(s) dict_keys(['tutorial_taskflow_api']) retrieved from /home/airflow/.local/lib/python3.7/site-packages/airflow/example_dags/tutorial_taskflow_api.py
[2024-02-28T18:34:44.624+0000] {logging_mixin.py:150} INFO - [2024-02-28T18:34:44.624+0000] {dag.py:2742} INFO - Sync 1 DAGs
[2024-02-28T18:34:44.753+0000] {logging_mixin.py:150} INFO - [2024-02-28T18:34:44.752+0000] {dag.py:3508} INFO - Setting next_dagrun for tutorial_taskflow_api to None, run_after=None
[2024-02-28T18:34:44.877+0000] {processor.py:179} INFO - Processing /home/airflow/.local/lib/python3.7/site-packages/airflow/example_dags/tutorial_taskflow_api.py took 0.421 seconds
[2024-02-28T18:35:15.559+0000] {processor.py:157} INFO - Started process (PID=313) to work on /home/airflow/.local/lib/python3.7/site-packages/airflow/example_dags/tutorial_taskflow_api.py
[2024-02-28T18:35:15.563+0000] {processor.py:826} INFO - Processing file /home/airflow/.local/lib/python3.7/site-packages/airflow/example_dags/tutorial_taskflow_api.py for tasks to queue
[2024-02-28T18:35:15.566+0000] {logging_mixin.py:150} INFO - [2024-02-28T18:35:15.566+0000] {dagbag.py:541} INFO - Filling up the DagBag from /home/airflow/.local/lib/python3.7/site-packages/airflow/example_dags/tutorial_taskflow_api.py
[2024-02-28T18:35:15.578+0000] {processor.py:836} INFO - DAG(s) dict_keys(['tutorial_taskflow_api']) retrieved from /home/airflow/.local/lib/python3.7/site-packages/airflow/example_dags/tutorial_taskflow_api.py
[2024-02-28T18:35:15.631+0000] {logging_mixin.py:150} INFO - [2024-02-28T18:35:15.631+0000] {dag.py:2742} INFO - Sync 1 DAGs
[2024-02-28T18:35:15.661+0000] {logging_mixin.py:150} INFO - [2024-02-28T18:35:15.661+0000] {dag.py:3508} INFO - Setting next_dagrun for tutorial_taskflow_api to None, run_after=None
[2024-02-28T18:35:15.680+0000] {processor.py:179} INFO - Processing /home/airflow/.local/lib/python3.7/site-packages/airflow/example_dags/tutorial_taskflow_api.py took 0.127 seconds
[2024-02-28T18:35:46.467+0000] {processor.py:157} INFO - Started process (PID=377) to work on /home/airflow/.local/lib/python3.7/site-packages/airflow/example_dags/tutorial_taskflow_api.py
[2024-02-28T18:35:46.471+0000] {processor.py:826} INFO - Processing file /home/airflow/.local/lib/python3.7/site-packages/airflow/example_dags/tutorial_taskflow_api.py for tasks to queue
[2024-02-28T18:35:46.478+0000] {logging_mixin.py:150} INFO - [2024-02-28T18:35:46.475+0000] {dagbag.py:541} INFO - Filling up the DagBag from /home/airflow/.local/lib/python3.7/site-packages/airflow/example_dags/tutorial_taskflow_api.py
[2024-02-28T18:35:46.489+0000] {processor.py:836} INFO - DAG(s) dict_keys(['tutorial_taskflow_api']) retrieved from /home/airflow/.local/lib/python3.7/site-packages/airflow/example_dags/tutorial_taskflow_api.py
[2024-02-28T18:35:46.565+0000] {logging_mixin.py:150} INFO - [2024-02-28T18:35:46.565+0000] {dag.py:2742} INFO - Sync 1 DAGs
[2024-02-28T18:35:46.623+0000] {logging_mixin.py:150} INFO - [2024-02-28T18:35:46.623+0000] {dag.py:3508} INFO - Setting next_dagrun for tutorial_taskflow_api to None, run_after=None
[2024-02-28T18:35:46.649+0000] {processor.py:179} INFO - Processing /home/airflow/.local/lib/python3.7/site-packages/airflow/example_dags/tutorial_taskflow_api.py took 0.192 seconds
[2024-02-28T18:36:17.568+0000] {processor.py:157} INFO - Started process (PID=440) to work on /home/airflow/.local/lib/python3.7/site-packages/airflow/example_dags/tutorial_taskflow_api.py
[2024-02-28T18:36:17.575+0000] {processor.py:826} INFO - Processing file /home/airflow/.local/lib/python3.7/site-packages/airflow/example_dags/tutorial_taskflow_api.py for tasks to queue
[2024-02-28T18:36:17.599+0000] {logging_mixin.py:150} INFO - [2024-02-28T18:36:17.598+0000] {dagbag.py:541} INFO - Filling up the DagBag from /home/airflow/.local/lib/python3.7/site-packages/airflow/example_dags/tutorial_taskflow_api.py
[2024-02-28T18:36:17.720+0000] {processor.py:836} INFO - DAG(s) dict_keys(['tutorial_taskflow_api']) retrieved from /home/airflow/.local/lib/python3.7/site-packages/airflow/example_dags/tutorial_taskflow_api.py
[2024-02-28T18:36:17.976+0000] {logging_mixin.py:150} INFO - [2024-02-28T18:36:17.975+0000] {dag.py:2742} INFO - Sync 1 DAGs
[2024-02-28T18:36:18.085+0000] {logging_mixin.py:150} INFO - [2024-02-28T18:36:18.084+0000] {dag.py:3508} INFO - Setting next_dagrun for tutorial_taskflow_api to None, run_after=None
[2024-02-28T18:36:18.190+0000] {processor.py:179} INFO - Processing /home/airflow/.local/lib/python3.7/site-packages/airflow/example_dags/tutorial_taskflow_api.py took 0.631 seconds
[2024-02-28T18:36:48.528+0000] {processor.py:157} INFO - Started process (PID=502) to work on /home/airflow/.local/lib/python3.7/site-packages/airflow/example_dags/tutorial_taskflow_api.py
[2024-02-28T18:36:48.533+0000] {processor.py:826} INFO - Processing file /home/airflow/.local/lib/python3.7/site-packages/airflow/example_dags/tutorial_taskflow_api.py for tasks to queue
[2024-02-28T18:36:48.535+0000] {logging_mixin.py:150} INFO - [2024-02-28T18:36:48.535+0000] {dagbag.py:541} INFO - Filling up the DagBag from /home/airflow/.local/lib/python3.7/site-packages/airflow/example_dags/tutorial_taskflow_api.py
[2024-02-28T18:36:48.541+0000] {processor.py:836} INFO - DAG(s) dict_keys(['tutorial_taskflow_api']) retrieved from /home/airflow/.local/lib/python3.7/site-packages/airflow/example_dags/tutorial_taskflow_api.py
[2024-02-28T18:36:48.569+0000] {logging_mixin.py:150} INFO - [2024-02-28T18:36:48.568+0000] {dag.py:2742} INFO - Sync 1 DAGs
[2024-02-28T18:36:48.595+0000] {logging_mixin.py:150} INFO - [2024-02-28T18:36:48.595+0000] {dag.py:3508} INFO - Setting next_dagrun for tutorial_taskflow_api to None, run_after=None
[2024-02-28T18:36:48.616+0000] {processor.py:179} INFO - Processing /home/airflow/.local/lib/python3.7/site-packages/airflow/example_dags/tutorial_taskflow_api.py took 0.091 seconds
[2024-02-28T18:37:19.212+0000] {processor.py:157} INFO - Started process (PID=565) to work on /home/airflow/.local/lib/python3.7/site-packages/airflow/example_dags/tutorial_taskflow_api.py
[2024-02-28T18:37:19.214+0000] {processor.py:826} INFO - Processing file /home/airflow/.local/lib/python3.7/site-packages/airflow/example_dags/tutorial_taskflow_api.py for tasks to queue
[2024-02-28T18:37:19.216+0000] {logging_mixin.py:150} INFO - [2024-02-28T18:37:19.215+0000] {dagbag.py:541} INFO - Filling up the DagBag from /home/airflow/.local/lib/python3.7/site-packages/airflow/example_dags/tutorial_taskflow_api.py
[2024-02-28T18:37:19.222+0000] {processor.py:836} INFO - DAG(s) dict_keys(['tutorial_taskflow_api']) retrieved from /home/airflow/.local/lib/python3.7/site-packages/airflow/example_dags/tutorial_taskflow_api.py
[2024-02-28T18:37:19.254+0000] {logging_mixin.py:150} INFO - [2024-02-28T18:37:19.254+0000] {dag.py:2742} INFO - Sync 1 DAGs
[2024-02-28T18:37:19.280+0000] {logging_mixin.py:150} INFO - [2024-02-28T18:37:19.280+0000] {dag.py:3508} INFO - Setting next_dagrun for tutorial_taskflow_api to None, run_after=None
[2024-02-28T18:37:19.305+0000] {processor.py:179} INFO - Processing /home/airflow/.local/lib/python3.7/site-packages/airflow/example_dags/tutorial_taskflow_api.py took 0.098 seconds
[2024-02-28T18:37:49.520+0000] {processor.py:157} INFO - Started process (PID=628) to work on /home/airflow/.local/lib/python3.7/site-packages/airflow/example_dags/tutorial_taskflow_api.py
[2024-02-28T18:37:49.523+0000] {processor.py:826} INFO - Processing file /home/airflow/.local/lib/python3.7/site-packages/airflow/example_dags/tutorial_taskflow_api.py for tasks to queue
[2024-02-28T18:37:49.525+0000] {logging_mixin.py:150} INFO - [2024-02-28T18:37:49.524+0000] {dagbag.py:541} INFO - Filling up the DagBag from /home/airflow/.local/lib/python3.7/site-packages/airflow/example_dags/tutorial_taskflow_api.py
[2024-02-28T18:37:49.531+0000] {processor.py:836} INFO - DAG(s) dict_keys(['tutorial_taskflow_api']) retrieved from /home/airflow/.local/lib/python3.7/site-packages/airflow/example_dags/tutorial_taskflow_api.py
[2024-02-28T18:37:49.555+0000] {logging_mixin.py:150} INFO - [2024-02-28T18:37:49.555+0000] {dag.py:2742} INFO - Sync 1 DAGs
[2024-02-28T18:37:49.575+0000] {logging_mixin.py:150} INFO - [2024-02-28T18:37:49.574+0000] {dag.py:3508} INFO - Setting next_dagrun for tutorial_taskflow_api to None, run_after=None
[2024-02-28T18:37:49.588+0000] {processor.py:179} INFO - Processing /home/airflow/.local/lib/python3.7/site-packages/airflow/example_dags/tutorial_taskflow_api.py took 0.072 seconds
[2024-02-28T18:38:19.901+0000] {processor.py:157} INFO - Started process (PID=690) to work on /home/airflow/.local/lib/python3.7/site-packages/airflow/example_dags/tutorial_taskflow_api.py
[2024-02-28T18:38:19.905+0000] {processor.py:826} INFO - Processing file /home/airflow/.local/lib/python3.7/site-packages/airflow/example_dags/tutorial_taskflow_api.py for tasks to queue
[2024-02-28T18:38:19.912+0000] {logging_mixin.py:150} INFO - [2024-02-28T18:38:19.911+0000] {dagbag.py:541} INFO - Filling up the DagBag from /home/airflow/.local/lib/python3.7/site-packages/airflow/example_dags/tutorial_taskflow_api.py
[2024-02-28T18:38:19.925+0000] {processor.py:836} INFO - DAG(s) dict_keys(['tutorial_taskflow_api']) retrieved from /home/airflow/.local/lib/python3.7/site-packages/airflow/example_dags/tutorial_taskflow_api.py
[2024-02-28T18:38:19.956+0000] {logging_mixin.py:150} INFO - [2024-02-28T18:38:19.955+0000] {dag.py:2742} INFO - Sync 1 DAGs
[2024-02-28T18:38:19.988+0000] {logging_mixin.py:150} INFO - [2024-02-28T18:38:19.988+0000] {dag.py:3508} INFO - Setting next_dagrun for tutorial_taskflow_api to None, run_after=None
[2024-02-28T18:38:20.019+0000] {processor.py:179} INFO - Processing /home/airflow/.local/lib/python3.7/site-packages/airflow/example_dags/tutorial_taskflow_api.py took 0.122 seconds
[2024-02-28T18:38:50.902+0000] {processor.py:157} INFO - Started process (PID=752) to work on /home/airflow/.local/lib/python3.7/site-packages/airflow/example_dags/tutorial_taskflow_api.py
[2024-02-28T18:38:50.905+0000] {processor.py:826} INFO - Processing file /home/airflow/.local/lib/python3.7/site-packages/airflow/example_dags/tutorial_taskflow_api.py for tasks to queue
[2024-02-28T18:38:50.907+0000] {logging_mixin.py:150} INFO - [2024-02-28T18:38:50.907+0000] {dagbag.py:541} INFO - Filling up the DagBag from /home/airflow/.local/lib/python3.7/site-packages/airflow/example_dags/tutorial_taskflow_api.py
[2024-02-28T18:38:50.914+0000] {processor.py:836} INFO - DAG(s) dict_keys(['tutorial_taskflow_api']) retrieved from /home/airflow/.local/lib/python3.7/site-packages/airflow/example_dags/tutorial_taskflow_api.py
[2024-02-28T18:38:50.950+0000] {logging_mixin.py:150} INFO - [2024-02-28T18:38:50.950+0000] {dag.py:2742} INFO - Sync 1 DAGs
[2024-02-28T18:38:50.977+0000] {logging_mixin.py:150} INFO - [2024-02-28T18:38:50.977+0000] {dag.py:3508} INFO - Setting next_dagrun for tutorial_taskflow_api to None, run_after=None
[2024-02-28T18:38:51.003+0000] {processor.py:179} INFO - Processing /home/airflow/.local/lib/python3.7/site-packages/airflow/example_dags/tutorial_taskflow_api.py took 0.105 seconds
[2024-02-28T18:39:21.758+0000] {processor.py:157} INFO - Started process (PID=815) to work on /home/airflow/.local/lib/python3.7/site-packages/airflow/example_dags/tutorial_taskflow_api.py
[2024-02-28T18:39:21.761+0000] {processor.py:826} INFO - Processing file /home/airflow/.local/lib/python3.7/site-packages/airflow/example_dags/tutorial_taskflow_api.py for tasks to queue
[2024-02-28T18:39:21.764+0000] {logging_mixin.py:150} INFO - [2024-02-28T18:39:21.763+0000] {dagbag.py:541} INFO - Filling up the DagBag from /home/airflow/.local/lib/python3.7/site-packages/airflow/example_dags/tutorial_taskflow_api.py
[2024-02-28T18:39:21.777+0000] {processor.py:836} INFO - DAG(s) dict_keys(['tutorial_taskflow_api']) retrieved from /home/airflow/.local/lib/python3.7/site-packages/airflow/example_dags/tutorial_taskflow_api.py
[2024-02-28T18:39:21.818+0000] {logging_mixin.py:150} INFO - [2024-02-28T18:39:21.817+0000] {dag.py:2742} INFO - Sync 1 DAGs
[2024-02-28T18:39:21.858+0000] {logging_mixin.py:150} INFO - [2024-02-28T18:39:21.857+0000] {dag.py:3508} INFO - Setting next_dagrun for tutorial_taskflow_api to None, run_after=None
[2024-02-28T18:39:21.892+0000] {processor.py:179} INFO - Processing /home/airflow/.local/lib/python3.7/site-packages/airflow/example_dags/tutorial_taskflow_api.py took 0.138 seconds
[2024-02-28T18:39:51.989+0000] {processor.py:157} INFO - Started process (PID=879) to work on /home/airflow/.local/lib/python3.7/site-packages/airflow/example_dags/tutorial_taskflow_api.py
[2024-02-28T18:39:51.991+0000] {processor.py:826} INFO - Processing file /home/airflow/.local/lib/python3.7/site-packages/airflow/example_dags/tutorial_taskflow_api.py for tasks to queue
[2024-02-28T18:39:51.994+0000] {logging_mixin.py:150} INFO - [2024-02-28T18:39:51.993+0000] {dagbag.py:541} INFO - Filling up the DagBag from /home/airflow/.local/lib/python3.7/site-packages/airflow/example_dags/tutorial_taskflow_api.py
[2024-02-28T18:39:52.007+0000] {processor.py:836} INFO - DAG(s) dict_keys(['tutorial_taskflow_api']) retrieved from /home/airflow/.local/lib/python3.7/site-packages/airflow/example_dags/tutorial_taskflow_api.py
[2024-02-28T18:39:52.046+0000] {logging_mixin.py:150} INFO - [2024-02-28T18:39:52.046+0000] {dag.py:2742} INFO - Sync 1 DAGs
[2024-02-28T18:39:52.070+0000] {logging_mixin.py:150} INFO - [2024-02-28T18:39:52.070+0000] {dag.py:3508} INFO - Setting next_dagrun for tutorial_taskflow_api to None, run_after=None
[2024-02-28T18:39:52.086+0000] {processor.py:179} INFO - Processing /home/airflow/.local/lib/python3.7/site-packages/airflow/example_dags/tutorial_taskflow_api.py took 0.102 seconds
[2024-02-28T18:40:22.760+0000] {processor.py:157} INFO - Started process (PID=942) to work on /home/airflow/.local/lib/python3.7/site-packages/airflow/example_dags/tutorial_taskflow_api.py
[2024-02-28T18:40:22.763+0000] {processor.py:826} INFO - Processing file /home/airflow/.local/lib/python3.7/site-packages/airflow/example_dags/tutorial_taskflow_api.py for tasks to queue
[2024-02-28T18:40:22.765+0000] {logging_mixin.py:150} INFO - [2024-02-28T18:40:22.765+0000] {dagbag.py:541} INFO - Filling up the DagBag from /home/airflow/.local/lib/python3.7/site-packages/airflow/example_dags/tutorial_taskflow_api.py
[2024-02-28T18:40:22.771+0000] {processor.py:836} INFO - DAG(s) dict_keys(['tutorial_taskflow_api']) retrieved from /home/airflow/.local/lib/python3.7/site-packages/airflow/example_dags/tutorial_taskflow_api.py
[2024-02-28T18:40:22.795+0000] {logging_mixin.py:150} INFO - [2024-02-28T18:40:22.795+0000] {dag.py:2742} INFO - Sync 1 DAGs
[2024-02-28T18:40:22.814+0000] {logging_mixin.py:150} INFO - [2024-02-28T18:40:22.814+0000] {dag.py:3508} INFO - Setting next_dagrun for tutorial_taskflow_api to None, run_after=None
[2024-02-28T18:40:22.833+0000] {processor.py:179} INFO - Processing /home/airflow/.local/lib/python3.7/site-packages/airflow/example_dags/tutorial_taskflow_api.py took 0.076 seconds
[2024-02-28T18:40:53.428+0000] {processor.py:157} INFO - Started process (PID=1005) to work on /home/airflow/.local/lib/python3.7/site-packages/airflow/example_dags/tutorial_taskflow_api.py
[2024-02-28T18:40:53.431+0000] {processor.py:826} INFO - Processing file /home/airflow/.local/lib/python3.7/site-packages/airflow/example_dags/tutorial_taskflow_api.py for tasks to queue
[2024-02-28T18:40:53.433+0000] {logging_mixin.py:150} INFO - [2024-02-28T18:40:53.432+0000] {dagbag.py:541} INFO - Filling up the DagBag from /home/airflow/.local/lib/python3.7/site-packages/airflow/example_dags/tutorial_taskflow_api.py
[2024-02-28T18:40:53.440+0000] {processor.py:836} INFO - DAG(s) dict_keys(['tutorial_taskflow_api']) retrieved from /home/airflow/.local/lib/python3.7/site-packages/airflow/example_dags/tutorial_taskflow_api.py
[2024-02-28T18:40:53.464+0000] {logging_mixin.py:150} INFO - [2024-02-28T18:40:53.464+0000] {dag.py:2742} INFO - Sync 1 DAGs
[2024-02-28T18:40:53.486+0000] {logging_mixin.py:150} INFO - [2024-02-28T18:40:53.486+0000] {dag.py:3508} INFO - Setting next_dagrun for tutorial_taskflow_api to None, run_after=None
[2024-02-28T18:40:53.503+0000] {processor.py:179} INFO - Processing /home/airflow/.local/lib/python3.7/site-packages/airflow/example_dags/tutorial_taskflow_api.py took 0.078 seconds
[2024-02-28T18:41:23.950+0000] {processor.py:157} INFO - Started process (PID=1068) to work on /home/airflow/.local/lib/python3.7/site-packages/airflow/example_dags/tutorial_taskflow_api.py
[2024-02-28T18:41:23.953+0000] {processor.py:826} INFO - Processing file /home/airflow/.local/lib/python3.7/site-packages/airflow/example_dags/tutorial_taskflow_api.py for tasks to queue
[2024-02-28T18:41:23.955+0000] {logging_mixin.py:150} INFO - [2024-02-28T18:41:23.955+0000] {dagbag.py:541} INFO - Filling up the DagBag from /home/airflow/.local/lib/python3.7/site-packages/airflow/example_dags/tutorial_taskflow_api.py
[2024-02-28T18:41:23.963+0000] {processor.py:836} INFO - DAG(s) dict_keys(['tutorial_taskflow_api']) retrieved from /home/airflow/.local/lib/python3.7/site-packages/airflow/example_dags/tutorial_taskflow_api.py
[2024-02-28T18:41:23.995+0000] {logging_mixin.py:150} INFO - [2024-02-28T18:41:23.995+0000] {dag.py:2742} INFO - Sync 1 DAGs
[2024-02-28T18:41:24.025+0000] {logging_mixin.py:150} INFO - [2024-02-28T18:41:24.025+0000] {dag.py:3508} INFO - Setting next_dagrun for tutorial_taskflow_api to None, run_after=None
[2024-02-28T18:41:24.043+0000] {processor.py:179} INFO - Processing /home/airflow/.local/lib/python3.7/site-packages/airflow/example_dags/tutorial_taskflow_api.py took 0.097 seconds
[2024-02-28T18:41:54.367+0000] {processor.py:157} INFO - Started process (PID=1131) to work on /home/airflow/.local/lib/python3.7/site-packages/airflow/example_dags/tutorial_taskflow_api.py
[2024-02-28T18:41:54.372+0000] {processor.py:826} INFO - Processing file /home/airflow/.local/lib/python3.7/site-packages/airflow/example_dags/tutorial_taskflow_api.py for tasks to queue
[2024-02-28T18:41:54.375+0000] {logging_mixin.py:150} INFO - [2024-02-28T18:41:54.374+0000] {dagbag.py:541} INFO - Filling up the DagBag from /home/airflow/.local/lib/python3.7/site-packages/airflow/example_dags/tutorial_taskflow_api.py
[2024-02-28T18:41:54.381+0000] {processor.py:836} INFO - DAG(s) dict_keys(['tutorial_taskflow_api']) retrieved from /home/airflow/.local/lib/python3.7/site-packages/airflow/example_dags/tutorial_taskflow_api.py
[2024-02-28T18:41:54.409+0000] {logging_mixin.py:150} INFO - [2024-02-28T18:41:54.408+0000] {dag.py:2742} INFO - Sync 1 DAGs
[2024-02-28T18:41:54.430+0000] {logging_mixin.py:150} INFO - [2024-02-28T18:41:54.430+0000] {dag.py:3508} INFO - Setting next_dagrun for tutorial_taskflow_api to None, run_after=None
[2024-02-28T18:41:54.449+0000] {processor.py:179} INFO - Processing /home/airflow/.local/lib/python3.7/site-packages/airflow/example_dags/tutorial_taskflow_api.py took 0.086 seconds
[2024-02-28T18:42:25.063+0000] {processor.py:157} INFO - Started process (PID=1194) to work on /home/airflow/.local/lib/python3.7/site-packages/airflow/example_dags/tutorial_taskflow_api.py
[2024-02-28T18:42:25.065+0000] {processor.py:826} INFO - Processing file /home/airflow/.local/lib/python3.7/site-packages/airflow/example_dags/tutorial_taskflow_api.py for tasks to queue
[2024-02-28T18:42:25.067+0000] {logging_mixin.py:150} INFO - [2024-02-28T18:42:25.067+0000] {dagbag.py:541} INFO - Filling up the DagBag from /home/airflow/.local/lib/python3.7/site-packages/airflow/example_dags/tutorial_taskflow_api.py
[2024-02-28T18:42:25.074+0000] {processor.py:836} INFO - DAG(s) dict_keys(['tutorial_taskflow_api']) retrieved from /home/airflow/.local/lib/python3.7/site-packages/airflow/example_dags/tutorial_taskflow_api.py
[2024-02-28T18:42:25.101+0000] {logging_mixin.py:150} INFO - [2024-02-28T18:42:25.101+0000] {dag.py:2742} INFO - Sync 1 DAGs
[2024-02-28T18:42:25.127+0000] {logging_mixin.py:150} INFO - [2024-02-28T18:42:25.127+0000] {dag.py:3508} INFO - Setting next_dagrun for tutorial_taskflow_api to None, run_after=None
[2024-02-28T18:42:25.147+0000] {processor.py:179} INFO - Processing /home/airflow/.local/lib/python3.7/site-packages/airflow/example_dags/tutorial_taskflow_api.py took 0.088 seconds
[2024-02-28T18:42:56.438+0000] {processor.py:157} INFO - Started process (PID=1257) to work on /home/airflow/.local/lib/python3.7/site-packages/airflow/example_dags/tutorial_taskflow_api.py
[2024-02-28T18:42:56.444+0000] {processor.py:826} INFO - Processing file /home/airflow/.local/lib/python3.7/site-packages/airflow/example_dags/tutorial_taskflow_api.py for tasks to queue
[2024-02-28T18:42:56.447+0000] {logging_mixin.py:150} INFO - [2024-02-28T18:42:56.446+0000] {dagbag.py:541} INFO - Filling up the DagBag from /home/airflow/.local/lib/python3.7/site-packages/airflow/example_dags/tutorial_taskflow_api.py
[2024-02-28T18:42:56.465+0000] {processor.py:836} INFO - DAG(s) dict_keys(['tutorial_taskflow_api']) retrieved from /home/airflow/.local/lib/python3.7/site-packages/airflow/example_dags/tutorial_taskflow_api.py
[2024-02-28T18:42:56.512+0000] {logging_mixin.py:150} INFO - [2024-02-28T18:42:56.512+0000] {dag.py:2742} INFO - Sync 1 DAGs
[2024-02-28T18:42:56.542+0000] {logging_mixin.py:150} INFO - [2024-02-28T18:42:56.541+0000] {dag.py:3508} INFO - Setting next_dagrun for tutorial_taskflow_api to None, run_after=None
[2024-02-28T18:42:56.564+0000] {processor.py:179} INFO - Processing /home/airflow/.local/lib/python3.7/site-packages/airflow/example_dags/tutorial_taskflow_api.py took 0.134 seconds
[2024-02-28T18:43:27.717+0000] {processor.py:157} INFO - Started process (PID=1321) to work on /home/airflow/.local/lib/python3.7/site-packages/airflow/example_dags/tutorial_taskflow_api.py
[2024-02-28T18:43:27.722+0000] {processor.py:826} INFO - Processing file /home/airflow/.local/lib/python3.7/site-packages/airflow/example_dags/tutorial_taskflow_api.py for tasks to queue
[2024-02-28T18:43:27.724+0000] {logging_mixin.py:150} INFO - [2024-02-28T18:43:27.724+0000] {dagbag.py:541} INFO - Filling up the DagBag from /home/airflow/.local/lib/python3.7/site-packages/airflow/example_dags/tutorial_taskflow_api.py
[2024-02-28T18:43:27.735+0000] {processor.py:836} INFO - DAG(s) dict_keys(['tutorial_taskflow_api']) retrieved from /home/airflow/.local/lib/python3.7/site-packages/airflow/example_dags/tutorial_taskflow_api.py
[2024-02-28T18:43:27.771+0000] {logging_mixin.py:150} INFO - [2024-02-28T18:43:27.771+0000] {dag.py:2742} INFO - Sync 1 DAGs
[2024-02-28T18:43:27.804+0000] {logging_mixin.py:150} INFO - [2024-02-28T18:43:27.804+0000] {dag.py:3508} INFO - Setting next_dagrun for tutorial_taskflow_api to None, run_after=None
[2024-02-28T18:43:27.827+0000] {processor.py:179} INFO - Processing /home/airflow/.local/lib/python3.7/site-packages/airflow/example_dags/tutorial_taskflow_api.py took 0.114 seconds
[2024-02-28T18:43:58.252+0000] {processor.py:157} INFO - Started process (PID=1384) to work on /home/airflow/.local/lib/python3.7/site-packages/airflow/example_dags/tutorial_taskflow_api.py
[2024-02-28T18:43:58.254+0000] {processor.py:826} INFO - Processing file /home/airflow/.local/lib/python3.7/site-packages/airflow/example_dags/tutorial_taskflow_api.py for tasks to queue
[2024-02-28T18:43:58.257+0000] {logging_mixin.py:150} INFO - [2024-02-28T18:43:58.256+0000] {dagbag.py:541} INFO - Filling up the DagBag from /home/airflow/.local/lib/python3.7/site-packages/airflow/example_dags/tutorial_taskflow_api.py
[2024-02-28T18:43:58.266+0000] {processor.py:836} INFO - DAG(s) dict_keys(['tutorial_taskflow_api']) retrieved from /home/airflow/.local/lib/python3.7/site-packages/airflow/example_dags/tutorial_taskflow_api.py
[2024-02-28T18:43:58.304+0000] {logging_mixin.py:150} INFO - [2024-02-28T18:43:58.304+0000] {dag.py:2742} INFO - Sync 1 DAGs
[2024-02-28T18:43:58.331+0000] {logging_mixin.py:150} INFO - [2024-02-28T18:43:58.331+0000] {dag.py:3508} INFO - Setting next_dagrun for tutorial_taskflow_api to None, run_after=None
[2024-02-28T18:43:58.352+0000] {processor.py:179} INFO - Processing /home/airflow/.local/lib/python3.7/site-packages/airflow/example_dags/tutorial_taskflow_api.py took 0.104 seconds
[2024-02-28T18:44:29.018+0000] {processor.py:157} INFO - Started process (PID=1447) to work on /home/airflow/.local/lib/python3.7/site-packages/airflow/example_dags/tutorial_taskflow_api.py
[2024-02-28T18:44:29.022+0000] {processor.py:826} INFO - Processing file /home/airflow/.local/lib/python3.7/site-packages/airflow/example_dags/tutorial_taskflow_api.py for tasks to queue
[2024-02-28T18:44:29.029+0000] {logging_mixin.py:150} INFO - [2024-02-28T18:44:29.029+0000] {dagbag.py:541} INFO - Filling up the DagBag from /home/airflow/.local/lib/python3.7/site-packages/airflow/example_dags/tutorial_taskflow_api.py
[2024-02-28T18:44:29.040+0000] {processor.py:836} INFO - DAG(s) dict_keys(['tutorial_taskflow_api']) retrieved from /home/airflow/.local/lib/python3.7/site-packages/airflow/example_dags/tutorial_taskflow_api.py
[2024-02-28T18:44:29.076+0000] {logging_mixin.py:150} INFO - [2024-02-28T18:44:29.076+0000] {dag.py:2742} INFO - Sync 1 DAGs
[2024-02-28T18:44:29.114+0000] {logging_mixin.py:150} INFO - [2024-02-28T18:44:29.113+0000] {dag.py:3508} INFO - Setting next_dagrun for tutorial_taskflow_api to None, run_after=None
[2024-02-28T18:44:29.143+0000] {processor.py:179} INFO - Processing /home/airflow/.local/lib/python3.7/site-packages/airflow/example_dags/tutorial_taskflow_api.py took 0.129 seconds
[2024-02-28T18:44:59.201+0000] {processor.py:157} INFO - Started process (PID=1510) to work on /home/airflow/.local/lib/python3.7/site-packages/airflow/example_dags/tutorial_taskflow_api.py
[2024-02-28T18:44:59.203+0000] {processor.py:826} INFO - Processing file /home/airflow/.local/lib/python3.7/site-packages/airflow/example_dags/tutorial_taskflow_api.py for tasks to queue
[2024-02-28T18:44:59.204+0000] {logging_mixin.py:150} INFO - [2024-02-28T18:44:59.204+0000] {dagbag.py:541} INFO - Filling up the DagBag from /home/airflow/.local/lib/python3.7/site-packages/airflow/example_dags/tutorial_taskflow_api.py
[2024-02-28T18:44:59.210+0000] {processor.py:836} INFO - DAG(s) dict_keys(['tutorial_taskflow_api']) retrieved from /home/airflow/.local/lib/python3.7/site-packages/airflow/example_dags/tutorial_taskflow_api.py
[2024-02-28T18:44:59.239+0000] {logging_mixin.py:150} INFO - [2024-02-28T18:44:59.239+0000] {dag.py:2742} INFO - Sync 1 DAGs
[2024-02-28T18:44:59.264+0000] {logging_mixin.py:150} INFO - [2024-02-28T18:44:59.264+0000] {dag.py:3508} INFO - Setting next_dagrun for tutorial_taskflow_api to None, run_after=None
[2024-02-28T18:44:59.283+0000] {processor.py:179} INFO - Processing /home/airflow/.local/lib/python3.7/site-packages/airflow/example_dags/tutorial_taskflow_api.py took 0.086 seconds
[2024-02-28T18:45:29.648+0000] {processor.py:157} INFO - Started process (PID=1574) to work on /home/airflow/.local/lib/python3.7/site-packages/airflow/example_dags/tutorial_taskflow_api.py
[2024-02-28T18:45:29.650+0000] {processor.py:826} INFO - Processing file /home/airflow/.local/lib/python3.7/site-packages/airflow/example_dags/tutorial_taskflow_api.py for tasks to queue
[2024-02-28T18:45:29.651+0000] {logging_mixin.py:150} INFO - [2024-02-28T18:45:29.651+0000] {dagbag.py:541} INFO - Filling up the DagBag from /home/airflow/.local/lib/python3.7/site-packages/airflow/example_dags/tutorial_taskflow_api.py
[2024-02-28T18:45:29.658+0000] {processor.py:836} INFO - DAG(s) dict_keys(['tutorial_taskflow_api']) retrieved from /home/airflow/.local/lib/python3.7/site-packages/airflow/example_dags/tutorial_taskflow_api.py
[2024-02-28T18:45:29.682+0000] {logging_mixin.py:150} INFO - [2024-02-28T18:45:29.682+0000] {dag.py:2742} INFO - Sync 1 DAGs
[2024-02-28T18:45:29.703+0000] {logging_mixin.py:150} INFO - [2024-02-28T18:45:29.703+0000] {dag.py:3508} INFO - Setting next_dagrun for tutorial_taskflow_api to None, run_after=None
[2024-02-28T18:45:29.720+0000] {processor.py:179} INFO - Processing /home/airflow/.local/lib/python3.7/site-packages/airflow/example_dags/tutorial_taskflow_api.py took 0.076 seconds
[2024-02-28T18:46:00.578+0000] {processor.py:157} INFO - Started process (PID=1637) to work on /home/airflow/.local/lib/python3.7/site-packages/airflow/example_dags/tutorial_taskflow_api.py
[2024-02-28T18:46:00.580+0000] {processor.py:826} INFO - Processing file /home/airflow/.local/lib/python3.7/site-packages/airflow/example_dags/tutorial_taskflow_api.py for tasks to queue
[2024-02-28T18:46:00.583+0000] {logging_mixin.py:150} INFO - [2024-02-28T18:46:00.583+0000] {dagbag.py:541} INFO - Filling up the DagBag from /home/airflow/.local/lib/python3.7/site-packages/airflow/example_dags/tutorial_taskflow_api.py
[2024-02-28T18:46:00.591+0000] {processor.py:836} INFO - DAG(s) dict_keys(['tutorial_taskflow_api']) retrieved from /home/airflow/.local/lib/python3.7/site-packages/airflow/example_dags/tutorial_taskflow_api.py
[2024-02-28T18:46:00.617+0000] {logging_mixin.py:150} INFO - [2024-02-28T18:46:00.617+0000] {dag.py:2742} INFO - Sync 1 DAGs
[2024-02-28T18:46:00.641+0000] {logging_mixin.py:150} INFO - [2024-02-28T18:46:00.640+0000] {dag.py:3508} INFO - Setting next_dagrun for tutorial_taskflow_api to None, run_after=None
[2024-02-28T18:46:00.661+0000] {processor.py:179} INFO - Processing /home/airflow/.local/lib/python3.7/site-packages/airflow/example_dags/tutorial_taskflow_api.py took 0.087 seconds
[2024-02-28T18:46:30.975+0000] {processor.py:157} INFO - Started process (PID=1700) to work on /home/airflow/.local/lib/python3.7/site-packages/airflow/example_dags/tutorial_taskflow_api.py
[2024-02-28T18:46:30.978+0000] {processor.py:826} INFO - Processing file /home/airflow/.local/lib/python3.7/site-packages/airflow/example_dags/tutorial_taskflow_api.py for tasks to queue
[2024-02-28T18:46:30.979+0000] {logging_mixin.py:150} INFO - [2024-02-28T18:46:30.979+0000] {dagbag.py:541} INFO - Filling up the DagBag from /home/airflow/.local/lib/python3.7/site-packages/airflow/example_dags/tutorial_taskflow_api.py
[2024-02-28T18:46:30.986+0000] {processor.py:836} INFO - DAG(s) dict_keys(['tutorial_taskflow_api']) retrieved from /home/airflow/.local/lib/python3.7/site-packages/airflow/example_dags/tutorial_taskflow_api.py
[2024-02-28T18:46:31.010+0000] {logging_mixin.py:150} INFO - [2024-02-28T18:46:31.010+0000] {dag.py:2742} INFO - Sync 1 DAGs
[2024-02-28T18:46:31.030+0000] {logging_mixin.py:150} INFO - [2024-02-28T18:46:31.029+0000] {dag.py:3508} INFO - Setting next_dagrun for tutorial_taskflow_api to None, run_after=None
[2024-02-28T18:46:31.053+0000] {processor.py:179} INFO - Processing /home/airflow/.local/lib/python3.7/site-packages/airflow/example_dags/tutorial_taskflow_api.py took 0.081 seconds
[2024-02-28T18:47:01.370+0000] {processor.py:157} INFO - Started process (PID=1763) to work on /home/airflow/.local/lib/python3.7/site-packages/airflow/example_dags/tutorial_taskflow_api.py
[2024-02-28T18:47:01.372+0000] {processor.py:826} INFO - Processing file /home/airflow/.local/lib/python3.7/site-packages/airflow/example_dags/tutorial_taskflow_api.py for tasks to queue
[2024-02-28T18:47:01.373+0000] {logging_mixin.py:150} INFO - [2024-02-28T18:47:01.373+0000] {dagbag.py:541} INFO - Filling up the DagBag from /home/airflow/.local/lib/python3.7/site-packages/airflow/example_dags/tutorial_taskflow_api.py
[2024-02-28T18:47:01.380+0000] {processor.py:836} INFO - DAG(s) dict_keys(['tutorial_taskflow_api']) retrieved from /home/airflow/.local/lib/python3.7/site-packages/airflow/example_dags/tutorial_taskflow_api.py
[2024-02-28T18:47:01.409+0000] {logging_mixin.py:150} INFO - [2024-02-28T18:47:01.409+0000] {dag.py:2742} INFO - Sync 1 DAGs
[2024-02-28T18:47:01.434+0000] {logging_mixin.py:150} INFO - [2024-02-28T18:47:01.434+0000] {dag.py:3508} INFO - Setting next_dagrun for tutorial_taskflow_api to None, run_after=None
[2024-02-28T18:47:01.450+0000] {processor.py:179} INFO - Processing /home/airflow/.local/lib/python3.7/site-packages/airflow/example_dags/tutorial_taskflow_api.py took 0.083 seconds
[2024-02-28T18:47:32.066+0000] {processor.py:157} INFO - Started process (PID=1826) to work on /home/airflow/.local/lib/python3.7/site-packages/airflow/example_dags/tutorial_taskflow_api.py
[2024-02-28T18:47:32.070+0000] {processor.py:826} INFO - Processing file /home/airflow/.local/lib/python3.7/site-packages/airflow/example_dags/tutorial_taskflow_api.py for tasks to queue
[2024-02-28T18:47:32.072+0000] {logging_mixin.py:150} INFO - [2024-02-28T18:47:32.071+0000] {dagbag.py:541} INFO - Filling up the DagBag from /home/airflow/.local/lib/python3.7/site-packages/airflow/example_dags/tutorial_taskflow_api.py
[2024-02-28T18:47:32.083+0000] {processor.py:836} INFO - DAG(s) dict_keys(['tutorial_taskflow_api']) retrieved from /home/airflow/.local/lib/python3.7/site-packages/airflow/example_dags/tutorial_taskflow_api.py
[2024-02-28T18:47:32.112+0000] {logging_mixin.py:150} INFO - [2024-02-28T18:47:32.112+0000] {dag.py:2742} INFO - Sync 1 DAGs
[2024-02-28T18:47:32.137+0000] {logging_mixin.py:150} INFO - [2024-02-28T18:47:32.137+0000] {dag.py:3508} INFO - Setting next_dagrun for tutorial_taskflow_api to None, run_after=None
[2024-02-28T18:47:32.160+0000] {processor.py:179} INFO - Processing /home/airflow/.local/lib/python3.7/site-packages/airflow/example_dags/tutorial_taskflow_api.py took 0.098 seconds
[2024-02-28T18:48:02.313+0000] {processor.py:157} INFO - Started process (PID=1889) to work on /home/airflow/.local/lib/python3.7/site-packages/airflow/example_dags/tutorial_taskflow_api.py
[2024-02-28T18:48:02.317+0000] {processor.py:826} INFO - Processing file /home/airflow/.local/lib/python3.7/site-packages/airflow/example_dags/tutorial_taskflow_api.py for tasks to queue
[2024-02-28T18:48:02.320+0000] {logging_mixin.py:150} INFO - [2024-02-28T18:48:02.320+0000] {dagbag.py:541} INFO - Filling up the DagBag from /home/airflow/.local/lib/python3.7/site-packages/airflow/example_dags/tutorial_taskflow_api.py
[2024-02-28T18:48:02.332+0000] {processor.py:836} INFO - DAG(s) dict_keys(['tutorial_taskflow_api']) retrieved from /home/airflow/.local/lib/python3.7/site-packages/airflow/example_dags/tutorial_taskflow_api.py
[2024-02-28T18:48:02.369+0000] {logging_mixin.py:150} INFO - [2024-02-28T18:48:02.369+0000] {dag.py:2742} INFO - Sync 1 DAGs
[2024-02-28T18:48:02.395+0000] {logging_mixin.py:150} INFO - [2024-02-28T18:48:02.395+0000] {dag.py:3508} INFO - Setting next_dagrun for tutorial_taskflow_api to None, run_after=None
[2024-02-28T18:48:02.417+0000] {processor.py:179} INFO - Processing /home/airflow/.local/lib/python3.7/site-packages/airflow/example_dags/tutorial_taskflow_api.py took 0.108 seconds
[2024-02-28T18:48:33.329+0000] {processor.py:157} INFO - Started process (PID=1951) to work on /home/airflow/.local/lib/python3.7/site-packages/airflow/example_dags/tutorial_taskflow_api.py
[2024-02-28T18:48:33.334+0000] {processor.py:826} INFO - Processing file /home/airflow/.local/lib/python3.7/site-packages/airflow/example_dags/tutorial_taskflow_api.py for tasks to queue
[2024-02-28T18:48:33.337+0000] {logging_mixin.py:150} INFO - [2024-02-28T18:48:33.336+0000] {dagbag.py:541} INFO - Filling up the DagBag from /home/airflow/.local/lib/python3.7/site-packages/airflow/example_dags/tutorial_taskflow_api.py
[2024-02-28T18:48:33.350+0000] {processor.py:836} INFO - DAG(s) dict_keys(['tutorial_taskflow_api']) retrieved from /home/airflow/.local/lib/python3.7/site-packages/airflow/example_dags/tutorial_taskflow_api.py
[2024-02-28T18:48:33.391+0000] {logging_mixin.py:150} INFO - [2024-02-28T18:48:33.390+0000] {dag.py:2742} INFO - Sync 1 DAGs
[2024-02-28T18:48:33.420+0000] {logging_mixin.py:150} INFO - [2024-02-28T18:48:33.420+0000] {dag.py:3508} INFO - Setting next_dagrun for tutorial_taskflow_api to None, run_after=None
[2024-02-28T18:48:33.446+0000] {processor.py:179} INFO - Processing /home/airflow/.local/lib/python3.7/site-packages/airflow/example_dags/tutorial_taskflow_api.py took 0.121 seconds
[2024-02-28T18:49:07.319+0000] {processor.py:157} INFO - Started process (PID=2021) to work on /home/airflow/.local/lib/python3.7/site-packages/airflow/example_dags/tutorial_taskflow_api.py
[2024-02-28T18:49:07.328+0000] {processor.py:826} INFO - Processing file /home/airflow/.local/lib/python3.7/site-packages/airflow/example_dags/tutorial_taskflow_api.py for tasks to queue
[2024-02-28T18:49:07.393+0000] {logging_mixin.py:150} INFO - [2024-02-28T18:49:07.392+0000] {dagbag.py:541} INFO - Filling up the DagBag from /home/airflow/.local/lib/python3.7/site-packages/airflow/example_dags/tutorial_taskflow_api.py
[2024-02-28T18:49:07.520+0000] {processor.py:836} INFO - DAG(s) dict_keys(['tutorial_taskflow_api']) retrieved from /home/airflow/.local/lib/python3.7/site-packages/airflow/example_dags/tutorial_taskflow_api.py
[2024-02-28T18:49:07.705+0000] {logging_mixin.py:150} INFO - [2024-02-28T18:49:07.704+0000] {dag.py:2742} INFO - Sync 1 DAGs
[2024-02-28T18:49:07.807+0000] {logging_mixin.py:150} INFO - [2024-02-28T18:49:07.806+0000] {dag.py:3508} INFO - Setting next_dagrun for tutorial_taskflow_api to None, run_after=None
[2024-02-28T18:49:07.853+0000] {processor.py:179} INFO - Processing /home/airflow/.local/lib/python3.7/site-packages/airflow/example_dags/tutorial_taskflow_api.py took 0.577 seconds
[2024-02-28T18:49:38.510+0000] {processor.py:157} INFO - Started process (PID=2092) to work on /home/airflow/.local/lib/python3.7/site-packages/airflow/example_dags/tutorial_taskflow_api.py
[2024-02-28T18:49:38.515+0000] {processor.py:826} INFO - Processing file /home/airflow/.local/lib/python3.7/site-packages/airflow/example_dags/tutorial_taskflow_api.py for tasks to queue
[2024-02-28T18:49:38.519+0000] {logging_mixin.py:150} INFO - [2024-02-28T18:49:38.518+0000] {dagbag.py:541} INFO - Filling up the DagBag from /home/airflow/.local/lib/python3.7/site-packages/airflow/example_dags/tutorial_taskflow_api.py
[2024-02-28T18:49:38.531+0000] {processor.py:836} INFO - DAG(s) dict_keys(['tutorial_taskflow_api']) retrieved from /home/airflow/.local/lib/python3.7/site-packages/airflow/example_dags/tutorial_taskflow_api.py
[2024-02-28T18:49:38.558+0000] {logging_mixin.py:150} INFO - [2024-02-28T18:49:38.558+0000] {dag.py:2742} INFO - Sync 1 DAGs
[2024-02-28T18:49:38.581+0000] {logging_mixin.py:150} INFO - [2024-02-28T18:49:38.581+0000] {dag.py:3508} INFO - Setting next_dagrun for tutorial_taskflow_api to None, run_after=None
[2024-02-28T18:49:38.599+0000] {processor.py:179} INFO - Processing /home/airflow/.local/lib/python3.7/site-packages/airflow/example_dags/tutorial_taskflow_api.py took 0.097 seconds
[2024-02-28T18:50:09.378+0000] {processor.py:157} INFO - Started process (PID=2155) to work on /home/airflow/.local/lib/python3.7/site-packages/airflow/example_dags/tutorial_taskflow_api.py
[2024-02-28T18:50:09.380+0000] {processor.py:826} INFO - Processing file /home/airflow/.local/lib/python3.7/site-packages/airflow/example_dags/tutorial_taskflow_api.py for tasks to queue
[2024-02-28T18:50:09.383+0000] {logging_mixin.py:150} INFO - [2024-02-28T18:50:09.382+0000] {dagbag.py:541} INFO - Filling up the DagBag from /home/airflow/.local/lib/python3.7/site-packages/airflow/example_dags/tutorial_taskflow_api.py
[2024-02-28T18:50:09.394+0000] {processor.py:836} INFO - DAG(s) dict_keys(['tutorial_taskflow_api']) retrieved from /home/airflow/.local/lib/python3.7/site-packages/airflow/example_dags/tutorial_taskflow_api.py
[2024-02-28T18:50:09.437+0000] {logging_mixin.py:150} INFO - [2024-02-28T18:50:09.436+0000] {dag.py:2742} INFO - Sync 1 DAGs
[2024-02-28T18:50:09.487+0000] {logging_mixin.py:150} INFO - [2024-02-28T18:50:09.486+0000] {dag.py:3508} INFO - Setting next_dagrun for tutorial_taskflow_api to None, run_after=None
[2024-02-28T18:50:09.515+0000] {processor.py:179} INFO - Processing /home/airflow/.local/lib/python3.7/site-packages/airflow/example_dags/tutorial_taskflow_api.py took 0.151 seconds
[2024-02-28T18:50:39.632+0000] {processor.py:157} INFO - Started process (PID=2221) to work on /home/airflow/.local/lib/python3.7/site-packages/airflow/example_dags/tutorial_taskflow_api.py
[2024-02-28T18:50:39.634+0000] {processor.py:826} INFO - Processing file /home/airflow/.local/lib/python3.7/site-packages/airflow/example_dags/tutorial_taskflow_api.py for tasks to queue
[2024-02-28T18:50:39.637+0000] {logging_mixin.py:150} INFO - [2024-02-28T18:50:39.637+0000] {dagbag.py:541} INFO - Filling up the DagBag from /home/airflow/.local/lib/python3.7/site-packages/airflow/example_dags/tutorial_taskflow_api.py
[2024-02-28T18:50:39.642+0000] {processor.py:836} INFO - DAG(s) dict_keys(['tutorial_taskflow_api']) retrieved from /home/airflow/.local/lib/python3.7/site-packages/airflow/example_dags/tutorial_taskflow_api.py
[2024-02-28T18:50:39.667+0000] {logging_mixin.py:150} INFO - [2024-02-28T18:50:39.666+0000] {dag.py:2742} INFO - Sync 1 DAGs
[2024-02-28T18:50:39.687+0000] {logging_mixin.py:150} INFO - [2024-02-28T18:50:39.687+0000] {dag.py:3508} INFO - Setting next_dagrun for tutorial_taskflow_api to None, run_after=None
[2024-02-28T18:50:39.704+0000] {processor.py:179} INFO - Processing /home/airflow/.local/lib/python3.7/site-packages/airflow/example_dags/tutorial_taskflow_api.py took 0.075 seconds
[2024-02-28T18:51:10.359+0000] {processor.py:157} INFO - Started process (PID=2288) to work on /home/airflow/.local/lib/python3.7/site-packages/airflow/example_dags/tutorial_taskflow_api.py
[2024-02-28T18:51:10.367+0000] {processor.py:826} INFO - Processing file /home/airflow/.local/lib/python3.7/site-packages/airflow/example_dags/tutorial_taskflow_api.py for tasks to queue
[2024-02-28T18:51:10.382+0000] {logging_mixin.py:150} INFO - [2024-02-28T18:51:10.378+0000] {dagbag.py:541} INFO - Filling up the DagBag from /home/airflow/.local/lib/python3.7/site-packages/airflow/example_dags/tutorial_taskflow_api.py
[2024-02-28T18:51:10.408+0000] {processor.py:836} INFO - DAG(s) dict_keys(['tutorial_taskflow_api']) retrieved from /home/airflow/.local/lib/python3.7/site-packages/airflow/example_dags/tutorial_taskflow_api.py
[2024-02-28T18:51:10.471+0000] {logging_mixin.py:150} INFO - [2024-02-28T18:51:10.470+0000] {dag.py:2742} INFO - Sync 1 DAGs
[2024-02-28T18:51:10.529+0000] {logging_mixin.py:150} INFO - [2024-02-28T18:51:10.529+0000] {dag.py:3508} INFO - Setting next_dagrun for tutorial_taskflow_api to None, run_after=None
[2024-02-28T18:51:10.564+0000] {processor.py:179} INFO - Processing /home/airflow/.local/lib/python3.7/site-packages/airflow/example_dags/tutorial_taskflow_api.py took 0.212 seconds
[2024-02-28T18:51:40.730+0000] {processor.py:157} INFO - Started process (PID=2350) to work on /home/airflow/.local/lib/python3.7/site-packages/airflow/example_dags/tutorial_taskflow_api.py
[2024-02-28T18:51:40.733+0000] {processor.py:826} INFO - Processing file /home/airflow/.local/lib/python3.7/site-packages/airflow/example_dags/tutorial_taskflow_api.py for tasks to queue
[2024-02-28T18:51:40.735+0000] {logging_mixin.py:150} INFO - [2024-02-28T18:51:40.735+0000] {dagbag.py:541} INFO - Filling up the DagBag from /home/airflow/.local/lib/python3.7/site-packages/airflow/example_dags/tutorial_taskflow_api.py
[2024-02-28T18:51:40.741+0000] {processor.py:836} INFO - DAG(s) dict_keys(['tutorial_taskflow_api']) retrieved from /home/airflow/.local/lib/python3.7/site-packages/airflow/example_dags/tutorial_taskflow_api.py
[2024-02-28T18:51:40.776+0000] {logging_mixin.py:150} INFO - [2024-02-28T18:51:40.776+0000] {dag.py:2742} INFO - Sync 1 DAGs
[2024-02-28T18:51:40.805+0000] {logging_mixin.py:150} INFO - [2024-02-28T18:51:40.805+0000] {dag.py:3508} INFO - Setting next_dagrun for tutorial_taskflow_api to None, run_after=None
[2024-02-28T18:51:40.821+0000] {processor.py:179} INFO - Processing /home/airflow/.local/lib/python3.7/site-packages/airflow/example_dags/tutorial_taskflow_api.py took 0.095 seconds
[2024-02-28T18:52:10.958+0000] {processor.py:157} INFO - Started process (PID=2421) to work on /home/airflow/.local/lib/python3.7/site-packages/airflow/example_dags/tutorial_taskflow_api.py
[2024-02-28T18:52:10.970+0000] {processor.py:826} INFO - Processing file /home/airflow/.local/lib/python3.7/site-packages/airflow/example_dags/tutorial_taskflow_api.py for tasks to queue
[2024-02-28T18:52:10.989+0000] {logging_mixin.py:150} INFO - [2024-02-28T18:52:10.988+0000] {dagbag.py:541} INFO - Filling up the DagBag from /home/airflow/.local/lib/python3.7/site-packages/airflow/example_dags/tutorial_taskflow_api.py
[2024-02-28T18:52:11.022+0000] {processor.py:836} INFO - DAG(s) dict_keys(['tutorial_taskflow_api']) retrieved from /home/airflow/.local/lib/python3.7/site-packages/airflow/example_dags/tutorial_taskflow_api.py
[2024-02-28T18:52:11.114+0000] {logging_mixin.py:150} INFO - [2024-02-28T18:52:11.114+0000] {dag.py:2742} INFO - Sync 1 DAGs
[2024-02-28T18:52:11.177+0000] {logging_mixin.py:150} INFO - [2024-02-28T18:52:11.176+0000] {dag.py:3508} INFO - Setting next_dagrun for tutorial_taskflow_api to None, run_after=None
[2024-02-28T18:52:11.206+0000] {processor.py:179} INFO - Processing /home/airflow/.local/lib/python3.7/site-packages/airflow/example_dags/tutorial_taskflow_api.py took 0.254 seconds
[2024-02-28T18:52:41.363+0000] {processor.py:157} INFO - Started process (PID=2483) to work on /home/airflow/.local/lib/python3.7/site-packages/airflow/example_dags/tutorial_taskflow_api.py
[2024-02-28T18:52:41.367+0000] {processor.py:826} INFO - Processing file /home/airflow/.local/lib/python3.7/site-packages/airflow/example_dags/tutorial_taskflow_api.py for tasks to queue
[2024-02-28T18:52:41.371+0000] {logging_mixin.py:150} INFO - [2024-02-28T18:52:41.370+0000] {dagbag.py:541} INFO - Filling up the DagBag from /home/airflow/.local/lib/python3.7/site-packages/airflow/example_dags/tutorial_taskflow_api.py
[2024-02-28T18:52:41.383+0000] {processor.py:836} INFO - DAG(s) dict_keys(['tutorial_taskflow_api']) retrieved from /home/airflow/.local/lib/python3.7/site-packages/airflow/example_dags/tutorial_taskflow_api.py
[2024-02-28T18:52:41.412+0000] {logging_mixin.py:150} INFO - [2024-02-28T18:52:41.411+0000] {dag.py:2742} INFO - Sync 1 DAGs
[2024-02-28T18:52:41.435+0000] {logging_mixin.py:150} INFO - [2024-02-28T18:52:41.435+0000] {dag.py:3508} INFO - Setting next_dagrun for tutorial_taskflow_api to None, run_after=None
[2024-02-28T18:52:41.453+0000] {processor.py:179} INFO - Processing /home/airflow/.local/lib/python3.7/site-packages/airflow/example_dags/tutorial_taskflow_api.py took 0.098 seconds
