[2024-02-28T18:33:07.265+0000] {processor.py:157} INFO - Started process (PID=32) to work on /opt/airflow/dags/dag_raw_to_dds.py
[2024-02-28T18:33:07.267+0000] {processor.py:826} INFO - Processing file /opt/airflow/dags/dag_raw_to_dds.py for tasks to queue
[2024-02-28T18:33:07.277+0000] {logging_mixin.py:150} INFO - [2024-02-28T18:33:07.276+0000] {dagbag.py:541} INFO - Filling up the DagBag from /opt/airflow/dags/dag_raw_to_dds.py
[2024-02-28T18:33:08.523+0000] {processor.py:836} INFO - DAG(s) dict_keys(['load_data_from_csv']) retrieved from /opt/airflow/dags/dag_raw_to_dds.py
[2024-02-28T18:33:08.883+0000] {logging_mixin.py:150} INFO - [2024-02-28T18:33:08.881+0000] {dag.py:2742} INFO - Sync 1 DAGs
[2024-02-28T18:33:08.945+0000] {logging_mixin.py:150} INFO - [2024-02-28T18:33:08.945+0000] {dag.py:3508} INFO - Setting next_dagrun for load_data_from_csv to 2024-02-28T18:32:00+00:00, run_after=2024-02-28T18:33:00+00:00
[2024-02-28T18:33:09.291+0000] {processor.py:179} INFO - Processing /opt/airflow/dags/dag_raw_to_dds.py took 2.032 seconds
[2024-02-28T18:33:39.572+0000] {processor.py:157} INFO - Started process (PID=98) to work on /opt/airflow/dags/dag_raw_to_dds.py
[2024-02-28T18:33:39.575+0000] {processor.py:826} INFO - Processing file /opt/airflow/dags/dag_raw_to_dds.py for tasks to queue
[2024-02-28T18:33:39.577+0000] {logging_mixin.py:150} INFO - [2024-02-28T18:33:39.577+0000] {dagbag.py:541} INFO - Filling up the DagBag from /opt/airflow/dags/dag_raw_to_dds.py
[2024-02-28T18:33:40.025+0000] {processor.py:836} INFO - DAG(s) dict_keys(['load_data_from_csv']) retrieved from /opt/airflow/dags/dag_raw_to_dds.py
[2024-02-28T18:33:40.059+0000] {logging_mixin.py:150} INFO - [2024-02-28T18:33:40.059+0000] {dag.py:2742} INFO - Sync 1 DAGs
[2024-02-28T18:33:40.083+0000] {logging_mixin.py:150} INFO - [2024-02-28T18:33:40.083+0000] {dag.py:3508} INFO - Setting next_dagrun for load_data_from_csv to 2024-02-28T18:32:00+00:00, run_after=2024-02-28T18:33:00+00:00
[2024-02-28T18:33:40.099+0000] {processor.py:179} INFO - Processing /opt/airflow/dags/dag_raw_to_dds.py took 0.532 seconds
[2024-02-28T18:34:10.274+0000] {processor.py:157} INFO - Started process (PID=160) to work on /opt/airflow/dags/dag_raw_to_dds.py
[2024-02-28T18:34:10.280+0000] {processor.py:826} INFO - Processing file /opt/airflow/dags/dag_raw_to_dds.py for tasks to queue
[2024-02-28T18:34:10.284+0000] {logging_mixin.py:150} INFO - [2024-02-28T18:34:10.283+0000] {dagbag.py:541} INFO - Filling up the DagBag from /opt/airflow/dags/dag_raw_to_dds.py
[2024-02-28T18:34:10.689+0000] {processor.py:836} INFO - DAG(s) dict_keys(['load_data_from_csv']) retrieved from /opt/airflow/dags/dag_raw_to_dds.py
[2024-02-28T18:34:10.713+0000] {logging_mixin.py:150} INFO - [2024-02-28T18:34:10.712+0000] {dag.py:2742} INFO - Sync 1 DAGs
[2024-02-28T18:34:10.902+0000] {logging_mixin.py:150} INFO - [2024-02-28T18:34:10.902+0000] {dag.py:3508} INFO - Setting next_dagrun for load_data_from_csv to 2024-02-28T18:33:00+00:00, run_after=2024-02-28T18:34:00+00:00
[2024-02-28T18:34:10.923+0000] {processor.py:179} INFO - Processing /opt/airflow/dags/dag_raw_to_dds.py took 0.656 seconds
[2024-02-28T18:34:41.552+0000] {processor.py:157} INFO - Started process (PID=223) to work on /opt/airflow/dags/dag_raw_to_dds.py
[2024-02-28T18:34:41.555+0000] {processor.py:826} INFO - Processing file /opt/airflow/dags/dag_raw_to_dds.py for tasks to queue
[2024-02-28T18:34:41.558+0000] {logging_mixin.py:150} INFO - [2024-02-28T18:34:41.558+0000] {dagbag.py:541} INFO - Filling up the DagBag from /opt/airflow/dags/dag_raw_to_dds.py
[2024-02-28T18:34:42.020+0000] {processor.py:836} INFO - DAG(s) dict_keys(['load_data_from_csv']) retrieved from /opt/airflow/dags/dag_raw_to_dds.py
[2024-02-28T18:34:42.047+0000] {logging_mixin.py:150} INFO - [2024-02-28T18:34:42.047+0000] {dag.py:2742} INFO - Sync 1 DAGs
[2024-02-28T18:34:42.067+0000] {logging_mixin.py:150} INFO - [2024-02-28T18:34:42.067+0000] {dag.py:3508} INFO - Setting next_dagrun for load_data_from_csv to 2024-02-28T18:33:00+00:00, run_after=2024-02-28T18:34:00+00:00
[2024-02-28T18:34:42.085+0000] {processor.py:179} INFO - Processing /opt/airflow/dags/dag_raw_to_dds.py took 0.537 seconds
[2024-02-28T18:35:12.816+0000] {processor.py:157} INFO - Started process (PID=287) to work on /opt/airflow/dags/dag_raw_to_dds.py
[2024-02-28T18:35:12.821+0000] {processor.py:826} INFO - Processing file /opt/airflow/dags/dag_raw_to_dds.py for tasks to queue
[2024-02-28T18:35:12.824+0000] {logging_mixin.py:150} INFO - [2024-02-28T18:35:12.823+0000] {dagbag.py:541} INFO - Filling up the DagBag from /opt/airflow/dags/dag_raw_to_dds.py
[2024-02-28T18:35:13.298+0000] {processor.py:836} INFO - DAG(s) dict_keys(['load_data_from_csv']) retrieved from /opt/airflow/dags/dag_raw_to_dds.py
[2024-02-28T18:35:13.333+0000] {logging_mixin.py:150} INFO - [2024-02-28T18:35:13.332+0000] {dag.py:2742} INFO - Sync 1 DAGs
[2024-02-28T18:35:13.354+0000] {logging_mixin.py:150} INFO - [2024-02-28T18:35:13.354+0000] {dag.py:3508} INFO - Setting next_dagrun for load_data_from_csv to 2024-02-28T18:34:00+00:00, run_after=2024-02-28T18:35:00+00:00
[2024-02-28T18:35:13.373+0000] {processor.py:179} INFO - Processing /opt/airflow/dags/dag_raw_to_dds.py took 0.564 seconds
[2024-02-28T18:35:43.475+0000] {processor.py:157} INFO - Started process (PID=352) to work on /opt/airflow/dags/dag_raw_to_dds.py
[2024-02-28T18:35:43.482+0000] {processor.py:826} INFO - Processing file /opt/airflow/dags/dag_raw_to_dds.py for tasks to queue
[2024-02-28T18:35:43.485+0000] {logging_mixin.py:150} INFO - [2024-02-28T18:35:43.485+0000] {dagbag.py:541} INFO - Filling up the DagBag from /opt/airflow/dags/dag_raw_to_dds.py
[2024-02-28T18:35:43.928+0000] {processor.py:836} INFO - DAG(s) dict_keys(['load_data_from_csv']) retrieved from /opt/airflow/dags/dag_raw_to_dds.py
[2024-02-28T18:35:43.959+0000] {logging_mixin.py:150} INFO - [2024-02-28T18:35:43.958+0000] {dag.py:2742} INFO - Sync 1 DAGs
[2024-02-28T18:35:44.213+0000] {logging_mixin.py:150} INFO - [2024-02-28T18:35:44.213+0000] {dag.py:3508} INFO - Setting next_dagrun for load_data_from_csv to 2024-02-28T18:34:00+00:00, run_after=2024-02-28T18:35:00+00:00
[2024-02-28T18:35:44.252+0000] {processor.py:179} INFO - Processing /opt/airflow/dags/dag_raw_to_dds.py took 0.786 seconds
[2024-02-28T18:36:14.631+0000] {processor.py:157} INFO - Started process (PID=414) to work on /opt/airflow/dags/dag_raw_to_dds.py
[2024-02-28T18:36:14.639+0000] {processor.py:826} INFO - Processing file /opt/airflow/dags/dag_raw_to_dds.py for tasks to queue
[2024-02-28T18:36:14.642+0000] {logging_mixin.py:150} INFO - [2024-02-28T18:36:14.641+0000] {dagbag.py:541} INFO - Filling up the DagBag from /opt/airflow/dags/dag_raw_to_dds.py
[2024-02-28T18:36:15.167+0000] {processor.py:836} INFO - DAG(s) dict_keys(['load_data_from_csv']) retrieved from /opt/airflow/dags/dag_raw_to_dds.py
[2024-02-28T18:36:15.195+0000] {logging_mixin.py:150} INFO - [2024-02-28T18:36:15.194+0000] {dag.py:2742} INFO - Sync 1 DAGs
[2024-02-28T18:36:15.220+0000] {logging_mixin.py:150} INFO - [2024-02-28T18:36:15.220+0000] {dag.py:3508} INFO - Setting next_dagrun for load_data_from_csv to 2024-02-28T18:35:00+00:00, run_after=2024-02-28T18:36:00+00:00
[2024-02-28T18:36:15.240+0000] {processor.py:179} INFO - Processing /opt/airflow/dags/dag_raw_to_dds.py took 0.628 seconds
[2024-02-28T18:36:45.996+0000] {processor.py:157} INFO - Started process (PID=477) to work on /opt/airflow/dags/dag_raw_to_dds.py
[2024-02-28T18:36:46.002+0000] {processor.py:826} INFO - Processing file /opt/airflow/dags/dag_raw_to_dds.py for tasks to queue
[2024-02-28T18:36:46.008+0000] {logging_mixin.py:150} INFO - [2024-02-28T18:36:46.006+0000] {dagbag.py:541} INFO - Filling up the DagBag from /opt/airflow/dags/dag_raw_to_dds.py
[2024-02-28T18:36:46.629+0000] {processor.py:836} INFO - DAG(s) dict_keys(['load_data_from_csv']) retrieved from /opt/airflow/dags/dag_raw_to_dds.py
[2024-02-28T18:36:46.832+0000] {logging_mixin.py:150} INFO - [2024-02-28T18:36:46.832+0000] {dag.py:2742} INFO - Sync 1 DAGs
[2024-02-28T18:36:46.869+0000] {logging_mixin.py:150} INFO - [2024-02-28T18:36:46.868+0000] {dag.py:3508} INFO - Setting next_dagrun for load_data_from_csv to 2024-02-28T18:35:00+00:00, run_after=2024-02-28T18:36:00+00:00
[2024-02-28T18:36:46.888+0000] {processor.py:179} INFO - Processing /opt/airflow/dags/dag_raw_to_dds.py took 0.902 seconds
[2024-02-28T18:37:17.143+0000] {processor.py:157} INFO - Started process (PID=541) to work on /opt/airflow/dags/dag_raw_to_dds.py
[2024-02-28T18:37:17.145+0000] {processor.py:826} INFO - Processing file /opt/airflow/dags/dag_raw_to_dds.py for tasks to queue
[2024-02-28T18:37:17.146+0000] {logging_mixin.py:150} INFO - [2024-02-28T18:37:17.146+0000] {dagbag.py:541} INFO - Filling up the DagBag from /opt/airflow/dags/dag_raw_to_dds.py
[2024-02-28T18:37:17.629+0000] {processor.py:836} INFO - DAG(s) dict_keys(['load_data_from_csv']) retrieved from /opt/airflow/dags/dag_raw_to_dds.py
[2024-02-28T18:37:17.659+0000] {logging_mixin.py:150} INFO - [2024-02-28T18:37:17.658+0000] {dag.py:2742} INFO - Sync 1 DAGs
[2024-02-28T18:37:17.889+0000] {logging_mixin.py:150} INFO - [2024-02-28T18:37:17.889+0000] {dag.py:3508} INFO - Setting next_dagrun for load_data_from_csv to 2024-02-28T18:36:00+00:00, run_after=2024-02-28T18:37:00+00:00
[2024-02-28T18:37:17.916+0000] {processor.py:179} INFO - Processing /opt/airflow/dags/dag_raw_to_dds.py took 0.778 seconds
[2024-02-28T18:37:29.289+0000] {processor.py:157} INFO - Started process (PID=594) to work on /opt/airflow/dags/dag_raw_to_dds.py
[2024-02-28T18:37:29.295+0000] {processor.py:826} INFO - Processing file /opt/airflow/dags/dag_raw_to_dds.py for tasks to queue
[2024-02-28T18:37:29.300+0000] {logging_mixin.py:150} INFO - [2024-02-28T18:37:29.300+0000] {dagbag.py:541} INFO - Filling up the DagBag from /opt/airflow/dags/dag_raw_to_dds.py
[2024-02-28T18:37:29.981+0000] {processor.py:836} INFO - DAG(s) dict_keys(['load_data_from_csv']) retrieved from /opt/airflow/dags/dag_raw_to_dds.py
[2024-02-28T18:37:30.202+0000] {logging_mixin.py:150} INFO - [2024-02-28T18:37:30.201+0000] {dag.py:2742} INFO - Sync 1 DAGs
[2024-02-28T18:37:30.233+0000] {logging_mixin.py:150} INFO - [2024-02-28T18:37:30.233+0000] {dag.py:3508} INFO - Setting next_dagrun for load_data_from_csv to 2024-02-28T18:36:00+00:00, run_after=2024-02-28T18:37:00+00:00
[2024-02-28T18:37:30.270+0000] {processor.py:179} INFO - Processing /opt/airflow/dags/dag_raw_to_dds.py took 0.991 seconds
[2024-02-28T18:38:00.637+0000] {processor.py:157} INFO - Started process (PID=657) to work on /opt/airflow/dags/dag_raw_to_dds.py
[2024-02-28T18:38:00.642+0000] {processor.py:826} INFO - Processing file /opt/airflow/dags/dag_raw_to_dds.py for tasks to queue
[2024-02-28T18:38:00.649+0000] {logging_mixin.py:150} INFO - [2024-02-28T18:38:00.647+0000] {dagbag.py:541} INFO - Filling up the DagBag from /opt/airflow/dags/dag_raw_to_dds.py
[2024-02-28T18:38:01.359+0000] {processor.py:836} INFO - DAG(s) dict_keys(['load_data_from_csv']) retrieved from /opt/airflow/dags/dag_raw_to_dds.py
[2024-02-28T18:38:01.406+0000] {logging_mixin.py:150} INFO - [2024-02-28T18:38:01.406+0000] {dag.py:2742} INFO - Sync 1 DAGs
[2024-02-28T18:38:01.883+0000] {logging_mixin.py:150} INFO - [2024-02-28T18:38:01.882+0000] {dag.py:3508} INFO - Setting next_dagrun for load_data_from_csv to 2024-02-28T18:37:00+00:00, run_after=2024-02-28T18:38:00+00:00
[2024-02-28T18:38:01.909+0000] {processor.py:179} INFO - Processing /opt/airflow/dags/dag_raw_to_dds.py took 1.279 seconds
[2024-02-28T18:38:32.503+0000] {processor.py:157} INFO - Started process (PID=725) to work on /opt/airflow/dags/dag_raw_to_dds.py
[2024-02-28T18:38:32.507+0000] {processor.py:826} INFO - Processing file /opt/airflow/dags/dag_raw_to_dds.py for tasks to queue
[2024-02-28T18:38:32.509+0000] {logging_mixin.py:150} INFO - [2024-02-28T18:38:32.508+0000] {dagbag.py:541} INFO - Filling up the DagBag from /opt/airflow/dags/dag_raw_to_dds.py
[2024-02-28T18:38:33.112+0000] {processor.py:836} INFO - DAG(s) dict_keys(['load_data_from_csv']) retrieved from /opt/airflow/dags/dag_raw_to_dds.py
[2024-02-28T18:38:33.139+0000] {logging_mixin.py:150} INFO - [2024-02-28T18:38:33.139+0000] {dag.py:2742} INFO - Sync 1 DAGs
[2024-02-28T18:38:33.166+0000] {logging_mixin.py:150} INFO - [2024-02-28T18:38:33.166+0000] {dag.py:3508} INFO - Setting next_dagrun for load_data_from_csv to 2024-02-28T18:37:00+00:00, run_after=2024-02-28T18:38:00+00:00
[2024-02-28T18:38:33.185+0000] {processor.py:179} INFO - Processing /opt/airflow/dags/dag_raw_to_dds.py took 0.690 seconds
[2024-02-28T18:39:03.537+0000] {processor.py:157} INFO - Started process (PID=788) to work on /opt/airflow/dags/dag_raw_to_dds.py
[2024-02-28T18:39:03.541+0000] {processor.py:826} INFO - Processing file /opt/airflow/dags/dag_raw_to_dds.py for tasks to queue
[2024-02-28T18:39:03.547+0000] {logging_mixin.py:150} INFO - [2024-02-28T18:39:03.546+0000] {dagbag.py:541} INFO - Filling up the DagBag from /opt/airflow/dags/dag_raw_to_dds.py
[2024-02-28T18:39:04.186+0000] {processor.py:836} INFO - DAG(s) dict_keys(['load_data_from_csv']) retrieved from /opt/airflow/dags/dag_raw_to_dds.py
[2024-02-28T18:39:04.212+0000] {logging_mixin.py:150} INFO - [2024-02-28T18:39:04.211+0000] {dag.py:2742} INFO - Sync 1 DAGs
[2024-02-28T18:39:04.233+0000] {logging_mixin.py:150} INFO - [2024-02-28T18:39:04.233+0000] {dag.py:3508} INFO - Setting next_dagrun for load_data_from_csv to 2024-02-28T18:38:00+00:00, run_after=2024-02-28T18:39:00+00:00
[2024-02-28T18:39:04.247+0000] {processor.py:179} INFO - Processing /opt/airflow/dags/dag_raw_to_dds.py took 0.716 seconds
[2024-02-28T18:39:34.570+0000] {processor.py:157} INFO - Started process (PID=852) to work on /opt/airflow/dags/dag_raw_to_dds.py
[2024-02-28T18:39:34.577+0000] {processor.py:826} INFO - Processing file /opt/airflow/dags/dag_raw_to_dds.py for tasks to queue
[2024-02-28T18:39:34.581+0000] {logging_mixin.py:150} INFO - [2024-02-28T18:39:34.580+0000] {dagbag.py:541} INFO - Filling up the DagBag from /opt/airflow/dags/dag_raw_to_dds.py
[2024-02-28T18:39:35.214+0000] {processor.py:836} INFO - DAG(s) dict_keys(['load_data_from_csv']) retrieved from /opt/airflow/dags/dag_raw_to_dds.py
[2024-02-28T18:39:35.240+0000] {logging_mixin.py:150} INFO - [2024-02-28T18:39:35.240+0000] {dag.py:2742} INFO - Sync 1 DAGs
[2024-02-28T18:39:35.262+0000] {logging_mixin.py:150} INFO - [2024-02-28T18:39:35.262+0000] {dag.py:3508} INFO - Setting next_dagrun for load_data_from_csv to 2024-02-28T18:38:00+00:00, run_after=2024-02-28T18:39:00+00:00
[2024-02-28T18:39:35.289+0000] {processor.py:179} INFO - Processing /opt/airflow/dags/dag_raw_to_dds.py took 0.738 seconds
[2024-02-28T18:40:05.792+0000] {processor.py:157} INFO - Started process (PID=915) to work on /opt/airflow/dags/dag_raw_to_dds.py
[2024-02-28T18:40:05.798+0000] {processor.py:826} INFO - Processing file /opt/airflow/dags/dag_raw_to_dds.py for tasks to queue
[2024-02-28T18:40:05.804+0000] {logging_mixin.py:150} INFO - [2024-02-28T18:40:05.803+0000] {dagbag.py:541} INFO - Filling up the DagBag from /opt/airflow/dags/dag_raw_to_dds.py
[2024-02-28T18:40:06.461+0000] {processor.py:836} INFO - DAG(s) dict_keys(['load_data_from_csv']) retrieved from /opt/airflow/dags/dag_raw_to_dds.py
[2024-02-28T18:40:06.496+0000] {logging_mixin.py:150} INFO - [2024-02-28T18:40:06.495+0000] {dag.py:2742} INFO - Sync 1 DAGs
[2024-02-28T18:40:06.517+0000] {logging_mixin.py:150} INFO - [2024-02-28T18:40:06.517+0000] {dag.py:3508} INFO - Setting next_dagrun for load_data_from_csv to 2024-02-28T18:39:00+00:00, run_after=2024-02-28T18:40:00+00:00
[2024-02-28T18:40:06.535+0000] {processor.py:179} INFO - Processing /opt/airflow/dags/dag_raw_to_dds.py took 0.750 seconds
[2024-02-28T18:40:35.801+0000] {processor.py:157} INFO - Started process (PID=978) to work on /opt/airflow/dags/dag_raw_to_dds.py
[2024-02-28T18:40:35.988+0000] {processor.py:826} INFO - Processing file /opt/airflow/dags/dag_raw_to_dds.py for tasks to queue
[2024-02-28T18:40:36.024+0000] {logging_mixin.py:150} INFO - [2024-02-28T18:40:36.023+0000] {dagbag.py:541} INFO - Filling up the DagBag from /opt/airflow/dags/dag_raw_to_dds.py
[2024-02-28T18:40:37.360+0000] {processor.py:836} INFO - DAG(s) dict_keys(['load_data_from_csv']) retrieved from /opt/airflow/dags/dag_raw_to_dds.py
[2024-02-28T18:40:37.399+0000] {logging_mixin.py:150} INFO - [2024-02-28T18:40:37.398+0000] {dag.py:2742} INFO - Sync 1 DAGs
[2024-02-28T18:40:37.423+0000] {logging_mixin.py:150} INFO - [2024-02-28T18:40:37.423+0000] {dag.py:3508} INFO - Setting next_dagrun for load_data_from_csv to 2024-02-28T18:39:00+00:00, run_after=2024-02-28T18:40:00+00:00
[2024-02-28T18:40:37.449+0000] {processor.py:179} INFO - Processing /opt/airflow/dags/dag_raw_to_dds.py took 1.676 seconds
[2024-02-28T18:41:08.041+0000] {processor.py:157} INFO - Started process (PID=1041) to work on /opt/airflow/dags/dag_raw_to_dds.py
[2024-02-28T18:41:08.045+0000] {processor.py:826} INFO - Processing file /opt/airflow/dags/dag_raw_to_dds.py for tasks to queue
[2024-02-28T18:41:08.047+0000] {logging_mixin.py:150} INFO - [2024-02-28T18:41:08.046+0000] {dagbag.py:541} INFO - Filling up the DagBag from /opt/airflow/dags/dag_raw_to_dds.py
[2024-02-28T18:41:08.739+0000] {processor.py:836} INFO - DAG(s) dict_keys(['load_data_from_csv']) retrieved from /opt/airflow/dags/dag_raw_to_dds.py
[2024-02-28T18:41:08.787+0000] {logging_mixin.py:150} INFO - [2024-02-28T18:41:08.786+0000] {dag.py:2742} INFO - Sync 1 DAGs
[2024-02-28T18:41:08.811+0000] {logging_mixin.py:150} INFO - [2024-02-28T18:41:08.811+0000] {dag.py:3508} INFO - Setting next_dagrun for load_data_from_csv to 2024-02-28T18:40:00+00:00, run_after=2024-02-28T18:41:00+00:00
[2024-02-28T18:41:08.826+0000] {processor.py:179} INFO - Processing /opt/airflow/dags/dag_raw_to_dds.py took 0.793 seconds
[2024-02-28T18:41:39.463+0000] {processor.py:157} INFO - Started process (PID=1104) to work on /opt/airflow/dags/dag_raw_to_dds.py
[2024-02-28T18:41:39.467+0000] {processor.py:826} INFO - Processing file /opt/airflow/dags/dag_raw_to_dds.py for tasks to queue
[2024-02-28T18:41:39.470+0000] {logging_mixin.py:150} INFO - [2024-02-28T18:41:39.469+0000] {dagbag.py:541} INFO - Filling up the DagBag from /opt/airflow/dags/dag_raw_to_dds.py
[2024-02-28T18:41:40.063+0000] {processor.py:836} INFO - DAG(s) dict_keys(['load_data_from_csv']) retrieved from /opt/airflow/dags/dag_raw_to_dds.py
[2024-02-28T18:41:40.093+0000] {logging_mixin.py:150} INFO - [2024-02-28T18:41:40.092+0000] {dag.py:2742} INFO - Sync 1 DAGs
[2024-02-28T18:41:40.118+0000] {logging_mixin.py:150} INFO - [2024-02-28T18:41:40.118+0000] {dag.py:3508} INFO - Setting next_dagrun for load_data_from_csv to 2024-02-28T18:40:00+00:00, run_after=2024-02-28T18:41:00+00:00
[2024-02-28T18:41:40.132+0000] {processor.py:179} INFO - Processing /opt/airflow/dags/dag_raw_to_dds.py took 0.678 seconds
[2024-02-28T18:42:10.728+0000] {processor.py:157} INFO - Started process (PID=1167) to work on /opt/airflow/dags/dag_raw_to_dds.py
[2024-02-28T18:42:10.738+0000] {processor.py:826} INFO - Processing file /opt/airflow/dags/dag_raw_to_dds.py for tasks to queue
[2024-02-28T18:42:10.741+0000] {logging_mixin.py:150} INFO - [2024-02-28T18:42:10.740+0000] {dagbag.py:541} INFO - Filling up the DagBag from /opt/airflow/dags/dag_raw_to_dds.py
[2024-02-28T18:42:11.787+0000] {processor.py:836} INFO - DAG(s) dict_keys(['load_data_from_csv']) retrieved from /opt/airflow/dags/dag_raw_to_dds.py
[2024-02-28T18:42:11.815+0000] {logging_mixin.py:150} INFO - [2024-02-28T18:42:11.814+0000] {dag.py:2742} INFO - Sync 1 DAGs
[2024-02-28T18:42:11.838+0000] {logging_mixin.py:150} INFO - [2024-02-28T18:42:11.838+0000] {dag.py:3508} INFO - Setting next_dagrun for load_data_from_csv to 2024-02-28T18:41:00+00:00, run_after=2024-02-28T18:42:00+00:00
[2024-02-28T18:42:11.856+0000] {processor.py:179} INFO - Processing /opt/airflow/dags/dag_raw_to_dds.py took 1.149 seconds
[2024-02-28T18:42:41.973+0000] {processor.py:157} INFO - Started process (PID=1230) to work on /opt/airflow/dags/dag_raw_to_dds.py
[2024-02-28T18:42:42.000+0000] {processor.py:826} INFO - Processing file /opt/airflow/dags/dag_raw_to_dds.py for tasks to queue
[2024-02-28T18:42:42.010+0000] {logging_mixin.py:150} INFO - [2024-02-28T18:42:42.009+0000] {dagbag.py:541} INFO - Filling up the DagBag from /opt/airflow/dags/dag_raw_to_dds.py
[2024-02-28T18:42:42.694+0000] {processor.py:836} INFO - DAG(s) dict_keys(['load_data_from_csv']) retrieved from /opt/airflow/dags/dag_raw_to_dds.py
[2024-02-28T18:42:42.724+0000] {logging_mixin.py:150} INFO - [2024-02-28T18:42:42.724+0000] {dag.py:2742} INFO - Sync 1 DAGs
[2024-02-28T18:42:42.747+0000] {logging_mixin.py:150} INFO - [2024-02-28T18:42:42.747+0000] {dag.py:3508} INFO - Setting next_dagrun for load_data_from_csv to 2024-02-28T18:41:00+00:00, run_after=2024-02-28T18:42:00+00:00
[2024-02-28T18:42:42.774+0000] {processor.py:179} INFO - Processing /opt/airflow/dags/dag_raw_to_dds.py took 0.807 seconds
[2024-02-28T18:43:13.205+0000] {processor.py:157} INFO - Started process (PID=1293) to work on /opt/airflow/dags/dag_raw_to_dds.py
[2024-02-28T18:43:13.218+0000] {processor.py:826} INFO - Processing file /opt/airflow/dags/dag_raw_to_dds.py for tasks to queue
[2024-02-28T18:43:13.248+0000] {logging_mixin.py:150} INFO - [2024-02-28T18:43:13.247+0000] {dagbag.py:541} INFO - Filling up the DagBag from /opt/airflow/dags/dag_raw_to_dds.py
[2024-02-28T18:43:14.464+0000] {processor.py:836} INFO - DAG(s) dict_keys(['load_data_from_csv']) retrieved from /opt/airflow/dags/dag_raw_to_dds.py
[2024-02-28T18:43:14.496+0000] {logging_mixin.py:150} INFO - [2024-02-28T18:43:14.496+0000] {dag.py:2742} INFO - Sync 1 DAGs
[2024-02-28T18:43:14.529+0000] {logging_mixin.py:150} INFO - [2024-02-28T18:43:14.529+0000] {dag.py:3508} INFO - Setting next_dagrun for load_data_from_csv to 2024-02-28T18:42:00+00:00, run_after=2024-02-28T18:43:00+00:00
[2024-02-28T18:43:14.543+0000] {processor.py:179} INFO - Processing /opt/airflow/dags/dag_raw_to_dds.py took 1.370 seconds
[2024-02-28T18:43:45.296+0000] {processor.py:157} INFO - Started process (PID=1356) to work on /opt/airflow/dags/dag_raw_to_dds.py
[2024-02-28T18:43:45.301+0000] {processor.py:826} INFO - Processing file /opt/airflow/dags/dag_raw_to_dds.py for tasks to queue
[2024-02-28T18:43:45.305+0000] {logging_mixin.py:150} INFO - [2024-02-28T18:43:45.304+0000] {dagbag.py:541} INFO - Filling up the DagBag from /opt/airflow/dags/dag_raw_to_dds.py
[2024-02-28T18:43:45.947+0000] {processor.py:836} INFO - DAG(s) dict_keys(['load_data_from_csv']) retrieved from /opt/airflow/dags/dag_raw_to_dds.py
[2024-02-28T18:43:45.973+0000] {logging_mixin.py:150} INFO - [2024-02-28T18:43:45.973+0000] {dag.py:2742} INFO - Sync 1 DAGs
[2024-02-28T18:43:45.996+0000] {logging_mixin.py:150} INFO - [2024-02-28T18:43:45.996+0000] {dag.py:3508} INFO - Setting next_dagrun for load_data_from_csv to 2024-02-28T18:42:00+00:00, run_after=2024-02-28T18:43:00+00:00
[2024-02-28T18:43:46.013+0000] {processor.py:179} INFO - Processing /opt/airflow/dags/dag_raw_to_dds.py took 0.730 seconds
[2024-02-28T18:44:16.537+0000] {processor.py:157} INFO - Started process (PID=1419) to work on /opt/airflow/dags/dag_raw_to_dds.py
[2024-02-28T18:44:16.542+0000] {processor.py:826} INFO - Processing file /opt/airflow/dags/dag_raw_to_dds.py for tasks to queue
[2024-02-28T18:44:16.545+0000] {logging_mixin.py:150} INFO - [2024-02-28T18:44:16.544+0000] {dagbag.py:541} INFO - Filling up the DagBag from /opt/airflow/dags/dag_raw_to_dds.py
[2024-02-28T18:44:17.178+0000] {processor.py:836} INFO - DAG(s) dict_keys(['load_data_from_csv']) retrieved from /opt/airflow/dags/dag_raw_to_dds.py
[2024-02-28T18:44:17.204+0000] {logging_mixin.py:150} INFO - [2024-02-28T18:44:17.204+0000] {dag.py:2742} INFO - Sync 1 DAGs
[2024-02-28T18:44:17.226+0000] {logging_mixin.py:150} INFO - [2024-02-28T18:44:17.226+0000] {dag.py:3508} INFO - Setting next_dagrun for load_data_from_csv to 2024-02-28T18:43:00+00:00, run_after=2024-02-28T18:44:00+00:00
[2024-02-28T18:44:17.254+0000] {processor.py:179} INFO - Processing /opt/airflow/dags/dag_raw_to_dds.py took 0.739 seconds
[2024-02-28T18:44:47.419+0000] {processor.py:157} INFO - Started process (PID=1484) to work on /opt/airflow/dags/dag_raw_to_dds.py
[2024-02-28T18:44:47.422+0000] {processor.py:826} INFO - Processing file /opt/airflow/dags/dag_raw_to_dds.py for tasks to queue
[2024-02-28T18:44:47.424+0000] {logging_mixin.py:150} INFO - [2024-02-28T18:44:47.423+0000] {dagbag.py:541} INFO - Filling up the DagBag from /opt/airflow/dags/dag_raw_to_dds.py
[2024-02-28T18:44:47.958+0000] {processor.py:836} INFO - DAG(s) dict_keys(['load_data_from_csv']) retrieved from /opt/airflow/dags/dag_raw_to_dds.py
[2024-02-28T18:44:47.988+0000] {logging_mixin.py:150} INFO - [2024-02-28T18:44:47.988+0000] {dag.py:2742} INFO - Sync 1 DAGs
[2024-02-28T18:44:48.009+0000] {logging_mixin.py:150} INFO - [2024-02-28T18:44:48.009+0000] {dag.py:3508} INFO - Setting next_dagrun for load_data_from_csv to 2024-02-28T18:43:00+00:00, run_after=2024-02-28T18:44:00+00:00
[2024-02-28T18:44:48.026+0000] {processor.py:179} INFO - Processing /opt/airflow/dags/dag_raw_to_dds.py took 0.612 seconds
[2024-02-28T18:45:18.566+0000] {processor.py:157} INFO - Started process (PID=1548) to work on /opt/airflow/dags/dag_raw_to_dds.py
[2024-02-28T18:45:18.570+0000] {processor.py:826} INFO - Processing file /opt/airflow/dags/dag_raw_to_dds.py for tasks to queue
[2024-02-28T18:45:18.573+0000] {logging_mixin.py:150} INFO - [2024-02-28T18:45:18.573+0000] {dagbag.py:541} INFO - Filling up the DagBag from /opt/airflow/dags/dag_raw_to_dds.py
[2024-02-28T18:45:19.125+0000] {processor.py:836} INFO - DAG(s) dict_keys(['load_data_from_csv']) retrieved from /opt/airflow/dags/dag_raw_to_dds.py
[2024-02-28T18:45:19.146+0000] {logging_mixin.py:150} INFO - [2024-02-28T18:45:19.146+0000] {dag.py:2742} INFO - Sync 1 DAGs
[2024-02-28T18:45:19.164+0000] {logging_mixin.py:150} INFO - [2024-02-28T18:45:19.164+0000] {dag.py:3508} INFO - Setting next_dagrun for load_data_from_csv to 2024-02-28T18:44:00+00:00, run_after=2024-02-28T18:45:00+00:00
[2024-02-28T18:45:19.179+0000] {processor.py:179} INFO - Processing /opt/airflow/dags/dag_raw_to_dds.py took 0.618 seconds
[2024-02-28T18:45:49.306+0000] {processor.py:157} INFO - Started process (PID=1611) to work on /opt/airflow/dags/dag_raw_to_dds.py
[2024-02-28T18:45:49.310+0000] {processor.py:826} INFO - Processing file /opt/airflow/dags/dag_raw_to_dds.py for tasks to queue
[2024-02-28T18:45:49.313+0000] {logging_mixin.py:150} INFO - [2024-02-28T18:45:49.312+0000] {dagbag.py:541} INFO - Filling up the DagBag from /opt/airflow/dags/dag_raw_to_dds.py
[2024-02-28T18:45:49.847+0000] {processor.py:836} INFO - DAG(s) dict_keys(['load_data_from_csv']) retrieved from /opt/airflow/dags/dag_raw_to_dds.py
[2024-02-28T18:45:49.870+0000] {logging_mixin.py:150} INFO - [2024-02-28T18:45:49.869+0000] {dag.py:2742} INFO - Sync 1 DAGs
[2024-02-28T18:45:49.894+0000] {logging_mixin.py:150} INFO - [2024-02-28T18:45:49.894+0000] {dag.py:3508} INFO - Setting next_dagrun for load_data_from_csv to 2024-02-28T18:44:00+00:00, run_after=2024-02-28T18:45:00+00:00
[2024-02-28T18:45:49.909+0000] {processor.py:179} INFO - Processing /opt/airflow/dags/dag_raw_to_dds.py took 0.608 seconds
[2024-02-28T18:46:20.526+0000] {processor.py:157} INFO - Started process (PID=1674) to work on /opt/airflow/dags/dag_raw_to_dds.py
[2024-02-28T18:46:20.529+0000] {processor.py:826} INFO - Processing file /opt/airflow/dags/dag_raw_to_dds.py for tasks to queue
[2024-02-28T18:46:20.531+0000] {logging_mixin.py:150} INFO - [2024-02-28T18:46:20.530+0000] {dagbag.py:541} INFO - Filling up the DagBag from /opt/airflow/dags/dag_raw_to_dds.py
[2024-02-28T18:46:21.130+0000] {processor.py:836} INFO - DAG(s) dict_keys(['load_data_from_csv']) retrieved from /opt/airflow/dags/dag_raw_to_dds.py
[2024-02-28T18:46:21.157+0000] {logging_mixin.py:150} INFO - [2024-02-28T18:46:21.157+0000] {dag.py:2742} INFO - Sync 1 DAGs
[2024-02-28T18:46:21.186+0000] {logging_mixin.py:150} INFO - [2024-02-28T18:46:21.186+0000] {dag.py:3508} INFO - Setting next_dagrun for load_data_from_csv to 2024-02-28T18:45:00+00:00, run_after=2024-02-28T18:46:00+00:00
[2024-02-28T18:46:21.204+0000] {processor.py:179} INFO - Processing /opt/airflow/dags/dag_raw_to_dds.py took 0.684 seconds
[2024-02-28T18:46:51.986+0000] {processor.py:157} INFO - Started process (PID=1737) to work on /opt/airflow/dags/dag_raw_to_dds.py
[2024-02-28T18:46:51.989+0000] {processor.py:826} INFO - Processing file /opt/airflow/dags/dag_raw_to_dds.py for tasks to queue
[2024-02-28T18:46:51.995+0000] {logging_mixin.py:150} INFO - [2024-02-28T18:46:51.995+0000] {dagbag.py:541} INFO - Filling up the DagBag from /opt/airflow/dags/dag_raw_to_dds.py
[2024-02-28T18:46:52.610+0000] {processor.py:836} INFO - DAG(s) dict_keys(['load_data_from_csv']) retrieved from /opt/airflow/dags/dag_raw_to_dds.py
[2024-02-28T18:46:52.638+0000] {logging_mixin.py:150} INFO - [2024-02-28T18:46:52.638+0000] {dag.py:2742} INFO - Sync 1 DAGs
[2024-02-28T18:46:52.658+0000] {logging_mixin.py:150} INFO - [2024-02-28T18:46:52.657+0000] {dag.py:3508} INFO - Setting next_dagrun for load_data_from_csv to 2024-02-28T18:45:00+00:00, run_after=2024-02-28T18:46:00+00:00
[2024-02-28T18:46:52.672+0000] {processor.py:179} INFO - Processing /opt/airflow/dags/dag_raw_to_dds.py took 0.692 seconds
[2024-02-28T18:47:23.337+0000] {processor.py:157} INFO - Started process (PID=1800) to work on /opt/airflow/dags/dag_raw_to_dds.py
[2024-02-28T18:47:23.342+0000] {processor.py:826} INFO - Processing file /opt/airflow/dags/dag_raw_to_dds.py for tasks to queue
[2024-02-28T18:47:23.346+0000] {logging_mixin.py:150} INFO - [2024-02-28T18:47:23.345+0000] {dagbag.py:541} INFO - Filling up the DagBag from /opt/airflow/dags/dag_raw_to_dds.py
[2024-02-28T18:47:23.935+0000] {processor.py:836} INFO - DAG(s) dict_keys(['load_data_from_csv']) retrieved from /opt/airflow/dags/dag_raw_to_dds.py
[2024-02-28T18:47:23.963+0000] {logging_mixin.py:150} INFO - [2024-02-28T18:47:23.962+0000] {dag.py:2742} INFO - Sync 1 DAGs
[2024-02-28T18:47:23.983+0000] {logging_mixin.py:150} INFO - [2024-02-28T18:47:23.983+0000] {dag.py:3508} INFO - Setting next_dagrun for load_data_from_csv to 2024-02-28T18:46:00+00:00, run_after=2024-02-28T18:47:00+00:00
[2024-02-28T18:47:23.998+0000] {processor.py:179} INFO - Processing /opt/airflow/dags/dag_raw_to_dds.py took 0.668 seconds
[2024-02-28T18:47:54.848+0000] {processor.py:157} INFO - Started process (PID=1863) to work on /opt/airflow/dags/dag_raw_to_dds.py
[2024-02-28T18:47:54.852+0000] {processor.py:826} INFO - Processing file /opt/airflow/dags/dag_raw_to_dds.py for tasks to queue
[2024-02-28T18:47:54.853+0000] {logging_mixin.py:150} INFO - [2024-02-28T18:47:54.853+0000] {dagbag.py:541} INFO - Filling up the DagBag from /opt/airflow/dags/dag_raw_to_dds.py
[2024-02-28T18:47:55.450+0000] {processor.py:836} INFO - DAG(s) dict_keys(['load_data_from_csv']) retrieved from /opt/airflow/dags/dag_raw_to_dds.py
[2024-02-28T18:47:55.546+0000] {logging_mixin.py:150} INFO - [2024-02-28T18:47:55.546+0000] {dag.py:2742} INFO - Sync 1 DAGs
[2024-02-28T18:47:55.588+0000] {logging_mixin.py:150} INFO - [2024-02-28T18:47:55.588+0000] {dag.py:3508} INFO - Setting next_dagrun for load_data_from_csv to 2024-02-28T18:46:00+00:00, run_after=2024-02-28T18:47:00+00:00
[2024-02-28T18:47:55.638+0000] {processor.py:179} INFO - Processing /opt/airflow/dags/dag_raw_to_dds.py took 0.796 seconds
[2024-02-28T18:48:25.865+0000] {processor.py:157} INFO - Started process (PID=1925) to work on /opt/airflow/dags/dag_raw_to_dds.py
[2024-02-28T18:48:25.872+0000] {processor.py:826} INFO - Processing file /opt/airflow/dags/dag_raw_to_dds.py for tasks to queue
[2024-02-28T18:48:25.876+0000] {logging_mixin.py:150} INFO - [2024-02-28T18:48:25.875+0000] {dagbag.py:541} INFO - Filling up the DagBag from /opt/airflow/dags/dag_raw_to_dds.py
[2024-02-28T18:48:26.486+0000] {processor.py:836} INFO - DAG(s) dict_keys(['load_data_from_csv']) retrieved from /opt/airflow/dags/dag_raw_to_dds.py
[2024-02-28T18:48:26.515+0000] {logging_mixin.py:150} INFO - [2024-02-28T18:48:26.515+0000] {dag.py:2742} INFO - Sync 1 DAGs
[2024-02-28T18:48:26.556+0000] {logging_mixin.py:150} INFO - [2024-02-28T18:48:26.556+0000] {dag.py:3508} INFO - Setting next_dagrun for load_data_from_csv to 2024-02-28T18:47:00+00:00, run_after=2024-02-28T18:48:00+00:00
[2024-02-28T18:48:26.572+0000] {processor.py:179} INFO - Processing /opt/airflow/dags/dag_raw_to_dds.py took 0.729 seconds
[2024-02-28T18:48:57.594+0000] {processor.py:157} INFO - Started process (PID=1988) to work on /opt/airflow/dags/dag_raw_to_dds.py
[2024-02-28T18:48:57.652+0000] {processor.py:826} INFO - Processing file /opt/airflow/dags/dag_raw_to_dds.py for tasks to queue
[2024-02-28T18:48:57.681+0000] {logging_mixin.py:150} INFO - [2024-02-28T18:48:57.678+0000] {dagbag.py:541} INFO - Filling up the DagBag from /opt/airflow/dags/dag_raw_to_dds.py
[2024-02-28T18:48:58.899+0000] {processor.py:836} INFO - DAG(s) dict_keys(['load_data_from_csv']) retrieved from /opt/airflow/dags/dag_raw_to_dds.py
[2024-02-28T18:48:58.928+0000] {logging_mixin.py:150} INFO - [2024-02-28T18:48:58.928+0000] {dag.py:2742} INFO - Sync 1 DAGs
[2024-02-28T18:48:58.997+0000] {logging_mixin.py:150} INFO - [2024-02-28T18:48:58.997+0000] {dag.py:3508} INFO - Setting next_dagrun for load_data_from_csv to 2024-02-28T18:48:00+00:00, run_after=2024-02-28T18:49:00+00:00
[2024-02-28T18:48:59.026+0000] {processor.py:179} INFO - Processing /opt/airflow/dags/dag_raw_to_dds.py took 1.456 seconds
[2024-02-28T18:49:29.683+0000] {processor.py:157} INFO - Started process (PID=2059) to work on /opt/airflow/dags/dag_raw_to_dds.py
[2024-02-28T18:49:29.689+0000] {processor.py:826} INFO - Processing file /opt/airflow/dags/dag_raw_to_dds.py for tasks to queue
[2024-02-28T18:49:29.693+0000] {logging_mixin.py:150} INFO - [2024-02-28T18:49:29.693+0000] {dagbag.py:541} INFO - Filling up the DagBag from /opt/airflow/dags/dag_raw_to_dds.py
[2024-02-28T18:49:31.873+0000] {processor.py:836} INFO - DAG(s) dict_keys(['load_data_from_csv']) retrieved from /opt/airflow/dags/dag_raw_to_dds.py
[2024-02-28T18:49:31.904+0000] {logging_mixin.py:150} INFO - [2024-02-28T18:49:31.903+0000] {dag.py:2742} INFO - Sync 1 DAGs
[2024-02-28T18:49:31.947+0000] {logging_mixin.py:150} INFO - [2024-02-28T18:49:31.946+0000] {dag.py:3508} INFO - Setting next_dagrun for load_data_from_csv to 2024-02-28T18:49:00+00:00, run_after=2024-02-28T18:50:00+00:00
[2024-02-28T18:49:31.975+0000] {processor.py:179} INFO - Processing /opt/airflow/dags/dag_raw_to_dds.py took 2.306 seconds
[2024-02-28T18:50:02.762+0000] {processor.py:157} INFO - Started process (PID=2125) to work on /opt/airflow/dags/dag_raw_to_dds.py
[2024-02-28T18:50:02.770+0000] {processor.py:826} INFO - Processing file /opt/airflow/dags/dag_raw_to_dds.py for tasks to queue
[2024-02-28T18:50:02.775+0000] {logging_mixin.py:150} INFO - [2024-02-28T18:50:02.773+0000] {dagbag.py:541} INFO - Filling up the DagBag from /opt/airflow/dags/dag_raw_to_dds.py
[2024-02-28T18:50:04.122+0000] {processor.py:836} INFO - DAG(s) dict_keys(['load_data_from_csv']) retrieved from /opt/airflow/dags/dag_raw_to_dds.py
[2024-02-28T18:50:04.206+0000] {logging_mixin.py:150} INFO - [2024-02-28T18:50:04.205+0000] {dag.py:2742} INFO - Sync 1 DAGs
[2024-02-28T18:50:04.260+0000] {logging_mixin.py:150} INFO - [2024-02-28T18:50:04.260+0000] {dag.py:3508} INFO - Setting next_dagrun for load_data_from_csv to 2024-02-28T18:50:00+00:00, run_after=2024-02-28T18:51:00+00:00
[2024-02-28T18:50:04.314+0000] {processor.py:179} INFO - Processing /opt/airflow/dags/dag_raw_to_dds.py took 1.562 seconds
[2024-02-28T18:50:34.463+0000] {processor.py:157} INFO - Started process (PID=2196) to work on /opt/airflow/dags/dag_raw_to_dds.py
[2024-02-28T18:50:34.465+0000] {processor.py:826} INFO - Processing file /opt/airflow/dags/dag_raw_to_dds.py for tasks to queue
[2024-02-28T18:50:34.468+0000] {logging_mixin.py:150} INFO - [2024-02-28T18:50:34.467+0000] {dagbag.py:541} INFO - Filling up the DagBag from /opt/airflow/dags/dag_raw_to_dds.py
[2024-02-28T18:50:35.078+0000] {processor.py:836} INFO - DAG(s) dict_keys(['load_data_from_csv']) retrieved from /opt/airflow/dags/dag_raw_to_dds.py
[2024-02-28T18:50:35.109+0000] {logging_mixin.py:150} INFO - [2024-02-28T18:50:35.108+0000] {dag.py:2742} INFO - Sync 1 DAGs
[2024-02-28T18:50:35.129+0000] {logging_mixin.py:150} INFO - [2024-02-28T18:50:35.129+0000] {dag.py:3508} INFO - Setting next_dagrun for load_data_from_csv to 2024-02-28T18:50:00+00:00, run_after=2024-02-28T18:51:00+00:00
[2024-02-28T18:50:35.144+0000] {processor.py:179} INFO - Processing /opt/airflow/dags/dag_raw_to_dds.py took 0.684 seconds
[2024-02-28T18:51:05.911+0000] {processor.py:157} INFO - Started process (PID=2266) to work on /opt/airflow/dags/dag_raw_to_dds.py
[2024-02-28T18:51:05.914+0000] {processor.py:826} INFO - Processing file /opt/airflow/dags/dag_raw_to_dds.py for tasks to queue
[2024-02-28T18:51:05.916+0000] {logging_mixin.py:150} INFO - [2024-02-28T18:51:05.915+0000] {dagbag.py:541} INFO - Filling up the DagBag from /opt/airflow/dags/dag_raw_to_dds.py
[2024-02-28T18:51:06.656+0000] {processor.py:836} INFO - DAG(s) dict_keys(['load_data_from_csv']) retrieved from /opt/airflow/dags/dag_raw_to_dds.py
[2024-02-28T18:51:06.684+0000] {logging_mixin.py:150} INFO - [2024-02-28T18:51:06.684+0000] {dag.py:2742} INFO - Sync 1 DAGs
[2024-02-28T18:51:06.718+0000] {logging_mixin.py:150} INFO - [2024-02-28T18:51:06.718+0000] {dag.py:3508} INFO - Setting next_dagrun for load_data_from_csv to 2024-02-28T18:51:00+00:00, run_after=2024-02-28T18:52:00+00:00
[2024-02-28T18:51:06.751+0000] {processor.py:179} INFO - Processing /opt/airflow/dags/dag_raw_to_dds.py took 0.848 seconds
[2024-02-28T18:51:37.445+0000] {processor.py:157} INFO - Started process (PID=2335) to work on /opt/airflow/dags/dag_raw_to_dds.py
[2024-02-28T18:51:37.448+0000] {processor.py:826} INFO - Processing file /opt/airflow/dags/dag_raw_to_dds.py for tasks to queue
[2024-02-28T18:51:37.450+0000] {logging_mixin.py:150} INFO - [2024-02-28T18:51:37.450+0000] {dagbag.py:541} INFO - Filling up the DagBag from /opt/airflow/dags/dag_raw_to_dds.py
[2024-02-28T18:51:38.070+0000] {processor.py:836} INFO - DAG(s) dict_keys(['load_data_from_csv']) retrieved from /opt/airflow/dags/dag_raw_to_dds.py
[2024-02-28T18:51:38.096+0000] {logging_mixin.py:150} INFO - [2024-02-28T18:51:38.096+0000] {dag.py:2742} INFO - Sync 1 DAGs
[2024-02-28T18:51:38.119+0000] {logging_mixin.py:150} INFO - [2024-02-28T18:51:38.119+0000] {dag.py:3508} INFO - Setting next_dagrun for load_data_from_csv to 2024-02-28T18:51:00+00:00, run_after=2024-02-28T18:52:00+00:00
[2024-02-28T18:51:38.145+0000] {processor.py:179} INFO - Processing /opt/airflow/dags/dag_raw_to_dds.py took 0.707 seconds
[2024-02-28T18:52:08.629+0000] {processor.py:157} INFO - Started process (PID=2405) to work on /opt/airflow/dags/dag_raw_to_dds.py
[2024-02-28T18:52:08.631+0000] {processor.py:826} INFO - Processing file /opt/airflow/dags/dag_raw_to_dds.py for tasks to queue
[2024-02-28T18:52:08.633+0000] {logging_mixin.py:150} INFO - [2024-02-28T18:52:08.633+0000] {dagbag.py:541} INFO - Filling up the DagBag from /opt/airflow/dags/dag_raw_to_dds.py
[2024-02-28T18:52:09.605+0000] {processor.py:836} INFO - DAG(s) dict_keys(['load_data_from_csv']) retrieved from /opt/airflow/dags/dag_raw_to_dds.py
[2024-02-28T18:52:09.631+0000] {logging_mixin.py:150} INFO - [2024-02-28T18:52:09.631+0000] {dag.py:2742} INFO - Sync 1 DAGs
[2024-02-28T18:52:09.658+0000] {logging_mixin.py:150} INFO - [2024-02-28T18:52:09.658+0000] {dag.py:3508} INFO - Setting next_dagrun for load_data_from_csv to 2024-02-28T18:52:00+00:00, run_after=2024-02-28T18:53:00+00:00
[2024-02-28T18:52:09.687+0000] {processor.py:179} INFO - Processing /opt/airflow/dags/dag_raw_to_dds.py took 1.063 seconds
[2024-02-28T18:52:39.778+0000] {processor.py:157} INFO - Started process (PID=2475) to work on /opt/airflow/dags/dag_raw_to_dds.py
[2024-02-28T18:52:39.780+0000] {processor.py:826} INFO - Processing file /opt/airflow/dags/dag_raw_to_dds.py for tasks to queue
[2024-02-28T18:52:39.781+0000] {logging_mixin.py:150} INFO - [2024-02-28T18:52:39.781+0000] {dagbag.py:541} INFO - Filling up the DagBag from /opt/airflow/dags/dag_raw_to_dds.py
[2024-02-28T18:52:40.341+0000] {processor.py:836} INFO - DAG(s) dict_keys(['load_data_from_csv']) retrieved from /opt/airflow/dags/dag_raw_to_dds.py
[2024-02-28T18:52:40.361+0000] {logging_mixin.py:150} INFO - [2024-02-28T18:52:40.360+0000] {dag.py:2742} INFO - Sync 1 DAGs
[2024-02-28T18:52:40.378+0000] {logging_mixin.py:150} INFO - [2024-02-28T18:52:40.378+0000] {dag.py:3508} INFO - Setting next_dagrun for load_data_from_csv to 2024-02-28T18:52:00+00:00, run_after=2024-02-28T18:53:00+00:00
[2024-02-28T18:52:40.393+0000] {processor.py:179} INFO - Processing /opt/airflow/dags/dag_raw_to_dds.py took 0.619 seconds
