[2024-02-28T18:33:07.287+0000] {processor.py:157} INFO - Started process (PID=33) to work on /opt/airflow/dags/python_scripts/config.py
[2024-02-28T18:33:07.290+0000] {processor.py:826} INFO - Processing file /opt/airflow/dags/python_scripts/config.py for tasks to queue
[2024-02-28T18:33:07.293+0000] {logging_mixin.py:150} INFO - [2024-02-28T18:33:07.292+0000] {dagbag.py:541} INFO - Filling up the DagBag from /opt/airflow/dags/python_scripts/config.py
[2024-02-28T18:33:07.306+0000] {processor.py:838} WARNING - No viable dags retrieved from /opt/airflow/dags/python_scripts/config.py
[2024-02-28T18:33:07.347+0000] {processor.py:179} INFO - Processing /opt/airflow/dags/python_scripts/config.py took 0.066 seconds
[2024-02-28T18:33:37.937+0000] {processor.py:157} INFO - Started process (PID=95) to work on /opt/airflow/dags/python_scripts/config.py
[2024-02-28T18:33:37.943+0000] {processor.py:826} INFO - Processing file /opt/airflow/dags/python_scripts/config.py for tasks to queue
[2024-02-28T18:33:37.946+0000] {logging_mixin.py:150} INFO - [2024-02-28T18:33:37.945+0000] {dagbag.py:541} INFO - Filling up the DagBag from /opt/airflow/dags/python_scripts/config.py
[2024-02-28T18:33:37.958+0000] {processor.py:838} WARNING - No viable dags retrieved from /opt/airflow/dags/python_scripts/config.py
[2024-02-28T18:33:37.988+0000] {processor.py:179} INFO - Processing /opt/airflow/dags/python_scripts/config.py took 0.060 seconds
[2024-02-28T18:34:08.146+0000] {processor.py:157} INFO - Started process (PID=158) to work on /opt/airflow/dags/python_scripts/config.py
[2024-02-28T18:34:08.149+0000] {processor.py:826} INFO - Processing file /opt/airflow/dags/python_scripts/config.py for tasks to queue
[2024-02-28T18:34:08.151+0000] {logging_mixin.py:150} INFO - [2024-02-28T18:34:08.151+0000] {dagbag.py:541} INFO - Filling up the DagBag from /opt/airflow/dags/python_scripts/config.py
[2024-02-28T18:34:08.165+0000] {processor.py:838} WARNING - No viable dags retrieved from /opt/airflow/dags/python_scripts/config.py
[2024-02-28T18:34:08.193+0000] {processor.py:179} INFO - Processing /opt/airflow/dags/python_scripts/config.py took 0.055 seconds
[2024-02-28T18:34:38.426+0000] {processor.py:157} INFO - Started process (PID=221) to work on /opt/airflow/dags/python_scripts/config.py
[2024-02-28T18:34:38.429+0000] {processor.py:826} INFO - Processing file /opt/airflow/dags/python_scripts/config.py for tasks to queue
[2024-02-28T18:34:38.431+0000] {logging_mixin.py:150} INFO - [2024-02-28T18:34:38.431+0000] {dagbag.py:541} INFO - Filling up the DagBag from /opt/airflow/dags/python_scripts/config.py
[2024-02-28T18:34:38.441+0000] {processor.py:838} WARNING - No viable dags retrieved from /opt/airflow/dags/python_scripts/config.py
[2024-02-28T18:34:38.470+0000] {processor.py:179} INFO - Processing /opt/airflow/dags/python_scripts/config.py took 0.052 seconds
[2024-02-28T18:35:08.667+0000] {processor.py:157} INFO - Started process (PID=285) to work on /opt/airflow/dags/python_scripts/config.py
[2024-02-28T18:35:08.670+0000] {processor.py:826} INFO - Processing file /opt/airflow/dags/python_scripts/config.py for tasks to queue
[2024-02-28T18:35:08.673+0000] {logging_mixin.py:150} INFO - [2024-02-28T18:35:08.672+0000] {dagbag.py:541} INFO - Filling up the DagBag from /opt/airflow/dags/python_scripts/config.py
[2024-02-28T18:35:08.693+0000] {processor.py:838} WARNING - No viable dags retrieved from /opt/airflow/dags/python_scripts/config.py
[2024-02-28T18:35:08.719+0000] {processor.py:179} INFO - Processing /opt/airflow/dags/python_scripts/config.py took 0.063 seconds
[2024-02-28T18:35:39.219+0000] {processor.py:157} INFO - Started process (PID=349) to work on /opt/airflow/dags/python_scripts/config.py
[2024-02-28T18:35:39.224+0000] {processor.py:826} INFO - Processing file /opt/airflow/dags/python_scripts/config.py for tasks to queue
[2024-02-28T18:35:39.235+0000] {logging_mixin.py:150} INFO - [2024-02-28T18:35:39.231+0000] {dagbag.py:541} INFO - Filling up the DagBag from /opt/airflow/dags/python_scripts/config.py
[2024-02-28T18:35:39.257+0000] {processor.py:838} WARNING - No viable dags retrieved from /opt/airflow/dags/python_scripts/config.py
[2024-02-28T18:35:39.294+0000] {processor.py:179} INFO - Processing /opt/airflow/dags/python_scripts/config.py took 0.087 seconds
[2024-02-28T18:36:09.416+0000] {processor.py:157} INFO - Started process (PID=412) to work on /opt/airflow/dags/python_scripts/config.py
[2024-02-28T18:36:09.420+0000] {processor.py:826} INFO - Processing file /opt/airflow/dags/python_scripts/config.py for tasks to queue
[2024-02-28T18:36:09.425+0000] {logging_mixin.py:150} INFO - [2024-02-28T18:36:09.424+0000] {dagbag.py:541} INFO - Filling up the DagBag from /opt/airflow/dags/python_scripts/config.py
[2024-02-28T18:36:09.443+0000] {processor.py:838} WARNING - No viable dags retrieved from /opt/airflow/dags/python_scripts/config.py
[2024-02-28T18:36:09.483+0000] {processor.py:179} INFO - Processing /opt/airflow/dags/python_scripts/config.py took 0.079 seconds
[2024-02-28T18:36:39.770+0000] {processor.py:157} INFO - Started process (PID=475) to work on /opt/airflow/dags/python_scripts/config.py
[2024-02-28T18:36:39.773+0000] {processor.py:826} INFO - Processing file /opt/airflow/dags/python_scripts/config.py for tasks to queue
[2024-02-28T18:36:39.776+0000] {logging_mixin.py:150} INFO - [2024-02-28T18:36:39.775+0000] {dagbag.py:541} INFO - Filling up the DagBag from /opt/airflow/dags/python_scripts/config.py
[2024-02-28T18:36:39.790+0000] {processor.py:838} WARNING - No viable dags retrieved from /opt/airflow/dags/python_scripts/config.py
[2024-02-28T18:36:39.840+0000] {processor.py:179} INFO - Processing /opt/airflow/dags/python_scripts/config.py took 0.078 seconds
[2024-02-28T18:37:10.473+0000] {processor.py:157} INFO - Started process (PID=538) to work on /opt/airflow/dags/python_scripts/config.py
[2024-02-28T18:37:10.478+0000] {processor.py:826} INFO - Processing file /opt/airflow/dags/python_scripts/config.py for tasks to queue
[2024-02-28T18:37:10.483+0000] {logging_mixin.py:150} INFO - [2024-02-28T18:37:10.481+0000] {dagbag.py:541} INFO - Filling up the DagBag from /opt/airflow/dags/python_scripts/config.py
[2024-02-28T18:37:10.495+0000] {processor.py:838} WARNING - No viable dags retrieved from /opt/airflow/dags/python_scripts/config.py
[2024-02-28T18:37:10.544+0000] {processor.py:179} INFO - Processing /opt/airflow/dags/python_scripts/config.py took 0.081 seconds
[2024-02-28T18:37:41.532+0000] {processor.py:157} INFO - Started process (PID=606) to work on /opt/airflow/dags/python_scripts/config.py
[2024-02-28T18:37:41.536+0000] {processor.py:826} INFO - Processing file /opt/airflow/dags/python_scripts/config.py for tasks to queue
[2024-02-28T18:37:41.541+0000] {logging_mixin.py:150} INFO - [2024-02-28T18:37:41.540+0000] {dagbag.py:541} INFO - Filling up the DagBag from /opt/airflow/dags/python_scripts/config.py
[2024-02-28T18:37:41.551+0000] {processor.py:838} WARNING - No viable dags retrieved from /opt/airflow/dags/python_scripts/config.py
[2024-02-28T18:37:41.589+0000] {processor.py:179} INFO - Processing /opt/airflow/dags/python_scripts/config.py took 0.070 seconds
[2024-02-28T18:38:11.869+0000] {processor.py:157} INFO - Started process (PID=668) to work on /opt/airflow/dags/python_scripts/config.py
[2024-02-28T18:38:11.873+0000] {processor.py:826} INFO - Processing file /opt/airflow/dags/python_scripts/config.py for tasks to queue
[2024-02-28T18:38:11.877+0000] {logging_mixin.py:150} INFO - [2024-02-28T18:38:11.877+0000] {dagbag.py:541} INFO - Filling up the DagBag from /opt/airflow/dags/python_scripts/config.py
[2024-02-28T18:38:11.887+0000] {processor.py:838} WARNING - No viable dags retrieved from /opt/airflow/dags/python_scripts/config.py
[2024-02-28T18:38:11.946+0000] {processor.py:179} INFO - Processing /opt/airflow/dags/python_scripts/config.py took 0.088 seconds
[2024-02-28T18:38:42.082+0000] {processor.py:157} INFO - Started process (PID=730) to work on /opt/airflow/dags/python_scripts/config.py
[2024-02-28T18:38:42.085+0000] {processor.py:826} INFO - Processing file /opt/airflow/dags/python_scripts/config.py for tasks to queue
[2024-02-28T18:38:42.088+0000] {logging_mixin.py:150} INFO - [2024-02-28T18:38:42.087+0000] {dagbag.py:541} INFO - Filling up the DagBag from /opt/airflow/dags/python_scripts/config.py
[2024-02-28T18:38:42.104+0000] {processor.py:838} WARNING - No viable dags retrieved from /opt/airflow/dags/python_scripts/config.py
[2024-02-28T18:38:42.141+0000] {processor.py:179} INFO - Processing /opt/airflow/dags/python_scripts/config.py took 0.068 seconds
[2024-02-28T18:39:12.420+0000] {processor.py:157} INFO - Started process (PID=793) to work on /opt/airflow/dags/python_scripts/config.py
[2024-02-28T18:39:12.424+0000] {processor.py:826} INFO - Processing file /opt/airflow/dags/python_scripts/config.py for tasks to queue
[2024-02-28T18:39:12.428+0000] {logging_mixin.py:150} INFO - [2024-02-28T18:39:12.427+0000] {dagbag.py:541} INFO - Filling up the DagBag from /opt/airflow/dags/python_scripts/config.py
[2024-02-28T18:39:12.439+0000] {processor.py:838} WARNING - No viable dags retrieved from /opt/airflow/dags/python_scripts/config.py
[2024-02-28T18:39:12.462+0000] {processor.py:179} INFO - Processing /opt/airflow/dags/python_scripts/config.py took 0.050 seconds
[2024-02-28T18:39:42.968+0000] {processor.py:157} INFO - Started process (PID=857) to work on /opt/airflow/dags/python_scripts/config.py
[2024-02-28T18:39:42.973+0000] {processor.py:826} INFO - Processing file /opt/airflow/dags/python_scripts/config.py for tasks to queue
[2024-02-28T18:39:42.982+0000] {logging_mixin.py:150} INFO - [2024-02-28T18:39:42.980+0000] {dagbag.py:541} INFO - Filling up the DagBag from /opt/airflow/dags/python_scripts/config.py
[2024-02-28T18:39:42.999+0000] {processor.py:838} WARNING - No viable dags retrieved from /opt/airflow/dags/python_scripts/config.py
[2024-02-28T18:39:43.028+0000] {processor.py:179} INFO - Processing /opt/airflow/dags/python_scripts/config.py took 0.078 seconds
[2024-02-28T18:40:13.226+0000] {processor.py:157} INFO - Started process (PID=920) to work on /opt/airflow/dags/python_scripts/config.py
[2024-02-28T18:40:13.228+0000] {processor.py:826} INFO - Processing file /opt/airflow/dags/python_scripts/config.py for tasks to queue
[2024-02-28T18:40:13.230+0000] {logging_mixin.py:150} INFO - [2024-02-28T18:40:13.230+0000] {dagbag.py:541} INFO - Filling up the DagBag from /opt/airflow/dags/python_scripts/config.py
[2024-02-28T18:40:13.238+0000] {processor.py:838} WARNING - No viable dags retrieved from /opt/airflow/dags/python_scripts/config.py
[2024-02-28T18:40:13.267+0000] {processor.py:179} INFO - Processing /opt/airflow/dags/python_scripts/config.py took 0.054 seconds
[2024-02-28T18:40:43.719+0000] {processor.py:157} INFO - Started process (PID=983) to work on /opt/airflow/dags/python_scripts/config.py
[2024-02-28T18:40:43.724+0000] {processor.py:826} INFO - Processing file /opt/airflow/dags/python_scripts/config.py for tasks to queue
[2024-02-28T18:40:43.729+0000] {logging_mixin.py:150} INFO - [2024-02-28T18:40:43.728+0000] {dagbag.py:541} INFO - Filling up the DagBag from /opt/airflow/dags/python_scripts/config.py
[2024-02-28T18:40:43.747+0000] {processor.py:838} WARNING - No viable dags retrieved from /opt/airflow/dags/python_scripts/config.py
[2024-02-28T18:40:43.836+0000] {processor.py:179} INFO - Processing /opt/airflow/dags/python_scripts/config.py took 0.149 seconds
[2024-02-28T18:41:14.001+0000] {processor.py:157} INFO - Started process (PID=1046) to work on /opt/airflow/dags/python_scripts/config.py
[2024-02-28T18:41:14.004+0000] {processor.py:826} INFO - Processing file /opt/airflow/dags/python_scripts/config.py for tasks to queue
[2024-02-28T18:41:14.006+0000] {logging_mixin.py:150} INFO - [2024-02-28T18:41:14.005+0000] {dagbag.py:541} INFO - Filling up the DagBag from /opt/airflow/dags/python_scripts/config.py
[2024-02-28T18:41:14.017+0000] {processor.py:838} WARNING - No viable dags retrieved from /opt/airflow/dags/python_scripts/config.py
[2024-02-28T18:41:14.065+0000] {processor.py:179} INFO - Processing /opt/airflow/dags/python_scripts/config.py took 0.071 seconds
[2024-02-28T18:41:44.283+0000] {processor.py:157} INFO - Started process (PID=1109) to work on /opt/airflow/dags/python_scripts/config.py
[2024-02-28T18:41:44.289+0000] {processor.py:826} INFO - Processing file /opt/airflow/dags/python_scripts/config.py for tasks to queue
[2024-02-28T18:41:44.292+0000] {logging_mixin.py:150} INFO - [2024-02-28T18:41:44.291+0000] {dagbag.py:541} INFO - Filling up the DagBag from /opt/airflow/dags/python_scripts/config.py
[2024-02-28T18:41:44.308+0000] {processor.py:838} WARNING - No viable dags retrieved from /opt/airflow/dags/python_scripts/config.py
[2024-02-28T18:41:44.355+0000] {processor.py:179} INFO - Processing /opt/airflow/dags/python_scripts/config.py took 0.080 seconds
[2024-02-28T18:42:15.000+0000] {processor.py:157} INFO - Started process (PID=1172) to work on /opt/airflow/dags/python_scripts/config.py
[2024-02-28T18:42:15.004+0000] {processor.py:826} INFO - Processing file /opt/airflow/dags/python_scripts/config.py for tasks to queue
[2024-02-28T18:42:15.009+0000] {logging_mixin.py:150} INFO - [2024-02-28T18:42:15.008+0000] {dagbag.py:541} INFO - Filling up the DagBag from /opt/airflow/dags/python_scripts/config.py
[2024-02-28T18:42:15.029+0000] {processor.py:838} WARNING - No viable dags retrieved from /opt/airflow/dags/python_scripts/config.py
[2024-02-28T18:42:15.060+0000] {processor.py:179} INFO - Processing /opt/airflow/dags/python_scripts/config.py took 0.076 seconds
[2024-02-28T18:42:45.326+0000] {processor.py:157} INFO - Started process (PID=1235) to work on /opt/airflow/dags/python_scripts/config.py
[2024-02-28T18:42:45.328+0000] {processor.py:826} INFO - Processing file /opt/airflow/dags/python_scripts/config.py for tasks to queue
[2024-02-28T18:42:45.331+0000] {logging_mixin.py:150} INFO - [2024-02-28T18:42:45.330+0000] {dagbag.py:541} INFO - Filling up the DagBag from /opt/airflow/dags/python_scripts/config.py
[2024-02-28T18:42:45.343+0000] {processor.py:838} WARNING - No viable dags retrieved from /opt/airflow/dags/python_scripts/config.py
[2024-02-28T18:42:45.371+0000] {processor.py:179} INFO - Processing /opt/airflow/dags/python_scripts/config.py took 0.054 seconds
[2024-02-28T18:43:15.675+0000] {processor.py:157} INFO - Started process (PID=1298) to work on /opt/airflow/dags/python_scripts/config.py
[2024-02-28T18:43:15.679+0000] {processor.py:826} INFO - Processing file /opt/airflow/dags/python_scripts/config.py for tasks to queue
[2024-02-28T18:43:15.683+0000] {logging_mixin.py:150} INFO - [2024-02-28T18:43:15.683+0000] {dagbag.py:541} INFO - Filling up the DagBag from /opt/airflow/dags/python_scripts/config.py
[2024-02-28T18:43:15.700+0000] {processor.py:838} WARNING - No viable dags retrieved from /opt/airflow/dags/python_scripts/config.py
[2024-02-28T18:43:15.729+0000] {processor.py:179} INFO - Processing /opt/airflow/dags/python_scripts/config.py took 0.075 seconds
[2024-02-28T18:43:46.091+0000] {processor.py:157} INFO - Started process (PID=1361) to work on /opt/airflow/dags/python_scripts/config.py
[2024-02-28T18:43:46.093+0000] {processor.py:826} INFO - Processing file /opt/airflow/dags/python_scripts/config.py for tasks to queue
[2024-02-28T18:43:46.096+0000] {logging_mixin.py:150} INFO - [2024-02-28T18:43:46.095+0000] {dagbag.py:541} INFO - Filling up the DagBag from /opt/airflow/dags/python_scripts/config.py
[2024-02-28T18:43:46.106+0000] {processor.py:838} WARNING - No viable dags retrieved from /opt/airflow/dags/python_scripts/config.py
[2024-02-28T18:43:46.138+0000] {processor.py:179} INFO - Processing /opt/airflow/dags/python_scripts/config.py took 0.051 seconds
[2024-02-28T18:44:16.551+0000] {processor.py:157} INFO - Started process (PID=1420) to work on /opt/airflow/dags/python_scripts/config.py
[2024-02-28T18:44:16.556+0000] {processor.py:826} INFO - Processing file /opt/airflow/dags/python_scripts/config.py for tasks to queue
[2024-02-28T18:44:16.558+0000] {logging_mixin.py:150} INFO - [2024-02-28T18:44:16.558+0000] {dagbag.py:541} INFO - Filling up the DagBag from /opt/airflow/dags/python_scripts/config.py
[2024-02-28T18:44:16.573+0000] {processor.py:838} WARNING - No viable dags retrieved from /opt/airflow/dags/python_scripts/config.py
[2024-02-28T18:44:16.656+0000] {processor.py:179} INFO - Processing /opt/airflow/dags/python_scripts/config.py took 0.116 seconds
[2024-02-28T18:44:47.135+0000] {processor.py:157} INFO - Started process (PID=1482) to work on /opt/airflow/dags/python_scripts/config.py
[2024-02-28T18:44:47.139+0000] {processor.py:826} INFO - Processing file /opt/airflow/dags/python_scripts/config.py for tasks to queue
[2024-02-28T18:44:47.142+0000] {logging_mixin.py:150} INFO - [2024-02-28T18:44:47.141+0000] {dagbag.py:541} INFO - Filling up the DagBag from /opt/airflow/dags/python_scripts/config.py
[2024-02-28T18:44:47.157+0000] {processor.py:838} WARNING - No viable dags retrieved from /opt/airflow/dags/python_scripts/config.py
[2024-02-28T18:44:47.219+0000] {processor.py:179} INFO - Processing /opt/airflow/dags/python_scripts/config.py took 0.094 seconds
[2024-02-28T18:45:17.440+0000] {processor.py:157} INFO - Started process (PID=1546) to work on /opt/airflow/dags/python_scripts/config.py
[2024-02-28T18:45:17.447+0000] {processor.py:826} INFO - Processing file /opt/airflow/dags/python_scripts/config.py for tasks to queue
[2024-02-28T18:45:17.451+0000] {logging_mixin.py:150} INFO - [2024-02-28T18:45:17.450+0000] {dagbag.py:541} INFO - Filling up the DagBag from /opt/airflow/dags/python_scripts/config.py
[2024-02-28T18:45:17.466+0000] {processor.py:838} WARNING - No viable dags retrieved from /opt/airflow/dags/python_scripts/config.py
[2024-02-28T18:45:17.498+0000] {processor.py:179} INFO - Processing /opt/airflow/dags/python_scripts/config.py took 0.084 seconds
[2024-02-28T18:45:48.117+0000] {processor.py:157} INFO - Started process (PID=1609) to work on /opt/airflow/dags/python_scripts/config.py
[2024-02-28T18:45:48.122+0000] {processor.py:826} INFO - Processing file /opt/airflow/dags/python_scripts/config.py for tasks to queue
[2024-02-28T18:45:48.126+0000] {logging_mixin.py:150} INFO - [2024-02-28T18:45:48.125+0000] {dagbag.py:541} INFO - Filling up the DagBag from /opt/airflow/dags/python_scripts/config.py
[2024-02-28T18:45:48.142+0000] {processor.py:838} WARNING - No viable dags retrieved from /opt/airflow/dags/python_scripts/config.py
[2024-02-28T18:45:48.169+0000] {processor.py:179} INFO - Processing /opt/airflow/dags/python_scripts/config.py took 0.061 seconds
[2024-02-28T18:46:18.399+0000] {processor.py:157} INFO - Started process (PID=1672) to work on /opt/airflow/dags/python_scripts/config.py
[2024-02-28T18:46:18.404+0000] {processor.py:826} INFO - Processing file /opt/airflow/dags/python_scripts/config.py for tasks to queue
[2024-02-28T18:46:18.407+0000] {logging_mixin.py:150} INFO - [2024-02-28T18:46:18.406+0000] {dagbag.py:541} INFO - Filling up the DagBag from /opt/airflow/dags/python_scripts/config.py
[2024-02-28T18:46:18.420+0000] {processor.py:838} WARNING - No viable dags retrieved from /opt/airflow/dags/python_scripts/config.py
[2024-02-28T18:46:18.445+0000] {processor.py:179} INFO - Processing /opt/airflow/dags/python_scripts/config.py took 0.055 seconds
[2024-02-28T18:46:48.851+0000] {processor.py:157} INFO - Started process (PID=1735) to work on /opt/airflow/dags/python_scripts/config.py
[2024-02-28T18:46:48.854+0000] {processor.py:826} INFO - Processing file /opt/airflow/dags/python_scripts/config.py for tasks to queue
[2024-02-28T18:46:48.857+0000] {logging_mixin.py:150} INFO - [2024-02-28T18:46:48.856+0000] {dagbag.py:541} INFO - Filling up the DagBag from /opt/airflow/dags/python_scripts/config.py
[2024-02-28T18:46:48.874+0000] {processor.py:838} WARNING - No viable dags retrieved from /opt/airflow/dags/python_scripts/config.py
[2024-02-28T18:46:48.898+0000] {processor.py:179} INFO - Processing /opt/airflow/dags/python_scripts/config.py took 0.053 seconds
[2024-02-28T18:47:19.186+0000] {processor.py:157} INFO - Started process (PID=1798) to work on /opt/airflow/dags/python_scripts/config.py
[2024-02-28T18:47:19.189+0000] {processor.py:826} INFO - Processing file /opt/airflow/dags/python_scripts/config.py for tasks to queue
[2024-02-28T18:47:19.191+0000] {logging_mixin.py:150} INFO - [2024-02-28T18:47:19.191+0000] {dagbag.py:541} INFO - Filling up the DagBag from /opt/airflow/dags/python_scripts/config.py
[2024-02-28T18:47:19.201+0000] {processor.py:838} WARNING - No viable dags retrieved from /opt/airflow/dags/python_scripts/config.py
[2024-02-28T18:47:19.231+0000] {processor.py:179} INFO - Processing /opt/airflow/dags/python_scripts/config.py took 0.052 seconds
[2024-02-28T18:47:49.721+0000] {processor.py:157} INFO - Started process (PID=1861) to work on /opt/airflow/dags/python_scripts/config.py
[2024-02-28T18:47:49.723+0000] {processor.py:826} INFO - Processing file /opt/airflow/dags/python_scripts/config.py for tasks to queue
[2024-02-28T18:47:49.726+0000] {logging_mixin.py:150} INFO - [2024-02-28T18:47:49.726+0000] {dagbag.py:541} INFO - Filling up the DagBag from /opt/airflow/dags/python_scripts/config.py
[2024-02-28T18:47:49.735+0000] {processor.py:838} WARNING - No viable dags retrieved from /opt/airflow/dags/python_scripts/config.py
[2024-02-28T18:47:49.753+0000] {processor.py:179} INFO - Processing /opt/airflow/dags/python_scripts/config.py took 0.036 seconds
[2024-02-28T18:48:20.440+0000] {processor.py:157} INFO - Started process (PID=1918) to work on /opt/airflow/dags/python_scripts/config.py
[2024-02-28T18:48:20.443+0000] {processor.py:826} INFO - Processing file /opt/airflow/dags/python_scripts/config.py for tasks to queue
[2024-02-28T18:48:20.446+0000] {logging_mixin.py:150} INFO - [2024-02-28T18:48:20.445+0000] {dagbag.py:541} INFO - Filling up the DagBag from /opt/airflow/dags/python_scripts/config.py
[2024-02-28T18:48:20.462+0000] {processor.py:838} WARNING - No viable dags retrieved from /opt/airflow/dags/python_scripts/config.py
[2024-02-28T18:48:20.531+0000] {processor.py:179} INFO - Processing /opt/airflow/dags/python_scripts/config.py took 0.099 seconds
[2024-02-28T18:48:50.866+0000] {processor.py:157} INFO - Started process (PID=1981) to work on /opt/airflow/dags/python_scripts/config.py
[2024-02-28T18:48:50.872+0000] {processor.py:826} INFO - Processing file /opt/airflow/dags/python_scripts/config.py for tasks to queue
[2024-02-28T18:48:50.879+0000] {logging_mixin.py:150} INFO - [2024-02-28T18:48:50.877+0000] {dagbag.py:541} INFO - Filling up the DagBag from /opt/airflow/dags/python_scripts/config.py
[2024-02-28T18:48:50.894+0000] {processor.py:838} WARNING - No viable dags retrieved from /opt/airflow/dags/python_scripts/config.py
[2024-02-28T18:48:50.923+0000] {processor.py:179} INFO - Processing /opt/airflow/dags/python_scripts/config.py took 0.083 seconds
[2024-02-28T18:49:21.322+0000] {processor.py:157} INFO - Started process (PID=2052) to work on /opt/airflow/dags/python_scripts/config.py
[2024-02-28T18:49:21.328+0000] {processor.py:826} INFO - Processing file /opt/airflow/dags/python_scripts/config.py for tasks to queue
[2024-02-28T18:49:21.333+0000] {logging_mixin.py:150} INFO - [2024-02-28T18:49:21.331+0000] {dagbag.py:541} INFO - Filling up the DagBag from /opt/airflow/dags/python_scripts/config.py
[2024-02-28T18:49:21.342+0000] {processor.py:838} WARNING - No viable dags retrieved from /opt/airflow/dags/python_scripts/config.py
[2024-02-28T18:49:21.366+0000] {processor.py:179} INFO - Processing /opt/airflow/dags/python_scripts/config.py took 0.056 seconds
[2024-02-28T18:49:52.252+0000] {processor.py:157} INFO - Started process (PID=2115) to work on /opt/airflow/dags/python_scripts/config.py
[2024-02-28T18:49:52.258+0000] {processor.py:826} INFO - Processing file /opt/airflow/dags/python_scripts/config.py for tasks to queue
[2024-02-28T18:49:52.262+0000] {logging_mixin.py:150} INFO - [2024-02-28T18:49:52.262+0000] {dagbag.py:541} INFO - Filling up the DagBag from /opt/airflow/dags/python_scripts/config.py
[2024-02-28T18:49:52.285+0000] {processor.py:838} WARNING - No viable dags retrieved from /opt/airflow/dags/python_scripts/config.py
[2024-02-28T18:49:52.315+0000] {processor.py:179} INFO - Processing /opt/airflow/dags/python_scripts/config.py took 0.081 seconds
[2024-02-28T18:50:22.812+0000] {processor.py:157} INFO - Started process (PID=2182) to work on /opt/airflow/dags/python_scripts/config.py
[2024-02-28T18:50:22.816+0000] {processor.py:826} INFO - Processing file /opt/airflow/dags/python_scripts/config.py for tasks to queue
[2024-02-28T18:50:22.818+0000] {logging_mixin.py:150} INFO - [2024-02-28T18:50:22.818+0000] {dagbag.py:541} INFO - Filling up the DagBag from /opt/airflow/dags/python_scripts/config.py
[2024-02-28T18:50:22.832+0000] {processor.py:838} WARNING - No viable dags retrieved from /opt/airflow/dags/python_scripts/config.py
[2024-02-28T18:50:22.877+0000] {processor.py:179} INFO - Processing /opt/airflow/dags/python_scripts/config.py took 0.073 seconds
[2024-02-28T18:50:53.166+0000] {processor.py:157} INFO - Started process (PID=2245) to work on /opt/airflow/dags/python_scripts/config.py
[2024-02-28T18:50:53.169+0000] {processor.py:826} INFO - Processing file /opt/airflow/dags/python_scripts/config.py for tasks to queue
[2024-02-28T18:50:53.171+0000] {logging_mixin.py:150} INFO - [2024-02-28T18:50:53.171+0000] {dagbag.py:541} INFO - Filling up the DagBag from /opt/airflow/dags/python_scripts/config.py
[2024-02-28T18:50:53.181+0000] {processor.py:838} WARNING - No viable dags retrieved from /opt/airflow/dags/python_scripts/config.py
[2024-02-28T18:50:53.234+0000] {processor.py:179} INFO - Processing /opt/airflow/dags/python_scripts/config.py took 0.076 seconds
[2024-02-28T18:51:24.082+0000] {processor.py:157} INFO - Started process (PID=2312) to work on /opt/airflow/dags/python_scripts/config.py
[2024-02-28T18:51:24.093+0000] {processor.py:826} INFO - Processing file /opt/airflow/dags/python_scripts/config.py for tasks to queue
[2024-02-28T18:51:24.111+0000] {logging_mixin.py:150} INFO - [2024-02-28T18:51:24.097+0000] {dagbag.py:541} INFO - Filling up the DagBag from /opt/airflow/dags/python_scripts/config.py
[2024-02-28T18:51:24.150+0000] {processor.py:838} WARNING - No viable dags retrieved from /opt/airflow/dags/python_scripts/config.py
[2024-02-28T18:51:24.225+0000] {processor.py:179} INFO - Processing /opt/airflow/dags/python_scripts/config.py took 0.168 seconds
[2024-02-28T18:51:55.167+0000] {processor.py:157} INFO - Started process (PID=2375) to work on /opt/airflow/dags/python_scripts/config.py
[2024-02-28T18:51:55.172+0000] {processor.py:826} INFO - Processing file /opt/airflow/dags/python_scripts/config.py for tasks to queue
[2024-02-28T18:51:55.175+0000] {logging_mixin.py:150} INFO - [2024-02-28T18:51:55.174+0000] {dagbag.py:541} INFO - Filling up the DagBag from /opt/airflow/dags/python_scripts/config.py
[2024-02-28T18:51:55.187+0000] {processor.py:838} WARNING - No viable dags retrieved from /opt/airflow/dags/python_scripts/config.py
[2024-02-28T18:51:55.218+0000] {processor.py:179} INFO - Processing /opt/airflow/dags/python_scripts/config.py took 0.061 seconds
[2024-02-28T18:52:25.741+0000] {processor.py:157} INFO - Started process (PID=2446) to work on /opt/airflow/dags/python_scripts/config.py
[2024-02-28T18:52:25.745+0000] {processor.py:826} INFO - Processing file /opt/airflow/dags/python_scripts/config.py for tasks to queue
[2024-02-28T18:52:25.748+0000] {logging_mixin.py:150} INFO - [2024-02-28T18:52:25.748+0000] {dagbag.py:541} INFO - Filling up the DagBag from /opt/airflow/dags/python_scripts/config.py
[2024-02-28T18:52:25.759+0000] {processor.py:838} WARNING - No viable dags retrieved from /opt/airflow/dags/python_scripts/config.py
[2024-02-28T18:52:25.822+0000] {processor.py:179} INFO - Processing /opt/airflow/dags/python_scripts/config.py took 0.089 seconds
[2024-02-28T18:52:55.970+0000] {processor.py:157} INFO - Started process (PID=2509) to work on /opt/airflow/dags/python_scripts/config.py
[2024-02-28T18:52:55.977+0000] {processor.py:826} INFO - Processing file /opt/airflow/dags/python_scripts/config.py for tasks to queue
[2024-02-28T18:52:55.979+0000] {logging_mixin.py:150} INFO - [2024-02-28T18:52:55.979+0000] {dagbag.py:541} INFO - Filling up the DagBag from /opt/airflow/dags/python_scripts/config.py
[2024-02-28T18:52:55.991+0000] {processor.py:838} WARNING - No viable dags retrieved from /opt/airflow/dags/python_scripts/config.py
[2024-02-28T18:52:56.016+0000] {processor.py:179} INFO - Processing /opt/airflow/dags/python_scripts/config.py took 0.065 seconds
