[2024-07-06T14:10:39.787+0000] {processor.py:157} INFO - Started process (PID=33) to work on /opt/airflow/dags/dag_raw_to_dds.py
[2024-07-06T14:10:39.795+0000] {processor.py:826} INFO - Processing file /opt/airflow/dags/dag_raw_to_dds.py for tasks to queue
[2024-07-06T14:10:39.798+0000] {logging_mixin.py:150} INFO - [2024-07-06T14:10:39.797+0000] {dagbag.py:541} INFO - Filling up the DagBag from /opt/airflow/dags/dag_raw_to_dds.py
[2024-07-06T14:10:41.143+0000] {processor.py:836} INFO - DAG(s) dict_keys(['load_data_from_csv']) retrieved from /opt/airflow/dags/dag_raw_to_dds.py
[2024-07-06T14:10:41.376+0000] {logging_mixin.py:150} INFO - [2024-07-06T14:10:41.375+0000] {dag.py:2742} INFO - Sync 1 DAGs
[2024-07-06T14:10:41.431+0000] {logging_mixin.py:150} INFO - [2024-07-06T14:10:41.431+0000] {dag.py:3508} INFO - Setting next_dagrun for load_data_from_csv to 2024-07-06T14:09:00+00:00, run_after=2024-07-06T14:10:00+00:00
[2024-07-06T14:10:41.622+0000] {processor.py:179} INFO - Processing /opt/airflow/dags/dag_raw_to_dds.py took 1.851 seconds
[2024-07-06T14:11:12.137+0000] {processor.py:157} INFO - Started process (PID=96) to work on /opt/airflow/dags/dag_raw_to_dds.py
[2024-07-06T14:11:12.139+0000] {processor.py:826} INFO - Processing file /opt/airflow/dags/dag_raw_to_dds.py for tasks to queue
[2024-07-06T14:11:12.142+0000] {logging_mixin.py:150} INFO - [2024-07-06T14:11:12.141+0000] {dagbag.py:541} INFO - Filling up the DagBag from /opt/airflow/dags/dag_raw_to_dds.py
[2024-07-06T14:11:12.670+0000] {processor.py:836} INFO - DAG(s) dict_keys(['load_data_from_csv']) retrieved from /opt/airflow/dags/dag_raw_to_dds.py
[2024-07-06T14:11:12.710+0000] {logging_mixin.py:150} INFO - [2024-07-06T14:11:12.709+0000] {dag.py:2742} INFO - Sync 1 DAGs
[2024-07-06T14:11:12.741+0000] {logging_mixin.py:150} INFO - [2024-07-06T14:11:12.741+0000] {dag.py:3508} INFO - Setting next_dagrun for load_data_from_csv to 2024-07-06T14:10:00+00:00, run_after=2024-07-06T14:11:00+00:00
[2024-07-06T14:11:12.758+0000] {processor.py:179} INFO - Processing /opt/airflow/dags/dag_raw_to_dds.py took 0.626 seconds
[2024-07-06T14:11:43.105+0000] {processor.py:157} INFO - Started process (PID=159) to work on /opt/airflow/dags/dag_raw_to_dds.py
[2024-07-06T14:11:43.107+0000] {processor.py:826} INFO - Processing file /opt/airflow/dags/dag_raw_to_dds.py for tasks to queue
[2024-07-06T14:11:43.109+0000] {logging_mixin.py:150} INFO - [2024-07-06T14:11:43.109+0000] {dagbag.py:541} INFO - Filling up the DagBag from /opt/airflow/dags/dag_raw_to_dds.py
[2024-07-06T14:11:43.509+0000] {processor.py:836} INFO - DAG(s) dict_keys(['load_data_from_csv']) retrieved from /opt/airflow/dags/dag_raw_to_dds.py
[2024-07-06T14:11:43.529+0000] {logging_mixin.py:150} INFO - [2024-07-06T14:11:43.529+0000] {dag.py:2742} INFO - Sync 1 DAGs
[2024-07-06T14:11:43.772+0000] {logging_mixin.py:150} INFO - [2024-07-06T14:11:43.772+0000] {dag.py:3508} INFO - Setting next_dagrun for load_data_from_csv to 2024-07-06T14:10:00+00:00, run_after=2024-07-06T14:11:00+00:00
[2024-07-06T14:11:43.794+0000] {processor.py:179} INFO - Processing /opt/airflow/dags/dag_raw_to_dds.py took 0.694 seconds
[2024-07-06T14:12:13.984+0000] {processor.py:157} INFO - Started process (PID=225) to work on /opt/airflow/dags/dag_raw_to_dds.py
[2024-07-06T14:12:13.986+0000] {processor.py:826} INFO - Processing file /opt/airflow/dags/dag_raw_to_dds.py for tasks to queue
[2024-07-06T14:12:13.987+0000] {logging_mixin.py:150} INFO - [2024-07-06T14:12:13.987+0000] {dagbag.py:541} INFO - Filling up the DagBag from /opt/airflow/dags/dag_raw_to_dds.py
[2024-07-06T14:12:14.303+0000] {processor.py:836} INFO - DAG(s) dict_keys(['load_data_from_csv']) retrieved from /opt/airflow/dags/dag_raw_to_dds.py
[2024-07-06T14:12:14.329+0000] {logging_mixin.py:150} INFO - [2024-07-06T14:12:14.329+0000] {dag.py:2742} INFO - Sync 1 DAGs
[2024-07-06T14:12:14.356+0000] {logging_mixin.py:150} INFO - [2024-07-06T14:12:14.356+0000] {dag.py:3508} INFO - Setting next_dagrun for load_data_from_csv to 2024-07-06T14:11:00+00:00, run_after=2024-07-06T14:12:00+00:00
[2024-07-06T14:12:14.522+0000] {processor.py:179} INFO - Processing /opt/airflow/dags/dag_raw_to_dds.py took 0.542 seconds
[2024-07-06T14:12:44.589+0000] {processor.py:157} INFO - Started process (PID=291) to work on /opt/airflow/dags/dag_raw_to_dds.py
[2024-07-06T14:12:44.591+0000] {processor.py:826} INFO - Processing file /opt/airflow/dags/dag_raw_to_dds.py for tasks to queue
[2024-07-06T14:12:44.592+0000] {logging_mixin.py:150} INFO - [2024-07-06T14:12:44.592+0000] {dagbag.py:541} INFO - Filling up the DagBag from /opt/airflow/dags/dag_raw_to_dds.py
[2024-07-06T14:12:44.871+0000] {processor.py:836} INFO - DAG(s) dict_keys(['load_data_from_csv']) retrieved from /opt/airflow/dags/dag_raw_to_dds.py
[2024-07-06T14:12:44.894+0000] {logging_mixin.py:150} INFO - [2024-07-06T14:12:44.893+0000] {dag.py:2742} INFO - Sync 1 DAGs
[2024-07-06T14:12:44.919+0000] {logging_mixin.py:150} INFO - [2024-07-06T14:12:44.919+0000] {dag.py:3508} INFO - Setting next_dagrun for load_data_from_csv to 2024-07-06T14:11:00+00:00, run_after=2024-07-06T14:12:00+00:00
[2024-07-06T14:12:44.933+0000] {processor.py:179} INFO - Processing /opt/airflow/dags/dag_raw_to_dds.py took 0.347 seconds
[2024-07-06T14:13:15.915+0000] {processor.py:157} INFO - Started process (PID=356) to work on /opt/airflow/dags/dag_raw_to_dds.py
[2024-07-06T14:13:15.920+0000] {processor.py:826} INFO - Processing file /opt/airflow/dags/dag_raw_to_dds.py for tasks to queue
[2024-07-06T14:13:15.922+0000] {logging_mixin.py:150} INFO - [2024-07-06T14:13:15.922+0000] {dagbag.py:541} INFO - Filling up the DagBag from /opt/airflow/dags/dag_raw_to_dds.py
[2024-07-06T14:13:16.213+0000] {processor.py:836} INFO - DAG(s) dict_keys(['load_data_from_csv']) retrieved from /opt/airflow/dags/dag_raw_to_dds.py
[2024-07-06T14:13:16.234+0000] {logging_mixin.py:150} INFO - [2024-07-06T14:13:16.233+0000] {dag.py:2742} INFO - Sync 1 DAGs
[2024-07-06T14:13:16.413+0000] {logging_mixin.py:150} INFO - [2024-07-06T14:13:16.413+0000] {dag.py:3508} INFO - Setting next_dagrun for load_data_from_csv to 2024-07-06T14:12:00+00:00, run_after=2024-07-06T14:13:00+00:00
[2024-07-06T14:13:16.426+0000] {processor.py:179} INFO - Processing /opt/airflow/dags/dag_raw_to_dds.py took 0.517 seconds
[2024-07-06T14:13:46.535+0000] {processor.py:157} INFO - Started process (PID=424) to work on /opt/airflow/dags/dag_raw_to_dds.py
[2024-07-06T14:13:46.536+0000] {processor.py:826} INFO - Processing file /opt/airflow/dags/dag_raw_to_dds.py for tasks to queue
[2024-07-06T14:13:46.538+0000] {logging_mixin.py:150} INFO - [2024-07-06T14:13:46.537+0000] {dagbag.py:541} INFO - Filling up the DagBag from /opt/airflow/dags/dag_raw_to_dds.py
[2024-07-06T14:13:46.786+0000] {processor.py:836} INFO - DAG(s) dict_keys(['load_data_from_csv']) retrieved from /opt/airflow/dags/dag_raw_to_dds.py
[2024-07-06T14:13:46.808+0000] {logging_mixin.py:150} INFO - [2024-07-06T14:13:46.808+0000] {dag.py:2742} INFO - Sync 1 DAGs
[2024-07-06T14:13:46.826+0000] {logging_mixin.py:150} INFO - [2024-07-06T14:13:46.826+0000] {dag.py:3508} INFO - Setting next_dagrun for load_data_from_csv to 2024-07-06T14:12:00+00:00, run_after=2024-07-06T14:13:00+00:00
[2024-07-06T14:13:46.969+0000] {processor.py:179} INFO - Processing /opt/airflow/dags/dag_raw_to_dds.py took 0.437 seconds
[2024-07-06T14:14:17.089+0000] {processor.py:157} INFO - Started process (PID=490) to work on /opt/airflow/dags/dag_raw_to_dds.py
[2024-07-06T14:14:17.090+0000] {processor.py:826} INFO - Processing file /opt/airflow/dags/dag_raw_to_dds.py for tasks to queue
[2024-07-06T14:14:17.092+0000] {logging_mixin.py:150} INFO - [2024-07-06T14:14:17.091+0000] {dagbag.py:541} INFO - Filling up the DagBag from /opt/airflow/dags/dag_raw_to_dds.py
[2024-07-06T14:14:17.371+0000] {processor.py:836} INFO - DAG(s) dict_keys(['load_data_from_csv']) retrieved from /opt/airflow/dags/dag_raw_to_dds.py
[2024-07-06T14:14:17.391+0000] {logging_mixin.py:150} INFO - [2024-07-06T14:14:17.391+0000] {dag.py:2742} INFO - Sync 1 DAGs
[2024-07-06T14:14:17.410+0000] {logging_mixin.py:150} INFO - [2024-07-06T14:14:17.410+0000] {dag.py:3508} INFO - Setting next_dagrun for load_data_from_csv to 2024-07-06T14:13:00+00:00, run_after=2024-07-06T14:14:00+00:00
[2024-07-06T14:14:17.424+0000] {processor.py:179} INFO - Processing /opt/airflow/dags/dag_raw_to_dds.py took 0.338 seconds
[2024-07-06T14:14:47.619+0000] {processor.py:157} INFO - Started process (PID=556) to work on /opt/airflow/dags/dag_raw_to_dds.py
[2024-07-06T14:14:47.621+0000] {processor.py:826} INFO - Processing file /opt/airflow/dags/dag_raw_to_dds.py for tasks to queue
[2024-07-06T14:14:47.622+0000] {logging_mixin.py:150} INFO - [2024-07-06T14:14:47.622+0000] {dagbag.py:541} INFO - Filling up the DagBag from /opt/airflow/dags/dag_raw_to_dds.py
[2024-07-06T14:14:47.907+0000] {processor.py:836} INFO - DAG(s) dict_keys(['load_data_from_csv']) retrieved from /opt/airflow/dags/dag_raw_to_dds.py
[2024-07-06T14:14:47.926+0000] {logging_mixin.py:150} INFO - [2024-07-06T14:14:47.925+0000] {dag.py:2742} INFO - Sync 1 DAGs
[2024-07-06T14:14:48.080+0000] {logging_mixin.py:150} INFO - [2024-07-06T14:14:48.080+0000] {dag.py:3508} INFO - Setting next_dagrun for load_data_from_csv to 2024-07-06T14:13:00+00:00, run_after=2024-07-06T14:14:00+00:00
[2024-07-06T14:14:48.094+0000] {processor.py:179} INFO - Processing /opt/airflow/dags/dag_raw_to_dds.py took 0.478 seconds
[2024-07-06T14:15:18.824+0000] {processor.py:157} INFO - Started process (PID=621) to work on /opt/airflow/dags/dag_raw_to_dds.py
[2024-07-06T14:15:18.826+0000] {processor.py:826} INFO - Processing file /opt/airflow/dags/dag_raw_to_dds.py for tasks to queue
[2024-07-06T14:15:18.828+0000] {logging_mixin.py:150} INFO - [2024-07-06T14:15:18.828+0000] {dagbag.py:541} INFO - Filling up the DagBag from /opt/airflow/dags/dag_raw_to_dds.py
[2024-07-06T14:15:19.178+0000] {processor.py:836} INFO - DAG(s) dict_keys(['load_data_from_csv']) retrieved from /opt/airflow/dags/dag_raw_to_dds.py
[2024-07-06T14:15:19.205+0000] {logging_mixin.py:150} INFO - [2024-07-06T14:15:19.204+0000] {dag.py:2742} INFO - Sync 1 DAGs
[2024-07-06T14:15:19.439+0000] {logging_mixin.py:150} INFO - [2024-07-06T14:15:19.439+0000] {dag.py:3508} INFO - Setting next_dagrun for load_data_from_csv to 2024-07-06T14:14:00+00:00, run_after=2024-07-06T14:15:00+00:00
[2024-07-06T14:15:19.453+0000] {processor.py:179} INFO - Processing /opt/airflow/dags/dag_raw_to_dds.py took 0.632 seconds
[2024-07-06T14:15:49.741+0000] {processor.py:157} INFO - Started process (PID=686) to work on /opt/airflow/dags/dag_raw_to_dds.py
[2024-07-06T14:15:49.744+0000] {processor.py:826} INFO - Processing file /opt/airflow/dags/dag_raw_to_dds.py for tasks to queue
[2024-07-06T14:15:49.746+0000] {logging_mixin.py:150} INFO - [2024-07-06T14:15:49.745+0000] {dagbag.py:541} INFO - Filling up the DagBag from /opt/airflow/dags/dag_raw_to_dds.py
[2024-07-06T14:15:50.214+0000] {processor.py:836} INFO - DAG(s) dict_keys(['load_data_from_csv']) retrieved from /opt/airflow/dags/dag_raw_to_dds.py
[2024-07-06T14:15:50.235+0000] {logging_mixin.py:150} INFO - [2024-07-06T14:15:50.234+0000] {dag.py:2742} INFO - Sync 1 DAGs
[2024-07-06T14:15:50.252+0000] {logging_mixin.py:150} INFO - [2024-07-06T14:15:50.252+0000] {dag.py:3508} INFO - Setting next_dagrun for load_data_from_csv to 2024-07-06T14:14:00+00:00, run_after=2024-07-06T14:15:00+00:00
[2024-07-06T14:15:50.266+0000] {processor.py:179} INFO - Processing /opt/airflow/dags/dag_raw_to_dds.py took 0.529 seconds
[2024-07-06T14:16:20.449+0000] {processor.py:157} INFO - Started process (PID=750) to work on /opt/airflow/dags/dag_raw_to_dds.py
[2024-07-06T14:16:20.451+0000] {processor.py:826} INFO - Processing file /opt/airflow/dags/dag_raw_to_dds.py for tasks to queue
[2024-07-06T14:16:20.453+0000] {logging_mixin.py:150} INFO - [2024-07-06T14:16:20.453+0000] {dagbag.py:541} INFO - Filling up the DagBag from /opt/airflow/dags/dag_raw_to_dds.py
[2024-07-06T14:16:20.897+0000] {processor.py:836} INFO - DAG(s) dict_keys(['load_data_from_csv']) retrieved from /opt/airflow/dags/dag_raw_to_dds.py
[2024-07-06T14:16:20.914+0000] {logging_mixin.py:150} INFO - [2024-07-06T14:16:20.913+0000] {dag.py:2742} INFO - Sync 1 DAGs
[2024-07-06T14:16:20.930+0000] {logging_mixin.py:150} INFO - [2024-07-06T14:16:20.930+0000] {dag.py:3508} INFO - Setting next_dagrun for load_data_from_csv to 2024-07-06T14:15:00+00:00, run_after=2024-07-06T14:16:00+00:00
[2024-07-06T14:16:20.941+0000] {processor.py:179} INFO - Processing /opt/airflow/dags/dag_raw_to_dds.py took 0.496 seconds
[2024-07-06T14:16:51.041+0000] {processor.py:157} INFO - Started process (PID=816) to work on /opt/airflow/dags/dag_raw_to_dds.py
[2024-07-06T14:16:51.043+0000] {processor.py:826} INFO - Processing file /opt/airflow/dags/dag_raw_to_dds.py for tasks to queue
[2024-07-06T14:16:51.044+0000] {logging_mixin.py:150} INFO - [2024-07-06T14:16:51.044+0000] {dagbag.py:541} INFO - Filling up the DagBag from /opt/airflow/dags/dag_raw_to_dds.py
[2024-07-06T14:16:51.659+0000] {processor.py:836} INFO - DAG(s) dict_keys(['load_data_from_csv']) retrieved from /opt/airflow/dags/dag_raw_to_dds.py
[2024-07-06T14:16:51.680+0000] {logging_mixin.py:150} INFO - [2024-07-06T14:16:51.679+0000] {dag.py:2742} INFO - Sync 1 DAGs
[2024-07-06T14:16:51.699+0000] {logging_mixin.py:150} INFO - [2024-07-06T14:16:51.699+0000] {dag.py:3508} INFO - Setting next_dagrun for load_data_from_csv to 2024-07-06T14:15:00+00:00, run_after=2024-07-06T14:16:00+00:00
[2024-07-06T14:16:51.715+0000] {processor.py:179} INFO - Processing /opt/airflow/dags/dag_raw_to_dds.py took 0.678 seconds
[2024-07-06T14:17:22.484+0000] {processor.py:157} INFO - Started process (PID=882) to work on /opt/airflow/dags/dag_raw_to_dds.py
[2024-07-06T14:17:22.487+0000] {processor.py:826} INFO - Processing file /opt/airflow/dags/dag_raw_to_dds.py for tasks to queue
[2024-07-06T14:17:22.490+0000] {logging_mixin.py:150} INFO - [2024-07-06T14:17:22.490+0000] {dagbag.py:541} INFO - Filling up the DagBag from /opt/airflow/dags/dag_raw_to_dds.py
[2024-07-06T14:17:22.977+0000] {processor.py:836} INFO - DAG(s) dict_keys(['load_data_from_csv']) retrieved from /opt/airflow/dags/dag_raw_to_dds.py
[2024-07-06T14:17:22.997+0000] {logging_mixin.py:150} INFO - [2024-07-06T14:17:22.996+0000] {dag.py:2742} INFO - Sync 1 DAGs
[2024-07-06T14:17:23.017+0000] {logging_mixin.py:150} INFO - [2024-07-06T14:17:23.016+0000] {dag.py:3508} INFO - Setting next_dagrun for load_data_from_csv to 2024-07-06T14:16:00+00:00, run_after=2024-07-06T14:17:00+00:00
[2024-07-06T14:17:23.032+0000] {processor.py:179} INFO - Processing /opt/airflow/dags/dag_raw_to_dds.py took 0.553 seconds
[2024-07-06T14:17:53.882+0000] {processor.py:157} INFO - Started process (PID=946) to work on /opt/airflow/dags/dag_raw_to_dds.py
[2024-07-06T14:17:53.886+0000] {processor.py:826} INFO - Processing file /opt/airflow/dags/dag_raw_to_dds.py for tasks to queue
[2024-07-06T14:17:53.889+0000] {logging_mixin.py:150} INFO - [2024-07-06T14:17:53.888+0000] {dagbag.py:541} INFO - Filling up the DagBag from /opt/airflow/dags/dag_raw_to_dds.py
[2024-07-06T14:17:54.391+0000] {processor.py:836} INFO - DAG(s) dict_keys(['load_data_from_csv']) retrieved from /opt/airflow/dags/dag_raw_to_dds.py
[2024-07-06T14:17:54.409+0000] {logging_mixin.py:150} INFO - [2024-07-06T14:17:54.408+0000] {dag.py:2742} INFO - Sync 1 DAGs
[2024-07-06T14:17:54.427+0000] {logging_mixin.py:150} INFO - [2024-07-06T14:17:54.427+0000] {dag.py:3508} INFO - Setting next_dagrun for load_data_from_csv to 2024-07-06T14:16:00+00:00, run_after=2024-07-06T14:17:00+00:00
[2024-07-06T14:17:54.442+0000] {processor.py:179} INFO - Processing /opt/airflow/dags/dag_raw_to_dds.py took 0.564 seconds
[2024-07-06T14:18:25.355+0000] {processor.py:157} INFO - Started process (PID=1012) to work on /opt/airflow/dags/dag_raw_to_dds.py
[2024-07-06T14:18:25.359+0000] {processor.py:826} INFO - Processing file /opt/airflow/dags/dag_raw_to_dds.py for tasks to queue
[2024-07-06T14:18:25.361+0000] {logging_mixin.py:150} INFO - [2024-07-06T14:18:25.360+0000] {dagbag.py:541} INFO - Filling up the DagBag from /opt/airflow/dags/dag_raw_to_dds.py
[2024-07-06T14:18:25.823+0000] {processor.py:836} INFO - DAG(s) dict_keys(['load_data_from_csv']) retrieved from /opt/airflow/dags/dag_raw_to_dds.py
[2024-07-06T14:18:25.847+0000] {logging_mixin.py:150} INFO - [2024-07-06T14:18:25.847+0000] {dag.py:2742} INFO - Sync 1 DAGs
[2024-07-06T14:18:25.866+0000] {logging_mixin.py:150} INFO - [2024-07-06T14:18:25.866+0000] {dag.py:3508} INFO - Setting next_dagrun for load_data_from_csv to 2024-07-06T14:17:00+00:00, run_after=2024-07-06T14:18:00+00:00
[2024-07-06T14:18:25.879+0000] {processor.py:179} INFO - Processing /opt/airflow/dags/dag_raw_to_dds.py took 0.530 seconds
[2024-07-06T14:18:55.978+0000] {processor.py:157} INFO - Started process (PID=1077) to work on /opt/airflow/dags/dag_raw_to_dds.py
[2024-07-06T14:18:55.980+0000] {processor.py:826} INFO - Processing file /opt/airflow/dags/dag_raw_to_dds.py for tasks to queue
[2024-07-06T14:18:55.982+0000] {logging_mixin.py:150} INFO - [2024-07-06T14:18:55.981+0000] {dagbag.py:541} INFO - Filling up the DagBag from /opt/airflow/dags/dag_raw_to_dds.py
[2024-07-06T14:18:56.438+0000] {processor.py:836} INFO - DAG(s) dict_keys(['load_data_from_csv']) retrieved from /opt/airflow/dags/dag_raw_to_dds.py
[2024-07-06T14:18:56.455+0000] {logging_mixin.py:150} INFO - [2024-07-06T14:18:56.455+0000] {dag.py:2742} INFO - Sync 1 DAGs
[2024-07-06T14:18:56.471+0000] {logging_mixin.py:150} INFO - [2024-07-06T14:18:56.471+0000] {dag.py:3508} INFO - Setting next_dagrun for load_data_from_csv to 2024-07-06T14:17:00+00:00, run_after=2024-07-06T14:18:00+00:00
[2024-07-06T14:18:56.486+0000] {processor.py:179} INFO - Processing /opt/airflow/dags/dag_raw_to_dds.py took 0.511 seconds
[2024-07-06T14:19:27.105+0000] {processor.py:157} INFO - Started process (PID=1139) to work on /opt/airflow/dags/dag_raw_to_dds.py
[2024-07-06T14:19:27.108+0000] {processor.py:826} INFO - Processing file /opt/airflow/dags/dag_raw_to_dds.py for tasks to queue
[2024-07-06T14:19:27.110+0000] {logging_mixin.py:150} INFO - [2024-07-06T14:19:27.109+0000] {dagbag.py:541} INFO - Filling up the DagBag from /opt/airflow/dags/dag_raw_to_dds.py
[2024-07-06T14:19:27.554+0000] {processor.py:836} INFO - DAG(s) dict_keys(['load_data_from_csv']) retrieved from /opt/airflow/dags/dag_raw_to_dds.py
[2024-07-06T14:19:27.574+0000] {logging_mixin.py:150} INFO - [2024-07-06T14:19:27.573+0000] {dag.py:2742} INFO - Sync 1 DAGs
[2024-07-06T14:19:27.592+0000] {logging_mixin.py:150} INFO - [2024-07-06T14:19:27.591+0000] {dag.py:3508} INFO - Setting next_dagrun for load_data_from_csv to 2024-07-06T14:18:00+00:00, run_after=2024-07-06T14:19:00+00:00
[2024-07-06T14:19:27.603+0000] {processor.py:179} INFO - Processing /opt/airflow/dags/dag_raw_to_dds.py took 0.503 seconds
[2024-07-06T14:19:57.715+0000] {processor.py:157} INFO - Started process (PID=1205) to work on /opt/airflow/dags/dag_raw_to_dds.py
[2024-07-06T14:19:57.716+0000] {processor.py:826} INFO - Processing file /opt/airflow/dags/dag_raw_to_dds.py for tasks to queue
[2024-07-06T14:19:57.718+0000] {logging_mixin.py:150} INFO - [2024-07-06T14:19:57.717+0000] {dagbag.py:541} INFO - Filling up the DagBag from /opt/airflow/dags/dag_raw_to_dds.py
[2024-07-06T14:19:58.065+0000] {processor.py:836} INFO - DAG(s) dict_keys(['load_data_from_csv']) retrieved from /opt/airflow/dags/dag_raw_to_dds.py
[2024-07-06T14:19:58.082+0000] {logging_mixin.py:150} INFO - [2024-07-06T14:19:58.081+0000] {dag.py:2742} INFO - Sync 1 DAGs
[2024-07-06T14:19:58.097+0000] {logging_mixin.py:150} INFO - [2024-07-06T14:19:58.097+0000] {dag.py:3508} INFO - Setting next_dagrun for load_data_from_csv to 2024-07-06T14:18:00+00:00, run_after=2024-07-06T14:19:00+00:00
[2024-07-06T14:19:58.107+0000] {processor.py:179} INFO - Processing /opt/airflow/dags/dag_raw_to_dds.py took 0.396 seconds
[2024-07-06T14:20:28.163+0000] {processor.py:157} INFO - Started process (PID=1267) to work on /opt/airflow/dags/dag_raw_to_dds.py
[2024-07-06T14:20:28.165+0000] {processor.py:826} INFO - Processing file /opt/airflow/dags/dag_raw_to_dds.py for tasks to queue
[2024-07-06T14:20:28.166+0000] {logging_mixin.py:150} INFO - [2024-07-06T14:20:28.166+0000] {dagbag.py:541} INFO - Filling up the DagBag from /opt/airflow/dags/dag_raw_to_dds.py
[2024-07-06T14:20:28.535+0000] {processor.py:836} INFO - DAG(s) dict_keys(['load_data_from_csv']) retrieved from /opt/airflow/dags/dag_raw_to_dds.py
[2024-07-06T14:20:28.554+0000] {logging_mixin.py:150} INFO - [2024-07-06T14:20:28.553+0000] {dag.py:2742} INFO - Sync 1 DAGs
[2024-07-06T14:20:28.568+0000] {logging_mixin.py:150} INFO - [2024-07-06T14:20:28.568+0000] {dag.py:3508} INFO - Setting next_dagrun for load_data_from_csv to 2024-07-06T14:19:00+00:00, run_after=2024-07-06T14:20:00+00:00
[2024-07-06T14:20:28.579+0000] {processor.py:179} INFO - Processing /opt/airflow/dags/dag_raw_to_dds.py took 0.419 seconds
[2024-07-06T14:20:58.746+0000] {processor.py:157} INFO - Started process (PID=1330) to work on /opt/airflow/dags/dag_raw_to_dds.py
[2024-07-06T14:20:58.749+0000] {processor.py:826} INFO - Processing file /opt/airflow/dags/dag_raw_to_dds.py for tasks to queue
[2024-07-06T14:20:58.750+0000] {logging_mixin.py:150} INFO - [2024-07-06T14:20:58.750+0000] {dagbag.py:541} INFO - Filling up the DagBag from /opt/airflow/dags/dag_raw_to_dds.py
[2024-07-06T14:20:59.225+0000] {processor.py:836} INFO - DAG(s) dict_keys(['load_data_from_csv']) retrieved from /opt/airflow/dags/dag_raw_to_dds.py
[2024-07-06T14:20:59.243+0000] {logging_mixin.py:150} INFO - [2024-07-06T14:20:59.242+0000] {dag.py:2742} INFO - Sync 1 DAGs
[2024-07-06T14:20:59.262+0000] {logging_mixin.py:150} INFO - [2024-07-06T14:20:59.262+0000] {dag.py:3508} INFO - Setting next_dagrun for load_data_from_csv to 2024-07-06T14:19:00+00:00, run_after=2024-07-06T14:20:00+00:00
[2024-07-06T14:20:59.275+0000] {processor.py:179} INFO - Processing /opt/airflow/dags/dag_raw_to_dds.py took 0.533 seconds
[2024-07-06T14:21:29.509+0000] {processor.py:157} INFO - Started process (PID=1395) to work on /opt/airflow/dags/dag_raw_to_dds.py
[2024-07-06T14:21:29.511+0000] {processor.py:826} INFO - Processing file /opt/airflow/dags/dag_raw_to_dds.py for tasks to queue
[2024-07-06T14:21:29.513+0000] {logging_mixin.py:150} INFO - [2024-07-06T14:21:29.513+0000] {dagbag.py:541} INFO - Filling up the DagBag from /opt/airflow/dags/dag_raw_to_dds.py
[2024-07-06T14:21:30.030+0000] {processor.py:836} INFO - DAG(s) dict_keys(['load_data_from_csv']) retrieved from /opt/airflow/dags/dag_raw_to_dds.py
[2024-07-06T14:21:30.051+0000] {logging_mixin.py:150} INFO - [2024-07-06T14:21:30.050+0000] {dag.py:2742} INFO - Sync 1 DAGs
[2024-07-06T14:21:30.069+0000] {logging_mixin.py:150} INFO - [2024-07-06T14:21:30.069+0000] {dag.py:3508} INFO - Setting next_dagrun for load_data_from_csv to 2024-07-06T14:20:00+00:00, run_after=2024-07-06T14:21:00+00:00
[2024-07-06T14:21:30.080+0000] {processor.py:179} INFO - Processing /opt/airflow/dags/dag_raw_to_dds.py took 0.575 seconds
[2024-07-06T14:22:01.066+0000] {processor.py:157} INFO - Started process (PID=1462) to work on /opt/airflow/dags/dag_raw_to_dds.py
[2024-07-06T14:22:01.074+0000] {processor.py:826} INFO - Processing file /opt/airflow/dags/dag_raw_to_dds.py for tasks to queue
[2024-07-06T14:22:01.078+0000] {logging_mixin.py:150} INFO - [2024-07-06T14:22:01.078+0000] {dagbag.py:541} INFO - Filling up the DagBag from /opt/airflow/dags/dag_raw_to_dds.py
[2024-07-06T14:22:01.912+0000] {processor.py:836} INFO - DAG(s) dict_keys(['load_data_from_csv']) retrieved from /opt/airflow/dags/dag_raw_to_dds.py
[2024-07-06T14:22:01.951+0000] {logging_mixin.py:150} INFO - [2024-07-06T14:22:01.951+0000] {dag.py:2742} INFO - Sync 1 DAGs
[2024-07-06T14:22:01.968+0000] {logging_mixin.py:150} INFO - [2024-07-06T14:22:01.968+0000] {dag.py:3508} INFO - Setting next_dagrun for load_data_from_csv to 2024-07-06T14:21:00+00:00, run_after=2024-07-06T14:22:00+00:00
[2024-07-06T14:22:01.981+0000] {processor.py:179} INFO - Processing /opt/airflow/dags/dag_raw_to_dds.py took 0.922 seconds
[2024-07-06T14:22:32.478+0000] {processor.py:157} INFO - Started process (PID=1525) to work on /opt/airflow/dags/dag_raw_to_dds.py
[2024-07-06T14:22:32.480+0000] {processor.py:826} INFO - Processing file /opt/airflow/dags/dag_raw_to_dds.py for tasks to queue
[2024-07-06T14:22:32.482+0000] {logging_mixin.py:150} INFO - [2024-07-06T14:22:32.481+0000] {dagbag.py:541} INFO - Filling up the DagBag from /opt/airflow/dags/dag_raw_to_dds.py
[2024-07-06T14:22:32.926+0000] {processor.py:836} INFO - DAG(s) dict_keys(['load_data_from_csv']) retrieved from /opt/airflow/dags/dag_raw_to_dds.py
[2024-07-06T14:22:32.951+0000] {logging_mixin.py:150} INFO - [2024-07-06T14:22:32.951+0000] {dag.py:2742} INFO - Sync 1 DAGs
[2024-07-06T14:22:32.968+0000] {logging_mixin.py:150} INFO - [2024-07-06T14:22:32.968+0000] {dag.py:3508} INFO - Setting next_dagrun for load_data_from_csv to 2024-07-06T14:21:00+00:00, run_after=2024-07-06T14:22:00+00:00
[2024-07-06T14:22:32.980+0000] {processor.py:179} INFO - Processing /opt/airflow/dags/dag_raw_to_dds.py took 0.507 seconds
[2024-07-06T14:23:03.736+0000] {processor.py:157} INFO - Started process (PID=1588) to work on /opt/airflow/dags/dag_raw_to_dds.py
[2024-07-06T14:23:03.740+0000] {processor.py:826} INFO - Processing file /opt/airflow/dags/dag_raw_to_dds.py for tasks to queue
[2024-07-06T14:23:03.742+0000] {logging_mixin.py:150} INFO - [2024-07-06T14:23:03.741+0000] {dagbag.py:541} INFO - Filling up the DagBag from /opt/airflow/dags/dag_raw_to_dds.py
[2024-07-06T14:23:04.148+0000] {processor.py:836} INFO - DAG(s) dict_keys(['load_data_from_csv']) retrieved from /opt/airflow/dags/dag_raw_to_dds.py
[2024-07-06T14:23:04.171+0000] {logging_mixin.py:150} INFO - [2024-07-06T14:23:04.171+0000] {dag.py:2742} INFO - Sync 1 DAGs
[2024-07-06T14:23:04.195+0000] {logging_mixin.py:150} INFO - [2024-07-06T14:23:04.195+0000] {dag.py:3508} INFO - Setting next_dagrun for load_data_from_csv to 2024-07-06T14:22:00+00:00, run_after=2024-07-06T14:23:00+00:00
[2024-07-06T14:23:04.208+0000] {processor.py:179} INFO - Processing /opt/airflow/dags/dag_raw_to_dds.py took 0.478 seconds
[2024-07-06T14:23:35.118+0000] {processor.py:157} INFO - Started process (PID=1658) to work on /opt/airflow/dags/dag_raw_to_dds.py
[2024-07-06T14:23:35.121+0000] {processor.py:826} INFO - Processing file /opt/airflow/dags/dag_raw_to_dds.py for tasks to queue
[2024-07-06T14:23:35.126+0000] {logging_mixin.py:150} INFO - [2024-07-06T14:23:35.126+0000] {dagbag.py:541} INFO - Filling up the DagBag from /opt/airflow/dags/dag_raw_to_dds.py
[2024-07-06T14:23:35.474+0000] {processor.py:836} INFO - DAG(s) dict_keys(['load_data_from_csv']) retrieved from /opt/airflow/dags/dag_raw_to_dds.py
[2024-07-06T14:23:35.492+0000] {logging_mixin.py:150} INFO - [2024-07-06T14:23:35.491+0000] {dag.py:2742} INFO - Sync 1 DAGs
[2024-07-06T14:23:35.508+0000] {logging_mixin.py:150} INFO - [2024-07-06T14:23:35.508+0000] {dag.py:3508} INFO - Setting next_dagrun for load_data_from_csv to 2024-07-06T14:22:00+00:00, run_after=2024-07-06T14:23:00+00:00
[2024-07-06T14:23:35.520+0000] {processor.py:179} INFO - Processing /opt/airflow/dags/dag_raw_to_dds.py took 0.404 seconds
[2024-07-06T14:24:06.532+0000] {processor.py:157} INFO - Started process (PID=1721) to work on /opt/airflow/dags/dag_raw_to_dds.py
[2024-07-06T14:24:06.534+0000] {processor.py:826} INFO - Processing file /opt/airflow/dags/dag_raw_to_dds.py for tasks to queue
[2024-07-06T14:24:06.537+0000] {logging_mixin.py:150} INFO - [2024-07-06T14:24:06.537+0000] {dagbag.py:541} INFO - Filling up the DagBag from /opt/airflow/dags/dag_raw_to_dds.py
[2024-07-06T14:24:06.951+0000] {processor.py:836} INFO - DAG(s) dict_keys(['load_data_from_csv']) retrieved from /opt/airflow/dags/dag_raw_to_dds.py
[2024-07-06T14:24:06.970+0000] {logging_mixin.py:150} INFO - [2024-07-06T14:24:06.970+0000] {dag.py:2742} INFO - Sync 1 DAGs
[2024-07-06T14:24:06.986+0000] {logging_mixin.py:150} INFO - [2024-07-06T14:24:06.986+0000] {dag.py:3508} INFO - Setting next_dagrun for load_data_from_csv to 2024-07-06T14:23:00+00:00, run_after=2024-07-06T14:24:00+00:00
[2024-07-06T14:24:06.998+0000] {processor.py:179} INFO - Processing /opt/airflow/dags/dag_raw_to_dds.py took 0.471 seconds
[2024-07-06T14:24:38.036+0000] {processor.py:157} INFO - Started process (PID=1784) to work on /opt/airflow/dags/dag_raw_to_dds.py
[2024-07-06T14:24:38.039+0000] {processor.py:826} INFO - Processing file /opt/airflow/dags/dag_raw_to_dds.py for tasks to queue
[2024-07-06T14:24:38.042+0000] {logging_mixin.py:150} INFO - [2024-07-06T14:24:38.042+0000] {dagbag.py:541} INFO - Filling up the DagBag from /opt/airflow/dags/dag_raw_to_dds.py
[2024-07-06T14:24:38.576+0000] {processor.py:836} INFO - DAG(s) dict_keys(['load_data_from_csv']) retrieved from /opt/airflow/dags/dag_raw_to_dds.py
[2024-07-06T14:24:38.601+0000] {logging_mixin.py:150} INFO - [2024-07-06T14:24:38.600+0000] {dag.py:2742} INFO - Sync 1 DAGs
[2024-07-06T14:24:38.625+0000] {logging_mixin.py:150} INFO - [2024-07-06T14:24:38.625+0000] {dag.py:3508} INFO - Setting next_dagrun for load_data_from_csv to 2024-07-06T14:23:00+00:00, run_after=2024-07-06T14:24:00+00:00
[2024-07-06T14:24:38.638+0000] {processor.py:179} INFO - Processing /opt/airflow/dags/dag_raw_to_dds.py took 0.612 seconds
[2024-07-06T14:25:09.074+0000] {processor.py:157} INFO - Started process (PID=1848) to work on /opt/airflow/dags/dag_raw_to_dds.py
[2024-07-06T14:25:09.077+0000] {processor.py:826} INFO - Processing file /opt/airflow/dags/dag_raw_to_dds.py for tasks to queue
[2024-07-06T14:25:09.079+0000] {logging_mixin.py:150} INFO - [2024-07-06T14:25:09.079+0000] {dagbag.py:541} INFO - Filling up the DagBag from /opt/airflow/dags/dag_raw_to_dds.py
[2024-07-06T14:25:09.615+0000] {processor.py:836} INFO - DAG(s) dict_keys(['load_data_from_csv']) retrieved from /opt/airflow/dags/dag_raw_to_dds.py
[2024-07-06T14:25:09.657+0000] {logging_mixin.py:150} INFO - [2024-07-06T14:25:09.657+0000] {dag.py:2742} INFO - Sync 1 DAGs
[2024-07-06T14:25:09.685+0000] {logging_mixin.py:150} INFO - [2024-07-06T14:25:09.685+0000] {dag.py:3508} INFO - Setting next_dagrun for load_data_from_csv to 2024-07-06T14:24:00+00:00, run_after=2024-07-06T14:25:00+00:00
[2024-07-06T14:25:09.703+0000] {processor.py:179} INFO - Processing /opt/airflow/dags/dag_raw_to_dds.py took 0.636 seconds
[2024-07-06T14:25:40.394+0000] {processor.py:157} INFO - Started process (PID=1910) to work on /opt/airflow/dags/dag_raw_to_dds.py
[2024-07-06T14:25:40.398+0000] {processor.py:826} INFO - Processing file /opt/airflow/dags/dag_raw_to_dds.py for tasks to queue
[2024-07-06T14:25:40.400+0000] {logging_mixin.py:150} INFO - [2024-07-06T14:25:40.399+0000] {dagbag.py:541} INFO - Filling up the DagBag from /opt/airflow/dags/dag_raw_to_dds.py
[2024-07-06T14:25:41.007+0000] {processor.py:836} INFO - DAG(s) dict_keys(['load_data_from_csv']) retrieved from /opt/airflow/dags/dag_raw_to_dds.py
[2024-07-06T14:25:41.035+0000] {logging_mixin.py:150} INFO - [2024-07-06T14:25:41.034+0000] {dag.py:2742} INFO - Sync 1 DAGs
[2024-07-06T14:25:41.064+0000] {logging_mixin.py:150} INFO - [2024-07-06T14:25:41.063+0000] {dag.py:3508} INFO - Setting next_dagrun for load_data_from_csv to 2024-07-06T14:24:00+00:00, run_after=2024-07-06T14:25:00+00:00
[2024-07-06T14:25:41.086+0000] {processor.py:179} INFO - Processing /opt/airflow/dags/dag_raw_to_dds.py took 0.701 seconds
[2024-07-06T14:26:11.180+0000] {processor.py:157} INFO - Started process (PID=1975) to work on /opt/airflow/dags/dag_raw_to_dds.py
[2024-07-06T14:26:11.182+0000] {processor.py:826} INFO - Processing file /opt/airflow/dags/dag_raw_to_dds.py for tasks to queue
[2024-07-06T14:26:11.184+0000] {logging_mixin.py:150} INFO - [2024-07-06T14:26:11.183+0000] {dagbag.py:541} INFO - Filling up the DagBag from /opt/airflow/dags/dag_raw_to_dds.py
[2024-07-06T14:26:11.776+0000] {processor.py:836} INFO - DAG(s) dict_keys(['load_data_from_csv']) retrieved from /opt/airflow/dags/dag_raw_to_dds.py
[2024-07-06T14:26:11.811+0000] {logging_mixin.py:150} INFO - [2024-07-06T14:26:11.810+0000] {dag.py:2742} INFO - Sync 1 DAGs
[2024-07-06T14:26:11.836+0000] {logging_mixin.py:150} INFO - [2024-07-06T14:26:11.836+0000] {dag.py:3508} INFO - Setting next_dagrun for load_data_from_csv to 2024-07-06T14:25:00+00:00, run_after=2024-07-06T14:26:00+00:00
[2024-07-06T14:26:11.849+0000] {processor.py:179} INFO - Processing /opt/airflow/dags/dag_raw_to_dds.py took 0.674 seconds
[2024-07-06T14:26:42.140+0000] {processor.py:157} INFO - Started process (PID=2037) to work on /opt/airflow/dags/dag_raw_to_dds.py
[2024-07-06T14:26:42.146+0000] {processor.py:826} INFO - Processing file /opt/airflow/dags/dag_raw_to_dds.py for tasks to queue
[2024-07-06T14:26:42.149+0000] {logging_mixin.py:150} INFO - [2024-07-06T14:26:42.148+0000] {dagbag.py:541} INFO - Filling up the DagBag from /opt/airflow/dags/dag_raw_to_dds.py
[2024-07-06T14:26:43.038+0000] {processor.py:836} INFO - DAG(s) dict_keys(['load_data_from_csv']) retrieved from /opt/airflow/dags/dag_raw_to_dds.py
[2024-07-06T14:26:43.126+0000] {logging_mixin.py:150} INFO - [2024-07-06T14:26:43.123+0000] {dag.py:2742} INFO - Sync 1 DAGs
[2024-07-06T14:26:43.199+0000] {logging_mixin.py:150} INFO - [2024-07-06T14:26:43.198+0000] {dag.py:3508} INFO - Setting next_dagrun for load_data_from_csv to 2024-07-06T14:25:00+00:00, run_after=2024-07-06T14:26:00+00:00
[2024-07-06T14:26:43.217+0000] {processor.py:179} INFO - Processing /opt/airflow/dags/dag_raw_to_dds.py took 1.093 seconds
[2024-07-06T14:27:07.413+0000] {processor.py:157} INFO - Started process (PID=2099) to work on /opt/airflow/dags/dag_raw_to_dds.py
[2024-07-06T14:27:07.416+0000] {processor.py:826} INFO - Processing file /opt/airflow/dags/dag_raw_to_dds.py for tasks to queue
[2024-07-06T14:27:07.419+0000] {logging_mixin.py:150} INFO - [2024-07-06T14:27:07.418+0000] {dagbag.py:541} INFO - Filling up the DagBag from /opt/airflow/dags/dag_raw_to_dds.py
[2024-07-06T14:27:08.104+0000] {processor.py:836} INFO - DAG(s) dict_keys(['load_data_from_csv']) retrieved from /opt/airflow/dags/dag_raw_to_dds.py
[2024-07-06T14:27:08.184+0000] {logging_mixin.py:150} INFO - [2024-07-06T14:27:08.184+0000] {dag.py:2742} INFO - Sync 1 DAGs
[2024-07-06T14:27:08.201+0000] {logging_mixin.py:150} INFO - [2024-07-06T14:27:08.200+0000] {dag.py:3508} INFO - Setting next_dagrun for load_data_from_csv to 2024-07-06T14:26:00+00:00, run_after=2024-07-06T14:27:00+00:00
[2024-07-06T14:27:08.217+0000] {processor.py:179} INFO - Processing /opt/airflow/dags/dag_raw_to_dds.py took 0.812 seconds
[2024-07-06T14:27:38.666+0000] {processor.py:157} INFO - Started process (PID=2162) to work on /opt/airflow/dags/dag_raw_to_dds.py
[2024-07-06T14:27:38.669+0000] {processor.py:826} INFO - Processing file /opt/airflow/dags/dag_raw_to_dds.py for tasks to queue
[2024-07-06T14:27:38.671+0000] {logging_mixin.py:150} INFO - [2024-07-06T14:27:38.671+0000] {dagbag.py:541} INFO - Filling up the DagBag from /opt/airflow/dags/dag_raw_to_dds.py
[2024-07-06T14:27:39.032+0000] {processor.py:836} INFO - DAG(s) dict_keys(['load_data_from_csv']) retrieved from /opt/airflow/dags/dag_raw_to_dds.py
[2024-07-06T14:27:39.049+0000] {logging_mixin.py:150} INFO - [2024-07-06T14:27:39.049+0000] {dag.py:2742} INFO - Sync 1 DAGs
[2024-07-06T14:27:39.066+0000] {logging_mixin.py:150} INFO - [2024-07-06T14:27:39.066+0000] {dag.py:3508} INFO - Setting next_dagrun for load_data_from_csv to 2024-07-06T14:26:00+00:00, run_after=2024-07-06T14:27:00+00:00
[2024-07-06T14:27:39.078+0000] {processor.py:179} INFO - Processing /opt/airflow/dags/dag_raw_to_dds.py took 0.416 seconds
[2024-07-06T14:27:48.527+0000] {processor.py:157} INFO - Started process (PID=2172) to work on /opt/airflow/dags/dag_raw_to_dds.py
[2024-07-06T14:27:48.530+0000] {processor.py:826} INFO - Processing file /opt/airflow/dags/dag_raw_to_dds.py for tasks to queue
[2024-07-06T14:27:48.534+0000] {logging_mixin.py:150} INFO - [2024-07-06T14:27:48.533+0000] {dagbag.py:541} INFO - Filling up the DagBag from /opt/airflow/dags/dag_raw_to_dds.py
[2024-07-06T14:27:49.208+0000] {processor.py:836} INFO - DAG(s) dict_keys(['load_data_from_csv']) retrieved from /opt/airflow/dags/dag_raw_to_dds.py
[2024-07-06T14:27:49.242+0000] {logging_mixin.py:150} INFO - [2024-07-06T14:27:49.241+0000] {dag.py:2742} INFO - Sync 1 DAGs
[2024-07-06T14:27:49.260+0000] {logging_mixin.py:150} INFO - [2024-07-06T14:27:49.260+0000] {dag.py:3508} INFO - Setting next_dagrun for load_data_from_csv to 2024-07-06T14:26:00+00:00, run_after=2024-07-06T14:27:00+00:00
[2024-07-06T14:27:49.275+0000] {processor.py:179} INFO - Processing /opt/airflow/dags/dag_raw_to_dds.py took 0.754 seconds
[2024-07-06T14:28:19.763+0000] {processor.py:157} INFO - Started process (PID=2235) to work on /opt/airflow/dags/dag_raw_to_dds.py
[2024-07-06T14:28:19.767+0000] {processor.py:826} INFO - Processing file /opt/airflow/dags/dag_raw_to_dds.py for tasks to queue
[2024-07-06T14:28:19.770+0000] {logging_mixin.py:150} INFO - [2024-07-06T14:28:19.769+0000] {dagbag.py:541} INFO - Filling up the DagBag from /opt/airflow/dags/dag_raw_to_dds.py
[2024-07-06T14:28:20.390+0000] {processor.py:836} INFO - DAG(s) dict_keys(['load_data_from_csv']) retrieved from /opt/airflow/dags/dag_raw_to_dds.py
[2024-07-06T14:28:20.418+0000] {logging_mixin.py:150} INFO - [2024-07-06T14:28:20.418+0000] {dag.py:2742} INFO - Sync 1 DAGs
[2024-07-06T14:28:20.437+0000] {logging_mixin.py:150} INFO - [2024-07-06T14:28:20.436+0000] {dag.py:3508} INFO - Setting next_dagrun for load_data_from_csv to 2024-07-06T14:27:00+00:00, run_after=2024-07-06T14:28:00+00:00
[2024-07-06T14:28:20.451+0000] {processor.py:179} INFO - Processing /opt/airflow/dags/dag_raw_to_dds.py took 0.698 seconds
[2024-07-06T14:28:24.456+0000] {processor.py:157} INFO - Started process (PID=2240) to work on /opt/airflow/dags/dag_raw_to_dds.py
[2024-07-06T14:28:24.460+0000] {processor.py:826} INFO - Processing file /opt/airflow/dags/dag_raw_to_dds.py for tasks to queue
[2024-07-06T14:28:24.464+0000] {logging_mixin.py:150} INFO - [2024-07-06T14:28:24.463+0000] {dagbag.py:541} INFO - Filling up the DagBag from /opt/airflow/dags/dag_raw_to_dds.py
[2024-07-06T14:28:25.161+0000] {processor.py:836} INFO - DAG(s) dict_keys(['load_data_from_csv']) retrieved from /opt/airflow/dags/dag_raw_to_dds.py
[2024-07-06T14:28:25.266+0000] {logging_mixin.py:150} INFO - [2024-07-06T14:28:25.266+0000] {dag.py:2742} INFO - Sync 1 DAGs
[2024-07-06T14:28:25.290+0000] {logging_mixin.py:150} INFO - [2024-07-06T14:28:25.290+0000] {dag.py:3508} INFO - Setting next_dagrun for load_data_from_csv to 2024-07-06T13:05:00+00:00, run_after=2024-07-06T14:05:00+00:00
[2024-07-06T14:28:25.308+0000] {processor.py:179} INFO - Processing /opt/airflow/dags/dag_raw_to_dds.py took 0.861 seconds
[2024-07-06T14:28:55.606+0000] {processor.py:157} INFO - Started process (PID=2303) to work on /opt/airflow/dags/dag_raw_to_dds.py
[2024-07-06T14:28:55.609+0000] {processor.py:826} INFO - Processing file /opt/airflow/dags/dag_raw_to_dds.py for tasks to queue
[2024-07-06T14:28:55.611+0000] {logging_mixin.py:150} INFO - [2024-07-06T14:28:55.611+0000] {dagbag.py:541} INFO - Filling up the DagBag from /opt/airflow/dags/dag_raw_to_dds.py
[2024-07-06T14:28:56.072+0000] {processor.py:836} INFO - DAG(s) dict_keys(['load_data_from_csv']) retrieved from /opt/airflow/dags/dag_raw_to_dds.py
[2024-07-06T14:28:56.103+0000] {logging_mixin.py:150} INFO - [2024-07-06T14:28:56.103+0000] {dag.py:2742} INFO - Sync 1 DAGs
[2024-07-06T14:28:56.130+0000] {logging_mixin.py:150} INFO - [2024-07-06T14:28:56.129+0000] {dag.py:3508} INFO - Setting next_dagrun for load_data_from_csv to 2024-07-06T13:05:00+00:00, run_after=2024-07-06T14:05:00+00:00
[2024-07-06T14:28:56.142+0000] {processor.py:179} INFO - Processing /opt/airflow/dags/dag_raw_to_dds.py took 0.543 seconds
[2024-07-06T14:29:26.427+0000] {processor.py:157} INFO - Started process (PID=2366) to work on /opt/airflow/dags/dag_raw_to_dds.py
[2024-07-06T14:29:26.430+0000] {processor.py:826} INFO - Processing file /opt/airflow/dags/dag_raw_to_dds.py for tasks to queue
[2024-07-06T14:29:26.432+0000] {logging_mixin.py:150} INFO - [2024-07-06T14:29:26.431+0000] {dagbag.py:541} INFO - Filling up the DagBag from /opt/airflow/dags/dag_raw_to_dds.py
[2024-07-06T14:29:26.989+0000] {processor.py:836} INFO - DAG(s) dict_keys(['load_data_from_csv']) retrieved from /opt/airflow/dags/dag_raw_to_dds.py
[2024-07-06T14:29:27.026+0000] {logging_mixin.py:150} INFO - [2024-07-06T14:29:27.025+0000] {dag.py:2742} INFO - Sync 1 DAGs
[2024-07-06T14:29:27.048+0000] {logging_mixin.py:150} INFO - [2024-07-06T14:29:27.048+0000] {dag.py:3508} INFO - Setting next_dagrun for load_data_from_csv to 2024-07-06T14:05:00+00:00, run_after=2024-07-06T15:05:00+00:00
[2024-07-06T14:29:27.063+0000] {processor.py:179} INFO - Processing /opt/airflow/dags/dag_raw_to_dds.py took 0.639 seconds
[2024-07-06T14:29:57.514+0000] {processor.py:157} INFO - Started process (PID=2433) to work on /opt/airflow/dags/dag_raw_to_dds.py
[2024-07-06T14:29:57.518+0000] {processor.py:826} INFO - Processing file /opt/airflow/dags/dag_raw_to_dds.py for tasks to queue
[2024-07-06T14:29:57.524+0000] {logging_mixin.py:150} INFO - [2024-07-06T14:29:57.523+0000] {dagbag.py:541} INFO - Filling up the DagBag from /opt/airflow/dags/dag_raw_to_dds.py
[2024-07-06T14:29:58.042+0000] {processor.py:836} INFO - DAG(s) dict_keys(['load_data_from_csv']) retrieved from /opt/airflow/dags/dag_raw_to_dds.py
[2024-07-06T14:29:58.066+0000] {logging_mixin.py:150} INFO - [2024-07-06T14:29:58.066+0000] {dag.py:2742} INFO - Sync 1 DAGs
[2024-07-06T14:29:58.094+0000] {logging_mixin.py:150} INFO - [2024-07-06T14:29:58.094+0000] {dag.py:3508} INFO - Setting next_dagrun for load_data_from_csv to 2024-07-06T14:05:00+00:00, run_after=2024-07-06T15:05:00+00:00
[2024-07-06T14:29:58.108+0000] {processor.py:179} INFO - Processing /opt/airflow/dags/dag_raw_to_dds.py took 0.601 seconds
[2024-07-06T14:30:28.343+0000] {processor.py:157} INFO - Started process (PID=2496) to work on /opt/airflow/dags/dag_raw_to_dds.py
[2024-07-06T14:30:28.347+0000] {processor.py:826} INFO - Processing file /opt/airflow/dags/dag_raw_to_dds.py for tasks to queue
[2024-07-06T14:30:28.349+0000] {logging_mixin.py:150} INFO - [2024-07-06T14:30:28.349+0000] {dagbag.py:541} INFO - Filling up the DagBag from /opt/airflow/dags/dag_raw_to_dds.py
[2024-07-06T14:30:28.864+0000] {processor.py:836} INFO - DAG(s) dict_keys(['load_data_from_csv']) retrieved from /opt/airflow/dags/dag_raw_to_dds.py
[2024-07-06T14:30:28.881+0000] {logging_mixin.py:150} INFO - [2024-07-06T14:30:28.880+0000] {dag.py:2742} INFO - Sync 1 DAGs
[2024-07-06T14:30:28.896+0000] {logging_mixin.py:150} INFO - [2024-07-06T14:30:28.896+0000] {dag.py:3508} INFO - Setting next_dagrun for load_data_from_csv to 2024-07-06T14:05:00+00:00, run_after=2024-07-06T15:05:00+00:00
[2024-07-06T14:30:28.907+0000] {processor.py:179} INFO - Processing /opt/airflow/dags/dag_raw_to_dds.py took 0.573 seconds
